core.init: Mini-Rosetta version 40577 from https://svn.rosettacommons.org/source/branches/releases/rosetta-3.2/rosetta_source
core.init: command: /netapp/home/colin/rosetta/rosetta-3.2/rosetta_source/bin/sequence_tolerance.linuxgccrelease -database /netapp/home/colin/rosetta/rosetta-3.2/rosetta_database -s 2I0L_A_C_V2006_0014_low.pdb -ex1 -ex2 -extrachi_cutoff 0 -seq_tol:fitness_master_weights 1 1 1 2 -ms:generations 5 -ms:pop_size 2000 -ms:pop_from_ss 1 -ms:checkpoint:prefix 2I0L_A_C_V2006_0014 -ms:checkpoint:interval 200 -ms:checkpoint:gz -ms:numresults 0 -out:prefix 2I0L_A_C_V2006_0014 -score:weights standard -score:patch score12 -score:ref_offsets HIS 1.2 -resfile /netapp/home/colin/backrub_seqtol/input_files/2I0L_A_C_V2006/2I0L_A_C_V2006_seqtol.resfile
core.init: 'RNG device' seed mode, using '/dev/urandom', seed=560370560 seed_offset=0 real_seed=560370560
core.init.random: RandomGenerator:init: Normal mode, seed=560370560 RG_type=mt19937
core.pack.task: Packer task: initialize from command line() 
core.pack.task: Packer task: initialize from command line() 
core.scoring.ScoreFunctionFactory: SCOREFUNCTION: standard
core.scoring.ScoreFunctionFactory: SCOREFUNCTION PATCH: score12
core.scoring.etable: Starting energy table calculation
core.scoring.etable: smooth_etable: changing atr/rep split to bottom of energy well
core.scoring.etable: smooth_etable: spline smoothing lj etables (maxdis = 6)
core.scoring.etable: smooth_etable: spline smoothing solvation etables (max_dis = 6)
core.scoring.etable: Finished calculating energy tables.
core.io.database: Database file opened: /netapp/home/colin/rosetta/rosetta-3.2/rosetta_database/pdb_pair_stats_fine
core.io.database: Database file opened: /netapp/home/colin/rosetta/rosetta-3.2/rosetta_database/scoring/score_functions/hbonds/standard_params/HBPoly1D.csv
core.io.database: Database file opened: /netapp/home/colin/rosetta/rosetta-3.2/rosetta_database/scoring/score_functions/hbonds/standard_params/HBFadeIntervals.csv
core.io.database: Database file opened: /netapp/home/colin/rosetta/rosetta-3.2/rosetta_database/scoring/score_functions/hbonds/standard_params/HBEval.csv
core.io.database: Database file opened: /netapp/home/colin/rosetta/rosetta-3.2/rosetta_database/P_AA
core.io.database: Database file opened: /netapp/home/colin/rosetta/rosetta-3.2/rosetta_database/P_AA_n
core.io.database: Database file opened: /netapp/home/colin/rosetta/rosetta-3.2/rosetta_database/P_AA_pp
core.io.database: Database file opened: /netapp/home/colin/rosetta/rosetta-3.2/rosetta_database/Rama_smooth_dyn.dat_ss_6.4
core.scoring.dunbrack: Dunbrack library took 0.02 seconds to load from binary
app.sequence_tolerance: Residue Decomposition: [Set 1 (A): [1, 2, 3, 4, 5, 6, 7, 8, 9, 10, 11, 12, 13, 14, 15, 16, 17, 18, 19, 20, 21, 22, 23, 24, 25, 26, 27, 28, 29, 30, 31, 32, 33, 34, 35, 36, 37, 38, 39, 40, 41, 42, 43, 44, 45, 46, 47, 48, 49, 50, 51, 52, 53, 54, 55, 56, 57, 58, 59, 60, 61, 62, 63, 64, 65, 66, 67, 68, 69, 70, 71, 72, 73, 74, 75, 76, 77, 78, 79, 80, 81, 82, 83], Set 2 (B): [84, 85, 86, 87, 88, 89]]
app.sequence_tolerance: Fitness Function Master Weights: [1, 1, 1, 2]
app.sequence_tolerance: Fitness of Starting Structure: 
---------------------------------------------------------------------
Score Type                  Other        A        B      A-B    Total
---------------------------------------------------------------------
fa_atr                      0.000 -228.281   -4.460  -39.472 -272.213
fa_rep                      0.000   42.833    0.267    3.612   46.712
fa_sol                      0.000  109.227    3.109   24.116  136.451
fa_intra_rep                0.000    0.720    0.056    0.000    0.776
pro_close                   0.000    1.746    0.000    0.000    1.746
fa_pair                     0.000   -2.239   -0.488   -1.773   -4.500
hbond_sr_bb               -10.109    0.000    0.000    0.000  -10.109
hbond_lr_bb               -24.678    0.000    0.000    0.000  -24.678
hbond_bb_sc                 0.000   -2.521    0.000   -0.840   -3.360
hbond_sc                    0.000    0.000    0.000   -0.360   -0.360
dslf_ss_dst                 0.000    0.000    0.000    0.000    0.000
dslf_cs_ang                 0.000    0.000    0.000    0.000    0.000
dslf_ss_dih                 0.000    0.000    0.000    0.000    0.000
dslf_ca_dih                 0.000    0.000    0.000    0.000    0.000
rama                        0.000    8.050    0.013    0.000    8.063
omega                       0.000    1.582    0.210    0.000    1.792
fa_dun                      0.000   61.997    6.966    0.000   68.962
p_aa_pp                     0.000  -13.420   -0.019    0.000  -13.439
ref                         0.000   -9.910   -3.720    0.000  -13.630
---------------------------------------------------------------------
Total                     -34.787  -30.216    1.933  -14.717  -77.787

core.pack.interaction_graph.interaction_graph_factory: Instantiating PDInteractionGraph
core.pack.pack_rotamers: built 9514 rotamers at 33 positions.
core.pack.pack_rotamers: IG: 125702188 bytes
app.sequence_tolerance: There are 1 positive states and 0 negative states
protocols.multistate_design.MultiStatePacker: Best single-state design score:   -94.37
app.sequence_tolerance: Adding single-state design entities:
app.sequence_tolerance: AA:85:Y AA:86:L AA:87:Q AA:88:W AA:89:I 
app.sequence_tolerance: Generation 1:
app.sequence_tolerance: Distinct new entities: 2000
app.sequence_tolerance: Duplicate new entities: 0
app.sequence_tolerance: Entities from previous generation: 0
app.sequence_tolerance: Entities resurrected from earlier generations: 0
app.sequence_tolerance: Fitness Percentiles: 0%=-94.3722 25%=-80.5622 50%=-70.3671 75%=73.8463 100%=1304.01
app.sequence_tolerance: Best new entity:
MultiStateEntity with traits: AA:85:Y AA:86:L AA:87:Q AA:88:W AA:89:I and fitness -94.372
 SingleState 1 with fitness: -94.3722
app.sequence_tolerance: Generation 2:
app.sequence_tolerance: Distinct new entities: 1924
app.sequence_tolerance: Duplicate new entities: 4
app.sequence_tolerance: Entities from previous generation: 72
app.sequence_tolerance: Entities resurrected from earlier generations: 0
app.sequence_tolerance: Fitness Percentiles: 0%=-94.3722 25%=-82.1624 50%=-78.7531 75%=-44.5613 100%=1304.45
app.sequence_tolerance: Best new entity:
MultiStateEntity with traits: AA:85:Y AA:86:L AA:87:K AA:88:W AA:89:I and fitness -92.944
 SingleState 1 with fitness: -92.9441
app.sequence_tolerance: Generation 3:
app.sequence_tolerance: Distinct new entities: 1906
app.sequence_tolerance: Duplicate new entities: 3
app.sequence_tolerance: Entities from previous generation: 82
app.sequence_tolerance: Entities resurrected from earlier generations: 9
app.sequence_tolerance: Fitness Percentiles: 0%=-94.3722 25%=-83.1869 50%=-80.3877 75%=-74.694 100%=1310.2
app.sequence_tolerance: Best new entity:
MultiStateEntity with traits: AA:85:Y AA:86:V AA:87:T AA:88:W AA:89:I and fitness -93.011
 SingleState 1 with fitness: -93.0113
app.sequence_tolerance: Generation 4:
app.sequence_tolerance: Distinct new entities: 1902
app.sequence_tolerance: Duplicate new entities: 2
app.sequence_tolerance: Entities from previous generation: 92
app.sequence_tolerance: Entities resurrected from earlier generations: 4
app.sequence_tolerance: Fitness Percentiles: 0%=-94.3722 25%=-84.3034 50%=-81.4847 75%=-77.6515 100%=1309.57
app.sequence_tolerance: Best new entity:
MultiStateEntity with traits: AA:85:Y AA:86:L AA:87:M AA:88:W AA:89:V and fitness -93.109
 SingleState 1 with fitness: -93.1087
app.sequence_tolerance: Generation 5:
app.sequence_tolerance: Distinct new entities: 1903
app.sequence_tolerance: Duplicate new entities: 3
app.sequence_tolerance: Entities from previous generation: 82
app.sequence_tolerance: Entities resurrected from earlier generations: 12
app.sequence_tolerance: Fitness Percentiles: 0%=-94.3722 25%=-85.6245 50%=-82.4524 75%=-79.0118 100%=1143.23
app.sequence_tolerance: Best new entity:
MultiStateEntity with traits: AA:85:F AA:86:W AA:87:V AA:88:W AA:89:I and fitness -93.197
 SingleState 1 with fitness: -93.1967
app.sequence_tolerance: Evaluated 9635 sequences out of 2476099 possible.
Best sequences:
