core.init: Mini-Rosetta version 40577 from https://svn.rosettacommons.org/source/branches/releases/rosetta-3.2/rosetta_source
core.init: command: /netapp/home/colin/rosetta/rosetta-3.2/rosetta_source/bin/sequence_tolerance.linuxgccrelease -database /netapp/home/colin/rosetta/rosetta-3.2/rosetta_database -s 2I0L_A_C_V2006_0006_low.pdb -ex1 -ex2 -extrachi_cutoff 0 -seq_tol:fitness_master_weights 1 1 1 2 -ms:generations 5 -ms:pop_size 2000 -ms:pop_from_ss 1 -ms:checkpoint:prefix 2I0L_A_C_V2006_0006 -ms:checkpoint:interval 200 -ms:checkpoint:gz -ms:numresults 0 -out:prefix 2I0L_A_C_V2006_0006 -score:weights standard -score:patch score12 -score:ref_offsets HIS 1.2 -resfile /netapp/home/colin/backrub_seqtol/input_files/2I0L_A_C_V2006/2I0L_A_C_V2006_seqtol.resfile
core.init: 'RNG device' seed mode, using '/dev/urandom', seed=376868946 seed_offset=0 real_seed=376868946
core.init.random: RandomGenerator:init: Normal mode, seed=376868946 RG_type=mt19937
core.pack.task: Packer task: initialize from command line() 
core.pack.task: Packer task: initialize from command line() 
core.scoring.ScoreFunctionFactory: SCOREFUNCTION: standard
core.scoring.ScoreFunctionFactory: SCOREFUNCTION PATCH: score12
core.scoring.etable: Starting energy table calculation
core.scoring.etable: smooth_etable: changing atr/rep split to bottom of energy well
core.scoring.etable: smooth_etable: spline smoothing lj etables (maxdis = 6)
core.scoring.etable: smooth_etable: spline smoothing solvation etables (max_dis = 6)
core.scoring.etable: Finished calculating energy tables.
core.io.database: Database file opened: /netapp/home/colin/rosetta/rosetta-3.2/rosetta_database/pdb_pair_stats_fine
core.io.database: Database file opened: /netapp/home/colin/rosetta/rosetta-3.2/rosetta_database/scoring/score_functions/hbonds/standard_params/HBPoly1D.csv
core.io.database: Database file opened: /netapp/home/colin/rosetta/rosetta-3.2/rosetta_database/scoring/score_functions/hbonds/standard_params/HBFadeIntervals.csv
core.io.database: Database file opened: /netapp/home/colin/rosetta/rosetta-3.2/rosetta_database/scoring/score_functions/hbonds/standard_params/HBEval.csv
core.io.database: Database file opened: /netapp/home/colin/rosetta/rosetta-3.2/rosetta_database/P_AA
core.io.database: Database file opened: /netapp/home/colin/rosetta/rosetta-3.2/rosetta_database/P_AA_n
core.io.database: Database file opened: /netapp/home/colin/rosetta/rosetta-3.2/rosetta_database/P_AA_pp
core.io.database: Database file opened: /netapp/home/colin/rosetta/rosetta-3.2/rosetta_database/Rama_smooth_dyn.dat_ss_6.4
core.scoring.dunbrack: Dunbrack library took 0.02 seconds to load from binary
app.sequence_tolerance: Residue Decomposition: [Set 1 (A): [1, 2, 3, 4, 5, 6, 7, 8, 9, 10, 11, 12, 13, 14, 15, 16, 17, 18, 19, 20, 21, 22, 23, 24, 25, 26, 27, 28, 29, 30, 31, 32, 33, 34, 35, 36, 37, 38, 39, 40, 41, 42, 43, 44, 45, 46, 47, 48, 49, 50, 51, 52, 53, 54, 55, 56, 57, 58, 59, 60, 61, 62, 63, 64, 65, 66, 67, 68, 69, 70, 71, 72, 73, 74, 75, 76, 77, 78, 79, 80, 81, 82, 83], Set 2 (B): [84, 85, 86, 87, 88, 89]]
app.sequence_tolerance: Fitness Function Master Weights: [1, 1, 1, 2]
app.sequence_tolerance: Fitness of Starting Structure: 
---------------------------------------------------------------------
Score Type                  Other        A        B      A-B    Total
---------------------------------------------------------------------
fa_atr                      0.000 -227.909   -3.615  -31.683 -263.207
fa_rep                      0.000   37.792    0.115    4.556   42.463
fa_sol                      0.000  112.323    2.406   16.330  131.060
fa_intra_rep                0.000    0.639    0.055    0.000    0.694
pro_close                   0.000    1.725    0.000    0.000    1.725
fa_pair                     0.000   -2.422    0.024    0.584   -1.815
hbond_sr_bb                -9.558    0.000    0.000    0.000   -9.558
hbond_lr_bb               -27.729    0.000    0.000    0.000  -27.729
hbond_bb_sc                 0.000   -4.854    0.000    0.000   -4.854
hbond_sc                    0.000   -1.035    0.000    0.000   -1.035
dslf_ss_dst                 0.000    0.000    0.000    0.000    0.000
dslf_cs_ang                 0.000    0.000    0.000    0.000    0.000
dslf_ss_dih                 0.000    0.000    0.000    0.000    0.000
dslf_ca_dih                 0.000    0.000    0.000    0.000    0.000
rama                        0.000    3.769   -0.202    0.000    3.568
omega                       0.000    1.591    0.208    0.000    1.799
fa_dun                      0.000   57.935   10.340    0.000   68.274
p_aa_pp                     0.000  -13.814   -0.056    0.000  -13.871
ref                         0.000   -9.910   -3.720    0.000  -13.630
---------------------------------------------------------------------
Total                     -37.287  -44.170    5.555  -10.213  -86.115

core.pack.interaction_graph.interaction_graph_factory: Instantiating PDInteractionGraph
core.pack.pack_rotamers: built 9459 rotamers at 33 positions.
core.pack.pack_rotamers: IG: 125659552 bytes
app.sequence_tolerance: There are 1 positive states and 0 negative states
protocols.multistate_design.MultiStatePacker: Best single-state design score:  -107.07
app.sequence_tolerance: Adding single-state design entities:
app.sequence_tolerance: AA:85:F AA:86:T AA:87:I AA:88:V AA:89:V 
app.sequence_tolerance: Generation 1:
app.sequence_tolerance: Distinct new entities: 1996
app.sequence_tolerance: Duplicate new entities: 4
app.sequence_tolerance: Entities from previous generation: 0
app.sequence_tolerance: Entities resurrected from earlier generations: 0
app.sequence_tolerance: Fitness Percentiles: 0%=-106.693 25%=-98.4616 50%=-92.2883 75%=49.8086 100%=1672.06
app.sequence_tolerance: Best new entity:
MultiStateEntity with traits: AA:85:Y AA:86:W AA:87:I AA:88:Y AA:89:V and fitness -106.693
 SingleState 1 with fitness: -106.693
app.sequence_tolerance: Generation 2:
app.sequence_tolerance: Distinct new entities: 1915
app.sequence_tolerance: Duplicate new entities: 8
app.sequence_tolerance: Entities from previous generation: 77
app.sequence_tolerance: Entities resurrected from earlier generations: 0
app.sequence_tolerance: Fitness Percentiles: 0%=-106.693 25%=-99.6169 50%=-97.1147 75%=-78.428 100%=1672.19
app.sequence_tolerance: Best new entity:
MultiStateEntity with traits: AA:85:L AA:86:W AA:87:I AA:88:V AA:89:V and fitness -106.241
 SingleState 1 with fitness: -106.241
app.sequence_tolerance: Generation 3:
app.sequence_tolerance: Distinct new entities: 1923
app.sequence_tolerance: Duplicate new entities: 3
app.sequence_tolerance: Entities from previous generation: 71
app.sequence_tolerance: Entities resurrected from earlier generations: 3
app.sequence_tolerance: Fitness Percentiles: 0%=-106.693 25%=-100.36 50%=-98.5018 75%=-94.4191 100%=1669.19
app.sequence_tolerance: Best new entity:
MultiStateEntity with traits: AA:85:T AA:86:F AA:87:V AA:88:F AA:89:V and fitness -106.521
 SingleState 1 with fitness: -106.521
app.sequence_tolerance: Generation 4:
app.sequence_tolerance: Distinct new entities: 1888
app.sequence_tolerance: Duplicate new entities: 3
app.sequence_tolerance: Entities from previous generation: 101
app.sequence_tolerance: Entities resurrected from earlier generations: 8
app.sequence_tolerance: Fitness Percentiles: 0%=-106.89 25%=-101.142 50%=-99.2389 75%=-96.3703 100%=1549.64
app.sequence_tolerance: Best new entity:
MultiStateEntity with traits: AA:85:L AA:86:F AA:87:I AA:88:V AA:89:V and fitness -106.890
 SingleState 1 with fitness: -106.89
app.sequence_tolerance: Generation 5:
app.sequence_tolerance: Distinct new entities: 1899
app.sequence_tolerance: Duplicate new entities: 3
app.sequence_tolerance: Entities from previous generation: 87
app.sequence_tolerance: Entities resurrected from earlier generations: 11
app.sequence_tolerance: Fitness Percentiles: 0%=-106.89 25%=-101.691 50%=-99.7232 75%=-97.298 100%=1536.5
app.sequence_tolerance: Best new entity:
MultiStateEntity with traits: AA:85:Y AA:86:F AA:87:I AA:88:T AA:89:V and fitness -106.707
 SingleState 1 with fitness: -106.707
app.sequence_tolerance: Evaluated 9621 sequences out of 2476099 possible.
Best sequences:
