core.init: Mini-Rosetta version 40577 from https://svn.rosettacommons.org/source/branches/releases/rosetta-3.2/rosetta_source
core.init: command: /netapp/home/colin/rosetta/rosetta-3.2/rosetta_source/bin/sequence_tolerance.linuxgccrelease -database /netapp/home/colin/rosetta/rosetta-3.2/rosetta_database -s 2I0L_A_C_V2006_0017_low.pdb -ex1 -ex2 -extrachi_cutoff 0 -seq_tol:fitness_master_weights 1 1 1 2 -ms:generations 5 -ms:pop_size 2000 -ms:pop_from_ss 1 -ms:checkpoint:prefix 2I0L_A_C_V2006_0017 -ms:checkpoint:interval 200 -ms:checkpoint:gz -ms:numresults 0 -out:prefix 2I0L_A_C_V2006_0017 -score:weights standard -score:patch score12 -score:ref_offsets HIS 1.2 -resfile /netapp/home/colin/backrub_seqtol/input_files/2I0L_A_C_V2006/2I0L_A_C_V2006_seqtol.resfile
core.init: 'RNG device' seed mode, using '/dev/urandom', seed=-1935206943 seed_offset=0 real_seed=-1935206943
core.init.random: RandomGenerator:init: Normal mode, seed=-1935206943 RG_type=mt19937
core.pack.task: Packer task: initialize from command line() 
core.pack.task: Packer task: initialize from command line() 
core.scoring.ScoreFunctionFactory: SCOREFUNCTION: standard
core.scoring.ScoreFunctionFactory: SCOREFUNCTION PATCH: score12
core.scoring.etable: Starting energy table calculation
core.scoring.etable: smooth_etable: changing atr/rep split to bottom of energy well
core.scoring.etable: smooth_etable: spline smoothing lj etables (maxdis = 6)
core.scoring.etable: smooth_etable: spline smoothing solvation etables (max_dis = 6)
core.scoring.etable: Finished calculating energy tables.
core.io.database: Database file opened: /netapp/home/colin/rosetta/rosetta-3.2/rosetta_database/pdb_pair_stats_fine
core.io.database: Database file opened: /netapp/home/colin/rosetta/rosetta-3.2/rosetta_database/scoring/score_functions/hbonds/standard_params/HBPoly1D.csv
core.io.database: Database file opened: /netapp/home/colin/rosetta/rosetta-3.2/rosetta_database/scoring/score_functions/hbonds/standard_params/HBFadeIntervals.csv
core.io.database: Database file opened: /netapp/home/colin/rosetta/rosetta-3.2/rosetta_database/scoring/score_functions/hbonds/standard_params/HBEval.csv
core.io.database: Database file opened: /netapp/home/colin/rosetta/rosetta-3.2/rosetta_database/P_AA
core.io.database: Database file opened: /netapp/home/colin/rosetta/rosetta-3.2/rosetta_database/P_AA_n
core.io.database: Database file opened: /netapp/home/colin/rosetta/rosetta-3.2/rosetta_database/P_AA_pp
core.io.database: Database file opened: /netapp/home/colin/rosetta/rosetta-3.2/rosetta_database/Rama_smooth_dyn.dat_ss_6.4
core.scoring.dunbrack: Dunbrack library took 0.03 seconds to load from binary
app.sequence_tolerance: Residue Decomposition: [Set 1 (A): [1, 2, 3, 4, 5, 6, 7, 8, 9, 10, 11, 12, 13, 14, 15, 16, 17, 18, 19, 20, 21, 22, 23, 24, 25, 26, 27, 28, 29, 30, 31, 32, 33, 34, 35, 36, 37, 38, 39, 40, 41, 42, 43, 44, 45, 46, 47, 48, 49, 50, 51, 52, 53, 54, 55, 56, 57, 58, 59, 60, 61, 62, 63, 64, 65, 66, 67, 68, 69, 70, 71, 72, 73, 74, 75, 76, 77, 78, 79, 80, 81, 82, 83], Set 2 (B): [84, 85, 86, 87, 88, 89]]
app.sequence_tolerance: Fitness Function Master Weights: [1, 1, 1, 2]
app.sequence_tolerance: Fitness of Starting Structure: 
---------------------------------------------------------------------
Score Type                  Other        A        B      A-B    Total
---------------------------------------------------------------------
fa_atr                      0.000 -218.662   -4.337  -31.039 -254.038
fa_rep                      0.000   37.054    0.373    5.447   42.874
fa_sol                      0.000  108.098    2.879   24.303  135.280
fa_intra_rep                0.000    0.688    0.042    0.000    0.730
pro_close                   0.000    1.734    0.000    0.000    1.734
fa_pair                     0.000   -2.674    0.059   -2.999   -5.614
hbond_sr_bb                -9.443    0.000    0.000    0.000   -9.443
hbond_lr_bb               -19.127    0.000    0.000    0.000  -19.127
hbond_bb_sc                 0.000   -4.160    0.000   -0.568   -4.728
hbond_sc                    0.000   -1.312    0.000   -0.599   -1.911
dslf_ss_dst                 0.000    0.000    0.000    0.000    0.000
dslf_cs_ang                 0.000    0.000    0.000    0.000    0.000
dslf_ss_dih                 0.000    0.000    0.000    0.000    0.000
dslf_ca_dih                 0.000    0.000    0.000    0.000    0.000
rama                        0.000    4.280   -0.426    0.000    3.854
omega                       0.000    1.576    0.204    0.000    1.780
fa_dun                      0.000   59.902    9.637    0.000   69.538
p_aa_pp                     0.000  -14.165   -0.134    0.000  -14.299
ref                         0.000   -9.910   -3.720    0.000  -13.630
---------------------------------------------------------------------
Total                     -28.569  -37.552    4.578   -5.454  -66.997

core.pack.interaction_graph.interaction_graph_factory: Instantiating PDInteractionGraph
core.pack.pack_rotamers: built 9766 rotamers at 33 positions.
core.pack.pack_rotamers: IG: 133633256 bytes
app.sequence_tolerance: There are 1 positive states and 0 negative states
protocols.multistate_design.MultiStatePacker: Best single-state design score:   -80.74
app.sequence_tolerance: Adding single-state design entities:
app.sequence_tolerance: AA:85:Q AA:86:T AA:87:R AA:88:D AA:89:V 
app.sequence_tolerance: Generation 1:
app.sequence_tolerance: Distinct new entities: 1999
app.sequence_tolerance: Duplicate new entities: 1
app.sequence_tolerance: Entities from previous generation: 0
app.sequence_tolerance: Entities resurrected from earlier generations: 0
app.sequence_tolerance: Fitness Percentiles: 0%=-82.5627 25%=-75.4431 50%=-71.7514 75%=-25.2838 100%=1676.18
app.sequence_tolerance: Best new entity:
MultiStateEntity with traits: AA:85:I AA:86:W AA:87:R AA:88:V AA:89:I and fitness -82.563
 SingleState 1 with fitness: -82.5627
app.sequence_tolerance: Generation 2:
app.sequence_tolerance: Distinct new entities: 1929
app.sequence_tolerance: Duplicate new entities: 2
app.sequence_tolerance: Entities from previous generation: 69
app.sequence_tolerance: Entities resurrected from earlier generations: 0
app.sequence_tolerance: Fitness Percentiles: 0%=-83.0908 25%=-76.6564 50%=-74.4692 75%=-70.0715 100%=1672.25
app.sequence_tolerance: Best new entity:
MultiStateEntity with traits: AA:85:Y AA:86:Y AA:87:I AA:88:F AA:89:I and fitness -83.091
 SingleState 1 with fitness: -83.0908
app.sequence_tolerance: Generation 3:
app.sequence_tolerance: Distinct new entities: 1911
app.sequence_tolerance: Duplicate new entities: 3
app.sequence_tolerance: Entities from previous generation: 85
app.sequence_tolerance: Entities resurrected from earlier generations: 1
app.sequence_tolerance: Fitness Percentiles: 0%=-83.0908 25%=-77.2215 50%=-75.5438 75%=-73.0203 100%=1632.82
app.sequence_tolerance: Best new entity:
MultiStateEntity with traits: AA:85:L AA:86:W AA:87:K AA:88:V AA:89:I and fitness -81.998
 SingleState 1 with fitness: -81.9981
app.sequence_tolerance: Generation 4:
app.sequence_tolerance: Distinct new entities: 1894
app.sequence_tolerance: Duplicate new entities: 6
app.sequence_tolerance: Entities from previous generation: 88
app.sequence_tolerance: Entities resurrected from earlier generations: 12
app.sequence_tolerance: Fitness Percentiles: 0%=-83.0908 25%=-77.6351 50%=-76.1786 75%=-74.0418 100%=1614.06
app.sequence_tolerance: Best new entity:
MultiStateEntity with traits: AA:85:Q AA:86:Y AA:87:I AA:88:F AA:89:I and fitness -82.486
 SingleState 1 with fitness: -82.4856
app.sequence_tolerance: Generation 5:
app.sequence_tolerance: Distinct new entities: 1905
app.sequence_tolerance: Duplicate new entities: 4
app.sequence_tolerance: Entities from previous generation: 79
app.sequence_tolerance: Entities resurrected from earlier generations: 12
app.sequence_tolerance: Fitness Percentiles: 0%=-83.0908 25%=-78.0713 50%=-76.5961 75%=-74.6594 100%=1561.71
app.sequence_tolerance: Best new entity:
MultiStateEntity with traits: AA:85:D AA:86:Y AA:87:R AA:88:T AA:89:I and fitness -82.528
 SingleState 1 with fitness: -82.5283
app.sequence_tolerance: Evaluated 9638 sequences out of 2476099 possible.
Best sequences:
