core.init: Mini-Rosetta version 40577 from https://svn.rosettacommons.org/source/branches/releases/rosetta-3.2/rosetta_source
core.init: command: /netapp/home/colin/rosetta/rosetta-3.2/rosetta_source/bin/sequence_tolerance.linuxgccrelease -database /netapp/home/colin/rosetta/rosetta-3.2/rosetta_database -s 2I0L_A_C_V2006_0016_low.pdb -ex1 -ex2 -extrachi_cutoff 0 -seq_tol:fitness_master_weights 1 1 1 2 -ms:generations 5 -ms:pop_size 2000 -ms:pop_from_ss 1 -ms:checkpoint:prefix 2I0L_A_C_V2006_0016 -ms:checkpoint:interval 200 -ms:checkpoint:gz -ms:numresults 0 -out:prefix 2I0L_A_C_V2006_0016 -score:weights standard -score:patch score12 -score:ref_offsets HIS 1.2 -resfile /netapp/home/colin/backrub_seqtol/input_files/2I0L_A_C_V2006/2I0L_A_C_V2006_seqtol.resfile
core.init: 'RNG device' seed mode, using '/dev/urandom', seed=2107281925 seed_offset=0 real_seed=2107281925
core.init.random: RandomGenerator:init: Normal mode, seed=2107281925 RG_type=mt19937
core.pack.task: Packer task: initialize from command line() 
core.pack.task: Packer task: initialize from command line() 
core.scoring.ScoreFunctionFactory: SCOREFUNCTION: standard
core.scoring.ScoreFunctionFactory: SCOREFUNCTION PATCH: score12
core.scoring.etable: Starting energy table calculation
core.scoring.etable: smooth_etable: changing atr/rep split to bottom of energy well
core.scoring.etable: smooth_etable: spline smoothing lj etables (maxdis = 6)
core.scoring.etable: smooth_etable: spline smoothing solvation etables (max_dis = 6)
core.scoring.etable: Finished calculating energy tables.
core.io.database: Database file opened: /netapp/home/colin/rosetta/rosetta-3.2/rosetta_database/pdb_pair_stats_fine
core.io.database: Database file opened: /netapp/home/colin/rosetta/rosetta-3.2/rosetta_database/scoring/score_functions/hbonds/standard_params/HBPoly1D.csv
core.io.database: Database file opened: /netapp/home/colin/rosetta/rosetta-3.2/rosetta_database/scoring/score_functions/hbonds/standard_params/HBFadeIntervals.csv
core.io.database: Database file opened: /netapp/home/colin/rosetta/rosetta-3.2/rosetta_database/scoring/score_functions/hbonds/standard_params/HBEval.csv
core.io.database: Database file opened: /netapp/home/colin/rosetta/rosetta-3.2/rosetta_database/P_AA
core.io.database: Database file opened: /netapp/home/colin/rosetta/rosetta-3.2/rosetta_database/P_AA_n
core.io.database: Database file opened: /netapp/home/colin/rosetta/rosetta-3.2/rosetta_database/P_AA_pp
core.io.database: Database file opened: /netapp/home/colin/rosetta/rosetta-3.2/rosetta_database/Rama_smooth_dyn.dat_ss_6.4
core.scoring.dunbrack: Dunbrack library took 0.02 seconds to load from binary
app.sequence_tolerance: Residue Decomposition: [Set 1 (A): [1, 2, 3, 4, 5, 6, 7, 8, 9, 10, 11, 12, 13, 14, 15, 16, 17, 18, 19, 20, 21, 22, 23, 24, 25, 26, 27, 28, 29, 30, 31, 32, 33, 34, 35, 36, 37, 38, 39, 40, 41, 42, 43, 44, 45, 46, 47, 48, 49, 50, 51, 52, 53, 54, 55, 56, 57, 58, 59, 60, 61, 62, 63, 64, 65, 66, 67, 68, 69, 70, 71, 72, 73, 74, 75, 76, 77, 78, 79, 80, 81, 82, 83], Set 2 (B): [84, 85, 86, 87, 88, 89]]
app.sequence_tolerance: Fitness Function Master Weights: [1, 1, 1, 2]
app.sequence_tolerance: Fitness of Starting Structure: 
---------------------------------------------------------------------
Score Type                  Other        A        B      A-B    Total
---------------------------------------------------------------------
fa_atr                      0.000 -221.467   -3.827  -39.250 -264.544
fa_rep                      0.000   35.716    0.117    9.171   45.004
fa_sol                      0.000  106.529    2.672   22.304  131.505
fa_intra_rep                0.000    0.708    0.079    0.000    0.787
pro_close                   0.000    1.714    0.000    0.000    1.714
fa_pair                     0.000   -2.886    0.173   -0.630   -3.343
hbond_sr_bb                -8.320    0.000    0.000    0.000   -8.320
hbond_lr_bb               -24.142    0.000    0.000    0.000  -24.142
hbond_bb_sc                 0.000   -1.823   -0.064    0.000   -1.887
hbond_sc                    0.000   -0.034    0.000    0.000   -0.034
dslf_ss_dst                 0.000    0.000    0.000    0.000    0.000
dslf_cs_ang                 0.000    0.000    0.000    0.000    0.000
dslf_ss_dih                 0.000    0.000    0.000    0.000    0.000
dslf_ca_dih                 0.000    0.000    0.000    0.000    0.000
rama                        0.000    6.115   -0.044    0.000    6.071
omega                       0.000    1.593    0.204    0.000    1.797
fa_dun                      0.000   57.566    7.609    0.000   65.175
p_aa_pp                     0.000  -14.098   -0.018    0.000  -14.117
ref                         0.000   -9.910   -3.720    0.000  -13.630
---------------------------------------------------------------------
Total                     -32.462  -40.277    3.180   -8.405  -77.964

core.pack.interaction_graph.interaction_graph_factory: Instantiating PDInteractionGraph
core.pack.pack_rotamers: built 9065 rotamers at 33 positions.
core.pack.pack_rotamers: IG: 113931844 bytes
app.sequence_tolerance: There are 1 positive states and 0 negative states
protocols.multistate_design.MultiStatePacker: Best single-state design score:   -92.10
app.sequence_tolerance: Adding single-state design entities:
app.sequence_tolerance: AA:85:D AA:86:S AA:87:I AA:88:Y AA:89:V 
app.sequence_tolerance: Generation 1:
app.sequence_tolerance: Distinct new entities: 2000
app.sequence_tolerance: Duplicate new entities: 0
app.sequence_tolerance: Entities from previous generation: 0
app.sequence_tolerance: Entities resurrected from earlier generations: 0
app.sequence_tolerance: Fitness Percentiles: 0%=-92.0982 25%=-82.292 50%=-65.6254 75%=116.838 100%=2629.41
app.sequence_tolerance: Best new entity:
MultiStateEntity with traits: AA:85:D AA:86:S AA:87:I AA:88:Y AA:89:V and fitness -92.098
 SingleState 1 with fitness: -92.0982
app.sequence_tolerance: Generation 2:
app.sequence_tolerance: Distinct new entities: 1931
app.sequence_tolerance: Duplicate new entities: 2
app.sequence_tolerance: Entities from previous generation: 67
app.sequence_tolerance: Entities resurrected from earlier generations: 0
app.sequence_tolerance: Fitness Percentiles: 0%=-92.0982 25%=-83.6989 50%=-81.1286 75%=-60.2199 100%=2630.63
app.sequence_tolerance: Best new entity:
MultiStateEntity with traits: AA:85:D AA:86:Q AA:87:V AA:88:F AA:89:V and fitness -90.635
 SingleState 1 with fitness: -90.6349
app.sequence_tolerance: Generation 3:
app.sequence_tolerance: Distinct new entities: 1926
app.sequence_tolerance: Duplicate new entities: 1
app.sequence_tolerance: Entities from previous generation: 68
app.sequence_tolerance: Entities resurrected from earlier generations: 5
app.sequence_tolerance: Fitness Percentiles: 0%=-92.0982 25%=-84.6867 50%=-82.5533 75%=-77.9364 100%=2608.23
app.sequence_tolerance: Best new entity:
MultiStateEntity with traits: AA:85:D AA:86:E AA:87:I AA:88:Y AA:89:V and fitness -90.717
 SingleState 1 with fitness: -90.717
app.sequence_tolerance: Generation 4:
app.sequence_tolerance: Distinct new entities: 1904
app.sequence_tolerance: Duplicate new entities: 2
app.sequence_tolerance: Entities from previous generation: 89
app.sequence_tolerance: Entities resurrected from earlier generations: 5
app.sequence_tolerance: Fitness Percentiles: 0%=-92.0982 25%=-85.5264 50%=-83.5329 75%=-80.3563 100%=2554.09
app.sequence_tolerance: Best new entity:
MultiStateEntity with traits: AA:85:D AA:86:S AA:87:I AA:88:Y AA:89:I and fitness -91.485
 SingleState 1 with fitness: -91.4847
app.sequence_tolerance: Generation 5:
app.sequence_tolerance: Distinct new entities: 1875
app.sequence_tolerance: Duplicate new entities: 4
app.sequence_tolerance: Entities from previous generation: 105
app.sequence_tolerance: Entities resurrected from earlier generations: 16
app.sequence_tolerance: Fitness Percentiles: 0%=-92.0982 25%=-86.0675 50%=-84.2289 75%=-81.5666 100%=2607.58
app.sequence_tolerance: Best new entity:
MultiStateEntity with traits: AA:85:W AA:86:Q AA:87:Y AA:88:W AA:89:V and fitness -90.929
 SingleState 1 with fitness: -90.9294
app.sequence_tolerance: Evaluated 9636 sequences out of 2476099 possible.
Best sequences:
