core.init: Mini-Rosetta version 40577 from https://svn.rosettacommons.org/source/branches/releases/rosetta-3.2/rosetta_source
core.init: command: /netapp/home/colin/rosetta/rosetta-3.2/rosetta_source/bin/sequence_tolerance.linuxgccrelease -database /netapp/home/colin/rosetta/rosetta-3.2/rosetta_database -s 2I0L_A_C_V2006_0008_low.pdb -ex1 -ex2 -extrachi_cutoff 0 -seq_tol:fitness_master_weights 1 1 1 2 -ms:generations 5 -ms:pop_size 2000 -ms:pop_from_ss 1 -ms:checkpoint:prefix 2I0L_A_C_V2006_0008 -ms:checkpoint:interval 200 -ms:checkpoint:gz -ms:numresults 0 -out:prefix 2I0L_A_C_V2006_0008 -score:weights standard -score:patch score12 -score:ref_offsets HIS 1.2 -resfile /netapp/home/colin/backrub_seqtol/input_files/2I0L_A_C_V2006/2I0L_A_C_V2006_seqtol.resfile
core.init: 'RNG device' seed mode, using '/dev/urandom', seed=1970013433 seed_offset=0 real_seed=1970013433
core.init.random: RandomGenerator:init: Normal mode, seed=1970013433 RG_type=mt19937
core.pack.task: Packer task: initialize from command line() 
core.pack.task: Packer task: initialize from command line() 
core.scoring.ScoreFunctionFactory: SCOREFUNCTION: standard
core.scoring.ScoreFunctionFactory: SCOREFUNCTION PATCH: score12
core.scoring.etable: Starting energy table calculation
core.scoring.etable: smooth_etable: changing atr/rep split to bottom of energy well
core.scoring.etable: smooth_etable: spline smoothing lj etables (maxdis = 6)
core.scoring.etable: smooth_etable: spline smoothing solvation etables (max_dis = 6)
core.scoring.etable: Finished calculating energy tables.
core.io.database: Database file opened: /netapp/home/colin/rosetta/rosetta-3.2/rosetta_database/pdb_pair_stats_fine
core.io.database: Database file opened: /netapp/home/colin/rosetta/rosetta-3.2/rosetta_database/scoring/score_functions/hbonds/standard_params/HBPoly1D.csv
core.io.database: Database file opened: /netapp/home/colin/rosetta/rosetta-3.2/rosetta_database/scoring/score_functions/hbonds/standard_params/HBFadeIntervals.csv
core.io.database: Database file opened: /netapp/home/colin/rosetta/rosetta-3.2/rosetta_database/scoring/score_functions/hbonds/standard_params/HBEval.csv
core.io.database: Database file opened: /netapp/home/colin/rosetta/rosetta-3.2/rosetta_database/P_AA
core.io.database: Database file opened: /netapp/home/colin/rosetta/rosetta-3.2/rosetta_database/P_AA_n
core.io.database: Database file opened: /netapp/home/colin/rosetta/rosetta-3.2/rosetta_database/P_AA_pp
core.io.database: Database file opened: /netapp/home/colin/rosetta/rosetta-3.2/rosetta_database/Rama_smooth_dyn.dat_ss_6.4
core.scoring.dunbrack: Dunbrack library took 0.02 seconds to load from binary
app.sequence_tolerance: Residue Decomposition: [Set 1 (A): [1, 2, 3, 4, 5, 6, 7, 8, 9, 10, 11, 12, 13, 14, 15, 16, 17, 18, 19, 20, 21, 22, 23, 24, 25, 26, 27, 28, 29, 30, 31, 32, 33, 34, 35, 36, 37, 38, 39, 40, 41, 42, 43, 44, 45, 46, 47, 48, 49, 50, 51, 52, 53, 54, 55, 56, 57, 58, 59, 60, 61, 62, 63, 64, 65, 66, 67, 68, 69, 70, 71, 72, 73, 74, 75, 76, 77, 78, 79, 80, 81, 82, 83], Set 2 (B): [84, 85, 86, 87, 88, 89]]
app.sequence_tolerance: Fitness Function Master Weights: [1, 1, 1, 2]
app.sequence_tolerance: Fitness of Starting Structure: 
---------------------------------------------------------------------
Score Type                  Other        A        B      A-B    Total
---------------------------------------------------------------------
fa_atr                      0.000 -235.537   -3.453  -35.605 -274.595
fa_rep                      0.000   42.911    0.401    1.980   45.293
fa_sol                      0.000  117.441    2.148   21.560  141.149
fa_intra_rep                0.000    0.643    0.091    0.000    0.734
pro_close                   0.000    1.742    0.000    0.000    1.742
fa_pair                     0.000   -2.181   -0.166   -0.907   -3.254
hbond_sr_bb               -10.527    0.000    0.000    0.000  -10.527
hbond_lr_bb               -28.253    0.000    0.000    0.000  -28.253
hbond_bb_sc                 0.000   -4.311    0.000   -1.557   -5.867
hbond_sc                    0.000   -0.489    0.000   -0.029   -0.518
dslf_ss_dst                 0.000    0.000    0.000    0.000    0.000
dslf_cs_ang                 0.000    0.000    0.000    0.000    0.000
dslf_ss_dih                 0.000    0.000    0.000    0.000    0.000
dslf_ca_dih                 0.000    0.000    0.000    0.000    0.000
rama                        0.000    7.663    0.068    0.000    7.731
omega                       0.000    1.594    0.207    0.000    1.801
fa_dun                      0.000   61.185    7.811    0.000   68.996
p_aa_pp                     0.000  -14.956    0.046    0.000  -14.910
ref                         0.000   -9.910   -3.720    0.000  -13.630
---------------------------------------------------------------------
Total                     -38.780  -34.206    3.433  -14.558  -84.111

core.pack.interaction_graph.interaction_graph_factory: Instantiating PDInteractionGraph
core.pack.pack_rotamers: built 9334 rotamers at 33 positions.
core.pack.pack_rotamers: IG: 120967536 bytes
app.sequence_tolerance: There are 1 positive states and 0 negative states
protocols.multistate_design.MultiStatePacker: Best single-state design score:   -97.42
app.sequence_tolerance: Adding single-state design entities:
app.sequence_tolerance: AA:85:R AA:86:V AA:87:T AA:88:T AA:89:I 
app.sequence_tolerance: Generation 1:
app.sequence_tolerance: Distinct new entities: 1999
app.sequence_tolerance: Duplicate new entities: 1
app.sequence_tolerance: Entities from previous generation: 0
app.sequence_tolerance: Entities resurrected from earlier generations: 0
app.sequence_tolerance: Fitness Percentiles: 0%=-97.1025 25%=-89.1179 50%=-84.9427 75%=-12.1399 100%=501.58
app.sequence_tolerance: Best new entity:
MultiStateEntity with traits: AA:85:R AA:86:V AA:87:T AA:88:T AA:89:I and fitness -97.103
 SingleState 1 with fitness: -97.1025
app.sequence_tolerance: Generation 2:
app.sequence_tolerance: Distinct new entities: 1939
app.sequence_tolerance: Duplicate new entities: 2
app.sequence_tolerance: Entities from previous generation: 59
app.sequence_tolerance: Entities resurrected from earlier generations: 0
app.sequence_tolerance: Fitness Percentiles: 0%=-97.2884 25%=-90.3557 50%=-87.8344 75%=-82.9455 100%=398.72
app.sequence_tolerance: Best new entity:
MultiStateEntity with traits: AA:85:K AA:86:Q AA:87:Y AA:88:L AA:89:V and fitness -97.288
 SingleState 1 with fitness: -97.2884
app.sequence_tolerance: Generation 3:
app.sequence_tolerance: Distinct new entities: 1919
app.sequence_tolerance: Duplicate new entities: 5
app.sequence_tolerance: Entities from previous generation: 71
app.sequence_tolerance: Entities resurrected from earlier generations: 5
app.sequence_tolerance: Fitness Percentiles: 0%=-97.2884 25%=-91.0363 50%=-89.0647 75%=-86.3346 100%=399.144
app.sequence_tolerance: Best new entity:
MultiStateEntity with traits: AA:85:K AA:86:T AA:87:T AA:88:L AA:89:V and fitness -97.209
 SingleState 1 with fitness: -97.2094
app.sequence_tolerance: Generation 4:
app.sequence_tolerance: Distinct new entities: 1909
app.sequence_tolerance: Duplicate new entities: 2
app.sequence_tolerance: Entities from previous generation: 80
app.sequence_tolerance: Entities resurrected from earlier generations: 9
app.sequence_tolerance: Fitness Percentiles: 0%=-98.0911 25%=-91.8526 50%=-89.7993 75%=-87.0153 100%=314.02
app.sequence_tolerance: Best new entity:
MultiStateEntity with traits: AA:85:K AA:86:T AA:87:T AA:88:L AA:89:I and fitness -98.091
 SingleState 1 with fitness: -98.0911
app.sequence_tolerance: Generation 5:
app.sequence_tolerance: Distinct new entities: 1907
app.sequence_tolerance: Duplicate new entities: 2
app.sequence_tolerance: Entities from previous generation: 80
app.sequence_tolerance: Entities resurrected from earlier generations: 11
app.sequence_tolerance: Fitness Percentiles: 0%=-99.1718 25%=-92.2357 50%=-90.2506 75%=-87.3167 100%=318.197
app.sequence_tolerance: Best new entity:
MultiStateEntity with traits: AA:85:R AA:86:V AA:87:T AA:88:L AA:89:I and fitness -99.172
 SingleState 1 with fitness: -99.1718
app.sequence_tolerance: Evaluated 9673 sequences out of 2476099 possible.
Best sequences:
