core.init: Mini-Rosetta version 40577 from https://svn.rosettacommons.org/source/branches/releases/rosetta-3.2/rosetta_source
core.init: command: /netapp/home/colin/rosetta/rosetta-3.2/rosetta_source/bin/sequence_tolerance.linuxgccrelease -database /netapp/home/colin/rosetta/rosetta-3.2/rosetta_database -s 2I0L_A_C_V2006_0018_low.pdb -ex1 -ex2 -extrachi_cutoff 0 -seq_tol:fitness_master_weights 1 1 1 2 -ms:generations 5 -ms:pop_size 2000 -ms:pop_from_ss 1 -ms:checkpoint:prefix 2I0L_A_C_V2006_0018 -ms:checkpoint:interval 200 -ms:checkpoint:gz -ms:numresults 0 -out:prefix 2I0L_A_C_V2006_0018 -score:weights standard -score:patch score12 -score:ref_offsets HIS 1.2 -resfile /netapp/home/colin/backrub_seqtol/input_files/2I0L_A_C_V2006/2I0L_A_C_V2006_seqtol.resfile
core.init: 'RNG device' seed mode, using '/dev/urandom', seed=1728924878 seed_offset=0 real_seed=1728924878
core.init.random: RandomGenerator:init: Normal mode, seed=1728924878 RG_type=mt19937
core.pack.task: Packer task: initialize from command line() 
core.pack.task: Packer task: initialize from command line() 
core.scoring.ScoreFunctionFactory: SCOREFUNCTION: standard
core.scoring.ScoreFunctionFactory: SCOREFUNCTION PATCH: score12
core.scoring.etable: Starting energy table calculation
core.scoring.etable: smooth_etable: changing atr/rep split to bottom of energy well
core.scoring.etable: smooth_etable: spline smoothing lj etables (maxdis = 6)
core.scoring.etable: smooth_etable: spline smoothing solvation etables (max_dis = 6)
core.scoring.etable: Finished calculating energy tables.
core.io.database: Database file opened: /netapp/home/colin/rosetta/rosetta-3.2/rosetta_database/pdb_pair_stats_fine
core.io.database: Database file opened: /netapp/home/colin/rosetta/rosetta-3.2/rosetta_database/scoring/score_functions/hbonds/standard_params/HBPoly1D.csv
core.io.database: Database file opened: /netapp/home/colin/rosetta/rosetta-3.2/rosetta_database/scoring/score_functions/hbonds/standard_params/HBFadeIntervals.csv
core.io.database: Database file opened: /netapp/home/colin/rosetta/rosetta-3.2/rosetta_database/scoring/score_functions/hbonds/standard_params/HBEval.csv
core.io.database: Database file opened: /netapp/home/colin/rosetta/rosetta-3.2/rosetta_database/P_AA
core.io.database: Database file opened: /netapp/home/colin/rosetta/rosetta-3.2/rosetta_database/P_AA_n
core.io.database: Database file opened: /netapp/home/colin/rosetta/rosetta-3.2/rosetta_database/P_AA_pp
core.io.database: Database file opened: /netapp/home/colin/rosetta/rosetta-3.2/rosetta_database/Rama_smooth_dyn.dat_ss_6.4
core.scoring.dunbrack: Dunbrack library took 0.02 seconds to load from binary
app.sequence_tolerance: Residue Decomposition: [Set 1 (A): [1, 2, 3, 4, 5, 6, 7, 8, 9, 10, 11, 12, 13, 14, 15, 16, 17, 18, 19, 20, 21, 22, 23, 24, 25, 26, 27, 28, 29, 30, 31, 32, 33, 34, 35, 36, 37, 38, 39, 40, 41, 42, 43, 44, 45, 46, 47, 48, 49, 50, 51, 52, 53, 54, 55, 56, 57, 58, 59, 60, 61, 62, 63, 64, 65, 66, 67, 68, 69, 70, 71, 72, 73, 74, 75, 76, 77, 78, 79, 80, 81, 82, 83], Set 2 (B): [84, 85, 86, 87, 88, 89]]
app.sequence_tolerance: Fitness Function Master Weights: [1, 1, 1, 2]
app.sequence_tolerance: Fitness of Starting Structure: 
---------------------------------------------------------------------
Score Type                  Other        A        B      A-B    Total
---------------------------------------------------------------------
fa_atr                      0.000 -217.787   -3.784  -37.655 -259.226
fa_rep                      0.000   41.074    1.117    2.835   45.025
fa_sol                      0.000  106.112    2.165   23.127  131.405
fa_intra_rep                0.000    0.664    0.075    0.000    0.739
pro_close                   0.000    1.754    0.000    0.000    1.754
fa_pair                     0.000   -1.606    0.057   -1.493   -3.042
hbond_sr_bb                -7.093    0.000    0.000    0.000   -7.093
hbond_lr_bb               -20.166    0.000    0.000    0.000  -20.166
hbond_bb_sc                 0.000   -3.125    0.000   -1.595   -4.720
hbond_sc                    0.000   -0.049    0.000   -1.529   -1.578
dslf_ss_dst                 0.000    0.000    0.000    0.000    0.000
dslf_cs_ang                 0.000    0.000    0.000    0.000    0.000
dslf_ss_dih                 0.000    0.000    0.000    0.000    0.000
dslf_ca_dih                 0.000    0.000    0.000    0.000    0.000
rama                        0.000    4.646   -0.094    0.000    4.552
omega                       0.000    1.587    0.209    0.000    1.796
fa_dun                      0.000   57.445    8.090    0.000   65.534
p_aa_pp                     0.000  -13.383    0.084    0.000  -13.299
ref                         0.000   -9.910   -3.720    0.000  -13.630
---------------------------------------------------------------------
Total                     -27.259  -32.578    4.198  -16.310  -71.949

core.pack.interaction_graph.interaction_graph_factory: Instantiating PDInteractionGraph
core.pack.pack_rotamers: built 9012 rotamers at 33 positions.
core.pack.pack_rotamers: IG: 114768188 bytes
app.sequence_tolerance: There are 1 positive states and 0 negative states
protocols.multistate_design.MultiStatePacker: Best single-state design score:   -85.15
app.sequence_tolerance: Adding single-state design entities:
app.sequence_tolerance: AA:85:K AA:86:V AA:87:T AA:88:V AA:89:V 
app.sequence_tolerance: Generation 1:
app.sequence_tolerance: Distinct new entities: 2000
app.sequence_tolerance: Duplicate new entities: 0
app.sequence_tolerance: Entities from previous generation: 0
app.sequence_tolerance: Entities resurrected from earlier generations: 0
app.sequence_tolerance: Fitness Percentiles: 0%=-85.1451 25%=-73.6268 50%=-61.3015 75%=112.786 100%=2133.87
app.sequence_tolerance: Best new entity:
MultiStateEntity with traits: AA:85:K AA:86:V AA:87:T AA:88:V AA:89:V and fitness -85.145
 SingleState 1 with fitness: -85.1451
app.sequence_tolerance: Generation 2:
app.sequence_tolerance: Distinct new entities: 1935
app.sequence_tolerance: Duplicate new entities: 2
app.sequence_tolerance: Entities from previous generation: 63
app.sequence_tolerance: Entities resurrected from earlier generations: 0
app.sequence_tolerance: Fitness Percentiles: 0%=-85.1451 25%=-75.7163 50%=-70.593 75%=-38.7264 100%=1969.53
app.sequence_tolerance: Best new entity:
MultiStateEntity with traits: AA:85:K AA:86:T AA:87:S AA:88:V AA:89:V and fitness -84.366
 SingleState 1 with fitness: -84.3663
app.sequence_tolerance: Generation 3:
app.sequence_tolerance: Distinct new entities: 1924
app.sequence_tolerance: Duplicate new entities: 3
app.sequence_tolerance: Entities from previous generation: 66
app.sequence_tolerance: Entities resurrected from earlier generations: 7
app.sequence_tolerance: Fitness Percentiles: 0%=-85.1451 25%=-76.8084 50%=-73.6314 75%=-63.8381 100%=2004.64
app.sequence_tolerance: Best new entity:
MultiStateEntity with traits: AA:85:K AA:86:V AA:87:K AA:88:N AA:89:V and fitness -83.677
 SingleState 1 with fitness: -83.6767
app.sequence_tolerance: Generation 4:
app.sequence_tolerance: Distinct new entities: 1897
app.sequence_tolerance: Duplicate new entities: 4
app.sequence_tolerance: Entities from previous generation: 86
app.sequence_tolerance: Entities resurrected from earlier generations: 13
app.sequence_tolerance: Fitness Percentiles: 0%=-85.1451 25%=-77.8078 50%=-75.2208 75%=-69.5051 100%=1968.07
app.sequence_tolerance: Best new entity:
MultiStateEntity with traits: AA:85:K AA:86:T AA:87:K AA:88:T AA:89:V and fitness -83.796
 SingleState 1 with fitness: -83.7959
app.sequence_tolerance: Generation 5:
app.sequence_tolerance: Distinct new entities: 1893
app.sequence_tolerance: Duplicate new entities: 4
app.sequence_tolerance: Entities from previous generation: 92
app.sequence_tolerance: Entities resurrected from earlier generations: 11
app.sequence_tolerance: Fitness Percentiles: 0%=-85.1451 25%=-78.4817 50%=-76.2482 75%=-72.4784 100%=1918.75
app.sequence_tolerance: Best new entity:
MultiStateEntity with traits: AA:85:L AA:86:I AA:87:T AA:88:V AA:89:V and fitness -84.796
 SingleState 1 with fitness: -84.796
app.sequence_tolerance: Evaluated 9649 sequences out of 2476099 possible.
Best sequences:
