core.init: Mini-Rosetta version 40577 from https://svn.rosettacommons.org/source/branches/releases/rosetta-3.2/rosetta_source
core.init: command: /netapp/home/colin/rosetta/rosetta-3.2/rosetta_source/bin/sequence_tolerance.linuxgccrelease -database /netapp/home/colin/rosetta/rosetta-3.2/rosetta_database -s 2I0L_A_C_V2006_0010_low.pdb -ex1 -ex2 -extrachi_cutoff 0 -seq_tol:fitness_master_weights 1 1 1 2 -ms:generations 5 -ms:pop_size 2000 -ms:pop_from_ss 1 -ms:checkpoint:prefix 2I0L_A_C_V2006_0010 -ms:checkpoint:interval 200 -ms:checkpoint:gz -ms:numresults 0 -out:prefix 2I0L_A_C_V2006_0010 -score:weights standard -score:patch score12 -score:ref_offsets HIS 1.2 -resfile /netapp/home/colin/backrub_seqtol/input_files/2I0L_A_C_V2006/2I0L_A_C_V2006_seqtol.resfile
core.init: 'RNG device' seed mode, using '/dev/urandom', seed=-1414468292 seed_offset=0 real_seed=-1414468292
core.init.random: RandomGenerator:init: Normal mode, seed=-1414468292 RG_type=mt19937
core.pack.task: Packer task: initialize from command line() 
core.pack.task: Packer task: initialize from command line() 
core.scoring.ScoreFunctionFactory: SCOREFUNCTION: standard
core.scoring.ScoreFunctionFactory: SCOREFUNCTION PATCH: score12
core.scoring.etable: Starting energy table calculation
core.scoring.etable: smooth_etable: changing atr/rep split to bottom of energy well
core.scoring.etable: smooth_etable: spline smoothing lj etables (maxdis = 6)
core.scoring.etable: smooth_etable: spline smoothing solvation etables (max_dis = 6)
core.scoring.etable: Finished calculating energy tables.
core.io.database: Database file opened: /netapp/home/colin/rosetta/rosetta-3.2/rosetta_database/pdb_pair_stats_fine
core.io.database: Database file opened: /netapp/home/colin/rosetta/rosetta-3.2/rosetta_database/scoring/score_functions/hbonds/standard_params/HBPoly1D.csv
core.io.database: Database file opened: /netapp/home/colin/rosetta/rosetta-3.2/rosetta_database/scoring/score_functions/hbonds/standard_params/HBFadeIntervals.csv
core.io.database: Database file opened: /netapp/home/colin/rosetta/rosetta-3.2/rosetta_database/scoring/score_functions/hbonds/standard_params/HBEval.csv
core.io.database: Database file opened: /netapp/home/colin/rosetta/rosetta-3.2/rosetta_database/P_AA
core.io.database: Database file opened: /netapp/home/colin/rosetta/rosetta-3.2/rosetta_database/P_AA_n
core.io.database: Database file opened: /netapp/home/colin/rosetta/rosetta-3.2/rosetta_database/P_AA_pp
core.io.database: Database file opened: /netapp/home/colin/rosetta/rosetta-3.2/rosetta_database/Rama_smooth_dyn.dat_ss_6.4
core.scoring.dunbrack: Dunbrack library took 0.02 seconds to load from binary
app.sequence_tolerance: Residue Decomposition: [Set 1 (A): [1, 2, 3, 4, 5, 6, 7, 8, 9, 10, 11, 12, 13, 14, 15, 16, 17, 18, 19, 20, 21, 22, 23, 24, 25, 26, 27, 28, 29, 30, 31, 32, 33, 34, 35, 36, 37, 38, 39, 40, 41, 42, 43, 44, 45, 46, 47, 48, 49, 50, 51, 52, 53, 54, 55, 56, 57, 58, 59, 60, 61, 62, 63, 64, 65, 66, 67, 68, 69, 70, 71, 72, 73, 74, 75, 76, 77, 78, 79, 80, 81, 82, 83], Set 2 (B): [84, 85, 86, 87, 88, 89]]
app.sequence_tolerance: Fitness Function Master Weights: [1, 1, 1, 2]
app.sequence_tolerance: Fitness of Starting Structure: 
---------------------------------------------------------------------
Score Type                  Other        A        B      A-B    Total
---------------------------------------------------------------------
fa_atr                      0.000 -223.680   -3.134  -36.501 -263.315
fa_rep                      0.000   31.996    0.132    9.138   41.266
fa_sol                      0.000  106.176    2.076   25.558  133.810
fa_intra_rep                0.000    0.735    0.063    0.000    0.798
pro_close                   0.000    1.758    0.000    0.000    1.758
fa_pair                     0.000   -2.122   -0.017   -0.624   -2.763
hbond_sr_bb                -7.307    0.000    0.000    0.000   -7.307
hbond_lr_bb               -21.273    0.000    0.000    0.000  -21.273
hbond_bb_sc                 0.000   -2.936    0.000   -3.042   -5.978
hbond_sc                    0.000    0.000    0.000    0.000    0.000
dslf_ss_dst                 0.000    0.000    0.000    0.000    0.000
dslf_cs_ang                 0.000    0.000    0.000    0.000    0.000
dslf_ss_dih                 0.000    0.000    0.000    0.000    0.000
dslf_ca_dih                 0.000    0.000    0.000    0.000    0.000
rama                        0.000    4.385   -0.023    0.000    4.362
omega                       0.000    1.590    0.206    0.000    1.796
fa_dun                      0.000   57.900    8.296    0.000   66.196
p_aa_pp                     0.000  -14.257   -0.035    0.000  -14.292
ref                         0.000   -9.910   -3.720    0.000  -13.630
---------------------------------------------------------------------
Total                     -28.580  -48.366    3.845   -5.471  -78.572

core.pack.interaction_graph.interaction_graph_factory: Instantiating PDInteractionGraph
core.pack.pack_rotamers: built 9022 rotamers at 33 positions.
core.pack.pack_rotamers: IG: 114836472 bytes
app.sequence_tolerance: There are 1 positive states and 0 negative states
protocols.multistate_design.MultiStatePacker: Best single-state design score:   -97.70
app.sequence_tolerance: Adding single-state design entities:
app.sequence_tolerance: AA:85:R AA:86:I AA:87:E AA:88:T AA:89:V 
app.sequence_tolerance: Generation 1:
app.sequence_tolerance: Distinct new entities: 2000
app.sequence_tolerance: Duplicate new entities: 0
app.sequence_tolerance: Entities from previous generation: 0
app.sequence_tolerance: Entities resurrected from earlier generations: 0
app.sequence_tolerance: Fitness Percentiles: 0%=-97.6986 25%=-87.6011 50%=-83.9401 75%=2.88455 100%=867.876
app.sequence_tolerance: Best new entity:
MultiStateEntity with traits: AA:85:R AA:86:I AA:87:E AA:88:T AA:89:V and fitness -97.699
 SingleState 1 with fitness: -97.6986
app.sequence_tolerance: Generation 2:
app.sequence_tolerance: Distinct new entities: 1913
app.sequence_tolerance: Duplicate new entities: 2
app.sequence_tolerance: Entities from previous generation: 85
app.sequence_tolerance: Entities resurrected from earlier generations: 0
app.sequence_tolerance: Fitness Percentiles: 0%=-97.6986 25%=-89.0956 50%=-86.3139 75%=-81.3112 100%=791.348
app.sequence_tolerance: Best new entity:
MultiStateEntity with traits: AA:85:E AA:86:F AA:87:Y AA:88:F AA:89:V and fitness -96.655
 SingleState 1 with fitness: -96.6551
app.sequence_tolerance: Generation 3:
app.sequence_tolerance: Distinct new entities: 1905
app.sequence_tolerance: Duplicate new entities: 8
app.sequence_tolerance: Entities from previous generation: 82
app.sequence_tolerance: Entities resurrected from earlier generations: 5
app.sequence_tolerance: Fitness Percentiles: 0%=-97.9307 25%=-90.0388 50%=-87.546 75%=-84.3582 100%=787.499
app.sequence_tolerance: Best new entity:
MultiStateEntity with traits: AA:85:R AA:86:F AA:87:V AA:88:H AA:89:V and fitness -97.931
 SingleState 1 with fitness: -97.9307
app.sequence_tolerance: Generation 4:
app.sequence_tolerance: Distinct new entities: 1890
app.sequence_tolerance: Duplicate new entities: 4
app.sequence_tolerance: Entities from previous generation: 98
app.sequence_tolerance: Entities resurrected from earlier generations: 8
app.sequence_tolerance: Fitness Percentiles: 0%=-97.9307 25%=-90.816 50%=-88.4105 75%=-85.5394 100%=788.363
app.sequence_tolerance: Best new entity:
MultiStateEntity with traits: AA:85:R AA:86:T AA:87:L AA:88:F AA:89:V and fitness -97.681
 SingleState 1 with fitness: -97.6811
app.sequence_tolerance: Generation 5:
app.sequence_tolerance: Distinct new entities: 1894
app.sequence_tolerance: Duplicate new entities: 2
app.sequence_tolerance: Entities from previous generation: 90
app.sequence_tolerance: Entities resurrected from earlier generations: 14
app.sequence_tolerance: Fitness Percentiles: 0%=-97.9307 25%=-91.3706 50%=-89.215 75%=-86.269 100%=855.358
app.sequence_tolerance: Best new entity:
MultiStateEntity with traits: AA:85:R AA:86:F AA:87:N AA:88:W AA:89:V and fitness -97.451
 SingleState 1 with fitness: -97.4512
app.sequence_tolerance: Evaluated 9602 sequences out of 2476099 possible.
Best sequences:
