core.init: Mini-Rosetta version 40577 from https://svn.rosettacommons.org/source/branches/releases/rosetta-3.2/rosetta_source
core.init: command: /netapp/home/colin/rosetta/rosetta-3.2/rosetta_source/bin/sequence_tolerance.linuxgccrelease -database /netapp/home/colin/rosetta/rosetta-3.2/rosetta_database -s 2I0L_A_C_V2006_0002_low.pdb -ex1 -ex2 -extrachi_cutoff 0 -seq_tol:fitness_master_weights 1 1 1 2 -ms:generations 5 -ms:pop_size 2000 -ms:pop_from_ss 1 -ms:checkpoint:prefix 2I0L_A_C_V2006_0002 -ms:checkpoint:interval 200 -ms:checkpoint:gz -ms:numresults 0 -out:prefix 2I0L_A_C_V2006_0002 -score:weights standard -score:patch score12 -score:ref_offsets HIS 1.2 -resfile /netapp/home/colin/backrub_seqtol/input_files/2I0L_A_C_V2006/2I0L_A_C_V2006_seqtol.resfile
core.init: 'RNG device' seed mode, using '/dev/urandom', seed=-1169139022 seed_offset=0 real_seed=-1169139022
core.init.random: RandomGenerator:init: Normal mode, seed=-1169139022 RG_type=mt19937
core.pack.task: Packer task: initialize from command line() 
core.pack.task: Packer task: initialize from command line() 
core.scoring.ScoreFunctionFactory: SCOREFUNCTION: standard
core.scoring.ScoreFunctionFactory: SCOREFUNCTION PATCH: score12
core.scoring.etable: Starting energy table calculation
core.scoring.etable: smooth_etable: changing atr/rep split to bottom of energy well
core.scoring.etable: smooth_etable: spline smoothing lj etables (maxdis = 6)
core.scoring.etable: smooth_etable: spline smoothing solvation etables (max_dis = 6)
core.scoring.etable: Finished calculating energy tables.
core.io.database: Database file opened: /netapp/home/colin/rosetta/rosetta-3.2/rosetta_database/pdb_pair_stats_fine
core.io.database: Database file opened: /netapp/home/colin/rosetta/rosetta-3.2/rosetta_database/scoring/score_functions/hbonds/standard_params/HBPoly1D.csv
core.io.database: Database file opened: /netapp/home/colin/rosetta/rosetta-3.2/rosetta_database/scoring/score_functions/hbonds/standard_params/HBFadeIntervals.csv
core.io.database: Database file opened: /netapp/home/colin/rosetta/rosetta-3.2/rosetta_database/scoring/score_functions/hbonds/standard_params/HBEval.csv
core.io.database: Database file opened: /netapp/home/colin/rosetta/rosetta-3.2/rosetta_database/P_AA
core.io.database: Database file opened: /netapp/home/colin/rosetta/rosetta-3.2/rosetta_database/P_AA_n
core.io.database: Database file opened: /netapp/home/colin/rosetta/rosetta-3.2/rosetta_database/P_AA_pp
core.io.database: Database file opened: /netapp/home/colin/rosetta/rosetta-3.2/rosetta_database/Rama_smooth_dyn.dat_ss_6.4
core.scoring.dunbrack: Dunbrack library took 0.01 seconds to load from binary
app.sequence_tolerance: Residue Decomposition: [Set 1 (A): [1, 2, 3, 4, 5, 6, 7, 8, 9, 10, 11, 12, 13, 14, 15, 16, 17, 18, 19, 20, 21, 22, 23, 24, 25, 26, 27, 28, 29, 30, 31, 32, 33, 34, 35, 36, 37, 38, 39, 40, 41, 42, 43, 44, 45, 46, 47, 48, 49, 50, 51, 52, 53, 54, 55, 56, 57, 58, 59, 60, 61, 62, 63, 64, 65, 66, 67, 68, 69, 70, 71, 72, 73, 74, 75, 76, 77, 78, 79, 80, 81, 82, 83], Set 2 (B): [84, 85, 86, 87, 88, 89]]
app.sequence_tolerance: Fitness Function Master Weights: [1, 1, 1, 2]
app.sequence_tolerance: Fitness of Starting Structure: 
---------------------------------------------------------------------
Score Type                  Other        A        B      A-B    Total
---------------------------------------------------------------------
fa_atr                      0.000 -218.535   -3.582  -35.043 -257.159
fa_rep                      0.000   35.710    0.479    3.224   39.412
fa_sol                      0.000  106.208    2.258   19.602  128.068
fa_intra_rep                0.000    0.679    0.096    0.000    0.775
pro_close                   0.000    1.744    0.000    0.000    1.744
fa_pair                     0.000   -2.757    0.005   -0.958   -3.709
hbond_sr_bb                -7.619    0.000    0.000    0.000   -7.619
hbond_lr_bb               -23.677    0.000    0.000    0.000  -23.677
hbond_bb_sc                 0.000   -1.854    0.000    0.000   -1.854
hbond_sc                    0.000   -0.983    0.000   -2.480   -3.463
dslf_ss_dst                 0.000    0.000    0.000    0.000    0.000
dslf_cs_ang                 0.000    0.000    0.000    0.000    0.000
dslf_ss_dih                 0.000    0.000    0.000    0.000    0.000
dslf_ca_dih                 0.000    0.000    0.000    0.000    0.000
rama                        0.000    3.737   -0.235    0.000    3.502
omega                       0.000    1.593    0.208    0.000    1.801
fa_dun                      0.000   60.218   11.143    0.000   71.360
p_aa_pp                     0.000  -14.855   -0.037    0.000  -14.893
ref                         0.000   -9.910   -3.720    0.000  -13.630
---------------------------------------------------------------------
Total                     -31.296  -39.006    6.614  -15.655  -79.343

core.pack.interaction_graph.interaction_graph_factory: Instantiating PDInteractionGraph
core.pack.pack_rotamers: built 9067 rotamers at 33 positions.
core.pack.pack_rotamers: IG: 115705140 bytes
app.sequence_tolerance: There are 1 positive states and 0 negative states
protocols.multistate_design.MultiStatePacker: Best single-state design score:   -87.63
app.sequence_tolerance: Adding single-state design entities:
app.sequence_tolerance: AA:85:L AA:86:V AA:87:T AA:88:K AA:89:A 
app.sequence_tolerance: Generation 1:
app.sequence_tolerance: Distinct new entities: 2000
app.sequence_tolerance: Duplicate new entities: 0
app.sequence_tolerance: Entities from previous generation: 0
app.sequence_tolerance: Entities resurrected from earlier generations: 0
app.sequence_tolerance: Fitness Percentiles: 0%=-87.5727 25%=-77.1526 50%=-55.4228 75%=119.095 100%=2420.08
app.sequence_tolerance: Best new entity:
MultiStateEntity with traits: AA:85:L AA:86:V AA:87:T AA:88:K AA:89:A and fitness -87.573
 SingleState 1 with fitness: -87.5727
app.sequence_tolerance: Generation 2:
app.sequence_tolerance: Distinct new entities: 1926
app.sequence_tolerance: Duplicate new entities: 0
app.sequence_tolerance: Entities from previous generation: 74
app.sequence_tolerance: Entities resurrected from earlier generations: 0
app.sequence_tolerance: Fitness Percentiles: 0%=-87.5727 25%=-79.2315 50%=-72.6041 75%=-42.2331 100%=2422.43
app.sequence_tolerance: Best new entity:
MultiStateEntity with traits: AA:85:N AA:86:Y AA:87:T AA:88:F AA:89:A and fitness -86.911
 SingleState 1 with fitness: -86.9109
app.sequence_tolerance: Generation 3:
app.sequence_tolerance: Distinct new entities: 1908
app.sequence_tolerance: Duplicate new entities: 3
app.sequence_tolerance: Entities from previous generation: 85
app.sequence_tolerance: Entities resurrected from earlier generations: 4
app.sequence_tolerance: Fitness Percentiles: 0%=-87.5727 25%=-80.337 50%=-77.0005 75%=-66.4061 100%=2422.71
app.sequence_tolerance: Best new entity:
MultiStateEntity with traits: AA:85:D AA:86:V AA:87:T AA:88:K AA:89:A and fitness -86.908
 SingleState 1 with fitness: -86.9077
app.sequence_tolerance: Generation 4:
app.sequence_tolerance: Distinct new entities: 1903
app.sequence_tolerance: Duplicate new entities: 3
app.sequence_tolerance: Entities from previous generation: 88
app.sequence_tolerance: Entities resurrected from earlier generations: 6
app.sequence_tolerance: Fitness Percentiles: 0%=-87.5727 25%=-81.2006 50%=-78.7469 75%=-71.645 100%=2421.48
app.sequence_tolerance: Best new entity:
MultiStateEntity with traits: AA:85:L AA:86:V AA:87:E AA:88:Y AA:89:A and fitness -86.799
 SingleState 1 with fitness: -86.7987
app.sequence_tolerance: Generation 5:
app.sequence_tolerance: Distinct new entities: 1898
app.sequence_tolerance: Duplicate new entities: 5
app.sequence_tolerance: Entities from previous generation: 83
app.sequence_tolerance: Entities resurrected from earlier generations: 14
app.sequence_tolerance: Fitness Percentiles: 0%=-88.0901 25%=-81.7807 50%=-79.5525 75%=-74.2339 100%=2278.02
app.sequence_tolerance: Best new entity:
MultiStateEntity with traits: AA:85:L AA:86:V AA:87:T AA:88:Y AA:89:A and fitness -88.090
 SingleState 1 with fitness: -88.0901
app.sequence_tolerance: Evaluated 9635 sequences out of 2476099 possible.
Best sequences:
