core.init: Mini-Rosetta version 40577 from https://svn.rosettacommons.org/source/branches/releases/rosetta-3.2/rosetta_source
core.init: command: /netapp/home/colin/rosetta/rosetta-3.2/rosetta_source/bin/backrub.linuxgccrelease -database /netapp/home/colin/rosetta/rosetta-3.2/rosetta_database -s /netapp/home/colin/backrub_seqtol/input_files/2I0L_A_C_V2006/2I0L_A_C_V2006.pdb -ignore_unrecognized_res -ex1 -ex2 -extrachi_cutoff 0 -out:prefix 2I0L_A_C_V2006_0020 -mute core.io.pdb.file_data -backrub:ntrials 10000 -score:weights standard -score:patch score12
core.init: 'RNG device' seed mode, using '/dev/urandom', seed=1904368494 seed_offset=0 real_seed=1904368494
core.init.random: RandomGenerator:init: Normal mode, seed=1904368494 RG_type=mt19937
core.scoring.ScoreFunctionFactory: SCOREFUNCTION: standard
core.scoring.ScoreFunctionFactory: SCOREFUNCTION PATCH: score12
core.scoring.etable: Starting energy table calculation
core.scoring.etable: smooth_etable: changing atr/rep split to bottom of energy well
core.scoring.etable: smooth_etable: spline smoothing lj etables (maxdis = 6)
core.scoring.etable: smooth_etable: spline smoothing solvation etables (max_dis = 6)
core.scoring.etable: Finished calculating energy tables.
core.io.database: Database file opened: /netapp/home/colin/rosetta/rosetta-3.2/rosetta_database/pdb_pair_stats_fine
core.io.database: Database file opened: /netapp/home/colin/rosetta/rosetta-3.2/rosetta_database/scoring/score_functions/hbonds/standard_params/HBPoly1D.csv
core.io.database: Database file opened: /netapp/home/colin/rosetta/rosetta-3.2/rosetta_database/scoring/score_functions/hbonds/standard_params/HBFadeIntervals.csv
core.io.database: Database file opened: /netapp/home/colin/rosetta/rosetta-3.2/rosetta_database/scoring/score_functions/hbonds/standard_params/HBEval.csv
core.io.database: Database file opened: /netapp/home/colin/rosetta/rosetta-3.2/rosetta_database/P_AA
core.io.database: Database file opened: /netapp/home/colin/rosetta/rosetta-3.2/rosetta_database/P_AA_n
core.io.database: Database file opened: /netapp/home/colin/rosetta/rosetta-3.2/rosetta_database/P_AA_pp
core.io.database: Database file opened: /netapp/home/colin/rosetta/rosetta-3.2/rosetta_database/Rama_smooth_dyn.dat_ss_6.4
core.mm.MMBondAngleLibrary: MM bond angle sets added fully assigned: 474; wildcard: 0 and 1 virtual parameter.
core.io.database: Database file opened: /netapp/home/colin/rosetta/rosetta-3.2/rosetta_database/branch_angle/branch_angle_1.txt
core.io.database: Database file opened: /netapp/home/colin/rosetta/rosetta-3.2/rosetta_database/branch_angle/branch_angle_2.txt
core.scoring.dunbrack: Dunbrack library took 0.02 seconds to load from binary
apps.backrub: Processing /netapp/home/colin/backrub_seqtol/input_files/2I0L_A_C_V2006/2I0L_A_C_V2006.pdb...
core.conformation.Conformation: [ WARNING ] missing heavyatom:  CG1 on residue ILE 36
core.conformation.Conformation: [ WARNING ] missing heavyatom:  CG2 on residue ILE 36
core.conformation.Conformation: [ WARNING ] missing heavyatom:  CD1 on residue ILE 36
core.conformation.Conformation: [ WARNING ] missing heavyatom:  CG  on residue GLU 63
core.conformation.Conformation: [ WARNING ] missing heavyatom:  CD  on residue GLU 63
core.conformation.Conformation: [ WARNING ] missing heavyatom:  OE1 on residue GLU 63
core.conformation.Conformation: [ WARNING ] missing heavyatom:  OE2 on residue GLU 63
core.conformation.Conformation: [ WARNING ] missing heavyatom:  OXT on residue LYS_p:CtermProteinFull 83
core.conformation.Conformation: [ WARNING ] missing heavyatom:  CG  on residue ARG_p:NtermProteinFull 84
core.conformation.Conformation: [ WARNING ] missing heavyatom:  CD  on residue ARG_p:NtermProteinFull 84
core.conformation.Conformation: [ WARNING ] missing heavyatom:  NE  on residue ARG_p:NtermProteinFull 84
core.conformation.Conformation: [ WARNING ] missing heavyatom:  CZ  on residue ARG_p:NtermProteinFull 84
core.conformation.Conformation: [ WARNING ] missing heavyatom:  NH1 on residue ARG_p:NtermProteinFull 84
core.conformation.Conformation: [ WARNING ] missing heavyatom:  NH2 on residue ARG_p:NtermProteinFull 84
core.pack.task: Packer task: initialize from command line() 
core.pack.pack_missing_sidechains: packing residue number 36 because of missing atom number 6 atom name  CG1
core.pack.pack_missing_sidechains: packing residue number 63 because of missing atom number 6 atom name  CG 
core.pack.pack_missing_sidechains: packing residue number 84 because of missing atom number 6 atom name  CG 
core.pack.interaction_graph.interaction_graph_factory: Instantiating DensePDInteractionGraph
core.pack.pack_rotamers: built 354 rotamers at 3 positions.
core.pack.pack_rotamers: IG: 2820 bytes
protocols.moves.BackrubMover: Segment lengths: 3-34 atoms
protocols.moves.BackrubMover: Main chain pivot atoms: CA
protocols.moves.BackrubMover: Adding backrub segments for residues 1-89
protocols.moves.BackrubMover: Total Segments Added: 822
apps.backrub: Score After PDB Load:
apps.backrub: ------------------------------------------------------------
 Scores                       Weight   Raw Score Wghtd.Score
------------------------------------------------------------
 fa_atr                       0.800    -339.413    -271.531
 fa_rep                       0.440     294.375     129.525
 fa_sol                       0.650     220.671     143.436
 fa_intra_rep                 0.004     303.895       1.216
 mm_bend                      1.000     131.291     131.291
 pro_close                    1.000       1.737       1.737
 fa_pair                      0.490      -7.773      -3.809
 hbond_sr_bb                  0.585     -19.138     -11.196
 hbond_lr_bb                  1.170     -22.575     -26.412
 hbond_bb_sc                  1.170      -2.406      -2.815
 hbond_sc                     1.100      -1.027      -1.130
 dslf_ss_dst                  0.500       0.000       0.000
 dslf_cs_ang                  2.000       0.000       0.000
 dslf_ss_dih                  5.000       0.000       0.000
 dslf_ca_dih                  5.000       0.000       0.000
 rama                         0.200      76.122      15.224
 omega                        0.500       3.591       1.796
 fa_dun                       0.560     320.523     179.493
 p_aa_pp                      0.320     -38.277     -12.249
 ref                          1.000     -17.230     -17.230
---------------------------------------------------
 Total weighted score:                      257.347
core.pack.task: Packer task: initialize from command line() 
apps.backrub: Score After Branch Angle Optimization/Side Chain Idealization:
apps.backrub: ------------------------------------------------------------
 Scores                       Weight   Raw Score Wghtd.Score
------------------------------------------------------------
 fa_atr                       0.800    -337.281    -269.825
 fa_rep                       0.440     423.931     186.530
 fa_sol                       0.650     220.535     143.348
 fa_intra_rep                 0.004     354.860       1.419
 mm_bend                      1.000      70.135      70.135
 pro_close                    1.000       1.737       1.737
 fa_pair                      0.490      -7.856      -3.849
 hbond_sr_bb                  0.585     -19.138     -11.196
 hbond_lr_bb                  1.170     -22.575     -26.412
 hbond_bb_sc                  1.170      -2.242      -2.623
 hbond_sc                     1.100      -1.507      -1.658
 dslf_ss_dst                  0.500       0.000       0.000
 dslf_cs_ang                  2.000       0.000       0.000
 dslf_ss_dih                  5.000       0.000       0.000
 dslf_ca_dih                  5.000       0.000       0.000
 rama                         0.200      76.122      15.224
 omega                        0.500       3.591       1.796
 fa_dun                       0.560     320.188     179.305
 p_aa_pp                      0.320     -38.277     -12.249
 ref                          1.000     -17.230     -17.230
---------------------------------------------------
 Total weighted score:                      254.453
core.pack.task: Packer task: initialize from command line() 
apps.backrub: Running 10000 trials...
protocols.moves.MonteCarlo:      br_CA_CA_04 trials=    751;  accepts= 0.4021;  energy_drop/trial=  -0.03393
protocols.moves.MonteCarlo:      br_CA_CA_07 trials=    694;  accepts= 0.3646;  energy_drop/trial=  -0.03189
protocols.moves.MonteCarlo:      br_CA_CA_10 trials=    705;  accepts= 0.3220;  energy_drop/trial=  -0.00908
protocols.moves.MonteCarlo:      br_CA_CA_13 trials=    719;  accepts= 0.2935;  energy_drop/trial=  -0.02026
protocols.moves.MonteCarlo:      br_CA_CA_16 trials=    697;  accepts= 0.2568;  energy_drop/trial=  -0.03204
protocols.moves.MonteCarlo:      br_CA_CA_19 trials=    679;  accepts= 0.2371;  energy_drop/trial=   0.01998
protocols.moves.MonteCarlo:      br_CA_CA_22 trials=    686;  accepts= 0.2172;  energy_drop/trial=   0.00773
protocols.moves.MonteCarlo:      br_CA_CA_25 trials=    712;  accepts= 0.2079;  energy_drop/trial=  -0.00026
protocols.moves.MonteCarlo:      br_CA_CA_28 trials=    648;  accepts= 0.2330;  energy_drop/trial=  -0.00649
protocols.moves.MonteCarlo:      br_CA_CA_31 trials=    633;  accepts= 0.2196;  energy_drop/trial=  -0.01145
protocols.moves.MonteCarlo:      br_CA_CA_34 trials=    655;  accepts= 0.1847;  energy_drop/trial=  -0.02354
protocols.moves.MonteCarlo:       sc_chi_rot trials=   2182;  accepts= 0.4065;  energy_drop/trial=  -0.08129
protocols.moves.MonteCarlo:      sc_chi_unif trials=    239;  accepts= 0.0418;  energy_drop/trial=   0.02155
apps.backrub: Last Score:
apps.backrub: ------------------------------------------------------------
 Scores                       Weight   Raw Score Wghtd.Score
------------------------------------------------------------
 fa_atr                       0.800    -297.325    -237.860
 fa_rep                       0.440     100.879      44.387
 fa_sol                       0.650     181.567     118.018
 fa_intra_rep                 0.004     193.664       0.775
 mm_bend                      1.000      37.300      37.300
 pro_close                    1.000       1.737       1.737
 fa_pair                      0.490      -5.933      -2.907
 hbond_sr_bb                  0.585     -12.858      -7.522
 hbond_lr_bb                  1.170     -14.688     -17.185
 hbond_bb_sc                  1.170      -2.326      -2.722
 hbond_sc                     1.100      -0.221      -0.243
 dslf_ss_dst                  0.500       0.000       0.000
 dslf_cs_ang                  2.000       0.000       0.000
 dslf_ss_dih                  5.000       0.000       0.000
 dslf_ca_dih                  5.000       0.000       0.000
 rama                         0.200      19.721       3.944
 omega                        0.500       3.591       1.796
 fa_dun                       0.560     134.178      75.140
 p_aa_pp                      0.320     -44.684     -14.299
 ref                          1.000     -17.230     -17.230
---------------------------------------------------
 Total weighted score:                      -16.872
apps.backrub: Low Score:
apps.backrub: ------------------------------------------------------------
 Scores                       Weight   Raw Score Wghtd.Score
------------------------------------------------------------
 fa_atr                       0.800    -299.453    -239.563
 fa_rep                       0.440      87.053      38.303
 fa_sol                       0.650     188.680     122.642
 fa_intra_rep                 0.004     199.626       0.799
 mm_bend                      1.000      39.026      39.026
 pro_close                    1.000       1.737       1.737
 fa_pair                      0.490      -6.667      -3.267
 hbond_sr_bb                  0.585     -16.396      -9.592
 hbond_lr_bb                  1.170     -14.129     -16.531
 hbond_bb_sc                  1.170      -2.832      -3.313
 hbond_sc                     1.100      -0.952      -1.047
 dslf_ss_dst                  0.500       0.000       0.000
 dslf_cs_ang                  2.000       0.000       0.000
 dslf_ss_dih                  5.000       0.000       0.000
 dslf_ca_dih                  5.000       0.000       0.000
 rama                         0.200      15.014       3.003
 omega                        0.500       3.591       1.796
 fa_dun                       0.560     133.916      74.993
 p_aa_pp                      0.320     -44.359     -14.195
 ref                          1.000     -17.230     -17.230
---------------------------------------------------
 Total weighted score:                      -22.439
