core.init: Mini-Rosetta version 40577 from https://svn.rosettacommons.org/source/branches/releases/rosetta-3.2/rosetta_source
core.init: command: /netapp/home/colin/rosetta/rosetta-3.2/rosetta_source/bin/sequence_tolerance.linuxgccrelease -database /netapp/home/colin/rosetta/rosetta-3.2/rosetta_database -s 2I0L_A_C_V2006_0020_low.pdb -ex1 -ex2 -extrachi_cutoff 0 -seq_tol:fitness_master_weights 1 1 1 2 -ms:generations 5 -ms:pop_size 2000 -ms:pop_from_ss 1 -ms:checkpoint:prefix 2I0L_A_C_V2006_0020 -ms:checkpoint:interval 200 -ms:checkpoint:gz -ms:numresults 0 -out:prefix 2I0L_A_C_V2006_0020 -score:weights standard -score:patch score12 -score:ref_offsets HIS 1.2 -resfile /netapp/home/colin/backrub_seqtol/input_files/2I0L_A_C_V2006/2I0L_A_C_V2006_seqtol.resfile
core.init: 'RNG device' seed mode, using '/dev/urandom', seed=-325868914 seed_offset=0 real_seed=-325868914
core.init.random: RandomGenerator:init: Normal mode, seed=-325868914 RG_type=mt19937
core.pack.task: Packer task: initialize from command line() 
core.pack.task: Packer task: initialize from command line() 
core.scoring.ScoreFunctionFactory: SCOREFUNCTION: standard
core.scoring.ScoreFunctionFactory: SCOREFUNCTION PATCH: score12
core.scoring.etable: Starting energy table calculation
core.scoring.etable: smooth_etable: changing atr/rep split to bottom of energy well
core.scoring.etable: smooth_etable: spline smoothing lj etables (maxdis = 6)
core.scoring.etable: smooth_etable: spline smoothing solvation etables (max_dis = 6)
core.scoring.etable: Finished calculating energy tables.
core.io.database: Database file opened: /netapp/home/colin/rosetta/rosetta-3.2/rosetta_database/pdb_pair_stats_fine
core.io.database: Database file opened: /netapp/home/colin/rosetta/rosetta-3.2/rosetta_database/scoring/score_functions/hbonds/standard_params/HBPoly1D.csv
core.io.database: Database file opened: /netapp/home/colin/rosetta/rosetta-3.2/rosetta_database/scoring/score_functions/hbonds/standard_params/HBFadeIntervals.csv
core.io.database: Database file opened: /netapp/home/colin/rosetta/rosetta-3.2/rosetta_database/scoring/score_functions/hbonds/standard_params/HBEval.csv
core.io.database: Database file opened: /netapp/home/colin/rosetta/rosetta-3.2/rosetta_database/P_AA
core.io.database: Database file opened: /netapp/home/colin/rosetta/rosetta-3.2/rosetta_database/P_AA_n
core.io.database: Database file opened: /netapp/home/colin/rosetta/rosetta-3.2/rosetta_database/P_AA_pp
core.io.database: Database file opened: /netapp/home/colin/rosetta/rosetta-3.2/rosetta_database/Rama_smooth_dyn.dat_ss_6.4
core.scoring.dunbrack: Dunbrack library took 0.03 seconds to load from binary
app.sequence_tolerance: Residue Decomposition: [Set 1 (A): [1, 2, 3, 4, 5, 6, 7, 8, 9, 10, 11, 12, 13, 14, 15, 16, 17, 18, 19, 20, 21, 22, 23, 24, 25, 26, 27, 28, 29, 30, 31, 32, 33, 34, 35, 36, 37, 38, 39, 40, 41, 42, 43, 44, 45, 46, 47, 48, 49, 50, 51, 52, 53, 54, 55, 56, 57, 58, 59, 60, 61, 62, 63, 64, 65, 66, 67, 68, 69, 70, 71, 72, 73, 74, 75, 76, 77, 78, 79, 80, 81, 82, 83], Set 2 (B): [84, 85, 86, 87, 88, 89]]
app.sequence_tolerance: Fitness Function Master Weights: [1, 1, 1, 2]
app.sequence_tolerance: Fitness of Starting Structure: 
---------------------------------------------------------------------
Score Type                  Other        A        B      A-B    Total
---------------------------------------------------------------------
fa_atr                      0.000 -219.796   -3.969  -31.598 -255.363
fa_rep                      0.000   34.955    0.472    5.735   41.161
fa_sol                      0.000  109.054    2.443   22.289  133.787
fa_intra_rep                0.000    0.725    0.073    0.000    0.798
pro_close                   0.000    1.733    0.000    0.000    1.733
fa_pair                     0.000   -2.842    0.025   -0.899   -3.716
hbond_sr_bb                -9.593    0.000    0.000    0.000   -9.593
hbond_lr_bb               -16.526    0.000    0.000    0.000  -16.526
hbond_bb_sc                 0.000   -2.311    0.000   -2.006   -4.317
hbond_sc                    0.000   -1.048    0.000    0.000   -1.048
dslf_ss_dst                 0.000    0.000    0.000    0.000    0.000
dslf_cs_ang                 0.000    0.000    0.000    0.000    0.000
dslf_ss_dih                 0.000    0.000    0.000    0.000    0.000
dslf_ca_dih                 0.000    0.000    0.000    0.000    0.000
rama                        0.000    3.382   -0.380    0.000    3.002
omega                       0.000    1.587    0.205    0.000    1.793
fa_dun                      0.000   64.972    9.999    0.000   74.971
p_aa_pp                     0.000  -14.146   -0.050    0.000  -14.196
ref                         0.000   -9.910   -3.720    0.000  -13.630
---------------------------------------------------------------------
Total                     -26.119  -33.644    5.098   -6.479  -61.144

core.pack.interaction_graph.interaction_graph_factory: Instantiating PDInteractionGraph
core.pack.pack_rotamers: built 9356 rotamers at 33 positions.
core.pack.pack_rotamers: IG: 124269676 bytes
app.sequence_tolerance: There are 1 positive states and 0 negative states
protocols.multistate_design.MultiStatePacker: Best single-state design score:   -79.09
app.sequence_tolerance: Adding single-state design entities:
app.sequence_tolerance: AA:85:I AA:86:I AA:87:L AA:88:E AA:89:V 
app.sequence_tolerance: Generation 1:
app.sequence_tolerance: Distinct new entities: 1998
app.sequence_tolerance: Duplicate new entities: 2
app.sequence_tolerance: Entities from previous generation: 0
app.sequence_tolerance: Entities resurrected from earlier generations: 0
app.sequence_tolerance: Fitness Percentiles: 0%=-79.6557 25%=-72.9806 50%=-69.4154 75%=-9.96922 100%=1589.97
app.sequence_tolerance: Best new entity:
MultiStateEntity with traits: AA:85:Q AA:86:E AA:87:R AA:88:Y AA:89:I and fitness -79.656
 SingleState 1 with fitness: -79.6557
app.sequence_tolerance: Generation 2:
app.sequence_tolerance: Distinct new entities: 1936
app.sequence_tolerance: Duplicate new entities: 4
app.sequence_tolerance: Entities from previous generation: 60
app.sequence_tolerance: Entities resurrected from earlier generations: 0
app.sequence_tolerance: Fitness Percentiles: 0%=-79.6557 25%=-74.1501 50%=-71.9408 75%=-67.9145 100%=1518.58
app.sequence_tolerance: Best new entity:
MultiStateEntity with traits: AA:85:E AA:86:F AA:87:M AA:88:T AA:89:I and fitness -79.090
 SingleState 1 with fitness: -79.09
app.sequence_tolerance: Generation 3:
app.sequence_tolerance: Distinct new entities: 1925
app.sequence_tolerance: Duplicate new entities: 3
app.sequence_tolerance: Entities from previous generation: 69
app.sequence_tolerance: Entities resurrected from earlier generations: 3
app.sequence_tolerance: Fitness Percentiles: 0%=-80.4225 25%=-74.8917 50%=-73.0661 75%=-70.4878 100%=1517.13
app.sequence_tolerance: Best new entity:
MultiStateEntity with traits: AA:85:Y AA:86:F AA:87:R AA:88:W AA:89:V and fitness -80.423
 SingleState 1 with fitness: -80.4225
app.sequence_tolerance: Generation 4:
app.sequence_tolerance: Distinct new entities: 1914
app.sequence_tolerance: Duplicate new entities: 7
app.sequence_tolerance: Entities from previous generation: 72
app.sequence_tolerance: Entities resurrected from earlier generations: 7
app.sequence_tolerance: Fitness Percentiles: 0%=-81.5763 25%=-75.5778 50%=-73.8206 75%=-71.4664 100%=1516.06
app.sequence_tolerance: Best new entity:
MultiStateEntity with traits: AA:85:Y AA:86:V AA:87:R AA:88:W AA:89:I and fitness -81.576
 SingleState 1 with fitness: -81.5763
app.sequence_tolerance: Generation 5:
app.sequence_tolerance: Distinct new entities: 1898
app.sequence_tolerance: Duplicate new entities: 5
app.sequence_tolerance: Entities from previous generation: 87
app.sequence_tolerance: Entities resurrected from earlier generations: 10
app.sequence_tolerance: Fitness Percentiles: 0%=-81.5763 25%=-76.0212 50%=-74.3581 75%=-72.0135 100%=1520.13
app.sequence_tolerance: Best new entity:
MultiStateEntity with traits: AA:85:E AA:86:M AA:87:R AA:88:W AA:89:I and fitness -81.274
 SingleState 1 with fitness: -81.2741
app.sequence_tolerance: Evaluated 9671 sequences out of 2476099 possible.
Best sequences:
