core.init: Mini-Rosetta version 40577 from https://svn.rosettacommons.org/source/branches/releases/rosetta-3.2/rosetta_source
core.init: command: /netapp/home/colin/rosetta/rosetta-3.2/rosetta_source/bin/sequence_tolerance.linuxgccrelease -database /netapp/home/colin/rosetta/rosetta-3.2/rosetta_database -s 2I0L_A_C_V2006_0009_low.pdb -ex1 -ex2 -extrachi_cutoff 0 -seq_tol:fitness_master_weights 1 1 1 2 -ms:generations 5 -ms:pop_size 2000 -ms:pop_from_ss 1 -ms:checkpoint:prefix 2I0L_A_C_V2006_0009 -ms:checkpoint:interval 200 -ms:checkpoint:gz -ms:numresults 0 -out:prefix 2I0L_A_C_V2006_0009 -score:weights standard -score:patch score12 -score:ref_offsets HIS 1.2 -resfile /netapp/home/colin/backrub_seqtol/input_files/2I0L_A_C_V2006/2I0L_A_C_V2006_seqtol.resfile
core.init: 'RNG device' seed mode, using '/dev/urandom', seed=-1374540749 seed_offset=0 real_seed=-1374540749
core.init.random: RandomGenerator:init: Normal mode, seed=-1374540749 RG_type=mt19937
core.pack.task: Packer task: initialize from command line() 
core.pack.task: Packer task: initialize from command line() 
core.scoring.ScoreFunctionFactory: SCOREFUNCTION: standard
core.scoring.ScoreFunctionFactory: SCOREFUNCTION PATCH: score12
core.scoring.etable: Starting energy table calculation
core.scoring.etable: smooth_etable: changing atr/rep split to bottom of energy well
core.scoring.etable: smooth_etable: spline smoothing lj etables (maxdis = 6)
core.scoring.etable: smooth_etable: spline smoothing solvation etables (max_dis = 6)
core.scoring.etable: Finished calculating energy tables.
core.io.database: Database file opened: /netapp/home/colin/rosetta/rosetta-3.2/rosetta_database/pdb_pair_stats_fine
core.io.database: Database file opened: /netapp/home/colin/rosetta/rosetta-3.2/rosetta_database/scoring/score_functions/hbonds/standard_params/HBPoly1D.csv
core.io.database: Database file opened: /netapp/home/colin/rosetta/rosetta-3.2/rosetta_database/scoring/score_functions/hbonds/standard_params/HBFadeIntervals.csv
core.io.database: Database file opened: /netapp/home/colin/rosetta/rosetta-3.2/rosetta_database/scoring/score_functions/hbonds/standard_params/HBEval.csv
core.io.database: Database file opened: /netapp/home/colin/rosetta/rosetta-3.2/rosetta_database/P_AA
core.io.database: Database file opened: /netapp/home/colin/rosetta/rosetta-3.2/rosetta_database/P_AA_n
core.io.database: Database file opened: /netapp/home/colin/rosetta/rosetta-3.2/rosetta_database/P_AA_pp
core.io.database: Database file opened: /netapp/home/colin/rosetta/rosetta-3.2/rosetta_database/Rama_smooth_dyn.dat_ss_6.4
core.scoring.dunbrack: Dunbrack library took 0.02 seconds to load from binary
app.sequence_tolerance: Residue Decomposition: [Set 1 (A): [1, 2, 3, 4, 5, 6, 7, 8, 9, 10, 11, 12, 13, 14, 15, 16, 17, 18, 19, 20, 21, 22, 23, 24, 25, 26, 27, 28, 29, 30, 31, 32, 33, 34, 35, 36, 37, 38, 39, 40, 41, 42, 43, 44, 45, 46, 47, 48, 49, 50, 51, 52, 53, 54, 55, 56, 57, 58, 59, 60, 61, 62, 63, 64, 65, 66, 67, 68, 69, 70, 71, 72, 73, 74, 75, 76, 77, 78, 79, 80, 81, 82, 83], Set 2 (B): [84, 85, 86, 87, 88, 89]]
app.sequence_tolerance: Fitness Function Master Weights: [1, 1, 1, 2]
app.sequence_tolerance: Fitness of Starting Structure: 
---------------------------------------------------------------------
Score Type                  Other        A        B      A-B    Total
---------------------------------------------------------------------
fa_atr                      0.000 -226.034   -3.060  -34.626 -263.720
fa_rep                      0.000   45.961    0.169    1.908   48.039
fa_sol                      0.000  110.444    2.132   21.618  134.195
fa_intra_rep                0.000    0.698    0.053    0.000    0.751
pro_close                   0.000    1.725    0.000    0.000    1.725
fa_pair                     0.000   -3.153    0.000   -1.148   -4.301
hbond_sr_bb                -9.312    0.000    0.000    0.000   -9.312
hbond_lr_bb               -21.394    0.000    0.000    0.000  -21.394
hbond_bb_sc                 0.000   -3.237    0.000   -0.555   -3.793
hbond_sc                    0.000   -0.868    0.000    0.000   -0.868
dslf_ss_dst                 0.000    0.000    0.000    0.000    0.000
dslf_cs_ang                 0.000    0.000    0.000    0.000    0.000
dslf_ss_dih                 0.000    0.000    0.000    0.000    0.000
dslf_ca_dih                 0.000    0.000    0.000    0.000    0.000
rama                        0.000    3.593   -0.170    0.000    3.423
omega                       0.000    1.588    0.206    0.000    1.795
fa_dun                      0.000   60.437    7.111    0.000   67.549
p_aa_pp                     0.000  -12.955   -0.006    0.000  -12.961
ref                         0.000   -9.910   -3.720    0.000  -13.630
---------------------------------------------------------------------
Total                     -30.706  -31.709    2.716  -12.803  -72.503

core.pack.interaction_graph.interaction_graph_factory: Instantiating PDInteractionGraph
core.pack.pack_rotamers: built 9381 rotamers at 33 positions.
core.pack.pack_rotamers: IG: 122612828 bytes
app.sequence_tolerance: There are 1 positive states and 0 negative states
protocols.multistate_design.MultiStatePacker: Best single-state design score:   -86.12
app.sequence_tolerance: Adding single-state design entities:
app.sequence_tolerance: AA:85:R AA:86:V AA:87:R AA:88:T AA:89:V 
app.sequence_tolerance: Generation 1:
app.sequence_tolerance: Distinct new entities: 1999
app.sequence_tolerance: Duplicate new entities: 1
app.sequence_tolerance: Entities from previous generation: 0
app.sequence_tolerance: Entities resurrected from earlier generations: 0
app.sequence_tolerance: Fitness Percentiles: 0%=-86.1239 25%=-74.86 50%=-57.757 75%=197.36 100%=1672.87
app.sequence_tolerance: Best new entity:
MultiStateEntity with traits: AA:85:R AA:86:V AA:87:R AA:88:T AA:89:V and fitness -86.124
 SingleState 1 with fitness: -86.1239
app.sequence_tolerance: Generation 2:
app.sequence_tolerance: Distinct new entities: 1925
app.sequence_tolerance: Duplicate new entities: 2
app.sequence_tolerance: Entities from previous generation: 73
app.sequence_tolerance: Entities resurrected from earlier generations: 0
app.sequence_tolerance: Fitness Percentiles: 0%=-86.1239 25%=-76.5978 50%=-72.9527 75%=8.97994 100%=1633.49
app.sequence_tolerance: Best new entity:
MultiStateEntity with traits: AA:85:S AA:86:I AA:87:I AA:88:T AA:89:V and fitness -84.983
 SingleState 1 with fitness: -84.983
app.sequence_tolerance: Generation 3:
app.sequence_tolerance: Distinct new entities: 1928
app.sequence_tolerance: Duplicate new entities: 1
app.sequence_tolerance: Entities from previous generation: 65
app.sequence_tolerance: Entities resurrected from earlier generations: 6
app.sequence_tolerance: Fitness Percentiles: 0%=-86.1239 25%=-77.7067 50%=-74.9277 75%=-69.4585 100%=1634.77
app.sequence_tolerance: Best new entity:
MultiStateEntity with traits: AA:85:R AA:86:Q AA:87:V AA:88:T AA:89:V and fitness -86.119
 SingleState 1 with fitness: -86.1186
app.sequence_tolerance: Generation 4:
app.sequence_tolerance: Distinct new entities: 1907
app.sequence_tolerance: Duplicate new entities: 3
app.sequence_tolerance: Entities from previous generation: 75
app.sequence_tolerance: Entities resurrected from earlier generations: 15
app.sequence_tolerance: Fitness Percentiles: 0%=-86.1239 25%=-78.6772 50%=-76.0972 75%=-72.2087 100%=1638.95
app.sequence_tolerance: Best new entity:
MultiStateEntity with traits: AA:85:R AA:86:Q AA:87:K AA:88:F AA:89:V and fitness -85.503
 SingleState 1 with fitness: -85.5029
app.sequence_tolerance: Generation 5:
app.sequence_tolerance: Distinct new entities: 1892
app.sequence_tolerance: Duplicate new entities: 6
app.sequence_tolerance: Entities from previous generation: 93
app.sequence_tolerance: Entities resurrected from earlier generations: 9
app.sequence_tolerance: Fitness Percentiles: 0%=-86.1559 25%=-79.4652 50%=-76.9131 75%=-73.0047 100%=1633.87
app.sequence_tolerance: Best new entity:
MultiStateEntity with traits: AA:85:R AA:86:V AA:87:V AA:88:L AA:89:V and fitness -86.156
 SingleState 1 with fitness: -86.1559
app.sequence_tolerance: Evaluated 9651 sequences out of 2476099 possible.
Best sequences:
