core.init: Mini-Rosetta version 40577 from https://svn.rosettacommons.org/source/branches/releases/rosetta-3.2/rosetta_source
core.init: command: /netapp/home/colin/rosetta/rosetta-3.2/rosetta_source/bin/sequence_tolerance.linuxgccrelease -database /netapp/home/colin/rosetta/rosetta-3.2/rosetta_database -s 2I0L_A_C_V2006_0005_low.pdb -ex1 -ex2 -extrachi_cutoff 0 -seq_tol:fitness_master_weights 1 1 1 2 -ms:generations 5 -ms:pop_size 2000 -ms:pop_from_ss 1 -ms:checkpoint:prefix 2I0L_A_C_V2006_0005 -ms:checkpoint:interval 200 -ms:checkpoint:gz -ms:numresults 0 -out:prefix 2I0L_A_C_V2006_0005 -score:weights standard -score:patch score12 -score:ref_offsets HIS 1.2 -resfile /netapp/home/colin/backrub_seqtol/input_files/2I0L_A_C_V2006/2I0L_A_C_V2006_seqtol.resfile
core.init: 'RNG device' seed mode, using '/dev/urandom', seed=1538118133 seed_offset=0 real_seed=1538118133
core.init.random: RandomGenerator:init: Normal mode, seed=1538118133 RG_type=mt19937
core.pack.task: Packer task: initialize from command line() 
core.pack.task: Packer task: initialize from command line() 
core.scoring.ScoreFunctionFactory: SCOREFUNCTION: standard
core.scoring.ScoreFunctionFactory: SCOREFUNCTION PATCH: score12
core.scoring.etable: Starting energy table calculation
core.scoring.etable: smooth_etable: changing atr/rep split to bottom of energy well
core.scoring.etable: smooth_etable: spline smoothing lj etables (maxdis = 6)
core.scoring.etable: smooth_etable: spline smoothing solvation etables (max_dis = 6)
core.scoring.etable: Finished calculating energy tables.
core.io.database: Database file opened: /netapp/home/colin/rosetta/rosetta-3.2/rosetta_database/pdb_pair_stats_fine
core.io.database: Database file opened: /netapp/home/colin/rosetta/rosetta-3.2/rosetta_database/scoring/score_functions/hbonds/standard_params/HBPoly1D.csv
core.io.database: Database file opened: /netapp/home/colin/rosetta/rosetta-3.2/rosetta_database/scoring/score_functions/hbonds/standard_params/HBFadeIntervals.csv
core.io.database: Database file opened: /netapp/home/colin/rosetta/rosetta-3.2/rosetta_database/scoring/score_functions/hbonds/standard_params/HBEval.csv
core.io.database: Database file opened: /netapp/home/colin/rosetta/rosetta-3.2/rosetta_database/P_AA
core.io.database: Database file opened: /netapp/home/colin/rosetta/rosetta-3.2/rosetta_database/P_AA_n
core.io.database: Database file opened: /netapp/home/colin/rosetta/rosetta-3.2/rosetta_database/P_AA_pp
core.io.database: Database file opened: /netapp/home/colin/rosetta/rosetta-3.2/rosetta_database/Rama_smooth_dyn.dat_ss_6.4
core.scoring.dunbrack: Dunbrack library took 0.02 seconds to load from binary
app.sequence_tolerance: Residue Decomposition: [Set 1 (A): [1, 2, 3, 4, 5, 6, 7, 8, 9, 10, 11, 12, 13, 14, 15, 16, 17, 18, 19, 20, 21, 22, 23, 24, 25, 26, 27, 28, 29, 30, 31, 32, 33, 34, 35, 36, 37, 38, 39, 40, 41, 42, 43, 44, 45, 46, 47, 48, 49, 50, 51, 52, 53, 54, 55, 56, 57, 58, 59, 60, 61, 62, 63, 64, 65, 66, 67, 68, 69, 70, 71, 72, 73, 74, 75, 76, 77, 78, 79, 80, 81, 82, 83], Set 2 (B): [84, 85, 86, 87, 88, 89]]
app.sequence_tolerance: Fitness Function Master Weights: [1, 1, 1, 2]
app.sequence_tolerance: Fitness of Starting Structure: 
---------------------------------------------------------------------
Score Type                  Other        A        B      A-B    Total
---------------------------------------------------------------------
fa_atr                      0.000 -216.560   -4.272  -23.406 -244.238
fa_rep                      0.000   37.052    0.484    1.622   39.157
fa_sol                      0.000  109.375    2.949   14.798  127.122
fa_intra_rep                0.000    0.702    0.065    0.000    0.766
pro_close                   0.000    1.767    0.000    0.000    1.767
fa_pair                     0.000   -3.049   -0.254   -1.291   -4.594
hbond_sr_bb                -9.381    0.000    0.000    0.000   -9.381
hbond_lr_bb               -18.393    0.000    0.000    0.000  -18.393
hbond_bb_sc                 0.000   -3.677    0.000   -0.186   -3.863
hbond_sc                    0.000   -0.616   -0.014    0.000   -0.630
dslf_ss_dst                 0.000    0.000    0.000    0.000    0.000
dslf_cs_ang                 0.000    0.000    0.000    0.000    0.000
dslf_ss_dih                 0.000    0.000    0.000    0.000    0.000
dslf_ca_dih                 0.000    0.000    0.000    0.000    0.000
rama                        0.000    5.515   -0.184    0.000    5.331
omega                       0.000    1.593    0.205    0.000    1.798
fa_dun                      0.000   60.708    7.088    0.000   67.796
p_aa_pp                     0.000  -13.554    0.033    0.000  -13.521
ref                         0.000   -9.910   -3.720    0.000  -13.630
---------------------------------------------------------------------
Total                     -27.774  -30.653    2.379   -8.464  -64.512

core.pack.interaction_graph.interaction_graph_factory: Instantiating PDInteractionGraph
core.pack.pack_rotamers: built 9704 rotamers at 33 positions.
core.pack.pack_rotamers: IG: 132282336 bytes
app.sequence_tolerance: There are 1 positive states and 0 negative states
protocols.multistate_design.MultiStatePacker: Best single-state design score:   -79.59
app.sequence_tolerance: Adding single-state design entities:
app.sequence_tolerance: AA:85:I AA:86:V AA:87:I AA:88:E AA:89:V 
app.sequence_tolerance: Generation 1:
app.sequence_tolerance: Distinct new entities: 2000
app.sequence_tolerance: Duplicate new entities: 0
app.sequence_tolerance: Entities from previous generation: 0
app.sequence_tolerance: Entities resurrected from earlier generations: 0
app.sequence_tolerance: Fitness Percentiles: 0%=-79.7526 25%=-74.0128 50%=-71.9565 75%=-55.7861 100%=302.057
app.sequence_tolerance: Best new entity:
MultiStateEntity with traits: AA:85:K AA:86:V AA:87:L AA:88:Y AA:89:M and fitness -79.753
 SingleState 1 with fitness: -79.7526
app.sequence_tolerance: Generation 2:
app.sequence_tolerance: Distinct new entities: 1946
app.sequence_tolerance: Duplicate new entities: 5
app.sequence_tolerance: Entities from previous generation: 49
app.sequence_tolerance: Entities resurrected from earlier generations: 0
app.sequence_tolerance: Fitness Percentiles: 0%=-80.6097 25%=-74.9475 50%=-73.3629 75%=-71.2526 100%=167.264
app.sequence_tolerance: Best new entity:
MultiStateEntity with traits: AA:85:E AA:86:V AA:87:L AA:88:Y AA:89:M and fitness -80.610
 SingleState 1 with fitness: -80.6097
app.sequence_tolerance: Generation 3:
app.sequence_tolerance: Distinct new entities: 1926
app.sequence_tolerance: Duplicate new entities: 1
app.sequence_tolerance: Entities from previous generation: 68
app.sequence_tolerance: Entities resurrected from earlier generations: 5
app.sequence_tolerance: Fitness Percentiles: 0%=-80.6097 25%=-75.5777 50%=-74.1674 75%=-72.3967 100%=212.302
app.sequence_tolerance: Best new entity:
MultiStateEntity with traits: AA:85:M AA:86:T AA:87:I AA:88:F AA:89:I and fitness -79.948
 SingleState 1 with fitness: -79.9482
app.sequence_tolerance: Generation 4:
app.sequence_tolerance: Distinct new entities: 1914
app.sequence_tolerance: Duplicate new entities: 3
app.sequence_tolerance: Entities from previous generation: 75
app.sequence_tolerance: Entities resurrected from earlier generations: 8
app.sequence_tolerance: Fitness Percentiles: 0%=-80.6097 25%=-76.098 50%=-74.7833 75%=-73.1039 100%=209.59
app.sequence_tolerance: Best new entity:
MultiStateEntity with traits: AA:85:K AA:86:T AA:87:I AA:88:F AA:89:M and fitness -80.080
 SingleState 1 with fitness: -80.0798
app.sequence_tolerance: Generation 5:
app.sequence_tolerance: Distinct new entities: 1892
app.sequence_tolerance: Duplicate new entities: 7
app.sequence_tolerance: Entities from previous generation: 91
app.sequence_tolerance: Entities resurrected from earlier generations: 10
app.sequence_tolerance: Fitness Percentiles: 0%=-80.7046 25%=-76.5513 50%=-75.0804 75%=-73.4315 100%=171.023
app.sequence_tolerance: Best new entity:
MultiStateEntity with traits: AA:85:Q AA:86:I AA:87:T AA:88:F AA:89:M and fitness -80.705
 SingleState 1 with fitness: -80.7046
app.sequence_tolerance: Evaluated 9678 sequences out of 2476099 possible.
Best sequences:
