core.init: Mini-Rosetta version 40577 from https://svn.rosettacommons.org/source/branches/releases/rosetta-3.2/rosetta_source
core.init: command: /netapp/home/colin/rosetta/rosetta-3.2/rosetta_source/bin/sequence_tolerance.linuxgccrelease -database /netapp/home/colin/rosetta/rosetta-3.2/rosetta_database -s 2I0L_A_C_V2006_0003_low.pdb -ex1 -ex2 -extrachi_cutoff 0 -seq_tol:fitness_master_weights 1 1 1 2 -ms:generations 5 -ms:pop_size 2000 -ms:pop_from_ss 1 -ms:checkpoint:prefix 2I0L_A_C_V2006_0003 -ms:checkpoint:interval 200 -ms:checkpoint:gz -ms:numresults 0 -out:prefix 2I0L_A_C_V2006_0003 -score:weights standard -score:patch score12 -score:ref_offsets HIS 1.2 -resfile /netapp/home/colin/backrub_seqtol/input_files/2I0L_A_C_V2006/2I0L_A_C_V2006_seqtol.resfile
core.init: 'RNG device' seed mode, using '/dev/urandom', seed=-1976629905 seed_offset=0 real_seed=-1976629905
core.init.random: RandomGenerator:init: Normal mode, seed=-1976629905 RG_type=mt19937
core.pack.task: Packer task: initialize from command line() 
core.pack.task: Packer task: initialize from command line() 
core.scoring.ScoreFunctionFactory: SCOREFUNCTION: standard
core.scoring.ScoreFunctionFactory: SCOREFUNCTION PATCH: score12
core.scoring.etable: Starting energy table calculation
core.scoring.etable: smooth_etable: changing atr/rep split to bottom of energy well
core.scoring.etable: smooth_etable: spline smoothing lj etables (maxdis = 6)
core.scoring.etable: smooth_etable: spline smoothing solvation etables (max_dis = 6)
core.scoring.etable: Finished calculating energy tables.
core.io.database: Database file opened: /netapp/home/colin/rosetta/rosetta-3.2/rosetta_database/pdb_pair_stats_fine
core.io.database: Database file opened: /netapp/home/colin/rosetta/rosetta-3.2/rosetta_database/scoring/score_functions/hbonds/standard_params/HBPoly1D.csv
core.io.database: Database file opened: /netapp/home/colin/rosetta/rosetta-3.2/rosetta_database/scoring/score_functions/hbonds/standard_params/HBFadeIntervals.csv
core.io.database: Database file opened: /netapp/home/colin/rosetta/rosetta-3.2/rosetta_database/scoring/score_functions/hbonds/standard_params/HBEval.csv
core.io.database: Database file opened: /netapp/home/colin/rosetta/rosetta-3.2/rosetta_database/P_AA
core.io.database: Database file opened: /netapp/home/colin/rosetta/rosetta-3.2/rosetta_database/P_AA_n
core.io.database: Database file opened: /netapp/home/colin/rosetta/rosetta-3.2/rosetta_database/P_AA_pp
core.io.database: Database file opened: /netapp/home/colin/rosetta/rosetta-3.2/rosetta_database/Rama_smooth_dyn.dat_ss_6.4
core.scoring.dunbrack: Dunbrack library took 0.02 seconds to load from binary
app.sequence_tolerance: Residue Decomposition: [Set 1 (A): [1, 2, 3, 4, 5, 6, 7, 8, 9, 10, 11, 12, 13, 14, 15, 16, 17, 18, 19, 20, 21, 22, 23, 24, 25, 26, 27, 28, 29, 30, 31, 32, 33, 34, 35, 36, 37, 38, 39, 40, 41, 42, 43, 44, 45, 46, 47, 48, 49, 50, 51, 52, 53, 54, 55, 56, 57, 58, 59, 60, 61, 62, 63, 64, 65, 66, 67, 68, 69, 70, 71, 72, 73, 74, 75, 76, 77, 78, 79, 80, 81, 82, 83], Set 2 (B): [84, 85, 86, 87, 88, 89]]
app.sequence_tolerance: Fitness Function Master Weights: [1, 1, 1, 2]
app.sequence_tolerance: Fitness of Starting Structure: 
---------------------------------------------------------------------
Score Type                  Other        A        B      A-B    Total
---------------------------------------------------------------------
fa_atr                      0.000 -222.623   -4.582  -33.419 -260.623
fa_rep                      0.000   29.158    0.250    2.697   32.105
fa_sol                      0.000  108.682    3.318   19.516  131.516
fa_intra_rep                0.000    0.674    0.066    0.000    0.740
pro_close                   0.000    1.729    0.000    0.000    1.729
fa_pair                     0.000   -2.865   -0.404   -1.498   -4.767
hbond_sr_bb                -9.430    0.000    0.000    0.000   -9.430
hbond_lr_bb               -21.478    0.000    0.000    0.000  -21.478
hbond_bb_sc                 0.000   -2.012    0.000   -1.234   -3.246
hbond_sc                    0.000   -0.367   -0.011   -0.920   -1.298
dslf_ss_dst                 0.000    0.000    0.000    0.000    0.000
dslf_cs_ang                 0.000    0.000    0.000    0.000    0.000
dslf_ss_dih                 0.000    0.000    0.000    0.000    0.000
dslf_ca_dih                 0.000    0.000    0.000    0.000    0.000
rama                        0.000    2.945   -0.068    0.000    2.877
omega                       0.000    1.590    0.205    0.000    1.795
fa_dun                      0.000   62.136    7.716    0.000   69.852
p_aa_pp                     0.000  -13.789    0.052    0.000  -13.738
ref                         0.000   -9.910   -3.720    0.000  -13.630
---------------------------------------------------------------------
Total                     -30.908  -44.650    2.820  -14.857  -87.596

core.pack.interaction_graph.interaction_graph_factory: Instantiating PDInteractionGraph
core.pack.pack_rotamers: built 9012 rotamers at 33 positions.
core.pack.pack_rotamers: IG: 113247300 bytes
app.sequence_tolerance: There are 1 positive states and 0 negative states
protocols.multistate_design.MultiStatePacker: Best single-state design score:   -99.67
app.sequence_tolerance: Adding single-state design entities:
app.sequence_tolerance: AA:85:K AA:86:V AA:87:T AA:88:T AA:89:V 
app.sequence_tolerance: Generation 1:
app.sequence_tolerance: Distinct new entities: 1999
app.sequence_tolerance: Duplicate new entities: 1
app.sequence_tolerance: Entities from previous generation: 0
app.sequence_tolerance: Entities resurrected from earlier generations: 0
app.sequence_tolerance: Fitness Percentiles: 0%=-100.867 25%=-93.4993 50%=-86.9776 75%=44.3831 100%=1815.05
app.sequence_tolerance: Best new entity:
MultiStateEntity with traits: AA:85:R AA:86:Y AA:87:I AA:88:F AA:89:I and fitness -100.867
 SingleState 1 with fitness: -100.867
app.sequence_tolerance: Generation 2:
app.sequence_tolerance: Distinct new entities: 1925
app.sequence_tolerance: Duplicate new entities: 6
app.sequence_tolerance: Entities from previous generation: 69
app.sequence_tolerance: Entities resurrected from earlier generations: 0
app.sequence_tolerance: Fitness Percentiles: 0%=-101.317 25%=-94.804 50%=-92.5274 75%=-74.5474 100%=1708.45
app.sequence_tolerance: Best new entity:
MultiStateEntity with traits: AA:85:K AA:86:F AA:87:I AA:88:Q AA:89:I and fitness -101.317
 SingleState 1 with fitness: -101.317
app.sequence_tolerance: Generation 3:
app.sequence_tolerance: Distinct new entities: 1929
app.sequence_tolerance: Duplicate new entities: 7
app.sequence_tolerance: Entities from previous generation: 62
app.sequence_tolerance: Entities resurrected from earlier generations: 2
app.sequence_tolerance: Fitness Percentiles: 0%=-101.317 25%=-95.6993 50%=-93.7411 75%=-90.9739 100%=1815.77
app.sequence_tolerance: Best new entity:
MultiStateEntity with traits: AA:85:R AA:86:D AA:87:I AA:88:R AA:89:I and fitness -100.562
 SingleState 1 with fitness: -100.562
app.sequence_tolerance: Generation 4:
app.sequence_tolerance: Distinct new entities: 1897
app.sequence_tolerance: Duplicate new entities: 3
app.sequence_tolerance: Entities from previous generation: 92
app.sequence_tolerance: Entities resurrected from earlier generations: 8
app.sequence_tolerance: Fitness Percentiles: 0%=-101.317 25%=-96.3554 50%=-94.6447 75%=-92.1312 100%=1719.7
app.sequence_tolerance: Best new entity:
MultiStateEntity with traits: AA:85:M AA:86:D AA:87:I AA:88:K AA:89:V and fitness -100.403
 SingleState 1 with fitness: -100.403
app.sequence_tolerance: Generation 5:
app.sequence_tolerance: Distinct new entities: 1875
app.sequence_tolerance: Duplicate new entities: 4
app.sequence_tolerance: Entities from previous generation: 106
app.sequence_tolerance: Entities resurrected from earlier generations: 15
app.sequence_tolerance: Fitness Percentiles: 0%=-101.317 25%=-96.8616 50%=-95.109 75%=-92.6305 100%=1720.6
app.sequence_tolerance: Best new entity:
MultiStateEntity with traits: AA:85:K AA:86:F AA:87:I AA:88:K AA:89:V and fitness -101.282
 SingleState 1 with fitness: -101.282
app.sequence_tolerance: Evaluated 9625 sequences out of 2476099 possible.
Best sequences:
