core.init: Mini-Rosetta version 40577 from https://svn.rosettacommons.org/source/branches/releases/rosetta-3.2/rosetta_source
core.init: command: /netapp/home/colin/rosetta/rosetta-3.2/rosetta_source/bin/sequence_tolerance.linuxgccrelease -database /netapp/home/colin/rosetta/rosetta-3.2/rosetta_database -s 2I0L_A_C_V2006_0012_low.pdb -ex1 -ex2 -extrachi_cutoff 0 -seq_tol:fitness_master_weights 1 1 1 2 -ms:generations 5 -ms:pop_size 2000 -ms:pop_from_ss 1 -ms:checkpoint:prefix 2I0L_A_C_V2006_0012 -ms:checkpoint:interval 200 -ms:checkpoint:gz -ms:numresults 0 -out:prefix 2I0L_A_C_V2006_0012 -score:weights standard -score:patch score12 -score:ref_offsets HIS 1.2 -resfile /netapp/home/colin/backrub_seqtol/input_files/2I0L_A_C_V2006/2I0L_A_C_V2006_seqtol.resfile
core.init: 'RNG device' seed mode, using '/dev/urandom', seed=-752275013 seed_offset=0 real_seed=-752275013
core.init.random: RandomGenerator:init: Normal mode, seed=-752275013 RG_type=mt19937
core.pack.task: Packer task: initialize from command line() 
core.pack.task: Packer task: initialize from command line() 
core.scoring.ScoreFunctionFactory: SCOREFUNCTION: standard
core.scoring.ScoreFunctionFactory: SCOREFUNCTION PATCH: score12
core.scoring.etable: Starting energy table calculation
core.scoring.etable: smooth_etable: changing atr/rep split to bottom of energy well
core.scoring.etable: smooth_etable: spline smoothing lj etables (maxdis = 6)
core.scoring.etable: smooth_etable: spline smoothing solvation etables (max_dis = 6)
core.scoring.etable: Finished calculating energy tables.
core.io.database: Database file opened: /netapp/home/colin/rosetta/rosetta-3.2/rosetta_database/pdb_pair_stats_fine
core.io.database: Database file opened: /netapp/home/colin/rosetta/rosetta-3.2/rosetta_database/scoring/score_functions/hbonds/standard_params/HBPoly1D.csv
core.io.database: Database file opened: /netapp/home/colin/rosetta/rosetta-3.2/rosetta_database/scoring/score_functions/hbonds/standard_params/HBFadeIntervals.csv
core.io.database: Database file opened: /netapp/home/colin/rosetta/rosetta-3.2/rosetta_database/scoring/score_functions/hbonds/standard_params/HBEval.csv
core.io.database: Database file opened: /netapp/home/colin/rosetta/rosetta-3.2/rosetta_database/P_AA
core.io.database: Database file opened: /netapp/home/colin/rosetta/rosetta-3.2/rosetta_database/P_AA_n
core.io.database: Database file opened: /netapp/home/colin/rosetta/rosetta-3.2/rosetta_database/P_AA_pp
core.io.database: Database file opened: /netapp/home/colin/rosetta/rosetta-3.2/rosetta_database/Rama_smooth_dyn.dat_ss_6.4
core.scoring.dunbrack: Dunbrack library took 0.02 seconds to load from binary
app.sequence_tolerance: Residue Decomposition: [Set 1 (A): [1, 2, 3, 4, 5, 6, 7, 8, 9, 10, 11, 12, 13, 14, 15, 16, 17, 18, 19, 20, 21, 22, 23, 24, 25, 26, 27, 28, 29, 30, 31, 32, 33, 34, 35, 36, 37, 38, 39, 40, 41, 42, 43, 44, 45, 46, 47, 48, 49, 50, 51, 52, 53, 54, 55, 56, 57, 58, 59, 60, 61, 62, 63, 64, 65, 66, 67, 68, 69, 70, 71, 72, 73, 74, 75, 76, 77, 78, 79, 80, 81, 82, 83], Set 2 (B): [84, 85, 86, 87, 88, 89]]
app.sequence_tolerance: Fitness Function Master Weights: [1, 1, 1, 2]
app.sequence_tolerance: Fitness of Starting Structure: 
---------------------------------------------------------------------
Score Type                  Other        A        B      A-B    Total
---------------------------------------------------------------------
fa_atr                      0.000 -236.917   -3.611  -38.127 -278.654
fa_rep                      0.000   38.640    0.725    6.776   46.140
fa_sol                      0.000  113.103    2.144   26.015  141.261
fa_intra_rep                0.000    0.672    0.063    0.000    0.735
pro_close                   0.000    1.740    0.000    0.000    1.740
fa_pair                     0.000   -1.977   -0.125   -0.963   -3.065
hbond_sr_bb               -10.211    0.000    0.000    0.000  -10.211
hbond_lr_bb               -23.645    0.000    0.000    0.000  -23.645
hbond_bb_sc                 0.000   -4.719    0.000   -2.832   -7.552
hbond_sc                    0.000   -0.736    0.000   -0.062   -0.798
dslf_ss_dst                 0.000    0.000    0.000    0.000    0.000
dslf_cs_ang                 0.000    0.000    0.000    0.000    0.000
dslf_ss_dih                 0.000    0.000    0.000    0.000    0.000
dslf_ca_dih                 0.000    0.000    0.000    0.000    0.000
rama                        0.000    6.047   -0.074    0.000    5.973
omega                       0.000    1.590    0.207    0.000    1.796
fa_dun                      0.000   65.277    7.808    0.000   73.085
p_aa_pp                     0.000  -12.757   -0.061    0.000  -12.818
ref                         0.000   -9.910   -3.720    0.000  -13.630
---------------------------------------------------------------------
Total                     -33.856  -39.948    3.355   -9.194  -79.642

core.pack.interaction_graph.interaction_graph_factory: Instantiating PDInteractionGraph
core.pack.pack_rotamers: built 9011 rotamers at 33 positions.
core.pack.pack_rotamers: IG: 114534460 bytes
app.sequence_tolerance: There are 1 positive states and 0 negative states
protocols.multistate_design.MultiStatePacker: Best single-state design score:   -86.16
app.sequence_tolerance: Adding single-state design entities:
app.sequence_tolerance: AA:85:K AA:86:T AA:87:K AA:88:I AA:89:V 
app.sequence_tolerance: Generation 1:
app.sequence_tolerance: Distinct new entities: 2000
app.sequence_tolerance: Duplicate new entities: 0
app.sequence_tolerance: Entities from previous generation: 0
app.sequence_tolerance: Entities resurrected from earlier generations: 0
app.sequence_tolerance: Fitness Percentiles: 0%=-86.1579 25%=-75.9634 50%=-38.1926 75%=150.51 100%=1703.34
app.sequence_tolerance: Best new entity:
MultiStateEntity with traits: AA:85:K AA:86:T AA:87:K AA:88:I AA:89:V and fitness -86.158
 SingleState 1 with fitness: -86.1579
app.sequence_tolerance: Generation 2:
app.sequence_tolerance: Distinct new entities: 1916
app.sequence_tolerance: Duplicate new entities: 2
app.sequence_tolerance: Entities from previous generation: 82
app.sequence_tolerance: Entities resurrected from earlier generations: 0
app.sequence_tolerance: Fitness Percentiles: 0%=-86.6681 25%=-77.5488 50%=-73.841 75%=46.5829 100%=1597.44
app.sequence_tolerance: Best new entity:
MultiStateEntity with traits: AA:85:R AA:86:V AA:87:K AA:88:Q AA:89:V and fitness -86.668
 SingleState 1 with fitness: -86.6681
app.sequence_tolerance: Generation 3:
app.sequence_tolerance: Distinct new entities: 1910
app.sequence_tolerance: Duplicate new entities: 4
app.sequence_tolerance: Entities from previous generation: 78
app.sequence_tolerance: Entities resurrected from earlier generations: 8
app.sequence_tolerance: Fitness Percentiles: 0%=-86.6681 25%=-78.6026 50%=-75.8346 75%=-50.7143 100%=1507.53
app.sequence_tolerance: Best new entity:
MultiStateEntity with traits: AA:85:K AA:86:T AA:87:T AA:88:I AA:89:V and fitness -85.825
 SingleState 1 with fitness: -85.8248
app.sequence_tolerance: Generation 4:
app.sequence_tolerance: Distinct new entities: 1899
app.sequence_tolerance: Duplicate new entities: 3
app.sequence_tolerance: Entities from previous generation: 91
app.sequence_tolerance: Entities resurrected from earlier generations: 7
app.sequence_tolerance: Fitness Percentiles: 0%=-86.6681 25%=-79.3689 50%=-77.0484 75%=-72.1207 100%=1622.61
app.sequence_tolerance: Best new entity:
MultiStateEntity with traits: AA:85:M AA:86:T AA:87:T AA:88:Y AA:89:V and fitness -85.500
 SingleState 1 with fitness: -85.4999
app.sequence_tolerance: Generation 5:
app.sequence_tolerance: Distinct new entities: 1898
app.sequence_tolerance: Duplicate new entities: 1
app.sequence_tolerance: Entities from previous generation: 89
app.sequence_tolerance: Entities resurrected from earlier generations: 12
app.sequence_tolerance: Fitness Percentiles: 0%=-87.0515 25%=-80.1472 50%=-77.9394 75%=-74.5022 100%=1633.33
app.sequence_tolerance: Best new entity:
MultiStateEntity with traits: AA:85:R AA:86:I AA:87:K AA:88:E AA:89:V and fitness -87.051
 SingleState 1 with fitness: -87.0515
app.sequence_tolerance: Evaluated 9623 sequences out of 2476099 possible.
Best sequences:
