core.init: Mini-Rosetta version 40577 from https://svn.rosettacommons.org/source/branches/releases/rosetta-3.2/rosetta_source
core.init: command: /netapp/home/colin/rosetta/rosetta-3.2/rosetta_source/bin/sequence_tolerance.linuxgccrelease -database /netapp/home/colin/rosetta/rosetta-3.2/rosetta_database -s 2I0L_A_C_V2006_0011_low.pdb -ex1 -ex2 -extrachi_cutoff 0 -seq_tol:fitness_master_weights 1 1 1 2 -ms:generations 5 -ms:pop_size 2000 -ms:pop_from_ss 1 -ms:checkpoint:prefix 2I0L_A_C_V2006_0011 -ms:checkpoint:interval 200 -ms:checkpoint:gz -ms:numresults 0 -out:prefix 2I0L_A_C_V2006_0011 -score:weights standard -score:patch score12 -score:ref_offsets HIS 1.2 -resfile /netapp/home/colin/backrub_seqtol/input_files/2I0L_A_C_V2006/2I0L_A_C_V2006_seqtol.resfile
core.init: 'RNG device' seed mode, using '/dev/urandom', seed=1763497005 seed_offset=0 real_seed=1763497005
core.init.random: RandomGenerator:init: Normal mode, seed=1763497005 RG_type=mt19937
core.pack.task: Packer task: initialize from command line() 
core.pack.task: Packer task: initialize from command line() 
core.scoring.ScoreFunctionFactory: SCOREFUNCTION: standard
core.scoring.ScoreFunctionFactory: SCOREFUNCTION PATCH: score12
core.scoring.etable: Starting energy table calculation
core.scoring.etable: smooth_etable: changing atr/rep split to bottom of energy well
core.scoring.etable: smooth_etable: spline smoothing lj etables (maxdis = 6)
core.scoring.etable: smooth_etable: spline smoothing solvation etables (max_dis = 6)
core.scoring.etable: Finished calculating energy tables.
core.io.database: Database file opened: /netapp/home/colin/rosetta/rosetta-3.2/rosetta_database/pdb_pair_stats_fine
core.io.database: Database file opened: /netapp/home/colin/rosetta/rosetta-3.2/rosetta_database/scoring/score_functions/hbonds/standard_params/HBPoly1D.csv
core.io.database: Database file opened: /netapp/home/colin/rosetta/rosetta-3.2/rosetta_database/scoring/score_functions/hbonds/standard_params/HBFadeIntervals.csv
core.io.database: Database file opened: /netapp/home/colin/rosetta/rosetta-3.2/rosetta_database/scoring/score_functions/hbonds/standard_params/HBEval.csv
core.io.database: Database file opened: /netapp/home/colin/rosetta/rosetta-3.2/rosetta_database/P_AA
core.io.database: Database file opened: /netapp/home/colin/rosetta/rosetta-3.2/rosetta_database/P_AA_n
core.io.database: Database file opened: /netapp/home/colin/rosetta/rosetta-3.2/rosetta_database/P_AA_pp
core.io.database: Database file opened: /netapp/home/colin/rosetta/rosetta-3.2/rosetta_database/Rama_smooth_dyn.dat_ss_6.4
core.scoring.dunbrack: Dunbrack library took 0.02 seconds to load from binary
app.sequence_tolerance: Residue Decomposition: [Set 1 (A): [1, 2, 3, 4, 5, 6, 7, 8, 9, 10, 11, 12, 13, 14, 15, 16, 17, 18, 19, 20, 21, 22, 23, 24, 25, 26, 27, 28, 29, 30, 31, 32, 33, 34, 35, 36, 37, 38, 39, 40, 41, 42, 43, 44, 45, 46, 47, 48, 49, 50, 51, 52, 53, 54, 55, 56, 57, 58, 59, 60, 61, 62, 63, 64, 65, 66, 67, 68, 69, 70, 71, 72, 73, 74, 75, 76, 77, 78, 79, 80, 81, 82, 83], Set 2 (B): [84, 85, 86, 87, 88, 89]]
app.sequence_tolerance: Fitness Function Master Weights: [1, 1, 1, 2]
app.sequence_tolerance: Fitness of Starting Structure: 
---------------------------------------------------------------------
Score Type                  Other        A        B      A-B    Total
---------------------------------------------------------------------
fa_atr                      0.000 -216.125   -3.791  -39.600 -259.516
fa_rep                      0.000   37.461    0.432    2.556   40.449
fa_sol                      0.000  105.957    2.327   24.268  132.551
fa_intra_rep                0.000    0.743    0.062    0.000    0.805
pro_close                   0.000    1.741    0.000    0.000    1.741
fa_pair                     0.000   -2.506    0.006   -1.529   -4.028
hbond_sr_bb                -9.303    0.000    0.000    0.000   -9.303
hbond_lr_bb               -21.054    0.000    0.000    0.000  -21.054
hbond_bb_sc                 0.000   -2.675    0.000   -1.405   -4.080
hbond_sc                    0.000   -0.165    0.000   -1.756   -1.921
dslf_ss_dst                 0.000    0.000    0.000    0.000    0.000
dslf_cs_ang                 0.000    0.000    0.000    0.000    0.000
dslf_ss_dih                 0.000    0.000    0.000    0.000    0.000
dslf_ca_dih                 0.000    0.000    0.000    0.000    0.000
rama                        0.000    7.680   -0.062    0.000    7.618
omega                       0.000    1.588    0.207    0.000    1.795
fa_dun                      0.000   62.720    6.107    0.000   68.826
p_aa_pp                     0.000  -16.353    0.027    0.000  -16.326
ref                         0.000   -9.910   -3.720    0.000  -13.630
---------------------------------------------------------------------
Total                     -30.357  -29.844    1.595  -17.466  -76.072

core.pack.interaction_graph.interaction_graph_factory: Instantiating PDInteractionGraph
core.pack.pack_rotamers: built 9154 rotamers at 33 positions.
core.pack.pack_rotamers: IG: 117053892 bytes
app.sequence_tolerance: There are 1 positive states and 0 negative states
protocols.multistate_design.MultiStatePacker: Best single-state design score:   -87.07
app.sequence_tolerance: Adding single-state design entities:
app.sequence_tolerance: AA:85:E AA:86:T AA:87:R AA:88:T AA:89:V 
app.sequence_tolerance: Generation 1:
app.sequence_tolerance: Distinct new entities: 2000
app.sequence_tolerance: Duplicate new entities: 0
app.sequence_tolerance: Entities from previous generation: 0
app.sequence_tolerance: Entities resurrected from earlier generations: 0
app.sequence_tolerance: Fitness Percentiles: 0%=-88.3294 25%=-77.118 50%=-63.4612 75%=165.748 100%=2057.87
app.sequence_tolerance: Best new entity:
MultiStateEntity with traits: AA:85:E AA:86:T AA:87:R AA:88:T AA:89:V and fitness -88.329
 SingleState 1 with fitness: -88.3294
app.sequence_tolerance: Generation 2:
app.sequence_tolerance: Distinct new entities: 1919
app.sequence_tolerance: Duplicate new entities: 1
app.sequence_tolerance: Entities from previous generation: 80
app.sequence_tolerance: Entities resurrected from earlier generations: 0
app.sequence_tolerance: Fitness Percentiles: 0%=-88.3294 25%=-79.1386 50%=-74.5423 75%=-54.0795 100%=1980.28
app.sequence_tolerance: Best new entity:
MultiStateEntity with traits: AA:85:E AA:86:Y AA:87:Q AA:88:W AA:89:V and fitness -87.320
 SingleState 1 with fitness: -87.3196
app.sequence_tolerance: Generation 3:
app.sequence_tolerance: Distinct new entities: 1917
app.sequence_tolerance: Duplicate new entities: 6
app.sequence_tolerance: Entities from previous generation: 76
app.sequence_tolerance: Entities resurrected from earlier generations: 1
app.sequence_tolerance: Fitness Percentiles: 0%=-88.7335 25%=-80.4389 50%=-77.433 75%=-68.0399 100%=1985.34
app.sequence_tolerance: Best new entity:
MultiStateEntity with traits: AA:85:M AA:86:F AA:87:V AA:88:W AA:89:V and fitness -88.733
 SingleState 1 with fitness: -88.7335
app.sequence_tolerance: Generation 4:
app.sequence_tolerance: Distinct new entities: 1936
app.sequence_tolerance: Duplicate new entities: 3
app.sequence_tolerance: Entities from previous generation: 56
app.sequence_tolerance: Entities resurrected from earlier generations: 5
app.sequence_tolerance: Fitness Percentiles: 0%=-88.7335 25%=-81.1735 50%=-78.5621 75%=-73.1846 100%=1890.81
app.sequence_tolerance: Best new entity:
MultiStateEntity with traits: AA:85:K AA:86:Y AA:87:T AA:88:Y AA:89:V and fitness -88.638
 SingleState 1 with fitness: -88.6384
app.sequence_tolerance: Generation 5:
app.sequence_tolerance: Distinct new entities: 1894
app.sequence_tolerance: Duplicate new entities: 3
app.sequence_tolerance: Entities from previous generation: 91
app.sequence_tolerance: Entities resurrected from earlier generations: 12
app.sequence_tolerance: Fitness Percentiles: 0%=-88.7335 25%=-82.0439 50%=-79.5965 75%=-75.4409 100%=1884.76
app.sequence_tolerance: Best new entity:
MultiStateEntity with traits: AA:85:M AA:86:T AA:87:R AA:88:T AA:89:V and fitness -88.596
 SingleState 1 with fitness: -88.596
app.sequence_tolerance: Evaluated 9666 sequences out of 2476099 possible.
Best sequences:
