core.init: Mini-Rosetta version 40577 from https://svn.rosettacommons.org/source/branches/releases/rosetta-3.2/rosetta_source
core.init: command: /netapp/home/colin/rosetta/rosetta-3.2/rosetta_source/bin/sequence_tolerance.linuxgccrelease -database /netapp/home/colin/rosetta/rosetta-3.2/rosetta_database -s 2I0L_A_C_V2006_0007_low.pdb -ex1 -ex2 -extrachi_cutoff 0 -seq_tol:fitness_master_weights 1 1 1 2 -ms:generations 5 -ms:pop_size 2000 -ms:pop_from_ss 1 -ms:checkpoint:prefix 2I0L_A_C_V2006_0007 -ms:checkpoint:interval 200 -ms:checkpoint:gz -ms:numresults 0 -out:prefix 2I0L_A_C_V2006_0007 -score:weights standard -score:patch score12 -score:ref_offsets HIS 1.2 -resfile /netapp/home/colin/backrub_seqtol/input_files/2I0L_A_C_V2006/2I0L_A_C_V2006_seqtol.resfile
core.init: 'RNG device' seed mode, using '/dev/urandom', seed=-1209644597 seed_offset=0 real_seed=-1209644597
core.init.random: RandomGenerator:init: Normal mode, seed=-1209644597 RG_type=mt19937
core.pack.task: Packer task: initialize from command line() 
core.pack.task: Packer task: initialize from command line() 
core.scoring.ScoreFunctionFactory: SCOREFUNCTION: standard
core.scoring.ScoreFunctionFactory: SCOREFUNCTION PATCH: score12
core.scoring.etable: Starting energy table calculation
core.scoring.etable: smooth_etable: changing atr/rep split to bottom of energy well
core.scoring.etable: smooth_etable: spline smoothing lj etables (maxdis = 6)
core.scoring.etable: smooth_etable: spline smoothing solvation etables (max_dis = 6)
core.scoring.etable: Finished calculating energy tables.
core.io.database: Database file opened: /netapp/home/colin/rosetta/rosetta-3.2/rosetta_database/pdb_pair_stats_fine
core.io.database: Database file opened: /netapp/home/colin/rosetta/rosetta-3.2/rosetta_database/scoring/score_functions/hbonds/standard_params/HBPoly1D.csv
core.io.database: Database file opened: /netapp/home/colin/rosetta/rosetta-3.2/rosetta_database/scoring/score_functions/hbonds/standard_params/HBFadeIntervals.csv
core.io.database: Database file opened: /netapp/home/colin/rosetta/rosetta-3.2/rosetta_database/scoring/score_functions/hbonds/standard_params/HBEval.csv
core.io.database: Database file opened: /netapp/home/colin/rosetta/rosetta-3.2/rosetta_database/P_AA
core.io.database: Database file opened: /netapp/home/colin/rosetta/rosetta-3.2/rosetta_database/P_AA_n
core.io.database: Database file opened: /netapp/home/colin/rosetta/rosetta-3.2/rosetta_database/P_AA_pp
core.io.database: Database file opened: /netapp/home/colin/rosetta/rosetta-3.2/rosetta_database/Rama_smooth_dyn.dat_ss_6.4
core.scoring.dunbrack: Dunbrack library took 0.01 seconds to load from binary
app.sequence_tolerance: Residue Decomposition: [Set 1 (A): [1, 2, 3, 4, 5, 6, 7, 8, 9, 10, 11, 12, 13, 14, 15, 16, 17, 18, 19, 20, 21, 22, 23, 24, 25, 26, 27, 28, 29, 30, 31, 32, 33, 34, 35, 36, 37, 38, 39, 40, 41, 42, 43, 44, 45, 46, 47, 48, 49, 50, 51, 52, 53, 54, 55, 56, 57, 58, 59, 60, 61, 62, 63, 64, 65, 66, 67, 68, 69, 70, 71, 72, 73, 74, 75, 76, 77, 78, 79, 80, 81, 82, 83], Set 2 (B): [84, 85, 86, 87, 88, 89]]
app.sequence_tolerance: Fitness Function Master Weights: [1, 1, 1, 2]
app.sequence_tolerance: Fitness of Starting Structure: 
---------------------------------------------------------------------
Score Type                  Other        A        B      A-B    Total
---------------------------------------------------------------------
fa_atr                      0.000 -218.429   -3.874  -34.244 -256.547
fa_rep                      0.000   34.525    0.860    6.075   41.459
fa_sol                      0.000  110.275    2.606   19.493  132.374
fa_intra_rep                0.000    0.606    0.062    0.000    0.668
pro_close                   0.000    1.733    0.000    0.000    1.733
fa_pair                     0.000   -1.789   -0.305    0.048   -2.046
hbond_sr_bb                -8.631    0.000    0.000    0.000   -8.631
hbond_lr_bb               -23.478    0.000    0.000    0.000  -23.478
hbond_bb_sc                 0.000   -3.249    0.000    0.000   -3.249
hbond_sc                    0.000   -0.756    0.000   -0.102   -0.858
dslf_ss_dst                 0.000    0.000    0.000    0.000    0.000
dslf_cs_ang                 0.000    0.000    0.000    0.000    0.000
dslf_ss_dih                 0.000    0.000    0.000    0.000    0.000
dslf_ca_dih                 0.000    0.000    0.000    0.000    0.000
rama                        0.000    6.541   -0.184    0.000    6.357
omega                       0.000    1.593    0.204    0.000    1.798
fa_dun                      0.000   55.918    8.548    0.000   64.465
p_aa_pp                     0.000  -13.534   -0.044    0.000  -13.578
ref                         0.000   -9.910   -3.720    0.000  -13.630
---------------------------------------------------------------------
Total                     -32.109  -36.478    4.155   -8.730  -73.163

core.pack.interaction_graph.interaction_graph_factory: Instantiating PDInteractionGraph
core.pack.pack_rotamers: built 9471 rotamers at 33 positions.
core.pack.pack_rotamers: IG: 124424880 bytes
app.sequence_tolerance: There are 1 positive states and 0 negative states
protocols.multistate_design.MultiStatePacker: Best single-state design score:   -89.83
app.sequence_tolerance: Adding single-state design entities:
app.sequence_tolerance: AA:85:K AA:86:V AA:87:R AA:88:Y AA:89:V 
app.sequence_tolerance: Generation 1:
app.sequence_tolerance: Distinct new entities: 2000
app.sequence_tolerance: Duplicate new entities: 0
app.sequence_tolerance: Entities from previous generation: 0
app.sequence_tolerance: Entities resurrected from earlier generations: 0
app.sequence_tolerance: Fitness Percentiles: 0%=-89.868 25%=-79.1972 50%=-55.4176 75%=208.786 100%=3043.3
app.sequence_tolerance: Best new entity:
MultiStateEntity with traits: AA:85:K AA:86:V AA:87:R AA:88:Y AA:89:V and fitness -89.868
 SingleState 1 with fitness: -89.868
app.sequence_tolerance: Generation 2:
app.sequence_tolerance: Distinct new entities: 1926
app.sequence_tolerance: Duplicate new entities: 3
app.sequence_tolerance: Entities from previous generation: 71
app.sequence_tolerance: Entities resurrected from earlier generations: 0
app.sequence_tolerance: Fitness Percentiles: 0%=-89.868 25%=-81.1526 50%=-77.5572 75%=19.631 100%=2909.32
app.sequence_tolerance: Best new entity:
MultiStateEntity with traits: AA:85:K AA:86:V AA:87:I AA:88:Y AA:89:A and fitness -89.057
 SingleState 1 with fitness: -89.0568
app.sequence_tolerance: Generation 3:
app.sequence_tolerance: Distinct new entities: 1906
app.sequence_tolerance: Duplicate new entities: 1
app.sequence_tolerance: Entities from previous generation: 87
app.sequence_tolerance: Entities resurrected from earlier generations: 6
app.sequence_tolerance: Fitness Percentiles: 0%=-90.0066 25%=-82.4752 50%=-79.3711 75%=-71.4754 100%=2944.1
app.sequence_tolerance: Best new entity:
MultiStateEntity with traits: AA:85:K AA:86:V AA:87:M AA:88:Y AA:89:V and fitness -90.007
 SingleState 1 with fitness: -90.0066
app.sequence_tolerance: Generation 4:
app.sequence_tolerance: Distinct new entities: 1897
app.sequence_tolerance: Duplicate new entities: 3
app.sequence_tolerance: Entities from previous generation: 84
app.sequence_tolerance: Entities resurrected from earlier generations: 16
app.sequence_tolerance: Fitness Percentiles: 0%=-90.0066 25%=-83.1386 50%=-80.7978 75%=-76.8261 100%=2940.78
app.sequence_tolerance: Best new entity:
MultiStateEntity with traits: AA:85:N AA:86:Y AA:87:Q AA:88:F AA:89:V and fitness -89.384
 SingleState 1 with fitness: -89.3839
app.sequence_tolerance: Generation 5:
app.sequence_tolerance: Distinct new entities: 1891
app.sequence_tolerance: Duplicate new entities: 5
app.sequence_tolerance: Entities from previous generation: 89
app.sequence_tolerance: Entities resurrected from earlier generations: 15
app.sequence_tolerance: Fitness Percentiles: 0%=-91.3755 25%=-83.8705 50%=-81.7865 75%=-78.044 100%=2938.45
app.sequence_tolerance: Best new entity:
MultiStateEntity with traits: AA:85:N AA:86:Y AA:87:W AA:88:F AA:89:V and fitness -91.376
 SingleState 1 with fitness: -91.3755
app.sequence_tolerance: Evaluated 9620 sequences out of 2476099 possible.
Best sequences:
