core.init: Mini-Rosetta version 40577 from https://svn.rosettacommons.org/source/branches/releases/rosetta-3.2/rosetta_source
core.init: command: /netapp/home/colin/rosetta/rosetta-3.2/rosetta_source/bin/sequence_tolerance.linuxgccrelease -database /netapp/home/colin/rosetta/rosetta-3.2/rosetta_database -s 2I0L_A_C_V2006_0019_low.pdb -ex1 -ex2 -extrachi_cutoff 0 -seq_tol:fitness_master_weights 1 1 1 2 -ms:generations 5 -ms:pop_size 2000 -ms:pop_from_ss 1 -ms:checkpoint:prefix 2I0L_A_C_V2006_0019 -ms:checkpoint:interval 200 -ms:checkpoint:gz -ms:numresults 0 -out:prefix 2I0L_A_C_V2006_0019 -score:weights standard -score:patch score12 -score:ref_offsets HIS 1.2 -resfile /netapp/home/colin/backrub_seqtol/input_files/2I0L_A_C_V2006/2I0L_A_C_V2006_seqtol.resfile
core.init: 'RNG device' seed mode, using '/dev/urandom', seed=-185906925 seed_offset=0 real_seed=-185906925
core.init.random: RandomGenerator:init: Normal mode, seed=-185906925 RG_type=mt19937
core.pack.task: Packer task: initialize from command line() 
core.pack.task: Packer task: initialize from command line() 
core.scoring.ScoreFunctionFactory: SCOREFUNCTION: standard
core.scoring.ScoreFunctionFactory: SCOREFUNCTION PATCH: score12
core.scoring.etable: Starting energy table calculation
core.scoring.etable: smooth_etable: changing atr/rep split to bottom of energy well
core.scoring.etable: smooth_etable: spline smoothing lj etables (maxdis = 6)
core.scoring.etable: smooth_etable: spline smoothing solvation etables (max_dis = 6)
core.scoring.etable: Finished calculating energy tables.
core.io.database: Database file opened: /netapp/home/colin/rosetta/rosetta-3.2/rosetta_database/pdb_pair_stats_fine
core.io.database: Database file opened: /netapp/home/colin/rosetta/rosetta-3.2/rosetta_database/scoring/score_functions/hbonds/standard_params/HBPoly1D.csv
core.io.database: Database file opened: /netapp/home/colin/rosetta/rosetta-3.2/rosetta_database/scoring/score_functions/hbonds/standard_params/HBFadeIntervals.csv
core.io.database: Database file opened: /netapp/home/colin/rosetta/rosetta-3.2/rosetta_database/scoring/score_functions/hbonds/standard_params/HBEval.csv
core.io.database: Database file opened: /netapp/home/colin/rosetta/rosetta-3.2/rosetta_database/P_AA
core.io.database: Database file opened: /netapp/home/colin/rosetta/rosetta-3.2/rosetta_database/P_AA_n
core.io.database: Database file opened: /netapp/home/colin/rosetta/rosetta-3.2/rosetta_database/P_AA_pp
core.io.database: Database file opened: /netapp/home/colin/rosetta/rosetta-3.2/rosetta_database/Rama_smooth_dyn.dat_ss_6.4
core.scoring.dunbrack: Dunbrack library took 0.02 seconds to load from binary
app.sequence_tolerance: Residue Decomposition: [Set 1 (A): [1, 2, 3, 4, 5, 6, 7, 8, 9, 10, 11, 12, 13, 14, 15, 16, 17, 18, 19, 20, 21, 22, 23, 24, 25, 26, 27, 28, 29, 30, 31, 32, 33, 34, 35, 36, 37, 38, 39, 40, 41, 42, 43, 44, 45, 46, 47, 48, 49, 50, 51, 52, 53, 54, 55, 56, 57, 58, 59, 60, 61, 62, 63, 64, 65, 66, 67, 68, 69, 70, 71, 72, 73, 74, 75, 76, 77, 78, 79, 80, 81, 82, 83], Set 2 (B): [84, 85, 86, 87, 88, 89]]
app.sequence_tolerance: Fitness Function Master Weights: [1, 1, 1, 2]
app.sequence_tolerance: Fitness of Starting Structure: 
---------------------------------------------------------------------
Score Type                  Other        A        B      A-B    Total
---------------------------------------------------------------------
fa_atr                      0.000 -225.750   -4.388  -26.264 -256.401
fa_rep                      0.000   40.657    0.403    5.741   46.801
fa_sol                      0.000  108.682    2.989   16.784  128.456
fa_intra_rep                0.000    0.715    0.061    0.000    0.777
pro_close                   0.000    1.734    0.000    0.000    1.734
fa_pair                     0.000   -2.306   -0.194   -0.903   -3.403
hbond_sr_bb                -8.456    0.000    0.000    0.000   -8.456
hbond_lr_bb               -20.642    0.000    0.000    0.000  -20.642
hbond_bb_sc                 0.000   -3.638    0.000    0.000   -3.638
hbond_sc                    0.000   -0.795    0.000   -1.058   -1.853
dslf_ss_dst                 0.000    0.000    0.000    0.000    0.000
dslf_cs_ang                 0.000    0.000    0.000    0.000    0.000
dslf_ss_dih                 0.000    0.000    0.000    0.000    0.000
dslf_ca_dih                 0.000    0.000    0.000    0.000    0.000
rama                        0.000    3.899   -0.112    0.000    3.788
omega                       0.000    1.589    0.207    0.000    1.796
fa_dun                      0.000   59.079    7.828    0.000   66.907
p_aa_pp                     0.000  -15.824   -0.173    0.000  -15.997
ref                         0.000   -9.910   -3.720    0.000  -13.630
---------------------------------------------------------------------
Total                     -29.098  -41.868    2.902   -5.700  -73.763

core.pack.interaction_graph.interaction_graph_factory: Instantiating PDInteractionGraph
core.pack.pack_rotamers: built 9226 rotamers at 33 positions.
core.pack.pack_rotamers: IG: 119285244 bytes
app.sequence_tolerance: There are 1 positive states and 0 negative states
protocols.multistate_design.MultiStatePacker: Best single-state design score:   -81.77
app.sequence_tolerance: Adding single-state design entities:
app.sequence_tolerance: AA:85:D AA:86:E AA:87:Q AA:88:W AA:89:V 
app.sequence_tolerance: Generation 1:
app.sequence_tolerance: Distinct new entities: 1999
app.sequence_tolerance: Duplicate new entities: 1
app.sequence_tolerance: Entities from previous generation: 0
app.sequence_tolerance: Entities resurrected from earlier generations: 0
app.sequence_tolerance: Fitness Percentiles: 0%=-81.7702 25%=-70.7769 50%=-58.9276 75%=21.8677 100%=2212.94
app.sequence_tolerance: Best new entity:
MultiStateEntity with traits: AA:85:D AA:86:E AA:87:Q AA:88:W AA:89:V and fitness -81.770
 SingleState 1 with fitness: -81.7702
app.sequence_tolerance: Generation 2:
app.sequence_tolerance: Distinct new entities: 1922
app.sequence_tolerance: Duplicate new entities: 2
app.sequence_tolerance: Entities from previous generation: 76
app.sequence_tolerance: Entities resurrected from earlier generations: 0
app.sequence_tolerance: Fitness Percentiles: 0%=-81.7702 25%=-72.4772 50%=-68.3946 75%=-36.5418 100%=2190.04
app.sequence_tolerance: Best new entity:
MultiStateEntity with traits: AA:85:S AA:86:S AA:87:T AA:88:W AA:89:V and fitness -80.410
 SingleState 1 with fitness: -80.4102
app.sequence_tolerance: Generation 3:
app.sequence_tolerance: Distinct new entities: 1915
app.sequence_tolerance: Duplicate new entities: 4
app.sequence_tolerance: Entities from previous generation: 76
app.sequence_tolerance: Entities resurrected from earlier generations: 5
app.sequence_tolerance: Fitness Percentiles: 0%=-81.7702 25%=-73.2768 50%=-70.983 75%=-63.1917 100%=2134.91
app.sequence_tolerance: Best new entity:
MultiStateEntity with traits: AA:85:N AA:86:E AA:87:V AA:88:W AA:89:V and fitness -80.868
 SingleState 1 with fitness: -80.8683
app.sequence_tolerance: Generation 4:
app.sequence_tolerance: Distinct new entities: 1924
app.sequence_tolerance: Duplicate new entities: 4
app.sequence_tolerance: Entities from previous generation: 68
app.sequence_tolerance: Entities resurrected from earlier generations: 4
app.sequence_tolerance: Fitness Percentiles: 0%=-81.7702 25%=-74.1155 50%=-72.0442 75%=-67.756 100%=2190.16
app.sequence_tolerance: Best new entity:
MultiStateEntity with traits: AA:85:K AA:86:Q AA:87:V AA:88:W AA:89:V and fitness -80.924
 SingleState 1 with fitness: -80.9244
app.sequence_tolerance: Generation 5:
app.sequence_tolerance: Distinct new entities: 1900
app.sequence_tolerance: Duplicate new entities: 2
app.sequence_tolerance: Entities from previous generation: 87
app.sequence_tolerance: Entities resurrected from earlier generations: 11
app.sequence_tolerance: Fitness Percentiles: 0%=-82.4211 25%=-74.6434 50%=-72.6386 75%=-69.2384 100%=2193.11
app.sequence_tolerance: Best new entity:
MultiStateEntity with traits: AA:85:R AA:86:F AA:87:K AA:88:W AA:89:V and fitness -82.421
 SingleState 1 with fitness: -82.4211
app.sequence_tolerance: Evaluated 9660 sequences out of 2476099 possible.
Best sequences:
