core.init: Mini-Rosetta version 40577 from https://svn.rosettacommons.org/source/branches/releases/rosetta-3.2/rosetta_source
core.init: command: /netapp/home/colin/rosetta/rosetta-3.2/rosetta_source/bin/sequence_tolerance.linuxgccrelease -database /netapp/home/colin/rosetta/rosetta-3.2/rosetta_database -s 2FNE_A_C_V2048_0009_low.pdb -ex1 -ex2 -extrachi_cutoff 0 -seq_tol:fitness_master_weights 1 1 1 2 -ms:generations 5 -ms:pop_size 2000 -ms:pop_from_ss 1 -ms:checkpoint:prefix 2FNE_A_C_V2048_0009 -ms:checkpoint:interval 200 -ms:checkpoint:gz -ms:numresults 0 -out:prefix 2FNE_A_C_V2048_0009 -score:weights standard -score:patch score12 -score:ref_offsets HIS 1.2 -resfile /netapp/home/colin/backrub_seqtol/input_files/2FNE_A_C_V2048/2FNE_A_C_V2048_seqtol.resfile
core.init: 'RNG device' seed mode, using '/dev/urandom', seed=-742216126 seed_offset=0 real_seed=-742216126
core.init.random: RandomGenerator:init: Normal mode, seed=-742216126 RG_type=mt19937
core.pack.task: Packer task: initialize from command line() 
core.pack.task: Packer task: initialize from command line() 
core.scoring.ScoreFunctionFactory: SCOREFUNCTION: standard
core.scoring.ScoreFunctionFactory: SCOREFUNCTION PATCH: score12
core.scoring.etable: Starting energy table calculation
core.scoring.etable: smooth_etable: changing atr/rep split to bottom of energy well
core.scoring.etable: smooth_etable: spline smoothing lj etables (maxdis = 6)
core.scoring.etable: smooth_etable: spline smoothing solvation etables (max_dis = 6)
core.scoring.etable: Finished calculating energy tables.
core.io.database: Database file opened: /netapp/home/colin/rosetta/rosetta-3.2/rosetta_database/pdb_pair_stats_fine
core.io.database: Database file opened: /netapp/home/colin/rosetta/rosetta-3.2/rosetta_database/scoring/score_functions/hbonds/standard_params/HBPoly1D.csv
core.io.database: Database file opened: /netapp/home/colin/rosetta/rosetta-3.2/rosetta_database/scoring/score_functions/hbonds/standard_params/HBFadeIntervals.csv
core.io.database: Database file opened: /netapp/home/colin/rosetta/rosetta-3.2/rosetta_database/scoring/score_functions/hbonds/standard_params/HBEval.csv
core.io.database: Database file opened: /netapp/home/colin/rosetta/rosetta-3.2/rosetta_database/P_AA
core.io.database: Database file opened: /netapp/home/colin/rosetta/rosetta-3.2/rosetta_database/P_AA_n
core.io.database: Database file opened: /netapp/home/colin/rosetta/rosetta-3.2/rosetta_database/P_AA_pp
core.io.database: Database file opened: /netapp/home/colin/rosetta/rosetta-3.2/rosetta_database/Rama_smooth_dyn.dat_ss_6.4
core.scoring.dunbrack: Dunbrack library took 0.05 seconds to load from binary
app.sequence_tolerance: Residue Decomposition: [Set 1 (A): [1, 2, 3, 4, 5, 6, 7, 8, 9, 10, 11, 12, 13, 14, 15, 16, 17, 18, 19, 20, 21, 22, 23, 24, 25, 26, 27, 28, 29, 30, 31, 32, 33, 34, 35, 36, 37, 38, 39, 40, 41, 42, 43, 44, 45, 46, 47, 48, 49, 50, 51, 52, 53, 54, 55, 56, 57, 58, 59, 60, 61, 62, 63, 64, 65, 66, 67, 68, 69, 70, 71, 72, 73, 74, 75, 76, 77, 78, 79, 80, 81, 82, 83, 84, 85, 86, 87, 88, 89, 90, 91, 92, 93, 94, 95], Set 2 (B): [96, 97, 98, 99, 100, 101, 102]]
app.sequence_tolerance: Fitness Function Master Weights: [1, 1, 1, 2]
app.sequence_tolerance: Fitness of Starting Structure: 
---------------------------------------------------------------------
Score Type                  Other        A        B      A-B    Total
---------------------------------------------------------------------
fa_atr                      0.000 -271.346   -7.340  -32.906 -311.592
fa_rep                      0.000   41.837    1.795    3.659   47.292
fa_sol                      0.000  131.628    5.338   18.127  155.093
fa_intra_rep                0.000    0.775    0.041    0.000    0.816
pro_close                   0.000    7.591    0.000    0.000    7.591
fa_pair                     0.000   -3.040   -0.167   -3.895   -7.102
hbond_sr_bb               -11.280    0.000    0.000    0.000  -11.280
hbond_lr_bb               -39.910    0.000    0.000    0.000  -39.910
hbond_bb_sc                 0.000   -6.402    0.000    0.000   -6.402
hbond_sc                    0.000   -1.420    0.000   -0.606   -2.026
dslf_ss_dst                 0.000    0.000    0.000    0.000    0.000
dslf_cs_ang                 0.000    0.000    0.000    0.000    0.000
dslf_ss_dih                 0.000    0.000    0.000    0.000    0.000
dslf_ca_dih                 0.000    0.000    0.000    0.000    0.000
rama                        0.000   -6.318   -0.389    0.000   -6.706
omega                       0.000   17.582    0.326    0.000   17.907
fa_dun                      0.000   79.273    9.767    0.000   89.041
p_aa_pp                     0.000  -15.522   -0.084    0.000  -15.606
ref                         0.000  -15.780   -2.570    0.000  -18.350
---------------------------------------------------------------------
Total                     -51.191  -41.142    6.716  -15.621 -101.237

core.pack.interaction_graph.interaction_graph_factory: Instantiating PDInteractionGraph
core.pack.pack_rotamers: built 8866 rotamers at 35 positions.
core.pack.pack_rotamers: IG: 96113732 bytes
app.sequence_tolerance: There are 1 positive states and 0 negative states
protocols.multistate_design.MultiStatePacker: Best single-state design score:  -120.73
app.sequence_tolerance: Adding single-state design entities:
app.sequence_tolerance: AA:98:E AA:99:E AA:100:T AA:101:K AA:102:V 
app.sequence_tolerance: Generation 1:
app.sequence_tolerance: Distinct new entities: 2000
app.sequence_tolerance: Duplicate new entities: 0
app.sequence_tolerance: Entities from previous generation: 0
app.sequence_tolerance: Entities resurrected from earlier generations: 0
app.sequence_tolerance: Fitness Percentiles: 0%=-121.36 25%=-106.467 50%=-88.1148 75%=-41.5227 100%=1231.37
app.sequence_tolerance: Best new entity:
MultiStateEntity with traits: AA:98:E AA:99:E AA:100:T AA:101:K AA:102:V and fitness -121.360
 SingleState 1 with fitness: -121.36
app.sequence_tolerance: Generation 2:
app.sequence_tolerance: Distinct new entities: 1911
app.sequence_tolerance: Duplicate new entities: 1
app.sequence_tolerance: Entities from previous generation: 88
app.sequence_tolerance: Entities resurrected from earlier generations: 0
app.sequence_tolerance: Fitness Percentiles: 0%=-121.36 25%=-109.237 50%=-102.748 75%=-79.0614 100%=1212.26
app.sequence_tolerance: Best new entity:
MultiStateEntity with traits: AA:98:E AA:99:E AA:100:E AA:101:W AA:102:V and fitness -121.086
 SingleState 1 with fitness: -121.086
app.sequence_tolerance: Generation 3:
app.sequence_tolerance: Distinct new entities: 1905
app.sequence_tolerance: Duplicate new entities: 5
app.sequence_tolerance: Entities from previous generation: 87
app.sequence_tolerance: Entities resurrected from earlier generations: 3
app.sequence_tolerance: Fitness Percentiles: 0%=-121.45 25%=-111.105 50%=-107.012 75%=-97.7232 100%=1217.03
app.sequence_tolerance: Best new entity:
MultiStateEntity with traits: AA:98:H AA:99:D AA:100:K AA:101:R AA:102:V and fitness -121.450
 SingleState 1 with fitness: -121.45
app.sequence_tolerance: Generation 4:
app.sequence_tolerance: Distinct new entities: 1916
app.sequence_tolerance: Duplicate new entities: 2
app.sequence_tolerance: Entities from previous generation: 73
app.sequence_tolerance: Entities resurrected from earlier generations: 9
app.sequence_tolerance: Fitness Percentiles: 0%=-121.45 25%=-112.197 50%=-109.003 75%=-101.543 100%=1042.98
app.sequence_tolerance: Best new entity:
MultiStateEntity with traits: AA:98:R AA:99:E AA:100:K AA:101:K AA:102:V and fitness -120.516
 SingleState 1 with fitness: -120.516
app.sequence_tolerance: Generation 5:
app.sequence_tolerance: Distinct new entities: 1899
app.sequence_tolerance: Duplicate new entities: 4
app.sequence_tolerance: Entities from previous generation: 83
app.sequence_tolerance: Entities resurrected from earlier generations: 14
app.sequence_tolerance: Fitness Percentiles: 0%=-121.45 25%=-113.01 50%=-109.912 75%=-103.243 100%=1211.24
app.sequence_tolerance: Best new entity:
MultiStateEntity with traits: AA:98:Q AA:99:E AA:100:T AA:101:K AA:102:V and fitness -120.380
 SingleState 1 with fitness: -120.38
app.sequence_tolerance: Evaluated 9631 sequences out of 2476099 possible.
Best sequences:
