core.init: Mini-Rosetta version 40577 from https://svn.rosettacommons.org/source/branches/releases/rosetta-3.2/rosetta_source
core.init: command: /netapp/home/colin/rosetta/rosetta-3.2/rosetta_source/bin/sequence_tolerance.linuxgccrelease -database /netapp/home/colin/rosetta/rosetta-3.2/rosetta_database -s 2FNE_A_C_V2048_0014_low.pdb -ex1 -ex2 -extrachi_cutoff 0 -seq_tol:fitness_master_weights 1 1 1 2 -ms:generations 5 -ms:pop_size 2000 -ms:pop_from_ss 1 -ms:checkpoint:prefix 2FNE_A_C_V2048_0014 -ms:checkpoint:interval 200 -ms:checkpoint:gz -ms:numresults 0 -out:prefix 2FNE_A_C_V2048_0014 -score:weights standard -score:patch score12 -score:ref_offsets HIS 1.2 -resfile /netapp/home/colin/backrub_seqtol/input_files/2FNE_A_C_V2048/2FNE_A_C_V2048_seqtol.resfile
core.init: 'RNG device' seed mode, using '/dev/urandom', seed=-1474384719 seed_offset=0 real_seed=-1474384719
core.init.random: RandomGenerator:init: Normal mode, seed=-1474384719 RG_type=mt19937
core.pack.task: Packer task: initialize from command line() 
core.pack.task: Packer task: initialize from command line() 
core.scoring.ScoreFunctionFactory: SCOREFUNCTION: standard
core.scoring.ScoreFunctionFactory: SCOREFUNCTION PATCH: score12
core.scoring.etable: Starting energy table calculation
core.scoring.etable: smooth_etable: changing atr/rep split to bottom of energy well
core.scoring.etable: smooth_etable: spline smoothing lj etables (maxdis = 6)
core.scoring.etable: smooth_etable: spline smoothing solvation etables (max_dis = 6)
core.scoring.etable: Finished calculating energy tables.
core.io.database: Database file opened: /netapp/home/colin/rosetta/rosetta-3.2/rosetta_database/pdb_pair_stats_fine
core.io.database: Database file opened: /netapp/home/colin/rosetta/rosetta-3.2/rosetta_database/scoring/score_functions/hbonds/standard_params/HBPoly1D.csv
core.io.database: Database file opened: /netapp/home/colin/rosetta/rosetta-3.2/rosetta_database/scoring/score_functions/hbonds/standard_params/HBFadeIntervals.csv
core.io.database: Database file opened: /netapp/home/colin/rosetta/rosetta-3.2/rosetta_database/scoring/score_functions/hbonds/standard_params/HBEval.csv
core.io.database: Database file opened: /netapp/home/colin/rosetta/rosetta-3.2/rosetta_database/P_AA
core.io.database: Database file opened: /netapp/home/colin/rosetta/rosetta-3.2/rosetta_database/P_AA_n
core.io.database: Database file opened: /netapp/home/colin/rosetta/rosetta-3.2/rosetta_database/P_AA_pp
core.io.database: Database file opened: /netapp/home/colin/rosetta/rosetta-3.2/rosetta_database/Rama_smooth_dyn.dat_ss_6.4
core.scoring.dunbrack: Dunbrack library took 0.07 seconds to load from binary
app.sequence_tolerance: Residue Decomposition: [Set 1 (A): [1, 2, 3, 4, 5, 6, 7, 8, 9, 10, 11, 12, 13, 14, 15, 16, 17, 18, 19, 20, 21, 22, 23, 24, 25, 26, 27, 28, 29, 30, 31, 32, 33, 34, 35, 36, 37, 38, 39, 40, 41, 42, 43, 44, 45, 46, 47, 48, 49, 50, 51, 52, 53, 54, 55, 56, 57, 58, 59, 60, 61, 62, 63, 64, 65, 66, 67, 68, 69, 70, 71, 72, 73, 74, 75, 76, 77, 78, 79, 80, 81, 82, 83, 84, 85, 86, 87, 88, 89, 90, 91, 92, 93, 94, 95], Set 2 (B): [96, 97, 98, 99, 100, 101, 102]]
app.sequence_tolerance: Fitness Function Master Weights: [1, 1, 1, 2]
app.sequence_tolerance: Fitness of Starting Structure: 
---------------------------------------------------------------------
Score Type                  Other        A        B      A-B    Total
---------------------------------------------------------------------
fa_atr                      0.000 -258.906   -6.387  -45.285 -310.578
fa_rep                      0.000   38.251    0.556    5.712   44.518
fa_sol                      0.000  127.860    4.672   28.468  161.000
fa_intra_rep                0.000    0.786    0.048    0.000    0.834
pro_close                   0.000    7.521    0.000    0.000    7.521
fa_pair                     0.000   -4.824   -0.085   -2.365   -7.273
hbond_sr_bb               -10.228    0.000    0.000    0.000  -10.228
hbond_lr_bb               -36.666    0.000    0.000    0.000  -36.666
hbond_bb_sc                 0.000   -5.378   -0.067   -0.092   -5.537
hbond_sc                    0.000   -1.140    0.000   -2.479   -3.619
dslf_ss_dst                 0.000    0.000    0.000    0.000    0.000
dslf_cs_ang                 0.000    0.000    0.000    0.000    0.000
dslf_ss_dih                 0.000    0.000    0.000    0.000    0.000
dslf_ca_dih                 0.000    0.000    0.000    0.000    0.000
rama                        0.000   -3.115   -0.640    0.000   -3.756
omega                       0.000   17.604    0.324    0.000   17.928
fa_dun                      0.000   70.964    4.987    0.000   75.952
p_aa_pp                     0.000  -14.512   -0.292    0.000  -14.803
ref                         0.000  -15.780   -2.570    0.000  -18.350
---------------------------------------------------------------------
Total                     -46.893  -40.670    0.547  -16.040 -103.057

core.pack.interaction_graph.interaction_graph_factory: Instantiating PDInteractionGraph
core.pack.pack_rotamers: built 8941 rotamers at 35 positions.
core.pack.pack_rotamers: IG: 97589288 bytes
app.sequence_tolerance: There are 1 positive states and 0 negative states
protocols.multistate_design.MultiStatePacker: Best single-state design score:  -118.83
app.sequence_tolerance: Adding single-state design entities:
app.sequence_tolerance: AA:98:T AA:99:E AA:100:T AA:101:K AA:102:V 
app.sequence_tolerance: Generation 1:
app.sequence_tolerance: Distinct new entities: 2000
app.sequence_tolerance: Duplicate new entities: 0
app.sequence_tolerance: Entities from previous generation: 0
app.sequence_tolerance: Entities resurrected from earlier generations: 0
app.sequence_tolerance: Fitness Percentiles: 0%=-118.828 25%=-101.321 50%=-92.0533 75%=258.697 100%=2274.91
app.sequence_tolerance: Best new entity:
MultiStateEntity with traits: AA:98:T AA:99:E AA:100:T AA:101:K AA:102:V and fitness -118.828
 SingleState 1 with fitness: -118.828
app.sequence_tolerance: Generation 2:
app.sequence_tolerance: Distinct new entities: 1915
app.sequence_tolerance: Duplicate new entities: 5
app.sequence_tolerance: Entities from previous generation: 80
app.sequence_tolerance: Entities resurrected from earlier generations: 0
app.sequence_tolerance: Fitness Percentiles: 0%=-118.828 25%=-103.465 50%=-99.1637 75%=-30.6847 100%=2268.62
app.sequence_tolerance: Best new entity:
MultiStateEntity with traits: AA:98:H AA:99:E AA:100:D AA:101:K AA:102:V and fitness -115.462
 SingleState 1 with fitness: -115.462
app.sequence_tolerance: Generation 3:
app.sequence_tolerance: Distinct new entities: 1902
app.sequence_tolerance: Duplicate new entities: 4
app.sequence_tolerance: Entities from previous generation: 91
app.sequence_tolerance: Entities resurrected from earlier generations: 3
app.sequence_tolerance: Fitness Percentiles: 0%=-118.828 25%=-105.026 50%=-101.531 75%=-96.1561 100%=2272.18
app.sequence_tolerance: Best new entity:
MultiStateEntity with traits: AA:98:Q AA:99:E AA:100:T AA:101:K AA:102:V and fitness -116.749
 SingleState 1 with fitness: -116.749
app.sequence_tolerance: Generation 4:
app.sequence_tolerance: Distinct new entities: 1903
app.sequence_tolerance: Duplicate new entities: 5
app.sequence_tolerance: Entities from previous generation: 82
app.sequence_tolerance: Entities resurrected from earlier generations: 10
app.sequence_tolerance: Fitness Percentiles: 0%=-118.828 25%=-105.95 50%=-102.739 75%=-98.5631 100%=2074.5
app.sequence_tolerance: Best new entity:
MultiStateEntity with traits: AA:98:T AA:99:E AA:100:H AA:101:K AA:102:V and fitness -116.191
 SingleState 1 with fitness: -116.191
app.sequence_tolerance: Generation 5:
app.sequence_tolerance: Distinct new entities: 1905
app.sequence_tolerance: Duplicate new entities: 4
app.sequence_tolerance: Entities from previous generation: 81
app.sequence_tolerance: Entities resurrected from earlier generations: 10
app.sequence_tolerance: Fitness Percentiles: 0%=-118.828 25%=-106.743 50%=-103.651 75%=-99.5353 100%=2073.86
app.sequence_tolerance: Best new entity:
MultiStateEntity with traits: AA:98:T AA:99:E AA:100:T AA:101:M AA:102:V and fitness -118.145
 SingleState 1 with fitness: -118.145
app.sequence_tolerance: Evaluated 9625 sequences out of 2476099 possible.
Best sequences:
