core.init: Mini-Rosetta version 40577 from https://svn.rosettacommons.org/source/branches/releases/rosetta-3.2/rosetta_source
core.init: command: /netapp/home/colin/rosetta/rosetta-3.2/rosetta_source/bin/backrub.linuxgccrelease -database /netapp/home/colin/rosetta/rosetta-3.2/rosetta_database -s /netapp/home/colin/backrub_seqtol/input_files/2FNE_A_C_V2048/2FNE_A_C_V2048.pdb -ignore_unrecognized_res -ex1 -ex2 -extrachi_cutoff 0 -out:prefix 2FNE_A_C_V2048_0003 -mute core.io.pdb.file_data -backrub:ntrials 10000 -score:weights standard -score:patch score12
core.init: 'RNG device' seed mode, using '/dev/urandom', seed=610470249 seed_offset=0 real_seed=610470249
core.init.random: RandomGenerator:init: Normal mode, seed=610470249 RG_type=mt19937
core.scoring.ScoreFunctionFactory: SCOREFUNCTION: standard
core.scoring.ScoreFunctionFactory: SCOREFUNCTION PATCH: score12
core.scoring.etable: Starting energy table calculation
core.scoring.etable: smooth_etable: changing atr/rep split to bottom of energy well
core.scoring.etable: smooth_etable: spline smoothing lj etables (maxdis = 6)
core.scoring.etable: smooth_etable: spline smoothing solvation etables (max_dis = 6)
core.scoring.etable: Finished calculating energy tables.
core.io.database: Database file opened: /netapp/home/colin/rosetta/rosetta-3.2/rosetta_database/pdb_pair_stats_fine
core.io.database: Database file opened: /netapp/home/colin/rosetta/rosetta-3.2/rosetta_database/scoring/score_functions/hbonds/standard_params/HBPoly1D.csv
core.io.database: Database file opened: /netapp/home/colin/rosetta/rosetta-3.2/rosetta_database/scoring/score_functions/hbonds/standard_params/HBFadeIntervals.csv
core.io.database: Database file opened: /netapp/home/colin/rosetta/rosetta-3.2/rosetta_database/scoring/score_functions/hbonds/standard_params/HBEval.csv
core.io.database: Database file opened: /netapp/home/colin/rosetta/rosetta-3.2/rosetta_database/P_AA
core.io.database: Database file opened: /netapp/home/colin/rosetta/rosetta-3.2/rosetta_database/P_AA_n
core.io.database: Database file opened: /netapp/home/colin/rosetta/rosetta-3.2/rosetta_database/P_AA_pp
core.io.database: Database file opened: /netapp/home/colin/rosetta/rosetta-3.2/rosetta_database/Rama_smooth_dyn.dat_ss_6.4
core.mm.MMBondAngleLibrary: MM bond angle sets added fully assigned: 474; wildcard: 0 and 1 virtual parameter.
core.io.database: Database file opened: /netapp/home/colin/rosetta/rosetta-3.2/rosetta_database/branch_angle/branch_angle_1.txt
core.io.database: Database file opened: /netapp/home/colin/rosetta/rosetta-3.2/rosetta_database/branch_angle/branch_angle_2.txt
core.scoring.dunbrack: Dunbrack library took 0.08 seconds to load from binary
apps.backrub: Processing /netapp/home/colin/backrub_seqtol/input_files/2FNE_A_C_V2048/2FNE_A_C_V2048.pdb...
core.conformation.Conformation: [ WARNING ] missing heavyatom:  CG  on residue MET_p:NtermProteinFull 1
core.conformation.Conformation: [ WARNING ] missing heavyatom:  SD  on residue MET_p:NtermProteinFull 1
core.conformation.Conformation: [ WARNING ] missing heavyatom:  CE  on residue MET_p:NtermProteinFull 1
core.conformation.Conformation: [ WARNING ] missing heavyatom:  CG  on residue LYS 41
core.conformation.Conformation: [ WARNING ] missing heavyatom:  CD  on residue LYS 41
core.conformation.Conformation: [ WARNING ] missing heavyatom:  CE  on residue LYS 41
core.conformation.Conformation: [ WARNING ] missing heavyatom:  NZ  on residue LYS 41
core.conformation.Conformation: [ WARNING ] missing heavyatom:  CG  on residue LYS 80
core.conformation.Conformation: [ WARNING ] missing heavyatom:  CD  on residue LYS 80
core.conformation.Conformation: [ WARNING ] missing heavyatom:  CE  on residue LYS 80
core.conformation.Conformation: [ WARNING ] missing heavyatom:  NZ  on residue LYS 80
core.pack.task: Packer task: initialize from command line() 
core.pack.pack_missing_sidechains: packing residue number 1 because of missing atom number 6 atom name  CG 
core.pack.pack_missing_sidechains: packing residue number 41 because of missing atom number 6 atom name  CG 
core.pack.pack_missing_sidechains: packing residue number 80 because of missing atom number 6 atom name  CG 
core.pack.interaction_graph.interaction_graph_factory: Instantiating DensePDInteractionGraph
core.pack.pack_rotamers: built 579 rotamers at 3 positions.
core.pack.pack_rotamers: IG: 3720 bytes
protocols.moves.BackrubMover: Segment lengths: 3-34 atoms
protocols.moves.BackrubMover: Main chain pivot atoms: CA
protocols.moves.BackrubMover: Adding backrub segments for residues 1-102
protocols.moves.BackrubMover: Total Segments Added: 924
apps.backrub: Score After PDB Load:
apps.backrub: ------------------------------------------------------------
 Scores                       Weight   Raw Score Wghtd.Score
------------------------------------------------------------
 fa_atr                       0.800    -392.456    -313.965
 fa_rep                       0.440     157.999      69.520
 fa_sol                       0.650     257.103     167.117
 fa_intra_rep                 0.004     220.042       0.880
 mm_bend                      1.000     119.633     119.633
 pro_close                    1.000       7.544       7.544
 fa_pair                      0.490     -10.736      -5.261
 hbond_sr_bb                  0.585     -23.330     -13.648
 hbond_lr_bb                  1.170     -36.512     -42.719
 hbond_bb_sc                  1.170      -6.161      -7.208
 hbond_sc                     1.100      -2.799      -3.078
 dslf_ss_dst                  0.500       0.000       0.000
 dslf_cs_ang                  2.000       0.000       0.000
 dslf_ss_dih                  5.000       0.000       0.000
 dslf_ca_dih                  5.000       0.000       0.000
 rama                         0.200     -43.529      -8.706
 omega                        0.500      35.845      17.923
 fa_dun                       0.560     235.884     132.095
 p_aa_pp                      0.320     -49.437     -15.820
 ref                          1.000     -20.750     -20.750
---------------------------------------------------
 Total weighted score:                       83.557
core.pack.task: Packer task: initialize from command line() 
apps.backrub: Score After Branch Angle Optimization/Side Chain Idealization:
apps.backrub: ------------------------------------------------------------
 Scores                       Weight   Raw Score Wghtd.Score
------------------------------------------------------------
 fa_atr                       0.800    -393.318    -314.655
 fa_rep                       0.440     390.921     172.005
 fa_sol                       0.650     258.235     167.853
 fa_intra_rep                 0.004     276.365       1.105
 mm_bend                      1.000      47.908      47.908
 pro_close                    1.000       7.544       7.544
 fa_pair                      0.490     -10.968      -5.374
 hbond_sr_bb                  0.585     -23.330     -13.648
 hbond_lr_bb                  1.170     -36.512     -42.719
 hbond_bb_sc                  1.170      -5.253      -6.146
 hbond_sc                     1.100      -1.644      -1.809
 dslf_ss_dst                  0.500       0.000       0.000
 dslf_cs_ang                  2.000       0.000       0.000
 dslf_ss_dih                  5.000       0.000       0.000
 dslf_ca_dih                  5.000       0.000       0.000
 rama                         0.200     -43.529      -8.706
 omega                        0.500      35.845      17.923
 fa_dun                       0.560     236.162     132.251
 p_aa_pp                      0.320     -49.437     -15.820
 ref                          1.000     -20.750     -20.750
---------------------------------------------------
 Total weighted score:                      116.963
core.pack.task: Packer task: initialize from command line() 
apps.backrub: Running 10000 trials...
protocols.moves.MonteCarlo:      br_CA_CA_04 trials=    754;  accepts= 0.3859;  energy_drop/trial=  -0.00180
protocols.moves.MonteCarlo:      br_CA_CA_07 trials=    733;  accepts= 0.3383;  energy_drop/trial=  -0.00848
protocols.moves.MonteCarlo:      br_CA_CA_10 trials=    681;  accepts= 0.3025;  energy_drop/trial=   0.00176
protocols.moves.MonteCarlo:      br_CA_CA_13 trials=    713;  accepts= 0.2342;  energy_drop/trial=  -0.01145
protocols.moves.MonteCarlo:      br_CA_CA_16 trials=    704;  accepts= 0.2301;  energy_drop/trial=  -0.08322
protocols.moves.MonteCarlo:      br_CA_CA_19 trials=    673;  accepts= 0.2259;  energy_drop/trial=  -0.00619
protocols.moves.MonteCarlo:      br_CA_CA_22 trials=    655;  accepts= 0.1878;  energy_drop/trial=  -0.00413
protocols.moves.MonteCarlo:      br_CA_CA_25 trials=    696;  accepts= 0.1997;  energy_drop/trial=  -0.02319
protocols.moves.MonteCarlo:      br_CA_CA_28 trials=    650;  accepts= 0.1846;  energy_drop/trial=  -0.01581
protocols.moves.MonteCarlo:      br_CA_CA_31 trials=    632;  accepts= 0.1646;  energy_drop/trial=   0.00896
protocols.moves.MonteCarlo:      br_CA_CA_34 trials=    629;  accepts= 0.1860;  energy_drop/trial=   0.00062
protocols.moves.MonteCarlo:       sc_chi_rot trials=   2237;  accepts= 0.4166;  energy_drop/trial=  -0.02689
protocols.moves.MonteCarlo:      sc_chi_unif trials=    243;  accepts= 0.0658;  energy_drop/trial=   0.00523
apps.backrub: Last Score:
apps.backrub: ------------------------------------------------------------
 Scores                       Weight   Raw Score Wghtd.Score
------------------------------------------------------------
 fa_atr                       0.800    -340.284    -272.227
 fa_rep                       0.440      90.212      39.693
 fa_sol                       0.650     215.199     139.880
 fa_intra_rep                 0.004     203.788       0.815
 mm_bend                      1.000      39.245      39.245
 pro_close                    1.000       7.544       7.544
 fa_pair                      0.490      -8.206      -4.021
 hbond_sr_bb                  0.585     -15.938      -9.324
 hbond_lr_bb                  1.170     -28.624     -33.490
 hbond_bb_sc                  1.170      -4.246      -4.968
 hbond_sc                     1.100      -1.570      -1.727
 dslf_ss_dst                  0.500       0.000       0.000
 dslf_cs_ang                  2.000       0.000       0.000
 dslf_ss_dih                  5.000       0.000       0.000
 dslf_ca_dih                  5.000       0.000       0.000
 rama                         0.200     -24.451      -4.890
 omega                        0.500      35.845      17.923
 fa_dun                       0.560     140.400      78.624
 p_aa_pp                      0.320     -45.678     -14.617
 ref                          1.000     -20.750     -20.750
---------------------------------------------------
 Total weighted score:                      -42.290
apps.backrub: Low Score:
apps.backrub: ------------------------------------------------------------
 Scores                       Weight   Raw Score Wghtd.Score
------------------------------------------------------------
 fa_atr                       0.800    -353.849    -283.079
 fa_rep                       0.440      84.130      37.017
 fa_sol                       0.650     222.993     144.946
 fa_intra_rep                 0.004     210.518       0.842
 mm_bend                      1.000      36.423      36.423
 pro_close                    1.000       7.544       7.544
 fa_pair                      0.490     -12.763      -6.254
 hbond_sr_bb                  0.585     -18.619     -10.892
 hbond_lr_bb                  1.170     -32.896     -38.489
 hbond_bb_sc                  1.170      -3.324      -3.889
 hbond_sc                     1.100      -1.781      -1.959
 dslf_ss_dst                  0.500       0.000       0.000
 dslf_cs_ang                  2.000       0.000       0.000
 dslf_ss_dih                  5.000       0.000       0.000
 dslf_ca_dih                  5.000       0.000       0.000
 rama                         0.200     -25.088      -5.018
 omega                        0.500      35.845      17.923
 fa_dun                       0.560     143.844      80.552
 p_aa_pp                      0.320     -44.517     -14.246
 ref                          1.000     -20.750     -20.750
---------------------------------------------------
 Total weighted score:                      -59.328
