core.init: Mini-Rosetta version 40577 from https://svn.rosettacommons.org/source/branches/releases/rosetta-3.2/rosetta_source
core.init: command: /netapp/home/colin/rosetta/rosetta-3.2/rosetta_source/bin/sequence_tolerance.linuxgccrelease -database /netapp/home/colin/rosetta/rosetta-3.2/rosetta_database -s 2FNE_A_C_V2048_0013_low.pdb -ex1 -ex2 -extrachi_cutoff 0 -seq_tol:fitness_master_weights 1 1 1 2 -ms:generations 5 -ms:pop_size 2000 -ms:pop_from_ss 1 -ms:checkpoint:prefix 2FNE_A_C_V2048_0013 -ms:checkpoint:interval 200 -ms:checkpoint:gz -ms:numresults 0 -out:prefix 2FNE_A_C_V2048_0013 -score:weights standard -score:patch score12 -score:ref_offsets HIS 1.2 -resfile /netapp/home/colin/backrub_seqtol/input_files/2FNE_A_C_V2048/2FNE_A_C_V2048_seqtol.resfile
core.init: 'RNG device' seed mode, using '/dev/urandom', seed=1263487481 seed_offset=0 real_seed=1263487481
core.init.random: RandomGenerator:init: Normal mode, seed=1263487481 RG_type=mt19937
core.pack.task: Packer task: initialize from command line() 
core.pack.task: Packer task: initialize from command line() 
core.scoring.ScoreFunctionFactory: SCOREFUNCTION: standard
core.scoring.ScoreFunctionFactory: SCOREFUNCTION PATCH: score12
core.scoring.etable: Starting energy table calculation
core.scoring.etable: smooth_etable: changing atr/rep split to bottom of energy well
core.scoring.etable: smooth_etable: spline smoothing lj etables (maxdis = 6)
core.scoring.etable: smooth_etable: spline smoothing solvation etables (max_dis = 6)
core.scoring.etable: Finished calculating energy tables.
core.io.database: Database file opened: /netapp/home/colin/rosetta/rosetta-3.2/rosetta_database/pdb_pair_stats_fine
core.io.database: Database file opened: /netapp/home/colin/rosetta/rosetta-3.2/rosetta_database/scoring/score_functions/hbonds/standard_params/HBPoly1D.csv
core.io.database: Database file opened: /netapp/home/colin/rosetta/rosetta-3.2/rosetta_database/scoring/score_functions/hbonds/standard_params/HBFadeIntervals.csv
core.io.database: Database file opened: /netapp/home/colin/rosetta/rosetta-3.2/rosetta_database/scoring/score_functions/hbonds/standard_params/HBEval.csv
core.io.database: Database file opened: /netapp/home/colin/rosetta/rosetta-3.2/rosetta_database/P_AA
core.io.database: Database file opened: /netapp/home/colin/rosetta/rosetta-3.2/rosetta_database/P_AA_n
core.io.database: Database file opened: /netapp/home/colin/rosetta/rosetta-3.2/rosetta_database/P_AA_pp
core.io.database: Database file opened: /netapp/home/colin/rosetta/rosetta-3.2/rosetta_database/Rama_smooth_dyn.dat_ss_6.4
core.scoring.dunbrack: Dunbrack library took 0.02 seconds to load from binary
app.sequence_tolerance: Residue Decomposition: [Set 1 (A): [1, 2, 3, 4, 5, 6, 7, 8, 9, 10, 11, 12, 13, 14, 15, 16, 17, 18, 19, 20, 21, 22, 23, 24, 25, 26, 27, 28, 29, 30, 31, 32, 33, 34, 35, 36, 37, 38, 39, 40, 41, 42, 43, 44, 45, 46, 47, 48, 49, 50, 51, 52, 53, 54, 55, 56, 57, 58, 59, 60, 61, 62, 63, 64, 65, 66, 67, 68, 69, 70, 71, 72, 73, 74, 75, 76, 77, 78, 79, 80, 81, 82, 83, 84, 85, 86, 87, 88, 89, 90, 91, 92, 93, 94, 95], Set 2 (B): [96, 97, 98, 99, 100, 101, 102]]
app.sequence_tolerance: Fitness Function Master Weights: [1, 1, 1, 2]
app.sequence_tolerance: Fitness of Starting Structure: 
---------------------------------------------------------------------
Score Type                  Other        A        B      A-B    Total
---------------------------------------------------------------------
fa_atr                      0.000 -269.477   -7.601  -31.652 -308.729
fa_rep                      0.000   37.257    0.526    2.532   40.315
fa_sol                      0.000  133.488    6.021   17.673  157.182
fa_intra_rep                0.000    0.700    0.165    0.000    0.865
pro_close                   0.000    7.527    0.000    0.000    7.527
fa_pair                     0.000   -3.619   -0.461   -1.976   -6.057
hbond_sr_bb               -10.698    0.000    0.000    0.000  -10.698
hbond_lr_bb               -38.730    0.000    0.000    0.000  -38.730
hbond_bb_sc                 0.000   -3.502    0.000    0.000   -3.502
hbond_sc                    0.000   -1.130    0.000    0.000   -1.130
dslf_ss_dst                 0.000    0.000    0.000    0.000    0.000
dslf_cs_ang                 0.000    0.000    0.000    0.000    0.000
dslf_ss_dih                 0.000    0.000    0.000    0.000    0.000
dslf_ca_dih                 0.000    0.000    0.000    0.000    0.000
rama                        0.000   -6.339   -0.515    0.000   -6.854
omega                       0.000   17.632    0.325    0.000   17.958
fa_dun                      0.000   70.532    5.547    0.000   76.079
p_aa_pp                     0.000  -15.675   -0.135    0.000  -15.810
ref                         0.000  -15.780   -2.570    0.000  -18.350
---------------------------------------------------------------------
Total                     -49.428  -48.386    1.304  -13.424 -109.935

core.pack.interaction_graph.interaction_graph_factory: Instantiating PDInteractionGraph
core.pack.pack_rotamers: built 8548 rotamers at 35 positions.
core.pack.pack_rotamers: IG: 89204312 bytes
app.sequence_tolerance: There are 1 positive states and 0 negative states
protocols.multistate_design.MultiStatePacker: Best single-state design score:  -127.67
app.sequence_tolerance: Adding single-state design entities:
app.sequence_tolerance: AA:98:I AA:99:A AA:100:K AA:101:K AA:102:V 
app.sequence_tolerance: Generation 1:
app.sequence_tolerance: Distinct new entities: 2000
app.sequence_tolerance: Duplicate new entities: 0
app.sequence_tolerance: Entities from previous generation: 0
app.sequence_tolerance: Entities resurrected from earlier generations: 0
app.sequence_tolerance: Fitness Percentiles: 0%=-127.311 25%=-115.562 50%=-109.563 75%=5.67154 100%=2028.18
app.sequence_tolerance: Best new entity:
MultiStateEntity with traits: AA:98:I AA:99:A AA:100:K AA:101:K AA:102:V and fitness -127.311
 SingleState 1 with fitness: -127.311
app.sequence_tolerance: Generation 2:
app.sequence_tolerance: Distinct new entities: 1910
app.sequence_tolerance: Duplicate new entities: 2
app.sequence_tolerance: Entities from previous generation: 88
app.sequence_tolerance: Entities resurrected from earlier generations: 0
app.sequence_tolerance: Fitness Percentiles: 0%=-129.264 25%=-117.479 50%=-113.979 75%=-106.279 100%=2016.73
app.sequence_tolerance: Best new entity:
MultiStateEntity with traits: AA:98:W AA:99:E AA:100:K AA:101:R AA:102:I and fitness -129.264
 SingleState 1 with fitness: -129.264
app.sequence_tolerance: Generation 3:
app.sequence_tolerance: Distinct new entities: 1910
app.sequence_tolerance: Duplicate new entities: 1
app.sequence_tolerance: Entities from previous generation: 84
app.sequence_tolerance: Entities resurrected from earlier generations: 5
app.sequence_tolerance: Fitness Percentiles: 0%=-129.264 25%=-118.64 50%=-115.539 75%=-111.565 100%=1895.44
app.sequence_tolerance: Best new entity:
MultiStateEntity with traits: AA:98:I AA:99:E AA:100:I AA:101:M AA:102:V and fitness -127.444
 SingleState 1 with fitness: -127.444
app.sequence_tolerance: Generation 4:
app.sequence_tolerance: Distinct new entities: 1890
app.sequence_tolerance: Duplicate new entities: 6
app.sequence_tolerance: Entities from previous generation: 97
app.sequence_tolerance: Entities resurrected from earlier generations: 7
app.sequence_tolerance: Fitness Percentiles: 0%=-129.264 25%=-119.487 50%=-116.623 75%=-113.014 100%=2020.21
app.sequence_tolerance: Best new entity:
MultiStateEntity with traits: AA:98:V AA:99:D AA:100:R AA:101:R AA:102:I and fitness -127.901
 SingleState 1 with fitness: -127.901
app.sequence_tolerance: Generation 5:
app.sequence_tolerance: Distinct new entities: 1900
app.sequence_tolerance: Duplicate new entities: 6
app.sequence_tolerance: Entities from previous generation: 82
app.sequence_tolerance: Entities resurrected from earlier generations: 12
app.sequence_tolerance: Fitness Percentiles: 0%=-129.264 25%=-120.218 50%=-117.365 75%=-113.837 100%=1893.46
app.sequence_tolerance: Best new entity:
MultiStateEntity with traits: AA:98:R AA:99:E AA:100:R AA:101:R AA:102:I and fitness -128.021
 SingleState 1 with fitness: -128.021
app.sequence_tolerance: Evaluated 9610 sequences out of 2476099 possible.
Best sequences:
