core.init: Mini-Rosetta version 40577 from https://svn.rosettacommons.org/source/branches/releases/rosetta-3.2/rosetta_source
core.init: command: /netapp/home/colin/rosetta/rosetta-3.2/rosetta_source/bin/sequence_tolerance.linuxgccrelease -database /netapp/home/colin/rosetta/rosetta-3.2/rosetta_database -s 2FNE_A_C_V2048_0016_low.pdb -ex1 -ex2 -extrachi_cutoff 0 -seq_tol:fitness_master_weights 1 1 1 2 -ms:generations 5 -ms:pop_size 2000 -ms:pop_from_ss 1 -ms:checkpoint:prefix 2FNE_A_C_V2048_0016 -ms:checkpoint:interval 200 -ms:checkpoint:gz -ms:numresults 0 -out:prefix 2FNE_A_C_V2048_0016 -score:weights standard -score:patch score12 -score:ref_offsets HIS 1.2 -resfile /netapp/home/colin/backrub_seqtol/input_files/2FNE_A_C_V2048/2FNE_A_C_V2048_seqtol.resfile
core.init: 'RNG device' seed mode, using '/dev/urandom', seed=-2118161105 seed_offset=0 real_seed=-2118161105
core.init.random: RandomGenerator:init: Normal mode, seed=-2118161105 RG_type=mt19937
core.pack.task: Packer task: initialize from command line() 
core.pack.task: Packer task: initialize from command line() 
core.scoring.ScoreFunctionFactory: SCOREFUNCTION: standard
core.scoring.ScoreFunctionFactory: SCOREFUNCTION PATCH: score12
core.scoring.etable: Starting energy table calculation
core.scoring.etable: smooth_etable: changing atr/rep split to bottom of energy well
core.scoring.etable: smooth_etable: spline smoothing lj etables (maxdis = 6)
core.scoring.etable: smooth_etable: spline smoothing solvation etables (max_dis = 6)
core.scoring.etable: Finished calculating energy tables.
core.io.database: Database file opened: /netapp/home/colin/rosetta/rosetta-3.2/rosetta_database/pdb_pair_stats_fine
core.io.database: Database file opened: /netapp/home/colin/rosetta/rosetta-3.2/rosetta_database/scoring/score_functions/hbonds/standard_params/HBPoly1D.csv
core.io.database: Database file opened: /netapp/home/colin/rosetta/rosetta-3.2/rosetta_database/scoring/score_functions/hbonds/standard_params/HBFadeIntervals.csv
core.io.database: Database file opened: /netapp/home/colin/rosetta/rosetta-3.2/rosetta_database/scoring/score_functions/hbonds/standard_params/HBEval.csv
core.io.database: Database file opened: /netapp/home/colin/rosetta/rosetta-3.2/rosetta_database/P_AA
core.io.database: Database file opened: /netapp/home/colin/rosetta/rosetta-3.2/rosetta_database/P_AA_n
core.io.database: Database file opened: /netapp/home/colin/rosetta/rosetta-3.2/rosetta_database/P_AA_pp
core.io.database: Database file opened: /netapp/home/colin/rosetta/rosetta-3.2/rosetta_database/Rama_smooth_dyn.dat_ss_6.4
core.scoring.dunbrack: Dunbrack library took 0.04 seconds to load from binary
app.sequence_tolerance: Residue Decomposition: [Set 1 (A): [1, 2, 3, 4, 5, 6, 7, 8, 9, 10, 11, 12, 13, 14, 15, 16, 17, 18, 19, 20, 21, 22, 23, 24, 25, 26, 27, 28, 29, 30, 31, 32, 33, 34, 35, 36, 37, 38, 39, 40, 41, 42, 43, 44, 45, 46, 47, 48, 49, 50, 51, 52, 53, 54, 55, 56, 57, 58, 59, 60, 61, 62, 63, 64, 65, 66, 67, 68, 69, 70, 71, 72, 73, 74, 75, 76, 77, 78, 79, 80, 81, 82, 83, 84, 85, 86, 87, 88, 89, 90, 91, 92, 93, 94, 95], Set 2 (B): [96, 97, 98, 99, 100, 101, 102]]
app.sequence_tolerance: Fitness Function Master Weights: [1, 1, 1, 2]
app.sequence_tolerance: Fitness of Starting Structure: 
---------------------------------------------------------------------
Score Type                  Other        A        B      A-B    Total
---------------------------------------------------------------------
fa_atr                      0.000 -260.576   -6.397  -42.410 -309.383
fa_rep                      0.000   37.448    0.871    9.930   48.249
fa_sol                      0.000  125.515    4.733   24.336  154.584
fa_intra_rep                0.000    0.743    0.042    0.000    0.784
pro_close                   0.000    7.544    0.000    0.000    7.544
fa_pair                     0.000   -3.467   -0.125   -3.154   -6.745
hbond_sr_bb               -11.263    0.000    0.000    0.000  -11.263
hbond_lr_bb               -35.347    0.000    0.000    0.000  -35.347
hbond_bb_sc                 0.000   -4.459   -0.001    0.000   -4.460
hbond_sc                    0.000   -1.037    0.000   -3.674   -4.711
dslf_ss_dst                 0.000    0.000    0.000    0.000    0.000
dslf_cs_ang                 0.000    0.000    0.000    0.000    0.000
dslf_ss_dih                 0.000    0.000    0.000    0.000    0.000
dslf_ca_dih                 0.000    0.000    0.000    0.000    0.000
rama                        0.000   -6.249   -0.407    0.000   -6.656
omega                       0.000   17.607    0.320    0.000   17.927
fa_dun                      0.000   71.279    5.417    0.000   76.696
p_aa_pp                     0.000  -15.379   -0.440    0.000  -15.819
ref                         0.000  -15.780   -2.570    0.000  -18.350
---------------------------------------------------------------------
Total                     -46.609  -46.810    1.443  -14.972 -106.948

core.pack.interaction_graph.interaction_graph_factory: Instantiating PDInteractionGraph
core.pack.pack_rotamers: built 8271 rotamers at 35 positions.
core.pack.pack_rotamers: IG: 83976728 bytes
app.sequence_tolerance: There are 1 positive states and 0 negative states
protocols.multistate_design.MultiStatePacker: Best single-state design score:  -122.12
app.sequence_tolerance: Adding single-state design entities:
app.sequence_tolerance: AA:98:D AA:99:E AA:100:R AA:101:K AA:102:V 
app.sequence_tolerance: Generation 1:
app.sequence_tolerance: Distinct new entities: 1999
app.sequence_tolerance: Duplicate new entities: 1
app.sequence_tolerance: Entities from previous generation: 0
app.sequence_tolerance: Entities resurrected from earlier generations: 0
app.sequence_tolerance: Fitness Percentiles: 0%=-122.121 25%=-106.744 50%=-26.3571 75%=117.474 100%=2961.63
app.sequence_tolerance: Best new entity:
MultiStateEntity with traits: AA:98:D AA:99:E AA:100:R AA:101:K AA:102:V and fitness -122.121
 SingleState 1 with fitness: -122.121
app.sequence_tolerance: Generation 2:
app.sequence_tolerance: Distinct new entities: 1920
app.sequence_tolerance: Duplicate new entities: 3
app.sequence_tolerance: Entities from previous generation: 77
app.sequence_tolerance: Entities resurrected from earlier generations: 0
app.sequence_tolerance: Fitness Percentiles: 0%=-122.121 25%=-109.493 50%=-99.5602 75%=-4.69625 100%=2571.07
app.sequence_tolerance: Best new entity:
MultiStateEntity with traits: AA:98:Y AA:99:T AA:100:M AA:101:K AA:102:V and fitness -118.610
 SingleState 1 with fitness: -118.61
app.sequence_tolerance: Generation 3:
app.sequence_tolerance: Distinct new entities: 1901
app.sequence_tolerance: Duplicate new entities: 4
app.sequence_tolerance: Entities from previous generation: 84
app.sequence_tolerance: Entities resurrected from earlier generations: 11
app.sequence_tolerance: Fitness Percentiles: 0%=-122.121 25%=-110.809 50%=-106.805 75%=-47.1062 100%=2866.57
app.sequence_tolerance: Best new entity:
MultiStateEntity with traits: AA:98:D AA:99:M AA:100:R AA:101:K AA:102:V and fitness -120.492
 SingleState 1 with fitness: -120.492
app.sequence_tolerance: Generation 4:
app.sequence_tolerance: Distinct new entities: 1906
app.sequence_tolerance: Duplicate new entities: 3
app.sequence_tolerance: Entities from previous generation: 81
app.sequence_tolerance: Entities resurrected from earlier generations: 10
app.sequence_tolerance: Fitness Percentiles: 0%=-122.121 25%=-112.116 50%=-108.787 75%=-98.2302 100%=2567.91
app.sequence_tolerance: Best new entity:
MultiStateEntity with traits: AA:98:A AA:99:E AA:100:W AA:101:W AA:102:V and fitness -121.184
 SingleState 1 with fitness: -121.184
app.sequence_tolerance: Generation 5:
app.sequence_tolerance: Distinct new entities: 1902
app.sequence_tolerance: Duplicate new entities: 2
app.sequence_tolerance: Entities from previous generation: 85
app.sequence_tolerance: Entities resurrected from earlier generations: 11
app.sequence_tolerance: Fitness Percentiles: 0%=-122.121 25%=-112.884 50%=-109.891 75%=-102.145 100%=2567.95
app.sequence_tolerance: Best new entity:
MultiStateEntity with traits: AA:98:T AA:99:E AA:100:W AA:101:W AA:102:V and fitness -121.391
 SingleState 1 with fitness: -121.391
app.sequence_tolerance: Evaluated 9628 sequences out of 2476099 possible.
Best sequences:
