core.init: Mini-Rosetta version 40577 from https://svn.rosettacommons.org/source/branches/releases/rosetta-3.2/rosetta_source
core.init: command: /netapp/home/colin/rosetta/rosetta-3.2/rosetta_source/bin/sequence_tolerance.linuxgccrelease -database /netapp/home/colin/rosetta/rosetta-3.2/rosetta_database -s 2FNE_A_C_V2048_0004_low.pdb -ex1 -ex2 -extrachi_cutoff 0 -seq_tol:fitness_master_weights 1 1 1 2 -ms:generations 5 -ms:pop_size 2000 -ms:pop_from_ss 1 -ms:checkpoint:prefix 2FNE_A_C_V2048_0004 -ms:checkpoint:interval 200 -ms:checkpoint:gz -ms:numresults 0 -out:prefix 2FNE_A_C_V2048_0004 -score:weights standard -score:patch score12 -score:ref_offsets HIS 1.2 -resfile /netapp/home/colin/backrub_seqtol/input_files/2FNE_A_C_V2048/2FNE_A_C_V2048_seqtol.resfile
core.init: 'RNG device' seed mode, using '/dev/urandom', seed=1857120897 seed_offset=0 real_seed=1857120897
core.init.random: RandomGenerator:init: Normal mode, seed=1857120897 RG_type=mt19937
core.pack.task: Packer task: initialize from command line() 
core.pack.task: Packer task: initialize from command line() 
core.scoring.ScoreFunctionFactory: SCOREFUNCTION: standard
core.scoring.ScoreFunctionFactory: SCOREFUNCTION PATCH: score12
core.scoring.etable: Starting energy table calculation
core.scoring.etable: smooth_etable: changing atr/rep split to bottom of energy well
core.scoring.etable: smooth_etable: spline smoothing lj etables (maxdis = 6)
core.scoring.etable: smooth_etable: spline smoothing solvation etables (max_dis = 6)
core.scoring.etable: Finished calculating energy tables.
core.io.database: Database file opened: /netapp/home/colin/rosetta/rosetta-3.2/rosetta_database/pdb_pair_stats_fine
core.io.database: Database file opened: /netapp/home/colin/rosetta/rosetta-3.2/rosetta_database/scoring/score_functions/hbonds/standard_params/HBPoly1D.csv
core.io.database: Database file opened: /netapp/home/colin/rosetta/rosetta-3.2/rosetta_database/scoring/score_functions/hbonds/standard_params/HBFadeIntervals.csv
core.io.database: Database file opened: /netapp/home/colin/rosetta/rosetta-3.2/rosetta_database/scoring/score_functions/hbonds/standard_params/HBEval.csv
core.io.database: Database file opened: /netapp/home/colin/rosetta/rosetta-3.2/rosetta_database/P_AA
core.io.database: Database file opened: /netapp/home/colin/rosetta/rosetta-3.2/rosetta_database/P_AA_n
core.io.database: Database file opened: /netapp/home/colin/rosetta/rosetta-3.2/rosetta_database/P_AA_pp
core.io.database: Database file opened: /netapp/home/colin/rosetta/rosetta-3.2/rosetta_database/Rama_smooth_dyn.dat_ss_6.4
core.scoring.dunbrack: Dunbrack library took 0.05 seconds to load from binary
app.sequence_tolerance: Residue Decomposition: [Set 1 (A): [1, 2, 3, 4, 5, 6, 7, 8, 9, 10, 11, 12, 13, 14, 15, 16, 17, 18, 19, 20, 21, 22, 23, 24, 25, 26, 27, 28, 29, 30, 31, 32, 33, 34, 35, 36, 37, 38, 39, 40, 41, 42, 43, 44, 45, 46, 47, 48, 49, 50, 51, 52, 53, 54, 55, 56, 57, 58, 59, 60, 61, 62, 63, 64, 65, 66, 67, 68, 69, 70, 71, 72, 73, 74, 75, 76, 77, 78, 79, 80, 81, 82, 83, 84, 85, 86, 87, 88, 89, 90, 91, 92, 93, 94, 95], Set 2 (B): [96, 97, 98, 99, 100, 101, 102]]
app.sequence_tolerance: Fitness Function Master Weights: [1, 1, 1, 2]
app.sequence_tolerance: Fitness of Starting Structure: 
---------------------------------------------------------------------
Score Type                  Other        A        B      A-B    Total
---------------------------------------------------------------------
fa_atr                      0.000 -252.938   -8.602  -34.809 -296.349
fa_rep                      0.000   36.389    1.568    7.149   45.106
fa_sol                      0.000  125.099    6.782   17.761  149.643
fa_intra_rep                0.000    0.796    0.450    0.000    1.246
pro_close                   0.000    7.500    0.000    0.000    7.500
fa_pair                     0.000   -3.356   -0.212   -1.741   -5.308
hbond_sr_bb               -12.101    0.000    0.000    0.000  -12.101
hbond_lr_bb               -36.605    0.000    0.000    0.000  -36.605
hbond_bb_sc                 0.000   -3.770   -0.276   -0.186   -4.232
hbond_sc                    0.000    0.000   -0.054    0.000   -0.054
dslf_ss_dst                 0.000    0.000    0.000    0.000    0.000
dslf_cs_ang                 0.000    0.000    0.000    0.000    0.000
dslf_ss_dih                 0.000    0.000    0.000    0.000    0.000
dslf_ca_dih                 0.000    0.000    0.000    0.000    0.000
rama                        0.000   -5.751   -0.674    0.000   -6.425
omega                       0.000   17.617    0.328    0.000   17.945
fa_dun                      0.000   67.832   10.599    0.000   78.431
p_aa_pp                     0.000  -14.057   -0.396    0.000  -14.453
ref                         0.000  -15.780   -2.570    0.000  -18.350
---------------------------------------------------------------------
Total                     -48.706  -40.419    6.944  -11.825  -94.006

core.pack.interaction_graph.interaction_graph_factory: Instantiating PDInteractionGraph
core.pack.pack_rotamers: built 8948 rotamers at 35 positions.
core.pack.pack_rotamers: IG: 97775708 bytes
app.sequence_tolerance: There are 1 positive states and 0 negative states
protocols.multistate_design.MultiStatePacker: Best single-state design score:  -116.58
app.sequence_tolerance: Adding single-state design entities:
app.sequence_tolerance: AA:98:S AA:99:E AA:100:V AA:101:R AA:102:V 
app.sequence_tolerance: Generation 1:
app.sequence_tolerance: Distinct new entities: 1999
app.sequence_tolerance: Duplicate new entities: 1
app.sequence_tolerance: Entities from previous generation: 0
app.sequence_tolerance: Entities resurrected from earlier generations: 0
app.sequence_tolerance: Fitness Percentiles: 0%=-116.576 25%=-101.855 50%=-88.1755 75%=71.5189 100%=1925.66
app.sequence_tolerance: Best new entity:
MultiStateEntity with traits: AA:98:S AA:99:E AA:100:V AA:101:R AA:102:V and fitness -116.576
 SingleState 1 with fitness: -116.576
app.sequence_tolerance: Generation 2:
app.sequence_tolerance: Distinct new entities: 1920
app.sequence_tolerance: Duplicate new entities: 2
app.sequence_tolerance: Entities from previous generation: 78
app.sequence_tolerance: Entities resurrected from earlier generations: 0
app.sequence_tolerance: Fitness Percentiles: 0%=-116.576 25%=-104.313 50%=-98.9314 75%=-46.1241 100%=1748.19
app.sequence_tolerance: Best new entity:
MultiStateEntity with traits: AA:98:S AA:99:E AA:100:K AA:101:R AA:102:V and fitness -116.436
 SingleState 1 with fitness: -116.436
app.sequence_tolerance: Generation 3:
app.sequence_tolerance: Distinct new entities: 1929
app.sequence_tolerance: Duplicate new entities: 0
app.sequence_tolerance: Entities from previous generation: 67
app.sequence_tolerance: Entities resurrected from earlier generations: 4
app.sequence_tolerance: Fitness Percentiles: 0%=-116.576 25%=-105.86 50%=-102.146 75%=-94.4395 100%=1849.43
app.sequence_tolerance: Best new entity:
MultiStateEntity with traits: AA:98:S AA:99:E AA:100:V AA:101:M AA:102:V and fitness -116.067
 SingleState 1 with fitness: -116.067
app.sequence_tolerance: Generation 4:
app.sequence_tolerance: Distinct new entities: 1909
app.sequence_tolerance: Duplicate new entities: 2
app.sequence_tolerance: Entities from previous generation: 83
app.sequence_tolerance: Entities resurrected from earlier generations: 6
app.sequence_tolerance: Fitness Percentiles: 0%=-116.576 25%=-107.345 50%=-103.897 75%=-98.3346 100%=1750.15
app.sequence_tolerance: Best new entity:
MultiStateEntity with traits: AA:98:I AA:99:E AA:100:V AA:101:M AA:102:V and fitness -115.674
 SingleState 1 with fitness: -115.674
app.sequence_tolerance: Generation 5:
app.sequence_tolerance: Distinct new entities: 1909
app.sequence_tolerance: Duplicate new entities: 4
app.sequence_tolerance: Entities from previous generation: 73
app.sequence_tolerance: Entities resurrected from earlier generations: 14
app.sequence_tolerance: Fitness Percentiles: 0%=-116.576 25%=-108.088 50%=-104.945 75%=-99.3404 100%=1856.45
app.sequence_tolerance: Best new entity:
MultiStateEntity with traits: AA:98:N AA:99:E AA:100:K AA:101:H AA:102:V and fitness -116.243
 SingleState 1 with fitness: -116.243
app.sequence_tolerance: Evaluated 9666 sequences out of 2476099 possible.
Best sequences:
