core.init: Mini-Rosetta version 40577 from https://svn.rosettacommons.org/source/branches/releases/rosetta-3.2/rosetta_source
core.init: command: /netapp/home/colin/rosetta/rosetta-3.2/rosetta_source/bin/backrub.linuxgccrelease -database /netapp/home/colin/rosetta/rosetta-3.2/rosetta_database -s /netapp/home/colin/backrub_seqtol/input_files/2FNE_A_C_V2048/2FNE_A_C_V2048.pdb -ignore_unrecognized_res -ex1 -ex2 -extrachi_cutoff 0 -out:prefix 2FNE_A_C_V2048_0001 -mute core.io.pdb.file_data -backrub:ntrials 10000 -score:weights standard -score:patch score12
core.init: 'RNG device' seed mode, using '/dev/urandom', seed=1229176682 seed_offset=0 real_seed=1229176682
core.init.random: RandomGenerator:init: Normal mode, seed=1229176682 RG_type=mt19937
core.scoring.ScoreFunctionFactory: SCOREFUNCTION: standard
core.scoring.ScoreFunctionFactory: SCOREFUNCTION PATCH: score12
core.scoring.etable: Starting energy table calculation
core.scoring.etable: smooth_etable: changing atr/rep split to bottom of energy well
core.scoring.etable: smooth_etable: spline smoothing lj etables (maxdis = 6)
core.scoring.etable: smooth_etable: spline smoothing solvation etables (max_dis = 6)
core.scoring.etable: Finished calculating energy tables.
core.io.database: Database file opened: /netapp/home/colin/rosetta/rosetta-3.2/rosetta_database/pdb_pair_stats_fine
core.io.database: Database file opened: /netapp/home/colin/rosetta/rosetta-3.2/rosetta_database/scoring/score_functions/hbonds/standard_params/HBPoly1D.csv
core.io.database: Database file opened: /netapp/home/colin/rosetta/rosetta-3.2/rosetta_database/scoring/score_functions/hbonds/standard_params/HBFadeIntervals.csv
core.io.database: Database file opened: /netapp/home/colin/rosetta/rosetta-3.2/rosetta_database/scoring/score_functions/hbonds/standard_params/HBEval.csv
core.io.database: Database file opened: /netapp/home/colin/rosetta/rosetta-3.2/rosetta_database/P_AA
core.io.database: Database file opened: /netapp/home/colin/rosetta/rosetta-3.2/rosetta_database/P_AA_n
core.io.database: Database file opened: /netapp/home/colin/rosetta/rosetta-3.2/rosetta_database/P_AA_pp
core.io.database: Database file opened: /netapp/home/colin/rosetta/rosetta-3.2/rosetta_database/Rama_smooth_dyn.dat_ss_6.4
core.mm.MMBondAngleLibrary: MM bond angle sets added fully assigned: 474; wildcard: 0 and 1 virtual parameter.
core.io.database: Database file opened: /netapp/home/colin/rosetta/rosetta-3.2/rosetta_database/branch_angle/branch_angle_1.txt
core.io.database: Database file opened: /netapp/home/colin/rosetta/rosetta-3.2/rosetta_database/branch_angle/branch_angle_2.txt
core.scoring.dunbrack: Dunbrack library took 0.02 seconds to load from binary
apps.backrub: Processing /netapp/home/colin/backrub_seqtol/input_files/2FNE_A_C_V2048/2FNE_A_C_V2048.pdb...
core.conformation.Conformation: [ WARNING ] missing heavyatom:  CG  on residue MET_p:NtermProteinFull 1
core.conformation.Conformation: [ WARNING ] missing heavyatom:  SD  on residue MET_p:NtermProteinFull 1
core.conformation.Conformation: [ WARNING ] missing heavyatom:  CE  on residue MET_p:NtermProteinFull 1
core.conformation.Conformation: [ WARNING ] missing heavyatom:  CG  on residue LYS 41
core.conformation.Conformation: [ WARNING ] missing heavyatom:  CD  on residue LYS 41
core.conformation.Conformation: [ WARNING ] missing heavyatom:  CE  on residue LYS 41
core.conformation.Conformation: [ WARNING ] missing heavyatom:  NZ  on residue LYS 41
core.conformation.Conformation: [ WARNING ] missing heavyatom:  CG  on residue LYS 80
core.conformation.Conformation: [ WARNING ] missing heavyatom:  CD  on residue LYS 80
core.conformation.Conformation: [ WARNING ] missing heavyatom:  CE  on residue LYS 80
core.conformation.Conformation: [ WARNING ] missing heavyatom:  NZ  on residue LYS 80
core.pack.task: Packer task: initialize from command line() 
core.pack.pack_missing_sidechains: packing residue number 1 because of missing atom number 6 atom name  CG 
core.pack.pack_missing_sidechains: packing residue number 41 because of missing atom number 6 atom name  CG 
core.pack.pack_missing_sidechains: packing residue number 80 because of missing atom number 6 atom name  CG 
core.pack.interaction_graph.interaction_graph_factory: Instantiating DensePDInteractionGraph
core.pack.pack_rotamers: built 579 rotamers at 3 positions.
core.pack.pack_rotamers: IG: 3720 bytes
protocols.moves.BackrubMover: Segment lengths: 3-34 atoms
protocols.moves.BackrubMover: Main chain pivot atoms: CA
protocols.moves.BackrubMover: Adding backrub segments for residues 1-102
protocols.moves.BackrubMover: Total Segments Added: 924
apps.backrub: Score After PDB Load:
apps.backrub: ------------------------------------------------------------
 Scores                       Weight   Raw Score Wghtd.Score
------------------------------------------------------------
 fa_atr                       0.800    -392.456    -313.965
 fa_rep                       0.440     157.999      69.520
 fa_sol                       0.650     257.103     167.117
 fa_intra_rep                 0.004     220.042       0.880
 mm_bend                      1.000     119.633     119.633
 pro_close                    1.000       7.544       7.544
 fa_pair                      0.490     -10.736      -5.261
 hbond_sr_bb                  0.585     -23.330     -13.648
 hbond_lr_bb                  1.170     -36.512     -42.719
 hbond_bb_sc                  1.170      -6.161      -7.208
 hbond_sc                     1.100      -2.799      -3.078
 dslf_ss_dst                  0.500       0.000       0.000
 dslf_cs_ang                  2.000       0.000       0.000
 dslf_ss_dih                  5.000       0.000       0.000
 dslf_ca_dih                  5.000       0.000       0.000
 rama                         0.200     -43.529      -8.706
 omega                        0.500      35.845      17.923
 fa_dun                       0.560     235.884     132.095
 p_aa_pp                      0.320     -49.437     -15.820
 ref                          1.000     -20.750     -20.750
---------------------------------------------------
 Total weighted score:                       83.557
core.pack.task: Packer task: initialize from command line() 
apps.backrub: Score After Branch Angle Optimization/Side Chain Idealization:
apps.backrub: ------------------------------------------------------------
 Scores                       Weight   Raw Score Wghtd.Score
------------------------------------------------------------
 fa_atr                       0.800    -393.318    -314.655
 fa_rep                       0.440     390.921     172.005
 fa_sol                       0.650     258.235     167.853
 fa_intra_rep                 0.004     276.365       1.105
 mm_bend                      1.000      47.908      47.908
 pro_close                    1.000       7.544       7.544
 fa_pair                      0.490     -10.968      -5.374
 hbond_sr_bb                  0.585     -23.330     -13.648
 hbond_lr_bb                  1.170     -36.512     -42.719
 hbond_bb_sc                  1.170      -5.253      -6.146
 hbond_sc                     1.100      -1.644      -1.809
 dslf_ss_dst                  0.500       0.000       0.000
 dslf_cs_ang                  2.000       0.000       0.000
 dslf_ss_dih                  5.000       0.000       0.000
 dslf_ca_dih                  5.000       0.000       0.000
 rama                         0.200     -43.529      -8.706
 omega                        0.500      35.845      17.923
 fa_dun                       0.560     236.162     132.251
 p_aa_pp                      0.320     -49.437     -15.820
 ref                          1.000     -20.750     -20.750
---------------------------------------------------
 Total weighted score:                      116.963
core.pack.task: Packer task: initialize from command line() 
apps.backrub: Running 10000 trials...
protocols.moves.MonteCarlo:      br_CA_CA_04 trials=    736;  accepts= 0.3859;  energy_drop/trial=  -0.00574
protocols.moves.MonteCarlo:      br_CA_CA_07 trials=    772;  accepts= 0.3523;  energy_drop/trial=  -0.01035
protocols.moves.MonteCarlo:      br_CA_CA_10 trials=    736;  accepts= 0.2880;  energy_drop/trial=  -0.00376
protocols.moves.MonteCarlo:      br_CA_CA_13 trials=    685;  accepts= 0.2832;  energy_drop/trial=  -0.01817
protocols.moves.MonteCarlo:      br_CA_CA_16 trials=    720;  accepts= 0.2444;  energy_drop/trial=  -0.05287
protocols.moves.MonteCarlo:      br_CA_CA_19 trials=    690;  accepts= 0.2377;  energy_drop/trial=  -0.02243
protocols.moves.MonteCarlo:      br_CA_CA_22 trials=    650;  accepts= 0.1877;  energy_drop/trial=  -0.02097
protocols.moves.MonteCarlo:      br_CA_CA_25 trials=    648;  accepts= 0.2068;  energy_drop/trial=   0.01965
protocols.moves.MonteCarlo:      br_CA_CA_28 trials=    643;  accepts= 0.1820;  energy_drop/trial=   0.01084
protocols.moves.MonteCarlo:      br_CA_CA_31 trials=    589;  accepts= 0.1528;  energy_drop/trial=   0.00333
protocols.moves.MonteCarlo:      br_CA_CA_34 trials=    642;  accepts= 0.1636;  energy_drop/trial=  -0.00079
protocols.moves.MonteCarlo:       sc_chi_rot trials=   2206;  accepts= 0.4102;  energy_drop/trial=  -0.04063
protocols.moves.MonteCarlo:      sc_chi_unif trials=    283;  accepts= 0.0318;  energy_drop/trial=   0.00148
apps.backrub: Last Score:
apps.backrub: ------------------------------------------------------------
 Scores                       Weight   Raw Score Wghtd.Score
------------------------------------------------------------
 fa_atr                       0.800    -326.541    -261.233
 fa_rep                       0.440      80.190      35.283
 fa_sol                       0.650     203.713     132.413
 fa_intra_rep                 0.004     189.780       0.759
 mm_bend                      1.000      42.384      42.384
 pro_close                    1.000       7.544       7.544
 fa_pair                      0.490     -10.532      -5.161
 hbond_sr_bb                  0.585     -14.401      -8.425
 hbond_lr_bb                  1.170     -30.535     -35.726
 hbond_bb_sc                  1.170      -4.266      -4.992
 hbond_sc                     1.100      -1.115      -1.226
 dslf_ss_dst                  0.500       0.000       0.000
 dslf_cs_ang                  2.000       0.000       0.000
 dslf_ss_dih                  5.000       0.000       0.000
 dslf_ca_dih                  5.000       0.000       0.000
 rama                         0.200     -29.276      -5.855
 omega                        0.500      35.845      17.923
 fa_dun                       0.560     136.199      76.271
 p_aa_pp                      0.320     -46.566     -14.901
 ref                          1.000     -20.750     -20.750
---------------------------------------------------
 Total weighted score:                      -45.690
apps.backrub: Low Score:
apps.backrub: ------------------------------------------------------------
 Scores                       Weight   Raw Score Wghtd.Score
------------------------------------------------------------
 fa_atr                       0.800    -348.788    -279.030
 fa_rep                       0.440      99.384      43.729
 fa_sol                       0.650     214.599     139.489
 fa_intra_rep                 0.004     199.570       0.798
 mm_bend                      1.000      38.811      38.811
 pro_close                    1.000       7.544       7.544
 fa_pair                      0.490      -9.096      -4.457
 hbond_sr_bb                  0.585     -16.209      -9.482
 hbond_lr_bb                  1.170     -36.798     -43.054
 hbond_bb_sc                  1.170      -4.071      -4.763
 hbond_sc                     1.100      -1.539      -1.693
 dslf_ss_dst                  0.500       0.000       0.000
 dslf_cs_ang                  2.000       0.000       0.000
 dslf_ss_dih                  5.000       0.000       0.000
 dslf_ca_dih                  5.000       0.000       0.000
 rama                         0.200     -41.208      -8.242
 omega                        0.500      35.845      17.923
 fa_dun                       0.560     154.706      86.635
 p_aa_pp                      0.320     -49.078     -15.705
 ref                          1.000     -20.750     -20.750
---------------------------------------------------
 Total weighted score:                      -52.246
