core.init: Mini-Rosetta version 40577 from https://svn.rosettacommons.org/source/branches/releases/rosetta-3.2/rosetta_source
core.init: command: /netapp/home/colin/rosetta/rosetta-3.2/rosetta_source/bin/sequence_tolerance.linuxgccrelease -database /netapp/home/colin/rosetta/rosetta-3.2/rosetta_database -s 2FNE_A_C_V2048_0007_low.pdb -ex1 -ex2 -extrachi_cutoff 0 -seq_tol:fitness_master_weights 1 1 1 2 -ms:generations 5 -ms:pop_size 2000 -ms:pop_from_ss 1 -ms:checkpoint:prefix 2FNE_A_C_V2048_0007 -ms:checkpoint:interval 200 -ms:checkpoint:gz -ms:numresults 0 -out:prefix 2FNE_A_C_V2048_0007 -score:weights standard -score:patch score12 -score:ref_offsets HIS 1.2 -resfile /netapp/home/colin/backrub_seqtol/input_files/2FNE_A_C_V2048/2FNE_A_C_V2048_seqtol.resfile
core.init: 'RNG device' seed mode, using '/dev/urandom', seed=-1375004603 seed_offset=0 real_seed=-1375004603
core.init.random: RandomGenerator:init: Normal mode, seed=-1375004603 RG_type=mt19937
core.pack.task: Packer task: initialize from command line() 
core.pack.task: Packer task: initialize from command line() 
core.scoring.ScoreFunctionFactory: SCOREFUNCTION: standard
core.scoring.ScoreFunctionFactory: SCOREFUNCTION PATCH: score12
core.scoring.etable: Starting energy table calculation
core.scoring.etable: smooth_etable: changing atr/rep split to bottom of energy well
core.scoring.etable: smooth_etable: spline smoothing lj etables (maxdis = 6)
core.scoring.etable: smooth_etable: spline smoothing solvation etables (max_dis = 6)
core.scoring.etable: Finished calculating energy tables.
core.io.database: Database file opened: /netapp/home/colin/rosetta/rosetta-3.2/rosetta_database/pdb_pair_stats_fine
core.io.database: Database file opened: /netapp/home/colin/rosetta/rosetta-3.2/rosetta_database/scoring/score_functions/hbonds/standard_params/HBPoly1D.csv
core.io.database: Database file opened: /netapp/home/colin/rosetta/rosetta-3.2/rosetta_database/scoring/score_functions/hbonds/standard_params/HBFadeIntervals.csv
core.io.database: Database file opened: /netapp/home/colin/rosetta/rosetta-3.2/rosetta_database/scoring/score_functions/hbonds/standard_params/HBEval.csv
core.io.database: Database file opened: /netapp/home/colin/rosetta/rosetta-3.2/rosetta_database/P_AA
core.io.database: Database file opened: /netapp/home/colin/rosetta/rosetta-3.2/rosetta_database/P_AA_n
core.io.database: Database file opened: /netapp/home/colin/rosetta/rosetta-3.2/rosetta_database/P_AA_pp
core.io.database: Database file opened: /netapp/home/colin/rosetta/rosetta-3.2/rosetta_database/Rama_smooth_dyn.dat_ss_6.4
core.scoring.dunbrack: Dunbrack library took 0.01 seconds to load from binary
app.sequence_tolerance: Residue Decomposition: [Set 1 (A): [1, 2, 3, 4, 5, 6, 7, 8, 9, 10, 11, 12, 13, 14, 15, 16, 17, 18, 19, 20, 21, 22, 23, 24, 25, 26, 27, 28, 29, 30, 31, 32, 33, 34, 35, 36, 37, 38, 39, 40, 41, 42, 43, 44, 45, 46, 47, 48, 49, 50, 51, 52, 53, 54, 55, 56, 57, 58, 59, 60, 61, 62, 63, 64, 65, 66, 67, 68, 69, 70, 71, 72, 73, 74, 75, 76, 77, 78, 79, 80, 81, 82, 83, 84, 85, 86, 87, 88, 89, 90, 91, 92, 93, 94, 95], Set 2 (B): [96, 97, 98, 99, 100, 101, 102]]
app.sequence_tolerance: Fitness Function Master Weights: [1, 1, 1, 2]
app.sequence_tolerance: Fitness of Starting Structure: 
---------------------------------------------------------------------
Score Type                  Other        A        B      A-B    Total
---------------------------------------------------------------------
fa_atr                      0.000 -268.350   -6.439  -42.502 -317.292
fa_rep                      0.000   35.191    0.691    4.530   40.412
fa_sol                      0.000  134.795    4.628   25.401  164.823
fa_intra_rep                0.000    0.786    0.050    0.000    0.836
pro_close                   0.000    7.522    0.000    0.000    7.522
fa_pair                     0.000   -3.907   -0.104   -3.100   -7.110
hbond_sr_bb               -12.607    0.000    0.000    0.000  -12.607
hbond_lr_bb               -41.440    0.000    0.000    0.000  -41.440
hbond_bb_sc                 0.000   -6.185    0.000    0.000   -6.185
hbond_sc                    0.000   -0.613    0.000   -3.363   -3.976
dslf_ss_dst                 0.000    0.000    0.000    0.000    0.000
dslf_cs_ang                 0.000    0.000    0.000    0.000    0.000
dslf_ss_dih                 0.000    0.000    0.000    0.000    0.000
dslf_ca_dih                 0.000    0.000    0.000    0.000    0.000
rama                        0.000   -8.333   -0.383    0.000   -8.717
omega                       0.000   17.588    0.323    0.000   17.911
fa_dun                      0.000   73.730    8.377    0.000   82.108
p_aa_pp                     0.000  -15.530   -0.412    0.000  -15.942
ref                         0.000  -15.780   -2.570    0.000  -18.350
---------------------------------------------------------------------
Total                     -54.048  -49.085    4.162  -19.035 -118.006

core.pack.interaction_graph.interaction_graph_factory: Instantiating PDInteractionGraph
core.pack.pack_rotamers: built 8749 rotamers at 35 positions.
core.pack.pack_rotamers: IG: 93108060 bytes
app.sequence_tolerance: There are 1 positive states and 0 negative states
protocols.multistate_design.MultiStatePacker: Best single-state design score:  -136.97
app.sequence_tolerance: Adding single-state design entities:
app.sequence_tolerance: AA:98:T AA:99:E AA:100:T AA:101:K AA:102:V 
app.sequence_tolerance: Generation 1:
app.sequence_tolerance: Distinct new entities: 2000
app.sequence_tolerance: Duplicate new entities: 0
app.sequence_tolerance: Entities from previous generation: 0
app.sequence_tolerance: Entities resurrected from earlier generations: 0
app.sequence_tolerance: Fitness Percentiles: 0%=-137.475 25%=-122.156 50%=-109.804 75%=94.1117 100%=1211.66
app.sequence_tolerance: Best new entity:
MultiStateEntity with traits: AA:98:T AA:99:E AA:100:T AA:101:K AA:102:V and fitness -137.475
 SingleState 1 with fitness: -137.475
app.sequence_tolerance: Generation 2:
app.sequence_tolerance: Distinct new entities: 1934
app.sequence_tolerance: Duplicate new entities: 2
app.sequence_tolerance: Entities from previous generation: 64
app.sequence_tolerance: Entities resurrected from earlier generations: 0
app.sequence_tolerance: Fitness Percentiles: 0%=-137.475 25%=-124.561 50%=-119.479 75%=-95.2602 100%=1204.76
app.sequence_tolerance: Best new entity:
MultiStateEntity with traits: AA:98:E AA:99:K AA:100:T AA:101:K AA:102:V and fitness -136.211
 SingleState 1 with fitness: -136.211
app.sequence_tolerance: Generation 3:
app.sequence_tolerance: Distinct new entities: 1923
app.sequence_tolerance: Duplicate new entities: 2
app.sequence_tolerance: Entities from previous generation: 70
app.sequence_tolerance: Entities resurrected from earlier generations: 5
app.sequence_tolerance: Fitness Percentiles: 0%=-137.475 25%=-126.279 50%=-122.184 75%=-113.738 100%=1201.44
app.sequence_tolerance: Best new entity:
MultiStateEntity with traits: AA:98:Q AA:99:K AA:100:K AA:101:K AA:102:V and fitness -134.763
 SingleState 1 with fitness: -134.763
app.sequence_tolerance: Generation 4:
app.sequence_tolerance: Distinct new entities: 1908
app.sequence_tolerance: Duplicate new entities: 5
app.sequence_tolerance: Entities from previous generation: 84
app.sequence_tolerance: Entities resurrected from earlier generations: 3
app.sequence_tolerance: Fitness Percentiles: 0%=-137.475 25%=-127.24 50%=-123.958 75%=-117.595 100%=1201.42
app.sequence_tolerance: Best new entity:
MultiStateEntity with traits: AA:98:F AA:99:E AA:100:T AA:101:M AA:102:V and fitness -136.180
 SingleState 1 with fitness: -136.18
app.sequence_tolerance: Generation 5:
app.sequence_tolerance: Distinct new entities: 1882
app.sequence_tolerance: Duplicate new entities: 6
app.sequence_tolerance: Entities from previous generation: 95
app.sequence_tolerance: Entities resurrected from earlier generations: 17
app.sequence_tolerance: Fitness Percentiles: 0%=-137.475 25%=-128.077 50%=-124.982 75%=-119.94 100%=1202.5
app.sequence_tolerance: Best new entity:
MultiStateEntity with traits: AA:98:T AA:99:T AA:100:T AA:101:K AA:102:V and fitness -136.751
 SingleState 1 with fitness: -136.751
app.sequence_tolerance: Evaluated 9647 sequences out of 2476099 possible.
Best sequences:
