core.init: Mini-Rosetta version 40577 from https://svn.rosettacommons.org/source/branches/releases/rosetta-3.2/rosetta_source
core.init: command: /netapp/home/colin/rosetta/rosetta-3.2/rosetta_source/bin/sequence_tolerance.linuxgccrelease -database /netapp/home/colin/rosetta/rosetta-3.2/rosetta_database -s 2FNE_A_C_V2048_0011_low.pdb -ex1 -ex2 -extrachi_cutoff 0 -seq_tol:fitness_master_weights 1 1 1 2 -ms:generations 5 -ms:pop_size 2000 -ms:pop_from_ss 1 -ms:checkpoint:prefix 2FNE_A_C_V2048_0011 -ms:checkpoint:interval 200 -ms:checkpoint:gz -ms:numresults 0 -out:prefix 2FNE_A_C_V2048_0011 -score:weights standard -score:patch score12 -score:ref_offsets HIS 1.2 -resfile /netapp/home/colin/backrub_seqtol/input_files/2FNE_A_C_V2048/2FNE_A_C_V2048_seqtol.resfile
core.init: 'RNG device' seed mode, using '/dev/urandom', seed=-217570757 seed_offset=0 real_seed=-217570757
core.init.random: RandomGenerator:init: Normal mode, seed=-217570757 RG_type=mt19937
core.pack.task: Packer task: initialize from command line() 
core.pack.task: Packer task: initialize from command line() 
core.scoring.ScoreFunctionFactory: SCOREFUNCTION: standard
core.scoring.ScoreFunctionFactory: SCOREFUNCTION PATCH: score12
core.scoring.etable: Starting energy table calculation
core.scoring.etable: smooth_etable: changing atr/rep split to bottom of energy well
core.scoring.etable: smooth_etable: spline smoothing lj etables (maxdis = 6)
core.scoring.etable: smooth_etable: spline smoothing solvation etables (max_dis = 6)
core.scoring.etable: Finished calculating energy tables.
core.io.database: Database file opened: /netapp/home/colin/rosetta/rosetta-3.2/rosetta_database/pdb_pair_stats_fine
core.io.database: Database file opened: /netapp/home/colin/rosetta/rosetta-3.2/rosetta_database/scoring/score_functions/hbonds/standard_params/HBPoly1D.csv
core.io.database: Database file opened: /netapp/home/colin/rosetta/rosetta-3.2/rosetta_database/scoring/score_functions/hbonds/standard_params/HBFadeIntervals.csv
core.io.database: Database file opened: /netapp/home/colin/rosetta/rosetta-3.2/rosetta_database/scoring/score_functions/hbonds/standard_params/HBEval.csv
core.io.database: Database file opened: /netapp/home/colin/rosetta/rosetta-3.2/rosetta_database/P_AA
core.io.database: Database file opened: /netapp/home/colin/rosetta/rosetta-3.2/rosetta_database/P_AA_n
core.io.database: Database file opened: /netapp/home/colin/rosetta/rosetta-3.2/rosetta_database/P_AA_pp
core.io.database: Database file opened: /netapp/home/colin/rosetta/rosetta-3.2/rosetta_database/Rama_smooth_dyn.dat_ss_6.4
core.scoring.dunbrack: Dunbrack library took 0.03 seconds to load from binary
app.sequence_tolerance: Residue Decomposition: [Set 1 (A): [1, 2, 3, 4, 5, 6, 7, 8, 9, 10, 11, 12, 13, 14, 15, 16, 17, 18, 19, 20, 21, 22, 23, 24, 25, 26, 27, 28, 29, 30, 31, 32, 33, 34, 35, 36, 37, 38, 39, 40, 41, 42, 43, 44, 45, 46, 47, 48, 49, 50, 51, 52, 53, 54, 55, 56, 57, 58, 59, 60, 61, 62, 63, 64, 65, 66, 67, 68, 69, 70, 71, 72, 73, 74, 75, 76, 77, 78, 79, 80, 81, 82, 83, 84, 85, 86, 87, 88, 89, 90, 91, 92, 93, 94, 95], Set 2 (B): [96, 97, 98, 99, 100, 101, 102]]
app.sequence_tolerance: Fitness Function Master Weights: [1, 1, 1, 2]
app.sequence_tolerance: Fitness of Starting Structure: 
---------------------------------------------------------------------
Score Type                  Other        A        B      A-B    Total
---------------------------------------------------------------------
fa_atr                      0.000 -254.316   -6.167  -35.968 -296.451
fa_rep                      0.000   34.752    0.938    6.979   42.668
fa_sol                      0.000  124.462    4.537   21.663  150.662
fa_intra_rep                0.000    0.738    0.042    0.000    0.781
pro_close                   0.000    7.582    0.000    0.000    7.582
fa_pair                     0.000   -2.364   -0.120   -1.309   -3.794
hbond_sr_bb               -10.719    0.000    0.000    0.000  -10.719
hbond_lr_bb               -38.178    0.000    0.000    0.000  -38.178
hbond_bb_sc                 0.000   -2.752   -0.058    0.000   -2.810
hbond_sc                    0.000   -0.030    0.000   -3.964   -3.994
dslf_ss_dst                 0.000    0.000    0.000    0.000    0.000
dslf_cs_ang                 0.000    0.000    0.000    0.000    0.000
dslf_ss_dih                 0.000    0.000    0.000    0.000    0.000
dslf_ca_dih                 0.000    0.000    0.000    0.000    0.000
rama                        0.000   -6.097   -0.665    0.000   -6.762
omega                       0.000   17.583    0.326    0.000   17.909
fa_dun                      0.000   69.780    3.527    0.000   73.307
p_aa_pp                     0.000  -15.012   -0.484    0.000  -15.495
ref                         0.000  -15.780   -2.570    0.000  -18.350
---------------------------------------------------------------------
Total                     -48.898  -41.454   -0.695  -12.599 -103.645

core.pack.interaction_graph.interaction_graph_factory: Instantiating PDInteractionGraph
core.pack.pack_rotamers: built 9445 rotamers at 35 positions.
core.pack.pack_rotamers: IG: 109064540 bytes
app.sequence_tolerance: There are 1 positive states and 0 negative states
protocols.multistate_design.MultiStatePacker: Best single-state design score:  -125.47
app.sequence_tolerance: Adding single-state design entities:
app.sequence_tolerance: AA:98:L AA:99:E AA:100:T AA:101:W AA:102:I 
app.sequence_tolerance: Generation 1:
app.sequence_tolerance: Distinct new entities: 1998
app.sequence_tolerance: Duplicate new entities: 2
app.sequence_tolerance: Entities from previous generation: 0
app.sequence_tolerance: Entities resurrected from earlier generations: 0
app.sequence_tolerance: Fitness Percentiles: 0%=-124.911 25%=-111.221 50%=-106 75%=20.5434 100%=2365.33
app.sequence_tolerance: Best new entity:
MultiStateEntity with traits: AA:98:L AA:99:E AA:100:T AA:101:W AA:102:I and fitness -124.911
 SingleState 1 with fitness: -124.911
app.sequence_tolerance: Generation 2:
app.sequence_tolerance: Distinct new entities: 1927
app.sequence_tolerance: Duplicate new entities: 3
app.sequence_tolerance: Entities from previous generation: 70
app.sequence_tolerance: Entities resurrected from earlier generations: 0
app.sequence_tolerance: Fitness Percentiles: 0%=-124.911 25%=-112.784 50%=-109.664 75%=-103.019 100%=2356.09
app.sequence_tolerance: Best new entity:
MultiStateEntity with traits: AA:98:L AA:99:T AA:100:T AA:101:W AA:102:L and fitness -122.016
 SingleState 1 with fitness: -122.016
app.sequence_tolerance: Generation 3:
app.sequence_tolerance: Distinct new entities: 1908
app.sequence_tolerance: Duplicate new entities: 3
app.sequence_tolerance: Entities from previous generation: 83
app.sequence_tolerance: Entities resurrected from earlier generations: 6
app.sequence_tolerance: Fitness Percentiles: 0%=-124.911 25%=-113.825 50%=-111.021 75%=-107.178 100%=2357.63
app.sequence_tolerance: Best new entity:
MultiStateEntity with traits: AA:98:V AA:99:T AA:100:T AA:101:W AA:102:I and fitness -122.787
 SingleState 1 with fitness: -122.787
app.sequence_tolerance: Generation 4:
app.sequence_tolerance: Distinct new entities: 1906
app.sequence_tolerance: Duplicate new entities: 7
app.sequence_tolerance: Entities from previous generation: 76
app.sequence_tolerance: Entities resurrected from earlier generations: 11
app.sequence_tolerance: Fitness Percentiles: 0%=-124.911 25%=-114.755 50%=-112.158 75%=-108.598 100%=2100.87
app.sequence_tolerance: Best new entity:
MultiStateEntity with traits: AA:98:D AA:99:E AA:100:T AA:101:W AA:102:I and fitness -123.862
 SingleState 1 with fitness: -123.862
app.sequence_tolerance: Generation 5:
app.sequence_tolerance: Distinct new entities: 1897
app.sequence_tolerance: Duplicate new entities: 3
app.sequence_tolerance: Entities from previous generation: 86
app.sequence_tolerance: Entities resurrected from earlier generations: 14
app.sequence_tolerance: Fitness Percentiles: 0%=-124.911 25%=-115.199 50%=-112.922 75%=-109.633 100%=2365.85
app.sequence_tolerance: Best new entity:
MultiStateEntity with traits: AA:98:L AA:99:E AA:100:T AA:101:W AA:102:A and fitness -122.464
 SingleState 1 with fitness: -122.464
app.sequence_tolerance: Evaluated 9636 sequences out of 2476099 possible.
Best sequences:
