core.init: Mini-Rosetta version 40577 from https://svn.rosettacommons.org/source/branches/releases/rosetta-3.2/rosetta_source
core.init: command: /netapp/home/colin/rosetta/rosetta-3.2/rosetta_source/bin/sequence_tolerance.linuxgccrelease -database /netapp/home/colin/rosetta/rosetta-3.2/rosetta_database -s 2FNE_A_C_V2048_0010_low.pdb -ex1 -ex2 -extrachi_cutoff 0 -seq_tol:fitness_master_weights 1 1 1 2 -ms:generations 5 -ms:pop_size 2000 -ms:pop_from_ss 1 -ms:checkpoint:prefix 2FNE_A_C_V2048_0010 -ms:checkpoint:interval 200 -ms:checkpoint:gz -ms:numresults 0 -out:prefix 2FNE_A_C_V2048_0010 -score:weights standard -score:patch score12 -score:ref_offsets HIS 1.2 -resfile /netapp/home/colin/backrub_seqtol/input_files/2FNE_A_C_V2048/2FNE_A_C_V2048_seqtol.resfile
core.init: 'RNG device' seed mode, using '/dev/urandom', seed=1542013309 seed_offset=0 real_seed=1542013309
core.init.random: RandomGenerator:init: Normal mode, seed=1542013309 RG_type=mt19937
core.pack.task: Packer task: initialize from command line() 
core.pack.task: Packer task: initialize from command line() 
core.scoring.ScoreFunctionFactory: SCOREFUNCTION: standard
core.scoring.ScoreFunctionFactory: SCOREFUNCTION PATCH: score12
core.scoring.etable: Starting energy table calculation
core.scoring.etable: smooth_etable: changing atr/rep split to bottom of energy well
core.scoring.etable: smooth_etable: spline smoothing lj etables (maxdis = 6)
core.scoring.etable: smooth_etable: spline smoothing solvation etables (max_dis = 6)
core.scoring.etable: Finished calculating energy tables.
core.io.database: Database file opened: /netapp/home/colin/rosetta/rosetta-3.2/rosetta_database/pdb_pair_stats_fine
core.io.database: Database file opened: /netapp/home/colin/rosetta/rosetta-3.2/rosetta_database/scoring/score_functions/hbonds/standard_params/HBPoly1D.csv
core.io.database: Database file opened: /netapp/home/colin/rosetta/rosetta-3.2/rosetta_database/scoring/score_functions/hbonds/standard_params/HBFadeIntervals.csv
core.io.database: Database file opened: /netapp/home/colin/rosetta/rosetta-3.2/rosetta_database/scoring/score_functions/hbonds/standard_params/HBEval.csv
core.io.database: Database file opened: /netapp/home/colin/rosetta/rosetta-3.2/rosetta_database/P_AA
core.io.database: Database file opened: /netapp/home/colin/rosetta/rosetta-3.2/rosetta_database/P_AA_n
core.io.database: Database file opened: /netapp/home/colin/rosetta/rosetta-3.2/rosetta_database/P_AA_pp
core.io.database: Database file opened: /netapp/home/colin/rosetta/rosetta-3.2/rosetta_database/Rama_smooth_dyn.dat_ss_6.4
core.scoring.dunbrack: Dunbrack library took 0.03 seconds to load from binary
app.sequence_tolerance: Residue Decomposition: [Set 1 (A): [1, 2, 3, 4, 5, 6, 7, 8, 9, 10, 11, 12, 13, 14, 15, 16, 17, 18, 19, 20, 21, 22, 23, 24, 25, 26, 27, 28, 29, 30, 31, 32, 33, 34, 35, 36, 37, 38, 39, 40, 41, 42, 43, 44, 45, 46, 47, 48, 49, 50, 51, 52, 53, 54, 55, 56, 57, 58, 59, 60, 61, 62, 63, 64, 65, 66, 67, 68, 69, 70, 71, 72, 73, 74, 75, 76, 77, 78, 79, 80, 81, 82, 83, 84, 85, 86, 87, 88, 89, 90, 91, 92, 93, 94, 95], Set 2 (B): [96, 97, 98, 99, 100, 101, 102]]
app.sequence_tolerance: Fitness Function Master Weights: [1, 1, 1, 2]
app.sequence_tolerance: Fitness of Starting Structure: 
---------------------------------------------------------------------
Score Type                  Other        A        B      A-B    Total
---------------------------------------------------------------------
fa_atr                      0.000 -250.102   -6.605  -35.477 -292.184
fa_rep                      0.000   37.400    1.285    1.903   40.587
fa_sol                      0.000  121.884    5.051   22.386  149.321
fa_intra_rep                0.000    0.742    0.072    0.000    0.814
pro_close                   0.000    7.568    0.000    0.000    7.568
fa_pair                     0.000   -2.757   -0.400   -3.349   -6.507
hbond_sr_bb                -9.346    0.000    0.000    0.000   -9.346
hbond_lr_bb               -38.785    0.000    0.000    0.000  -38.785
hbond_bb_sc                 0.000   -3.842   -0.466   -0.038   -4.346
hbond_sc                    0.000    0.000    0.000   -0.518   -0.518
dslf_ss_dst                 0.000    0.000    0.000    0.000    0.000
dslf_cs_ang                 0.000    0.000    0.000    0.000    0.000
dslf_ss_dih                 0.000    0.000    0.000    0.000    0.000
dslf_ca_dih                 0.000    0.000    0.000    0.000    0.000
rama                        0.000   -4.755    1.122    0.000   -3.633
omega                       0.000   17.603    0.324    0.000   17.927
fa_dun                      0.000   69.011    5.529    0.000   74.541
p_aa_pp                     0.000  -13.968   -0.436    0.000  -14.404
ref                         0.000  -15.780   -2.570    0.000  -18.350
---------------------------------------------------------------------
Total                     -48.131  -36.996    2.905  -15.094  -97.316

core.pack.interaction_graph.interaction_graph_factory: Instantiating PDInteractionGraph
core.pack.pack_rotamers: built 8575 rotamers at 35 positions.
core.pack.pack_rotamers: IG: 99383952 bytes
app.sequence_tolerance: There are 1 positive states and 0 negative states
protocols.multistate_design.MultiStatePacker: Best single-state design score:  -109.98
app.sequence_tolerance: Adding single-state design entities:
app.sequence_tolerance: AA:98:D AA:99:D AA:100:T AA:101:K AA:102:V 
app.sequence_tolerance: Generation 1:
app.sequence_tolerance: Distinct new entities: 1999
app.sequence_tolerance: Duplicate new entities: 1
app.sequence_tolerance: Entities from previous generation: 0
app.sequence_tolerance: Entities resurrected from earlier generations: 0
app.sequence_tolerance: Fitness Percentiles: 0%=-109.983 25%=-96.9237 50%=-85.1479 75%=139.641 100%=1024.84
app.sequence_tolerance: Best new entity:
MultiStateEntity with traits: AA:98:D AA:99:D AA:100:T AA:101:K AA:102:V and fitness -109.983
 SingleState 1 with fitness: -109.983
app.sequence_tolerance: Generation 2:
app.sequence_tolerance: Distinct new entities: 1917
app.sequence_tolerance: Duplicate new entities: 3
app.sequence_tolerance: Entities from previous generation: 80
app.sequence_tolerance: Entities resurrected from earlier generations: 0
app.sequence_tolerance: Fitness Percentiles: 0%=-109.983 25%=-98.9795 50%=-94.3496 75%=-73.8051 100%=879.803
app.sequence_tolerance: Best new entity:
MultiStateEntity with traits: AA:98:H AA:99:Q AA:100:T AA:101:W AA:102:I and fitness -109.730
 SingleState 1 with fitness: -109.73
app.sequence_tolerance: Generation 3:
app.sequence_tolerance: Distinct new entities: 1927
app.sequence_tolerance: Duplicate new entities: 5
app.sequence_tolerance: Entities from previous generation: 62
app.sequence_tolerance: Entities resurrected from earlier generations: 6
app.sequence_tolerance: Fitness Percentiles: 0%=-109.983 25%=-100.605 50%=-96.8249 75%=-88.9911 100%=767.455
app.sequence_tolerance: Best new entity:
MultiStateEntity with traits: AA:98:D AA:99:S AA:100:T AA:101:K AA:102:V and fitness -108.356
 SingleState 1 with fitness: -108.356
app.sequence_tolerance: Generation 4:
app.sequence_tolerance: Distinct new entities: 1905
app.sequence_tolerance: Duplicate new entities: 6
app.sequence_tolerance: Entities from previous generation: 81
app.sequence_tolerance: Entities resurrected from earlier generations: 8
app.sequence_tolerance: Fitness Percentiles: 0%=-110.82 25%=-101.528 50%=-98.4124 75%=-92.8017 100%=1016
app.sequence_tolerance: Best new entity:
MultiStateEntity with traits: AA:98:Q AA:99:Q AA:100:Q AA:101:W AA:102:I and fitness -110.820
 SingleState 1 with fitness: -110.82
app.sequence_tolerance: Generation 5:
app.sequence_tolerance: Distinct new entities: 1900
app.sequence_tolerance: Duplicate new entities: 6
app.sequence_tolerance: Entities from previous generation: 79
app.sequence_tolerance: Entities resurrected from earlier generations: 15
app.sequence_tolerance: Fitness Percentiles: 0%=-110.82 25%=-102.345 50%=-99.4718 75%=-94.304 100%=876.534
app.sequence_tolerance: Best new entity:
MultiStateEntity with traits: AA:98:E AA:99:E AA:100:T AA:101:W AA:102:V and fitness -110.046
 SingleState 1 with fitness: -110.046
app.sequence_tolerance: Evaluated 9648 sequences out of 2476099 possible.
Best sequences:
