core.init: Mini-Rosetta version 40577 from https://svn.rosettacommons.org/source/branches/releases/rosetta-3.2/rosetta_source
core.init: command: /netapp/home/colin/rosetta/rosetta-3.2/rosetta_source/bin/sequence_tolerance.linuxgccrelease -database /netapp/home/colin/rosetta/rosetta-3.2/rosetta_database -s 2FNE_A_C_V2048_0003_low.pdb -ex1 -ex2 -extrachi_cutoff 0 -seq_tol:fitness_master_weights 1 1 1 2 -ms:generations 5 -ms:pop_size 2000 -ms:pop_from_ss 1 -ms:checkpoint:prefix 2FNE_A_C_V2048_0003 -ms:checkpoint:interval 200 -ms:checkpoint:gz -ms:numresults 0 -out:prefix 2FNE_A_C_V2048_0003 -score:weights standard -score:patch score12 -score:ref_offsets HIS 1.2 -resfile /netapp/home/colin/backrub_seqtol/input_files/2FNE_A_C_V2048/2FNE_A_C_V2048_seqtol.resfile
core.init: 'RNG device' seed mode, using '/dev/urandom', seed=248693662 seed_offset=0 real_seed=248693662
core.init.random: RandomGenerator:init: Normal mode, seed=248693662 RG_type=mt19937
core.pack.task: Packer task: initialize from command line() 
core.pack.task: Packer task: initialize from command line() 
core.scoring.ScoreFunctionFactory: SCOREFUNCTION: standard
core.scoring.ScoreFunctionFactory: SCOREFUNCTION PATCH: score12
core.scoring.etable: Starting energy table calculation
core.scoring.etable: smooth_etable: changing atr/rep split to bottom of energy well
core.scoring.etable: smooth_etable: spline smoothing lj etables (maxdis = 6)
core.scoring.etable: smooth_etable: spline smoothing solvation etables (max_dis = 6)
core.scoring.etable: Finished calculating energy tables.
core.io.database: Database file opened: /netapp/home/colin/rosetta/rosetta-3.2/rosetta_database/pdb_pair_stats_fine
core.io.database: Database file opened: /netapp/home/colin/rosetta/rosetta-3.2/rosetta_database/scoring/score_functions/hbonds/standard_params/HBPoly1D.csv
core.io.database: Database file opened: /netapp/home/colin/rosetta/rosetta-3.2/rosetta_database/scoring/score_functions/hbonds/standard_params/HBFadeIntervals.csv
core.io.database: Database file opened: /netapp/home/colin/rosetta/rosetta-3.2/rosetta_database/scoring/score_functions/hbonds/standard_params/HBEval.csv
core.io.database: Database file opened: /netapp/home/colin/rosetta/rosetta-3.2/rosetta_database/P_AA
core.io.database: Database file opened: /netapp/home/colin/rosetta/rosetta-3.2/rosetta_database/P_AA_n
core.io.database: Database file opened: /netapp/home/colin/rosetta/rosetta-3.2/rosetta_database/P_AA_pp
core.io.database: Database file opened: /netapp/home/colin/rosetta/rosetta-3.2/rosetta_database/Rama_smooth_dyn.dat_ss_6.4
core.scoring.dunbrack: Dunbrack library took 0.06 seconds to load from binary
app.sequence_tolerance: Residue Decomposition: [Set 1 (A): [1, 2, 3, 4, 5, 6, 7, 8, 9, 10, 11, 12, 13, 14, 15, 16, 17, 18, 19, 20, 21, 22, 23, 24, 25, 26, 27, 28, 29, 30, 31, 32, 33, 34, 35, 36, 37, 38, 39, 40, 41, 42, 43, 44, 45, 46, 47, 48, 49, 50, 51, 52, 53, 54, 55, 56, 57, 58, 59, 60, 61, 62, 63, 64, 65, 66, 67, 68, 69, 70, 71, 72, 73, 74, 75, 76, 77, 78, 79, 80, 81, 82, 83, 84, 85, 86, 87, 88, 89, 90, 91, 92, 93, 94, 95], Set 2 (B): [96, 97, 98, 99, 100, 101, 102]]
app.sequence_tolerance: Fitness Function Master Weights: [1, 1, 1, 2]
app.sequence_tolerance: Fitness of Starting Structure: 
---------------------------------------------------------------------
Score Type                  Other        A        B      A-B    Total
---------------------------------------------------------------------
fa_atr                      0.000 -259.810   -6.661  -33.228 -299.699
fa_rep                      0.000   34.081    1.112    3.663   38.856
fa_sol                      0.000  129.963    5.022   19.925  154.909
fa_intra_rep                0.000    0.764    0.077    0.000    0.842
pro_close                   0.000    7.566    0.000    0.000    7.566
fa_pair                     0.000   -4.508   -0.145   -3.201   -7.855
hbond_sr_bb               -10.890    0.000    0.000    0.000  -10.890
hbond_lr_bb               -38.498    0.000    0.000    0.000  -38.498
hbond_bb_sc                 0.000   -3.874   -0.017    0.000   -3.891
hbond_sc                    0.000   -1.204    0.000   -1.507   -2.711
dslf_ss_dst                 0.000    0.000    0.000    0.000    0.000
dslf_cs_ang                 0.000    0.000    0.000    0.000    0.000
dslf_ss_dih                 0.000    0.000    0.000    0.000    0.000
dslf_ca_dih                 0.000    0.000    0.000    0.000    0.000
rama                        0.000   -4.432   -0.582    0.000   -5.014
omega                       0.000   17.575    0.323    0.000   17.897
fa_dun                      0.000   75.441    5.114    0.000   80.555
p_aa_pp                     0.000  -13.713   -0.520    0.000  -14.233
ref                         0.000  -15.780   -2.570    0.000  -18.350
---------------------------------------------------------------------
Total                     -49.388  -37.930    1.150  -14.347 -100.515

core.pack.interaction_graph.interaction_graph_factory: Instantiating PDInteractionGraph
core.pack.pack_rotamers: built 9707 rotamers at 35 positions.
core.pack.pack_rotamers: IG: 114185244 bytes
app.sequence_tolerance: There are 1 positive states and 0 negative states
protocols.multistate_design.MultiStatePacker: Best single-state design score:  -117.12
app.sequence_tolerance: Adding single-state design entities:
app.sequence_tolerance: AA:98:D AA:99:E AA:100:T AA:101:A AA:102:A 
app.sequence_tolerance: Generation 1:
app.sequence_tolerance: Distinct new entities: 1999
app.sequence_tolerance: Duplicate new entities: 1
app.sequence_tolerance: Entities from previous generation: 0
app.sequence_tolerance: Entities resurrected from earlier generations: 0
app.sequence_tolerance: Fitness Percentiles: 0%=-117.185 25%=-107.285 50%=-102.243 75%=-58.1091 100%=1461.41
app.sequence_tolerance: Best new entity:
MultiStateEntity with traits: AA:98:Y AA:99:E AA:100:T AA:101:N AA:102:V and fitness -117.185
 SingleState 1 with fitness: -117.185
app.sequence_tolerance: Generation 2:
app.sequence_tolerance: Distinct new entities: 1914
app.sequence_tolerance: Duplicate new entities: 1
app.sequence_tolerance: Entities from previous generation: 85
app.sequence_tolerance: Entities resurrected from earlier generations: 0
app.sequence_tolerance: Fitness Percentiles: 0%=-117.387 25%=-108.779 50%=-105.712 75%=-98.6664 100%=1463.26
app.sequence_tolerance: Best new entity:
MultiStateEntity with traits: AA:98:F AA:99:E AA:100:Q AA:101:E AA:102:V and fitness -117.387
 SingleState 1 with fitness: -117.387
app.sequence_tolerance: Generation 3:
app.sequence_tolerance: Distinct new entities: 1918
app.sequence_tolerance: Duplicate new entities: 4
app.sequence_tolerance: Entities from previous generation: 72
app.sequence_tolerance: Entities resurrected from earlier generations: 6
app.sequence_tolerance: Fitness Percentiles: 0%=-119.086 25%=-109.803 50%=-107.292 75%=-103.112 100%=1255.77
app.sequence_tolerance: Best new entity:
MultiStateEntity with traits: AA:98:M AA:99:E AA:100:T AA:101:A AA:102:V and fitness -119.086
 SingleState 1 with fitness: -119.086
app.sequence_tolerance: Generation 4:
app.sequence_tolerance: Distinct new entities: 1888
app.sequence_tolerance: Duplicate new entities: 5
app.sequence_tolerance: Entities from previous generation: 100
app.sequence_tolerance: Entities resurrected from earlier generations: 7
app.sequence_tolerance: Fitness Percentiles: 0%=-119.507 25%=-110.544 50%=-108.108 75%=-104.98 100%=1455.73
app.sequence_tolerance: Best new entity:
MultiStateEntity with traits: AA:98:I AA:99:E AA:100:T AA:101:K AA:102:V and fitness -119.507
 SingleState 1 with fitness: -119.507
app.sequence_tolerance: Generation 5:
app.sequence_tolerance: Distinct new entities: 1895
app.sequence_tolerance: Duplicate new entities: 3
app.sequence_tolerance: Entities from previous generation: 92
app.sequence_tolerance: Entities resurrected from earlier generations: 10
app.sequence_tolerance: Fitness Percentiles: 0%=-119.507 25%=-111.302 50%=-108.984 75%=-105.805 100%=1457.57
app.sequence_tolerance: Best new entity:
MultiStateEntity with traits: AA:98:W AA:99:E AA:100:E AA:101:R AA:102:V and fitness -118.561
 SingleState 1 with fitness: -118.561
app.sequence_tolerance: Evaluated 9614 sequences out of 2476099 possible.
Best sequences:
