core.init: Mini-Rosetta version 40577 from https://svn.rosettacommons.org/source/branches/releases/rosetta-3.2/rosetta_source
core.init: command: /netapp/home/colin/rosetta/rosetta-3.2/rosetta_source/bin/sequence_tolerance.linuxgccrelease -database /netapp/home/colin/rosetta/rosetta-3.2/rosetta_database -s 2FNE_A_C_V2048_0006_low.pdb -ex1 -ex2 -extrachi_cutoff 0 -seq_tol:fitness_master_weights 1 1 1 2 -ms:generations 5 -ms:pop_size 2000 -ms:pop_from_ss 1 -ms:checkpoint:prefix 2FNE_A_C_V2048_0006 -ms:checkpoint:interval 200 -ms:checkpoint:gz -ms:numresults 0 -out:prefix 2FNE_A_C_V2048_0006 -score:weights standard -score:patch score12 -score:ref_offsets HIS 1.2 -resfile /netapp/home/colin/backrub_seqtol/input_files/2FNE_A_C_V2048/2FNE_A_C_V2048_seqtol.resfile
core.init: 'RNG device' seed mode, using '/dev/urandom', seed=485855523 seed_offset=0 real_seed=485855523
core.init.random: RandomGenerator:init: Normal mode, seed=485855523 RG_type=mt19937
core.pack.task: Packer task: initialize from command line() 
core.pack.task: Packer task: initialize from command line() 
core.scoring.ScoreFunctionFactory: SCOREFUNCTION: standard
core.scoring.ScoreFunctionFactory: SCOREFUNCTION PATCH: score12
core.scoring.etable: Starting energy table calculation
core.scoring.etable: smooth_etable: changing atr/rep split to bottom of energy well
core.scoring.etable: smooth_etable: spline smoothing lj etables (maxdis = 6)
core.scoring.etable: smooth_etable: spline smoothing solvation etables (max_dis = 6)
core.scoring.etable: Finished calculating energy tables.
core.io.database: Database file opened: /netapp/home/colin/rosetta/rosetta-3.2/rosetta_database/pdb_pair_stats_fine
core.io.database: Database file opened: /netapp/home/colin/rosetta/rosetta-3.2/rosetta_database/scoring/score_functions/hbonds/standard_params/HBPoly1D.csv
core.io.database: Database file opened: /netapp/home/colin/rosetta/rosetta-3.2/rosetta_database/scoring/score_functions/hbonds/standard_params/HBFadeIntervals.csv
core.io.database: Database file opened: /netapp/home/colin/rosetta/rosetta-3.2/rosetta_database/scoring/score_functions/hbonds/standard_params/HBEval.csv
core.io.database: Database file opened: /netapp/home/colin/rosetta/rosetta-3.2/rosetta_database/P_AA
core.io.database: Database file opened: /netapp/home/colin/rosetta/rosetta-3.2/rosetta_database/P_AA_n
core.io.database: Database file opened: /netapp/home/colin/rosetta/rosetta-3.2/rosetta_database/P_AA_pp
core.io.database: Database file opened: /netapp/home/colin/rosetta/rosetta-3.2/rosetta_database/Rama_smooth_dyn.dat_ss_6.4
core.scoring.dunbrack: Dunbrack library took 0.02 seconds to load from binary
app.sequence_tolerance: Residue Decomposition: [Set 1 (A): [1, 2, 3, 4, 5, 6, 7, 8, 9, 10, 11, 12, 13, 14, 15, 16, 17, 18, 19, 20, 21, 22, 23, 24, 25, 26, 27, 28, 29, 30, 31, 32, 33, 34, 35, 36, 37, 38, 39, 40, 41, 42, 43, 44, 45, 46, 47, 48, 49, 50, 51, 52, 53, 54, 55, 56, 57, 58, 59, 60, 61, 62, 63, 64, 65, 66, 67, 68, 69, 70, 71, 72, 73, 74, 75, 76, 77, 78, 79, 80, 81, 82, 83, 84, 85, 86, 87, 88, 89, 90, 91, 92, 93, 94, 95], Set 2 (B): [96, 97, 98, 99, 100, 101, 102]]
app.sequence_tolerance: Fitness Function Master Weights: [1, 1, 1, 2]
app.sequence_tolerance: Fitness of Starting Structure: 
---------------------------------------------------------------------
Score Type                  Other        A        B      A-B    Total
---------------------------------------------------------------------
fa_atr                      0.000 -257.107   -7.425  -44.316 -308.848
fa_rep                      0.000   32.675    1.567    3.942   38.184
fa_sol                      0.000  128.434    5.736   27.203  161.374
fa_intra_rep                0.000    0.750    0.037    0.000    0.787
pro_close                   0.000    7.542    0.000    0.000    7.542
fa_pair                     0.000   -4.279   -0.289   -3.861   -8.430
hbond_sr_bb               -11.661    0.000    0.000    0.000  -11.661
hbond_lr_bb               -41.691    0.000    0.000    0.000  -41.691
hbond_bb_sc                 0.000   -5.380   -0.096   -0.041   -5.516
hbond_sc                    0.000   -1.370    0.000   -2.510   -3.880
dslf_ss_dst                 0.000    0.000    0.000    0.000    0.000
dslf_cs_ang                 0.000    0.000    0.000    0.000    0.000
dslf_ss_dih                 0.000    0.000    0.000    0.000    0.000
dslf_ca_dih                 0.000    0.000    0.000    0.000    0.000
rama                        0.000   -5.080   -0.152    0.000   -5.232
omega                       0.000   17.598    0.323    0.000   17.921
fa_dun                      0.000   73.646    6.828    0.000   80.473
p_aa_pp                     0.000  -14.718   -0.209    0.000  -14.927
ref                         0.000  -15.780   -2.570    0.000  -18.350
---------------------------------------------------------------------
Total                     -53.352  -43.068    3.749  -19.582 -112.253

core.pack.interaction_graph.interaction_graph_factory: Instantiating PDInteractionGraph
core.pack.pack_rotamers: built 8668 rotamers at 35 positions.
core.pack.pack_rotamers: IG: 91968452 bytes
app.sequence_tolerance: There are 1 positive states and 0 negative states
protocols.multistate_design.MultiStatePacker: Best single-state design score:  -123.84
app.sequence_tolerance: Adding single-state design entities:
app.sequence_tolerance: AA:98:S AA:99:E AA:100:T AA:101:K AA:102:V 
app.sequence_tolerance: Generation 1:
app.sequence_tolerance: Distinct new entities: 2000
app.sequence_tolerance: Duplicate new entities: 0
app.sequence_tolerance: Entities from previous generation: 0
app.sequence_tolerance: Entities resurrected from earlier generations: 0
app.sequence_tolerance: Fitness Percentiles: 0%=-123.845 25%=-104.697 50%=-88.2854 75%=117.068 100%=1694.88
app.sequence_tolerance: Best new entity:
MultiStateEntity with traits: AA:98:S AA:99:E AA:100:T AA:101:K AA:102:V and fitness -123.845
 SingleState 1 with fitness: -123.845
app.sequence_tolerance: Generation 2:
app.sequence_tolerance: Distinct new entities: 1920
app.sequence_tolerance: Duplicate new entities: 1
app.sequence_tolerance: Entities from previous generation: 79
app.sequence_tolerance: Entities resurrected from earlier generations: 0
app.sequence_tolerance: Fitness Percentiles: 0%=-123.845 25%=-108.905 50%=-100.362 75%=-50.7477 100%=1650.45
app.sequence_tolerance: Best new entity:
MultiStateEntity with traits: AA:98:V AA:99:E AA:100:M AA:101:W AA:102:V and fitness -120.705
 SingleState 1 with fitness: -120.705
app.sequence_tolerance: Generation 3:
app.sequence_tolerance: Distinct new entities: 1924
app.sequence_tolerance: Duplicate new entities: 0
app.sequence_tolerance: Entities from previous generation: 73
app.sequence_tolerance: Entities resurrected from earlier generations: 3
app.sequence_tolerance: Fitness Percentiles: 0%=-123.845 25%=-110.71 50%=-105.303 75%=-92.7187 100%=1485.91
app.sequence_tolerance: Best new entity:
MultiStateEntity with traits: AA:98:D AA:99:E AA:100:D AA:101:H AA:102:V and fitness -123.347
 SingleState 1 with fitness: -123.347
app.sequence_tolerance: Generation 4:
app.sequence_tolerance: Distinct new entities: 1916
app.sequence_tolerance: Duplicate new entities: 3
app.sequence_tolerance: Entities from previous generation: 73
app.sequence_tolerance: Entities resurrected from earlier generations: 8
app.sequence_tolerance: Fitness Percentiles: 0%=-123.845 25%=-111.855 50%=-107.74 75%=-96.6581 100%=1646.04
app.sequence_tolerance: Best new entity:
MultiStateEntity with traits: AA:98:R AA:99:E AA:100:K AA:101:M AA:102:V and fitness -123.478
 SingleState 1 with fitness: -123.478
app.sequence_tolerance: Generation 5:
app.sequence_tolerance: Distinct new entities: 1903
app.sequence_tolerance: Duplicate new entities: 5
app.sequence_tolerance: Entities from previous generation: 82
app.sequence_tolerance: Entities resurrected from earlier generations: 10
app.sequence_tolerance: Fitness Percentiles: 0%=-123.845 25%=-112.891 50%=-109.278 75%=-100.55 100%=1722.53
app.sequence_tolerance: Best new entity:
MultiStateEntity with traits: AA:98:E AA:99:E AA:100:K AA:101:I AA:102:V and fitness -123.163
 SingleState 1 with fitness: -123.163
app.sequence_tolerance: Evaluated 9663 sequences out of 2476099 possible.
Best sequences:
