core.init: Mini-Rosetta version 40577 from https://svn.rosettacommons.org/source/branches/releases/rosetta-3.2/rosetta_source
core.init: command: /netapp/home/colin/rosetta/rosetta-3.2/rosetta_source/bin/sequence_tolerance.linuxgccrelease -database /netapp/home/colin/rosetta/rosetta-3.2/rosetta_database -s 2FNE_A_C_V2048_0020_low.pdb -ex1 -ex2 -extrachi_cutoff 0 -seq_tol:fitness_master_weights 1 1 1 2 -ms:generations 5 -ms:pop_size 2000 -ms:pop_from_ss 1 -ms:checkpoint:prefix 2FNE_A_C_V2048_0020 -ms:checkpoint:interval 200 -ms:checkpoint:gz -ms:numresults 0 -out:prefix 2FNE_A_C_V2048_0020 -score:weights standard -score:patch score12 -score:ref_offsets HIS 1.2 -resfile /netapp/home/colin/backrub_seqtol/input_files/2FNE_A_C_V2048/2FNE_A_C_V2048_seqtol.resfile
core.init: 'RNG device' seed mode, using '/dev/urandom', seed=-999742742 seed_offset=0 real_seed=-999742742
core.init.random: RandomGenerator:init: Normal mode, seed=-999742742 RG_type=mt19937
core.pack.task: Packer task: initialize from command line() 
core.pack.task: Packer task: initialize from command line() 
core.scoring.ScoreFunctionFactory: SCOREFUNCTION: standard
core.scoring.ScoreFunctionFactory: SCOREFUNCTION PATCH: score12
core.scoring.etable: Starting energy table calculation
core.scoring.etable: smooth_etable: changing atr/rep split to bottom of energy well
core.scoring.etable: smooth_etable: spline smoothing lj etables (maxdis = 6)
core.scoring.etable: smooth_etable: spline smoothing solvation etables (max_dis = 6)
core.scoring.etable: Finished calculating energy tables.
core.io.database: Database file opened: /netapp/home/colin/rosetta/rosetta-3.2/rosetta_database/pdb_pair_stats_fine
core.io.database: Database file opened: /netapp/home/colin/rosetta/rosetta-3.2/rosetta_database/scoring/score_functions/hbonds/standard_params/HBPoly1D.csv
core.io.database: Database file opened: /netapp/home/colin/rosetta/rosetta-3.2/rosetta_database/scoring/score_functions/hbonds/standard_params/HBFadeIntervals.csv
core.io.database: Database file opened: /netapp/home/colin/rosetta/rosetta-3.2/rosetta_database/scoring/score_functions/hbonds/standard_params/HBEval.csv
core.io.database: Database file opened: /netapp/home/colin/rosetta/rosetta-3.2/rosetta_database/P_AA
core.io.database: Database file opened: /netapp/home/colin/rosetta/rosetta-3.2/rosetta_database/P_AA_n
core.io.database: Database file opened: /netapp/home/colin/rosetta/rosetta-3.2/rosetta_database/P_AA_pp
core.io.database: Database file opened: /netapp/home/colin/rosetta/rosetta-3.2/rosetta_database/Rama_smooth_dyn.dat_ss_6.4
core.scoring.dunbrack: Dunbrack library took 0.06 seconds to load from binary
app.sequence_tolerance: Residue Decomposition: [Set 1 (A): [1, 2, 3, 4, 5, 6, 7, 8, 9, 10, 11, 12, 13, 14, 15, 16, 17, 18, 19, 20, 21, 22, 23, 24, 25, 26, 27, 28, 29, 30, 31, 32, 33, 34, 35, 36, 37, 38, 39, 40, 41, 42, 43, 44, 45, 46, 47, 48, 49, 50, 51, 52, 53, 54, 55, 56, 57, 58, 59, 60, 61, 62, 63, 64, 65, 66, 67, 68, 69, 70, 71, 72, 73, 74, 75, 76, 77, 78, 79, 80, 81, 82, 83, 84, 85, 86, 87, 88, 89, 90, 91, 92, 93, 94, 95], Set 2 (B): [96, 97, 98, 99, 100, 101, 102]]
app.sequence_tolerance: Fitness Function Master Weights: [1, 1, 1, 2]
app.sequence_tolerance: Fitness of Starting Structure: 
---------------------------------------------------------------------
Score Type                  Other        A        B      A-B    Total
---------------------------------------------------------------------
fa_atr                      0.000 -259.060   -7.607  -36.501 -303.168
fa_rep                      0.000   30.446    2.006    4.783   37.236
fa_sol                      0.000  130.732    5.909   22.108  158.749
fa_intra_rep                0.000    0.747    0.086    0.000    0.833
pro_close                   0.000    7.574    0.000    0.000    7.574
fa_pair                     0.000   -3.360   -0.423   -4.282   -8.065
hbond_sr_bb                -9.153    0.000    0.000    0.000   -9.153
hbond_lr_bb               -40.951    0.000    0.000    0.000  -40.951
hbond_bb_sc                 0.000   -3.969   -0.759   -0.043   -4.771
hbond_sc                    0.000   -1.422    0.000    0.000   -1.422
dslf_ss_dst                 0.000    0.000    0.000    0.000    0.000
dslf_cs_ang                 0.000    0.000    0.000    0.000    0.000
dslf_ss_dih                 0.000    0.000    0.000    0.000    0.000
dslf_ca_dih                 0.000    0.000    0.000    0.000    0.000
rama                        0.000   -5.846   -0.279    0.000   -6.124
omega                       0.000   17.600    0.327    0.000   17.926
fa_dun                      0.000   70.722    6.276    0.000   76.997
p_aa_pp                     0.000  -15.616   -0.186    0.000  -15.801
ref                         0.000  -15.780   -2.570    0.000  -18.350
---------------------------------------------------------------------
Total                     -50.104  -47.231    2.780  -13.935 -108.490

core.pack.interaction_graph.interaction_graph_factory: Instantiating PDInteractionGraph
core.pack.pack_rotamers: built 8601 rotamers at 35 positions.
core.pack.pack_rotamers: IG: 92074620 bytes
app.sequence_tolerance: There are 1 positive states and 0 negative states
protocols.multistate_design.MultiStatePacker: Best single-state design score:  -128.21
app.sequence_tolerance: Adding single-state design entities:
app.sequence_tolerance: AA:98:S AA:99:E AA:100:T AA:101:W AA:102:V 
app.sequence_tolerance: Generation 1:
app.sequence_tolerance: Distinct new entities: 2000
app.sequence_tolerance: Duplicate new entities: 0
app.sequence_tolerance: Entities from previous generation: 0
app.sequence_tolerance: Entities resurrected from earlier generations: 0
app.sequence_tolerance: Fitness Percentiles: 0%=-127.793 25%=-113.27 50%=-95.4826 75%=70.9619 100%=1380.85
app.sequence_tolerance: Best new entity:
MultiStateEntity with traits: AA:98:S AA:99:E AA:100:T AA:101:W AA:102:V and fitness -127.793
 SingleState 1 with fitness: -127.793
app.sequence_tolerance: Generation 2:
app.sequence_tolerance: Distinct new entities: 1925
app.sequence_tolerance: Duplicate new entities: 3
app.sequence_tolerance: Entities from previous generation: 72
app.sequence_tolerance: Entities resurrected from earlier generations: 0
app.sequence_tolerance: Fitness Percentiles: 0%=-127.793 25%=-115.125 50%=-111.145 75%=-62.4122 100%=1308
app.sequence_tolerance: Best new entity:
MultiStateEntity with traits: AA:98:S AA:99:E AA:100:N AA:101:W AA:102:V and fitness -124.485
 SingleState 1 with fitness: -124.485
app.sequence_tolerance: Generation 3:
app.sequence_tolerance: Distinct new entities: 1924
app.sequence_tolerance: Duplicate new entities: 2
app.sequence_tolerance: Entities from previous generation: 73
app.sequence_tolerance: Entities resurrected from earlier generations: 1
app.sequence_tolerance: Fitness Percentiles: 0%=-127.793 25%=-116.305 50%=-113.175 75%=-104.468 100%=1432.45
app.sequence_tolerance: Best new entity:
MultiStateEntity with traits: AA:98:S AA:99:E AA:100:Q AA:101:W AA:102:V and fitness -126.394
 SingleState 1 with fitness: -126.394
app.sequence_tolerance: Generation 4:
app.sequence_tolerance: Distinct new entities: 1895
app.sequence_tolerance: Duplicate new entities: 7
app.sequence_tolerance: Entities from previous generation: 84
app.sequence_tolerance: Entities resurrected from earlier generations: 14
app.sequence_tolerance: Fitness Percentiles: 0%=-127.793 25%=-117.239 50%=-114.527 75%=-110.326 100%=1375.71
app.sequence_tolerance: Best new entity:
MultiStateEntity with traits: AA:98:S AA:99:E AA:100:A AA:101:W AA:102:V and fitness -125.541
 SingleState 1 with fitness: -125.541
app.sequence_tolerance: Generation 5:
app.sequence_tolerance: Distinct new entities: 1891
app.sequence_tolerance: Duplicate new entities: 6
app.sequence_tolerance: Entities from previous generation: 95
app.sequence_tolerance: Entities resurrected from earlier generations: 8
app.sequence_tolerance: Fitness Percentiles: 0%=-127.793 25%=-117.952 50%=-115.353 75%=-110.698 100%=1326.37
app.sequence_tolerance: Best new entity:
MultiStateEntity with traits: AA:98:E AA:99:E AA:100:K AA:101:W AA:102:L and fitness -125.147
 SingleState 1 with fitness: -125.147
app.sequence_tolerance: Evaluated 9635 sequences out of 2476099 possible.
Best sequences:
