core.init: Mini-Rosetta version 40577 from https://svn.rosettacommons.org/source/branches/releases/rosetta-3.2/rosetta_source
core.init: command: /netapp/home/colin/rosetta/rosetta-3.2/rosetta_source/bin/sequence_tolerance.linuxgccrelease -database /netapp/home/colin/rosetta/rosetta-3.2/rosetta_database -s 2FNE_A_C_V2048_0019_low.pdb -ex1 -ex2 -extrachi_cutoff 0 -seq_tol:fitness_master_weights 1 1 1 2 -ms:generations 5 -ms:pop_size 2000 -ms:pop_from_ss 1 -ms:checkpoint:prefix 2FNE_A_C_V2048_0019 -ms:checkpoint:interval 200 -ms:checkpoint:gz -ms:numresults 0 -out:prefix 2FNE_A_C_V2048_0019 -score:weights standard -score:patch score12 -score:ref_offsets HIS 1.2 -resfile /netapp/home/colin/backrub_seqtol/input_files/2FNE_A_C_V2048/2FNE_A_C_V2048_seqtol.resfile
core.init: 'RNG device' seed mode, using '/dev/urandom', seed=576617649 seed_offset=0 real_seed=576617649
core.init.random: RandomGenerator:init: Normal mode, seed=576617649 RG_type=mt19937
core.pack.task: Packer task: initialize from command line() 
core.pack.task: Packer task: initialize from command line() 
core.scoring.ScoreFunctionFactory: SCOREFUNCTION: standard
core.scoring.ScoreFunctionFactory: SCOREFUNCTION PATCH: score12
core.scoring.etable: Starting energy table calculation
core.scoring.etable: smooth_etable: changing atr/rep split to bottom of energy well
core.scoring.etable: smooth_etable: spline smoothing lj etables (maxdis = 6)
core.scoring.etable: smooth_etable: spline smoothing solvation etables (max_dis = 6)
core.scoring.etable: Finished calculating energy tables.
core.io.database: Database file opened: /netapp/home/colin/rosetta/rosetta-3.2/rosetta_database/pdb_pair_stats_fine
core.io.database: Database file opened: /netapp/home/colin/rosetta/rosetta-3.2/rosetta_database/scoring/score_functions/hbonds/standard_params/HBPoly1D.csv
core.io.database: Database file opened: /netapp/home/colin/rosetta/rosetta-3.2/rosetta_database/scoring/score_functions/hbonds/standard_params/HBFadeIntervals.csv
core.io.database: Database file opened: /netapp/home/colin/rosetta/rosetta-3.2/rosetta_database/scoring/score_functions/hbonds/standard_params/HBEval.csv
core.io.database: Database file opened: /netapp/home/colin/rosetta/rosetta-3.2/rosetta_database/P_AA
core.io.database: Database file opened: /netapp/home/colin/rosetta/rosetta-3.2/rosetta_database/P_AA_n
core.io.database: Database file opened: /netapp/home/colin/rosetta/rosetta-3.2/rosetta_database/P_AA_pp
core.io.database: Database file opened: /netapp/home/colin/rosetta/rosetta-3.2/rosetta_database/Rama_smooth_dyn.dat_ss_6.4
core.scoring.dunbrack: Dunbrack library took 0.06 seconds to load from binary
app.sequence_tolerance: Residue Decomposition: [Set 1 (A): [1, 2, 3, 4, 5, 6, 7, 8, 9, 10, 11, 12, 13, 14, 15, 16, 17, 18, 19, 20, 21, 22, 23, 24, 25, 26, 27, 28, 29, 30, 31, 32, 33, 34, 35, 36, 37, 38, 39, 40, 41, 42, 43, 44, 45, 46, 47, 48, 49, 50, 51, 52, 53, 54, 55, 56, 57, 58, 59, 60, 61, 62, 63, 64, 65, 66, 67, 68, 69, 70, 71, 72, 73, 74, 75, 76, 77, 78, 79, 80, 81, 82, 83, 84, 85, 86, 87, 88, 89, 90, 91, 92, 93, 94, 95], Set 2 (B): [96, 97, 98, 99, 100, 101, 102]]
app.sequence_tolerance: Fitness Function Master Weights: [1, 1, 1, 2]
app.sequence_tolerance: Fitness of Starting Structure: 
---------------------------------------------------------------------
Score Type                  Other        A        B      A-B    Total
---------------------------------------------------------------------
fa_atr                      0.000 -252.404   -6.022  -44.031 -302.456
fa_rep                      0.000   34.640    0.736   11.257   46.633
fa_sol                      0.000  124.833    4.199   28.328  157.360
fa_intra_rep                0.000    0.731    0.048    0.000    0.779
pro_close                   0.000    7.516    0.000    0.000    7.516
fa_pair                     0.000   -3.743   -0.116   -2.754   -6.613
hbond_sr_bb               -10.326    0.000    0.000    0.000  -10.326
hbond_lr_bb               -39.619    0.000    0.000    0.000  -39.619
hbond_bb_sc                 0.000   -5.499    0.000    0.000   -5.499
hbond_sc                    0.000   -0.160    0.000    0.000   -0.160
dslf_ss_dst                 0.000    0.000    0.000    0.000    0.000
dslf_cs_ang                 0.000    0.000    0.000    0.000    0.000
dslf_ss_dih                 0.000    0.000    0.000    0.000    0.000
dslf_ca_dih                 0.000    0.000    0.000    0.000    0.000
rama                        0.000   -5.714   -0.654    0.000   -6.369
omega                       0.000   17.605    0.323    0.000   17.927
fa_dun                      0.000   73.245    4.255    0.000   77.500
p_aa_pp                     0.000  -14.485   -0.236    0.000  -14.721
ref                         0.000  -15.780   -2.570    0.000  -18.350
---------------------------------------------------------------------
Total                     -49.945  -39.214   -0.037   -7.200  -96.396

core.pack.interaction_graph.interaction_graph_factory: Instantiating PDInteractionGraph
core.pack.pack_rotamers: built 8968 rotamers at 35 positions.
core.pack.pack_rotamers: IG: 100064688 bytes
app.sequence_tolerance: There are 1 positive states and 0 negative states
protocols.multistate_design.MultiStatePacker: Best single-state design score:  -128.13
app.sequence_tolerance: Adding single-state design entities:
app.sequence_tolerance: AA:98:H AA:99:S AA:100:T AA:101:W AA:102:I 
app.sequence_tolerance: Generation 1:
app.sequence_tolerance: Distinct new entities: 1999
app.sequence_tolerance: Duplicate new entities: 1
app.sequence_tolerance: Entities from previous generation: 0
app.sequence_tolerance: Entities resurrected from earlier generations: 0
app.sequence_tolerance: Fitness Percentiles: 0%=-128.132 25%=-107.917 50%=-101.14 75%=-54.5045 100%=1378.55
app.sequence_tolerance: Best new entity:
MultiStateEntity with traits: AA:98:H AA:99:S AA:100:T AA:101:W AA:102:I and fitness -128.132
 SingleState 1 with fitness: -128.132
app.sequence_tolerance: Generation 2:
app.sequence_tolerance: Distinct new entities: 1904
app.sequence_tolerance: Duplicate new entities: 6
app.sequence_tolerance: Entities from previous generation: 90
app.sequence_tolerance: Entities resurrected from earlier generations: 0
app.sequence_tolerance: Fitness Percentiles: 0%=-128.132 25%=-110.154 50%=-105.974 75%=-92.9024 100%=1103
app.sequence_tolerance: Best new entity:
MultiStateEntity with traits: AA:98:H AA:99:T AA:100:A AA:101:W AA:102:I and fitness -123.710
 SingleState 1 with fitness: -123.71
app.sequence_tolerance: Generation 3:
app.sequence_tolerance: Distinct new entities: 1919
app.sequence_tolerance: Duplicate new entities: 0
app.sequence_tolerance: Entities from previous generation: 74
app.sequence_tolerance: Entities resurrected from earlier generations: 7
app.sequence_tolerance: Fitness Percentiles: 0%=-128.132 25%=-111.878 50%=-108.184 75%=-102.501 100%=1092.7
app.sequence_tolerance: Best new entity:
MultiStateEntity with traits: AA:98:I AA:99:R AA:100:T AA:101:W AA:102:I and fitness -125.058
 SingleState 1 with fitness: -125.058
app.sequence_tolerance: Generation 4:
app.sequence_tolerance: Distinct new entities: 1907
app.sequence_tolerance: Duplicate new entities: 2
app.sequence_tolerance: Entities from previous generation: 81
app.sequence_tolerance: Entities resurrected from earlier generations: 10
app.sequence_tolerance: Fitness Percentiles: 0%=-128.132 25%=-113.114 50%=-109.6 75%=-104.989 100%=1374.08
app.sequence_tolerance: Best new entity:
MultiStateEntity with traits: AA:98:H AA:99:M AA:100:T AA:101:W AA:102:I and fitness -125.980
 SingleState 1 with fitness: -125.98
app.sequence_tolerance: Generation 5:
app.sequence_tolerance: Distinct new entities: 1893
app.sequence_tolerance: Duplicate new entities: 7
app.sequence_tolerance: Entities from previous generation: 90
app.sequence_tolerance: Entities resurrected from earlier generations: 10
app.sequence_tolerance: Fitness Percentiles: 0%=-128.132 25%=-114.237 50%=-110.652 75%=-106.342 100%=1374.46
app.sequence_tolerance: Best new entity:
MultiStateEntity with traits: AA:98:I AA:99:S AA:100:T AA:101:W AA:102:I and fitness -126.602
 SingleState 1 with fitness: -126.602
app.sequence_tolerance: Evaluated 9622 sequences out of 2476099 possible.
Best sequences:
