core.init: Mini-Rosetta version 40577 from https://svn.rosettacommons.org/source/branches/releases/rosetta-3.2/rosetta_source
core.init: command: /netapp/home/colin/rosetta/rosetta-3.2/rosetta_source/bin/sequence_tolerance.linuxgccrelease -database /netapp/home/colin/rosetta/rosetta-3.2/rosetta_database -s 2FNE_A_C_V2048_0018_low.pdb -ex1 -ex2 -extrachi_cutoff 0 -seq_tol:fitness_master_weights 1 1 1 2 -ms:generations 5 -ms:pop_size 2000 -ms:pop_from_ss 1 -ms:checkpoint:prefix 2FNE_A_C_V2048_0018 -ms:checkpoint:interval 200 -ms:checkpoint:gz -ms:numresults 0 -out:prefix 2FNE_A_C_V2048_0018 -score:weights standard -score:patch score12 -score:ref_offsets HIS 1.2 -resfile /netapp/home/colin/backrub_seqtol/input_files/2FNE_A_C_V2048/2FNE_A_C_V2048_seqtol.resfile
core.init: 'RNG device' seed mode, using '/dev/urandom', seed=-54715776 seed_offset=0 real_seed=-54715776
core.init.random: RandomGenerator:init: Normal mode, seed=-54715776 RG_type=mt19937
core.pack.task: Packer task: initialize from command line() 
core.pack.task: Packer task: initialize from command line() 
core.scoring.ScoreFunctionFactory: SCOREFUNCTION: standard
core.scoring.ScoreFunctionFactory: SCOREFUNCTION PATCH: score12
core.scoring.etable: Starting energy table calculation
core.scoring.etable: smooth_etable: changing atr/rep split to bottom of energy well
core.scoring.etable: smooth_etable: spline smoothing lj etables (maxdis = 6)
core.scoring.etable: smooth_etable: spline smoothing solvation etables (max_dis = 6)
core.scoring.etable: Finished calculating energy tables.
core.io.database: Database file opened: /netapp/home/colin/rosetta/rosetta-3.2/rosetta_database/pdb_pair_stats_fine
core.io.database: Database file opened: /netapp/home/colin/rosetta/rosetta-3.2/rosetta_database/scoring/score_functions/hbonds/standard_params/HBPoly1D.csv
core.io.database: Database file opened: /netapp/home/colin/rosetta/rosetta-3.2/rosetta_database/scoring/score_functions/hbonds/standard_params/HBFadeIntervals.csv
core.io.database: Database file opened: /netapp/home/colin/rosetta/rosetta-3.2/rosetta_database/scoring/score_functions/hbonds/standard_params/HBEval.csv
core.io.database: Database file opened: /netapp/home/colin/rosetta/rosetta-3.2/rosetta_database/P_AA
core.io.database: Database file opened: /netapp/home/colin/rosetta/rosetta-3.2/rosetta_database/P_AA_n
core.io.database: Database file opened: /netapp/home/colin/rosetta/rosetta-3.2/rosetta_database/P_AA_pp
core.io.database: Database file opened: /netapp/home/colin/rosetta/rosetta-3.2/rosetta_database/Rama_smooth_dyn.dat_ss_6.4
core.scoring.dunbrack: Dunbrack library took 0.02 seconds to load from binary
app.sequence_tolerance: Residue Decomposition: [Set 1 (A): [1, 2, 3, 4, 5, 6, 7, 8, 9, 10, 11, 12, 13, 14, 15, 16, 17, 18, 19, 20, 21, 22, 23, 24, 25, 26, 27, 28, 29, 30, 31, 32, 33, 34, 35, 36, 37, 38, 39, 40, 41, 42, 43, 44, 45, 46, 47, 48, 49, 50, 51, 52, 53, 54, 55, 56, 57, 58, 59, 60, 61, 62, 63, 64, 65, 66, 67, 68, 69, 70, 71, 72, 73, 74, 75, 76, 77, 78, 79, 80, 81, 82, 83, 84, 85, 86, 87, 88, 89, 90, 91, 92, 93, 94, 95], Set 2 (B): [96, 97, 98, 99, 100, 101, 102]]
app.sequence_tolerance: Fitness Function Master Weights: [1, 1, 1, 2]
app.sequence_tolerance: Fitness of Starting Structure: 
---------------------------------------------------------------------
Score Type                  Other        A        B      A-B    Total
---------------------------------------------------------------------
fa_atr                      0.000 -277.583   -6.947  -40.709 -325.239
fa_rep                      0.000   41.580    1.026    6.725   49.331
fa_sol                      0.000  136.015    5.459   23.378  164.853
fa_intra_rep                0.000    0.719    0.065    0.000    0.784
pro_close                   0.000    7.554    0.000    0.000    7.554
fa_pair                     0.000   -2.966   -0.179   -3.533   -6.678
hbond_sr_bb               -11.288    0.000    0.000    0.000  -11.288
hbond_lr_bb               -39.896    0.000    0.000    0.000  -39.896
hbond_bb_sc                 0.000   -5.562   -0.081    0.000   -5.642
hbond_sc                    0.000   -1.744    0.000   -2.863   -4.607
dslf_ss_dst                 0.000    0.000    0.000    0.000    0.000
dslf_cs_ang                 0.000    0.000    0.000    0.000    0.000
dslf_ss_dih                 0.000    0.000    0.000    0.000    0.000
dslf_ca_dih                 0.000    0.000    0.000    0.000    0.000
rama                        0.000   -4.274   -0.413    0.000   -4.688
omega                       0.000   17.629    0.325    0.000   17.955
fa_dun                      0.000   77.909    8.026    0.000   85.935
p_aa_pp                     0.000  -14.022   -0.276    0.000  -14.298
ref                         0.000  -15.780   -2.570    0.000  -18.350
---------------------------------------------------------------------
Total                     -51.184  -40.523    4.436  -17.002 -104.273

core.pack.interaction_graph.interaction_graph_factory: Instantiating PDInteractionGraph
core.pack.pack_rotamers: built 8054 rotamers at 35 positions.
core.pack.pack_rotamers: IG: 78637652 bytes
app.sequence_tolerance: There are 1 positive states and 0 negative states
protocols.multistate_design.MultiStatePacker: Best single-state design score:  -121.20
app.sequence_tolerance: Adding single-state design entities:
app.sequence_tolerance: AA:98:S AA:99:S AA:100:T AA:101:K AA:102:V 
app.sequence_tolerance: Generation 1:
app.sequence_tolerance: Distinct new entities: 1998
app.sequence_tolerance: Duplicate new entities: 2
app.sequence_tolerance: Entities from previous generation: 0
app.sequence_tolerance: Entities resurrected from earlier generations: 0
app.sequence_tolerance: Fitness Percentiles: 0%=-123.093 25%=-103.763 50%=-48.6152 75%=284.883 100%=2353.4
app.sequence_tolerance: Best new entity:
MultiStateEntity with traits: AA:98:M AA:99:S AA:100:K AA:101:M AA:102:V and fitness -123.093
 SingleState 1 with fitness: -123.093
app.sequence_tolerance: Generation 2:
app.sequence_tolerance: Distinct new entities: 1933
app.sequence_tolerance: Duplicate new entities: 4
app.sequence_tolerance: Entities from previous generation: 63
app.sequence_tolerance: Entities resurrected from earlier generations: 0
app.sequence_tolerance: Fitness Percentiles: 0%=-123.093 25%=-107.22 50%=-97.7873 75%=-30.5404 100%=2278.05
app.sequence_tolerance: Best new entity:
MultiStateEntity with traits: AA:98:S AA:99:A AA:100:T AA:101:K AA:102:V and fitness -122.472
 SingleState 1 with fitness: -122.472
app.sequence_tolerance: Generation 3:
app.sequence_tolerance: Distinct new entities: 1914
app.sequence_tolerance: Duplicate new entities: 6
app.sequence_tolerance: Entities from previous generation: 78
app.sequence_tolerance: Entities resurrected from earlier generations: 2
app.sequence_tolerance: Fitness Percentiles: 0%=-123.922 25%=-109.191 50%=-103.841 75%=-86.8567 100%=2276.71
app.sequence_tolerance: Best new entity:
MultiStateEntity with traits: AA:98:W AA:99:S AA:100:S AA:101:E AA:102:V and fitness -123.922
 SingleState 1 with fitness: -123.922
app.sequence_tolerance: Generation 4:
app.sequence_tolerance: Distinct new entities: 1893
app.sequence_tolerance: Duplicate new entities: 9
app.sequence_tolerance: Entities from previous generation: 93
app.sequence_tolerance: Entities resurrected from earlier generations: 5
app.sequence_tolerance: Fitness Percentiles: 0%=-123.922 25%=-110.806 50%=-106.391 75%=-96.1024 100%=2270
app.sequence_tolerance: Best new entity:
MultiStateEntity with traits: AA:98:M AA:99:D AA:100:R AA:101:M AA:102:V and fitness -123.419
 SingleState 1 with fitness: -123.419
app.sequence_tolerance: Generation 5:
app.sequence_tolerance: Distinct new entities: 1892
app.sequence_tolerance: Duplicate new entities: 5
app.sequence_tolerance: Entities from previous generation: 94
app.sequence_tolerance: Entities resurrected from earlier generations: 9
app.sequence_tolerance: Fitness Percentiles: 0%=-123.922 25%=-112.043 50%=-107.55 75%=-98.1858 100%=2273.82
app.sequence_tolerance: Best new entity:
MultiStateEntity with traits: AA:98:W AA:99:M AA:100:T AA:101:M AA:102:V and fitness -122.933
 SingleState 1 with fitness: -122.933
app.sequence_tolerance: Evaluated 9630 sequences out of 2476099 possible.
Best sequences:
