core.init: Mini-Rosetta version 40577 from https://svn.rosettacommons.org/source/branches/releases/rosetta-3.2/rosetta_source
core.init: command: /netapp/home/colin/rosetta/rosetta-3.2/rosetta_source/bin/sequence_tolerance.linuxgccrelease -database /netapp/home/colin/rosetta/rosetta-3.2/rosetta_database -s 2FNE_A_C_V2048_0015_low.pdb -ex1 -ex2 -extrachi_cutoff 0 -seq_tol:fitness_master_weights 1 1 1 2 -ms:generations 5 -ms:pop_size 2000 -ms:pop_from_ss 1 -ms:checkpoint:prefix 2FNE_A_C_V2048_0015 -ms:checkpoint:interval 200 -ms:checkpoint:gz -ms:numresults 0 -out:prefix 2FNE_A_C_V2048_0015 -score:weights standard -score:patch score12 -score:ref_offsets HIS 1.2 -resfile /netapp/home/colin/backrub_seqtol/input_files/2FNE_A_C_V2048/2FNE_A_C_V2048_seqtol.resfile
core.init: 'RNG device' seed mode, using '/dev/urandom', seed=551943482 seed_offset=0 real_seed=551943482
core.init.random: RandomGenerator:init: Normal mode, seed=551943482 RG_type=mt19937
core.pack.task: Packer task: initialize from command line() 
core.pack.task: Packer task: initialize from command line() 
core.scoring.ScoreFunctionFactory: SCOREFUNCTION: standard
core.scoring.ScoreFunctionFactory: SCOREFUNCTION PATCH: score12
core.scoring.etable: Starting energy table calculation
core.scoring.etable: smooth_etable: changing atr/rep split to bottom of energy well
core.scoring.etable: smooth_etable: spline smoothing lj etables (maxdis = 6)
core.scoring.etable: smooth_etable: spline smoothing solvation etables (max_dis = 6)
core.scoring.etable: Finished calculating energy tables.
core.io.database: Database file opened: /netapp/home/colin/rosetta/rosetta-3.2/rosetta_database/pdb_pair_stats_fine
core.io.database: Database file opened: /netapp/home/colin/rosetta/rosetta-3.2/rosetta_database/scoring/score_functions/hbonds/standard_params/HBPoly1D.csv
core.io.database: Database file opened: /netapp/home/colin/rosetta/rosetta-3.2/rosetta_database/scoring/score_functions/hbonds/standard_params/HBFadeIntervals.csv
core.io.database: Database file opened: /netapp/home/colin/rosetta/rosetta-3.2/rosetta_database/scoring/score_functions/hbonds/standard_params/HBEval.csv
core.io.database: Database file opened: /netapp/home/colin/rosetta/rosetta-3.2/rosetta_database/P_AA
core.io.database: Database file opened: /netapp/home/colin/rosetta/rosetta-3.2/rosetta_database/P_AA_n
core.io.database: Database file opened: /netapp/home/colin/rosetta/rosetta-3.2/rosetta_database/P_AA_pp
core.io.database: Database file opened: /netapp/home/colin/rosetta/rosetta-3.2/rosetta_database/Rama_smooth_dyn.dat_ss_6.4
core.scoring.dunbrack: Dunbrack library took 0.03 seconds to load from binary
app.sequence_tolerance: Residue Decomposition: [Set 1 (A): [1, 2, 3, 4, 5, 6, 7, 8, 9, 10, 11, 12, 13, 14, 15, 16, 17, 18, 19, 20, 21, 22, 23, 24, 25, 26, 27, 28, 29, 30, 31, 32, 33, 34, 35, 36, 37, 38, 39, 40, 41, 42, 43, 44, 45, 46, 47, 48, 49, 50, 51, 52, 53, 54, 55, 56, 57, 58, 59, 60, 61, 62, 63, 64, 65, 66, 67, 68, 69, 70, 71, 72, 73, 74, 75, 76, 77, 78, 79, 80, 81, 82, 83, 84, 85, 86, 87, 88, 89, 90, 91, 92, 93, 94, 95], Set 2 (B): [96, 97, 98, 99, 100, 101, 102]]
app.sequence_tolerance: Fitness Function Master Weights: [1, 1, 1, 2]
app.sequence_tolerance: Fitness of Starting Structure: 
---------------------------------------------------------------------
Score Type                  Other        A        B      A-B    Total
---------------------------------------------------------------------
fa_atr                      0.000 -259.052   -6.259  -33.273 -298.585
fa_rep                      0.000   35.385    1.262    4.297   40.944
fa_sol                      0.000  127.720    4.665   18.750  151.135
fa_intra_rep                0.000    0.795    0.088    0.000    0.883
pro_close                   0.000    7.578    0.000    0.000    7.578
fa_pair                     0.000   -3.282   -0.137   -2.290   -5.709
hbond_sr_bb               -10.299    0.000    0.000    0.000  -10.299
hbond_lr_bb               -35.635    0.000    0.000    0.000  -35.635
hbond_bb_sc                 0.000   -6.061   -0.004    0.000   -6.065
hbond_sc                    0.000   -0.750    0.000   -0.391   -1.141
dslf_ss_dst                 0.000    0.000    0.000    0.000    0.000
dslf_cs_ang                 0.000    0.000    0.000    0.000    0.000
dslf_ss_dih                 0.000    0.000    0.000    0.000    0.000
dslf_ca_dih                 0.000    0.000    0.000    0.000    0.000
rama                        0.000   -3.471   -0.599    0.000   -4.070
omega                       0.000   17.569    0.324    0.000   17.893
fa_dun                      0.000   69.286    3.595    0.000   72.880
p_aa_pp                     0.000  -15.228   -0.457    0.000  -15.685
ref                         0.000  -15.780   -2.570    0.000  -18.350
---------------------------------------------------------------------
Total                     -45.935  -45.292   -0.091  -12.907 -104.225

core.pack.interaction_graph.interaction_graph_factory: Instantiating PDInteractionGraph
core.pack.pack_rotamers: built 9453 rotamers at 35 positions.
core.pack.pack_rotamers: IG: 103092628 bytes
app.sequence_tolerance: There are 1 positive states and 0 negative states
protocols.multistate_design.MultiStatePacker: Best single-state design score:  -119.35
app.sequence_tolerance: Adding single-state design entities:
app.sequence_tolerance: AA:98:E AA:99:D AA:100:Q AA:101:S AA:102:V 
app.sequence_tolerance: Generation 1:
app.sequence_tolerance: Distinct new entities: 2000
app.sequence_tolerance: Duplicate new entities: 0
app.sequence_tolerance: Entities from previous generation: 0
app.sequence_tolerance: Entities resurrected from earlier generations: 0
app.sequence_tolerance: Fitness Percentiles: 0%=-119.386 25%=-109.834 50%=-105.921 75%=80.5267 100%=1454.16
app.sequence_tolerance: Best new entity:
MultiStateEntity with traits: AA:98:E AA:99:D AA:100:Q AA:101:S AA:102:V and fitness -119.386
 SingleState 1 with fitness: -119.386
app.sequence_tolerance: Generation 2:
app.sequence_tolerance: Distinct new entities: 1924
app.sequence_tolerance: Duplicate new entities: 3
app.sequence_tolerance: Entities from previous generation: 73
app.sequence_tolerance: Entities resurrected from earlier generations: 0
app.sequence_tolerance: Fitness Percentiles: 0%=-120.033 25%=-111.181 50%=-108.683 75%=-104.159 100%=1217.38
app.sequence_tolerance: Best new entity:
MultiStateEntity with traits: AA:98:W AA:99:E AA:100:K AA:101:R AA:102:V and fitness -120.033
 SingleState 1 with fitness: -120.033
app.sequence_tolerance: Generation 3:
app.sequence_tolerance: Distinct new entities: 1913
app.sequence_tolerance: Duplicate new entities: 4
app.sequence_tolerance: Entities from previous generation: 77
app.sequence_tolerance: Entities resurrected from earlier generations: 6
app.sequence_tolerance: Fitness Percentiles: 0%=-120.185 25%=-112.052 50%=-109.668 75%=-106.88 100%=1271.05
app.sequence_tolerance: Best new entity:
MultiStateEntity with traits: AA:98:W AA:99:D AA:100:T AA:101:M AA:102:V and fitness -120.185
 SingleState 1 with fitness: -120.185
app.sequence_tolerance: Generation 4:
app.sequence_tolerance: Distinct new entities: 1896
app.sequence_tolerance: Duplicate new entities: 6
app.sequence_tolerance: Entities from previous generation: 89
app.sequence_tolerance: Entities resurrected from earlier generations: 9
app.sequence_tolerance: Fitness Percentiles: 0%=-120.378 25%=-112.876 50%=-110.693 75%=-108.135 100%=1409.96
app.sequence_tolerance: Best new entity:
MultiStateEntity with traits: AA:98:W AA:99:D AA:100:V AA:101:M AA:102:V and fitness -120.378
 SingleState 1 with fitness: -120.378
app.sequence_tolerance: Generation 5:
app.sequence_tolerance: Distinct new entities: 1908
app.sequence_tolerance: Duplicate new entities: 3
app.sequence_tolerance: Entities from previous generation: 80
app.sequence_tolerance: Entities resurrected from earlier generations: 9
app.sequence_tolerance: Fitness Percentiles: 0%=-120.378 25%=-113.42 50%=-111.2 75%=-108.659 100%=1406.48
app.sequence_tolerance: Best new entity:
MultiStateEntity with traits: AA:98:W AA:99:D AA:100:T AA:101:K AA:102:V and fitness -120.191
 SingleState 1 with fitness: -120.191
app.sequence_tolerance: Evaluated 9641 sequences out of 2476099 possible.
Best sequences:
