core.init: Mini-Rosetta version 40577 from https://svn.rosettacommons.org/source/branches/releases/rosetta-3.2/rosetta_source
core.init: command: /netapp/home/colin/rosetta/rosetta-3.2/rosetta_source/bin/sequence_tolerance.linuxgccrelease -database /netapp/home/colin/rosetta/rosetta-3.2/rosetta_database -s 2FNE_A_C_V2048_0012_low.pdb -ex1 -ex2 -extrachi_cutoff 0 -seq_tol:fitness_master_weights 1 1 1 2 -ms:generations 5 -ms:pop_size 2000 -ms:pop_from_ss 1 -ms:checkpoint:prefix 2FNE_A_C_V2048_0012 -ms:checkpoint:interval 200 -ms:checkpoint:gz -ms:numresults 0 -out:prefix 2FNE_A_C_V2048_0012 -score:weights standard -score:patch score12 -score:ref_offsets HIS 1.2 -resfile /netapp/home/colin/backrub_seqtol/input_files/2FNE_A_C_V2048/2FNE_A_C_V2048_seqtol.resfile
core.init: 'RNG device' seed mode, using '/dev/urandom', seed=2105107789 seed_offset=0 real_seed=2105107789
core.init.random: RandomGenerator:init: Normal mode, seed=2105107789 RG_type=mt19937
core.pack.task: Packer task: initialize from command line() 
core.pack.task: Packer task: initialize from command line() 
core.scoring.ScoreFunctionFactory: SCOREFUNCTION: standard
core.scoring.ScoreFunctionFactory: SCOREFUNCTION PATCH: score12
core.scoring.etable: Starting energy table calculation
core.scoring.etable: smooth_etable: changing atr/rep split to bottom of energy well
core.scoring.etable: smooth_etable: spline smoothing lj etables (maxdis = 6)
core.scoring.etable: smooth_etable: spline smoothing solvation etables (max_dis = 6)
core.scoring.etable: Finished calculating energy tables.
core.io.database: Database file opened: /netapp/home/colin/rosetta/rosetta-3.2/rosetta_database/pdb_pair_stats_fine
core.io.database: Database file opened: /netapp/home/colin/rosetta/rosetta-3.2/rosetta_database/scoring/score_functions/hbonds/standard_params/HBPoly1D.csv
core.io.database: Database file opened: /netapp/home/colin/rosetta/rosetta-3.2/rosetta_database/scoring/score_functions/hbonds/standard_params/HBFadeIntervals.csv
core.io.database: Database file opened: /netapp/home/colin/rosetta/rosetta-3.2/rosetta_database/scoring/score_functions/hbonds/standard_params/HBEval.csv
core.io.database: Database file opened: /netapp/home/colin/rosetta/rosetta-3.2/rosetta_database/P_AA
core.io.database: Database file opened: /netapp/home/colin/rosetta/rosetta-3.2/rosetta_database/P_AA_n
core.io.database: Database file opened: /netapp/home/colin/rosetta/rosetta-3.2/rosetta_database/P_AA_pp
core.io.database: Database file opened: /netapp/home/colin/rosetta/rosetta-3.2/rosetta_database/Rama_smooth_dyn.dat_ss_6.4
core.scoring.dunbrack: Dunbrack library took 0.02 seconds to load from binary
app.sequence_tolerance: Residue Decomposition: [Set 1 (A): [1, 2, 3, 4, 5, 6, 7, 8, 9, 10, 11, 12, 13, 14, 15, 16, 17, 18, 19, 20, 21, 22, 23, 24, 25, 26, 27, 28, 29, 30, 31, 32, 33, 34, 35, 36, 37, 38, 39, 40, 41, 42, 43, 44, 45, 46, 47, 48, 49, 50, 51, 52, 53, 54, 55, 56, 57, 58, 59, 60, 61, 62, 63, 64, 65, 66, 67, 68, 69, 70, 71, 72, 73, 74, 75, 76, 77, 78, 79, 80, 81, 82, 83, 84, 85, 86, 87, 88, 89, 90, 91, 92, 93, 94, 95], Set 2 (B): [96, 97, 98, 99, 100, 101, 102]]
app.sequence_tolerance: Fitness Function Master Weights: [1, 1, 1, 2]
app.sequence_tolerance: Fitness of Starting Structure: 
---------------------------------------------------------------------
Score Type                  Other        A        B      A-B    Total
---------------------------------------------------------------------
fa_atr                      0.000 -252.797   -6.492  -35.632 -294.921
fa_rep                      0.000   35.650    1.327    3.353   40.331
fa_sol                      0.000  124.463    4.608   20.863  149.934
fa_intra_rep                0.000    0.725    0.038    0.000    0.764
pro_close                   0.000    7.528    0.000    0.000    7.528
fa_pair                     0.000   -3.234   -0.149   -3.132   -6.515
hbond_sr_bb               -10.153    0.000    0.000    0.000  -10.153
hbond_lr_bb               -35.149    0.000    0.000    0.000  -35.149
hbond_bb_sc                 0.000   -6.118   -0.171    0.000   -6.289
hbond_sc                    0.000    0.000    0.000   -1.739   -1.739
dslf_ss_dst                 0.000    0.000    0.000    0.000    0.000
dslf_cs_ang                 0.000    0.000    0.000    0.000    0.000
dslf_ss_dih                 0.000    0.000    0.000    0.000    0.000
dslf_ca_dih                 0.000    0.000    0.000    0.000    0.000
rama                        0.000   -2.352   -0.453    0.000   -2.805
omega                       0.000   17.617    0.323    0.000   17.940
fa_dun                      0.000   65.534    4.224    0.000   69.757
p_aa_pp                     0.000  -14.721   -0.371    0.000  -15.092
ref                         0.000  -15.780   -2.570    0.000  -18.350
---------------------------------------------------------------------
Total                     -45.302  -43.485    0.315  -16.287 -104.759

core.pack.interaction_graph.interaction_graph_factory: Instantiating PDInteractionGraph
core.pack.pack_rotamers: built 9157 rotamers at 35 positions.
core.pack.pack_rotamers: IG: 104927636 bytes
app.sequence_tolerance: There are 1 positive states and 0 negative states
protocols.multistate_design.MultiStatePacker: Best single-state design score:  -115.03
app.sequence_tolerance: Adding single-state design entities:
app.sequence_tolerance: AA:98:M AA:99:E AA:100:R AA:101:K AA:102:V 
app.sequence_tolerance: Generation 1:
app.sequence_tolerance: Distinct new entities: 2000
app.sequence_tolerance: Duplicate new entities: 0
app.sequence_tolerance: Entities from previous generation: 0
app.sequence_tolerance: Entities resurrected from earlier generations: 0
app.sequence_tolerance: Fitness Percentiles: 0%=-115.028 25%=-102.234 50%=-94.9955 75%=145.144 100%=1704.57
app.sequence_tolerance: Best new entity:
MultiStateEntity with traits: AA:98:M AA:99:E AA:100:R AA:101:K AA:102:V and fitness -115.028
 SingleState 1 with fitness: -115.028
app.sequence_tolerance: Generation 2:
app.sequence_tolerance: Distinct new entities: 1912
app.sequence_tolerance: Duplicate new entities: 4
app.sequence_tolerance: Entities from previous generation: 84
app.sequence_tolerance: Entities resurrected from earlier generations: 0
app.sequence_tolerance: Fitness Percentiles: 0%=-115.028 25%=-104.625 50%=-100.538 75%=-54.1025 100%=1348.79
app.sequence_tolerance: Best new entity:
MultiStateEntity with traits: AA:98:M AA:99:E AA:100:R AA:101:S AA:102:V and fitness -113.425
 SingleState 1 with fitness: -113.425
app.sequence_tolerance: Generation 3:
app.sequence_tolerance: Distinct new entities: 1925
app.sequence_tolerance: Duplicate new entities: 3
app.sequence_tolerance: Entities from previous generation: 70
app.sequence_tolerance: Entities resurrected from earlier generations: 2
app.sequence_tolerance: Fitness Percentiles: 0%=-115.028 25%=-105.774 50%=-102.702 75%=-96.9463 100%=1705.21
app.sequence_tolerance: Best new entity:
MultiStateEntity with traits: AA:98:Y AA:99:E AA:100:T AA:101:I AA:102:V and fitness -114.482
 SingleState 1 with fitness: -114.482
app.sequence_tolerance: Generation 4:
app.sequence_tolerance: Distinct new entities: 1912
app.sequence_tolerance: Duplicate new entities: 1
app.sequence_tolerance: Entities from previous generation: 80
app.sequence_tolerance: Entities resurrected from earlier generations: 7
app.sequence_tolerance: Fitness Percentiles: 0%=-115.028 25%=-107.082 50%=-104.025 75%=-99.7602 100%=1348.56
app.sequence_tolerance: Best new entity:
MultiStateEntity with traits: AA:98:D AA:99:D AA:100:R AA:101:K AA:102:V and fitness -113.921
 SingleState 1 with fitness: -113.921
app.sequence_tolerance: Generation 5:
app.sequence_tolerance: Distinct new entities: 1902
app.sequence_tolerance: Duplicate new entities: 5
app.sequence_tolerance: Entities from previous generation: 77
app.sequence_tolerance: Entities resurrected from earlier generations: 16
app.sequence_tolerance: Fitness Percentiles: 0%=-115.028 25%=-107.953 50%=-104.916 75%=-100.381 100%=1651.3
app.sequence_tolerance: Best new entity:
MultiStateEntity with traits: AA:98:F AA:99:E AA:100:K AA:101:I AA:102:V and fitness -114.720
 SingleState 1 with fitness: -114.72
app.sequence_tolerance: Evaluated 9651 sequences out of 2476099 possible.
Best sequences:
