core.init: Mini-Rosetta version 40577 from https://svn.rosettacommons.org/source/branches/releases/rosetta-3.2/rosetta_source
core.init: command: /netapp/home/colin/rosetta/rosetta-3.2/rosetta_source/bin/sequence_tolerance.linuxgccrelease -database /netapp/home/colin/rosetta/rosetta-3.2/rosetta_database -s 2FNE_A_C_V2048_0017_low.pdb -ex1 -ex2 -extrachi_cutoff 0 -seq_tol:fitness_master_weights 1 1 1 2 -ms:generations 5 -ms:pop_size 2000 -ms:pop_from_ss 1 -ms:checkpoint:prefix 2FNE_A_C_V2048_0017 -ms:checkpoint:interval 200 -ms:checkpoint:gz -ms:numresults 0 -out:prefix 2FNE_A_C_V2048_0017 -score:weights standard -score:patch score12 -score:ref_offsets HIS 1.2 -resfile /netapp/home/colin/backrub_seqtol/input_files/2FNE_A_C_V2048/2FNE_A_C_V2048_seqtol.resfile
core.init: 'RNG device' seed mode, using '/dev/urandom', seed=-1555414831 seed_offset=0 real_seed=-1555414831
core.init.random: RandomGenerator:init: Normal mode, seed=-1555414831 RG_type=mt19937
core.pack.task: Packer task: initialize from command line() 
core.pack.task: Packer task: initialize from command line() 
core.scoring.ScoreFunctionFactory: SCOREFUNCTION: standard
core.scoring.ScoreFunctionFactory: SCOREFUNCTION PATCH: score12
core.scoring.etable: Starting energy table calculation
core.scoring.etable: smooth_etable: changing atr/rep split to bottom of energy well
core.scoring.etable: smooth_etable: spline smoothing lj etables (maxdis = 6)
core.scoring.etable: smooth_etable: spline smoothing solvation etables (max_dis = 6)
core.scoring.etable: Finished calculating energy tables.
core.io.database: Database file opened: /netapp/home/colin/rosetta/rosetta-3.2/rosetta_database/pdb_pair_stats_fine
core.io.database: Database file opened: /netapp/home/colin/rosetta/rosetta-3.2/rosetta_database/scoring/score_functions/hbonds/standard_params/HBPoly1D.csv
core.io.database: Database file opened: /netapp/home/colin/rosetta/rosetta-3.2/rosetta_database/scoring/score_functions/hbonds/standard_params/HBFadeIntervals.csv
core.io.database: Database file opened: /netapp/home/colin/rosetta/rosetta-3.2/rosetta_database/scoring/score_functions/hbonds/standard_params/HBEval.csv
core.io.database: Database file opened: /netapp/home/colin/rosetta/rosetta-3.2/rosetta_database/P_AA
core.io.database: Database file opened: /netapp/home/colin/rosetta/rosetta-3.2/rosetta_database/P_AA_n
core.io.database: Database file opened: /netapp/home/colin/rosetta/rosetta-3.2/rosetta_database/P_AA_pp
core.io.database: Database file opened: /netapp/home/colin/rosetta/rosetta-3.2/rosetta_database/Rama_smooth_dyn.dat_ss_6.4
core.scoring.dunbrack: Dunbrack library took 0.01 seconds to load from binary
app.sequence_tolerance: Residue Decomposition: [Set 1 (A): [1, 2, 3, 4, 5, 6, 7, 8, 9, 10, 11, 12, 13, 14, 15, 16, 17, 18, 19, 20, 21, 22, 23, 24, 25, 26, 27, 28, 29, 30, 31, 32, 33, 34, 35, 36, 37, 38, 39, 40, 41, 42, 43, 44, 45, 46, 47, 48, 49, 50, 51, 52, 53, 54, 55, 56, 57, 58, 59, 60, 61, 62, 63, 64, 65, 66, 67, 68, 69, 70, 71, 72, 73, 74, 75, 76, 77, 78, 79, 80, 81, 82, 83, 84, 85, 86, 87, 88, 89, 90, 91, 92, 93, 94, 95], Set 2 (B): [96, 97, 98, 99, 100, 101, 102]]
app.sequence_tolerance: Fitness Function Master Weights: [1, 1, 1, 2]
app.sequence_tolerance: Fitness of Starting Structure: 
---------------------------------------------------------------------
Score Type                  Other        A        B      A-B    Total
---------------------------------------------------------------------
fa_atr                      0.000 -272.555   -5.977  -39.470 -318.002
fa_rep                      0.000   39.647    0.660    4.723   45.029
fa_sol                      0.000  134.882    4.279   22.690  161.851
fa_intra_rep                0.000    0.737    0.042    0.000    0.779
pro_close                   0.000    7.589    0.000    0.000    7.589
fa_pair                     0.000   -3.753   -0.128   -4.020   -7.901
hbond_sr_bb               -12.242    0.000    0.000    0.000  -12.242
hbond_lr_bb               -36.177    0.000    0.000    0.000  -36.177
hbond_bb_sc                 0.000   -5.274   -0.002   -0.091   -5.368
hbond_sc                    0.000   -0.797    0.000   -0.230   -1.027
dslf_ss_dst                 0.000    0.000    0.000    0.000    0.000
dslf_cs_ang                 0.000    0.000    0.000    0.000    0.000
dslf_ss_dih                 0.000    0.000    0.000    0.000    0.000
dslf_ca_dih                 0.000    0.000    0.000    0.000    0.000
rama                        0.000   -6.781   -0.239    0.000   -7.020
omega                       0.000   17.587    0.325    0.000   17.912
fa_dun                      0.000   75.035    9.019    0.000   84.054
p_aa_pp                     0.000  -15.164   -0.170    0.000  -15.334
ref                         0.000  -15.780   -2.570    0.000  -18.350
---------------------------------------------------------------------
Total                     -48.419  -44.627    5.237  -16.399 -104.208

core.pack.interaction_graph.interaction_graph_factory: Instantiating PDInteractionGraph
core.pack.pack_rotamers: built 8746 rotamers at 35 positions.
core.pack.pack_rotamers: IG: 93479636 bytes
app.sequence_tolerance: There are 1 positive states and 0 negative states
protocols.multistate_design.MultiStatePacker: Best single-state design score:  -125.31
app.sequence_tolerance: Adding single-state design entities:
app.sequence_tolerance: AA:98:S AA:99:S AA:100:T AA:101:K AA:102:V 
app.sequence_tolerance: Generation 1:
app.sequence_tolerance: Distinct new entities: 1999
app.sequence_tolerance: Duplicate new entities: 1
app.sequence_tolerance: Entities from previous generation: 0
app.sequence_tolerance: Entities resurrected from earlier generations: 0
app.sequence_tolerance: Fitness Percentiles: 0%=-124.917 25%=-110.315 50%=-92.7952 75%=155.472 100%=2024.45
app.sequence_tolerance: Best new entity:
MultiStateEntity with traits: AA:98:S AA:99:S AA:100:T AA:101:K AA:102:V and fitness -124.917
 SingleState 1 with fitness: -124.917
app.sequence_tolerance: Generation 2:
app.sequence_tolerance: Distinct new entities: 1922
app.sequence_tolerance: Duplicate new entities: 3
app.sequence_tolerance: Entities from previous generation: 75
app.sequence_tolerance: Entities resurrected from earlier generations: 0
app.sequence_tolerance: Fitness Percentiles: 0%=-124.917 25%=-112.591 50%=-107.341 75%=-62.1325 100%=2031.67
app.sequence_tolerance: Best new entity:
MultiStateEntity with traits: AA:98:E AA:99:Q AA:100:T AA:101:Q AA:102:V and fitness -123.040
 SingleState 1 with fitness: -123.04
app.sequence_tolerance: Generation 3:
app.sequence_tolerance: Distinct new entities: 1913
app.sequence_tolerance: Duplicate new entities: 5
app.sequence_tolerance: Entities from previous generation: 80
app.sequence_tolerance: Entities resurrected from earlier generations: 2
app.sequence_tolerance: Fitness Percentiles: 0%=-125.02 25%=-114.175 50%=-110.352 75%=-101.043 100%=2024.69
app.sequence_tolerance: Best new entity:
MultiStateEntity with traits: AA:98:E AA:99:A AA:100:E AA:101:R AA:102:V and fitness -125.020
 SingleState 1 with fitness: -125.02
app.sequence_tolerance: Generation 4:
app.sequence_tolerance: Distinct new entities: 1903
app.sequence_tolerance: Duplicate new entities: 0
app.sequence_tolerance: Entities from previous generation: 84
app.sequence_tolerance: Entities resurrected from earlier generations: 13
app.sequence_tolerance: Fitness Percentiles: 0%=-125.02 25%=-115.3 50%=-112.157 75%=-105.896 100%=2020.69
app.sequence_tolerance: Best new entity:
MultiStateEntity with traits: AA:98:E AA:99:K AA:100:T AA:101:R AA:102:V and fitness -124.788
 SingleState 1 with fitness: -124.788
app.sequence_tolerance: Generation 5:
app.sequence_tolerance: Distinct new entities: 1898
app.sequence_tolerance: Duplicate new entities: 6
app.sequence_tolerance: Entities from previous generation: 87
app.sequence_tolerance: Entities resurrected from earlier generations: 9
app.sequence_tolerance: Fitness Percentiles: 0%=-125.02 25%=-116.306 50%=-113.182 75%=-107.498 100%=1934.84
app.sequence_tolerance: Best new entity:
MultiStateEntity with traits: AA:98:E AA:99:R AA:100:T AA:101:R AA:102:V and fitness -124.494
 SingleState 1 with fitness: -124.494
app.sequence_tolerance: Evaluated 9635 sequences out of 2476099 possible.
Best sequences:
