core.init: Mini-Rosetta version 40577 from https://svn.rosettacommons.org/source/branches/releases/rosetta-3.2/rosetta_source
core.init: command: /netapp/home/colin/rosetta/rosetta-3.2/rosetta_source/bin/backrub.linuxgccrelease -database /netapp/home/colin/rosetta/rosetta-3.2/rosetta_database -s /netapp/home/colin/backrub_seqtol/input_files/2FNE_A_C_V2048/2FNE_A_C_V2048.pdb -ignore_unrecognized_res -ex1 -ex2 -extrachi_cutoff 0 -out:prefix 2FNE_A_C_V2048_0017 -mute core.io.pdb.file_data -backrub:ntrials 10000 -score:weights standard -score:patch score12
core.init: 'RNG device' seed mode, using '/dev/urandom', seed=-767660345 seed_offset=0 real_seed=-767660345
core.init.random: RandomGenerator:init: Normal mode, seed=-767660345 RG_type=mt19937
core.scoring.ScoreFunctionFactory: SCOREFUNCTION: standard
core.scoring.ScoreFunctionFactory: SCOREFUNCTION PATCH: score12
core.scoring.etable: Starting energy table calculation
core.scoring.etable: smooth_etable: changing atr/rep split to bottom of energy well
core.scoring.etable: smooth_etable: spline smoothing lj etables (maxdis = 6)
core.scoring.etable: smooth_etable: spline smoothing solvation etables (max_dis = 6)
core.scoring.etable: Finished calculating energy tables.
core.io.database: Database file opened: /netapp/home/colin/rosetta/rosetta-3.2/rosetta_database/pdb_pair_stats_fine
core.io.database: Database file opened: /netapp/home/colin/rosetta/rosetta-3.2/rosetta_database/scoring/score_functions/hbonds/standard_params/HBPoly1D.csv
core.io.database: Database file opened: /netapp/home/colin/rosetta/rosetta-3.2/rosetta_database/scoring/score_functions/hbonds/standard_params/HBFadeIntervals.csv
core.io.database: Database file opened: /netapp/home/colin/rosetta/rosetta-3.2/rosetta_database/scoring/score_functions/hbonds/standard_params/HBEval.csv
core.io.database: Database file opened: /netapp/home/colin/rosetta/rosetta-3.2/rosetta_database/P_AA
core.io.database: Database file opened: /netapp/home/colin/rosetta/rosetta-3.2/rosetta_database/P_AA_n
core.io.database: Database file opened: /netapp/home/colin/rosetta/rosetta-3.2/rosetta_database/P_AA_pp
core.io.database: Database file opened: /netapp/home/colin/rosetta/rosetta-3.2/rosetta_database/Rama_smooth_dyn.dat_ss_6.4
core.mm.MMBondAngleLibrary: MM bond angle sets added fully assigned: 474; wildcard: 0 and 1 virtual parameter.
core.io.database: Database file opened: /netapp/home/colin/rosetta/rosetta-3.2/rosetta_database/branch_angle/branch_angle_1.txt
core.io.database: Database file opened: /netapp/home/colin/rosetta/rosetta-3.2/rosetta_database/branch_angle/branch_angle_2.txt
core.scoring.dunbrack: Dunbrack library took 0.01 seconds to load from binary
apps.backrub: Processing /netapp/home/colin/backrub_seqtol/input_files/2FNE_A_C_V2048/2FNE_A_C_V2048.pdb...
core.conformation.Conformation: [ WARNING ] missing heavyatom:  CG  on residue MET_p:NtermProteinFull 1
core.conformation.Conformation: [ WARNING ] missing heavyatom:  SD  on residue MET_p:NtermProteinFull 1
core.conformation.Conformation: [ WARNING ] missing heavyatom:  CE  on residue MET_p:NtermProteinFull 1
core.conformation.Conformation: [ WARNING ] missing heavyatom:  CG  on residue LYS 41
core.conformation.Conformation: [ WARNING ] missing heavyatom:  CD  on residue LYS 41
core.conformation.Conformation: [ WARNING ] missing heavyatom:  CE  on residue LYS 41
core.conformation.Conformation: [ WARNING ] missing heavyatom:  NZ  on residue LYS 41
core.conformation.Conformation: [ WARNING ] missing heavyatom:  CG  on residue LYS 80
core.conformation.Conformation: [ WARNING ] missing heavyatom:  CD  on residue LYS 80
core.conformation.Conformation: [ WARNING ] missing heavyatom:  CE  on residue LYS 80
core.conformation.Conformation: [ WARNING ] missing heavyatom:  NZ  on residue LYS 80
core.pack.task: Packer task: initialize from command line() 
core.pack.pack_missing_sidechains: packing residue number 1 because of missing atom number 6 atom name  CG 
core.pack.pack_missing_sidechains: packing residue number 41 because of missing atom number 6 atom name  CG 
core.pack.pack_missing_sidechains: packing residue number 80 because of missing atom number 6 atom name  CG 
core.pack.interaction_graph.interaction_graph_factory: Instantiating DensePDInteractionGraph
core.pack.pack_rotamers: built 579 rotamers at 3 positions.
core.pack.pack_rotamers: IG: 3720 bytes
protocols.moves.BackrubMover: Segment lengths: 3-34 atoms
protocols.moves.BackrubMover: Main chain pivot atoms: CA
protocols.moves.BackrubMover: Adding backrub segments for residues 1-102
protocols.moves.BackrubMover: Total Segments Added: 924
apps.backrub: Score After PDB Load:
apps.backrub: ------------------------------------------------------------
 Scores                       Weight   Raw Score Wghtd.Score
------------------------------------------------------------
 fa_atr                       0.800    -392.456    -313.965
 fa_rep                       0.440     157.999      69.520
 fa_sol                       0.650     257.103     167.117
 fa_intra_rep                 0.004     220.042       0.880
 mm_bend                      1.000     119.633     119.633
 pro_close                    1.000       7.544       7.544
 fa_pair                      0.490     -10.736      -5.261
 hbond_sr_bb                  0.585     -23.330     -13.648
 hbond_lr_bb                  1.170     -36.512     -42.719
 hbond_bb_sc                  1.170      -6.161      -7.208
 hbond_sc                     1.100      -2.799      -3.078
 dslf_ss_dst                  0.500       0.000       0.000
 dslf_cs_ang                  2.000       0.000       0.000
 dslf_ss_dih                  5.000       0.000       0.000
 dslf_ca_dih                  5.000       0.000       0.000
 rama                         0.200     -43.529      -8.706
 omega                        0.500      35.845      17.923
 fa_dun                       0.560     235.884     132.095
 p_aa_pp                      0.320     -49.437     -15.820
 ref                          1.000     -20.750     -20.750
---------------------------------------------------
 Total weighted score:                       83.557
core.pack.task: Packer task: initialize from command line() 
apps.backrub: Score After Branch Angle Optimization/Side Chain Idealization:
apps.backrub: ------------------------------------------------------------
 Scores                       Weight   Raw Score Wghtd.Score
------------------------------------------------------------
 fa_atr                       0.800    -393.318    -314.655
 fa_rep                       0.440     390.921     172.005
 fa_sol                       0.650     258.235     167.853
 fa_intra_rep                 0.004     276.365       1.105
 mm_bend                      1.000      47.908      47.908
 pro_close                    1.000       7.544       7.544
 fa_pair                      0.490     -10.968      -5.374
 hbond_sr_bb                  0.585     -23.330     -13.648
 hbond_lr_bb                  1.170     -36.512     -42.719
 hbond_bb_sc                  1.170      -5.253      -6.146
 hbond_sc                     1.100      -1.644      -1.809
 dslf_ss_dst                  0.500       0.000       0.000
 dslf_cs_ang                  2.000       0.000       0.000
 dslf_ss_dih                  5.000       0.000       0.000
 dslf_ca_dih                  5.000       0.000       0.000
 rama                         0.200     -43.529      -8.706
 omega                        0.500      35.845      17.923
 fa_dun                       0.560     236.162     132.251
 p_aa_pp                      0.320     -49.437     -15.820
 ref                          1.000     -20.750     -20.750
---------------------------------------------------
 Total weighted score:                      116.963
core.pack.task: Packer task: initialize from command line() 
apps.backrub: Running 10000 trials...
protocols.moves.MonteCarlo:      br_CA_CA_04 trials=    746;  accepts= 0.3512;  energy_drop/trial=  -0.01810
protocols.moves.MonteCarlo:      br_CA_CA_07 trials=    728;  accepts= 0.3201;  energy_drop/trial=  -0.01188
protocols.moves.MonteCarlo:      br_CA_CA_10 trials=    716;  accepts= 0.3059;  energy_drop/trial=  -0.01711
protocols.moves.MonteCarlo:      br_CA_CA_13 trials=    695;  accepts= 0.2532;  energy_drop/trial=  -0.00394
protocols.moves.MonteCarlo:      br_CA_CA_16 trials=    674;  accepts= 0.2077;  energy_drop/trial=  -0.05001
protocols.moves.MonteCarlo:      br_CA_CA_19 trials=    665;  accepts= 0.1895;  energy_drop/trial=   0.00720
protocols.moves.MonteCarlo:      br_CA_CA_22 trials=    690;  accepts= 0.1652;  energy_drop/trial=   0.00373
protocols.moves.MonteCarlo:      br_CA_CA_25 trials=    695;  accepts= 0.1741;  energy_drop/trial=   0.00229
protocols.moves.MonteCarlo:      br_CA_CA_28 trials=    646;  accepts= 0.1502;  energy_drop/trial=  -0.01763
protocols.moves.MonteCarlo:      br_CA_CA_31 trials=    642;  accepts= 0.1682;  energy_drop/trial=   0.01115
protocols.moves.MonteCarlo:      br_CA_CA_34 trials=    619;  accepts= 0.1939;  energy_drop/trial=   0.01001
protocols.moves.MonteCarlo:       sc_chi_rot trials=   2263;  accepts= 0.4207;  energy_drop/trial=  -0.04883
protocols.moves.MonteCarlo:      sc_chi_unif trials=    221;  accepts= 0.0543;  energy_drop/trial=   0.03030
apps.backrub: Last Score:
apps.backrub: ------------------------------------------------------------
 Scores                       Weight   Raw Score Wghtd.Score
------------------------------------------------------------
 fa_atr                       0.800    -352.149    -281.719
 fa_rep                       0.440      93.060      40.947
 fa_sol                       0.650     218.359     141.933
 fa_intra_rep                 0.004     193.752       0.775
 mm_bend                      1.000      39.252      39.252
 pro_close                    1.000       7.544       7.544
 fa_pair                      0.490      -9.149      -4.483
 hbond_sr_bb                  0.585     -16.953      -9.917
 hbond_lr_bb                  1.170     -33.720     -39.453
 hbond_bb_sc                  1.170      -3.677      -4.303
 hbond_sc                     1.100      -0.123      -0.135
 dslf_ss_dst                  0.500       0.000       0.000
 dslf_cs_ang                  2.000       0.000       0.000
 dslf_ss_dih                  5.000       0.000       0.000
 dslf_ca_dih                  5.000       0.000       0.000
 rama                         0.200     -21.721      -4.344
 omega                        0.500      35.845      17.923
 fa_dun                       0.560     150.832      84.466
 p_aa_pp                      0.320     -45.343     -14.510
 ref                          1.000     -20.750     -20.750
---------------------------------------------------
 Total weighted score:                      -46.774
apps.backrub: Low Score:
apps.backrub: ------------------------------------------------------------
 Scores                       Weight   Raw Score Wghtd.Score
------------------------------------------------------------
 fa_atr                       0.800    -372.835    -298.268
 fa_rep                       0.440      96.942      42.655
 fa_sol                       0.650     231.548     150.506
 fa_intra_rep                 0.004     194.766       0.779
 mm_bend                      1.000      40.460      40.460
 pro_close                    1.000       7.544       7.544
 fa_pair                      0.490     -12.023      -5.891
 hbond_sr_bb                  0.585     -20.932     -12.245
 hbond_lr_bb                  1.170     -30.923     -36.180
 hbond_bb_sc                  1.170      -4.549      -5.323
 hbond_sc                     1.100      -0.830      -0.913
 dslf_ss_dst                  0.500       0.000       0.000
 dslf_cs_ang                  2.000       0.000       0.000
 dslf_ss_dih                  5.000       0.000       0.000
 dslf_ca_dih                  5.000       0.000       0.000
 rama                         0.200     -35.116      -7.023
 omega                        0.500      35.845      17.923
 fa_dun                       0.560     149.982      83.990
 p_aa_pp                      0.320     -47.921     -15.335
 ref                          1.000     -20.750     -20.750
---------------------------------------------------
 Total weighted score:                      -58.070
