core.init: Mini-Rosetta version 40577 from https://svn.rosettacommons.org/source/branches/releases/rosetta-3.2/rosetta_source
core.init: command: /netapp/home/colin/rosetta/rosetta-3.2/rosetta_source/bin/sequence_tolerance.linuxgccrelease -database /netapp/home/colin/rosetta/rosetta-3.2/rosetta_database -s 2FNE_A_C_V2048_0001_low.pdb -ex1 -ex2 -extrachi_cutoff 0 -seq_tol:fitness_master_weights 1 1 1 2 -ms:generations 5 -ms:pop_size 2000 -ms:pop_from_ss 1 -ms:checkpoint:prefix 2FNE_A_C_V2048_0001 -ms:checkpoint:interval 200 -ms:checkpoint:gz -ms:numresults 0 -out:prefix 2FNE_A_C_V2048_0001 -score:weights standard -score:patch score12 -score:ref_offsets HIS 1.2 -resfile /netapp/home/colin/backrub_seqtol/input_files/2FNE_A_C_V2048/2FNE_A_C_V2048_seqtol.resfile
core.init: 'RNG device' seed mode, using '/dev/urandom', seed=-1846689063 seed_offset=0 real_seed=-1846689063
core.init.random: RandomGenerator:init: Normal mode, seed=-1846689063 RG_type=mt19937
core.pack.task: Packer task: initialize from command line() 
core.pack.task: Packer task: initialize from command line() 
core.scoring.ScoreFunctionFactory: SCOREFUNCTION: standard
core.scoring.ScoreFunctionFactory: SCOREFUNCTION PATCH: score12
core.scoring.etable: Starting energy table calculation
core.scoring.etable: smooth_etable: changing atr/rep split to bottom of energy well
core.scoring.etable: smooth_etable: spline smoothing lj etables (maxdis = 6)
core.scoring.etable: smooth_etable: spline smoothing solvation etables (max_dis = 6)
core.scoring.etable: Finished calculating energy tables.
core.io.database: Database file opened: /netapp/home/colin/rosetta/rosetta-3.2/rosetta_database/pdb_pair_stats_fine
core.io.database: Database file opened: /netapp/home/colin/rosetta/rosetta-3.2/rosetta_database/scoring/score_functions/hbonds/standard_params/HBPoly1D.csv
core.io.database: Database file opened: /netapp/home/colin/rosetta/rosetta-3.2/rosetta_database/scoring/score_functions/hbonds/standard_params/HBFadeIntervals.csv
core.io.database: Database file opened: /netapp/home/colin/rosetta/rosetta-3.2/rosetta_database/scoring/score_functions/hbonds/standard_params/HBEval.csv
core.io.database: Database file opened: /netapp/home/colin/rosetta/rosetta-3.2/rosetta_database/P_AA
core.io.database: Database file opened: /netapp/home/colin/rosetta/rosetta-3.2/rosetta_database/P_AA_n
core.io.database: Database file opened: /netapp/home/colin/rosetta/rosetta-3.2/rosetta_database/P_AA_pp
core.io.database: Database file opened: /netapp/home/colin/rosetta/rosetta-3.2/rosetta_database/Rama_smooth_dyn.dat_ss_6.4
core.scoring.dunbrack: Dunbrack library took 0.03 seconds to load from binary
app.sequence_tolerance: Residue Decomposition: [Set 1 (A): [1, 2, 3, 4, 5, 6, 7, 8, 9, 10, 11, 12, 13, 14, 15, 16, 17, 18, 19, 20, 21, 22, 23, 24, 25, 26, 27, 28, 29, 30, 31, 32, 33, 34, 35, 36, 37, 38, 39, 40, 41, 42, 43, 44, 45, 46, 47, 48, 49, 50, 51, 52, 53, 54, 55, 56, 57, 58, 59, 60, 61, 62, 63, 64, 65, 66, 67, 68, 69, 70, 71, 72, 73, 74, 75, 76, 77, 78, 79, 80, 81, 82, 83, 84, 85, 86, 87, 88, 89, 90, 91, 92, 93, 94, 95], Set 2 (B): [96, 97, 98, 99, 100, 101, 102]]
app.sequence_tolerance: Fitness Function Master Weights: [1, 1, 1, 2]
app.sequence_tolerance: Fitness of Starting Structure: 
---------------------------------------------------------------------
Score Type                  Other        A        B      A-B    Total
---------------------------------------------------------------------
fa_atr                      0.000 -252.827   -7.042  -38.323 -298.192
fa_rep                      0.000   36.257    0.905   13.126   50.288
fa_sol                      0.000  122.960    5.225   22.609  150.795
fa_intra_rep                0.000    0.752    0.046    0.000    0.798
pro_close                   0.000    7.496    0.000    0.000    7.496
fa_pair                     0.000   -2.343   -0.200   -3.830   -6.372
hbond_sr_bb                -9.482    0.000    0.000    0.000   -9.482
hbond_lr_bb               -43.052    0.000    0.000    0.000  -43.052
hbond_bb_sc                 0.000   -4.610   -0.149    0.000   -4.759
hbond_sc                    0.000   -1.090    0.000   -1.206   -2.296
dslf_ss_dst                 0.000    0.000    0.000    0.000    0.000
dslf_cs_ang                 0.000    0.000    0.000    0.000    0.000
dslf_ss_dih                 0.000    0.000    0.000    0.000    0.000
dslf_ca_dih                 0.000    0.000    0.000    0.000    0.000
rama                        0.000   -7.601   -0.638    0.000   -8.239
omega                       0.000   17.604    0.324    0.000   17.928
fa_dun                      0.000   79.967    6.683    0.000   86.650
p_aa_pp                     0.000  -15.498   -0.210    0.000  -15.708
ref                         0.000  -15.780   -2.570    0.000  -18.350
---------------------------------------------------------------------
Total                     -52.533  -34.715    2.376   -7.622  -92.495

core.pack.interaction_graph.interaction_graph_factory: Instantiating PDInteractionGraph
core.pack.pack_rotamers: built 8835 rotamers at 35 positions.
core.pack.pack_rotamers: IG: 97383272 bytes
app.sequence_tolerance: There are 1 positive states and 0 negative states
protocols.multistate_design.MultiStatePacker: Best single-state design score:  -117.50
app.sequence_tolerance: Adding single-state design entities:
app.sequence_tolerance: AA:98:E AA:99:E AA:100:T AA:101:R AA:102:A 
app.sequence_tolerance: Generation 1:
app.sequence_tolerance: Distinct new entities: 1999
app.sequence_tolerance: Duplicate new entities: 1
app.sequence_tolerance: Entities from previous generation: 0
app.sequence_tolerance: Entities resurrected from earlier generations: 0
app.sequence_tolerance: Fitness Percentiles: 0%=-117.496 25%=-104.761 50%=-78.353 75%=50.7853 100%=1565.8
app.sequence_tolerance: Best new entity:
MultiStateEntity with traits: AA:98:E AA:99:E AA:100:T AA:101:R AA:102:A and fitness -117.496
 SingleState 1 with fitness: -117.496
app.sequence_tolerance: Generation 2:
app.sequence_tolerance: Distinct new entities: 1934
app.sequence_tolerance: Duplicate new entities: 2
app.sequence_tolerance: Entities from previous generation: 64
app.sequence_tolerance: Entities resurrected from earlier generations: 0
app.sequence_tolerance: Fitness Percentiles: 0%=-117.496 25%=-107.319 50%=-100.495 75%=-68.8429 100%=1550.81
app.sequence_tolerance: Best new entity:
MultiStateEntity with traits: AA:98:H AA:99:E AA:100:H AA:101:W AA:102:T and fitness -116.457
 SingleState 1 with fitness: -116.457
app.sequence_tolerance: Generation 3:
app.sequence_tolerance: Distinct new entities: 1917
app.sequence_tolerance: Duplicate new entities: 6
app.sequence_tolerance: Entities from previous generation: 74
app.sequence_tolerance: Entities resurrected from earlier generations: 3
app.sequence_tolerance: Fitness Percentiles: 0%=-117.496 25%=-108.651 50%=-104.515 75%=-85.4891 100%=1467.18
app.sequence_tolerance: Best new entity:
MultiStateEntity with traits: AA:98:M AA:99:A AA:100:S AA:101:W AA:102:V and fitness -117.317
 SingleState 1 with fitness: -117.317
app.sequence_tolerance: Generation 4:
app.sequence_tolerance: Distinct new entities: 1891
app.sequence_tolerance: Duplicate new entities: 2
app.sequence_tolerance: Entities from previous generation: 94
app.sequence_tolerance: Entities resurrected from earlier generations: 13
app.sequence_tolerance: Fitness Percentiles: 0%=-117.496 25%=-110.028 50%=-106.552 75%=-98.8006 100%=1548.02
app.sequence_tolerance: Best new entity:
MultiStateEntity with traits: AA:98:M AA:99:E AA:100:M AA:101:W AA:102:T and fitness -117.145
 SingleState 1 with fitness: -117.145
app.sequence_tolerance: Generation 5:
app.sequence_tolerance: Distinct new entities: 1885
app.sequence_tolerance: Duplicate new entities: 2
app.sequence_tolerance: Entities from previous generation: 100
app.sequence_tolerance: Entities resurrected from earlier generations: 13
app.sequence_tolerance: Fitness Percentiles: 0%=-117.925 25%=-110.731 50%=-107.675 75%=-101.218 100%=1430.9
app.sequence_tolerance: Best new entity:
MultiStateEntity with traits: AA:98:M AA:99:E AA:100:H AA:101:L AA:102:V and fitness -117.925
 SingleState 1 with fitness: -117.925
app.sequence_tolerance: Evaluated 9626 sequences out of 2476099 possible.
Best sequences:
