core.init: Mini-Rosetta version 40577 from https://svn.rosettacommons.org/source/branches/releases/rosetta-3.2/rosetta_source
core.init: command: /netapp/home/colin/rosetta/rosetta-3.2/rosetta_source/bin/sequence_tolerance.linuxgccrelease -database /netapp/home/colin/rosetta/rosetta-3.2/rosetta_database -s 2FNE_A_C_V2048_0005_low.pdb -ex1 -ex2 -extrachi_cutoff 0 -seq_tol:fitness_master_weights 1 1 1 2 -ms:generations 5 -ms:pop_size 2000 -ms:pop_from_ss 1 -ms:checkpoint:prefix 2FNE_A_C_V2048_0005 -ms:checkpoint:interval 200 -ms:checkpoint:gz -ms:numresults 0 -out:prefix 2FNE_A_C_V2048_0005 -score:weights standard -score:patch score12 -score:ref_offsets HIS 1.2 -resfile /netapp/home/colin/backrub_seqtol/input_files/2FNE_A_C_V2048/2FNE_A_C_V2048_seqtol.resfile
core.init: 'RNG device' seed mode, using '/dev/urandom', seed=-503404310 seed_offset=0 real_seed=-503404310
core.init.random: RandomGenerator:init: Normal mode, seed=-503404310 RG_type=mt19937
core.pack.task: Packer task: initialize from command line() 
core.pack.task: Packer task: initialize from command line() 
core.scoring.ScoreFunctionFactory: SCOREFUNCTION: standard
core.scoring.ScoreFunctionFactory: SCOREFUNCTION PATCH: score12
core.scoring.etable: Starting energy table calculation
core.scoring.etable: smooth_etable: changing atr/rep split to bottom of energy well
core.scoring.etable: smooth_etable: spline smoothing lj etables (maxdis = 6)
core.scoring.etable: smooth_etable: spline smoothing solvation etables (max_dis = 6)
core.scoring.etable: Finished calculating energy tables.
core.io.database: Database file opened: /netapp/home/colin/rosetta/rosetta-3.2/rosetta_database/pdb_pair_stats_fine
core.io.database: Database file opened: /netapp/home/colin/rosetta/rosetta-3.2/rosetta_database/scoring/score_functions/hbonds/standard_params/HBPoly1D.csv
core.io.database: Database file opened: /netapp/home/colin/rosetta/rosetta-3.2/rosetta_database/scoring/score_functions/hbonds/standard_params/HBFadeIntervals.csv
core.io.database: Database file opened: /netapp/home/colin/rosetta/rosetta-3.2/rosetta_database/scoring/score_functions/hbonds/standard_params/HBEval.csv
core.io.database: Database file opened: /netapp/home/colin/rosetta/rosetta-3.2/rosetta_database/P_AA
core.io.database: Database file opened: /netapp/home/colin/rosetta/rosetta-3.2/rosetta_database/P_AA_n
core.io.database: Database file opened: /netapp/home/colin/rosetta/rosetta-3.2/rosetta_database/P_AA_pp
core.io.database: Database file opened: /netapp/home/colin/rosetta/rosetta-3.2/rosetta_database/Rama_smooth_dyn.dat_ss_6.4
core.scoring.dunbrack: Dunbrack library took 0.02 seconds to load from binary
app.sequence_tolerance: Residue Decomposition: [Set 1 (A): [1, 2, 3, 4, 5, 6, 7, 8, 9, 10, 11, 12, 13, 14, 15, 16, 17, 18, 19, 20, 21, 22, 23, 24, 25, 26, 27, 28, 29, 30, 31, 32, 33, 34, 35, 36, 37, 38, 39, 40, 41, 42, 43, 44, 45, 46, 47, 48, 49, 50, 51, 52, 53, 54, 55, 56, 57, 58, 59, 60, 61, 62, 63, 64, 65, 66, 67, 68, 69, 70, 71, 72, 73, 74, 75, 76, 77, 78, 79, 80, 81, 82, 83, 84, 85, 86, 87, 88, 89, 90, 91, 92, 93, 94, 95], Set 2 (B): [96, 97, 98, 99, 100, 101, 102]]
app.sequence_tolerance: Fitness Function Master Weights: [1, 1, 1, 2]
app.sequence_tolerance: Fitness of Starting Structure: 
---------------------------------------------------------------------
Score Type                  Other        A        B      A-B    Total
---------------------------------------------------------------------
fa_atr                      0.000 -265.040   -7.279  -45.688 -318.007
fa_rep                      0.000   36.618    1.798    6.314   44.730
fa_sol                      0.000  133.391    5.743   29.489  168.623
fa_intra_rep                0.000    0.739    0.038    0.000    0.778
pro_close                   0.000    7.538    0.000    0.000    7.538
fa_pair                     0.000   -3.124   -0.218   -3.714   -7.056
hbond_sr_bb               -10.243    0.000    0.000    0.000  -10.243
hbond_lr_bb               -40.516    0.000    0.000    0.000  -40.516
hbond_bb_sc                 0.000   -5.533   -0.236   -0.955   -6.725
hbond_sc                    0.000   -0.792    0.000   -3.413   -4.206
dslf_ss_dst                 0.000    0.000    0.000    0.000    0.000
dslf_cs_ang                 0.000    0.000    0.000    0.000    0.000
dslf_ss_dih                 0.000    0.000    0.000    0.000    0.000
dslf_ca_dih                 0.000    0.000    0.000    0.000    0.000
rama                        0.000   -7.009   -0.181    0.000   -7.191
omega                       0.000   17.597    0.321    0.000   17.918
fa_dun                      0.000   72.731    7.857    0.000   80.588
p_aa_pp                     0.000  -15.733   -0.289    0.000  -16.022
ref                         0.000  -15.780   -2.570    0.000  -18.350
---------------------------------------------------------------------
Total                     -50.759  -44.398    4.985  -17.967 -108.139

core.pack.interaction_graph.interaction_graph_factory: Instantiating PDInteractionGraph
core.pack.pack_rotamers: built 8524 rotamers at 35 positions.
core.pack.pack_rotamers: IG: 91157312 bytes
app.sequence_tolerance: There are 1 positive states and 0 negative states
protocols.multistate_design.MultiStatePacker: Best single-state design score:  -124.70
app.sequence_tolerance: Adding single-state design entities:
app.sequence_tolerance: AA:98:S AA:99:E AA:100:T AA:101:K AA:102:V 
app.sequence_tolerance: Generation 1:
app.sequence_tolerance: Distinct new entities: 1998
app.sequence_tolerance: Duplicate new entities: 2
app.sequence_tolerance: Entities from previous generation: 0
app.sequence_tolerance: Entities resurrected from earlier generations: 0
app.sequence_tolerance: Fitness Percentiles: 0%=-124.696 25%=-102.595 50%=-80.7093 75%=105.386 100%=1832.36
app.sequence_tolerance: Best new entity:
MultiStateEntity with traits: AA:98:S AA:99:E AA:100:T AA:101:K AA:102:V and fitness -124.696
 SingleState 1 with fitness: -124.696
app.sequence_tolerance: Generation 2:
app.sequence_tolerance: Distinct new entities: 1915
app.sequence_tolerance: Duplicate new entities: 3
app.sequence_tolerance: Entities from previous generation: 82
app.sequence_tolerance: Entities resurrected from earlier generations: 0
app.sequence_tolerance: Fitness Percentiles: 0%=-124.696 25%=-107.995 50%=-94.9018 75%=-53.4454 100%=2239.95
app.sequence_tolerance: Best new entity:
MultiStateEntity with traits: AA:98:S AA:99:Q AA:100:T AA:101:K AA:102:V and fitness -121.108
 SingleState 1 with fitness: -121.108
app.sequence_tolerance: Generation 3:
app.sequence_tolerance: Distinct new entities: 1916
app.sequence_tolerance: Duplicate new entities: 0
app.sequence_tolerance: Entities from previous generation: 81
app.sequence_tolerance: Entities resurrected from earlier generations: 3
app.sequence_tolerance: Fitness Percentiles: 0%=-124.696 25%=-110.275 50%=-103.996 75%=-88.4666 100%=1627.35
app.sequence_tolerance: Best new entity:
MultiStateEntity with traits: AA:98:A AA:99:E AA:100:R AA:101:M AA:102:V and fitness -122.633
 SingleState 1 with fitness: -122.633
app.sequence_tolerance: Generation 4:
app.sequence_tolerance: Distinct new entities: 1903
app.sequence_tolerance: Duplicate new entities: 3
app.sequence_tolerance: Entities from previous generation: 83
app.sequence_tolerance: Entities resurrected from earlier generations: 11
app.sequence_tolerance: Fitness Percentiles: 0%=-124.696 25%=-111.339 50%=-106.677 75%=-93.0832 100%=1686.34
app.sequence_tolerance: Best new entity:
MultiStateEntity with traits: AA:98:S AA:99:E AA:100:R AA:101:R AA:102:V and fitness -123.594
 SingleState 1 with fitness: -123.594
app.sequence_tolerance: Generation 5:
app.sequence_tolerance: Distinct new entities: 1895
app.sequence_tolerance: Duplicate new entities: 3
app.sequence_tolerance: Entities from previous generation: 93
app.sequence_tolerance: Entities resurrected from earlier generations: 9
app.sequence_tolerance: Fitness Percentiles: 0%=-124.696 25%=-112.112 50%=-108.062 75%=-96.1643 100%=1832.76
app.sequence_tolerance: Best new entity:
MultiStateEntity with traits: AA:98:H AA:99:E AA:100:E AA:101:R AA:102:V and fitness -123.708
 SingleState 1 with fitness: -123.708
app.sequence_tolerance: Evaluated 9627 sequences out of 2476099 possible.
Best sequences:
