core.init: Mini-Rosetta version 40577 from https://svn.rosettacommons.org/source/branches/releases/rosetta-3.2/rosetta_source
core.init: command: /netapp/home/colin/rosetta/rosetta-3.2/rosetta_source/bin/backrub.linuxgccrelease -database /netapp/home/colin/rosetta/rosetta-3.2/rosetta_database -s /netapp/home/colin/backrub_seqtol/input_files/2QMT/2QMT.pdb -ignore_unrecognized_res -ex1 -ex2 -extrachi_cutoff 0 -out:prefix 2QMT_0003 -mute core.io.pdb.file_data -backrub:ntrials 10000 -score:weights standard -score:patch score12
core.init: 'RNG device' seed mode, using '/dev/urandom', seed=-315155676 seed_offset=0 real_seed=-315155676
core.init.random: RandomGenerator:init: Normal mode, seed=-315155676 RG_type=mt19937
core.scoring.ScoreFunctionFactory: SCOREFUNCTION: standard
core.scoring.ScoreFunctionFactory: SCOREFUNCTION PATCH: score12
core.scoring.etable: Starting energy table calculation
core.scoring.etable: smooth_etable: changing atr/rep split to bottom of energy well
core.scoring.etable: smooth_etable: spline smoothing lj etables (maxdis = 6)
core.scoring.etable: smooth_etable: spline smoothing solvation etables (max_dis = 6)
core.scoring.etable: Finished calculating energy tables.
core.io.database: Database file opened: /netapp/home/colin/rosetta/rosetta-3.2/rosetta_database/pdb_pair_stats_fine
core.io.database: Database file opened: /netapp/home/colin/rosetta/rosetta-3.2/rosetta_database/scoring/score_functions/hbonds/standard_params/HBPoly1D.csv
core.io.database: Database file opened: /netapp/home/colin/rosetta/rosetta-3.2/rosetta_database/scoring/score_functions/hbonds/standard_params/HBFadeIntervals.csv
core.io.database: Database file opened: /netapp/home/colin/rosetta/rosetta-3.2/rosetta_database/scoring/score_functions/hbonds/standard_params/HBEval.csv
core.io.database: Database file opened: /netapp/home/colin/rosetta/rosetta-3.2/rosetta_database/P_AA
core.io.database: Database file opened: /netapp/home/colin/rosetta/rosetta-3.2/rosetta_database/P_AA_n
core.io.database: Database file opened: /netapp/home/colin/rosetta/rosetta-3.2/rosetta_database/P_AA_pp
core.io.database: Database file opened: /netapp/home/colin/rosetta/rosetta-3.2/rosetta_database/Rama_smooth_dyn.dat_ss_6.4
core.mm.MMBondAngleLibrary: MM bond angle sets added fully assigned: 474; wildcard: 0 and 1 virtual parameter.
core.io.database: Database file opened: /netapp/home/colin/rosetta/rosetta-3.2/rosetta_database/branch_angle/branch_angle_1.txt
core.io.database: Database file opened: /netapp/home/colin/rosetta/rosetta-3.2/rosetta_database/branch_angle/branch_angle_2.txt
core.scoring.dunbrack: Dunbrack library took 0.06 seconds to load from binary
apps.backrub: Processing /netapp/home/colin/backrub_seqtol/input_files/2QMT/2QMT.pdb...
core.pack.task: Packer task: initialize from command line() 
protocols.moves.BackrubMover: Segment lengths: 3-34 atoms
protocols.moves.BackrubMover: Main chain pivot atoms: CA
protocols.moves.BackrubMover: Adding backrub segments for residues 1-56
protocols.moves.BackrubMover: Total Segments Added: 550
apps.backrub: Score After PDB Load:
apps.backrub: ------------------------------------------------------------
 Scores                       Weight   Raw Score Wghtd.Score
------------------------------------------------------------
 fa_atr                       0.800    -250.698    -200.559
 fa_rep                       0.440      52.864      23.260
 fa_sol                       0.650     159.918     103.947
 fa_intra_rep                 0.004     118.704       0.475
 mm_bend                      1.000      51.525      51.525
 pro_close                    1.000       0.000       0.000
 fa_pair                      0.490      -7.409      -3.630
 hbond_sr_bb                  0.585     -18.075     -10.574
 hbond_lr_bb                  1.170     -24.827     -29.048
 hbond_bb_sc                  1.170      -2.758      -3.227
 hbond_sc                     1.100      -1.951      -2.146
 dslf_ss_dst                  0.500       0.000       0.000
 dslf_cs_ang                  2.000       0.000       0.000
 dslf_ss_dih                  5.000       0.000       0.000
 dslf_ca_dih                  5.000       0.000       0.000
 rama                         0.200     -17.852      -3.570
 omega                        0.500      19.132       9.566
 fa_dun                       0.560     134.445      75.289
 p_aa_pp                      0.320     -22.065      -7.061
 ref                          1.000     -13.870     -13.870
---------------------------------------------------
 Total weighted score:                       -9.623
core.pack.task: Packer task: initialize from command line() 
apps.backrub: Score After Branch Angle Optimization/Side Chain Idealization:
apps.backrub: ------------------------------------------------------------
 Scores                       Weight   Raw Score Wghtd.Score
------------------------------------------------------------
 fa_atr                       0.800    -249.272    -199.418
 fa_rep                       0.440     175.852      77.375
 fa_sol                       0.650     159.318     103.557
 fa_intra_rep                 0.004     152.483       0.610
 mm_bend                      1.000      14.281      14.281
 pro_close                    1.000       0.000       0.000
 fa_pair                      0.490      -7.349      -3.601
 hbond_sr_bb                  0.585     -18.075     -10.574
 hbond_lr_bb                  1.170     -24.827     -29.048
 hbond_bb_sc                  1.170      -1.427      -1.669
 hbond_sc                     1.100      -1.515      -1.666
 dslf_ss_dst                  0.500       0.000       0.000
 dslf_cs_ang                  2.000       0.000       0.000
 dslf_ss_dih                  5.000       0.000       0.000
 dslf_ca_dih                  5.000       0.000       0.000
 rama                         0.200     -17.852      -3.570
 omega                        0.500      19.132       9.566
 fa_dun                       0.560     134.445      75.289
 p_aa_pp                      0.320     -22.065      -7.061
 ref                          1.000     -13.870     -13.870
---------------------------------------------------
 Total weighted score:                       10.201
core.pack.task: Packer task: initialize from command line() 
apps.backrub: Running 10000 trials...
protocols.moves.MonteCarlo:      br_CA_CA_04 trials=    725;  accepts= 0.3586;  energy_drop/trial=   0.02737
protocols.moves.MonteCarlo:      br_CA_CA_07 trials=    716;  accepts= 0.2989;  energy_drop/trial=   0.00019
protocols.moves.MonteCarlo:      br_CA_CA_10 trials=    716;  accepts= 0.3268;  energy_drop/trial=   0.00062
protocols.moves.MonteCarlo:      br_CA_CA_13 trials=    696;  accepts= 0.2816;  energy_drop/trial=  -0.00267
protocols.moves.MonteCarlo:      br_CA_CA_16 trials=    701;  accepts= 0.2340;  energy_drop/trial=  -0.00703
protocols.moves.MonteCarlo:      br_CA_CA_19 trials=    675;  accepts= 0.2444;  energy_drop/trial=   0.01631
protocols.moves.MonteCarlo:      br_CA_CA_22 trials=    659;  accepts= 0.2413;  energy_drop/trial=  -0.00742
protocols.moves.MonteCarlo:      br_CA_CA_25 trials=    649;  accepts= 0.2142;  energy_drop/trial=  -0.02157
protocols.moves.MonteCarlo:      br_CA_CA_28 trials=    691;  accepts= 0.1823;  energy_drop/trial=   0.01569
protocols.moves.MonteCarlo:      br_CA_CA_31 trials=    641;  accepts= 0.2012;  energy_drop/trial=  -0.04613
protocols.moves.MonteCarlo:      br_CA_CA_34 trials=    610;  accepts= 0.1607;  energy_drop/trial=  -0.00234
protocols.moves.MonteCarlo:       sc_chi_rot trials=   2258;  accepts= 0.3902;  energy_drop/trial=  -0.02217
protocols.moves.MonteCarlo:      sc_chi_unif trials=    263;  accepts= 0.0380;  energy_drop/trial=  -0.00720
apps.backrub: Last Score:
apps.backrub: ------------------------------------------------------------
 Scores                       Weight   Raw Score Wghtd.Score
------------------------------------------------------------
 fa_atr                       0.800    -215.208    -172.167
 fa_rep                       0.440      57.060      25.106
 fa_sol                       0.650     135.481      88.063
 fa_intra_rep                 0.004     127.674       0.511
 mm_bend                      1.000      14.689      14.689
 pro_close                    1.000       0.000       0.000
 fa_pair                      0.490      -7.867      -3.855
 hbond_sr_bb                  0.585     -16.507      -9.657
 hbond_lr_bb                  1.170     -23.034     -26.950
 hbond_bb_sc                  1.170      -0.826      -0.966
 hbond_sc                     1.100      -0.301      -0.331
 dslf_ss_dst                  0.500       0.000       0.000
 dslf_cs_ang                  2.000       0.000       0.000
 dslf_ss_dih                  5.000       0.000       0.000
 dslf_ca_dih                  5.000       0.000       0.000
 rama                         0.200       1.428       0.286
 omega                        0.500      19.132       9.566
 fa_dun                       0.560      70.130      39.273
 p_aa_pp                      0.320     -18.288      -5.852
 ref                          1.000     -13.870     -13.870
---------------------------------------------------
 Total weighted score:                      -56.153
apps.backrub: Low Score:
apps.backrub: ------------------------------------------------------------
 Scores                       Weight   Raw Score Wghtd.Score
------------------------------------------------------------
 fa_atr                       0.800    -224.381    -179.505
 fa_rep                       0.440      58.127      25.576
 fa_sol                       0.650     135.407      88.015
 fa_intra_rep                 0.004     122.220       0.489
 mm_bend                      1.000      12.733      12.733
 pro_close                    1.000       0.000       0.000
 fa_pair                      0.490      -6.101      -2.990
 hbond_sr_bb                  0.585     -17.166     -10.042
 hbond_lr_bb                  1.170     -21.437     -25.081
 hbond_bb_sc                  1.170      -0.766      -0.897
 hbond_sc                     1.100      -0.710      -0.781
 dslf_ss_dst                  0.500       0.000       0.000
 dslf_cs_ang                  2.000       0.000       0.000
 dslf_ss_dih                  5.000       0.000       0.000
 dslf_ca_dih                  5.000       0.000       0.000
 rama                         0.200     -10.384      -2.077
 omega                        0.500      19.132       9.566
 fa_dun                       0.560      67.858      38.000
 p_aa_pp                      0.320     -18.701      -5.984
 ref                          1.000     -13.870     -13.870
---------------------------------------------------
 Total weighted score:                      -66.849
