core.init: Mini-Rosetta version 40577 from https://svn.rosettacommons.org/source/branches/releases/rosetta-3.2/rosetta_source
core.init: command: /netapp/home/colin/rosetta/rosetta-3.2/rosetta_source/bin/backrub.linuxgccrelease -database /netapp/home/colin/rosetta/rosetta-3.2/rosetta_database -s /netapp/home/colin/backrub_seqtol/input_files/2QMT/2QMT.pdb -ignore_unrecognized_res -ex1 -ex2 -extrachi_cutoff 0 -out:prefix 2QMT_0006 -mute core.io.pdb.file_data -backrub:ntrials 10000 -score:weights standard -score:patch score12
core.init: 'RNG device' seed mode, using '/dev/urandom', seed=-991241499 seed_offset=0 real_seed=-991241499
core.init.random: RandomGenerator:init: Normal mode, seed=-991241499 RG_type=mt19937
core.scoring.ScoreFunctionFactory: SCOREFUNCTION: standard
core.scoring.ScoreFunctionFactory: SCOREFUNCTION PATCH: score12
core.scoring.etable: Starting energy table calculation
core.scoring.etable: smooth_etable: changing atr/rep split to bottom of energy well
core.scoring.etable: smooth_etable: spline smoothing lj etables (maxdis = 6)
core.scoring.etable: smooth_etable: spline smoothing solvation etables (max_dis = 6)
core.scoring.etable: Finished calculating energy tables.
core.io.database: Database file opened: /netapp/home/colin/rosetta/rosetta-3.2/rosetta_database/pdb_pair_stats_fine
core.io.database: Database file opened: /netapp/home/colin/rosetta/rosetta-3.2/rosetta_database/scoring/score_functions/hbonds/standard_params/HBPoly1D.csv
core.io.database: Database file opened: /netapp/home/colin/rosetta/rosetta-3.2/rosetta_database/scoring/score_functions/hbonds/standard_params/HBFadeIntervals.csv
core.io.database: Database file opened: /netapp/home/colin/rosetta/rosetta-3.2/rosetta_database/scoring/score_functions/hbonds/standard_params/HBEval.csv
core.io.database: Database file opened: /netapp/home/colin/rosetta/rosetta-3.2/rosetta_database/P_AA
core.io.database: Database file opened: /netapp/home/colin/rosetta/rosetta-3.2/rosetta_database/P_AA_n
core.io.database: Database file opened: /netapp/home/colin/rosetta/rosetta-3.2/rosetta_database/P_AA_pp
core.io.database: Database file opened: /netapp/home/colin/rosetta/rosetta-3.2/rosetta_database/Rama_smooth_dyn.dat_ss_6.4
core.mm.MMBondAngleLibrary: MM bond angle sets added fully assigned: 474; wildcard: 0 and 1 virtual parameter.
core.io.database: Database file opened: /netapp/home/colin/rosetta/rosetta-3.2/rosetta_database/branch_angle/branch_angle_1.txt
core.io.database: Database file opened: /netapp/home/colin/rosetta/rosetta-3.2/rosetta_database/branch_angle/branch_angle_2.txt
core.scoring.dunbrack: Dunbrack library took 0.07 seconds to load from binary
apps.backrub: Processing /netapp/home/colin/backrub_seqtol/input_files/2QMT/2QMT.pdb...
core.pack.task: Packer task: initialize from command line() 
protocols.moves.BackrubMover: Segment lengths: 3-34 atoms
protocols.moves.BackrubMover: Main chain pivot atoms: CA
protocols.moves.BackrubMover: Adding backrub segments for residues 1-56
protocols.moves.BackrubMover: Total Segments Added: 550
apps.backrub: Score After PDB Load:
apps.backrub: ------------------------------------------------------------
 Scores                       Weight   Raw Score Wghtd.Score
------------------------------------------------------------
 fa_atr                       0.800    -250.698    -200.559
 fa_rep                       0.440      52.864      23.260
 fa_sol                       0.650     159.918     103.947
 fa_intra_rep                 0.004     118.704       0.475
 mm_bend                      1.000      51.525      51.525
 pro_close                    1.000       0.000       0.000
 fa_pair                      0.490      -7.409      -3.630
 hbond_sr_bb                  0.585     -18.075     -10.574
 hbond_lr_bb                  1.170     -24.827     -29.048
 hbond_bb_sc                  1.170      -2.758      -3.227
 hbond_sc                     1.100      -1.951      -2.146
 dslf_ss_dst                  0.500       0.000       0.000
 dslf_cs_ang                  2.000       0.000       0.000
 dslf_ss_dih                  5.000       0.000       0.000
 dslf_ca_dih                  5.000       0.000       0.000
 rama                         0.200     -17.852      -3.570
 omega                        0.500      19.132       9.566
 fa_dun                       0.560     134.445      75.289
 p_aa_pp                      0.320     -22.065      -7.061
 ref                          1.000     -13.870     -13.870
---------------------------------------------------
 Total weighted score:                       -9.623
core.pack.task: Packer task: initialize from command line() 
apps.backrub: Score After Branch Angle Optimization/Side Chain Idealization:
apps.backrub: ------------------------------------------------------------
 Scores                       Weight   Raw Score Wghtd.Score
------------------------------------------------------------
 fa_atr                       0.800    -249.272    -199.418
 fa_rep                       0.440     175.852      77.375
 fa_sol                       0.650     159.318     103.557
 fa_intra_rep                 0.004     152.483       0.610
 mm_bend                      1.000      14.281      14.281
 pro_close                    1.000       0.000       0.000
 fa_pair                      0.490      -7.349      -3.601
 hbond_sr_bb                  0.585     -18.075     -10.574
 hbond_lr_bb                  1.170     -24.827     -29.048
 hbond_bb_sc                  1.170      -1.427      -1.669
 hbond_sc                     1.100      -1.515      -1.666
 dslf_ss_dst                  0.500       0.000       0.000
 dslf_cs_ang                  2.000       0.000       0.000
 dslf_ss_dih                  5.000       0.000       0.000
 dslf_ca_dih                  5.000       0.000       0.000
 rama                         0.200     -17.852      -3.570
 omega                        0.500      19.132       9.566
 fa_dun                       0.560     134.445      75.289
 p_aa_pp                      0.320     -22.065      -7.061
 ref                          1.000     -13.870     -13.870
---------------------------------------------------
 Total weighted score:                       10.201
core.pack.task: Packer task: initialize from command line() 
apps.backrub: Running 10000 trials...
protocols.moves.MonteCarlo:      br_CA_CA_04 trials=    746;  accepts= 0.3566;  energy_drop/trial=   0.00704
protocols.moves.MonteCarlo:      br_CA_CA_07 trials=    728;  accepts= 0.3118;  energy_drop/trial=   0.00029
protocols.moves.MonteCarlo:      br_CA_CA_10 trials=    754;  accepts= 0.3382;  energy_drop/trial=  -0.00514
protocols.moves.MonteCarlo:      br_CA_CA_13 trials=    708;  accepts= 0.2528;  energy_drop/trial=   0.01189
protocols.moves.MonteCarlo:      br_CA_CA_16 trials=    712;  accepts= 0.2500;  energy_drop/trial=  -0.00400
protocols.moves.MonteCarlo:      br_CA_CA_19 trials=    630;  accepts= 0.2254;  energy_drop/trial=  -0.00225
protocols.moves.MonteCarlo:      br_CA_CA_22 trials=    643;  accepts= 0.2006;  energy_drop/trial=  -0.02155
protocols.moves.MonteCarlo:      br_CA_CA_25 trials=    663;  accepts= 0.1946;  energy_drop/trial=   0.00705
protocols.moves.MonteCarlo:      br_CA_CA_28 trials=    647;  accepts= 0.1731;  energy_drop/trial=   0.00366
protocols.moves.MonteCarlo:      br_CA_CA_31 trials=    623;  accepts= 0.1669;  energy_drop/trial=  -0.01755
protocols.moves.MonteCarlo:      br_CA_CA_34 trials=    602;  accepts= 0.1445;  energy_drop/trial=   0.00081
protocols.moves.MonteCarlo:       sc_chi_rot trials=   2277;  accepts= 0.3663;  energy_drop/trial=  -0.02448
protocols.moves.MonteCarlo:      sc_chi_unif trials=    267;  accepts= 0.0412;  energy_drop/trial=   0.00254
apps.backrub: Last Score:
apps.backrub: ------------------------------------------------------------
 Scores                       Weight   Raw Score Wghtd.Score
------------------------------------------------------------
 fa_atr                       0.800    -215.045    -172.036
 fa_rep                       0.440      50.727      22.320
 fa_sol                       0.650     136.362      88.635
 fa_intra_rep                 0.004     133.656       0.535
 mm_bend                      1.000      12.610      12.610
 pro_close                    1.000       0.000       0.000
 fa_pair                      0.490     -10.257      -5.026
 hbond_sr_bb                  0.585     -17.816     -10.422
 hbond_lr_bb                  1.170     -17.981     -21.037
 hbond_bb_sc                  1.170      -1.155      -1.351
 hbond_sc                     1.100      -0.292      -0.321
 dslf_ss_dst                  0.500       0.000       0.000
 dslf_cs_ang                  2.000       0.000       0.000
 dslf_ss_dih                  5.000       0.000       0.000
 dslf_ca_dih                  5.000       0.000       0.000
 rama                         0.200      -4.076      -0.815
 omega                        0.500      19.132       9.566
 fa_dun                       0.560      75.982      42.550
 p_aa_pp                      0.320     -24.132      -7.722
 ref                          1.000     -13.870     -13.870
---------------------------------------------------
 Total weighted score:                      -56.386
apps.backrub: Low Score:
apps.backrub: ------------------------------------------------------------
 Scores                       Weight   Raw Score Wghtd.Score
------------------------------------------------------------
 fa_atr                       0.800    -232.836    -186.269
 fa_rep                       0.440      51.099      22.484
 fa_sol                       0.650     141.914      92.244
 fa_intra_rep                 0.004     126.951       0.508
 mm_bend                      1.000      13.360      13.360
 pro_close                    1.000       0.000       0.000
 fa_pair                      0.490      -7.227      -3.541
 hbond_sr_bb                  0.585     -17.866     -10.451
 hbond_lr_bb                  1.170     -19.808     -23.176
 hbond_bb_sc                  1.170      -1.619      -1.895
 hbond_sc                     1.100      -0.808      -0.889
 dslf_ss_dst                  0.500       0.000       0.000
 dslf_cs_ang                  2.000       0.000       0.000
 dslf_ss_dih                  5.000       0.000       0.000
 dslf_ca_dih                  5.000       0.000       0.000
 rama                         0.200     -12.473      -2.495
 omega                        0.500      19.132       9.566
 fa_dun                       0.560      70.220      39.323
 p_aa_pp                      0.320     -21.913      -7.012
 ref                          1.000     -13.870     -13.870
---------------------------------------------------
 Total weighted score:                      -72.113
