core.init: Mini-Rosetta version 40577 from https://svn.rosettacommons.org/source/branches/releases/rosetta-3.2/rosetta_source
core.init: command: /netapp/home/colin/rosetta/rosetta-3.2/rosetta_source/bin/sequence_tolerance.linuxgccrelease -database /netapp/home/colin/rosetta/rosetta-3.2/rosetta_database -s 2QMT_0012_low.pdb -ex1 -ex2 -extrachi_cutoff 0 -seq_tol:fitness_master_weights 1 1 -ms:generations 5 -ms:pop_size 2000 -ms:pop_from_ss 1 -ms:checkpoint:prefix 2QMT_0012 -ms:checkpoint:interval 200 -ms:checkpoint:gz -ms:numresults 0 -out:prefix 2QMT_0012 -score:weights standard -score:patch score12 -score:ref_offsets HIS 1.2 -resfile /netapp/home/colin/backrub_seqtol/input_files/2QMT/2QMT_seqtol.resfile
core.init: 'RNG device' seed mode, using '/dev/urandom', seed=-1478863616 seed_offset=0 real_seed=-1478863616
core.init.random: RandomGenerator:init: Normal mode, seed=-1478863616 RG_type=mt19937
core.pack.task: Packer task: initialize from command line() 
core.pack.task: Packer task: initialize from command line() 
core.scoring.ScoreFunctionFactory: SCOREFUNCTION: standard
core.scoring.ScoreFunctionFactory: SCOREFUNCTION PATCH: score12
core.scoring.etable: Starting energy table calculation
core.scoring.etable: smooth_etable: changing atr/rep split to bottom of energy well
core.scoring.etable: smooth_etable: spline smoothing lj etables (maxdis = 6)
core.scoring.etable: smooth_etable: spline smoothing solvation etables (max_dis = 6)
core.scoring.etable: Finished calculating energy tables.
core.io.database: Database file opened: /netapp/home/colin/rosetta/rosetta-3.2/rosetta_database/pdb_pair_stats_fine
core.io.database: Database file opened: /netapp/home/colin/rosetta/rosetta-3.2/rosetta_database/scoring/score_functions/hbonds/standard_params/HBPoly1D.csv
core.io.database: Database file opened: /netapp/home/colin/rosetta/rosetta-3.2/rosetta_database/scoring/score_functions/hbonds/standard_params/HBFadeIntervals.csv
core.io.database: Database file opened: /netapp/home/colin/rosetta/rosetta-3.2/rosetta_database/scoring/score_functions/hbonds/standard_params/HBEval.csv
core.io.database: Database file opened: /netapp/home/colin/rosetta/rosetta-3.2/rosetta_database/P_AA
core.io.database: Database file opened: /netapp/home/colin/rosetta/rosetta-3.2/rosetta_database/P_AA_n
core.io.database: Database file opened: /netapp/home/colin/rosetta/rosetta-3.2/rosetta_database/P_AA_pp
core.io.database: Database file opened: /netapp/home/colin/rosetta/rosetta-3.2/rosetta_database/Rama_smooth_dyn.dat_ss_6.4
core.scoring.dunbrack: Dunbrack library took 0.06 seconds to load from binary
app.sequence_tolerance: Residue Decomposition: [Set 1 (A): [1, 2, 3, 4, 5, 6, 7, 8, 9, 10, 11, 12, 13, 14, 15, 16, 17, 18, 19, 20, 21, 22, 23, 24, 25, 26, 27, 28, 29, 30, 31, 32, 33, 34, 35, 36, 37, 38, 39, 40, 41, 42, 43, 44, 45, 46, 47, 48, 49, 50, 51, 52, 53, 54, 55, 56]]
app.sequence_tolerance: Fitness Function Master Weights: [1, 1]
app.sequence_tolerance: Fitness of Starting Structure: 
---------------------------------------------------
Score Type                  Other        A    Total
---------------------------------------------------
fa_atr                      0.000 -189.534 -189.534
fa_rep                      0.000   20.624   20.624
fa_sol                      0.000   92.653   92.653
fa_intra_rep                0.000    0.509    0.509
pro_close                   0.000    0.000    0.000
fa_pair                     0.000   -2.701   -2.701
hbond_sr_bb                -9.334    0.000   -9.334
hbond_lr_bb               -24.246    0.000  -24.246
hbond_bb_sc                 0.000   -3.084   -3.084
hbond_sc                    0.000   -0.878   -0.878
dslf_ss_dst                 0.000    0.000    0.000
dslf_cs_ang                 0.000    0.000    0.000
dslf_ss_dih                 0.000    0.000    0.000
dslf_ca_dih                 0.000    0.000    0.000
rama                        0.000   -3.381   -3.381
omega                       0.000    9.562    9.562
fa_dun                      0.000   46.416   46.416
p_aa_pp                     0.000   -6.732   -6.732
ref                         0.000  -13.870  -13.870
---------------------------------------------------
Total                     -33.580  -50.416  -83.996

core.pack.interaction_graph.interaction_graph_factory: Instantiating PDInteractionGraph
core.pack.pack_rotamers: built 11975 rotamers at 47 positions.
core.pack.pack_rotamers: IG: 189393768 bytes
app.sequence_tolerance: There are 1 positive states and 0 negative states
protocols.multistate_design.MultiStatePacker: Best single-state design score:  -100.25
app.sequence_tolerance: Adding single-state design entities:
app.sequence_tolerance: AA:5:L AA:7:R AA:16:W AA:18:T AA:30:F AA:33:W 
app.sequence_tolerance: Generation 1:
app.sequence_tolerance: Distinct new entities: 2000
app.sequence_tolerance: Duplicate new entities: 0
app.sequence_tolerance: Entities from previous generation: 0
app.sequence_tolerance: Entities resurrected from earlier generations: 0
app.sequence_tolerance: Fitness Percentiles: 0%=-99.382 25%=-84.4162 50%=-79.3664 75%=36.8011 100%=689.063
app.sequence_tolerance: Best new entity:
MultiStateEntity with traits: AA:5:L AA:7:R AA:16:W AA:18:T AA:30:F AA:33:W and fitness -99.382
 SingleState 1 with fitness: -99.382
app.sequence_tolerance: Generation 2:
app.sequence_tolerance: Distinct new entities: 1954
app.sequence_tolerance: Duplicate new entities: 0
app.sequence_tolerance: Entities from previous generation: 46
app.sequence_tolerance: Entities resurrected from earlier generations: 0
app.sequence_tolerance: Fitness Percentiles: 0%=-99.382 25%=-85.8524 50%=-82.9051 75%=-76.4845 100%=523.544
app.sequence_tolerance: Best new entity:
MultiStateEntity with traits: AA:5:L AA:7:T AA:16:Y AA:18:S AA:30:F AA:33:N and fitness -94.494
 SingleState 1 with fitness: -94.4936
app.sequence_tolerance: Generation 3:
app.sequence_tolerance: Distinct new entities: 1953
app.sequence_tolerance: Duplicate new entities: 1
app.sequence_tolerance: Entities from previous generation: 46
app.sequence_tolerance: Entities resurrected from earlier generations: 0
app.sequence_tolerance: Fitness Percentiles: 0%=-99.382 25%=-86.8161 50%=-84.2606 75%=-80.3127 100%=523.617
app.sequence_tolerance: Best new entity:
MultiStateEntity with traits: AA:5:L AA:7:R AA:16:M AA:18:I AA:30:F AA:33:T and fitness -96.290
 SingleState 1 with fitness: -96.2905
app.sequence_tolerance: Generation 4:
app.sequence_tolerance: Distinct new entities: 1933
app.sequence_tolerance: Duplicate new entities: 2
app.sequence_tolerance: Entities from previous generation: 62
app.sequence_tolerance: Entities resurrected from earlier generations: 3
app.sequence_tolerance: Fitness Percentiles: 0%=-99.382 25%=-87.3624 50%=-84.9247 75%=-81.4166 100%=527.474
app.sequence_tolerance: Best new entity:
MultiStateEntity with traits: AA:5:L AA:7:V AA:16:W AA:18:T AA:30:F AA:33:W and fitness -98.253
 SingleState 1 with fitness: -98.253
app.sequence_tolerance: Generation 5:
app.sequence_tolerance: Distinct new entities: 1937
app.sequence_tolerance: Duplicate new entities: 0
app.sequence_tolerance: Entities from previous generation: 63
app.sequence_tolerance: Entities resurrected from earlier generations: 0
app.sequence_tolerance: Fitness Percentiles: 0%=-99.382 25%=-87.9143 50%=-85.4669 75%=-81.8121 100%=684.613
app.sequence_tolerance: Best new entity:
MultiStateEntity with traits: AA:5:L AA:7:S AA:16:W AA:18:T AA:30:F AA:33:W and fitness -97.044
 SingleState 1 with fitness: -97.0438
app.sequence_tolerance: Evaluated 9777 sequences out of 64000000 possible.
Best sequences:
