core.init: Mini-Rosetta version 40577 from https://svn.rosettacommons.org/source/branches/releases/rosetta-3.2/rosetta_source
core.init: command: /netapp/home/colin/rosetta/rosetta-3.2/rosetta_source/bin/sequence_tolerance.linuxgccrelease -database /netapp/home/colin/rosetta/rosetta-3.2/rosetta_database -s 2QMT_0020_low.pdb -ex1 -ex2 -extrachi_cutoff 0 -seq_tol:fitness_master_weights 1 1 -ms:generations 5 -ms:pop_size 2000 -ms:pop_from_ss 1 -ms:checkpoint:prefix 2QMT_0020 -ms:checkpoint:interval 200 -ms:checkpoint:gz -ms:numresults 0 -out:prefix 2QMT_0020 -score:weights standard -score:patch score12 -score:ref_offsets HIS 1.2 -resfile /netapp/home/colin/backrub_seqtol/input_files/2QMT/2QMT_seqtol.resfile
core.init: 'RNG device' seed mode, using '/dev/urandom', seed=537736720 seed_offset=0 real_seed=537736720
core.init.random: RandomGenerator:init: Normal mode, seed=537736720 RG_type=mt19937
core.pack.task: Packer task: initialize from command line() 
core.pack.task: Packer task: initialize from command line() 
core.scoring.ScoreFunctionFactory: SCOREFUNCTION: standard
core.scoring.ScoreFunctionFactory: SCOREFUNCTION PATCH: score12
core.scoring.etable: Starting energy table calculation
core.scoring.etable: smooth_etable: changing atr/rep split to bottom of energy well
core.scoring.etable: smooth_etable: spline smoothing lj etables (maxdis = 6)
core.scoring.etable: smooth_etable: spline smoothing solvation etables (max_dis = 6)
core.scoring.etable: Finished calculating energy tables.
core.io.database: Database file opened: /netapp/home/colin/rosetta/rosetta-3.2/rosetta_database/pdb_pair_stats_fine
core.io.database: Database file opened: /netapp/home/colin/rosetta/rosetta-3.2/rosetta_database/scoring/score_functions/hbonds/standard_params/HBPoly1D.csv
core.io.database: Database file opened: /netapp/home/colin/rosetta/rosetta-3.2/rosetta_database/scoring/score_functions/hbonds/standard_params/HBFadeIntervals.csv
core.io.database: Database file opened: /netapp/home/colin/rosetta/rosetta-3.2/rosetta_database/scoring/score_functions/hbonds/standard_params/HBEval.csv
core.io.database: Database file opened: /netapp/home/colin/rosetta/rosetta-3.2/rosetta_database/P_AA
core.io.database: Database file opened: /netapp/home/colin/rosetta/rosetta-3.2/rosetta_database/P_AA_n
core.io.database: Database file opened: /netapp/home/colin/rosetta/rosetta-3.2/rosetta_database/P_AA_pp
core.io.database: Database file opened: /netapp/home/colin/rosetta/rosetta-3.2/rosetta_database/Rama_smooth_dyn.dat_ss_6.4
core.scoring.dunbrack: Dunbrack library took 0.05 seconds to load from binary
app.sequence_tolerance: Residue Decomposition: [Set 1 (A): [1, 2, 3, 4, 5, 6, 7, 8, 9, 10, 11, 12, 13, 14, 15, 16, 17, 18, 19, 20, 21, 22, 23, 24, 25, 26, 27, 28, 29, 30, 31, 32, 33, 34, 35, 36, 37, 38, 39, 40, 41, 42, 43, 44, 45, 46, 47, 48, 49, 50, 51, 52, 53, 54, 55, 56]]
app.sequence_tolerance: Fitness Function Master Weights: [1, 1]
app.sequence_tolerance: Fitness of Starting Structure: 
---------------------------------------------------
Score Type                  Other        A    Total
---------------------------------------------------
fa_atr                      0.000 -188.565 -188.565
fa_rep                      0.000   24.010   24.010
fa_sol                      0.000   93.743   93.743
fa_intra_rep                0.000    0.537    0.537
pro_close                   0.000    0.000    0.000
fa_pair                     0.000   -4.082   -4.082
hbond_sr_bb               -10.428    0.000  -10.428
hbond_lr_bb               -28.975    0.000  -28.975
hbond_bb_sc                 0.000   -2.422   -2.422
hbond_sc                    0.000   -0.407   -0.407
dslf_ss_dst                 0.000    0.000    0.000
dslf_cs_ang                 0.000    0.000    0.000
dslf_ss_dih                 0.000    0.000    0.000
dslf_ca_dih                 0.000    0.000    0.000
rama                        0.000   -3.938   -3.938
omega                       0.000    9.584    9.584
fa_dun                      0.000   45.582   45.582
p_aa_pp                     0.000   -6.316   -6.316
ref                         0.000  -13.870  -13.870
---------------------------------------------------
Total                     -39.403  -46.143  -85.546

core.pack.interaction_graph.interaction_graph_factory: Instantiating PDInteractionGraph
core.pack.pack_rotamers: built 12587 rotamers at 47 positions.
core.pack.pack_rotamers: IG: 207686684 bytes
app.sequence_tolerance: There are 1 positive states and 0 negative states
protocols.multistate_design.MultiStatePacker: Best single-state design score:  -102.87
app.sequence_tolerance: Adding single-state design entities:
app.sequence_tolerance: AA:5:L AA:7:I AA:16:T AA:18:K AA:30:F AA:33:W 
app.sequence_tolerance: Generation 1:
app.sequence_tolerance: Distinct new entities: 2000
app.sequence_tolerance: Duplicate new entities: 0
app.sequence_tolerance: Entities from previous generation: 0
app.sequence_tolerance: Entities resurrected from earlier generations: 0
app.sequence_tolerance: Fitness Percentiles: 0%=-102.871 25%=-89.1831 50%=-85.1526 75%=68.4987 100%=477.302
app.sequence_tolerance: Best new entity:
MultiStateEntity with traits: AA:5:L AA:7:I AA:16:T AA:18:K AA:30:F AA:33:W and fitness -102.871
 SingleState 1 with fitness: -102.871
app.sequence_tolerance: Generation 2:
app.sequence_tolerance: Distinct new entities: 1969
app.sequence_tolerance: Duplicate new entities: 0
app.sequence_tolerance: Entities from previous generation: 31
app.sequence_tolerance: Entities resurrected from earlier generations: 0
app.sequence_tolerance: Fitness Percentiles: 0%=-102.871 25%=-90.0788 50%=-87.5201 75%=-81.1697 100%=415.239
app.sequence_tolerance: Best new entity:
MultiStateEntity with traits: AA:5:L AA:7:S AA:16:L AA:18:S AA:30:F AA:33:Q and fitness -98.748
 SingleState 1 with fitness: -98.7476
app.sequence_tolerance: Generation 3:
app.sequence_tolerance: Distinct new entities: 1956
app.sequence_tolerance: Duplicate new entities: 1
app.sequence_tolerance: Entities from previous generation: 43
app.sequence_tolerance: Entities resurrected from earlier generations: 0
app.sequence_tolerance: Fitness Percentiles: 0%=-102.871 25%=-91.003 50%=-88.7963 75%=-85.2691 100%=580.86
app.sequence_tolerance: Best new entity:
MultiStateEntity with traits: AA:5:L AA:7:T AA:16:S AA:18:D AA:30:F AA:33:N and fitness -97.681
 SingleState 1 with fitness: -97.6807
app.sequence_tolerance: Generation 4:
app.sequence_tolerance: Distinct new entities: 1955
app.sequence_tolerance: Duplicate new entities: 0
app.sequence_tolerance: Entities from previous generation: 44
app.sequence_tolerance: Entities resurrected from earlier generations: 1
app.sequence_tolerance: Fitness Percentiles: 0%=-102.871 25%=-91.6845 50%=-89.5509 75%=-86.6406 100%=590.483
app.sequence_tolerance: Best new entity:
MultiStateEntity with traits: AA:5:L AA:7:M AA:16:L AA:18:Q AA:30:F AA:33:A and fitness -101.005
 SingleState 1 with fitness: -101.005
app.sequence_tolerance: Generation 5:
app.sequence_tolerance: Distinct new entities: 1951
app.sequence_tolerance: Duplicate new entities: 0
app.sequence_tolerance: Entities from previous generation: 44
app.sequence_tolerance: Entities resurrected from earlier generations: 5
app.sequence_tolerance: Fitness Percentiles: 0%=-102.871 25%=-92.2741 50%=-90.2901 75%=-87.263 100%=480.35
app.sequence_tolerance: Best new entity:
MultiStateEntity with traits: AA:5:L AA:7:V AA:16:E AA:18:D AA:30:F AA:33:R and fitness -100.082
 SingleState 1 with fitness: -100.082
app.sequence_tolerance: Evaluated 9831 sequences out of 64000000 possible.
Best sequences:
