core.init: Mini-Rosetta version 40577 from https://svn.rosettacommons.org/source/branches/releases/rosetta-3.2/rosetta_source
core.init: command: /netapp/home/colin/rosetta/rosetta-3.2/rosetta_source/bin/sequence_tolerance.linuxgccrelease -database /netapp/home/colin/rosetta/rosetta-3.2/rosetta_database -s 2QMT_0014_low.pdb -ex1 -ex2 -extrachi_cutoff 0 -seq_tol:fitness_master_weights 1 1 -ms:generations 5 -ms:pop_size 2000 -ms:pop_from_ss 1 -ms:checkpoint:prefix 2QMT_0014 -ms:checkpoint:interval 200 -ms:checkpoint:gz -ms:numresults 0 -out:prefix 2QMT_0014 -score:weights standard -score:patch score12 -score:ref_offsets HIS 1.2 -resfile /netapp/home/colin/backrub_seqtol/input_files/2QMT/2QMT_seqtol.resfile
core.init: 'RNG device' seed mode, using '/dev/urandom', seed=-536705139 seed_offset=0 real_seed=-536705139
core.init.random: RandomGenerator:init: Normal mode, seed=-536705139 RG_type=mt19937
core.pack.task: Packer task: initialize from command line() 
core.pack.task: Packer task: initialize from command line() 
core.scoring.ScoreFunctionFactory: SCOREFUNCTION: standard
core.scoring.ScoreFunctionFactory: SCOREFUNCTION PATCH: score12
core.scoring.etable: Starting energy table calculation
core.scoring.etable: smooth_etable: changing atr/rep split to bottom of energy well
core.scoring.etable: smooth_etable: spline smoothing lj etables (maxdis = 6)
core.scoring.etable: smooth_etable: spline smoothing solvation etables (max_dis = 6)
core.scoring.etable: Finished calculating energy tables.
core.io.database: Database file opened: /netapp/home/colin/rosetta/rosetta-3.2/rosetta_database/pdb_pair_stats_fine
core.io.database: Database file opened: /netapp/home/colin/rosetta/rosetta-3.2/rosetta_database/scoring/score_functions/hbonds/standard_params/HBPoly1D.csv
core.io.database: Database file opened: /netapp/home/colin/rosetta/rosetta-3.2/rosetta_database/scoring/score_functions/hbonds/standard_params/HBFadeIntervals.csv
core.io.database: Database file opened: /netapp/home/colin/rosetta/rosetta-3.2/rosetta_database/scoring/score_functions/hbonds/standard_params/HBEval.csv
core.io.database: Database file opened: /netapp/home/colin/rosetta/rosetta-3.2/rosetta_database/P_AA
core.io.database: Database file opened: /netapp/home/colin/rosetta/rosetta-3.2/rosetta_database/P_AA_n
core.io.database: Database file opened: /netapp/home/colin/rosetta/rosetta-3.2/rosetta_database/P_AA_pp
core.io.database: Database file opened: /netapp/home/colin/rosetta/rosetta-3.2/rosetta_database/Rama_smooth_dyn.dat_ss_6.4
core.scoring.dunbrack: Dunbrack library took 0.06 seconds to load from binary
app.sequence_tolerance: Residue Decomposition: [Set 1 (A): [1, 2, 3, 4, 5, 6, 7, 8, 9, 10, 11, 12, 13, 14, 15, 16, 17, 18, 19, 20, 21, 22, 23, 24, 25, 26, 27, 28, 29, 30, 31, 32, 33, 34, 35, 36, 37, 38, 39, 40, 41, 42, 43, 44, 45, 46, 47, 48, 49, 50, 51, 52, 53, 54, 55, 56]]
app.sequence_tolerance: Fitness Function Master Weights: [1, 1]
app.sequence_tolerance: Fitness of Starting Structure: 
---------------------------------------------------
Score Type                  Other        A    Total
---------------------------------------------------
fa_atr                      0.000 -180.533 -180.533
fa_rep                      0.000   17.085   17.085
fa_sol                      0.000   89.380   89.380
fa_intra_rep                0.000    0.540    0.540
pro_close                   0.000    0.000    0.000
fa_pair                     0.000   -3.679   -3.679
hbond_sr_bb                -9.102    0.000   -9.102
hbond_lr_bb               -25.566    0.000  -25.566
hbond_bb_sc                 0.000   -1.808   -1.808
hbond_sc                    0.000   -0.268   -0.268
dslf_ss_dst                 0.000    0.000    0.000
dslf_cs_ang                 0.000    0.000    0.000
dslf_ss_dih                 0.000    0.000    0.000
dslf_ca_dih                 0.000    0.000    0.000
rama                        0.000   -3.648   -3.648
omega                       0.000    9.576    9.576
fa_dun                      0.000   47.254   47.254
p_aa_pp                     0.000   -7.460   -7.460
ref                         0.000  -13.870  -13.870
---------------------------------------------------
Total                     -34.668  -47.433  -82.101

core.pack.interaction_graph.interaction_graph_factory: Instantiating PDInteractionGraph
core.pack.pack_rotamers: built 11926 rotamers at 47 positions.
core.pack.pack_rotamers: IG: 186331376 bytes
app.sequence_tolerance: There are 1 positive states and 0 negative states
protocols.multistate_design.MultiStatePacker: Best single-state design score:   -98.68
app.sequence_tolerance: Adding single-state design entities:
app.sequence_tolerance: AA:5:L AA:7:K AA:16:E AA:18:R AA:30:F AA:33:E 
app.sequence_tolerance: Generation 1:
app.sequence_tolerance: Distinct new entities: 2000
app.sequence_tolerance: Duplicate new entities: 0
app.sequence_tolerance: Entities from previous generation: 0
app.sequence_tolerance: Entities resurrected from earlier generations: 0
app.sequence_tolerance: Fitness Percentiles: 0%=-98.6833 25%=-84.2659 50%=-77.032 75%=29.6082 100%=779.964
app.sequence_tolerance: Best new entity:
MultiStateEntity with traits: AA:5:L AA:7:K AA:16:E AA:18:R AA:30:F AA:33:E and fitness -98.683
 SingleState 1 with fitness: -98.6833
app.sequence_tolerance: Generation 2:
app.sequence_tolerance: Distinct new entities: 1961
app.sequence_tolerance: Duplicate new entities: 0
app.sequence_tolerance: Entities from previous generation: 39
app.sequence_tolerance: Entities resurrected from earlier generations: 0
app.sequence_tolerance: Fitness Percentiles: 0%=-98.6833 25%=-85.6851 50%=-82.2532 75%=-72.4563 100%=580.964
app.sequence_tolerance: Best new entity:
MultiStateEntity with traits: AA:5:L AA:7:K AA:16:E AA:18:A AA:30:F AA:33:E and fitness -98.137
 SingleState 1 with fitness: -98.1369
app.sequence_tolerance: Generation 3:
app.sequence_tolerance: Distinct new entities: 1968
app.sequence_tolerance: Duplicate new entities: 2
app.sequence_tolerance: Entities from previous generation: 28
app.sequence_tolerance: Entities resurrected from earlier generations: 2
app.sequence_tolerance: Fitness Percentiles: 0%=-98.6833 25%=-86.7006 50%=-83.7008 75%=-77.3369 100%=519.077
app.sequence_tolerance: Best new entity:
MultiStateEntity with traits: AA:5:L AA:7:L AA:16:E AA:18:A AA:30:F AA:33:E and fitness -96.554
 SingleState 1 with fitness: -96.554
app.sequence_tolerance: Generation 4:
app.sequence_tolerance: Distinct new entities: 1943
app.sequence_tolerance: Duplicate new entities: 0
app.sequence_tolerance: Entities from previous generation: 56
app.sequence_tolerance: Entities resurrected from earlier generations: 1
app.sequence_tolerance: Fitness Percentiles: 0%=-98.6833 25%=-87.3076 50%=-84.6801 75%=-79.8494 100%=520.682
app.sequence_tolerance: Best new entity:
MultiStateEntity with traits: AA:5:L AA:7:K AA:16:E AA:18:R AA:30:F AA:33:Q and fitness -98.100
 SingleState 1 with fitness: -98.1001
app.sequence_tolerance: Generation 5:
app.sequence_tolerance: Distinct new entities: 1948
app.sequence_tolerance: Duplicate new entities: 0
app.sequence_tolerance: Entities from previous generation: 51
app.sequence_tolerance: Entities resurrected from earlier generations: 1
app.sequence_tolerance: Fitness Percentiles: 0%=-98.6833 25%=-87.7232 50%=-85.4893 75%=-80.9646 100%=445.187
app.sequence_tolerance: Best new entity:
MultiStateEntity with traits: AA:5:L AA:7:K AA:16:D AA:18:R AA:30:F AA:33:Q and fitness -96.771
 SingleState 1 with fitness: -96.7709
app.sequence_tolerance: Evaluated 9820 sequences out of 64000000 possible.
Best sequences:
