core.init: Mini-Rosetta version 40577 from https://svn.rosettacommons.org/source/branches/releases/rosetta-3.2/rosetta_source
core.init: command: /netapp/home/colin/rosetta/rosetta-3.2/rosetta_source/bin/backrub.linuxgccrelease -database /netapp/home/colin/rosetta/rosetta-3.2/rosetta_database -s /netapp/home/colin/backrub_seqtol/input_files/2QMT/2QMT.pdb -ignore_unrecognized_res -ex1 -ex2 -extrachi_cutoff 0 -out:prefix 2QMT_0007 -mute core.io.pdb.file_data -backrub:ntrials 10000 -score:weights standard -score:patch score12
core.init: 'RNG device' seed mode, using '/dev/urandom', seed=-1647617982 seed_offset=0 real_seed=-1647617982
core.init.random: RandomGenerator:init: Normal mode, seed=-1647617982 RG_type=mt19937
core.scoring.ScoreFunctionFactory: SCOREFUNCTION: standard
core.scoring.ScoreFunctionFactory: SCOREFUNCTION PATCH: score12
core.scoring.etable: Starting energy table calculation
core.scoring.etable: smooth_etable: changing atr/rep split to bottom of energy well
core.scoring.etable: smooth_etable: spline smoothing lj etables (maxdis = 6)
core.scoring.etable: smooth_etable: spline smoothing solvation etables (max_dis = 6)
core.scoring.etable: Finished calculating energy tables.
core.io.database: Database file opened: /netapp/home/colin/rosetta/rosetta-3.2/rosetta_database/pdb_pair_stats_fine
core.io.database: Database file opened: /netapp/home/colin/rosetta/rosetta-3.2/rosetta_database/scoring/score_functions/hbonds/standard_params/HBPoly1D.csv
core.io.database: Database file opened: /netapp/home/colin/rosetta/rosetta-3.2/rosetta_database/scoring/score_functions/hbonds/standard_params/HBFadeIntervals.csv
core.io.database: Database file opened: /netapp/home/colin/rosetta/rosetta-3.2/rosetta_database/scoring/score_functions/hbonds/standard_params/HBEval.csv
core.io.database: Database file opened: /netapp/home/colin/rosetta/rosetta-3.2/rosetta_database/P_AA
core.io.database: Database file opened: /netapp/home/colin/rosetta/rosetta-3.2/rosetta_database/P_AA_n
core.io.database: Database file opened: /netapp/home/colin/rosetta/rosetta-3.2/rosetta_database/P_AA_pp
core.io.database: Database file opened: /netapp/home/colin/rosetta/rosetta-3.2/rosetta_database/Rama_smooth_dyn.dat_ss_6.4
core.mm.MMBondAngleLibrary: MM bond angle sets added fully assigned: 474; wildcard: 0 and 1 virtual parameter.
core.io.database: Database file opened: /netapp/home/colin/rosetta/rosetta-3.2/rosetta_database/branch_angle/branch_angle_1.txt
core.io.database: Database file opened: /netapp/home/colin/rosetta/rosetta-3.2/rosetta_database/branch_angle/branch_angle_2.txt
core.scoring.dunbrack: Dunbrack library took 0.06 seconds to load from binary
apps.backrub: Processing /netapp/home/colin/backrub_seqtol/input_files/2QMT/2QMT.pdb...
core.pack.task: Packer task: initialize from command line() 
protocols.moves.BackrubMover: Segment lengths: 3-34 atoms
protocols.moves.BackrubMover: Main chain pivot atoms: CA
protocols.moves.BackrubMover: Adding backrub segments for residues 1-56
protocols.moves.BackrubMover: Total Segments Added: 550
apps.backrub: Score After PDB Load:
apps.backrub: ------------------------------------------------------------
 Scores                       Weight   Raw Score Wghtd.Score
------------------------------------------------------------
 fa_atr                       0.800    -250.698    -200.559
 fa_rep                       0.440      52.864      23.260
 fa_sol                       0.650     159.918     103.947
 fa_intra_rep                 0.004     118.704       0.475
 mm_bend                      1.000      51.525      51.525
 pro_close                    1.000       0.000       0.000
 fa_pair                      0.490      -7.409      -3.630
 hbond_sr_bb                  0.585     -18.075     -10.574
 hbond_lr_bb                  1.170     -24.827     -29.048
 hbond_bb_sc                  1.170      -2.758      -3.227
 hbond_sc                     1.100      -1.951      -2.146
 dslf_ss_dst                  0.500       0.000       0.000
 dslf_cs_ang                  2.000       0.000       0.000
 dslf_ss_dih                  5.000       0.000       0.000
 dslf_ca_dih                  5.000       0.000       0.000
 rama                         0.200     -17.852      -3.570
 omega                        0.500      19.132       9.566
 fa_dun                       0.560     134.445      75.289
 p_aa_pp                      0.320     -22.065      -7.061
 ref                          1.000     -13.870     -13.870
---------------------------------------------------
 Total weighted score:                       -9.623
core.pack.task: Packer task: initialize from command line() 
apps.backrub: Score After Branch Angle Optimization/Side Chain Idealization:
apps.backrub: ------------------------------------------------------------
 Scores                       Weight   Raw Score Wghtd.Score
------------------------------------------------------------
 fa_atr                       0.800    -249.272    -199.418
 fa_rep                       0.440     175.852      77.375
 fa_sol                       0.650     159.318     103.557
 fa_intra_rep                 0.004     152.483       0.610
 mm_bend                      1.000      14.281      14.281
 pro_close                    1.000       0.000       0.000
 fa_pair                      0.490      -7.349      -3.601
 hbond_sr_bb                  0.585     -18.075     -10.574
 hbond_lr_bb                  1.170     -24.827     -29.048
 hbond_bb_sc                  1.170      -1.427      -1.669
 hbond_sc                     1.100      -1.515      -1.666
 dslf_ss_dst                  0.500       0.000       0.000
 dslf_cs_ang                  2.000       0.000       0.000
 dslf_ss_dih                  5.000       0.000       0.000
 dslf_ca_dih                  5.000       0.000       0.000
 rama                         0.200     -17.852      -3.570
 omega                        0.500      19.132       9.566
 fa_dun                       0.560     134.445      75.289
 p_aa_pp                      0.320     -22.065      -7.061
 ref                          1.000     -13.870     -13.870
---------------------------------------------------
 Total weighted score:                       10.201
core.pack.task: Packer task: initialize from command line() 
apps.backrub: Running 10000 trials...
protocols.moves.MonteCarlo:      br_CA_CA_04 trials=    752;  accepts= 0.3311;  energy_drop/trial=   0.00368
protocols.moves.MonteCarlo:      br_CA_CA_07 trials=    733;  accepts= 0.3370;  energy_drop/trial=   0.00990
protocols.moves.MonteCarlo:      br_CA_CA_10 trials=    727;  accepts= 0.2930;  energy_drop/trial=   0.00924
protocols.moves.MonteCarlo:      br_CA_CA_13 trials=    671;  accepts= 0.2742;  energy_drop/trial=   0.01122
protocols.moves.MonteCarlo:      br_CA_CA_16 trials=    733;  accepts= 0.2306;  energy_drop/trial=  -0.00925
protocols.moves.MonteCarlo:      br_CA_CA_19 trials=    660;  accepts= 0.2409;  energy_drop/trial=  -0.00671
protocols.moves.MonteCarlo:      br_CA_CA_22 trials=    634;  accepts= 0.2177;  energy_drop/trial=   0.00197
protocols.moves.MonteCarlo:      br_CA_CA_25 trials=    618;  accepts= 0.1990;  energy_drop/trial=  -0.01733
protocols.moves.MonteCarlo:      br_CA_CA_28 trials=    665;  accepts= 0.2000;  energy_drop/trial=  -0.00288
protocols.moves.MonteCarlo:      br_CA_CA_31 trials=    578;  accepts= 0.2197;  energy_drop/trial=  -0.01538
protocols.moves.MonteCarlo:      br_CA_CA_34 trials=    674;  accepts= 0.1632;  energy_drop/trial=  -0.02637
protocols.moves.MonteCarlo:       sc_chi_rot trials=   2282;  accepts= 0.4005;  energy_drop/trial=  -0.01888
protocols.moves.MonteCarlo:      sc_chi_unif trials=    273;  accepts= 0.0403;  energy_drop/trial=   0.01331
apps.backrub: Last Score:
apps.backrub: ------------------------------------------------------------
 Scores                       Weight   Raw Score Wghtd.Score
------------------------------------------------------------
 fa_atr                       0.800    -214.915    -171.932
 fa_rep                       0.440      55.765      24.537
 fa_sol                       0.650     132.249      85.962
 fa_intra_rep                 0.004     128.789       0.515
 mm_bend                      1.000      16.174      16.174
 pro_close                    1.000       0.000       0.000
 fa_pair                      0.490      -6.931      -3.396
 hbond_sr_bb                  0.585     -15.545      -9.094
 hbond_lr_bb                  1.170     -17.043     -19.940
 hbond_bb_sc                  1.170      -0.912      -1.067
 hbond_sc                     1.100      -0.947      -1.042
 dslf_ss_dst                  0.500       0.000       0.000
 dslf_cs_ang                  2.000       0.000       0.000
 dslf_ss_dih                  5.000       0.000       0.000
 dslf_ca_dih                  5.000       0.000       0.000
 rama                         0.200      -7.579      -1.516
 omega                        0.500      19.132       9.566
 fa_dun                       0.560      66.271      37.112
 p_aa_pp                      0.320     -19.504      -6.241
 ref                          1.000     -13.870     -13.870
---------------------------------------------------
 Total weighted score:                      -54.232
apps.backrub: Low Score:
apps.backrub: ------------------------------------------------------------
 Scores                       Weight   Raw Score Wghtd.Score
------------------------------------------------------------
 fa_atr                       0.800    -233.860    -187.088
 fa_rep                       0.440      47.841      21.050
 fa_sol                       0.650     142.861      92.860
 fa_intra_rep                 0.004     147.331       0.589
 mm_bend                      1.000      12.934      12.934
 pro_close                    1.000       0.000       0.000
 fa_pair                      0.490      -6.115      -2.997
 hbond_sr_bb                  0.585     -16.685      -9.761
 hbond_lr_bb                  1.170     -21.530     -25.191
 hbond_bb_sc                  1.170      -1.425      -1.668
 hbond_sc                     1.100      -1.098      -1.207
 dslf_ss_dst                  0.500       0.000       0.000
 dslf_cs_ang                  2.000       0.000       0.000
 dslf_ss_dih                  5.000       0.000       0.000
 dslf_ca_dih                  5.000       0.000       0.000
 rama                         0.200     -16.952      -3.390
 omega                        0.500      19.132       9.566
 fa_dun                       0.560      86.350      48.356
 p_aa_pp                      0.320     -23.086      -7.388
 ref                          1.000     -13.870     -13.870
---------------------------------------------------
 Total weighted score:                      -67.203
