core.init: Mini-Rosetta version 40577 from https://svn.rosettacommons.org/source/branches/releases/rosetta-3.2/rosetta_source
core.init: command: /netapp/home/colin/rosetta/rosetta-3.2/rosetta_source/bin/backrub.linuxgccrelease -database /netapp/home/colin/rosetta/rosetta-3.2/rosetta_database -s /netapp/home/colin/backrub_seqtol/input_files/2QMT/2QMT.pdb -ignore_unrecognized_res -ex1 -ex2 -extrachi_cutoff 0 -out:prefix 2QMT_0020 -mute core.io.pdb.file_data -backrub:ntrials 10000 -score:weights standard -score:patch score12
core.init: 'RNG device' seed mode, using '/dev/urandom', seed=-111003895 seed_offset=0 real_seed=-111003895
core.init.random: RandomGenerator:init: Normal mode, seed=-111003895 RG_type=mt19937
core.scoring.ScoreFunctionFactory: SCOREFUNCTION: standard
core.scoring.ScoreFunctionFactory: SCOREFUNCTION PATCH: score12
core.scoring.etable: Starting energy table calculation
core.scoring.etable: smooth_etable: changing atr/rep split to bottom of energy well
core.scoring.etable: smooth_etable: spline smoothing lj etables (maxdis = 6)
core.scoring.etable: smooth_etable: spline smoothing solvation etables (max_dis = 6)
core.scoring.etable: Finished calculating energy tables.
core.io.database: Database file opened: /netapp/home/colin/rosetta/rosetta-3.2/rosetta_database/pdb_pair_stats_fine
core.io.database: Database file opened: /netapp/home/colin/rosetta/rosetta-3.2/rosetta_database/scoring/score_functions/hbonds/standard_params/HBPoly1D.csv
core.io.database: Database file opened: /netapp/home/colin/rosetta/rosetta-3.2/rosetta_database/scoring/score_functions/hbonds/standard_params/HBFadeIntervals.csv
core.io.database: Database file opened: /netapp/home/colin/rosetta/rosetta-3.2/rosetta_database/scoring/score_functions/hbonds/standard_params/HBEval.csv
core.io.database: Database file opened: /netapp/home/colin/rosetta/rosetta-3.2/rosetta_database/P_AA
core.io.database: Database file opened: /netapp/home/colin/rosetta/rosetta-3.2/rosetta_database/P_AA_n
core.io.database: Database file opened: /netapp/home/colin/rosetta/rosetta-3.2/rosetta_database/P_AA_pp
core.io.database: Database file opened: /netapp/home/colin/rosetta/rosetta-3.2/rosetta_database/Rama_smooth_dyn.dat_ss_6.4
core.mm.MMBondAngleLibrary: MM bond angle sets added fully assigned: 474; wildcard: 0 and 1 virtual parameter.
core.io.database: Database file opened: /netapp/home/colin/rosetta/rosetta-3.2/rosetta_database/branch_angle/branch_angle_1.txt
core.io.database: Database file opened: /netapp/home/colin/rosetta/rosetta-3.2/rosetta_database/branch_angle/branch_angle_2.txt
core.scoring.dunbrack: Dunbrack library took 0.06 seconds to load from binary
apps.backrub: Processing /netapp/home/colin/backrub_seqtol/input_files/2QMT/2QMT.pdb...
core.pack.task: Packer task: initialize from command line() 
protocols.moves.BackrubMover: Segment lengths: 3-34 atoms
protocols.moves.BackrubMover: Main chain pivot atoms: CA
protocols.moves.BackrubMover: Adding backrub segments for residues 1-56
protocols.moves.BackrubMover: Total Segments Added: 550
apps.backrub: Score After PDB Load:
apps.backrub: ------------------------------------------------------------
 Scores                       Weight   Raw Score Wghtd.Score
------------------------------------------------------------
 fa_atr                       0.800    -250.698    -200.559
 fa_rep                       0.440      52.864      23.260
 fa_sol                       0.650     159.918     103.947
 fa_intra_rep                 0.004     118.704       0.475
 mm_bend                      1.000      51.525      51.525
 pro_close                    1.000       0.000       0.000
 fa_pair                      0.490      -7.409      -3.630
 hbond_sr_bb                  0.585     -18.075     -10.574
 hbond_lr_bb                  1.170     -24.827     -29.048
 hbond_bb_sc                  1.170      -2.758      -3.227
 hbond_sc                     1.100      -1.951      -2.146
 dslf_ss_dst                  0.500       0.000       0.000
 dslf_cs_ang                  2.000       0.000       0.000
 dslf_ss_dih                  5.000       0.000       0.000
 dslf_ca_dih                  5.000       0.000       0.000
 rama                         0.200     -17.852      -3.570
 omega                        0.500      19.132       9.566
 fa_dun                       0.560     134.445      75.289
 p_aa_pp                      0.320     -22.065      -7.061
 ref                          1.000     -13.870     -13.870
---------------------------------------------------
 Total weighted score:                       -9.623
core.pack.task: Packer task: initialize from command line() 
apps.backrub: Score After Branch Angle Optimization/Side Chain Idealization:
apps.backrub: ------------------------------------------------------------
 Scores                       Weight   Raw Score Wghtd.Score
------------------------------------------------------------
 fa_atr                       0.800    -249.272    -199.418
 fa_rep                       0.440     175.852      77.375
 fa_sol                       0.650     159.318     103.557
 fa_intra_rep                 0.004     152.483       0.610
 mm_bend                      1.000      14.281      14.281
 pro_close                    1.000       0.000       0.000
 fa_pair                      0.490      -7.349      -3.601
 hbond_sr_bb                  0.585     -18.075     -10.574
 hbond_lr_bb                  1.170     -24.827     -29.048
 hbond_bb_sc                  1.170      -1.427      -1.669
 hbond_sc                     1.100      -1.515      -1.666
 dslf_ss_dst                  0.500       0.000       0.000
 dslf_cs_ang                  2.000       0.000       0.000
 dslf_ss_dih                  5.000       0.000       0.000
 dslf_ca_dih                  5.000       0.000       0.000
 rama                         0.200     -17.852      -3.570
 omega                        0.500      19.132       9.566
 fa_dun                       0.560     134.445      75.289
 p_aa_pp                      0.320     -22.065      -7.061
 ref                          1.000     -13.870     -13.870
---------------------------------------------------
 Total weighted score:                       10.201
core.pack.task: Packer task: initialize from command line() 
apps.backrub: Running 10000 trials...
protocols.moves.MonteCarlo:      br_CA_CA_04 trials=    747;  accepts= 0.3347;  energy_drop/trial=   0.01920
protocols.moves.MonteCarlo:      br_CA_CA_07 trials=    731;  accepts= 0.3502;  energy_drop/trial=   0.00632
protocols.moves.MonteCarlo:      br_CA_CA_10 trials=    754;  accepts= 0.3037;  energy_drop/trial=   0.00388
protocols.moves.MonteCarlo:      br_CA_CA_13 trials=    712;  accepts= 0.2430;  energy_drop/trial=  -0.00169
protocols.moves.MonteCarlo:      br_CA_CA_16 trials=    712;  accepts= 0.1924;  energy_drop/trial=  -0.04795
protocols.moves.MonteCarlo:      br_CA_CA_19 trials=    672;  accepts= 0.2024;  energy_drop/trial=  -0.03814
protocols.moves.MonteCarlo:      br_CA_CA_22 trials=    619;  accepts= 0.2407;  energy_drop/trial=  -0.00934
protocols.moves.MonteCarlo:      br_CA_CA_25 trials=    689;  accepts= 0.1756;  energy_drop/trial=   0.01589
protocols.moves.MonteCarlo:      br_CA_CA_28 trials=    638;  accepts= 0.1693;  energy_drop/trial=   0.01104
protocols.moves.MonteCarlo:      br_CA_CA_31 trials=    599;  accepts= 0.1603;  energy_drop/trial=   0.00615
protocols.moves.MonteCarlo:      br_CA_CA_34 trials=    612;  accepts= 0.1667;  energy_drop/trial=  -0.00299
protocols.moves.MonteCarlo:       sc_chi_rot trials=   2291;  accepts= 0.3684;  energy_drop/trial=  -0.01997
protocols.moves.MonteCarlo:      sc_chi_unif trials=    224;  accepts= 0.0312;  energy_drop/trial=   0.03124
apps.backrub: Last Score:
apps.backrub: ------------------------------------------------------------
 Scores                       Weight   Raw Score Wghtd.Score
------------------------------------------------------------
 fa_atr                       0.800    -226.696    -181.357
 fa_rep                       0.440      59.662      26.251
 fa_sol                       0.650     142.954      92.920
 fa_intra_rep                 0.004     132.832       0.531
 mm_bend                      1.000      12.306      12.306
 pro_close                    1.000       0.000       0.000
 fa_pair                      0.490      -5.778      -2.831
 hbond_sr_bb                  0.585     -13.193      -7.718
 hbond_lr_bb                  1.170     -18.378     -21.502
 hbond_bb_sc                  1.170      -0.753      -0.881
 hbond_sc                     1.100      -0.552      -0.607
 dslf_ss_dst                  0.500       0.000       0.000
 dslf_cs_ang                  2.000       0.000       0.000
 dslf_ss_dih                  5.000       0.000       0.000
 dslf_ca_dih                  5.000       0.000       0.000
 rama                         0.200     -13.085      -2.617
 omega                        0.500      19.132       9.566
 fa_dun                       0.560      75.725      42.406
 p_aa_pp                      0.320     -19.301      -6.176
 ref                          1.000     -13.870     -13.870
---------------------------------------------------
 Total weighted score:                      -53.579
apps.backrub: Low Score:
apps.backrub: ------------------------------------------------------------
 Scores                       Weight   Raw Score Wghtd.Score
------------------------------------------------------------
 fa_atr                       0.800    -235.708    -188.567
 fa_rep                       0.440      54.570      24.011
 fa_sol                       0.650     144.224      93.746
 fa_intra_rep                 0.004     134.247       0.537
 mm_bend                      1.000      14.808      14.808
 pro_close                    1.000       0.000       0.000
 fa_pair                      0.490      -8.331      -4.082
 hbond_sr_bb                  0.585     -17.820     -10.425
 hbond_lr_bb                  1.170     -24.771     -28.982
 hbond_bb_sc                  1.170      -2.070      -2.422
 hbond_sc                     1.100      -0.370      -0.407
 dslf_ss_dst                  0.500       0.000       0.000
 dslf_cs_ang                  2.000       0.000       0.000
 dslf_ss_dih                  5.000       0.000       0.000
 dslf_ca_dih                  5.000       0.000       0.000
 rama                         0.200     -19.688      -3.938
 omega                        0.500      19.132       9.566
 fa_dun                       0.560      81.381      45.574
 p_aa_pp                      0.320     -19.740      -6.317
 ref                          1.000     -13.870     -13.870
---------------------------------------------------
 Total weighted score:                      -70.768
