core.init: Mini-Rosetta version 40577 from https://svn.rosettacommons.org/source/branches/releases/rosetta-3.2/rosetta_source
core.init: command: /netapp/home/colin/rosetta/rosetta-3.2/rosetta_source/bin/sequence_tolerance.linuxgccrelease -database /netapp/home/colin/rosetta/rosetta-3.2/rosetta_database -s 2QMT_0018_low.pdb -ex1 -ex2 -extrachi_cutoff 0 -seq_tol:fitness_master_weights 1 1 -ms:generations 5 -ms:pop_size 2000 -ms:pop_from_ss 1 -ms:checkpoint:prefix 2QMT_0018 -ms:checkpoint:interval 200 -ms:checkpoint:gz -ms:numresults 0 -out:prefix 2QMT_0018 -score:weights standard -score:patch score12 -score:ref_offsets HIS 1.2 -resfile /netapp/home/colin/backrub_seqtol/input_files/2QMT/2QMT_seqtol.resfile
core.init: 'RNG device' seed mode, using '/dev/urandom', seed=-2021777331 seed_offset=0 real_seed=-2021777331
core.init.random: RandomGenerator:init: Normal mode, seed=-2021777331 RG_type=mt19937
core.pack.task: Packer task: initialize from command line() 
core.pack.task: Packer task: initialize from command line() 
core.scoring.ScoreFunctionFactory: SCOREFUNCTION: standard
core.scoring.ScoreFunctionFactory: SCOREFUNCTION PATCH: score12
core.scoring.etable: Starting energy table calculation
core.scoring.etable: smooth_etable: changing atr/rep split to bottom of energy well
core.scoring.etable: smooth_etable: spline smoothing lj etables (maxdis = 6)
core.scoring.etable: smooth_etable: spline smoothing solvation etables (max_dis = 6)
core.scoring.etable: Finished calculating energy tables.
core.io.database: Database file opened: /netapp/home/colin/rosetta/rosetta-3.2/rosetta_database/pdb_pair_stats_fine
core.io.database: Database file opened: /netapp/home/colin/rosetta/rosetta-3.2/rosetta_database/scoring/score_functions/hbonds/standard_params/HBPoly1D.csv
core.io.database: Database file opened: /netapp/home/colin/rosetta/rosetta-3.2/rosetta_database/scoring/score_functions/hbonds/standard_params/HBFadeIntervals.csv
core.io.database: Database file opened: /netapp/home/colin/rosetta/rosetta-3.2/rosetta_database/scoring/score_functions/hbonds/standard_params/HBEval.csv
core.io.database: Database file opened: /netapp/home/colin/rosetta/rosetta-3.2/rosetta_database/P_AA
core.io.database: Database file opened: /netapp/home/colin/rosetta/rosetta-3.2/rosetta_database/P_AA_n
core.io.database: Database file opened: /netapp/home/colin/rosetta/rosetta-3.2/rosetta_database/P_AA_pp
core.io.database: Database file opened: /netapp/home/colin/rosetta/rosetta-3.2/rosetta_database/Rama_smooth_dyn.dat_ss_6.4
core.scoring.dunbrack: Dunbrack library took 0.06 seconds to load from binary
app.sequence_tolerance: Residue Decomposition: [Set 1 (A): [1, 2, 3, 4, 5, 6, 7, 8, 9, 10, 11, 12, 13, 14, 15, 16, 17, 18, 19, 20, 21, 22, 23, 24, 25, 26, 27, 28, 29, 30, 31, 32, 33, 34, 35, 36, 37, 38, 39, 40, 41, 42, 43, 44, 45, 46, 47, 48, 49, 50, 51, 52, 53, 54, 55, 56]]
app.sequence_tolerance: Fitness Function Master Weights: [1, 1]
app.sequence_tolerance: Fitness of Starting Structure: 
---------------------------------------------------
Score Type                  Other        A    Total
---------------------------------------------------
fa_atr                      0.000 -190.521 -190.521
fa_rep                      0.000   21.975   21.975
fa_sol                      0.000   94.433   94.433
fa_intra_rep                0.000    0.491    0.491
pro_close                   0.000    0.000    0.000
fa_pair                     0.000   -3.982   -3.982
hbond_sr_bb                -9.154    0.000   -9.154
hbond_lr_bb               -26.890    0.000  -26.890
hbond_bb_sc                 0.000   -1.631   -1.631
hbond_sc                    0.000   -1.071   -1.071
dslf_ss_dst                 0.000    0.000    0.000
dslf_cs_ang                 0.000    0.000    0.000
dslf_ss_dih                 0.000    0.000    0.000
dslf_ca_dih                 0.000    0.000    0.000
rama                        0.000   -3.158   -3.158
omega                       0.000    9.573    9.573
fa_dun                      0.000   43.946   43.946
p_aa_pp                     0.000   -7.777   -7.777
ref                         0.000  -13.870  -13.870
---------------------------------------------------
Total                     -36.045  -51.593  -87.638

core.pack.interaction_graph.interaction_graph_factory: Instantiating PDInteractionGraph
core.pack.pack_rotamers: built 12153 rotamers at 47 positions.
core.pack.pack_rotamers: IG: 195397744 bytes
app.sequence_tolerance: There are 1 positive states and 0 negative states
protocols.multistate_design.MultiStatePacker: Best single-state design score:  -103.49
app.sequence_tolerance: Adding single-state design entities:
app.sequence_tolerance: AA:5:L AA:7:K AA:16:T AA:18:T AA:30:F AA:33:E 
app.sequence_tolerance: Generation 1:
app.sequence_tolerance: Distinct new entities: 2000
app.sequence_tolerance: Duplicate new entities: 0
app.sequence_tolerance: Entities from previous generation: 0
app.sequence_tolerance: Entities resurrected from earlier generations: 0
app.sequence_tolerance: Fitness Percentiles: 0%=-103.523 25%=-87.9485 50%=-82.1803 75%=61.2624 100%=699.789
app.sequence_tolerance: Best new entity:
MultiStateEntity with traits: AA:5:L AA:7:K AA:16:T AA:18:T AA:30:F AA:33:E and fitness -103.523
 SingleState 1 with fitness: -103.523
app.sequence_tolerance: Generation 2:
app.sequence_tolerance: Distinct new entities: 1947
app.sequence_tolerance: Duplicate new entities: 0
app.sequence_tolerance: Entities from previous generation: 53
app.sequence_tolerance: Entities resurrected from earlier generations: 0
app.sequence_tolerance: Fitness Percentiles: 0%=-103.523 25%=-89.5998 50%=-86.444 75%=-77.1487 100%=500.12
app.sequence_tolerance: Best new entity:
MultiStateEntity with traits: AA:5:L AA:7:K AA:16:T AA:18:T AA:30:F AA:33:T and fitness -101.802
 SingleState 1 with fitness: -101.802
app.sequence_tolerance: Generation 3:
app.sequence_tolerance: Distinct new entities: 1944
app.sequence_tolerance: Duplicate new entities: 2
app.sequence_tolerance: Entities from previous generation: 54
app.sequence_tolerance: Entities resurrected from earlier generations: 0
app.sequence_tolerance: Fitness Percentiles: 0%=-103.523 25%=-90.4162 50%=-87.8745 75%=-83.4187 100%=562.083
app.sequence_tolerance: Best new entity:
MultiStateEntity with traits: AA:5:L AA:7:K AA:16:V AA:18:Y AA:30:F AA:33:W and fitness -99.262
 SingleState 1 with fitness: -99.2622
app.sequence_tolerance: Generation 4:
app.sequence_tolerance: Distinct new entities: 1942
app.sequence_tolerance: Duplicate new entities: 1
app.sequence_tolerance: Entities from previous generation: 55
app.sequence_tolerance: Entities resurrected from earlier generations: 2
app.sequence_tolerance: Fitness Percentiles: 0%=-103.523 25%=-91.188 50%=-88.7456 75%=-85.1956 100%=397.042
app.sequence_tolerance: Best new entity:
MultiStateEntity with traits: AA:5:S AA:7:F AA:16:C AA:18:T AA:30:F AA:33:W and fitness -98.430
 SingleState 1 with fitness: -98.4305
app.sequence_tolerance: Generation 5:
app.sequence_tolerance: Distinct new entities: 1948
app.sequence_tolerance: Duplicate new entities: 2
app.sequence_tolerance: Entities from previous generation: 47
app.sequence_tolerance: Entities resurrected from earlier generations: 3
app.sequence_tolerance: Fitness Percentiles: 0%=-103.523 25%=-91.7498 50%=-89.3271 75%=-85.7173 100%=575.716
app.sequence_tolerance: Best new entity:
MultiStateEntity with traits: AA:5:M AA:7:K AA:16:M AA:18:A AA:30:F AA:33:W and fitness -100.219
 SingleState 1 with fitness: -100.219
app.sequence_tolerance: Evaluated 9781 sequences out of 64000000 possible.
Best sequences:
