core.init: Mini-Rosetta version 40577 from https://svn.rosettacommons.org/source/branches/releases/rosetta-3.2/rosetta_source
core.init: command: /netapp/home/colin/rosetta/rosetta-3.2/rosetta_source/bin/backrub.linuxgccrelease -database /netapp/home/colin/rosetta/rosetta-3.2/rosetta_database -s /netapp/home/colin/backrub_seqtol/input_files/2QMT/2QMT.pdb -ignore_unrecognized_res -ex1 -ex2 -extrachi_cutoff 0 -out:prefix 2QMT_0005 -mute core.io.pdb.file_data -backrub:ntrials 10000 -score:weights standard -score:patch score12
core.init: 'RNG device' seed mode, using '/dev/urandom', seed=2061066231 seed_offset=0 real_seed=2061066231
core.init.random: RandomGenerator:init: Normal mode, seed=2061066231 RG_type=mt19937
core.scoring.ScoreFunctionFactory: SCOREFUNCTION: standard
core.scoring.ScoreFunctionFactory: SCOREFUNCTION PATCH: score12
core.scoring.etable: Starting energy table calculation
core.scoring.etable: smooth_etable: changing atr/rep split to bottom of energy well
core.scoring.etable: smooth_etable: spline smoothing lj etables (maxdis = 6)
core.scoring.etable: smooth_etable: spline smoothing solvation etables (max_dis = 6)
core.scoring.etable: Finished calculating energy tables.
core.io.database: Database file opened: /netapp/home/colin/rosetta/rosetta-3.2/rosetta_database/pdb_pair_stats_fine
core.io.database: Database file opened: /netapp/home/colin/rosetta/rosetta-3.2/rosetta_database/scoring/score_functions/hbonds/standard_params/HBPoly1D.csv
core.io.database: Database file opened: /netapp/home/colin/rosetta/rosetta-3.2/rosetta_database/scoring/score_functions/hbonds/standard_params/HBFadeIntervals.csv
core.io.database: Database file opened: /netapp/home/colin/rosetta/rosetta-3.2/rosetta_database/scoring/score_functions/hbonds/standard_params/HBEval.csv
core.io.database: Database file opened: /netapp/home/colin/rosetta/rosetta-3.2/rosetta_database/P_AA
core.io.database: Database file opened: /netapp/home/colin/rosetta/rosetta-3.2/rosetta_database/P_AA_n
core.io.database: Database file opened: /netapp/home/colin/rosetta/rosetta-3.2/rosetta_database/P_AA_pp
core.io.database: Database file opened: /netapp/home/colin/rosetta/rosetta-3.2/rosetta_database/Rama_smooth_dyn.dat_ss_6.4
core.mm.MMBondAngleLibrary: MM bond angle sets added fully assigned: 474; wildcard: 0 and 1 virtual parameter.
core.io.database: Database file opened: /netapp/home/colin/rosetta/rosetta-3.2/rosetta_database/branch_angle/branch_angle_1.txt
core.io.database: Database file opened: /netapp/home/colin/rosetta/rosetta-3.2/rosetta_database/branch_angle/branch_angle_2.txt
core.scoring.dunbrack: Dunbrack library took 0.07 seconds to load from binary
apps.backrub: Processing /netapp/home/colin/backrub_seqtol/input_files/2QMT/2QMT.pdb...
core.pack.task: Packer task: initialize from command line() 
protocols.moves.BackrubMover: Segment lengths: 3-34 atoms
protocols.moves.BackrubMover: Main chain pivot atoms: CA
protocols.moves.BackrubMover: Adding backrub segments for residues 1-56
protocols.moves.BackrubMover: Total Segments Added: 550
apps.backrub: Score After PDB Load:
apps.backrub: ------------------------------------------------------------
 Scores                       Weight   Raw Score Wghtd.Score
------------------------------------------------------------
 fa_atr                       0.800    -250.698    -200.559
 fa_rep                       0.440      52.864      23.260
 fa_sol                       0.650     159.918     103.947
 fa_intra_rep                 0.004     118.704       0.475
 mm_bend                      1.000      51.525      51.525
 pro_close                    1.000       0.000       0.000
 fa_pair                      0.490      -7.409      -3.630
 hbond_sr_bb                  0.585     -18.075     -10.574
 hbond_lr_bb                  1.170     -24.827     -29.048
 hbond_bb_sc                  1.170      -2.758      -3.227
 hbond_sc                     1.100      -1.951      -2.146
 dslf_ss_dst                  0.500       0.000       0.000
 dslf_cs_ang                  2.000       0.000       0.000
 dslf_ss_dih                  5.000       0.000       0.000
 dslf_ca_dih                  5.000       0.000       0.000
 rama                         0.200     -17.852      -3.570
 omega                        0.500      19.132       9.566
 fa_dun                       0.560     134.445      75.289
 p_aa_pp                      0.320     -22.065      -7.061
 ref                          1.000     -13.870     -13.870
---------------------------------------------------
 Total weighted score:                       -9.623
core.pack.task: Packer task: initialize from command line() 
apps.backrub: Score After Branch Angle Optimization/Side Chain Idealization:
apps.backrub: ------------------------------------------------------------
 Scores                       Weight   Raw Score Wghtd.Score
------------------------------------------------------------
 fa_atr                       0.800    -249.272    -199.418
 fa_rep                       0.440     175.852      77.375
 fa_sol                       0.650     159.318     103.557
 fa_intra_rep                 0.004     152.483       0.610
 mm_bend                      1.000      14.281      14.281
 pro_close                    1.000       0.000       0.000
 fa_pair                      0.490      -7.349      -3.601
 hbond_sr_bb                  0.585     -18.075     -10.574
 hbond_lr_bb                  1.170     -24.827     -29.048
 hbond_bb_sc                  1.170      -1.427      -1.669
 hbond_sc                     1.100      -1.515      -1.666
 dslf_ss_dst                  0.500       0.000       0.000
 dslf_cs_ang                  2.000       0.000       0.000
 dslf_ss_dih                  5.000       0.000       0.000
 dslf_ca_dih                  5.000       0.000       0.000
 rama                         0.200     -17.852      -3.570
 omega                        0.500      19.132       9.566
 fa_dun                       0.560     134.445      75.289
 p_aa_pp                      0.320     -22.065      -7.061
 ref                          1.000     -13.870     -13.870
---------------------------------------------------
 Total weighted score:                       10.201
core.pack.task: Packer task: initialize from command line() 
apps.backrub: Running 10000 trials...
protocols.moves.MonteCarlo:      br_CA_CA_04 trials=    730;  accepts= 0.3986;  energy_drop/trial=   0.00933
protocols.moves.MonteCarlo:      br_CA_CA_07 trials=    751;  accepts= 0.3089;  energy_drop/trial=  -0.02030
protocols.moves.MonteCarlo:      br_CA_CA_10 trials=    663;  accepts= 0.3363;  energy_drop/trial=  -0.01808
protocols.moves.MonteCarlo:      br_CA_CA_13 trials=    733;  accepts= 0.2797;  energy_drop/trial=   0.01424
protocols.moves.MonteCarlo:      br_CA_CA_16 trials=    679;  accepts= 0.2356;  energy_drop/trial=  -0.00374
protocols.moves.MonteCarlo:      br_CA_CA_19 trials=    698;  accepts= 0.2364;  energy_drop/trial=   0.00950
protocols.moves.MonteCarlo:      br_CA_CA_22 trials=    689;  accepts= 0.2206;  energy_drop/trial=  -0.00226
protocols.moves.MonteCarlo:      br_CA_CA_25 trials=    614;  accepts= 0.2264;  energy_drop/trial=   0.00030
protocols.moves.MonteCarlo:      br_CA_CA_28 trials=    648;  accepts= 0.2500;  energy_drop/trial=  -0.00282
protocols.moves.MonteCarlo:      br_CA_CA_31 trials=    636;  accepts= 0.1840;  energy_drop/trial=  -0.01900
protocols.moves.MonteCarlo:      br_CA_CA_34 trials=    634;  accepts= 0.1845;  energy_drop/trial=  -0.00584
protocols.moves.MonteCarlo:       sc_chi_rot trials=   2284;  accepts= 0.3778;  energy_drop/trial=  -0.01833
protocols.moves.MonteCarlo:      sc_chi_unif trials=    241;  accepts= 0.0415;  energy_drop/trial=   0.00750
apps.backrub: Last Score:
apps.backrub: ------------------------------------------------------------
 Scores                       Weight   Raw Score Wghtd.Score
------------------------------------------------------------
 fa_atr                       0.800    -222.762    -178.210
 fa_rep                       0.440      51.268      22.558
 fa_sol                       0.650     140.872      91.567
 fa_intra_rep                 0.004     136.806       0.547
 mm_bend                      1.000      13.276      13.276
 pro_close                    1.000       0.000       0.000
 fa_pair                      0.490      -5.771      -2.828
 hbond_sr_bb                  0.585     -15.224      -8.906
 hbond_lr_bb                  1.170     -20.870     -24.418
 hbond_bb_sc                  1.170      -0.688      -0.805
 hbond_sc                     1.100      -0.043      -0.047
 dslf_ss_dst                  0.500       0.000       0.000
 dslf_cs_ang                  2.000       0.000       0.000
 dslf_ss_dih                  5.000       0.000       0.000
 dslf_ca_dih                  5.000       0.000       0.000
 rama                         0.200      -7.649      -1.530
 omega                        0.500      19.132       9.566
 fa_dun                       0.560      80.863      45.283
 p_aa_pp                      0.320     -21.651      -6.928
 ref                          1.000     -13.870     -13.870
---------------------------------------------------
 Total weighted score:                      -54.745
apps.backrub: Low Score:
apps.backrub: ------------------------------------------------------------
 Scores                       Weight   Raw Score Wghtd.Score
------------------------------------------------------------
 fa_atr                       0.800    -231.054    -184.843
 fa_rep                       0.440      53.367      23.481
 fa_sol                       0.650     139.265      90.522
 fa_intra_rep                 0.004     135.543       0.542
 mm_bend                      1.000      10.828      10.828
 pro_close                    1.000       0.000       0.000
 fa_pair                      0.490      -5.466      -2.678
 hbond_sr_bb                  0.585     -15.519      -9.079
 hbond_lr_bb                  1.170     -22.119     -25.880
 hbond_bb_sc                  1.170      -1.628      -1.905
 hbond_sc                     1.100      -0.069      -0.076
 dslf_ss_dst                  0.500       0.000       0.000
 dslf_cs_ang                  2.000       0.000       0.000
 dslf_ss_dih                  5.000       0.000       0.000
 dslf_ca_dih                  5.000       0.000       0.000
 rama                         0.200      -6.354      -1.271
 omega                        0.500      19.132       9.566
 fa_dun                       0.560      76.008      42.565
 p_aa_pp                      0.320     -20.751      -6.640
 ref                          1.000     -13.870     -13.870
---------------------------------------------------
 Total weighted score:                      -68.737
