core.init: Mini-Rosetta version 40577 from https://svn.rosettacommons.org/source/branches/releases/rosetta-3.2/rosetta_source
core.init: command: /netapp/home/colin/rosetta/rosetta-3.2/rosetta_source/bin/sequence_tolerance.linuxgccrelease -database /netapp/home/colin/rosetta/rosetta-3.2/rosetta_database -s 2QMT_0013_low.pdb -ex1 -ex2 -extrachi_cutoff 0 -seq_tol:fitness_master_weights 1 1 -ms:generations 5 -ms:pop_size 2000 -ms:pop_from_ss 1 -ms:checkpoint:prefix 2QMT_0013 -ms:checkpoint:interval 200 -ms:checkpoint:gz -ms:numresults 0 -out:prefix 2QMT_0013 -score:weights standard -score:patch score12 -score:ref_offsets HIS 1.2 -resfile /netapp/home/colin/backrub_seqtol/input_files/2QMT/2QMT_seqtol.resfile
core.init: 'RNG device' seed mode, using '/dev/urandom', seed=-1642606542 seed_offset=0 real_seed=-1642606542
core.init.random: RandomGenerator:init: Normal mode, seed=-1642606542 RG_type=mt19937
core.pack.task: Packer task: initialize from command line() 
core.pack.task: Packer task: initialize from command line() 
core.scoring.ScoreFunctionFactory: SCOREFUNCTION: standard
core.scoring.ScoreFunctionFactory: SCOREFUNCTION PATCH: score12
core.scoring.etable: Starting energy table calculation
core.scoring.etable: smooth_etable: changing atr/rep split to bottom of energy well
core.scoring.etable: smooth_etable: spline smoothing lj etables (maxdis = 6)
core.scoring.etable: smooth_etable: spline smoothing solvation etables (max_dis = 6)
core.scoring.etable: Finished calculating energy tables.
core.io.database: Database file opened: /netapp/home/colin/rosetta/rosetta-3.2/rosetta_database/pdb_pair_stats_fine
core.io.database: Database file opened: /netapp/home/colin/rosetta/rosetta-3.2/rosetta_database/scoring/score_functions/hbonds/standard_params/HBPoly1D.csv
core.io.database: Database file opened: /netapp/home/colin/rosetta/rosetta-3.2/rosetta_database/scoring/score_functions/hbonds/standard_params/HBFadeIntervals.csv
core.io.database: Database file opened: /netapp/home/colin/rosetta/rosetta-3.2/rosetta_database/scoring/score_functions/hbonds/standard_params/HBEval.csv
core.io.database: Database file opened: /netapp/home/colin/rosetta/rosetta-3.2/rosetta_database/P_AA
core.io.database: Database file opened: /netapp/home/colin/rosetta/rosetta-3.2/rosetta_database/P_AA_n
core.io.database: Database file opened: /netapp/home/colin/rosetta/rosetta-3.2/rosetta_database/P_AA_pp
core.io.database: Database file opened: /netapp/home/colin/rosetta/rosetta-3.2/rosetta_database/Rama_smooth_dyn.dat_ss_6.4
core.scoring.dunbrack: Dunbrack library took 0.07 seconds to load from binary
app.sequence_tolerance: Residue Decomposition: [Set 1 (A): [1, 2, 3, 4, 5, 6, 7, 8, 9, 10, 11, 12, 13, 14, 15, 16, 17, 18, 19, 20, 21, 22, 23, 24, 25, 26, 27, 28, 29, 30, 31, 32, 33, 34, 35, 36, 37, 38, 39, 40, 41, 42, 43, 44, 45, 46, 47, 48, 49, 50, 51, 52, 53, 54, 55, 56]]
app.sequence_tolerance: Fitness Function Master Weights: [1, 1]
app.sequence_tolerance: Fitness of Starting Structure: 
---------------------------------------------------
Score Type                  Other        A    Total
---------------------------------------------------
fa_atr                      0.000 -185.858 -185.858
fa_rep                      0.000   18.750   18.750
fa_sol                      0.000   94.806   94.806
fa_intra_rep                0.000    0.543    0.543
pro_close                   0.000    0.000    0.000
fa_pair                     0.000   -3.613   -3.613
hbond_sr_bb                -9.546    0.000   -9.546
hbond_lr_bb               -27.634    0.000  -27.634
hbond_bb_sc                 0.000   -1.693   -1.693
hbond_sc                    0.000   -0.795   -0.795
dslf_ss_dst                 0.000    0.000    0.000
dslf_cs_ang                 0.000    0.000    0.000
dslf_ss_dih                 0.000    0.000    0.000
dslf_ca_dih                 0.000    0.000    0.000
rama                        0.000   -3.018   -3.018
omega                       0.000    9.570    9.570
fa_dun                      0.000   47.115   47.115
p_aa_pp                     0.000   -6.855   -6.855
ref                         0.000  -13.870  -13.870
---------------------------------------------------
Total                     -37.180  -44.918  -82.099

core.pack.interaction_graph.interaction_graph_factory: Instantiating PDInteractionGraph
core.pack.pack_rotamers: built 12231 rotamers at 47 positions.
core.pack.pack_rotamers: IG: 195521180 bytes
app.sequence_tolerance: There are 1 positive states and 0 negative states
protocols.multistate_design.MultiStatePacker: Best single-state design score:   -96.74
app.sequence_tolerance: Adding single-state design entities:
app.sequence_tolerance: AA:5:L AA:7:L AA:16:I AA:18:Y AA:30:F AA:33:F 
app.sequence_tolerance: Generation 1:
app.sequence_tolerance: Distinct new entities: 2000
app.sequence_tolerance: Duplicate new entities: 0
app.sequence_tolerance: Entities from previous generation: 0
app.sequence_tolerance: Entities resurrected from earlier generations: 0
app.sequence_tolerance: Fitness Percentiles: 0%=-96.5249 25%=-82.9917 50%=-79.146 75%=63.9413 100%=475.549
app.sequence_tolerance: Best new entity:
MultiStateEntity with traits: AA:5:L AA:7:L AA:16:I AA:18:Y AA:30:F AA:33:F and fitness -96.525
 SingleState 1 with fitness: -96.5249
app.sequence_tolerance: Generation 2:
app.sequence_tolerance: Distinct new entities: 1962
app.sequence_tolerance: Duplicate new entities: 2
app.sequence_tolerance: Entities from previous generation: 36
app.sequence_tolerance: Entities resurrected from earlier generations: 0
app.sequence_tolerance: Fitness Percentiles: 0%=-96.5249 25%=-84.0661 50%=-81.5602 75%=-76.7351 100%=366.946
app.sequence_tolerance: Best new entity:
MultiStateEntity with traits: AA:5:L AA:7:L AA:16:R AA:18:Q AA:30:F AA:33:A and fitness -94.697
 SingleState 1 with fitness: -94.6969
app.sequence_tolerance: Generation 3:
app.sequence_tolerance: Distinct new entities: 1962
app.sequence_tolerance: Duplicate new entities: 1
app.sequence_tolerance: Entities from previous generation: 34
app.sequence_tolerance: Entities resurrected from earlier generations: 3
app.sequence_tolerance: Fitness Percentiles: 0%=-96.5249 25%=-84.6999 50%=-82.5345 75%=-79.4052 100%=534.107
app.sequence_tolerance: Best new entity:
MultiStateEntity with traits: AA:5:L AA:7:L AA:16:I AA:18:R AA:30:F AA:33:F and fitness -95.275
 SingleState 1 with fitness: -95.2753
app.sequence_tolerance: Generation 4:
app.sequence_tolerance: Distinct new entities: 1945
app.sequence_tolerance: Duplicate new entities: 1
app.sequence_tolerance: Entities from previous generation: 51
app.sequence_tolerance: Entities resurrected from earlier generations: 3
app.sequence_tolerance: Fitness Percentiles: 0%=-96.5249 25%=-85.5485 50%=-83.5375 75%=-80.7927 100%=449.935
app.sequence_tolerance: Best new entity:
MultiStateEntity with traits: AA:5:L AA:7:I AA:16:I AA:18:Y AA:30:F AA:33:T and fitness -93.501
 SingleState 1 with fitness: -93.5012
app.sequence_tolerance: Generation 5:
app.sequence_tolerance: Distinct new entities: 1958
app.sequence_tolerance: Duplicate new entities: 1
app.sequence_tolerance: Entities from previous generation: 41
app.sequence_tolerance: Entities resurrected from earlier generations: 0
app.sequence_tolerance: Fitness Percentiles: 0%=-96.5249 25%=-86.0917 50%=-84.0411 75%=-81.3942 100%=453.899
app.sequence_tolerance: Best new entity:
MultiStateEntity with traits: AA:5:L AA:7:L AA:16:V AA:18:E AA:30:F AA:33:Y and fitness -94.489
 SingleState 1 with fitness: -94.4888
app.sequence_tolerance: Evaluated 9827 sequences out of 64000000 possible.
Best sequences:
