core.init: Mini-Rosetta version 40577 from https://svn.rosettacommons.org/source/branches/releases/rosetta-3.2/rosetta_source
core.init: command: /netapp/home/colin/rosetta/rosetta-3.2/rosetta_source/bin/sequence_tolerance.linuxgccrelease -database /netapp/home/colin/rosetta/rosetta-3.2/rosetta_database -s 2QMT_0004_low.pdb -ex1 -ex2 -extrachi_cutoff 0 -seq_tol:fitness_master_weights 1 1 -ms:generations 5 -ms:pop_size 2000 -ms:pop_from_ss 1 -ms:checkpoint:prefix 2QMT_0004 -ms:checkpoint:interval 200 -ms:checkpoint:gz -ms:numresults 0 -out:prefix 2QMT_0004 -score:weights standard -score:patch score12 -score:ref_offsets HIS 1.2 -resfile /netapp/home/colin/backrub_seqtol/input_files/2QMT/2QMT_seqtol.resfile
core.init: 'RNG device' seed mode, using '/dev/urandom', seed=-340363883 seed_offset=0 real_seed=-340363883
core.init.random: RandomGenerator:init: Normal mode, seed=-340363883 RG_type=mt19937
core.pack.task: Packer task: initialize from command line() 
core.pack.task: Packer task: initialize from command line() 
core.scoring.ScoreFunctionFactory: SCOREFUNCTION: standard
core.scoring.ScoreFunctionFactory: SCOREFUNCTION PATCH: score12
core.scoring.etable: Starting energy table calculation
core.scoring.etable: smooth_etable: changing atr/rep split to bottom of energy well
core.scoring.etable: smooth_etable: spline smoothing lj etables (maxdis = 6)
core.scoring.etable: smooth_etable: spline smoothing solvation etables (max_dis = 6)
core.scoring.etable: Finished calculating energy tables.
core.io.database: Database file opened: /netapp/home/colin/rosetta/rosetta-3.2/rosetta_database/pdb_pair_stats_fine
core.io.database: Database file opened: /netapp/home/colin/rosetta/rosetta-3.2/rosetta_database/scoring/score_functions/hbonds/standard_params/HBPoly1D.csv
core.io.database: Database file opened: /netapp/home/colin/rosetta/rosetta-3.2/rosetta_database/scoring/score_functions/hbonds/standard_params/HBFadeIntervals.csv
core.io.database: Database file opened: /netapp/home/colin/rosetta/rosetta-3.2/rosetta_database/scoring/score_functions/hbonds/standard_params/HBEval.csv
core.io.database: Database file opened: /netapp/home/colin/rosetta/rosetta-3.2/rosetta_database/P_AA
core.io.database: Database file opened: /netapp/home/colin/rosetta/rosetta-3.2/rosetta_database/P_AA_n
core.io.database: Database file opened: /netapp/home/colin/rosetta/rosetta-3.2/rosetta_database/P_AA_pp
core.io.database: Database file opened: /netapp/home/colin/rosetta/rosetta-3.2/rosetta_database/Rama_smooth_dyn.dat_ss_6.4
core.scoring.dunbrack: Dunbrack library took 0.07 seconds to load from binary
app.sequence_tolerance: Residue Decomposition: [Set 1 (A): [1, 2, 3, 4, 5, 6, 7, 8, 9, 10, 11, 12, 13, 14, 15, 16, 17, 18, 19, 20, 21, 22, 23, 24, 25, 26, 27, 28, 29, 30, 31, 32, 33, 34, 35, 36, 37, 38, 39, 40, 41, 42, 43, 44, 45, 46, 47, 48, 49, 50, 51, 52, 53, 54, 55, 56]]
app.sequence_tolerance: Fitness Function Master Weights: [1, 1]
app.sequence_tolerance: Fitness of Starting Structure: 
---------------------------------------------------
Score Type                  Other        A    Total
---------------------------------------------------
fa_atr                      0.000 -185.313 -185.313
fa_rep                      0.000   22.937   22.937
fa_sol                      0.000   94.313   94.313
fa_intra_rep                0.000    0.561    0.561
pro_close                   0.000    0.000    0.000
fa_pair                     0.000   -4.897   -4.897
hbond_sr_bb                -7.146    0.000   -7.146
hbond_lr_bb               -27.494    0.000  -27.494
hbond_bb_sc                 0.000   -1.986   -1.986
hbond_sc                    0.000   -0.529   -0.529
dslf_ss_dst                 0.000    0.000    0.000
dslf_cs_ang                 0.000    0.000    0.000
dslf_ss_dih                 0.000    0.000    0.000
dslf_ca_dih                 0.000    0.000    0.000
rama                        0.000   -1.028   -1.028
omega                       0.000    9.579    9.579
fa_dun                      0.000   44.627   44.627
p_aa_pp                     0.000   -7.920   -7.920
ref                         0.000  -13.870  -13.870
---------------------------------------------------
Total                     -34.640  -43.526  -78.165

core.pack.interaction_graph.interaction_graph_factory: Instantiating PDInteractionGraph
core.pack.pack_rotamers: built 10915 rotamers at 47 positions.
core.pack.pack_rotamers: IG: 152936376 bytes
app.sequence_tolerance: There are 1 positive states and 0 negative states
protocols.multistate_design.MultiStatePacker: Best single-state design score:   -91.01
app.sequence_tolerance: Adding single-state design entities:
app.sequence_tolerance: AA:5:L AA:7:I AA:16:R AA:18:T AA:30:F AA:33:L 
app.sequence_tolerance: Generation 1:
app.sequence_tolerance: Distinct new entities: 2000
app.sequence_tolerance: Duplicate new entities: 0
app.sequence_tolerance: Entities from previous generation: 0
app.sequence_tolerance: Entities resurrected from earlier generations: 0
app.sequence_tolerance: Fitness Percentiles: 0%=-91.2883 25%=-74.2491 50%=-65.1165 75%=85.0345 100%=836.457
app.sequence_tolerance: Best new entity:
MultiStateEntity with traits: AA:5:L AA:7:I AA:16:R AA:18:T AA:30:F AA:33:L and fitness -91.288
 SingleState 1 with fitness: -91.2883
app.sequence_tolerance: Generation 2:
app.sequence_tolerance: Distinct new entities: 1952
app.sequence_tolerance: Duplicate new entities: 0
app.sequence_tolerance: Entities from previous generation: 48
app.sequence_tolerance: Entities resurrected from earlier generations: 0
app.sequence_tolerance: Fitness Percentiles: 0%=-91.2883 25%=-76.718 50%=-71.6998 75%=-56.6741 100%=546.099
app.sequence_tolerance: Best new entity:
MultiStateEntity with traits: AA:5:S AA:7:M AA:16:I AA:18:G AA:30:F AA:33:Q and fitness -85.591
 SingleState 1 with fitness: -85.5907
app.sequence_tolerance: Generation 3:
app.sequence_tolerance: Distinct new entities: 1959
app.sequence_tolerance: Duplicate new entities: 1
app.sequence_tolerance: Entities from previous generation: 38
app.sequence_tolerance: Entities resurrected from earlier generations: 2
app.sequence_tolerance: Fitness Percentiles: 0%=-91.2883 25%=-77.7794 50%=-74.3277 75%=-66.828 100%=573.825
app.sequence_tolerance: Best new entity:
MultiStateEntity with traits: AA:5:L AA:7:I AA:16:T AA:18:T AA:30:A AA:33:N and fitness -86.056
 SingleState 1 with fitness: -86.0563
app.sequence_tolerance: Generation 4:
app.sequence_tolerance: Distinct new entities: 1946
app.sequence_tolerance: Duplicate new entities: 4
app.sequence_tolerance: Entities from previous generation: 50
app.sequence_tolerance: Entities resurrected from earlier generations: 0
app.sequence_tolerance: Fitness Percentiles: 0%=-91.2883 25%=-78.7107 50%=-75.6436 75%=-70.0209 100%=496.484
app.sequence_tolerance: Best new entity:
MultiStateEntity with traits: AA:5:L AA:7:G AA:16:R AA:18:T AA:30:F AA:33:L and fitness -86.075
 SingleState 1 with fitness: -86.0754
app.sequence_tolerance: Generation 5:
app.sequence_tolerance: Distinct new entities: 1942
app.sequence_tolerance: Duplicate new entities: 0
app.sequence_tolerance: Entities from previous generation: 55
app.sequence_tolerance: Entities resurrected from earlier generations: 3
app.sequence_tolerance: Fitness Percentiles: 0%=-91.2883 25%=-79.0926 50%=-76.3498 75%=-70.5352 100%=493.09
app.sequence_tolerance: Best new entity:
MultiStateEntity with traits: AA:5:L AA:7:I AA:16:A AA:18:A AA:30:F AA:33:F and fitness -88.709
 SingleState 1 with fitness: -88.7091
app.sequence_tolerance: Evaluated 9799 sequences out of 64000000 possible.
Best sequences:
