core.init: Mini-Rosetta version 40577 from https://svn.rosettacommons.org/source/branches/releases/rosetta-3.2/rosetta_source
core.init: command: /netapp/home/colin/rosetta/rosetta-3.2/rosetta_source/bin/backrub.linuxgccrelease -database /netapp/home/colin/rosetta/rosetta-3.2/rosetta_database -s /netapp/home/colin/backrub_seqtol/input_files/2QMT/2QMT.pdb -ignore_unrecognized_res -ex1 -ex2 -extrachi_cutoff 0 -out:prefix 2QMT_0014 -mute core.io.pdb.file_data -backrub:ntrials 10000 -score:weights standard -score:patch score12
core.init: 'RNG device' seed mode, using '/dev/urandom', seed=725769795 seed_offset=0 real_seed=725769795
core.init.random: RandomGenerator:init: Normal mode, seed=725769795 RG_type=mt19937
core.scoring.ScoreFunctionFactory: SCOREFUNCTION: standard
core.scoring.ScoreFunctionFactory: SCOREFUNCTION PATCH: score12
core.scoring.etable: Starting energy table calculation
core.scoring.etable: smooth_etable: changing atr/rep split to bottom of energy well
core.scoring.etable: smooth_etable: spline smoothing lj etables (maxdis = 6)
core.scoring.etable: smooth_etable: spline smoothing solvation etables (max_dis = 6)
core.scoring.etable: Finished calculating energy tables.
core.io.database: Database file opened: /netapp/home/colin/rosetta/rosetta-3.2/rosetta_database/pdb_pair_stats_fine
core.io.database: Database file opened: /netapp/home/colin/rosetta/rosetta-3.2/rosetta_database/scoring/score_functions/hbonds/standard_params/HBPoly1D.csv
core.io.database: Database file opened: /netapp/home/colin/rosetta/rosetta-3.2/rosetta_database/scoring/score_functions/hbonds/standard_params/HBFadeIntervals.csv
core.io.database: Database file opened: /netapp/home/colin/rosetta/rosetta-3.2/rosetta_database/scoring/score_functions/hbonds/standard_params/HBEval.csv
core.io.database: Database file opened: /netapp/home/colin/rosetta/rosetta-3.2/rosetta_database/P_AA
core.io.database: Database file opened: /netapp/home/colin/rosetta/rosetta-3.2/rosetta_database/P_AA_n
core.io.database: Database file opened: /netapp/home/colin/rosetta/rosetta-3.2/rosetta_database/P_AA_pp
core.io.database: Database file opened: /netapp/home/colin/rosetta/rosetta-3.2/rosetta_database/Rama_smooth_dyn.dat_ss_6.4
core.mm.MMBondAngleLibrary: MM bond angle sets added fully assigned: 474; wildcard: 0 and 1 virtual parameter.
core.io.database: Database file opened: /netapp/home/colin/rosetta/rosetta-3.2/rosetta_database/branch_angle/branch_angle_1.txt
core.io.database: Database file opened: /netapp/home/colin/rosetta/rosetta-3.2/rosetta_database/branch_angle/branch_angle_2.txt
core.scoring.dunbrack: Dunbrack library took 0.06 seconds to load from binary
apps.backrub: Processing /netapp/home/colin/backrub_seqtol/input_files/2QMT/2QMT.pdb...
core.pack.task: Packer task: initialize from command line() 
protocols.moves.BackrubMover: Segment lengths: 3-34 atoms
protocols.moves.BackrubMover: Main chain pivot atoms: CA
protocols.moves.BackrubMover: Adding backrub segments for residues 1-56
protocols.moves.BackrubMover: Total Segments Added: 550
apps.backrub: Score After PDB Load:
apps.backrub: ------------------------------------------------------------
 Scores                       Weight   Raw Score Wghtd.Score
------------------------------------------------------------
 fa_atr                       0.800    -250.698    -200.559
 fa_rep                       0.440      52.864      23.260
 fa_sol                       0.650     159.918     103.947
 fa_intra_rep                 0.004     118.704       0.475
 mm_bend                      1.000      51.525      51.525
 pro_close                    1.000       0.000       0.000
 fa_pair                      0.490      -7.409      -3.630
 hbond_sr_bb                  0.585     -18.075     -10.574
 hbond_lr_bb                  1.170     -24.827     -29.048
 hbond_bb_sc                  1.170      -2.758      -3.227
 hbond_sc                     1.100      -1.951      -2.146
 dslf_ss_dst                  0.500       0.000       0.000
 dslf_cs_ang                  2.000       0.000       0.000
 dslf_ss_dih                  5.000       0.000       0.000
 dslf_ca_dih                  5.000       0.000       0.000
 rama                         0.200     -17.852      -3.570
 omega                        0.500      19.132       9.566
 fa_dun                       0.560     134.445      75.289
 p_aa_pp                      0.320     -22.065      -7.061
 ref                          1.000     -13.870     -13.870
---------------------------------------------------
 Total weighted score:                       -9.623
core.pack.task: Packer task: initialize from command line() 
apps.backrub: Score After Branch Angle Optimization/Side Chain Idealization:
apps.backrub: ------------------------------------------------------------
 Scores                       Weight   Raw Score Wghtd.Score
------------------------------------------------------------
 fa_atr                       0.800    -249.272    -199.418
 fa_rep                       0.440     175.852      77.375
 fa_sol                       0.650     159.318     103.557
 fa_intra_rep                 0.004     152.483       0.610
 mm_bend                      1.000      14.281      14.281
 pro_close                    1.000       0.000       0.000
 fa_pair                      0.490      -7.349      -3.601
 hbond_sr_bb                  0.585     -18.075     -10.574
 hbond_lr_bb                  1.170     -24.827     -29.048
 hbond_bb_sc                  1.170      -1.427      -1.669
 hbond_sc                     1.100      -1.515      -1.666
 dslf_ss_dst                  0.500       0.000       0.000
 dslf_cs_ang                  2.000       0.000       0.000
 dslf_ss_dih                  5.000       0.000       0.000
 dslf_ca_dih                  5.000       0.000       0.000
 rama                         0.200     -17.852      -3.570
 omega                        0.500      19.132       9.566
 fa_dun                       0.560     134.445      75.289
 p_aa_pp                      0.320     -22.065      -7.061
 ref                          1.000     -13.870     -13.870
---------------------------------------------------
 Total weighted score:                       10.201
core.pack.task: Packer task: initialize from command line() 
apps.backrub: Running 10000 trials...
protocols.moves.MonteCarlo:      br_CA_CA_04 trials=    725;  accepts= 0.3476;  energy_drop/trial=  -0.00458
protocols.moves.MonteCarlo:      br_CA_CA_07 trials=    723;  accepts= 0.3499;  energy_drop/trial=   0.00428
protocols.moves.MonteCarlo:      br_CA_CA_10 trials=    718;  accepts= 0.3301;  energy_drop/trial=  -0.00098
protocols.moves.MonteCarlo:      br_CA_CA_13 trials=    730;  accepts= 0.2767;  energy_drop/trial=  -0.03704
protocols.moves.MonteCarlo:      br_CA_CA_16 trials=    706;  accepts= 0.2479;  energy_drop/trial=  -0.01303
protocols.moves.MonteCarlo:      br_CA_CA_19 trials=    649;  accepts= 0.2527;  energy_drop/trial=   0.00916
protocols.moves.MonteCarlo:      br_CA_CA_22 trials=    661;  accepts= 0.2224;  energy_drop/trial=  -0.00596
protocols.moves.MonteCarlo:      br_CA_CA_25 trials=    665;  accepts= 0.1895;  energy_drop/trial=  -0.00490
protocols.moves.MonteCarlo:      br_CA_CA_28 trials=    662;  accepts= 0.2100;  energy_drop/trial=  -0.00769
protocols.moves.MonteCarlo:      br_CA_CA_31 trials=    670;  accepts= 0.1925;  energy_drop/trial=   0.00443
protocols.moves.MonteCarlo:      br_CA_CA_34 trials=    616;  accepts= 0.1883;  energy_drop/trial=   0.00203
protocols.moves.MonteCarlo:       sc_chi_rot trials=   2249;  accepts= 0.3917;  energy_drop/trial=  -0.01374
protocols.moves.MonteCarlo:      sc_chi_unif trials=    226;  accepts= 0.0442;  energy_drop/trial=   0.02203
apps.backrub: Last Score:
apps.backrub: ------------------------------------------------------------
 Scores                       Weight   Raw Score Wghtd.Score
------------------------------------------------------------
 fa_atr                       0.800    -218.891    -175.113
 fa_rep                       0.440      56.294      24.769
 fa_sol                       0.650     134.426      87.377
 fa_intra_rep                 0.004     138.210       0.553
 mm_bend                      1.000      13.478      13.478
 pro_close                    1.000       0.000       0.000
 fa_pair                      0.490      -7.966      -3.903
 hbond_sr_bb                  0.585     -13.499      -7.897
 hbond_lr_bb                  1.170     -18.118     -21.198
 hbond_bb_sc                  1.170      -0.075      -0.088
 hbond_sc                     1.100      -0.015      -0.016
 dslf_ss_dst                  0.500       0.000       0.000
 dslf_cs_ang                  2.000       0.000       0.000
 dslf_ss_dih                  5.000       0.000       0.000
 dslf_ca_dih                  5.000       0.000       0.000
 rama                         0.200     -10.115      -2.023
 omega                        0.500      19.132       9.566
 fa_dun                       0.560      72.178      40.420
 p_aa_pp                      0.320     -22.087      -7.068
 ref                          1.000     -13.870     -13.870
---------------------------------------------------
 Total weighted score:                      -55.012
apps.backrub: Low Score:
apps.backrub: ------------------------------------------------------------
 Scores                       Weight   Raw Score Wghtd.Score
------------------------------------------------------------
 fa_atr                       0.800    -225.665    -180.532
 fa_rep                       0.440      38.839      17.089
 fa_sol                       0.650     137.508      89.380
 fa_intra_rep                 0.004     135.084       0.540
 mm_bend                      1.000      16.343      16.343
 pro_close                    1.000       0.000       0.000
 fa_pair                      0.490      -7.508      -3.679
 hbond_sr_bb                  0.585     -15.563      -9.104
 hbond_lr_bb                  1.170     -21.849     -25.564
 hbond_bb_sc                  1.170      -1.545      -1.808
 hbond_sc                     1.100      -0.244      -0.268
 dslf_ss_dst                  0.500       0.000       0.000
 dslf_cs_ang                  2.000       0.000       0.000
 dslf_ss_dih                  5.000       0.000       0.000
 dslf_ca_dih                  5.000       0.000       0.000
 rama                         0.200     -18.245      -3.649
 omega                        0.500      19.132       9.566
 fa_dun                       0.560      84.378      47.252
 p_aa_pp                      0.320     -23.317      -7.461
 ref                          1.000     -13.870     -13.870
---------------------------------------------------
 Total weighted score:                      -65.765
