core.init: Mini-Rosetta version 40577 from https://svn.rosettacommons.org/source/branches/releases/rosetta-3.2/rosetta_source
core.init: command: /netapp/home/colin/rosetta/rosetta-3.2/rosetta_source/bin/backrub.linuxgccrelease -database /netapp/home/colin/rosetta/rosetta-3.2/rosetta_database -s /netapp/home/colin/backrub_seqtol/input_files/2QMT/2QMT.pdb -ignore_unrecognized_res -ex1 -ex2 -extrachi_cutoff 0 -out:prefix 2QMT_0009 -mute core.io.pdb.file_data -backrub:ntrials 10000 -score:weights standard -score:patch score12
core.init: 'RNG device' seed mode, using '/dev/urandom', seed=218257720 seed_offset=0 real_seed=218257720
core.init.random: RandomGenerator:init: Normal mode, seed=218257720 RG_type=mt19937
core.scoring.ScoreFunctionFactory: SCOREFUNCTION: standard
core.scoring.ScoreFunctionFactory: SCOREFUNCTION PATCH: score12
core.scoring.etable: Starting energy table calculation
core.scoring.etable: smooth_etable: changing atr/rep split to bottom of energy well
core.scoring.etable: smooth_etable: spline smoothing lj etables (maxdis = 6)
core.scoring.etable: smooth_etable: spline smoothing solvation etables (max_dis = 6)
core.scoring.etable: Finished calculating energy tables.
core.io.database: Database file opened: /netapp/home/colin/rosetta/rosetta-3.2/rosetta_database/pdb_pair_stats_fine
core.io.database: Database file opened: /netapp/home/colin/rosetta/rosetta-3.2/rosetta_database/scoring/score_functions/hbonds/standard_params/HBPoly1D.csv
core.io.database: Database file opened: /netapp/home/colin/rosetta/rosetta-3.2/rosetta_database/scoring/score_functions/hbonds/standard_params/HBFadeIntervals.csv
core.io.database: Database file opened: /netapp/home/colin/rosetta/rosetta-3.2/rosetta_database/scoring/score_functions/hbonds/standard_params/HBEval.csv
core.io.database: Database file opened: /netapp/home/colin/rosetta/rosetta-3.2/rosetta_database/P_AA
core.io.database: Database file opened: /netapp/home/colin/rosetta/rosetta-3.2/rosetta_database/P_AA_n
core.io.database: Database file opened: /netapp/home/colin/rosetta/rosetta-3.2/rosetta_database/P_AA_pp
core.io.database: Database file opened: /netapp/home/colin/rosetta/rosetta-3.2/rosetta_database/Rama_smooth_dyn.dat_ss_6.4
core.mm.MMBondAngleLibrary: MM bond angle sets added fully assigned: 474; wildcard: 0 and 1 virtual parameter.
core.io.database: Database file opened: /netapp/home/colin/rosetta/rosetta-3.2/rosetta_database/branch_angle/branch_angle_1.txt
core.io.database: Database file opened: /netapp/home/colin/rosetta/rosetta-3.2/rosetta_database/branch_angle/branch_angle_2.txt
core.scoring.dunbrack: Dunbrack library took 0.07 seconds to load from binary
apps.backrub: Processing /netapp/home/colin/backrub_seqtol/input_files/2QMT/2QMT.pdb...
core.pack.task: Packer task: initialize from command line() 
protocols.moves.BackrubMover: Segment lengths: 3-34 atoms
protocols.moves.BackrubMover: Main chain pivot atoms: CA
protocols.moves.BackrubMover: Adding backrub segments for residues 1-56
protocols.moves.BackrubMover: Total Segments Added: 550
apps.backrub: Score After PDB Load:
apps.backrub: ------------------------------------------------------------
 Scores                       Weight   Raw Score Wghtd.Score
------------------------------------------------------------
 fa_atr                       0.800    -250.698    -200.559
 fa_rep                       0.440      52.864      23.260
 fa_sol                       0.650     159.918     103.947
 fa_intra_rep                 0.004     118.704       0.475
 mm_bend                      1.000      51.525      51.525
 pro_close                    1.000       0.000       0.000
 fa_pair                      0.490      -7.409      -3.630
 hbond_sr_bb                  0.585     -18.075     -10.574
 hbond_lr_bb                  1.170     -24.827     -29.048
 hbond_bb_sc                  1.170      -2.758      -3.227
 hbond_sc                     1.100      -1.951      -2.146
 dslf_ss_dst                  0.500       0.000       0.000
 dslf_cs_ang                  2.000       0.000       0.000
 dslf_ss_dih                  5.000       0.000       0.000
 dslf_ca_dih                  5.000       0.000       0.000
 rama                         0.200     -17.852      -3.570
 omega                        0.500      19.132       9.566
 fa_dun                       0.560     134.445      75.289
 p_aa_pp                      0.320     -22.065      -7.061
 ref                          1.000     -13.870     -13.870
---------------------------------------------------
 Total weighted score:                       -9.623
core.pack.task: Packer task: initialize from command line() 
apps.backrub: Score After Branch Angle Optimization/Side Chain Idealization:
apps.backrub: ------------------------------------------------------------
 Scores                       Weight   Raw Score Wghtd.Score
------------------------------------------------------------
 fa_atr                       0.800    -249.272    -199.418
 fa_rep                       0.440     175.852      77.375
 fa_sol                       0.650     159.318     103.557
 fa_intra_rep                 0.004     152.483       0.610
 mm_bend                      1.000      14.281      14.281
 pro_close                    1.000       0.000       0.000
 fa_pair                      0.490      -7.349      -3.601
 hbond_sr_bb                  0.585     -18.075     -10.574
 hbond_lr_bb                  1.170     -24.827     -29.048
 hbond_bb_sc                  1.170      -1.427      -1.669
 hbond_sc                     1.100      -1.515      -1.666
 dslf_ss_dst                  0.500       0.000       0.000
 dslf_cs_ang                  2.000       0.000       0.000
 dslf_ss_dih                  5.000       0.000       0.000
 dslf_ca_dih                  5.000       0.000       0.000
 rama                         0.200     -17.852      -3.570
 omega                        0.500      19.132       9.566
 fa_dun                       0.560     134.445      75.289
 p_aa_pp                      0.320     -22.065      -7.061
 ref                          1.000     -13.870     -13.870
---------------------------------------------------
 Total weighted score:                       10.201
core.pack.task: Packer task: initialize from command line() 
apps.backrub: Running 10000 trials...
protocols.moves.MonteCarlo:      br_CA_CA_04 trials=    762;  accepts= 0.3543;  energy_drop/trial=   0.01548
protocols.moves.MonteCarlo:      br_CA_CA_07 trials=    701;  accepts= 0.3195;  energy_drop/trial=   0.01572
protocols.moves.MonteCarlo:      br_CA_CA_10 trials=    703;  accepts= 0.2930;  energy_drop/trial=   0.00859
protocols.moves.MonteCarlo:      br_CA_CA_13 trials=    709;  accepts= 0.2355;  energy_drop/trial=   0.00059
protocols.moves.MonteCarlo:      br_CA_CA_16 trials=    708;  accepts= 0.2359;  energy_drop/trial=  -0.00128
protocols.moves.MonteCarlo:      br_CA_CA_19 trials=    631;  accepts= 0.2139;  energy_drop/trial=  -0.01586
protocols.moves.MonteCarlo:      br_CA_CA_22 trials=    729;  accepts= 0.2154;  energy_drop/trial=  -0.00017
protocols.moves.MonteCarlo:      br_CA_CA_25 trials=    657;  accepts= 0.1872;  energy_drop/trial=  -0.00268
protocols.moves.MonteCarlo:      br_CA_CA_28 trials=    669;  accepts= 0.1779;  energy_drop/trial=   0.00864
protocols.moves.MonteCarlo:      br_CA_CA_31 trials=    649;  accepts= 0.1772;  energy_drop/trial=   0.00519
protocols.moves.MonteCarlo:      br_CA_CA_34 trials=    601;  accepts= 0.2080;  energy_drop/trial=  -0.03453
protocols.moves.MonteCarlo:       sc_chi_rot trials=   2206;  accepts= 0.3840;  energy_drop/trial=  -0.02867
protocols.moves.MonteCarlo:      sc_chi_unif trials=    275;  accepts= 0.0255;  energy_drop/trial=  -0.00722
apps.backrub: Last Score:
apps.backrub: ------------------------------------------------------------
 Scores                       Weight   Raw Score Wghtd.Score
------------------------------------------------------------
 fa_atr                       0.800    -224.077    -179.262
 fa_rep                       0.440      53.848      23.693
 fa_sol                       0.650     141.544      92.003
 fa_intra_rep                 0.004     137.548       0.550
 mm_bend                      1.000      13.171      13.171
 pro_close                    1.000       0.000       0.000
 fa_pair                      0.490      -7.872      -3.857
 hbond_sr_bb                  0.585     -10.510      -6.148
 hbond_lr_bb                  1.170     -17.202     -20.126
 hbond_bb_sc                  1.170      -1.087      -1.271
 hbond_sc                     1.100      -0.740      -0.814
 dslf_ss_dst                  0.500       0.000       0.000
 dslf_cs_ang                  2.000       0.000       0.000
 dslf_ss_dih                  5.000       0.000       0.000
 dslf_ca_dih                  5.000       0.000       0.000
 rama                         0.200     -14.416      -2.883
 omega                        0.500      19.132       9.566
 fa_dun                       0.560      80.601      45.137
 p_aa_pp                      0.320     -18.890      -6.045
 ref                          1.000     -13.870     -13.870
---------------------------------------------------
 Total weighted score:                      -50.157
apps.backrub: Low Score:
apps.backrub: ------------------------------------------------------------
 Scores                       Weight   Raw Score Wghtd.Score
------------------------------------------------------------
 fa_atr                       0.800    -234.891    -187.913
 fa_rep                       0.440      56.773      24.980
 fa_sol                       0.650     143.690      93.398
 fa_intra_rep                 0.004     123.199       0.493
 mm_bend                      1.000      10.551      10.551
 pro_close                    1.000       0.000       0.000
 fa_pair                      0.490      -6.317      -3.095
 hbond_sr_bb                  0.585     -15.717      -9.194
 hbond_lr_bb                  1.170     -19.048     -22.286
 hbond_bb_sc                  1.170      -1.730      -2.024
 hbond_sc                     1.100      -0.546      -0.601
 dslf_ss_dst                  0.500       0.000       0.000
 dslf_cs_ang                  2.000       0.000       0.000
 dslf_ss_dih                  5.000       0.000       0.000
 dslf_ca_dih                  5.000       0.000       0.000
 rama                         0.200     -12.543      -2.509
 omega                        0.500      19.132       9.566
 fa_dun                       0.560      67.558      37.833
 p_aa_pp                      0.320     -18.279      -5.849
 ref                          1.000     -13.870     -13.870
---------------------------------------------------
 Total weighted score:                      -70.519
