core.init: Mini-Rosetta version 40577 from https://svn.rosettacommons.org/source/branches/releases/rosetta-3.2/rosetta_source
core.init: command: /netapp/home/colin/rosetta/rosetta-3.2/rosetta_source/bin/backrub.linuxgccrelease -database /netapp/home/colin/rosetta/rosetta-3.2/rosetta_database -s /netapp/home/colin/backrub_seqtol/input_files/2QMT/2QMT.pdb -ignore_unrecognized_res -ex1 -ex2 -extrachi_cutoff 0 -out:prefix 2QMT_0013 -mute core.io.pdb.file_data -backrub:ntrials 10000 -score:weights standard -score:patch score12
core.init: 'RNG device' seed mode, using '/dev/urandom', seed=519016985 seed_offset=0 real_seed=519016985
core.init.random: RandomGenerator:init: Normal mode, seed=519016985 RG_type=mt19937
core.scoring.ScoreFunctionFactory: SCOREFUNCTION: standard
core.scoring.ScoreFunctionFactory: SCOREFUNCTION PATCH: score12
core.scoring.etable: Starting energy table calculation
core.scoring.etable: smooth_etable: changing atr/rep split to bottom of energy well
core.scoring.etable: smooth_etable: spline smoothing lj etables (maxdis = 6)
core.scoring.etable: smooth_etable: spline smoothing solvation etables (max_dis = 6)
core.scoring.etable: Finished calculating energy tables.
core.io.database: Database file opened: /netapp/home/colin/rosetta/rosetta-3.2/rosetta_database/pdb_pair_stats_fine
core.io.database: Database file opened: /netapp/home/colin/rosetta/rosetta-3.2/rosetta_database/scoring/score_functions/hbonds/standard_params/HBPoly1D.csv
core.io.database: Database file opened: /netapp/home/colin/rosetta/rosetta-3.2/rosetta_database/scoring/score_functions/hbonds/standard_params/HBFadeIntervals.csv
core.io.database: Database file opened: /netapp/home/colin/rosetta/rosetta-3.2/rosetta_database/scoring/score_functions/hbonds/standard_params/HBEval.csv
core.io.database: Database file opened: /netapp/home/colin/rosetta/rosetta-3.2/rosetta_database/P_AA
core.io.database: Database file opened: /netapp/home/colin/rosetta/rosetta-3.2/rosetta_database/P_AA_n
core.io.database: Database file opened: /netapp/home/colin/rosetta/rosetta-3.2/rosetta_database/P_AA_pp
core.io.database: Database file opened: /netapp/home/colin/rosetta/rosetta-3.2/rosetta_database/Rama_smooth_dyn.dat_ss_6.4
core.mm.MMBondAngleLibrary: MM bond angle sets added fully assigned: 474; wildcard: 0 and 1 virtual parameter.
core.io.database: Database file opened: /netapp/home/colin/rosetta/rosetta-3.2/rosetta_database/branch_angle/branch_angle_1.txt
core.io.database: Database file opened: /netapp/home/colin/rosetta/rosetta-3.2/rosetta_database/branch_angle/branch_angle_2.txt
core.scoring.dunbrack: Dunbrack library took 0.07 seconds to load from binary
apps.backrub: Processing /netapp/home/colin/backrub_seqtol/input_files/2QMT/2QMT.pdb...
core.pack.task: Packer task: initialize from command line() 
protocols.moves.BackrubMover: Segment lengths: 3-34 atoms
protocols.moves.BackrubMover: Main chain pivot atoms: CA
protocols.moves.BackrubMover: Adding backrub segments for residues 1-56
protocols.moves.BackrubMover: Total Segments Added: 550
apps.backrub: Score After PDB Load:
apps.backrub: ------------------------------------------------------------
 Scores                       Weight   Raw Score Wghtd.Score
------------------------------------------------------------
 fa_atr                       0.800    -250.698    -200.559
 fa_rep                       0.440      52.864      23.260
 fa_sol                       0.650     159.918     103.947
 fa_intra_rep                 0.004     118.704       0.475
 mm_bend                      1.000      51.525      51.525
 pro_close                    1.000       0.000       0.000
 fa_pair                      0.490      -7.409      -3.630
 hbond_sr_bb                  0.585     -18.075     -10.574
 hbond_lr_bb                  1.170     -24.827     -29.048
 hbond_bb_sc                  1.170      -2.758      -3.227
 hbond_sc                     1.100      -1.951      -2.146
 dslf_ss_dst                  0.500       0.000       0.000
 dslf_cs_ang                  2.000       0.000       0.000
 dslf_ss_dih                  5.000       0.000       0.000
 dslf_ca_dih                  5.000       0.000       0.000
 rama                         0.200     -17.852      -3.570
 omega                        0.500      19.132       9.566
 fa_dun                       0.560     134.445      75.289
 p_aa_pp                      0.320     -22.065      -7.061
 ref                          1.000     -13.870     -13.870
---------------------------------------------------
 Total weighted score:                       -9.623
core.pack.task: Packer task: initialize from command line() 
apps.backrub: Score After Branch Angle Optimization/Side Chain Idealization:
apps.backrub: ------------------------------------------------------------
 Scores                       Weight   Raw Score Wghtd.Score
------------------------------------------------------------
 fa_atr                       0.800    -249.272    -199.418
 fa_rep                       0.440     175.852      77.375
 fa_sol                       0.650     159.318     103.557
 fa_intra_rep                 0.004     152.483       0.610
 mm_bend                      1.000      14.281      14.281
 pro_close                    1.000       0.000       0.000
 fa_pair                      0.490      -7.349      -3.601
 hbond_sr_bb                  0.585     -18.075     -10.574
 hbond_lr_bb                  1.170     -24.827     -29.048
 hbond_bb_sc                  1.170      -1.427      -1.669
 hbond_sc                     1.100      -1.515      -1.666
 dslf_ss_dst                  0.500       0.000       0.000
 dslf_cs_ang                  2.000       0.000       0.000
 dslf_ss_dih                  5.000       0.000       0.000
 dslf_ca_dih                  5.000       0.000       0.000
 rama                         0.200     -17.852      -3.570
 omega                        0.500      19.132       9.566
 fa_dun                       0.560     134.445      75.289
 p_aa_pp                      0.320     -22.065      -7.061
 ref                          1.000     -13.870     -13.870
---------------------------------------------------
 Total weighted score:                       10.201
core.pack.task: Packer task: initialize from command line() 
apps.backrub: Running 10000 trials...
protocols.moves.MonteCarlo:      br_CA_CA_04 trials=    769;  accepts= 0.3732;  energy_drop/trial=  -0.00051
protocols.moves.MonteCarlo:      br_CA_CA_07 trials=    756;  accepts= 0.2950;  energy_drop/trial=   0.00870
protocols.moves.MonteCarlo:      br_CA_CA_10 trials=    717;  accepts= 0.3222;  energy_drop/trial=   0.00444
protocols.moves.MonteCarlo:      br_CA_CA_13 trials=    688;  accepts= 0.2529;  energy_drop/trial=   0.00351
protocols.moves.MonteCarlo:      br_CA_CA_16 trials=    689;  accepts= 0.2308;  energy_drop/trial=  -0.02261
protocols.moves.MonteCarlo:      br_CA_CA_19 trials=    675;  accepts= 0.2193;  energy_drop/trial=   0.00226
protocols.moves.MonteCarlo:      br_CA_CA_22 trials=    684;  accepts= 0.2135;  energy_drop/trial=  -0.00847
protocols.moves.MonteCarlo:      br_CA_CA_25 trials=    649;  accepts= 0.1880;  energy_drop/trial=   0.01132
protocols.moves.MonteCarlo:      br_CA_CA_28 trials=    640;  accepts= 0.1922;  energy_drop/trial=   0.00750
protocols.moves.MonteCarlo:      br_CA_CA_31 trials=    597;  accepts= 0.1575;  energy_drop/trial=  -0.00474
protocols.moves.MonteCarlo:      br_CA_CA_34 trials=    593;  accepts= 0.1939;  energy_drop/trial=  -0.00174
protocols.moves.MonteCarlo:       sc_chi_rot trials=   2290;  accepts= 0.3834;  energy_drop/trial=  -0.02723
protocols.moves.MonteCarlo:      sc_chi_unif trials=    253;  accepts= 0.0356;  energy_drop/trial=   0.00142
apps.backrub: Last Score:
apps.backrub: ------------------------------------------------------------
 Scores                       Weight   Raw Score Wghtd.Score
------------------------------------------------------------
 fa_atr                       0.800    -210.382    -168.306
 fa_rep                       0.440      55.132      24.258
 fa_sol                       0.650     134.715      87.565
 fa_intra_rep                 0.004     142.440       0.570
 mm_bend                      1.000      13.192      13.192
 pro_close                    1.000       0.000       0.000
 fa_pair                      0.490      -6.415      -3.144
 hbond_sr_bb                  0.585     -15.139      -8.856
 hbond_lr_bb                  1.170     -17.441     -20.406
 hbond_bb_sc                  1.170      -2.118      -2.479
 hbond_sc                     1.100      -0.203      -0.223
 dslf_ss_dst                  0.500       0.000       0.000
 dslf_cs_ang                  2.000       0.000       0.000
 dslf_ss_dih                  5.000       0.000       0.000
 dslf_ca_dih                  5.000       0.000       0.000
 rama                         0.200      -4.048      -0.810
 omega                        0.500      19.132       9.566
 fa_dun                       0.560      69.104      38.698
 p_aa_pp                      0.320     -22.879      -7.321
 ref                          1.000     -13.870     -13.870
---------------------------------------------------
 Total weighted score:                      -51.565
apps.backrub: Low Score:
apps.backrub: ------------------------------------------------------------
 Scores                       Weight   Raw Score Wghtd.Score
------------------------------------------------------------
 fa_atr                       0.800    -232.322    -185.858
 fa_rep                       0.440      42.599      18.744
 fa_sol                       0.650     145.857      94.807
 fa_intra_rep                 0.004     135.733       0.543
 mm_bend                      1.000      15.186      15.186
 pro_close                    1.000       0.000       0.000
 fa_pair                      0.490      -7.374      -3.613
 hbond_sr_bb                  0.585     -16.316      -9.545
 hbond_lr_bb                  1.170     -23.623     -27.639
 hbond_bb_sc                  1.170      -1.447      -1.693
 hbond_sc                     1.100      -0.723      -0.795
 dslf_ss_dst                  0.500       0.000       0.000
 dslf_cs_ang                  2.000       0.000       0.000
 dslf_ss_dih                  5.000       0.000       0.000
 dslf_ca_dih                  5.000       0.000       0.000
 rama                         0.200     -15.071      -3.014
 omega                        0.500      19.132       9.566
 fa_dun                       0.560      84.161      47.130
 p_aa_pp                      0.320     -21.407      -6.850
 ref                          1.000     -13.870     -13.870
---------------------------------------------------
 Total weighted score:                      -66.903
