core.init: Mini-Rosetta version 40577 from https://svn.rosettacommons.org/source/branches/releases/rosetta-3.2/rosetta_source
core.init: command: /netapp/home/colin/rosetta/rosetta-3.2/rosetta_source/bin/sequence_tolerance.linuxgccrelease -database /netapp/home/colin/rosetta/rosetta-3.2/rosetta_database -s 2QMT_0007_low.pdb -ex1 -ex2 -extrachi_cutoff 0 -seq_tol:fitness_master_weights 1 1 -ms:generations 5 -ms:pop_size 2000 -ms:pop_from_ss 1 -ms:checkpoint:prefix 2QMT_0007 -ms:checkpoint:interval 200 -ms:checkpoint:gz -ms:numresults 0 -out:prefix 2QMT_0007 -score:weights standard -score:patch score12 -score:ref_offsets HIS 1.2 -resfile /netapp/home/colin/backrub_seqtol/input_files/2QMT/2QMT_seqtol.resfile
core.init: 'RNG device' seed mode, using '/dev/urandom', seed=-779602147 seed_offset=0 real_seed=-779602147
core.init.random: RandomGenerator:init: Normal mode, seed=-779602147 RG_type=mt19937
core.pack.task: Packer task: initialize from command line() 
core.pack.task: Packer task: initialize from command line() 
core.scoring.ScoreFunctionFactory: SCOREFUNCTION: standard
core.scoring.ScoreFunctionFactory: SCOREFUNCTION PATCH: score12
core.scoring.etable: Starting energy table calculation
core.scoring.etable: smooth_etable: changing atr/rep split to bottom of energy well
core.scoring.etable: smooth_etable: spline smoothing lj etables (maxdis = 6)
core.scoring.etable: smooth_etable: spline smoothing solvation etables (max_dis = 6)
core.scoring.etable: Finished calculating energy tables.
core.io.database: Database file opened: /netapp/home/colin/rosetta/rosetta-3.2/rosetta_database/pdb_pair_stats_fine
core.io.database: Database file opened: /netapp/home/colin/rosetta/rosetta-3.2/rosetta_database/scoring/score_functions/hbonds/standard_params/HBPoly1D.csv
core.io.database: Database file opened: /netapp/home/colin/rosetta/rosetta-3.2/rosetta_database/scoring/score_functions/hbonds/standard_params/HBFadeIntervals.csv
core.io.database: Database file opened: /netapp/home/colin/rosetta/rosetta-3.2/rosetta_database/scoring/score_functions/hbonds/standard_params/HBEval.csv
core.io.database: Database file opened: /netapp/home/colin/rosetta/rosetta-3.2/rosetta_database/P_AA
core.io.database: Database file opened: /netapp/home/colin/rosetta/rosetta-3.2/rosetta_database/P_AA_n
core.io.database: Database file opened: /netapp/home/colin/rosetta/rosetta-3.2/rosetta_database/P_AA_pp
core.io.database: Database file opened: /netapp/home/colin/rosetta/rosetta-3.2/rosetta_database/Rama_smooth_dyn.dat_ss_6.4
core.scoring.dunbrack: Dunbrack library took 0.07 seconds to load from binary
app.sequence_tolerance: Residue Decomposition: [Set 1 (A): [1, 2, 3, 4, 5, 6, 7, 8, 9, 10, 11, 12, 13, 14, 15, 16, 17, 18, 19, 20, 21, 22, 23, 24, 25, 26, 27, 28, 29, 30, 31, 32, 33, 34, 35, 36, 37, 38, 39, 40, 41, 42, 43, 44, 45, 46, 47, 48, 49, 50, 51, 52, 53, 54, 55, 56]]
app.sequence_tolerance: Fitness Function Master Weights: [1, 1]
app.sequence_tolerance: Fitness of Starting Structure: 
---------------------------------------------------
Score Type                  Other        A    Total
---------------------------------------------------
fa_atr                      0.000 -187.091 -187.091
fa_rep                      0.000   21.049   21.049
fa_sol                      0.000   92.861   92.861
fa_intra_rep                0.000    0.589    0.589
pro_close                   0.000    0.000    0.000
fa_pair                     0.000   -2.996   -2.996
hbond_sr_bb                -9.762    0.000   -9.762
hbond_lr_bb               -25.196    0.000  -25.196
hbond_bb_sc                 0.000   -1.667   -1.667
hbond_sc                    0.000   -1.207   -1.207
dslf_ss_dst                 0.000    0.000    0.000
dslf_cs_ang                 0.000    0.000    0.000
dslf_ss_dih                 0.000    0.000    0.000
dslf_ca_dih                 0.000    0.000    0.000
rama                        0.000   -3.390   -3.390
omega                       0.000    9.569    9.569
fa_dun                      0.000   48.354   48.354
p_aa_pp                     0.000   -7.388   -7.388
ref                         0.000  -13.870  -13.870
---------------------------------------------------
Total                     -34.958  -45.187  -80.144

core.pack.interaction_graph.interaction_graph_factory: Instantiating PDInteractionGraph
core.pack.pack_rotamers: built 12035 rotamers at 47 positions.
core.pack.pack_rotamers: IG: 191940328 bytes
app.sequence_tolerance: There are 1 positive states and 0 negative states
protocols.multistate_design.MultiStatePacker: Best single-state design score:   -98.18
app.sequence_tolerance: Adding single-state design entities:
app.sequence_tolerance: AA:5:L AA:7:K AA:16:T AA:18:T AA:30:F AA:33:E 
app.sequence_tolerance: Generation 1:
app.sequence_tolerance: Distinct new entities: 2000
app.sequence_tolerance: Duplicate new entities: 0
app.sequence_tolerance: Entities from previous generation: 0
app.sequence_tolerance: Entities resurrected from earlier generations: 0
app.sequence_tolerance: Fitness Percentiles: 0%=-98.1758 25%=-82.0926 50%=-75.0721 75%=66.6947 100%=834.654
app.sequence_tolerance: Best new entity:
MultiStateEntity with traits: AA:5:L AA:7:K AA:16:T AA:18:T AA:30:F AA:33:E and fitness -98.176
 SingleState 1 with fitness: -98.1758
app.sequence_tolerance: Generation 2:
app.sequence_tolerance: Distinct new entities: 1949
app.sequence_tolerance: Duplicate new entities: 0
app.sequence_tolerance: Entities from previous generation: 51
app.sequence_tolerance: Entities resurrected from earlier generations: 0
app.sequence_tolerance: Fitness Percentiles: 0%=-98.1758 25%=-83.8736 50%=-79.6957 75%=-69.2578 100%=647.424
app.sequence_tolerance: Best new entity:
MultiStateEntity with traits: AA:5:L AA:7:R AA:16:T AA:18:T AA:30:F AA:33:T and fitness -96.772
 SingleState 1 with fitness: -96.7724
app.sequence_tolerance: Generation 3:
app.sequence_tolerance: Distinct new entities: 1950
app.sequence_tolerance: Duplicate new entities: 1
app.sequence_tolerance: Entities from previous generation: 49
app.sequence_tolerance: Entities resurrected from earlier generations: 0
app.sequence_tolerance: Fitness Percentiles: 0%=-98.1758 25%=-85.0855 50%=-81.739 75%=-75.7401 100%=558.731
app.sequence_tolerance: Best new entity:
MultiStateEntity with traits: AA:5:L AA:7:M AA:16:A AA:18:V AA:30:F AA:33:T and fitness -95.139
 SingleState 1 with fitness: -95.1388
app.sequence_tolerance: Generation 4:
app.sequence_tolerance: Distinct new entities: 1942
app.sequence_tolerance: Duplicate new entities: 1
app.sequence_tolerance: Entities from previous generation: 54
app.sequence_tolerance: Entities resurrected from earlier generations: 3
app.sequence_tolerance: Fitness Percentiles: 0%=-98.1758 25%=-85.8187 50%=-83.0438 75%=-77.4713 100%=742.686
app.sequence_tolerance: Best new entity:
MultiStateEntity with traits: AA:5:L AA:7:M AA:16:T AA:18:I AA:30:F AA:33:W and fitness -95.441
 SingleState 1 with fitness: -95.4413
app.sequence_tolerance: Generation 5:
app.sequence_tolerance: Distinct new entities: 1950
app.sequence_tolerance: Duplicate new entities: 0
app.sequence_tolerance: Entities from previous generation: 47
app.sequence_tolerance: Entities resurrected from earlier generations: 3
app.sequence_tolerance: Fitness Percentiles: 0%=-98.1758 25%=-86.5013 50%=-83.8643 75%=-79.5166 100%=561.385
app.sequence_tolerance: Best new entity:
MultiStateEntity with traits: AA:5:L AA:7:K AA:16:I AA:18:T AA:30:F AA:33:E and fitness -96.381
 SingleState 1 with fitness: -96.3809
app.sequence_tolerance: Evaluated 9791 sequences out of 64000000 possible.
Best sequences:
