core.init: Mini-Rosetta version 40577 from https://svn.rosettacommons.org/source/branches/releases/rosetta-3.2/rosetta_source
core.init: command: /netapp/home/colin/rosetta/rosetta-3.2/rosetta_source/bin/backrub.linuxgccrelease -database /netapp/home/colin/rosetta/rosetta-3.2/rosetta_database -s /netapp/home/colin/backrub_seqtol/input_files/2QMT/2QMT.pdb -ignore_unrecognized_res -ex1 -ex2 -extrachi_cutoff 0 -out:prefix 2QMT_0002 -mute core.io.pdb.file_data -backrub:ntrials 10000 -score:weights standard -score:patch score12
core.init: 'RNG device' seed mode, using '/dev/urandom', seed=-736951424 seed_offset=0 real_seed=-736951424
core.init.random: RandomGenerator:init: Normal mode, seed=-736951424 RG_type=mt19937
core.scoring.ScoreFunctionFactory: SCOREFUNCTION: standard
core.scoring.ScoreFunctionFactory: SCOREFUNCTION PATCH: score12
core.scoring.etable: Starting energy table calculation
core.scoring.etable: smooth_etable: changing atr/rep split to bottom of energy well
core.scoring.etable: smooth_etable: spline smoothing lj etables (maxdis = 6)
core.scoring.etable: smooth_etable: spline smoothing solvation etables (max_dis = 6)
core.scoring.etable: Finished calculating energy tables.
core.io.database: Database file opened: /netapp/home/colin/rosetta/rosetta-3.2/rosetta_database/pdb_pair_stats_fine
core.io.database: Database file opened: /netapp/home/colin/rosetta/rosetta-3.2/rosetta_database/scoring/score_functions/hbonds/standard_params/HBPoly1D.csv
core.io.database: Database file opened: /netapp/home/colin/rosetta/rosetta-3.2/rosetta_database/scoring/score_functions/hbonds/standard_params/HBFadeIntervals.csv
core.io.database: Database file opened: /netapp/home/colin/rosetta/rosetta-3.2/rosetta_database/scoring/score_functions/hbonds/standard_params/HBEval.csv
core.io.database: Database file opened: /netapp/home/colin/rosetta/rosetta-3.2/rosetta_database/P_AA
core.io.database: Database file opened: /netapp/home/colin/rosetta/rosetta-3.2/rosetta_database/P_AA_n
core.io.database: Database file opened: /netapp/home/colin/rosetta/rosetta-3.2/rosetta_database/P_AA_pp
core.io.database: Database file opened: /netapp/home/colin/rosetta/rosetta-3.2/rosetta_database/Rama_smooth_dyn.dat_ss_6.4
core.mm.MMBondAngleLibrary: MM bond angle sets added fully assigned: 474; wildcard: 0 and 1 virtual parameter.
core.io.database: Database file opened: /netapp/home/colin/rosetta/rosetta-3.2/rosetta_database/branch_angle/branch_angle_1.txt
core.io.database: Database file opened: /netapp/home/colin/rosetta/rosetta-3.2/rosetta_database/branch_angle/branch_angle_2.txt
core.scoring.dunbrack: Dunbrack library took 0.07 seconds to load from binary
apps.backrub: Processing /netapp/home/colin/backrub_seqtol/input_files/2QMT/2QMT.pdb...
core.pack.task: Packer task: initialize from command line() 
protocols.moves.BackrubMover: Segment lengths: 3-34 atoms
protocols.moves.BackrubMover: Main chain pivot atoms: CA
protocols.moves.BackrubMover: Adding backrub segments for residues 1-56
protocols.moves.BackrubMover: Total Segments Added: 550
apps.backrub: Score After PDB Load:
apps.backrub: ------------------------------------------------------------
 Scores                       Weight   Raw Score Wghtd.Score
------------------------------------------------------------
 fa_atr                       0.800    -250.698    -200.559
 fa_rep                       0.440      52.864      23.260
 fa_sol                       0.650     159.918     103.947
 fa_intra_rep                 0.004     118.704       0.475
 mm_bend                      1.000      51.525      51.525
 pro_close                    1.000       0.000       0.000
 fa_pair                      0.490      -7.409      -3.630
 hbond_sr_bb                  0.585     -18.075     -10.574
 hbond_lr_bb                  1.170     -24.827     -29.048
 hbond_bb_sc                  1.170      -2.758      -3.227
 hbond_sc                     1.100      -1.951      -2.146
 dslf_ss_dst                  0.500       0.000       0.000
 dslf_cs_ang                  2.000       0.000       0.000
 dslf_ss_dih                  5.000       0.000       0.000
 dslf_ca_dih                  5.000       0.000       0.000
 rama                         0.200     -17.852      -3.570
 omega                        0.500      19.132       9.566
 fa_dun                       0.560     134.445      75.289
 p_aa_pp                      0.320     -22.065      -7.061
 ref                          1.000     -13.870     -13.870
---------------------------------------------------
 Total weighted score:                       -9.623
core.pack.task: Packer task: initialize from command line() 
apps.backrub: Score After Branch Angle Optimization/Side Chain Idealization:
apps.backrub: ------------------------------------------------------------
 Scores                       Weight   Raw Score Wghtd.Score
------------------------------------------------------------
 fa_atr                       0.800    -249.272    -199.418
 fa_rep                       0.440     175.852      77.375
 fa_sol                       0.650     159.318     103.557
 fa_intra_rep                 0.004     152.483       0.610
 mm_bend                      1.000      14.281      14.281
 pro_close                    1.000       0.000       0.000
 fa_pair                      0.490      -7.349      -3.601
 hbond_sr_bb                  0.585     -18.075     -10.574
 hbond_lr_bb                  1.170     -24.827     -29.048
 hbond_bb_sc                  1.170      -1.427      -1.669
 hbond_sc                     1.100      -1.515      -1.666
 dslf_ss_dst                  0.500       0.000       0.000
 dslf_cs_ang                  2.000       0.000       0.000
 dslf_ss_dih                  5.000       0.000       0.000
 dslf_ca_dih                  5.000       0.000       0.000
 rama                         0.200     -17.852      -3.570
 omega                        0.500      19.132       9.566
 fa_dun                       0.560     134.445      75.289
 p_aa_pp                      0.320     -22.065      -7.061
 ref                          1.000     -13.870     -13.870
---------------------------------------------------
 Total weighted score:                       10.201
core.pack.task: Packer task: initialize from command line() 
apps.backrub: Running 10000 trials...
protocols.moves.MonteCarlo:      br_CA_CA_04 trials=    743;  accepts= 0.3647;  energy_drop/trial=   0.01833
protocols.moves.MonteCarlo:      br_CA_CA_07 trials=    710;  accepts= 0.3127;  energy_drop/trial=  -0.00613
protocols.moves.MonteCarlo:      br_CA_CA_10 trials=    728;  accepts= 0.3036;  energy_drop/trial=  -0.00526
protocols.moves.MonteCarlo:      br_CA_CA_13 trials=    774;  accepts= 0.2351;  energy_drop/trial=   0.00121
protocols.moves.MonteCarlo:      br_CA_CA_16 trials=    682;  accepts= 0.2478;  energy_drop/trial=   0.00218
protocols.moves.MonteCarlo:      br_CA_CA_19 trials=    652;  accepts= 0.2362;  energy_drop/trial=  -0.00696
protocols.moves.MonteCarlo:      br_CA_CA_22 trials=    700;  accepts= 0.2200;  energy_drop/trial=  -0.04004
protocols.moves.MonteCarlo:      br_CA_CA_25 trials=    644;  accepts= 0.1630;  energy_drop/trial=  -0.00771
protocols.moves.MonteCarlo:      br_CA_CA_28 trials=    639;  accepts= 0.1831;  energy_drop/trial=   0.00994
protocols.moves.MonteCarlo:      br_CA_CA_31 trials=    630;  accepts= 0.1968;  energy_drop/trial=   0.00297
protocols.moves.MonteCarlo:      br_CA_CA_34 trials=    618;  accepts= 0.1505;  energy_drop/trial=   0.00408
protocols.moves.MonteCarlo:       sc_chi_rot trials=   2223;  accepts= 0.3756;  energy_drop/trial=  -0.01499
protocols.moves.MonteCarlo:      sc_chi_unif trials=    257;  accepts= 0.0233;  energy_drop/trial=   0.00625
apps.backrub: Last Score:
apps.backrub: ------------------------------------------------------------
 Scores                       Weight   Raw Score Wghtd.Score
------------------------------------------------------------
 fa_atr                       0.800    -215.030    -172.024
 fa_rep                       0.440      58.028      25.532
 fa_sol                       0.650     135.852      88.304
 fa_intra_rep                 0.004     124.666       0.499
 mm_bend                      1.000      13.972      13.972
 pro_close                    1.000       0.000       0.000
 fa_pair                      0.490      -3.654      -1.790
 hbond_sr_bb                  0.585     -11.711      -6.851
 hbond_lr_bb                  1.170     -20.924     -24.481
 hbond_bb_sc                  1.170      -0.990      -1.158
 hbond_sc                     1.100       0.000       0.000
 dslf_ss_dst                  0.500       0.000       0.000
 dslf_cs_ang                  2.000       0.000       0.000
 dslf_ss_dih                  5.000       0.000       0.000
 dslf_ca_dih                  5.000       0.000       0.000
 rama                         0.200      -0.008      -0.002
 omega                        0.500      19.132       9.566
 fa_dun                       0.560      83.576      46.802
 p_aa_pp                      0.320     -15.443      -4.942
 ref                          1.000     -13.870     -13.870
---------------------------------------------------
 Total weighted score:                      -40.443
apps.backrub: Low Score:
apps.backrub: ------------------------------------------------------------
 Scores                       Weight   Raw Score Wghtd.Score
------------------------------------------------------------
 fa_atr                       0.800    -235.566    -188.453
 fa_rep                       0.440      57.385      25.249
 fa_sol                       0.650     143.038      92.974
 fa_intra_rep                 0.004     133.894       0.536
 mm_bend                      1.000      11.577      11.577
 pro_close                    1.000       0.000       0.000
 fa_pair                      0.490      -6.058      -2.968
 hbond_sr_bb                  0.585     -18.465     -10.802
 hbond_lr_bb                  1.170     -21.686     -25.372
 hbond_bb_sc                  1.170      -0.920      -1.077
 hbond_sc                     1.100      -1.581      -1.739
 dslf_ss_dst                  0.500       0.000       0.000
 dslf_cs_ang                  2.000       0.000       0.000
 dslf_ss_dih                  5.000       0.000       0.000
 dslf_ca_dih                  5.000       0.000       0.000
 rama                         0.200     -16.071      -3.214
 omega                        0.500      19.132       9.566
 fa_dun                       0.560      80.191      44.907
 p_aa_pp                      0.320     -21.859      -6.995
 ref                          1.000     -13.870     -13.870
---------------------------------------------------
 Total weighted score:                      -69.680
