core.init: Mini-Rosetta version 40577 from https://svn.rosettacommons.org/source/branches/releases/rosetta-3.2/rosetta_source
core.init: command: /netapp/home/colin/rosetta/rosetta-3.2/rosetta_source/bin/backrub.linuxgccrelease -database /netapp/home/colin/rosetta/rosetta-3.2/rosetta_database -s /netapp/home/colin/backrub_seqtol/input_files/2QMT/2QMT.pdb -ignore_unrecognized_res -ex1 -ex2 -extrachi_cutoff 0 -out:prefix 2QMT_0010 -mute core.io.pdb.file_data -backrub:ntrials 10000 -score:weights standard -score:patch score12
core.init: 'RNG device' seed mode, using '/dev/urandom', seed=2108902755 seed_offset=0 real_seed=2108902755
core.init.random: RandomGenerator:init: Normal mode, seed=2108902755 RG_type=mt19937
core.scoring.ScoreFunctionFactory: SCOREFUNCTION: standard
core.scoring.ScoreFunctionFactory: SCOREFUNCTION PATCH: score12
core.scoring.etable: Starting energy table calculation
core.scoring.etable: smooth_etable: changing atr/rep split to bottom of energy well
core.scoring.etable: smooth_etable: spline smoothing lj etables (maxdis = 6)
core.scoring.etable: smooth_etable: spline smoothing solvation etables (max_dis = 6)
core.scoring.etable: Finished calculating energy tables.
core.io.database: Database file opened: /netapp/home/colin/rosetta/rosetta-3.2/rosetta_database/pdb_pair_stats_fine
core.io.database: Database file opened: /netapp/home/colin/rosetta/rosetta-3.2/rosetta_database/scoring/score_functions/hbonds/standard_params/HBPoly1D.csv
core.io.database: Database file opened: /netapp/home/colin/rosetta/rosetta-3.2/rosetta_database/scoring/score_functions/hbonds/standard_params/HBFadeIntervals.csv
core.io.database: Database file opened: /netapp/home/colin/rosetta/rosetta-3.2/rosetta_database/scoring/score_functions/hbonds/standard_params/HBEval.csv
core.io.database: Database file opened: /netapp/home/colin/rosetta/rosetta-3.2/rosetta_database/P_AA
core.io.database: Database file opened: /netapp/home/colin/rosetta/rosetta-3.2/rosetta_database/P_AA_n
core.io.database: Database file opened: /netapp/home/colin/rosetta/rosetta-3.2/rosetta_database/P_AA_pp
core.io.database: Database file opened: /netapp/home/colin/rosetta/rosetta-3.2/rosetta_database/Rama_smooth_dyn.dat_ss_6.4
core.mm.MMBondAngleLibrary: MM bond angle sets added fully assigned: 474; wildcard: 0 and 1 virtual parameter.
core.io.database: Database file opened: /netapp/home/colin/rosetta/rosetta-3.2/rosetta_database/branch_angle/branch_angle_1.txt
core.io.database: Database file opened: /netapp/home/colin/rosetta/rosetta-3.2/rosetta_database/branch_angle/branch_angle_2.txt
core.scoring.dunbrack: Dunbrack library took 0.07 seconds to load from binary
apps.backrub: Processing /netapp/home/colin/backrub_seqtol/input_files/2QMT/2QMT.pdb...
core.pack.task: Packer task: initialize from command line() 
protocols.moves.BackrubMover: Segment lengths: 3-34 atoms
protocols.moves.BackrubMover: Main chain pivot atoms: CA
protocols.moves.BackrubMover: Adding backrub segments for residues 1-56
protocols.moves.BackrubMover: Total Segments Added: 550
apps.backrub: Score After PDB Load:
apps.backrub: ------------------------------------------------------------
 Scores                       Weight   Raw Score Wghtd.Score
------------------------------------------------------------
 fa_atr                       0.800    -250.698    -200.559
 fa_rep                       0.440      52.864      23.260
 fa_sol                       0.650     159.918     103.947
 fa_intra_rep                 0.004     118.704       0.475
 mm_bend                      1.000      51.525      51.525
 pro_close                    1.000       0.000       0.000
 fa_pair                      0.490      -7.409      -3.630
 hbond_sr_bb                  0.585     -18.075     -10.574
 hbond_lr_bb                  1.170     -24.827     -29.048
 hbond_bb_sc                  1.170      -2.758      -3.227
 hbond_sc                     1.100      -1.951      -2.146
 dslf_ss_dst                  0.500       0.000       0.000
 dslf_cs_ang                  2.000       0.000       0.000
 dslf_ss_dih                  5.000       0.000       0.000
 dslf_ca_dih                  5.000       0.000       0.000
 rama                         0.200     -17.852      -3.570
 omega                        0.500      19.132       9.566
 fa_dun                       0.560     134.445      75.289
 p_aa_pp                      0.320     -22.065      -7.061
 ref                          1.000     -13.870     -13.870
---------------------------------------------------
 Total weighted score:                       -9.623
core.pack.task: Packer task: initialize from command line() 
apps.backrub: Score After Branch Angle Optimization/Side Chain Idealization:
apps.backrub: ------------------------------------------------------------
 Scores                       Weight   Raw Score Wghtd.Score
------------------------------------------------------------
 fa_atr                       0.800    -249.272    -199.418
 fa_rep                       0.440     175.852      77.375
 fa_sol                       0.650     159.318     103.557
 fa_intra_rep                 0.004     152.483       0.610
 mm_bend                      1.000      14.281      14.281
 pro_close                    1.000       0.000       0.000
 fa_pair                      0.490      -7.349      -3.601
 hbond_sr_bb                  0.585     -18.075     -10.574
 hbond_lr_bb                  1.170     -24.827     -29.048
 hbond_bb_sc                  1.170      -1.427      -1.669
 hbond_sc                     1.100      -1.515      -1.666
 dslf_ss_dst                  0.500       0.000       0.000
 dslf_cs_ang                  2.000       0.000       0.000
 dslf_ss_dih                  5.000       0.000       0.000
 dslf_ca_dih                  5.000       0.000       0.000
 rama                         0.200     -17.852      -3.570
 omega                        0.500      19.132       9.566
 fa_dun                       0.560     134.445      75.289
 p_aa_pp                      0.320     -22.065      -7.061
 ref                          1.000     -13.870     -13.870
---------------------------------------------------
 Total weighted score:                       10.201
core.pack.task: Packer task: initialize from command line() 
apps.backrub: Running 10000 trials...
protocols.moves.MonteCarlo:      br_CA_CA_04 trials=    735;  accepts= 0.3578;  energy_drop/trial=  -0.00052
protocols.moves.MonteCarlo:      br_CA_CA_07 trials=    743;  accepts= 0.3203;  energy_drop/trial=   0.01400
protocols.moves.MonteCarlo:      br_CA_CA_10 trials=    711;  accepts= 0.3108;  energy_drop/trial=  -0.03612
protocols.moves.MonteCarlo:      br_CA_CA_13 trials=    747;  accepts= 0.2637;  energy_drop/trial=   0.00761
protocols.moves.MonteCarlo:      br_CA_CA_16 trials=    670;  accepts= 0.2522;  energy_drop/trial=   0.00496
protocols.moves.MonteCarlo:      br_CA_CA_19 trials=    689;  accepts= 0.2206;  energy_drop/trial=   0.00248
protocols.moves.MonteCarlo:      br_CA_CA_22 trials=    664;  accepts= 0.1898;  energy_drop/trial=  -0.00678
protocols.moves.MonteCarlo:      br_CA_CA_25 trials=    630;  accepts= 0.1746;  energy_drop/trial=   0.00876
protocols.moves.MonteCarlo:      br_CA_CA_28 trials=    654;  accepts= 0.1651;  energy_drop/trial=  -0.01116
protocols.moves.MonteCarlo:      br_CA_CA_31 trials=    627;  accepts= 0.1786;  energy_drop/trial=  -0.02229
protocols.moves.MonteCarlo:      br_CA_CA_34 trials=    620;  accepts= 0.1758;  energy_drop/trial=  -0.00178
protocols.moves.MonteCarlo:       sc_chi_rot trials=   2261;  accepts= 0.3728;  energy_drop/trial=  -0.02068
protocols.moves.MonteCarlo:      sc_chi_unif trials=    249;  accepts= 0.0522;  energy_drop/trial=   0.03270
apps.backrub: Last Score:
apps.backrub: ------------------------------------------------------------
 Scores                       Weight   Raw Score Wghtd.Score
------------------------------------------------------------
 fa_atr                       0.800    -224.754    -179.803
 fa_rep                       0.440      61.883      27.228
 fa_sol                       0.650     140.443      91.288
 fa_intra_rep                 0.004     126.231       0.505
 mm_bend                      1.000      15.531      15.531
 pro_close                    1.000       0.000       0.000
 fa_pair                      0.490      -7.108      -3.483
 hbond_sr_bb                  0.585     -11.874      -6.946
 hbond_lr_bb                  1.170     -19.680     -23.026
 hbond_bb_sc                  1.170      -0.842      -0.985
 hbond_sc                     1.100      -0.383      -0.421
 dslf_ss_dst                  0.500       0.000       0.000
 dslf_cs_ang                  2.000       0.000       0.000
 dslf_ss_dih                  5.000       0.000       0.000
 dslf_ca_dih                  5.000       0.000       0.000
 rama                         0.200      -9.755      -1.951
 omega                        0.500      19.132       9.566
 fa_dun                       0.560      68.964      38.620
 p_aa_pp                      0.320     -21.733      -6.955
 ref                          1.000     -13.870     -13.870
---------------------------------------------------
 Total weighted score:                      -54.702
apps.backrub: Low Score:
apps.backrub: ------------------------------------------------------------
 Scores                       Weight   Raw Score Wghtd.Score
------------------------------------------------------------
 fa_atr                       0.800    -233.986    -187.189
 fa_rep                       0.440      50.659      22.290
 fa_sol                       0.650     146.318      95.107
 fa_intra_rep                 0.004     130.629       0.523
 mm_bend                      1.000      13.627      13.627
 pro_close                    1.000       0.000       0.000
 fa_pair                      0.490      -8.637      -4.232
 hbond_sr_bb                  0.585     -16.140      -9.442
 hbond_lr_bb                  1.170     -19.396     -22.694
 hbond_bb_sc                  1.170      -1.922      -2.249
 hbond_sc                     1.100      -1.691      -1.860
 dslf_ss_dst                  0.500       0.000       0.000
 dslf_cs_ang                  2.000       0.000       0.000
 dslf_ss_dih                  5.000       0.000       0.000
 dslf_ca_dih                  5.000       0.000       0.000
 rama                         0.200      -9.441      -1.888
 omega                        0.500      19.132       9.566
 fa_dun                       0.560      70.490      39.474
 p_aa_pp                      0.320     -22.982      -7.354
 ref                          1.000     -13.870     -13.870
---------------------------------------------------
 Total weighted score:                      -70.192
