core.init: Mini-Rosetta version 40577 from https://svn.rosettacommons.org/source/branches/releases/rosetta-3.2/rosetta_source
core.init: command: /netapp/home/colin/rosetta/rosetta-3.2/rosetta_source/bin/sequence_tolerance.linuxgccrelease -database /netapp/home/colin/rosetta/rosetta-3.2/rosetta_database -s 2QMT_0008_low.pdb -ex1 -ex2 -extrachi_cutoff 0 -seq_tol:fitness_master_weights 1 1 -ms:generations 5 -ms:pop_size 2000 -ms:pop_from_ss 1 -ms:checkpoint:prefix 2QMT_0008 -ms:checkpoint:interval 200 -ms:checkpoint:gz -ms:numresults 0 -out:prefix 2QMT_0008 -score:weights standard -score:patch score12 -score:ref_offsets HIS 1.2 -resfile /netapp/home/colin/backrub_seqtol/input_files/2QMT/2QMT_seqtol.resfile
core.init: 'RNG device' seed mode, using '/dev/urandom', seed=1238146668 seed_offset=0 real_seed=1238146668
core.init.random: RandomGenerator:init: Normal mode, seed=1238146668 RG_type=mt19937
core.pack.task: Packer task: initialize from command line() 
core.pack.task: Packer task: initialize from command line() 
core.scoring.ScoreFunctionFactory: SCOREFUNCTION: standard
core.scoring.ScoreFunctionFactory: SCOREFUNCTION PATCH: score12
core.scoring.etable: Starting energy table calculation
core.scoring.etable: smooth_etable: changing atr/rep split to bottom of energy well
core.scoring.etable: smooth_etable: spline smoothing lj etables (maxdis = 6)
core.scoring.etable: smooth_etable: spline smoothing solvation etables (max_dis = 6)
core.scoring.etable: Finished calculating energy tables.
core.io.database: Database file opened: /netapp/home/colin/rosetta/rosetta-3.2/rosetta_database/pdb_pair_stats_fine
core.io.database: Database file opened: /netapp/home/colin/rosetta/rosetta-3.2/rosetta_database/scoring/score_functions/hbonds/standard_params/HBPoly1D.csv
core.io.database: Database file opened: /netapp/home/colin/rosetta/rosetta-3.2/rosetta_database/scoring/score_functions/hbonds/standard_params/HBFadeIntervals.csv
core.io.database: Database file opened: /netapp/home/colin/rosetta/rosetta-3.2/rosetta_database/scoring/score_functions/hbonds/standard_params/HBEval.csv
core.io.database: Database file opened: /netapp/home/colin/rosetta/rosetta-3.2/rosetta_database/P_AA
core.io.database: Database file opened: /netapp/home/colin/rosetta/rosetta-3.2/rosetta_database/P_AA_n
core.io.database: Database file opened: /netapp/home/colin/rosetta/rosetta-3.2/rosetta_database/P_AA_pp
core.io.database: Database file opened: /netapp/home/colin/rosetta/rosetta-3.2/rosetta_database/Rama_smooth_dyn.dat_ss_6.4
core.scoring.dunbrack: Dunbrack library took 0.06 seconds to load from binary
app.sequence_tolerance: Residue Decomposition: [Set 1 (A): [1, 2, 3, 4, 5, 6, 7, 8, 9, 10, 11, 12, 13, 14, 15, 16, 17, 18, 19, 20, 21, 22, 23, 24, 25, 26, 27, 28, 29, 30, 31, 32, 33, 34, 35, 36, 37, 38, 39, 40, 41, 42, 43, 44, 45, 46, 47, 48, 49, 50, 51, 52, 53, 54, 55, 56]]
app.sequence_tolerance: Fitness Function Master Weights: [1, 1]
app.sequence_tolerance: Fitness of Starting Structure: 
---------------------------------------------------
Score Type                  Other        A    Total
---------------------------------------------------
fa_atr                      0.000 -184.216 -184.216
fa_rep                      0.000   20.836   20.836
fa_sol                      0.000   92.184   92.184
fa_intra_rep                0.000    0.514    0.514
pro_close                   0.000    0.000    0.000
fa_pair                     0.000   -3.536   -3.536
hbond_sr_bb                -9.743    0.000   -9.743
hbond_lr_bb               -26.276    0.000  -26.276
hbond_bb_sc                 0.000   -2.267   -2.267
hbond_sc                    0.000   -0.313   -0.313
dslf_ss_dst                 0.000    0.000    0.000
dslf_cs_ang                 0.000    0.000    0.000
dslf_ss_dih                 0.000    0.000    0.000
dslf_ca_dih                 0.000    0.000    0.000
rama                        0.000   -2.700   -2.700
omega                       0.000    9.569    9.569
fa_dun                      0.000   42.339   42.339
p_aa_pp                     0.000   -6.689   -6.689
ref                         0.000  -13.870  -13.870
---------------------------------------------------
Total                     -36.018  -48.148  -84.166

core.pack.interaction_graph.interaction_graph_factory: Instantiating PDInteractionGraph
core.pack.pack_rotamers: built 12132 rotamers at 47 positions.
core.pack.pack_rotamers: IG: 190809812 bytes
app.sequence_tolerance: There are 1 positive states and 0 negative states
protocols.multistate_design.MultiStatePacker: Best single-state design score:  -100.59
app.sequence_tolerance: Adding single-state design entities:
app.sequence_tolerance: AA:5:L AA:7:L AA:16:V AA:18:R AA:30:F AA:33:F 
app.sequence_tolerance: Generation 1:
app.sequence_tolerance: Distinct new entities: 2000
app.sequence_tolerance: Duplicate new entities: 0
app.sequence_tolerance: Entities from previous generation: 0
app.sequence_tolerance: Entities resurrected from earlier generations: 0
app.sequence_tolerance: Fitness Percentiles: 0%=-100.776 25%=-87.3384 50%=-81.8891 75%=53.6103 100%=583.512
app.sequence_tolerance: Best new entity:
MultiStateEntity with traits: AA:5:L AA:7:L AA:16:V AA:18:R AA:30:F AA:33:F and fitness -100.776
 SingleState 1 with fitness: -100.776
app.sequence_tolerance: Generation 2:
app.sequence_tolerance: Distinct new entities: 1957
app.sequence_tolerance: Duplicate new entities: 5
app.sequence_tolerance: Entities from previous generation: 38
app.sequence_tolerance: Entities resurrected from earlier generations: 0
app.sequence_tolerance: Fitness Percentiles: 0%=-100.776 25%=-88.8341 50%=-85.8028 75%=-79.0578 100%=346.374
app.sequence_tolerance: Best new entity:
MultiStateEntity with traits: AA:5:L AA:7:E AA:16:T AA:18:G AA:30:F AA:33:D and fitness -96.506
 SingleState 1 with fitness: -96.5056
app.sequence_tolerance: Generation 3:
app.sequence_tolerance: Distinct new entities: 1938
app.sequence_tolerance: Duplicate new entities: 1
app.sequence_tolerance: Entities from previous generation: 58
app.sequence_tolerance: Entities resurrected from earlier generations: 3
app.sequence_tolerance: Fitness Percentiles: 0%=-100.776 25%=-89.6707 50%=-87.3562 75%=-83.4944 100%=500.58
app.sequence_tolerance: Best new entity:
MultiStateEntity with traits: AA:5:L AA:7:L AA:16:C AA:18:T AA:30:F AA:33:M and fitness -96.968
 SingleState 1 with fitness: -96.9683
app.sequence_tolerance: Generation 4:
app.sequence_tolerance: Distinct new entities: 1947
app.sequence_tolerance: Duplicate new entities: 4
app.sequence_tolerance: Entities from previous generation: 48
app.sequence_tolerance: Entities resurrected from earlier generations: 1
app.sequence_tolerance: Fitness Percentiles: 0%=-100.776 25%=-90.1643 50%=-88.0925 75%=-84.458 100%=420.156
app.sequence_tolerance: Best new entity:
MultiStateEntity with traits: AA:5:L AA:7:L AA:16:Q AA:18:A AA:30:F AA:33:D and fitness -99.595
 SingleState 1 with fitness: -99.595
app.sequence_tolerance: Generation 5:
app.sequence_tolerance: Distinct new entities: 1959
app.sequence_tolerance: Duplicate new entities: 1
app.sequence_tolerance: Entities from previous generation: 39
app.sequence_tolerance: Entities resurrected from earlier generations: 1
app.sequence_tolerance: Fitness Percentiles: 0%=-100.776 25%=-90.5242 50%=-88.2177 75%=-85.1785 100%=349.376
app.sequence_tolerance: Best new entity:
MultiStateEntity with traits: AA:5:L AA:7:L AA:16:V AA:18:R AA:30:F AA:33:W and fitness -98.965
 SingleState 1 with fitness: -98.9649
app.sequence_tolerance: Evaluated 9801 sequences out of 64000000 possible.
Best sequences:
