core.init: Mini-Rosetta version 40577 from https://svn.rosettacommons.org/source/branches/releases/rosetta-3.2/rosetta_source
core.init: command: /netapp/home/colin/rosetta/rosetta-3.2/rosetta_source/bin/sequence_tolerance.linuxgccrelease -database /netapp/home/colin/rosetta/rosetta-3.2/rosetta_database -s 2QMT_0001_low.pdb -ex1 -ex2 -extrachi_cutoff 0 -seq_tol:fitness_master_weights 1 1 -ms:generations 5 -ms:pop_size 2000 -ms:pop_from_ss 1 -ms:checkpoint:prefix 2QMT_0001 -ms:checkpoint:interval 200 -ms:checkpoint:gz -ms:numresults 0 -out:prefix 2QMT_0001 -score:weights standard -score:patch score12 -score:ref_offsets HIS 1.2 -resfile /netapp/home/colin/backrub_seqtol/input_files/2QMT/2QMT_seqtol.resfile
core.init: 'RNG device' seed mode, using '/dev/urandom', seed=688208887 seed_offset=0 real_seed=688208887
core.init.random: RandomGenerator:init: Normal mode, seed=688208887 RG_type=mt19937
core.pack.task: Packer task: initialize from command line() 
core.pack.task: Packer task: initialize from command line() 
core.scoring.ScoreFunctionFactory: SCOREFUNCTION: standard
core.scoring.ScoreFunctionFactory: SCOREFUNCTION PATCH: score12
core.scoring.etable: Starting energy table calculation
core.scoring.etable: smooth_etable: changing atr/rep split to bottom of energy well
core.scoring.etable: smooth_etable: spline smoothing lj etables (maxdis = 6)
core.scoring.etable: smooth_etable: spline smoothing solvation etables (max_dis = 6)
core.scoring.etable: Finished calculating energy tables.
core.io.database: Database file opened: /netapp/home/colin/rosetta/rosetta-3.2/rosetta_database/pdb_pair_stats_fine
core.io.database: Database file opened: /netapp/home/colin/rosetta/rosetta-3.2/rosetta_database/scoring/score_functions/hbonds/standard_params/HBPoly1D.csv
core.io.database: Database file opened: /netapp/home/colin/rosetta/rosetta-3.2/rosetta_database/scoring/score_functions/hbonds/standard_params/HBFadeIntervals.csv
core.io.database: Database file opened: /netapp/home/colin/rosetta/rosetta-3.2/rosetta_database/scoring/score_functions/hbonds/standard_params/HBEval.csv
core.io.database: Database file opened: /netapp/home/colin/rosetta/rosetta-3.2/rosetta_database/P_AA
core.io.database: Database file opened: /netapp/home/colin/rosetta/rosetta-3.2/rosetta_database/P_AA_n
core.io.database: Database file opened: /netapp/home/colin/rosetta/rosetta-3.2/rosetta_database/P_AA_pp
core.io.database: Database file opened: /netapp/home/colin/rosetta/rosetta-3.2/rosetta_database/Rama_smooth_dyn.dat_ss_6.4
core.scoring.dunbrack: Dunbrack library took 0.07 seconds to load from binary
app.sequence_tolerance: Residue Decomposition: [Set 1 (A): [1, 2, 3, 4, 5, 6, 7, 8, 9, 10, 11, 12, 13, 14, 15, 16, 17, 18, 19, 20, 21, 22, 23, 24, 25, 26, 27, 28, 29, 30, 31, 32, 33, 34, 35, 36, 37, 38, 39, 40, 41, 42, 43, 44, 45, 46, 47, 48, 49, 50, 51, 52, 53, 54, 55, 56]]
app.sequence_tolerance: Fitness Function Master Weights: [1, 1]
app.sequence_tolerance: Fitness of Starting Structure: 
---------------------------------------------------
Score Type                  Other        A    Total
---------------------------------------------------
fa_atr                      0.000 -180.161 -180.161
fa_rep                      0.000   24.102   24.102
fa_sol                      0.000   89.649   89.649
fa_intra_rep                0.000    0.551    0.551
pro_close                   0.000    0.000    0.000
fa_pair                     0.000   -4.138   -4.138
hbond_sr_bb                -8.548    0.000   -8.548
hbond_lr_bb               -24.536    0.000  -24.536
hbond_bb_sc                 0.000   -1.818   -1.818
hbond_sc                    0.000   -0.519   -0.519
dslf_ss_dst                 0.000    0.000    0.000
dslf_cs_ang                 0.000    0.000    0.000
dslf_ss_dih                 0.000    0.000    0.000
dslf_ca_dih                 0.000    0.000    0.000
rama                        0.000   -2.845   -2.845
omega                       0.000    9.572    9.572
fa_dun                      0.000   43.332   43.332
p_aa_pp                     0.000   -5.280   -5.280
ref                         0.000  -13.870  -13.870
---------------------------------------------------
Total                     -33.084  -41.426  -74.510

core.pack.interaction_graph.interaction_graph_factory: Instantiating PDInteractionGraph
core.pack.pack_rotamers: built 11870 rotamers at 47 positions.
core.pack.pack_rotamers: IG: 185260104 bytes
app.sequence_tolerance: There are 1 positive states and 0 negative states
protocols.multistate_design.MultiStatePacker: Best single-state design score:   -89.80
app.sequence_tolerance: Adding single-state design entities:
app.sequence_tolerance: AA:5:L AA:7:K AA:16:T AA:18:T AA:30:F AA:33:L 
app.sequence_tolerance: Generation 1:
app.sequence_tolerance: Distinct new entities: 2000
app.sequence_tolerance: Duplicate new entities: 0
app.sequence_tolerance: Entities from previous generation: 0
app.sequence_tolerance: Entities resurrected from earlier generations: 0
app.sequence_tolerance: Fitness Percentiles: 0%=-89.7839 25%=-75.1652 50%=-69.7177 75%=60.9394 100%=627.904
app.sequence_tolerance: Best new entity:
MultiStateEntity with traits: AA:5:L AA:7:K AA:16:T AA:18:T AA:30:F AA:33:L and fitness -89.784
 SingleState 1 with fitness: -89.7839
app.sequence_tolerance: Generation 2:
app.sequence_tolerance: Distinct new entities: 1957
app.sequence_tolerance: Duplicate new entities: 0
app.sequence_tolerance: Entities from previous generation: 43
app.sequence_tolerance: Entities resurrected from earlier generations: 0
app.sequence_tolerance: Fitness Percentiles: 0%=-89.7839 25%=-76.622 50%=-73.7013 75%=-67.3579 100%=634.659
app.sequence_tolerance: Best new entity:
MultiStateEntity with traits: AA:5:L AA:7:K AA:16:T AA:18:T AA:30:F AA:33:V and fitness -88.507
 SingleState 1 with fitness: -88.5071
app.sequence_tolerance: Generation 3:
app.sequence_tolerance: Distinct new entities: 1956
app.sequence_tolerance: Duplicate new entities: 2
app.sequence_tolerance: Entities from previous generation: 42
app.sequence_tolerance: Entities resurrected from earlier generations: 0
app.sequence_tolerance: Fitness Percentiles: 0%=-89.7839 25%=-77.368 50%=-75.1063 75%=-70.9961 100%=519.237
app.sequence_tolerance: Best new entity:
MultiStateEntity with traits: AA:5:L AA:7:L AA:16:D AA:18:N AA:30:F AA:33:K and fitness -86.552
 SingleState 1 with fitness: -86.552
app.sequence_tolerance: Generation 4:
app.sequence_tolerance: Distinct new entities: 1943
app.sequence_tolerance: Duplicate new entities: 1
app.sequence_tolerance: Entities from previous generation: 53
app.sequence_tolerance: Entities resurrected from earlier generations: 3
app.sequence_tolerance: Fitness Percentiles: 0%=-89.7839 25%=-77.8902 50%=-75.7046 75%=-72.0581 100%=491.591
app.sequence_tolerance: Best new entity:
MultiStateEntity with traits: AA:5:S AA:7:Y AA:16:S AA:18:T AA:30:F AA:33:R and fitness -86.160
 SingleState 1 with fitness: -86.1602
app.sequence_tolerance: Generation 5:
app.sequence_tolerance: Distinct new entities: 1945
app.sequence_tolerance: Duplicate new entities: 0
app.sequence_tolerance: Entities from previous generation: 55
app.sequence_tolerance: Entities resurrected from earlier generations: 0
app.sequence_tolerance: Fitness Percentiles: 0%=-89.7839 25%=-78.3285 50%=-76.1373 75%=-72.668 100%=473.463
app.sequence_tolerance: Best new entity:
MultiStateEntity with traits: AA:5:L AA:7:K AA:16:T AA:18:T AA:30:F AA:33:D and fitness -88.768
 SingleState 1 with fitness: -88.7685
app.sequence_tolerance: Evaluated 9801 sequences out of 64000000 possible.
Best sequences:
