core.init: Mini-Rosetta version 40577 from https://svn.rosettacommons.org/source/branches/releases/rosetta-3.2/rosetta_source
core.init: command: /netapp/home/colin/rosetta/rosetta-3.2/rosetta_source/bin/sequence_tolerance.linuxgccrelease -database /netapp/home/colin/rosetta/rosetta-3.2/rosetta_database -s 2QMT_0009_low.pdb -ex1 -ex2 -extrachi_cutoff 0 -seq_tol:fitness_master_weights 1 1 -ms:generations 5 -ms:pop_size 2000 -ms:pop_from_ss 1 -ms:checkpoint:prefix 2QMT_0009 -ms:checkpoint:interval 200 -ms:checkpoint:gz -ms:numresults 0 -out:prefix 2QMT_0009 -score:weights standard -score:patch score12 -score:ref_offsets HIS 1.2 -resfile /netapp/home/colin/backrub_seqtol/input_files/2QMT/2QMT_seqtol.resfile
core.init: 'RNG device' seed mode, using '/dev/urandom', seed=-1474699117 seed_offset=0 real_seed=-1474699117
core.init.random: RandomGenerator:init: Normal mode, seed=-1474699117 RG_type=mt19937
core.pack.task: Packer task: initialize from command line() 
core.pack.task: Packer task: initialize from command line() 
core.scoring.ScoreFunctionFactory: SCOREFUNCTION: standard
core.scoring.ScoreFunctionFactory: SCOREFUNCTION PATCH: score12
core.scoring.etable: Starting energy table calculation
core.scoring.etable: smooth_etable: changing atr/rep split to bottom of energy well
core.scoring.etable: smooth_etable: spline smoothing lj etables (maxdis = 6)
core.scoring.etable: smooth_etable: spline smoothing solvation etables (max_dis = 6)
core.scoring.etable: Finished calculating energy tables.
core.io.database: Database file opened: /netapp/home/colin/rosetta/rosetta-3.2/rosetta_database/pdb_pair_stats_fine
core.io.database: Database file opened: /netapp/home/colin/rosetta/rosetta-3.2/rosetta_database/scoring/score_functions/hbonds/standard_params/HBPoly1D.csv
core.io.database: Database file opened: /netapp/home/colin/rosetta/rosetta-3.2/rosetta_database/scoring/score_functions/hbonds/standard_params/HBFadeIntervals.csv
core.io.database: Database file opened: /netapp/home/colin/rosetta/rosetta-3.2/rosetta_database/scoring/score_functions/hbonds/standard_params/HBEval.csv
core.io.database: Database file opened: /netapp/home/colin/rosetta/rosetta-3.2/rosetta_database/P_AA
core.io.database: Database file opened: /netapp/home/colin/rosetta/rosetta-3.2/rosetta_database/P_AA_n
core.io.database: Database file opened: /netapp/home/colin/rosetta/rosetta-3.2/rosetta_database/P_AA_pp
core.io.database: Database file opened: /netapp/home/colin/rosetta/rosetta-3.2/rosetta_database/Rama_smooth_dyn.dat_ss_6.4
core.scoring.dunbrack: Dunbrack library took 0.06 seconds to load from binary
app.sequence_tolerance: Residue Decomposition: [Set 1 (A): [1, 2, 3, 4, 5, 6, 7, 8, 9, 10, 11, 12, 13, 14, 15, 16, 17, 18, 19, 20, 21, 22, 23, 24, 25, 26, 27, 28, 29, 30, 31, 32, 33, 34, 35, 36, 37, 38, 39, 40, 41, 42, 43, 44, 45, 46, 47, 48, 49, 50, 51, 52, 53, 54, 55, 56]]
app.sequence_tolerance: Fitness Function Master Weights: [1, 1]
app.sequence_tolerance: Fitness of Starting Structure: 
---------------------------------------------------
Score Type                  Other        A    Total
---------------------------------------------------
fa_atr                      0.000 -187.911 -187.911
fa_rep                      0.000   24.979   24.979
fa_sol                      0.000   93.396   93.396
fa_intra_rep                0.000    0.493    0.493
pro_close                   0.000    0.000    0.000
fa_pair                     0.000   -3.095   -3.095
hbond_sr_bb                -9.194    0.000   -9.194
hbond_lr_bb               -22.283    0.000  -22.283
hbond_bb_sc                 0.000   -2.025   -2.025
hbond_sc                    0.000   -0.601   -0.601
dslf_ss_dst                 0.000    0.000    0.000
dslf_cs_ang                 0.000    0.000    0.000
dslf_ss_dih                 0.000    0.000    0.000
dslf_ca_dih                 0.000    0.000    0.000
rama                        0.000   -2.510   -2.510
omega                       0.000    9.579    9.579
fa_dun                      0.000   37.852   37.852
p_aa_pp                     0.000   -5.850   -5.850
ref                         0.000  -13.870  -13.870
---------------------------------------------------
Total                     -31.477  -49.562  -81.039

core.pack.interaction_graph.interaction_graph_factory: Instantiating PDInteractionGraph
core.pack.pack_rotamers: built 10754 rotamers at 47 positions.
core.pack.pack_rotamers: IG: 148679912 bytes
app.sequence_tolerance: There are 1 positive states and 0 negative states
protocols.multistate_design.MultiStatePacker: Best single-state design score:   -91.70
app.sequence_tolerance: Adding single-state design entities:
app.sequence_tolerance: AA:5:L AA:7:L AA:16:R AA:18:V AA:30:F AA:33:F 
app.sequence_tolerance: Generation 1:
app.sequence_tolerance: Distinct new entities: 2000
app.sequence_tolerance: Duplicate new entities: 0
app.sequence_tolerance: Entities from previous generation: 0
app.sequence_tolerance: Entities resurrected from earlier generations: 0
app.sequence_tolerance: Fitness Percentiles: 0%=-91.6994 25%=-77.1965 50%=-65.237 75%=132.338 100%=837.323
app.sequence_tolerance: Best new entity:
MultiStateEntity with traits: AA:5:L AA:7:L AA:16:R AA:18:V AA:30:F AA:33:F and fitness -91.699
 SingleState 1 with fitness: -91.6994
app.sequence_tolerance: Generation 2:
app.sequence_tolerance: Distinct new entities: 1963
app.sequence_tolerance: Duplicate new entities: 1
app.sequence_tolerance: Entities from previous generation: 36
app.sequence_tolerance: Entities resurrected from earlier generations: 0
app.sequence_tolerance: Fitness Percentiles: 0%=-91.6994 25%=-79.3696 50%=-74.1113 75%=-36.2727 100%=597.682
app.sequence_tolerance: Best new entity:
MultiStateEntity with traits: AA:5:L AA:7:M AA:16:R AA:18:V AA:30:F AA:33:F and fitness -90.362
 SingleState 1 with fitness: -90.3617
app.sequence_tolerance: Generation 3:
app.sequence_tolerance: Distinct new entities: 1956
app.sequence_tolerance: Duplicate new entities: 1
app.sequence_tolerance: Entities from previous generation: 39
app.sequence_tolerance: Entities resurrected from earlier generations: 4
app.sequence_tolerance: Fitness Percentiles: 0%=-91.6994 25%=-80.3817 50%=-76.9059 75%=-67.9048 100%=507.767
app.sequence_tolerance: Best new entity:
MultiStateEntity with traits: AA:5:M AA:7:M AA:16:K AA:18:K AA:30:F AA:33:F and fitness -88.568
 SingleState 1 with fitness: -88.5685
app.sequence_tolerance: Generation 4:
app.sequence_tolerance: Distinct new entities: 1955
app.sequence_tolerance: Duplicate new entities: 0
app.sequence_tolerance: Entities from previous generation: 42
app.sequence_tolerance: Entities resurrected from earlier generations: 3
app.sequence_tolerance: Fitness Percentiles: 0%=-91.6994 25%=-81.0099 50%=-78.1483 75%=-71.4034 100%=545.561
app.sequence_tolerance: Best new entity:
MultiStateEntity with traits: AA:5:M AA:7:M AA:16:Q AA:18:K AA:30:F AA:33:Q and fitness -88.879
 SingleState 1 with fitness: -88.8788
app.sequence_tolerance: Generation 5:
app.sequence_tolerance: Distinct new entities: 1957
app.sequence_tolerance: Duplicate new entities: 1
app.sequence_tolerance: Entities from previous generation: 42
app.sequence_tolerance: Entities resurrected from earlier generations: 0
app.sequence_tolerance: Fitness Percentiles: 0%=-91.6994 25%=-81.452 50%=-78.9986 75%=-73.116 100%=679.293
app.sequence_tolerance: Best new entity:
MultiStateEntity with traits: AA:5:L AA:7:L AA:16:R AA:18:S AA:30:F AA:33:F and fitness -91.110
 SingleState 1 with fitness: -91.1097
app.sequence_tolerance: Evaluated 9831 sequences out of 64000000 possible.
Best sequences:
