core.init: Mini-Rosetta version 40577 from https://svn.rosettacommons.org/source/branches/releases/rosetta-3.2/rosetta_source
core.init: command: /netapp/home/colin/rosetta/rosetta-3.2/rosetta_source/bin/backrub.linuxgccrelease -database /netapp/home/colin/rosetta/rosetta-3.2/rosetta_database -s /netapp/home/colin/backrub_seqtol/input_files/2QMT/2QMT.pdb -ignore_unrecognized_res -ex1 -ex2 -extrachi_cutoff 0 -out:prefix 2QMT_0018 -mute core.io.pdb.file_data -backrub:ntrials 10000 -score:weights standard -score:patch score12
core.init: 'RNG device' seed mode, using '/dev/urandom', seed=661045078 seed_offset=0 real_seed=661045078
core.init.random: RandomGenerator:init: Normal mode, seed=661045078 RG_type=mt19937
core.scoring.ScoreFunctionFactory: SCOREFUNCTION: standard
core.scoring.ScoreFunctionFactory: SCOREFUNCTION PATCH: score12
core.scoring.etable: Starting energy table calculation
core.scoring.etable: smooth_etable: changing atr/rep split to bottom of energy well
core.scoring.etable: smooth_etable: spline smoothing lj etables (maxdis = 6)
core.scoring.etable: smooth_etable: spline smoothing solvation etables (max_dis = 6)
core.scoring.etable: Finished calculating energy tables.
core.io.database: Database file opened: /netapp/home/colin/rosetta/rosetta-3.2/rosetta_database/pdb_pair_stats_fine
core.io.database: Database file opened: /netapp/home/colin/rosetta/rosetta-3.2/rosetta_database/scoring/score_functions/hbonds/standard_params/HBPoly1D.csv
core.io.database: Database file opened: /netapp/home/colin/rosetta/rosetta-3.2/rosetta_database/scoring/score_functions/hbonds/standard_params/HBFadeIntervals.csv
core.io.database: Database file opened: /netapp/home/colin/rosetta/rosetta-3.2/rosetta_database/scoring/score_functions/hbonds/standard_params/HBEval.csv
core.io.database: Database file opened: /netapp/home/colin/rosetta/rosetta-3.2/rosetta_database/P_AA
core.io.database: Database file opened: /netapp/home/colin/rosetta/rosetta-3.2/rosetta_database/P_AA_n
core.io.database: Database file opened: /netapp/home/colin/rosetta/rosetta-3.2/rosetta_database/P_AA_pp
core.io.database: Database file opened: /netapp/home/colin/rosetta/rosetta-3.2/rosetta_database/Rama_smooth_dyn.dat_ss_6.4
core.mm.MMBondAngleLibrary: MM bond angle sets added fully assigned: 474; wildcard: 0 and 1 virtual parameter.
core.io.database: Database file opened: /netapp/home/colin/rosetta/rosetta-3.2/rosetta_database/branch_angle/branch_angle_1.txt
core.io.database: Database file opened: /netapp/home/colin/rosetta/rosetta-3.2/rosetta_database/branch_angle/branch_angle_2.txt
core.scoring.dunbrack: Dunbrack library took 0.06 seconds to load from binary
apps.backrub: Processing /netapp/home/colin/backrub_seqtol/input_files/2QMT/2QMT.pdb...
core.pack.task: Packer task: initialize from command line() 
protocols.moves.BackrubMover: Segment lengths: 3-34 atoms
protocols.moves.BackrubMover: Main chain pivot atoms: CA
protocols.moves.BackrubMover: Adding backrub segments for residues 1-56
protocols.moves.BackrubMover: Total Segments Added: 550
apps.backrub: Score After PDB Load:
apps.backrub: ------------------------------------------------------------
 Scores                       Weight   Raw Score Wghtd.Score
------------------------------------------------------------
 fa_atr                       0.800    -250.698    -200.559
 fa_rep                       0.440      52.864      23.260
 fa_sol                       0.650     159.918     103.947
 fa_intra_rep                 0.004     118.704       0.475
 mm_bend                      1.000      51.525      51.525
 pro_close                    1.000       0.000       0.000
 fa_pair                      0.490      -7.409      -3.630
 hbond_sr_bb                  0.585     -18.075     -10.574
 hbond_lr_bb                  1.170     -24.827     -29.048
 hbond_bb_sc                  1.170      -2.758      -3.227
 hbond_sc                     1.100      -1.951      -2.146
 dslf_ss_dst                  0.500       0.000       0.000
 dslf_cs_ang                  2.000       0.000       0.000
 dslf_ss_dih                  5.000       0.000       0.000
 dslf_ca_dih                  5.000       0.000       0.000
 rama                         0.200     -17.852      -3.570
 omega                        0.500      19.132       9.566
 fa_dun                       0.560     134.445      75.289
 p_aa_pp                      0.320     -22.065      -7.061
 ref                          1.000     -13.870     -13.870
---------------------------------------------------
 Total weighted score:                       -9.623
core.pack.task: Packer task: initialize from command line() 
apps.backrub: Score After Branch Angle Optimization/Side Chain Idealization:
apps.backrub: ------------------------------------------------------------
 Scores                       Weight   Raw Score Wghtd.Score
------------------------------------------------------------
 fa_atr                       0.800    -249.272    -199.418
 fa_rep                       0.440     175.852      77.375
 fa_sol                       0.650     159.318     103.557
 fa_intra_rep                 0.004     152.483       0.610
 mm_bend                      1.000      14.281      14.281
 pro_close                    1.000       0.000       0.000
 fa_pair                      0.490      -7.349      -3.601
 hbond_sr_bb                  0.585     -18.075     -10.574
 hbond_lr_bb                  1.170     -24.827     -29.048
 hbond_bb_sc                  1.170      -1.427      -1.669
 hbond_sc                     1.100      -1.515      -1.666
 dslf_ss_dst                  0.500       0.000       0.000
 dslf_cs_ang                  2.000       0.000       0.000
 dslf_ss_dih                  5.000       0.000       0.000
 dslf_ca_dih                  5.000       0.000       0.000
 rama                         0.200     -17.852      -3.570
 omega                        0.500      19.132       9.566
 fa_dun                       0.560     134.445      75.289
 p_aa_pp                      0.320     -22.065      -7.061
 ref                          1.000     -13.870     -13.870
---------------------------------------------------
 Total weighted score:                       10.201
core.pack.task: Packer task: initialize from command line() 
apps.backrub: Running 10000 trials...
protocols.moves.MonteCarlo:      br_CA_CA_04 trials=    708;  accepts= 0.3319;  energy_drop/trial=   0.00566
protocols.moves.MonteCarlo:      br_CA_CA_07 trials=    734;  accepts= 0.3011;  energy_drop/trial=  -0.00710
protocols.moves.MonteCarlo:      br_CA_CA_10 trials=    741;  accepts= 0.3792;  energy_drop/trial=   0.00676
protocols.moves.MonteCarlo:      br_CA_CA_13 trials=    720;  accepts= 0.2486;  energy_drop/trial=   0.01107
protocols.moves.MonteCarlo:      br_CA_CA_16 trials=    657;  accepts= 0.2070;  energy_drop/trial=  -0.01177
protocols.moves.MonteCarlo:      br_CA_CA_19 trials=    650;  accepts= 0.2169;  energy_drop/trial=   0.00249
protocols.moves.MonteCarlo:      br_CA_CA_22 trials=    712;  accepts= 0.2065;  energy_drop/trial=   0.00199
protocols.moves.MonteCarlo:      br_CA_CA_25 trials=    635;  accepts= 0.1843;  energy_drop/trial=  -0.01470
protocols.moves.MonteCarlo:      br_CA_CA_28 trials=    595;  accepts= 0.1731;  energy_drop/trial=   0.01444
protocols.moves.MonteCarlo:      br_CA_CA_31 trials=    619;  accepts= 0.1874;  energy_drop/trial=  -0.00875
protocols.moves.MonteCarlo:      br_CA_CA_34 trials=    637;  accepts= 0.1507;  energy_drop/trial=  -0.01985
protocols.moves.MonteCarlo:       sc_chi_rot trials=   2340;  accepts= 0.3765;  energy_drop/trial=  -0.02369
protocols.moves.MonteCarlo:      sc_chi_unif trials=    252;  accepts= 0.0238;  energy_drop/trial=   0.00103
apps.backrub: Last Score:
apps.backrub: ------------------------------------------------------------
 Scores                       Weight   Raw Score Wghtd.Score
------------------------------------------------------------
 fa_atr                       0.800    -221.165    -176.932
 fa_rep                       0.440      58.339      25.669
 fa_sol                       0.650     137.568      89.419
 fa_intra_rep                 0.004     135.504       0.542
 mm_bend                      1.000      12.097      12.097
 pro_close                    1.000       0.000       0.000
 fa_pair                      0.490      -6.392      -3.132
 hbond_sr_bb                  0.585     -15.527      -9.084
 hbond_lr_bb                  1.170     -18.616     -21.780
 hbond_bb_sc                  1.170      -0.690      -0.808
 hbond_sc                     1.100      -0.020      -0.022
 dslf_ss_dst                  0.500       0.000       0.000
 dslf_cs_ang                  2.000       0.000       0.000
 dslf_ss_dih                  5.000       0.000       0.000
 dslf_ca_dih                  5.000       0.000       0.000
 rama                         0.200      -5.144      -1.029
 omega                        0.500      19.132       9.566
 fa_dun                       0.560      71.103      39.818
 p_aa_pp                      0.320     -22.376      -7.160
 ref                          1.000     -13.870     -13.870
---------------------------------------------------
 Total weighted score:                      -56.705
apps.backrub: Low Score:
apps.backrub: ------------------------------------------------------------
 Scores                       Weight   Raw Score Wghtd.Score
------------------------------------------------------------
 fa_atr                       0.800    -238.146    -190.517
 fa_rep                       0.440      49.929      21.969
 fa_sol                       0.650     145.283      94.434
 fa_intra_rep                 0.004     122.731       0.491
 mm_bend                      1.000      14.206      14.206
 pro_close                    1.000       0.000       0.000
 fa_pair                      0.490      -8.126      -3.982
 hbond_sr_bb                  0.585     -15.647      -9.154
 hbond_lr_bb                  1.170     -22.987     -26.894
 hbond_bb_sc                  1.170      -1.394      -1.631
 hbond_sc                     1.100      -0.974      -1.071
 dslf_ss_dst                  0.500       0.000       0.000
 dslf_cs_ang                  2.000       0.000       0.000
 dslf_ss_dih                  5.000       0.000       0.000
 dslf_ca_dih                  5.000       0.000       0.000
 rama                         0.200     -15.791      -3.158
 omega                        0.500      19.132       9.566
 fa_dun                       0.560      78.471      43.944
 p_aa_pp                      0.320     -24.306      -7.778
 ref                          1.000     -13.870     -13.870
---------------------------------------------------
 Total weighted score:                      -73.446
