core.init: Mini-Rosetta version 40577 from https://svn.rosettacommons.org/source/branches/releases/rosetta-3.2/rosetta_source
core.init: command: /netapp/home/colin/rosetta/rosetta-3.2/rosetta_source/bin/sequence_tolerance.linuxgccrelease -database /netapp/home/colin/rosetta/rosetta-3.2/rosetta_database -s 2QMT_0003_low.pdb -ex1 -ex2 -extrachi_cutoff 0 -seq_tol:fitness_master_weights 1 1 -ms:generations 5 -ms:pop_size 2000 -ms:pop_from_ss 1 -ms:checkpoint:prefix 2QMT_0003 -ms:checkpoint:interval 200 -ms:checkpoint:gz -ms:numresults 0 -out:prefix 2QMT_0003 -score:weights standard -score:patch score12 -score:ref_offsets HIS 1.2 -resfile /netapp/home/colin/backrub_seqtol/input_files/2QMT/2QMT_seqtol.resfile
core.init: 'RNG device' seed mode, using '/dev/urandom', seed=-1760280692 seed_offset=0 real_seed=-1760280692
core.init.random: RandomGenerator:init: Normal mode, seed=-1760280692 RG_type=mt19937
core.pack.task: Packer task: initialize from command line() 
core.pack.task: Packer task: initialize from command line() 
core.scoring.ScoreFunctionFactory: SCOREFUNCTION: standard
core.scoring.ScoreFunctionFactory: SCOREFUNCTION PATCH: score12
core.scoring.etable: Starting energy table calculation
core.scoring.etable: smooth_etable: changing atr/rep split to bottom of energy well
core.scoring.etable: smooth_etable: spline smoothing lj etables (maxdis = 6)
core.scoring.etable: smooth_etable: spline smoothing solvation etables (max_dis = 6)
core.scoring.etable: Finished calculating energy tables.
core.io.database: Database file opened: /netapp/home/colin/rosetta/rosetta-3.2/rosetta_database/pdb_pair_stats_fine
core.io.database: Database file opened: /netapp/home/colin/rosetta/rosetta-3.2/rosetta_database/scoring/score_functions/hbonds/standard_params/HBPoly1D.csv
core.io.database: Database file opened: /netapp/home/colin/rosetta/rosetta-3.2/rosetta_database/scoring/score_functions/hbonds/standard_params/HBFadeIntervals.csv
core.io.database: Database file opened: /netapp/home/colin/rosetta/rosetta-3.2/rosetta_database/scoring/score_functions/hbonds/standard_params/HBEval.csv
core.io.database: Database file opened: /netapp/home/colin/rosetta/rosetta-3.2/rosetta_database/P_AA
core.io.database: Database file opened: /netapp/home/colin/rosetta/rosetta-3.2/rosetta_database/P_AA_n
core.io.database: Database file opened: /netapp/home/colin/rosetta/rosetta-3.2/rosetta_database/P_AA_pp
core.io.database: Database file opened: /netapp/home/colin/rosetta/rosetta-3.2/rosetta_database/Rama_smooth_dyn.dat_ss_6.4
core.scoring.dunbrack: Dunbrack library took 0.05 seconds to load from binary
app.sequence_tolerance: Residue Decomposition: [Set 1 (A): [1, 2, 3, 4, 5, 6, 7, 8, 9, 10, 11, 12, 13, 14, 15, 16, 17, 18, 19, 20, 21, 22, 23, 24, 25, 26, 27, 28, 29, 30, 31, 32, 33, 34, 35, 36, 37, 38, 39, 40, 41, 42, 43, 44, 45, 46, 47, 48, 49, 50, 51, 52, 53, 54, 55, 56]]
app.sequence_tolerance: Fitness Function Master Weights: [1, 1]
app.sequence_tolerance: Fitness of Starting Structure: 
---------------------------------------------------
Score Type                  Other        A    Total
---------------------------------------------------
fa_atr                      0.000 -179.501 -179.501
fa_rep                      0.000   25.575   25.575
fa_sol                      0.000   88.013   88.013
fa_intra_rep                0.000    0.489    0.489
pro_close                   0.000    0.000    0.000
fa_pair                     0.000   -2.990   -2.990
hbond_sr_bb               -10.039    0.000  -10.039
hbond_lr_bb               -25.084    0.000  -25.084
hbond_bb_sc                 0.000   -0.898   -0.898
hbond_sc                    0.000   -0.782   -0.782
dslf_ss_dst                 0.000    0.000    0.000
dslf_cs_ang                 0.000    0.000    0.000
dslf_ss_dih                 0.000    0.000    0.000
dslf_ca_dih                 0.000    0.000    0.000
rama                        0.000   -2.070   -2.070
omega                       0.000    9.585    9.585
fa_dun                      0.000   38.000   38.000
p_aa_pp                     0.000   -5.986   -5.986
ref                         0.000  -13.870  -13.870
---------------------------------------------------
Total                     -35.122  -44.435  -79.557

core.pack.interaction_graph.interaction_graph_factory: Instantiating PDInteractionGraph
core.pack.pack_rotamers: built 11497 rotamers at 47 positions.
core.pack.pack_rotamers: IG: 169682624 bytes
app.sequence_tolerance: There are 1 positive states and 0 negative states
protocols.multistate_design.MultiStatePacker: Best single-state design score:   -94.26
app.sequence_tolerance: Adding single-state design entities:
app.sequence_tolerance: AA:5:L AA:7:L AA:16:T AA:18:A AA:30:F AA:33:L 
app.sequence_tolerance: Generation 1:
app.sequence_tolerance: Distinct new entities: 2000
app.sequence_tolerance: Duplicate new entities: 0
app.sequence_tolerance: Entities from previous generation: 0
app.sequence_tolerance: Entities resurrected from earlier generations: 0
app.sequence_tolerance: Fitness Percentiles: 0%=-94.2122 25%=-79.448 50%=-72.7658 75%=75.8712 100%=718.287
app.sequence_tolerance: Best new entity:
MultiStateEntity with traits: AA:5:L AA:7:L AA:16:T AA:18:A AA:30:F AA:33:L and fitness -94.212
 SingleState 1 with fitness: -94.2122
app.sequence_tolerance: Generation 2:
app.sequence_tolerance: Distinct new entities: 1952
app.sequence_tolerance: Duplicate new entities: 2
app.sequence_tolerance: Entities from previous generation: 46
app.sequence_tolerance: Entities resurrected from earlier generations: 0
app.sequence_tolerance: Fitness Percentiles: 0%=-94.2122 25%=-80.9623 50%=-77.3789 75%=-65.0052 100%=539.959
app.sequence_tolerance: Best new entity:
MultiStateEntity with traits: AA:5:L AA:7:R AA:16:M AA:18:A AA:30:F AA:33:M and fitness -91.597
 SingleState 1 with fitness: -91.597
app.sequence_tolerance: Generation 3:
app.sequence_tolerance: Distinct new entities: 1960
app.sequence_tolerance: Duplicate new entities: 1
app.sequence_tolerance: Entities from previous generation: 37
app.sequence_tolerance: Entities resurrected from earlier generations: 2
app.sequence_tolerance: Fitness Percentiles: 0%=-94.2122 25%=-82.1218 50%=-79.1298 75%=-73.8364 100%=704.514
app.sequence_tolerance: Best new entity:
MultiStateEntity with traits: AA:5:K AA:7:K AA:16:S AA:18:A AA:30:F AA:33:E and fitness -91.125
 SingleState 1 with fitness: -91.1252
app.sequence_tolerance: Generation 4:
app.sequence_tolerance: Distinct new entities: 1956
app.sequence_tolerance: Duplicate new entities: 2
app.sequence_tolerance: Entities from previous generation: 39
app.sequence_tolerance: Entities resurrected from earlier generations: 3
app.sequence_tolerance: Fitness Percentiles: 0%=-94.2122 25%=-82.709 50%=-79.9031 75%=-75.8489 100%=543.101
app.sequence_tolerance: Best new entity:
MultiStateEntity with traits: AA:5:L AA:7:R AA:16:T AA:18:A AA:30:F AA:33:M and fitness -92.000
 SingleState 1 with fitness: -91.9997
app.sequence_tolerance: Generation 5:
app.sequence_tolerance: Distinct new entities: 1928
app.sequence_tolerance: Duplicate new entities: 1
app.sequence_tolerance: Entities from previous generation: 71
app.sequence_tolerance: Entities resurrected from earlier generations: 0
app.sequence_tolerance: Fitness Percentiles: 0%=-94.2122 25%=-83.0859 50%=-80.666 75%=-76.231 100%=589.84
app.sequence_tolerance: Best new entity:
MultiStateEntity with traits: AA:5:L AA:7:R AA:16:T AA:18:A AA:30:F AA:33:I and fitness -92.327
 SingleState 1 with fitness: -92.327
app.sequence_tolerance: Evaluated 9796 sequences out of 64000000 possible.
Best sequences:
