##############################################################################################################
#
# Rosetta crash log. 
#

[START_CRASH_REPORT]
[ROSETTA_VERSION]: 2019.42.post.dev+183.everyday847.generalmonomersampler.41d7f7a4bc9
[COMMIT_DATE]: 2019-11-19T18:39:05
[APPLICATION]: rna_denovo
[MODE]: Release
[EXTRAS]: graphics 
[OS]: Apple Mac OS X
[COMPILER]: Clang version "11.0.0 (clang-1100.0.33.8)"
[STDLIB]: libc++ version 8000
[START_OPTIONS]
 -in:file:s=rna_puzzle_8_homology_START1_8_0_solution_4L81_rpr.pdb -in:file:native=rna_puzzle_8_homology_NATIVE_8_0_solution_4L81_rpr.pdb -in:file:fasta=rna_puzzle_8_homology.fasta -out:nstruct=20 -out:save_times -out:file:silent=farna_rebuild.out -rna:denovo:cycles=20000 -rna:denovo:minimize_rna -rna:denovo:secstruct=(((((....((((....))))(((..((((((.[[[[..))).))).)))..(((((....)))))))))).((((....)))).......]]]]. -stepwise:superimpose_over_all -full_model:working_res=1 2 3 4 5 6 7 8 9 10 11 12 13 14 15 16 17 18 19 20 21 22 23 24 25 26 27 28 29 30 31 32 33 34 35 36 37 38 39 40 41 42 43 44 45 46 47 48 49 50 51 52 53 54 55 56 57 58 59 60 61 62 63 64 65 66 67 68 69 70 71 72 73 74 75 76 77 78 79 80 81 82 83 84 85 86 87 88 89 90 91 92 93 94 95 96

[END_OPTIONS]

[START_BACKTRACE]: RAW_LIBC
1   libutility.dylib                    0x0000000117862b65 utility::signal_handler(int) + 309
2   libsystem_platform.dylib            0x00007fff6dfcfb1d _sigtramp + 29
3   libsystem_blocks.dylib              0x00007fff97e03e40 _NSConcreteStackBlock + 0
4   GLUT                                0x00007fff393815ad -[GLUTApplication run] + 276
5   GLUT                                0x00007fff3938d807 glutMainLoop + 264
6   libprotocols.1.dylib                0x0000000113c8711d protocols::viewer::viewer_main(void* (*)(void*)) + 237
7   rna_denovo                          0x000000010d86fc92 main + 1138
8   libdyld.dylib                       0x00007fff6ddce2e5 start + 1

[END_BACKTRACE]

[FILE]: SIGSEGV
[LINE]: 11
[START_MESSAGE]
Segmentation Fault

[END_MESSAGE]
[END_CRASH_REPORT]

