core.init: Mini-Rosetta version 40577 from https://svn.rosettacommons.org/source/branches/releases/rosetta-3.2/rosetta_source
core.init: command: /netapp/home/colin/rosetta/rosetta-3.2/rosetta_source/bin/backrub.linuxgccrelease -database /netapp/home/colin/rosetta/rosetta-3.2/rosetta_database -s /netapp/home/colin/backrub_seqtol/input_files/2IWP_B_A_V1927/2IWP_B_A_V1927.pdb -ignore_unrecognized_res -ex1 -ex2 -extrachi_cutoff 0 -out:prefix 2IWP_B_A_V1927_0004 -mute core.io.pdb.file_data -backrub:ntrials 10000 -score:weights standard -score:patch score12
core.init: 'RNG device' seed mode, using '/dev/urandom', seed=935335673 seed_offset=0 real_seed=935335673
core.init.random: RandomGenerator:init: Normal mode, seed=935335673 RG_type=mt19937
core.scoring.ScoreFunctionFactory: SCOREFUNCTION: standard
core.scoring.ScoreFunctionFactory: SCOREFUNCTION PATCH: score12
core.scoring.etable: Starting energy table calculation
core.scoring.etable: smooth_etable: changing atr/rep split to bottom of energy well
core.scoring.etable: smooth_etable: spline smoothing lj etables (maxdis = 6)
core.scoring.etable: smooth_etable: spline smoothing solvation etables (max_dis = 6)
core.scoring.etable: Finished calculating energy tables.
core.io.database: Database file opened: /netapp/home/colin/rosetta/rosetta-3.2/rosetta_database/pdb_pair_stats_fine
core.io.database: Database file opened: /netapp/home/colin/rosetta/rosetta-3.2/rosetta_database/scoring/score_functions/hbonds/standard_params/HBPoly1D.csv
core.io.database: Database file opened: /netapp/home/colin/rosetta/rosetta-3.2/rosetta_database/scoring/score_functions/hbonds/standard_params/HBFadeIntervals.csv
core.io.database: Database file opened: /netapp/home/colin/rosetta/rosetta-3.2/rosetta_database/scoring/score_functions/hbonds/standard_params/HBEval.csv
core.io.database: Database file opened: /netapp/home/colin/rosetta/rosetta-3.2/rosetta_database/P_AA
core.io.database: Database file opened: /netapp/home/colin/rosetta/rosetta-3.2/rosetta_database/P_AA_n
core.io.database: Database file opened: /netapp/home/colin/rosetta/rosetta-3.2/rosetta_database/P_AA_pp
core.io.database: Database file opened: /netapp/home/colin/rosetta/rosetta-3.2/rosetta_database/Rama_smooth_dyn.dat_ss_6.4
core.mm.MMBondAngleLibrary: MM bond angle sets added fully assigned: 474; wildcard: 0 and 1 virtual parameter.
core.io.database: Database file opened: /netapp/home/colin/rosetta/rosetta-3.2/rosetta_database/branch_angle/branch_angle_1.txt
core.io.database: Database file opened: /netapp/home/colin/rosetta/rosetta-3.2/rosetta_database/branch_angle/branch_angle_2.txt
core.scoring.dunbrack: Dunbrack library took 0.02 seconds to load from binary
apps.backrub: Processing /netapp/home/colin/backrub_seqtol/input_files/2IWP_B_A_V1927/2IWP_B_A_V1927.pdb...
core.conformation.Conformation: [ WARNING ] missing heavyatom:  OG1 on residue THR_p:NtermProteinFull 1
core.conformation.Conformation: [ WARNING ] missing heavyatom:  CG2 on residue THR_p:NtermProteinFull 1
core.conformation.Conformation: [ WARNING ] missing heavyatom:  CG  on residue LEU 4
core.conformation.Conformation: [ WARNING ] missing heavyatom:  CD1 on residue LEU 4
core.conformation.Conformation: [ WARNING ] missing heavyatom:  CD2 on residue LEU 4
core.conformation.Conformation: [ WARNING ] missing heavyatom:  CG  on residue GLN 7
core.conformation.Conformation: [ WARNING ] missing heavyatom:  CD  on residue GLN 7
core.conformation.Conformation: [ WARNING ] missing heavyatom:  OE1 on residue GLN 7
core.conformation.Conformation: [ WARNING ] missing heavyatom:  NE2 on residue GLN 7
core.conformation.Conformation: [ WARNING ] missing heavyatom:  CG  on residue GLU 15
core.conformation.Conformation: [ WARNING ] missing heavyatom:  CD  on residue GLU 15
core.conformation.Conformation: [ WARNING ] missing heavyatom:  OE1 on residue GLU 15
core.conformation.Conformation: [ WARNING ] missing heavyatom:  OE2 on residue GLU 15
core.conformation.Conformation: [ WARNING ] missing heavyatom:  CG  on residue LYS 17
core.conformation.Conformation: [ WARNING ] missing heavyatom:  CD  on residue LYS 17
core.conformation.Conformation: [ WARNING ] missing heavyatom:  CE  on residue LYS 17
core.conformation.Conformation: [ WARNING ] missing heavyatom:  NZ  on residue LYS 17
core.conformation.Conformation: [ WARNING ] missing heavyatom:  CG  on residue GLN 56
core.conformation.Conformation: [ WARNING ] missing heavyatom:  CD  on residue GLN 56
core.conformation.Conformation: [ WARNING ] missing heavyatom:  OE1 on residue GLN 56
core.conformation.Conformation: [ WARNING ] missing heavyatom:  NE2 on residue GLN 56
core.conformation.Conformation: [ WARNING ] missing heavyatom:  CG  on residue LYS 57
core.conformation.Conformation: [ WARNING ] missing heavyatom:  CD  on residue LYS 57
core.conformation.Conformation: [ WARNING ] missing heavyatom:  CE  on residue LYS 57
core.conformation.Conformation: [ WARNING ] missing heavyatom:  NZ  on residue LYS 57
core.conformation.Conformation: [ WARNING ] missing heavyatom:  OG  on residue SER 90
core.conformation.Conformation: [ WARNING ] missing heavyatom:  CD  on residue GLU 92
core.conformation.Conformation: [ WARNING ] missing heavyatom:  OE1 on residue GLU 92
core.conformation.Conformation: [ WARNING ] missing heavyatom:  OE2 on residue GLU 92
core.pack.task: Packer task: initialize from command line() 
core.pack.pack_missing_sidechains: packing residue number 1 because of missing atom number 6 atom name  OG1
core.pack.pack_missing_sidechains: packing residue number 4 because of missing atom number 6 atom name  CG 
core.pack.pack_missing_sidechains: packing residue number 7 because of missing atom number 6 atom name  CG 
core.pack.pack_missing_sidechains: packing residue number 15 because of missing atom number 6 atom name  CG 
core.pack.pack_missing_sidechains: packing residue number 17 because of missing atom number 6 atom name  CG 
core.pack.pack_missing_sidechains: packing residue number 56 because of missing atom number 6 atom name  CG 
core.pack.pack_missing_sidechains: packing residue number 57 because of missing atom number 6 atom name  CG 
core.pack.pack_missing_sidechains: packing residue number 90 because of missing atom number 6 atom name  OG 
core.pack.pack_missing_sidechains: packing residue number 92 because of missing atom number 7 atom name  CD 
core.pack.interaction_graph.interaction_graph_factory: Instantiating DensePDInteractionGraph
core.pack.pack_rotamers: built 938 rotamers at 9 positions.
core.pack.pack_rotamers: IG: 759476 bytes
protocols.moves.BackrubMover: Segment lengths: 3-34 atoms
protocols.moves.BackrubMover: Main chain pivot atoms: CA
protocols.moves.BackrubMover: Adding backrub segments for residues 1-113
protocols.moves.BackrubMover: Total Segments Added: 1035
apps.backrub: Score After PDB Load:
apps.backrub: ------------------------------------------------------------
 Scores                       Weight   Raw Score Wghtd.Score
------------------------------------------------------------
 fa_atr                       0.800    -418.795    -335.036
 fa_rep                       0.440     158.314      69.658
 fa_sol                       0.650     270.423     175.775
 fa_intra_rep                 0.004     231.018       0.924
 mm_bend                      1.000     125.018     125.018
 pro_close                    1.000      11.648      11.648
 fa_pair                      0.490     -10.008      -4.904
 hbond_sr_bb                  0.585     -22.327     -13.061
 hbond_lr_bb                  1.170     -33.617     -39.332
 hbond_bb_sc                  1.170      -4.218      -4.935
 hbond_sc                     1.100      -3.789      -4.168
 dslf_ss_dst                  0.500       0.000       0.000
 dslf_cs_ang                  2.000       0.000       0.000
 dslf_ss_dih                  5.000       0.000       0.000
 dslf_ca_dih                  5.000       0.000       0.000
 rama                         0.200      -9.261      -1.852
 omega                        0.500      64.565      32.283
 fa_dun                       0.560     297.299     166.487
 p_aa_pp                      0.320     -35.318     -11.302
 ref                          1.000     -22.460     -22.460
---------------------------------------------------
 Total weighted score:                      144.744
core.pack.task: Packer task: initialize from command line() 
apps.backrub: Score After Branch Angle Optimization/Side Chain Idealization:
apps.backrub: ------------------------------------------------------------
 Scores                       Weight   Raw Score Wghtd.Score
------------------------------------------------------------
 fa_atr                       0.800    -414.652    -331.722
 fa_rep                       0.440     204.074      89.792
 fa_sol                       0.650     266.457     173.197
 fa_intra_rep                 0.004     288.142       1.153
 mm_bend                      1.000      51.637      51.637
 pro_close                    1.000      11.648      11.648
 fa_pair                      0.490      -9.957      -4.879
 hbond_sr_bb                  0.585     -22.327     -13.061
 hbond_lr_bb                  1.170     -33.617     -39.332
 hbond_bb_sc                  1.170      -3.021      -3.535
 hbond_sc                     1.100      -2.244      -2.469
 dslf_ss_dst                  0.500       0.000       0.000
 dslf_cs_ang                  2.000       0.000       0.000
 dslf_ss_dih                  5.000       0.000       0.000
 dslf_ca_dih                  5.000       0.000       0.000
 rama                         0.200      -9.261      -1.852
 omega                        0.500      64.565      32.283
 fa_dun                       0.560     300.082     168.046
 p_aa_pp                      0.320     -35.318     -11.302
 ref                          1.000     -22.460     -22.460
---------------------------------------------------
 Total weighted score:                       97.145
core.pack.task: Packer task: initialize from command line() 
apps.backrub: Running 10000 trials...
protocols.moves.MonteCarlo:      br_CA_CA_04 trials=    771;  accepts= 0.4086;  energy_drop/trial=  -0.00809
protocols.moves.MonteCarlo:      br_CA_CA_07 trials=    676;  accepts= 0.3269;  energy_drop/trial=   0.00101
protocols.moves.MonteCarlo:      br_CA_CA_10 trials=    687;  accepts= 0.3188;  energy_drop/trial=   0.01797
protocols.moves.MonteCarlo:      br_CA_CA_13 trials=    740;  accepts= 0.2905;  energy_drop/trial=  -0.00592
protocols.moves.MonteCarlo:      br_CA_CA_16 trials=    689;  accepts= 0.2380;  energy_drop/trial=  -0.00324
protocols.moves.MonteCarlo:      br_CA_CA_19 trials=    697;  accepts= 0.2253;  energy_drop/trial=  -0.01188
protocols.moves.MonteCarlo:      br_CA_CA_22 trials=    644;  accepts= 0.2391;  energy_drop/trial=  -0.02686
protocols.moves.MonteCarlo:      br_CA_CA_25 trials=    672;  accepts= 0.1935;  energy_drop/trial=  -0.00073
protocols.moves.MonteCarlo:      br_CA_CA_28 trials=    670;  accepts= 0.1791;  energy_drop/trial=  -0.01606
protocols.moves.MonteCarlo:      br_CA_CA_31 trials=    634;  accepts= 0.1861;  energy_drop/trial=  -0.00824
protocols.moves.MonteCarlo:      br_CA_CA_34 trials=    619;  accepts= 0.1858;  energy_drop/trial=  -0.00108
protocols.moves.MonteCarlo:       sc_chi_rot trials=   2276;  accepts= 0.4376;  energy_drop/trial=  -0.03631
protocols.moves.MonteCarlo:      sc_chi_unif trials=    225;  accepts= 0.0533;  energy_drop/trial=   0.00983
apps.backrub: Last Score:
apps.backrub: ------------------------------------------------------------
 Scores                       Weight   Raw Score Wghtd.Score
------------------------------------------------------------
 fa_atr                       0.800    -387.049    -309.640
 fa_rep                       0.440     127.437      56.072
 fa_sol                       0.650     237.034     154.072
 fa_intra_rep                 0.004     240.520       0.962
 mm_bend                      1.000      35.850      35.850
 pro_close                    1.000      11.648      11.648
 fa_pair                      0.490      -9.089      -4.453
 hbond_sr_bb                  0.585     -16.850      -9.857
 hbond_lr_bb                  1.170     -26.293     -30.763
 hbond_bb_sc                  1.170      -3.369      -3.941
 hbond_sc                     1.100      -0.402      -0.442
 dslf_ss_dst                  0.500       0.000       0.000
 dslf_cs_ang                  2.000       0.000       0.000
 dslf_ss_dih                  5.000       0.000       0.000
 dslf_ca_dih                  5.000       0.000       0.000
 rama                         0.200     -12.719      -2.544
 omega                        0.500      64.565      32.283
 fa_dun                       0.560     139.883      78.335
 p_aa_pp                      0.320     -34.227     -10.953
 ref                          1.000     -22.460     -22.460
---------------------------------------------------
 Total weighted score:                      -25.832
apps.backrub: Low Score:
apps.backrub: ------------------------------------------------------------
 Scores                       Weight   Raw Score Wghtd.Score
------------------------------------------------------------
 fa_atr                       0.800    -385.680    -308.544
 fa_rep                       0.440     104.773      46.100
 fa_sol                       0.650     239.004     155.353
 fa_intra_rep                 0.004     260.858       1.043
 mm_bend                      1.000      35.433      35.433
 pro_close                    1.000      11.648      11.648
 fa_pair                      0.490      -8.131      -3.984
 hbond_sr_bb                  0.585     -17.679     -10.342
 hbond_lr_bb                  1.170     -27.475     -32.145
 hbond_bb_sc                  1.170      -3.584      -4.194
 hbond_sc                     1.100      -0.777      -0.855
 dslf_ss_dst                  0.500       0.000       0.000
 dslf_cs_ang                  2.000       0.000       0.000
 dslf_ss_dih                  5.000       0.000       0.000
 dslf_ca_dih                  5.000       0.000       0.000
 rama                         0.200     -14.157      -2.831
 omega                        0.500      64.565      32.283
 fa_dun                       0.560     138.802      77.729
 p_aa_pp                      0.320     -34.528     -11.049
 ref                          1.000     -22.460     -22.460
---------------------------------------------------
 Total weighted score:                      -36.816
