core.init: Mini-Rosetta version 40577 from https://svn.rosettacommons.org/source/branches/releases/rosetta-3.2/rosetta_source
core.init: command: /netapp/home/colin/rosetta/rosetta-3.2/rosetta_source/bin/sequence_tolerance.linuxgccrelease -database /netapp/home/colin/rosetta/rosetta-3.2/rosetta_database -s 2IWP_B_A_V1927_0012_low.pdb -ex1 -ex2 -extrachi_cutoff 0 -seq_tol:fitness_master_weights 1 1 1 2 -ms:generations 5 -ms:pop_size 2000 -ms:pop_from_ss 1 -ms:checkpoint:prefix 2IWP_B_A_V1927_0012 -ms:checkpoint:interval 200 -ms:checkpoint:gz -ms:numresults 0 -out:prefix 2IWP_B_A_V1927_0012 -score:weights standard -score:patch score12 -score:ref_offsets HIS 1.2 -resfile /netapp/home/colin/backrub_seqtol/input_files/2IWP_B_A_V1927/2IWP_B_A_V1927_seqtol.resfile
core.init: 'RNG device' seed mode, using '/dev/urandom', seed=1136177736 seed_offset=0 real_seed=1136177736
core.init.random: RandomGenerator:init: Normal mode, seed=1136177736 RG_type=mt19937
core.pack.task: Packer task: initialize from command line() 
core.pack.task: Packer task: initialize from command line() 
core.scoring.ScoreFunctionFactory: SCOREFUNCTION: standard
core.scoring.ScoreFunctionFactory: SCOREFUNCTION PATCH: score12
core.scoring.etable: Starting energy table calculation
core.scoring.etable: smooth_etable: changing atr/rep split to bottom of energy well
core.scoring.etable: smooth_etable: spline smoothing lj etables (maxdis = 6)
core.scoring.etable: smooth_etable: spline smoothing solvation etables (max_dis = 6)
core.scoring.etable: Finished calculating energy tables.
core.io.database: Database file opened: /netapp/home/colin/rosetta/rosetta-3.2/rosetta_database/pdb_pair_stats_fine
core.io.database: Database file opened: /netapp/home/colin/rosetta/rosetta-3.2/rosetta_database/scoring/score_functions/hbonds/standard_params/HBPoly1D.csv
core.io.database: Database file opened: /netapp/home/colin/rosetta/rosetta-3.2/rosetta_database/scoring/score_functions/hbonds/standard_params/HBFadeIntervals.csv
core.io.database: Database file opened: /netapp/home/colin/rosetta/rosetta-3.2/rosetta_database/scoring/score_functions/hbonds/standard_params/HBEval.csv
core.io.database: Database file opened: /netapp/home/colin/rosetta/rosetta-3.2/rosetta_database/P_AA
core.io.database: Database file opened: /netapp/home/colin/rosetta/rosetta-3.2/rosetta_database/P_AA_n
core.io.database: Database file opened: /netapp/home/colin/rosetta/rosetta-3.2/rosetta_database/P_AA_pp
core.io.database: Database file opened: /netapp/home/colin/rosetta/rosetta-3.2/rosetta_database/Rama_smooth_dyn.dat_ss_6.4
core.scoring.dunbrack: Dunbrack library took 0.01 seconds to load from binary
app.sequence_tolerance: Residue Decomposition: [Set 1 (A): [1, 2, 3, 4, 5, 6, 7, 8, 9, 10, 11, 12, 13, 14, 15, 16, 17, 18, 19, 20, 21, 22, 23, 24, 25, 26, 27, 28, 29, 30, 31, 32, 33, 34, 35, 36, 37, 38, 39, 40, 41, 42, 43, 44, 45, 46, 47, 48, 49, 50, 51, 52, 53, 54, 55, 56, 57, 58, 59, 60, 61, 62, 63, 64, 65, 66, 67, 68, 69, 70, 71, 72, 73, 74, 75, 76, 77, 78, 79, 80, 81, 82, 83, 84, 85, 86, 87, 88, 89, 90, 91, 92, 93, 94, 95, 96, 97, 98, 99, 100, 101, 102, 103, 104, 105, 106], Set 2 (B): [107, 108, 109, 110, 111, 112, 113]]
app.sequence_tolerance: Fitness Function Master Weights: [1, 1, 1, 2]
app.sequence_tolerance: Fitness of Starting Structure: 
---------------------------------------------------------------------
Score Type                  Other        A        B      A-B    Total
---------------------------------------------------------------------
fa_atr                      0.000 -296.174   -8.700  -33.024 -337.898
fa_rep                      0.000   52.032    2.827    4.102   58.961
fa_sol                      0.000  151.656    6.823   19.360  177.839
fa_intra_rep                0.000    0.937    0.163    0.000    1.100
pro_close                   0.000   11.709    0.000    0.000   11.709
fa_pair                     0.000   -3.954   -0.693   -0.465   -5.112
hbond_sr_bb               -13.214    0.000    0.000    0.000  -13.214
hbond_lr_bb               -41.879    0.000    0.000    0.000  -41.879
hbond_bb_sc                 0.000   -1.595    0.000    0.000   -1.595
hbond_sc                    0.000   -3.406    0.000   -2.780   -6.186
dslf_ss_dst                 0.000    0.000    0.000    0.000    0.000
dslf_cs_ang                 0.000    0.000    0.000    0.000    0.000
dslf_ss_dih                 0.000    0.000    0.000    0.000    0.000
dslf_ca_dih                 0.000    0.000    0.000    0.000    0.000
rama                        0.000   -3.378   -0.095    0.000   -3.473
omega                       0.000   31.661    0.596    0.000   32.257
fa_dun                      0.000   72.237    7.747    0.000   79.983
p_aa_pp                     0.000  -13.004    0.010    0.000  -12.994
ref                         0.000  -18.150   -1.910    0.000  -20.060
---------------------------------------------------------------------
Total                     -55.093  -19.431    6.770  -12.807  -80.562

core.pack.interaction_graph.interaction_graph_factory: Instantiating PDInteractionGraph
core.pack.pack_rotamers: built 8064 rotamers at 35 positions.
core.pack.pack_rotamers: IG: 81357856 bytes
app.sequence_tolerance: There are 1 positive states and 0 negative states
protocols.multistate_design.MultiStatePacker: Best single-state design score:  -109.00
app.sequence_tolerance: Adding single-state design entities:
app.sequence_tolerance: AA:109:Y AA:110:F AA:111:T AA:112:W AA:113:V 
app.sequence_tolerance: Generation 1:
app.sequence_tolerance: Distinct new entities: 1998
app.sequence_tolerance: Duplicate new entities: 2
app.sequence_tolerance: Entities from previous generation: 0
app.sequence_tolerance: Entities resurrected from earlier generations: 0
app.sequence_tolerance: Fitness Percentiles: 0%=-108.999 25%=-96.0508 50%=-80.421 75%=49.0195 100%=652.357
app.sequence_tolerance: Best new entity:
MultiStateEntity with traits: AA:109:Y AA:110:F AA:111:T AA:112:W AA:113:V and fitness -108.999
 SingleState 1 with fitness: -108.999
app.sequence_tolerance: Generation 2:
app.sequence_tolerance: Distinct new entities: 1929
app.sequence_tolerance: Duplicate new entities: 1
app.sequence_tolerance: Entities from previous generation: 70
app.sequence_tolerance: Entities resurrected from earlier generations: 0
app.sequence_tolerance: Fitness Percentiles: 0%=-108.999 25%=-97.7891 50%=-94.696 75%=-63.6728 100%=561.423
app.sequence_tolerance: Best new entity:
MultiStateEntity with traits: AA:109:Y AA:110:M AA:111:T AA:112:W AA:113:V and fitness -108.589
 SingleState 1 with fitness: -108.589
app.sequence_tolerance: Generation 3:
app.sequence_tolerance: Distinct new entities: 1924
app.sequence_tolerance: Duplicate new entities: 3
app.sequence_tolerance: Entities from previous generation: 69
app.sequence_tolerance: Entities resurrected from earlier generations: 4
app.sequence_tolerance: Fitness Percentiles: 0%=-108.999 25%=-98.9234 50%=-96.3587 75%=-91.3041 100%=474.492
app.sequence_tolerance: Best new entity:
MultiStateEntity with traits: AA:109:Y AA:110:Y AA:111:H AA:112:W AA:113:V and fitness -107.077
 SingleState 1 with fitness: -107.077
app.sequence_tolerance: Generation 4:
app.sequence_tolerance: Distinct new entities: 1898
app.sequence_tolerance: Duplicate new entities: 2
app.sequence_tolerance: Entities from previous generation: 91
app.sequence_tolerance: Entities resurrected from earlier generations: 9
app.sequence_tolerance: Fitness Percentiles: 0%=-108.999 25%=-99.679 50%=-97.1867 75%=-93.8325 100%=647.634
app.sequence_tolerance: Best new entity:
MultiStateEntity with traits: AA:109:Y AA:110:F AA:111:S AA:112:W AA:113:V and fitness -108.382
 SingleState 1 with fitness: -108.382
app.sequence_tolerance: Generation 5:
app.sequence_tolerance: Distinct new entities: 1899
app.sequence_tolerance: Duplicate new entities: 1
app.sequence_tolerance: Entities from previous generation: 89
app.sequence_tolerance: Entities resurrected from earlier generations: 11
app.sequence_tolerance: Fitness Percentiles: 0%=-109.378 25%=-100.618 50%=-98.1723 75%=-94.904 100%=565.807
app.sequence_tolerance: Best new entity:
MultiStateEntity with traits: AA:109:Y AA:110:Y AA:111:W AA:112:W AA:113:I and fitness -109.378
 SingleState 1 with fitness: -109.378
app.sequence_tolerance: Evaluated 9648 sequences out of 2476099 possible.
Best sequences:
