core.init: Mini-Rosetta version 40577 from https://svn.rosettacommons.org/source/branches/releases/rosetta-3.2/rosetta_source
core.init: command: /netapp/home/colin/rosetta/rosetta-3.2/rosetta_source/bin/sequence_tolerance.linuxgccrelease -database /netapp/home/colin/rosetta/rosetta-3.2/rosetta_database -s 2IWP_B_A_V1927_0007_low.pdb -ex1 -ex2 -extrachi_cutoff 0 -seq_tol:fitness_master_weights 1 1 1 2 -ms:generations 5 -ms:pop_size 2000 -ms:pop_from_ss 1 -ms:checkpoint:prefix 2IWP_B_A_V1927_0007 -ms:checkpoint:interval 200 -ms:checkpoint:gz -ms:numresults 0 -out:prefix 2IWP_B_A_V1927_0007 -score:weights standard -score:patch score12 -score:ref_offsets HIS 1.2 -resfile /netapp/home/colin/backrub_seqtol/input_files/2IWP_B_A_V1927/2IWP_B_A_V1927_seqtol.resfile
core.init: 'RNG device' seed mode, using '/dev/urandom', seed=1151131344 seed_offset=0 real_seed=1151131344
core.init.random: RandomGenerator:init: Normal mode, seed=1151131344 RG_type=mt19937
core.pack.task: Packer task: initialize from command line() 
core.pack.task: Packer task: initialize from command line() 
core.scoring.ScoreFunctionFactory: SCOREFUNCTION: standard
core.scoring.ScoreFunctionFactory: SCOREFUNCTION PATCH: score12
core.scoring.etable: Starting energy table calculation
core.scoring.etable: smooth_etable: changing atr/rep split to bottom of energy well
core.scoring.etable: smooth_etable: spline smoothing lj etables (maxdis = 6)
core.scoring.etable: smooth_etable: spline smoothing solvation etables (max_dis = 6)
core.scoring.etable: Finished calculating energy tables.
core.io.database: Database file opened: /netapp/home/colin/rosetta/rosetta-3.2/rosetta_database/pdb_pair_stats_fine
core.io.database: Database file opened: /netapp/home/colin/rosetta/rosetta-3.2/rosetta_database/scoring/score_functions/hbonds/standard_params/HBPoly1D.csv
core.io.database: Database file opened: /netapp/home/colin/rosetta/rosetta-3.2/rosetta_database/scoring/score_functions/hbonds/standard_params/HBFadeIntervals.csv
core.io.database: Database file opened: /netapp/home/colin/rosetta/rosetta-3.2/rosetta_database/scoring/score_functions/hbonds/standard_params/HBEval.csv
core.io.database: Database file opened: /netapp/home/colin/rosetta/rosetta-3.2/rosetta_database/P_AA
core.io.database: Database file opened: /netapp/home/colin/rosetta/rosetta-3.2/rosetta_database/P_AA_n
core.io.database: Database file opened: /netapp/home/colin/rosetta/rosetta-3.2/rosetta_database/P_AA_pp
core.io.database: Database file opened: /netapp/home/colin/rosetta/rosetta-3.2/rosetta_database/Rama_smooth_dyn.dat_ss_6.4
core.scoring.dunbrack: Dunbrack library took 0.02 seconds to load from binary
app.sequence_tolerance: Residue Decomposition: [Set 1 (A): [1, 2, 3, 4, 5, 6, 7, 8, 9, 10, 11, 12, 13, 14, 15, 16, 17, 18, 19, 20, 21, 22, 23, 24, 25, 26, 27, 28, 29, 30, 31, 32, 33, 34, 35, 36, 37, 38, 39, 40, 41, 42, 43, 44, 45, 46, 47, 48, 49, 50, 51, 52, 53, 54, 55, 56, 57, 58, 59, 60, 61, 62, 63, 64, 65, 66, 67, 68, 69, 70, 71, 72, 73, 74, 75, 76, 77, 78, 79, 80, 81, 82, 83, 84, 85, 86, 87, 88, 89, 90, 91, 92, 93, 94, 95, 96, 97, 98, 99, 100, 101, 102, 103, 104, 105, 106], Set 2 (B): [107, 108, 109, 110, 111, 112, 113]]
app.sequence_tolerance: Fitness Function Master Weights: [1, 1, 1, 2]
app.sequence_tolerance: Fitness of Starting Structure: 
---------------------------------------------------------------------
Score Type                  Other        A        B      A-B    Total
---------------------------------------------------------------------
fa_atr                      0.000 -286.797   -8.425  -30.038 -325.259
fa_rep                      0.000   48.736    2.430    1.763   52.928
fa_sol                      0.000  143.479    6.327   16.815  166.622
fa_intra_rep                0.000    0.864    0.095    0.000    0.959
pro_close                   0.000   11.626    0.000    0.000   11.626
fa_pair                     0.000   -3.095   -0.331   -0.672   -4.098
hbond_sr_bb               -10.663    0.000    0.000    0.000  -10.663
hbond_lr_bb               -36.996    0.000    0.000    0.000  -36.996
hbond_bb_sc                 0.000   -5.018    0.000    0.000   -5.018
hbond_sc                    0.000   -0.067    0.000    0.000   -0.067
dslf_ss_dst                 0.000    0.000    0.000    0.000    0.000
dslf_cs_ang                 0.000    0.000    0.000    0.000    0.000
dslf_ss_dih                 0.000    0.000    0.000    0.000    0.000
dslf_ca_dih                 0.000    0.000    0.000    0.000    0.000
rama                        0.000   -4.361    0.331    0.000   -4.031
omega                       0.000   31.655    0.600    0.000   32.255
fa_dun                      0.000   67.637    4.976    0.000   72.613
p_aa_pp                     0.000  -12.110    0.062    0.000  -12.048
ref                         0.000  -18.150   -1.910    0.000  -20.060
---------------------------------------------------------------------
Total                     -47.659  -25.600    4.156  -12.132  -81.235

core.pack.interaction_graph.interaction_graph_factory: Instantiating PDInteractionGraph
core.pack.pack_rotamers: built 8286 rotamers at 35 positions.
core.pack.pack_rotamers: IG: 86935460 bytes
app.sequence_tolerance: There are 1 positive states and 0 negative states
protocols.multistate_design.MultiStatePacker: Best single-state design score:   -94.17
app.sequence_tolerance: Adding single-state design entities:
app.sequence_tolerance: AA:109:D AA:110:R AA:111:E AA:112:F AA:113:V 
app.sequence_tolerance: Generation 1:
app.sequence_tolerance: Distinct new entities: 2000
app.sequence_tolerance: Duplicate new entities: 0
app.sequence_tolerance: Entities from previous generation: 0
app.sequence_tolerance: Entities resurrected from earlier generations: 0
app.sequence_tolerance: Fitness Percentiles: 0%=-97.3644 25%=-86.0651 50%=-80.2442 75%=32.6926 100%=479.582
app.sequence_tolerance: Best new entity:
MultiStateEntity with traits: AA:109:K AA:110:H AA:111:N AA:112:W AA:113:V and fitness -97.364
 SingleState 1 with fitness: -97.3644
app.sequence_tolerance: Generation 2:
app.sequence_tolerance: Distinct new entities: 1920
app.sequence_tolerance: Duplicate new entities: 3
app.sequence_tolerance: Entities from previous generation: 77
app.sequence_tolerance: Entities resurrected from earlier generations: 0
app.sequence_tolerance: Fitness Percentiles: 0%=-97.3644 25%=-87.4899 50%=-84.9225 75%=-77.4038 100%=511.303
app.sequence_tolerance: Best new entity:
MultiStateEntity with traits: AA:109:F AA:110:W AA:111:N AA:112:W AA:113:V and fitness -97.299
 SingleState 1 with fitness: -97.2988
app.sequence_tolerance: Generation 3:
app.sequence_tolerance: Distinct new entities: 1901
app.sequence_tolerance: Duplicate new entities: 4
app.sequence_tolerance: Entities from previous generation: 91
app.sequence_tolerance: Entities resurrected from earlier generations: 4
app.sequence_tolerance: Fitness Percentiles: 0%=-97.3644 25%=-88.5467 50%=-86.1009 75%=-82.1079 100%=336.251
app.sequence_tolerance: Best new entity:
MultiStateEntity with traits: AA:109:E AA:110:W AA:111:K AA:112:W AA:113:V and fitness -96.583
 SingleState 1 with fitness: -96.5828
app.sequence_tolerance: Generation 4:
app.sequence_tolerance: Distinct new entities: 1892
app.sequence_tolerance: Duplicate new entities: 8
app.sequence_tolerance: Entities from previous generation: 91
app.sequence_tolerance: Entities resurrected from earlier generations: 9
app.sequence_tolerance: Fitness Percentiles: 0%=-97.3644 25%=-89.5219 50%=-87.0687 75%=-84.4154 100%=524.986
app.sequence_tolerance: Best new entity:
MultiStateEntity with traits: AA:109:Y AA:110:W AA:111:V AA:112:W AA:113:V and fitness -97.106
 SingleState 1 with fitness: -97.1065
app.sequence_tolerance: Generation 5:
app.sequence_tolerance: Distinct new entities: 1911
app.sequence_tolerance: Duplicate new entities: 4
app.sequence_tolerance: Entities from previous generation: 76
app.sequence_tolerance: Entities resurrected from earlier generations: 9
app.sequence_tolerance: Fitness Percentiles: 0%=-97.9935 25%=-90.303 50%=-87.7817 75%=-84.9587 100%=506.741
app.sequence_tolerance: Best new entity:
MultiStateEntity with traits: AA:109:Y AA:110:F AA:111:E AA:112:W AA:113:V and fitness -97.993
 SingleState 1 with fitness: -97.9935
app.sequence_tolerance: Evaluated 9624 sequences out of 2476099 possible.
Best sequences:
