core.init: Mini-Rosetta version 40577 from https://svn.rosettacommons.org/source/branches/releases/rosetta-3.2/rosetta_source
core.init: command: /netapp/home/colin/rosetta/rosetta-3.2/rosetta_source/bin/sequence_tolerance.linuxgccrelease -database /netapp/home/colin/rosetta/rosetta-3.2/rosetta_database -s 2IWP_B_A_V1927_0008_low.pdb -ex1 -ex2 -extrachi_cutoff 0 -seq_tol:fitness_master_weights 1 1 1 2 -ms:generations 5 -ms:pop_size 2000 -ms:pop_from_ss 1 -ms:checkpoint:prefix 2IWP_B_A_V1927_0008 -ms:checkpoint:interval 200 -ms:checkpoint:gz -ms:numresults 0 -out:prefix 2IWP_B_A_V1927_0008 -score:weights standard -score:patch score12 -score:ref_offsets HIS 1.2 -resfile /netapp/home/colin/backrub_seqtol/input_files/2IWP_B_A_V1927/2IWP_B_A_V1927_seqtol.resfile
core.init: 'RNG device' seed mode, using '/dev/urandom', seed=602401475 seed_offset=0 real_seed=602401475
core.init.random: RandomGenerator:init: Normal mode, seed=602401475 RG_type=mt19937
core.pack.task: Packer task: initialize from command line() 
core.pack.task: Packer task: initialize from command line() 
core.scoring.ScoreFunctionFactory: SCOREFUNCTION: standard
core.scoring.ScoreFunctionFactory: SCOREFUNCTION PATCH: score12
core.scoring.etable: Starting energy table calculation
core.scoring.etable: smooth_etable: changing atr/rep split to bottom of energy well
core.scoring.etable: smooth_etable: spline smoothing lj etables (maxdis = 6)
core.scoring.etable: smooth_etable: spline smoothing solvation etables (max_dis = 6)
core.scoring.etable: Finished calculating energy tables.
core.io.database: Database file opened: /netapp/home/colin/rosetta/rosetta-3.2/rosetta_database/pdb_pair_stats_fine
core.io.database: Database file opened: /netapp/home/colin/rosetta/rosetta-3.2/rosetta_database/scoring/score_functions/hbonds/standard_params/HBPoly1D.csv
core.io.database: Database file opened: /netapp/home/colin/rosetta/rosetta-3.2/rosetta_database/scoring/score_functions/hbonds/standard_params/HBFadeIntervals.csv
core.io.database: Database file opened: /netapp/home/colin/rosetta/rosetta-3.2/rosetta_database/scoring/score_functions/hbonds/standard_params/HBEval.csv
core.io.database: Database file opened: /netapp/home/colin/rosetta/rosetta-3.2/rosetta_database/P_AA
core.io.database: Database file opened: /netapp/home/colin/rosetta/rosetta-3.2/rosetta_database/P_AA_n
core.io.database: Database file opened: /netapp/home/colin/rosetta/rosetta-3.2/rosetta_database/P_AA_pp
core.io.database: Database file opened: /netapp/home/colin/rosetta/rosetta-3.2/rosetta_database/Rama_smooth_dyn.dat_ss_6.4
core.scoring.dunbrack: Dunbrack library took 0.04 seconds to load from binary
app.sequence_tolerance: Residue Decomposition: [Set 1 (A): [1, 2, 3, 4, 5, 6, 7, 8, 9, 10, 11, 12, 13, 14, 15, 16, 17, 18, 19, 20, 21, 22, 23, 24, 25, 26, 27, 28, 29, 30, 31, 32, 33, 34, 35, 36, 37, 38, 39, 40, 41, 42, 43, 44, 45, 46, 47, 48, 49, 50, 51, 52, 53, 54, 55, 56, 57, 58, 59, 60, 61, 62, 63, 64, 65, 66, 67, 68, 69, 70, 71, 72, 73, 74, 75, 76, 77, 78, 79, 80, 81, 82, 83, 84, 85, 86, 87, 88, 89, 90, 91, 92, 93, 94, 95, 96, 97, 98, 99, 100, 101, 102, 103, 104, 105, 106], Set 2 (B): [107, 108, 109, 110, 111, 112, 113]]
app.sequence_tolerance: Fitness Function Master Weights: [1, 1, 1, 2]
app.sequence_tolerance: Fitness of Starting Structure: 
---------------------------------------------------------------------
Score Type                  Other        A        B      A-B    Total
---------------------------------------------------------------------
fa_atr                      0.000 -281.163   -8.322  -31.693 -321.178
fa_rep                      0.000   48.359    1.183    1.498   51.040
fa_sol                      0.000  142.989    6.007   19.119  168.115
fa_intra_rep                0.000    0.823    0.119    0.000    0.942
pro_close                   0.000   11.742    0.000    0.000   11.742
fa_pair                     0.000   -3.803   -0.151   -0.710   -4.664
hbond_sr_bb               -10.220    0.000    0.000    0.000  -10.220
hbond_lr_bb               -39.687    0.000    0.000    0.000  -39.687
hbond_bb_sc                 0.000   -5.640    0.000    0.000   -5.640
hbond_sc                    0.000   -1.215    0.000   -0.315   -1.530
dslf_ss_dst                 0.000    0.000    0.000    0.000    0.000
dslf_cs_ang                 0.000    0.000    0.000    0.000    0.000
dslf_ss_dih                 0.000    0.000    0.000    0.000    0.000
dslf_ca_dih                 0.000    0.000    0.000    0.000    0.000
rama                        0.000   -2.977    0.123    0.000   -2.854
omega                       0.000   31.662    0.595    0.000   32.257
fa_dun                      0.000   72.740    4.856    0.000   77.596
p_aa_pp                     0.000  -11.912   -0.005    0.000  -11.917
ref                         0.000  -18.150   -1.910    0.000  -20.060
---------------------------------------------------------------------
Total                     -49.907  -16.546    2.495  -12.100  -76.058

core.pack.interaction_graph.interaction_graph_factory: Instantiating PDInteractionGraph
core.pack.pack_rotamers: built 8122 rotamers at 35 positions.
core.pack.pack_rotamers: IG: 79022376 bytes
app.sequence_tolerance: There are 1 positive states and 0 negative states
protocols.multistate_design.MultiStatePacker: Best single-state design score:   -99.93
app.sequence_tolerance: Adding single-state design entities:
app.sequence_tolerance: AA:109:T AA:110:S AA:111:Q AA:112:R AA:113:V 
app.sequence_tolerance: Generation 1:
app.sequence_tolerance: Distinct new entities: 1999
app.sequence_tolerance: Duplicate new entities: 1
app.sequence_tolerance: Entities from previous generation: 0
app.sequence_tolerance: Entities resurrected from earlier generations: 0
app.sequence_tolerance: Fitness Percentiles: 0%=-99.9344 25%=-92.8712 50%=-72.3878 75%=57.3673 100%=2913.78
app.sequence_tolerance: Best new entity:
MultiStateEntity with traits: AA:109:T AA:110:S AA:111:Q AA:112:R AA:113:V and fitness -99.934
 SingleState 1 with fitness: -99.9344
app.sequence_tolerance: Generation 2:
app.sequence_tolerance: Distinct new entities: 1920
app.sequence_tolerance: Duplicate new entities: 3
app.sequence_tolerance: Entities from previous generation: 77
app.sequence_tolerance: Entities resurrected from earlier generations: 0
app.sequence_tolerance: Fitness Percentiles: 0%=-100.702 25%=-93.9168 50%=-91.2992 75%=-66.2877 100%=2723.41
app.sequence_tolerance: Best new entity:
MultiStateEntity with traits: AA:109:S AA:110:M AA:111:Q AA:112:W AA:113:V and fitness -100.702
 SingleState 1 with fitness: -100.702
app.sequence_tolerance: Generation 3:
app.sequence_tolerance: Distinct new entities: 1920
app.sequence_tolerance: Duplicate new entities: 5
app.sequence_tolerance: Entities from previous generation: 70
app.sequence_tolerance: Entities resurrected from earlier generations: 5
app.sequence_tolerance: Fitness Percentiles: 0%=-100.702 25%=-94.7849 50%=-92.8251 75%=-87.0822 100%=2671.37
app.sequence_tolerance: Best new entity:
MultiStateEntity with traits: AA:109:W AA:110:Y AA:111:K AA:112:K AA:113:V and fitness -99.754
 SingleState 1 with fitness: -99.7543
app.sequence_tolerance: Generation 4:
app.sequence_tolerance: Distinct new entities: 1901
app.sequence_tolerance: Duplicate new entities: 5
app.sequence_tolerance: Entities from previous generation: 81
app.sequence_tolerance: Entities resurrected from earlier generations: 13
app.sequence_tolerance: Fitness Percentiles: 0%=-101.696 25%=-95.4628 50%=-93.6502 75%=-90.8877 100%=2822.71
app.sequence_tolerance: Best new entity:
MultiStateEntity with traits: AA:109:R AA:110:M AA:111:K AA:112:W AA:113:V and fitness -101.696
 SingleState 1 with fitness: -101.696
app.sequence_tolerance: Generation 5:
app.sequence_tolerance: Distinct new entities: 1890
app.sequence_tolerance: Duplicate new entities: 9
app.sequence_tolerance: Entities from previous generation: 88
app.sequence_tolerance: Entities resurrected from earlier generations: 13
app.sequence_tolerance: Fitness Percentiles: 0%=-102.084 25%=-95.9882 50%=-94.2832 75%=-91.8931 100%=2803.06
app.sequence_tolerance: Best new entity:
MultiStateEntity with traits: AA:109:Q AA:110:Q AA:111:T AA:112:W AA:113:V and fitness -102.084
 SingleState 1 with fitness: -102.084
app.sequence_tolerance: Evaluated 9630 sequences out of 2476099 possible.
Best sequences:
