core.init: Mini-Rosetta version 40577 from https://svn.rosettacommons.org/source/branches/releases/rosetta-3.2/rosetta_source
core.init: command: /netapp/home/colin/rosetta/rosetta-3.2/rosetta_source/bin/backrub.linuxgccrelease -database /netapp/home/colin/rosetta/rosetta-3.2/rosetta_database -s /netapp/home/colin/backrub_seqtol/input_files/2IWP_B_A_V1927/2IWP_B_A_V1927.pdb -ignore_unrecognized_res -ex1 -ex2 -extrachi_cutoff 0 -out:prefix 2IWP_B_A_V1927_0002 -mute core.io.pdb.file_data -backrub:ntrials 10000 -score:weights standard -score:patch score12
core.init: 'RNG device' seed mode, using '/dev/urandom', seed=-295883447 seed_offset=0 real_seed=-295883447
core.init.random: RandomGenerator:init: Normal mode, seed=-295883447 RG_type=mt19937
core.scoring.ScoreFunctionFactory: SCOREFUNCTION: standard
core.scoring.ScoreFunctionFactory: SCOREFUNCTION PATCH: score12
core.scoring.etable: Starting energy table calculation
core.scoring.etable: smooth_etable: changing atr/rep split to bottom of energy well
core.scoring.etable: smooth_etable: spline smoothing lj etables (maxdis = 6)
core.scoring.etable: smooth_etable: spline smoothing solvation etables (max_dis = 6)
core.scoring.etable: Finished calculating energy tables.
core.io.database: Database file opened: /netapp/home/colin/rosetta/rosetta-3.2/rosetta_database/pdb_pair_stats_fine
core.io.database: Database file opened: /netapp/home/colin/rosetta/rosetta-3.2/rosetta_database/scoring/score_functions/hbonds/standard_params/HBPoly1D.csv
core.io.database: Database file opened: /netapp/home/colin/rosetta/rosetta-3.2/rosetta_database/scoring/score_functions/hbonds/standard_params/HBFadeIntervals.csv
core.io.database: Database file opened: /netapp/home/colin/rosetta/rosetta-3.2/rosetta_database/scoring/score_functions/hbonds/standard_params/HBEval.csv
core.io.database: Database file opened: /netapp/home/colin/rosetta/rosetta-3.2/rosetta_database/P_AA
core.io.database: Database file opened: /netapp/home/colin/rosetta/rosetta-3.2/rosetta_database/P_AA_n
core.io.database: Database file opened: /netapp/home/colin/rosetta/rosetta-3.2/rosetta_database/P_AA_pp
core.io.database: Database file opened: /netapp/home/colin/rosetta/rosetta-3.2/rosetta_database/Rama_smooth_dyn.dat_ss_6.4
core.mm.MMBondAngleLibrary: MM bond angle sets added fully assigned: 474; wildcard: 0 and 1 virtual parameter.
core.io.database: Database file opened: /netapp/home/colin/rosetta/rosetta-3.2/rosetta_database/branch_angle/branch_angle_1.txt
core.io.database: Database file opened: /netapp/home/colin/rosetta/rosetta-3.2/rosetta_database/branch_angle/branch_angle_2.txt
core.scoring.dunbrack: Dunbrack library took 0.01 seconds to load from binary
apps.backrub: Processing /netapp/home/colin/backrub_seqtol/input_files/2IWP_B_A_V1927/2IWP_B_A_V1927.pdb...
core.conformation.Conformation: [ WARNING ] missing heavyatom:  OG1 on residue THR_p:NtermProteinFull 1
core.conformation.Conformation: [ WARNING ] missing heavyatom:  CG2 on residue THR_p:NtermProteinFull 1
core.conformation.Conformation: [ WARNING ] missing heavyatom:  CG  on residue LEU 4
core.conformation.Conformation: [ WARNING ] missing heavyatom:  CD1 on residue LEU 4
core.conformation.Conformation: [ WARNING ] missing heavyatom:  CD2 on residue LEU 4
core.conformation.Conformation: [ WARNING ] missing heavyatom:  CG  on residue GLN 7
core.conformation.Conformation: [ WARNING ] missing heavyatom:  CD  on residue GLN 7
core.conformation.Conformation: [ WARNING ] missing heavyatom:  OE1 on residue GLN 7
core.conformation.Conformation: [ WARNING ] missing heavyatom:  NE2 on residue GLN 7
core.conformation.Conformation: [ WARNING ] missing heavyatom:  CG  on residue GLU 15
core.conformation.Conformation: [ WARNING ] missing heavyatom:  CD  on residue GLU 15
core.conformation.Conformation: [ WARNING ] missing heavyatom:  OE1 on residue GLU 15
core.conformation.Conformation: [ WARNING ] missing heavyatom:  OE2 on residue GLU 15
core.conformation.Conformation: [ WARNING ] missing heavyatom:  CG  on residue LYS 17
core.conformation.Conformation: [ WARNING ] missing heavyatom:  CD  on residue LYS 17
core.conformation.Conformation: [ WARNING ] missing heavyatom:  CE  on residue LYS 17
core.conformation.Conformation: [ WARNING ] missing heavyatom:  NZ  on residue LYS 17
core.conformation.Conformation: [ WARNING ] missing heavyatom:  CG  on residue GLN 56
core.conformation.Conformation: [ WARNING ] missing heavyatom:  CD  on residue GLN 56
core.conformation.Conformation: [ WARNING ] missing heavyatom:  OE1 on residue GLN 56
core.conformation.Conformation: [ WARNING ] missing heavyatom:  NE2 on residue GLN 56
core.conformation.Conformation: [ WARNING ] missing heavyatom:  CG  on residue LYS 57
core.conformation.Conformation: [ WARNING ] missing heavyatom:  CD  on residue LYS 57
core.conformation.Conformation: [ WARNING ] missing heavyatom:  CE  on residue LYS 57
core.conformation.Conformation: [ WARNING ] missing heavyatom:  NZ  on residue LYS 57
core.conformation.Conformation: [ WARNING ] missing heavyatom:  OG  on residue SER 90
core.conformation.Conformation: [ WARNING ] missing heavyatom:  CD  on residue GLU 92
core.conformation.Conformation: [ WARNING ] missing heavyatom:  OE1 on residue GLU 92
core.conformation.Conformation: [ WARNING ] missing heavyatom:  OE2 on residue GLU 92
core.pack.task: Packer task: initialize from command line() 
core.pack.pack_missing_sidechains: packing residue number 1 because of missing atom number 6 atom name  OG1
core.pack.pack_missing_sidechains: packing residue number 4 because of missing atom number 6 atom name  CG 
core.pack.pack_missing_sidechains: packing residue number 7 because of missing atom number 6 atom name  CG 
core.pack.pack_missing_sidechains: packing residue number 15 because of missing atom number 6 atom name  CG 
core.pack.pack_missing_sidechains: packing residue number 17 because of missing atom number 6 atom name  CG 
core.pack.pack_missing_sidechains: packing residue number 56 because of missing atom number 6 atom name  CG 
core.pack.pack_missing_sidechains: packing residue number 57 because of missing atom number 6 atom name  CG 
core.pack.pack_missing_sidechains: packing residue number 90 because of missing atom number 6 atom name  OG 
core.pack.pack_missing_sidechains: packing residue number 92 because of missing atom number 7 atom name  CD 
core.pack.interaction_graph.interaction_graph_factory: Instantiating DensePDInteractionGraph
core.pack.pack_rotamers: built 938 rotamers at 9 positions.
core.pack.pack_rotamers: IG: 759476 bytes
protocols.moves.BackrubMover: Segment lengths: 3-34 atoms
protocols.moves.BackrubMover: Main chain pivot atoms: CA
protocols.moves.BackrubMover: Adding backrub segments for residues 1-113
protocols.moves.BackrubMover: Total Segments Added: 1035
apps.backrub: Score After PDB Load:
apps.backrub: ------------------------------------------------------------
 Scores                       Weight   Raw Score Wghtd.Score
------------------------------------------------------------
 fa_atr                       0.800    -418.795    -335.036
 fa_rep                       0.440     158.314      69.658
 fa_sol                       0.650     270.423     175.775
 fa_intra_rep                 0.004     231.018       0.924
 mm_bend                      1.000     125.018     125.018
 pro_close                    1.000      11.648      11.648
 fa_pair                      0.490     -10.008      -4.904
 hbond_sr_bb                  0.585     -22.327     -13.061
 hbond_lr_bb                  1.170     -33.617     -39.332
 hbond_bb_sc                  1.170      -4.218      -4.935
 hbond_sc                     1.100      -3.789      -4.168
 dslf_ss_dst                  0.500       0.000       0.000
 dslf_cs_ang                  2.000       0.000       0.000
 dslf_ss_dih                  5.000       0.000       0.000
 dslf_ca_dih                  5.000       0.000       0.000
 rama                         0.200      -9.261      -1.852
 omega                        0.500      64.565      32.283
 fa_dun                       0.560     297.299     166.487
 p_aa_pp                      0.320     -35.318     -11.302
 ref                          1.000     -22.460     -22.460
---------------------------------------------------
 Total weighted score:                      144.744
core.pack.task: Packer task: initialize from command line() 
apps.backrub: Score After Branch Angle Optimization/Side Chain Idealization:
apps.backrub: ------------------------------------------------------------
 Scores                       Weight   Raw Score Wghtd.Score
------------------------------------------------------------
 fa_atr                       0.800    -414.652    -331.722
 fa_rep                       0.440     204.074      89.792
 fa_sol                       0.650     266.457     173.197
 fa_intra_rep                 0.004     288.142       1.153
 mm_bend                      1.000      51.637      51.637
 pro_close                    1.000      11.648      11.648
 fa_pair                      0.490      -9.957      -4.879
 hbond_sr_bb                  0.585     -22.327     -13.061
 hbond_lr_bb                  1.170     -33.617     -39.332
 hbond_bb_sc                  1.170      -3.021      -3.535
 hbond_sc                     1.100      -2.244      -2.469
 dslf_ss_dst                  0.500       0.000       0.000
 dslf_cs_ang                  2.000       0.000       0.000
 dslf_ss_dih                  5.000       0.000       0.000
 dslf_ca_dih                  5.000       0.000       0.000
 rama                         0.200      -9.261      -1.852
 omega                        0.500      64.565      32.283
 fa_dun                       0.560     300.082     168.046
 p_aa_pp                      0.320     -35.318     -11.302
 ref                          1.000     -22.460     -22.460
---------------------------------------------------
 Total weighted score:                       97.145
core.pack.task: Packer task: initialize from command line() 
apps.backrub: Running 10000 trials...
protocols.moves.MonteCarlo:      br_CA_CA_04 trials=    768;  accepts= 0.3659;  energy_drop/trial=   0.00350
protocols.moves.MonteCarlo:      br_CA_CA_07 trials=    738;  accepts= 0.3631;  energy_drop/trial=  -0.01507
protocols.moves.MonteCarlo:      br_CA_CA_10 trials=    738;  accepts= 0.3184;  energy_drop/trial=  -0.00925
protocols.moves.MonteCarlo:      br_CA_CA_13 trials=    706;  accepts= 0.2663;  energy_drop/trial=   0.01441
protocols.moves.MonteCarlo:      br_CA_CA_16 trials=    730;  accepts= 0.2562;  energy_drop/trial=   0.00016
protocols.moves.MonteCarlo:      br_CA_CA_19 trials=    684;  accepts= 0.2427;  energy_drop/trial=  -0.00392
protocols.moves.MonteCarlo:      br_CA_CA_22 trials=    675;  accepts= 0.2074;  energy_drop/trial=  -0.00726
protocols.moves.MonteCarlo:      br_CA_CA_25 trials=    631;  accepts= 0.1902;  energy_drop/trial=  -0.00824
protocols.moves.MonteCarlo:      br_CA_CA_28 trials=    668;  accepts= 0.1961;  energy_drop/trial=  -0.00358
protocols.moves.MonteCarlo:      br_CA_CA_31 trials=    636;  accepts= 0.2060;  energy_drop/trial=  -0.01335
protocols.moves.MonteCarlo:      br_CA_CA_34 trials=    644;  accepts= 0.1646;  energy_drop/trial=   0.01658
protocols.moves.MonteCarlo:       sc_chi_rot trials=   2131;  accepts= 0.4153;  energy_drop/trial=  -0.04358
protocols.moves.MonteCarlo:      sc_chi_unif trials=    251;  accepts= 0.0478;  energy_drop/trial=   0.01024
apps.backrub: Last Score:
apps.backrub: ------------------------------------------------------------
 Scores                       Weight   Raw Score Wghtd.Score
------------------------------------------------------------
 fa_atr                       0.800    -391.492    -313.193
 fa_rep                       0.440     124.955      54.980
 fa_sol                       0.650     249.558     162.213
 fa_intra_rep                 0.004     261.864       1.047
 mm_bend                      1.000      52.053      52.053
 pro_close                    1.000      11.648      11.648
 fa_pair                      0.490      -9.322      -4.568
 hbond_sr_bb                  0.585     -16.671      -9.753
 hbond_lr_bb                  1.170     -27.695     -32.403
 hbond_bb_sc                  1.170      -4.468      -5.228
 hbond_sc                     1.100      -2.237      -2.460
 dslf_ss_dst                  0.500       0.000       0.000
 dslf_cs_ang                  2.000       0.000       0.000
 dslf_ss_dih                  5.000       0.000       0.000
 dslf_ca_dih                  5.000       0.000       0.000
 rama                         0.200     -18.600      -3.720
 omega                        0.500      64.565      32.283
 fa_dun                       0.560     143.698      80.471
 p_aa_pp                      0.320     -37.548     -12.015
 ref                          1.000     -22.460     -22.460
---------------------------------------------------
 Total weighted score:                      -11.105
apps.backrub: Low Score:
apps.backrub: ------------------------------------------------------------
 Scores                       Weight   Raw Score Wghtd.Score
------------------------------------------------------------
 fa_atr                       0.800    -393.162    -314.529
 fa_rep                       0.440     118.292      52.049
 fa_sol                       0.650     251.509     163.481
 fa_intra_rep                 0.004     243.871       0.975
 mm_bend                      1.000      39.919      39.919
 pro_close                    1.000      11.648      11.648
 fa_pair                      0.490     -11.818      -5.791
 hbond_sr_bb                  0.585     -19.817     -11.593
 hbond_lr_bb                  1.170     -32.879     -38.469
 hbond_bb_sc                  1.170      -5.766      -6.746
 hbond_sc                     1.100      -3.124      -3.437
 dslf_ss_dst                  0.500       0.000       0.000
 dslf_cs_ang                  2.000       0.000       0.000
 dslf_ss_dih                  5.000       0.000       0.000
 dslf_ca_dih                  5.000       0.000       0.000
 rama                         0.200      -3.996      -0.799
 omega                        0.500      64.565      32.283
 fa_dun                       0.560     139.947      78.371
 p_aa_pp                      0.320     -33.156     -10.610
 ref                          1.000     -22.460     -22.460
---------------------------------------------------
 Total weighted score:                      -35.708
