core.init: Mini-Rosetta version 40577 from https://svn.rosettacommons.org/source/branches/releases/rosetta-3.2/rosetta_source
core.init: command: /netapp/home/colin/rosetta/rosetta-3.2/rosetta_source/bin/sequence_tolerance.linuxgccrelease -database /netapp/home/colin/rosetta/rosetta-3.2/rosetta_database -s 2IWP_B_A_V1927_0010_low.pdb -ex1 -ex2 -extrachi_cutoff 0 -seq_tol:fitness_master_weights 1 1 1 2 -ms:generations 5 -ms:pop_size 2000 -ms:pop_from_ss 1 -ms:checkpoint:prefix 2IWP_B_A_V1927_0010 -ms:checkpoint:interval 200 -ms:checkpoint:gz -ms:numresults 0 -out:prefix 2IWP_B_A_V1927_0010 -score:weights standard -score:patch score12 -score:ref_offsets HIS 1.2 -resfile /netapp/home/colin/backrub_seqtol/input_files/2IWP_B_A_V1927/2IWP_B_A_V1927_seqtol.resfile
core.init: 'RNG device' seed mode, using '/dev/urandom', seed=-947690714 seed_offset=0 real_seed=-947690714
core.init.random: RandomGenerator:init: Normal mode, seed=-947690714 RG_type=mt19937
core.pack.task: Packer task: initialize from command line() 
core.pack.task: Packer task: initialize from command line() 
core.scoring.ScoreFunctionFactory: SCOREFUNCTION: standard
core.scoring.ScoreFunctionFactory: SCOREFUNCTION PATCH: score12
core.scoring.etable: Starting energy table calculation
core.scoring.etable: smooth_etable: changing atr/rep split to bottom of energy well
core.scoring.etable: smooth_etable: spline smoothing lj etables (maxdis = 6)
core.scoring.etable: smooth_etable: spline smoothing solvation etables (max_dis = 6)
core.scoring.etable: Finished calculating energy tables.
core.io.database: Database file opened: /netapp/home/colin/rosetta/rosetta-3.2/rosetta_database/pdb_pair_stats_fine
core.io.database: Database file opened: /netapp/home/colin/rosetta/rosetta-3.2/rosetta_database/scoring/score_functions/hbonds/standard_params/HBPoly1D.csv
core.io.database: Database file opened: /netapp/home/colin/rosetta/rosetta-3.2/rosetta_database/scoring/score_functions/hbonds/standard_params/HBFadeIntervals.csv
core.io.database: Database file opened: /netapp/home/colin/rosetta/rosetta-3.2/rosetta_database/scoring/score_functions/hbonds/standard_params/HBEval.csv
core.io.database: Database file opened: /netapp/home/colin/rosetta/rosetta-3.2/rosetta_database/P_AA
core.io.database: Database file opened: /netapp/home/colin/rosetta/rosetta-3.2/rosetta_database/P_AA_n
core.io.database: Database file opened: /netapp/home/colin/rosetta/rosetta-3.2/rosetta_database/P_AA_pp
core.io.database: Database file opened: /netapp/home/colin/rosetta/rosetta-3.2/rosetta_database/Rama_smooth_dyn.dat_ss_6.4
core.scoring.dunbrack: Dunbrack library took 0.03 seconds to load from binary
app.sequence_tolerance: Residue Decomposition: [Set 1 (A): [1, 2, 3, 4, 5, 6, 7, 8, 9, 10, 11, 12, 13, 14, 15, 16, 17, 18, 19, 20, 21, 22, 23, 24, 25, 26, 27, 28, 29, 30, 31, 32, 33, 34, 35, 36, 37, 38, 39, 40, 41, 42, 43, 44, 45, 46, 47, 48, 49, 50, 51, 52, 53, 54, 55, 56, 57, 58, 59, 60, 61, 62, 63, 64, 65, 66, 67, 68, 69, 70, 71, 72, 73, 74, 75, 76, 77, 78, 79, 80, 81, 82, 83, 84, 85, 86, 87, 88, 89, 90, 91, 92, 93, 94, 95, 96, 97, 98, 99, 100, 101, 102, 103, 104, 105, 106], Set 2 (B): [107, 108, 109, 110, 111, 112, 113]]
app.sequence_tolerance: Fitness Function Master Weights: [1, 1, 1, 2]
app.sequence_tolerance: Fitness of Starting Structure: 
---------------------------------------------------------------------
Score Type                  Other        A        B      A-B    Total
---------------------------------------------------------------------
fa_atr                      0.000 -290.248   -9.053  -35.429 -334.729
fa_rep                      0.000   50.296    1.420    3.058   54.774
fa_sol                      0.000  149.556    6.674   19.848  176.078
fa_intra_rep                0.000    0.878    0.054    0.000    0.932
pro_close                   0.000   11.647    0.000    0.000   11.647
fa_pair                     0.000   -2.933   -0.307   -0.936   -4.175
hbond_sr_bb               -12.084    0.000    0.000    0.000  -12.084
hbond_lr_bb               -36.075    0.000    0.000    0.000  -36.075
hbond_bb_sc                 0.000   -6.803   -0.262    0.000   -7.065
hbond_sc                    0.000   -2.530    0.000    0.000   -2.530
dslf_ss_dst                 0.000    0.000    0.000    0.000    0.000
dslf_cs_ang                 0.000    0.000    0.000    0.000    0.000
dslf_ss_dih                 0.000    0.000    0.000    0.000    0.000
dslf_ca_dih                 0.000    0.000    0.000    0.000    0.000
rama                        0.000   -2.971    0.055    0.000   -2.916
omega                       0.000   31.678    0.599    0.000   32.276
fa_dun                      0.000   70.423    5.977    0.000   76.400
p_aa_pp                     0.000  -11.946   -0.014    0.000  -11.960
ref                         0.000  -18.150   -1.910    0.000  -20.060
---------------------------------------------------------------------
Total                     -48.159  -21.103    3.232  -13.458  -79.487

core.pack.interaction_graph.interaction_graph_factory: Instantiating PDInteractionGraph
core.pack.pack_rotamers: built 7680 rotamers at 35 positions.
core.pack.pack_rotamers: IG: 71901016 bytes
app.sequence_tolerance: There are 1 positive states and 0 negative states
protocols.multistate_design.MultiStatePacker: Best single-state design score:   -90.61
app.sequence_tolerance: Adding single-state design entities:
app.sequence_tolerance: AA:109:W AA:110:F AA:111:K AA:112:Q AA:113:A 
app.sequence_tolerance: Generation 1:
app.sequence_tolerance: Distinct new entities: 1998
app.sequence_tolerance: Duplicate new entities: 2
app.sequence_tolerance: Entities from previous generation: 0
app.sequence_tolerance: Entities resurrected from earlier generations: 0
app.sequence_tolerance: Fitness Percentiles: 0%=-93.449 25%=-81.032 50%=-50.2571 75%=78.6506 100%=421.118
app.sequence_tolerance: Best new entity:
MultiStateEntity with traits: AA:109:F AA:110:W AA:111:Y AA:112:W AA:113:V and fitness -93.449
 SingleState 1 with fitness: -93.449
app.sequence_tolerance: Generation 2:
app.sequence_tolerance: Distinct new entities: 1929
app.sequence_tolerance: Duplicate new entities: 2
app.sequence_tolerance: Entities from previous generation: 69
app.sequence_tolerance: Entities resurrected from earlier generations: 0
app.sequence_tolerance: Fitness Percentiles: 0%=-93.449 25%=-84.4622 50%=-74.6775 75%=32.0489 100%=399.536
app.sequence_tolerance: Best new entity:
MultiStateEntity with traits: AA:109:N AA:110:H AA:111:Q AA:112:W AA:113:T and fitness -92.830
 SingleState 1 with fitness: -92.8297
app.sequence_tolerance: Generation 3:
app.sequence_tolerance: Distinct new entities: 1919
app.sequence_tolerance: Duplicate new entities: 0
app.sequence_tolerance: Entities from previous generation: 76
app.sequence_tolerance: Entities resurrected from earlier generations: 5
app.sequence_tolerance: Fitness Percentiles: 0%=-94.4853 25%=-85.812 50%=-82.3784 75%=-66.3654 100%=380.866
app.sequence_tolerance: Best new entity:
MultiStateEntity with traits: AA:109:W AA:110:Y AA:111:I AA:112:W AA:113:V and fitness -94.485
 SingleState 1 with fitness: -94.4853
app.sequence_tolerance: Generation 4:
app.sequence_tolerance: Distinct new entities: 1906
app.sequence_tolerance: Duplicate new entities: 2
app.sequence_tolerance: Entities from previous generation: 84
app.sequence_tolerance: Entities resurrected from earlier generations: 8
app.sequence_tolerance: Fitness Percentiles: 0%=-94.4853 25%=-86.8199 50%=-83.7464 75%=-74.5508 100%=307.678
app.sequence_tolerance: Best new entity:
MultiStateEntity with traits: AA:109:F AA:110:Y AA:111:F AA:112:W AA:113:V and fitness -94.479
 SingleState 1 with fitness: -94.4785
app.sequence_tolerance: Generation 5:
app.sequence_tolerance: Distinct new entities: 1903
app.sequence_tolerance: Duplicate new entities: 1
app.sequence_tolerance: Entities from previous generation: 84
app.sequence_tolerance: Entities resurrected from earlier generations: 12
app.sequence_tolerance: Fitness Percentiles: 0%=-95.057 25%=-87.501 50%=-84.8263 75%=-77.0741 100%=289.163
app.sequence_tolerance: Best new entity:
MultiStateEntity with traits: AA:109:W AA:110:Y AA:111:H AA:112:W AA:113:V and fitness -95.057
 SingleState 1 with fitness: -95.057
app.sequence_tolerance: Evaluated 9655 sequences out of 2476099 possible.
Best sequences:
