core.init: Mini-Rosetta version 40577 from https://svn.rosettacommons.org/source/branches/releases/rosetta-3.2/rosetta_source
core.init: command: /netapp/home/colin/rosetta/rosetta-3.2/rosetta_source/bin/sequence_tolerance.linuxgccrelease -database /netapp/home/colin/rosetta/rosetta-3.2/rosetta_database -s 2IWP_B_A_V1927_0004_low.pdb -ex1 -ex2 -extrachi_cutoff 0 -seq_tol:fitness_master_weights 1 1 1 2 -ms:generations 5 -ms:pop_size 2000 -ms:pop_from_ss 1 -ms:checkpoint:prefix 2IWP_B_A_V1927_0004 -ms:checkpoint:interval 200 -ms:checkpoint:gz -ms:numresults 0 -out:prefix 2IWP_B_A_V1927_0004 -score:weights standard -score:patch score12 -score:ref_offsets HIS 1.2 -resfile /netapp/home/colin/backrub_seqtol/input_files/2IWP_B_A_V1927/2IWP_B_A_V1927_seqtol.resfile
core.init: 'RNG device' seed mode, using '/dev/urandom', seed=-157554080 seed_offset=0 real_seed=-157554080
core.init.random: RandomGenerator:init: Normal mode, seed=-157554080 RG_type=mt19937
core.pack.task: Packer task: initialize from command line() 
core.pack.task: Packer task: initialize from command line() 
core.scoring.ScoreFunctionFactory: SCOREFUNCTION: standard
core.scoring.ScoreFunctionFactory: SCOREFUNCTION PATCH: score12
core.scoring.etable: Starting energy table calculation
core.scoring.etable: smooth_etable: changing atr/rep split to bottom of energy well
core.scoring.etable: smooth_etable: spline smoothing lj etables (maxdis = 6)
core.scoring.etable: smooth_etable: spline smoothing solvation etables (max_dis = 6)
core.scoring.etable: Finished calculating energy tables.
core.io.database: Database file opened: /netapp/home/colin/rosetta/rosetta-3.2/rosetta_database/pdb_pair_stats_fine
core.io.database: Database file opened: /netapp/home/colin/rosetta/rosetta-3.2/rosetta_database/scoring/score_functions/hbonds/standard_params/HBPoly1D.csv
core.io.database: Database file opened: /netapp/home/colin/rosetta/rosetta-3.2/rosetta_database/scoring/score_functions/hbonds/standard_params/HBFadeIntervals.csv
core.io.database: Database file opened: /netapp/home/colin/rosetta/rosetta-3.2/rosetta_database/scoring/score_functions/hbonds/standard_params/HBEval.csv
core.io.database: Database file opened: /netapp/home/colin/rosetta/rosetta-3.2/rosetta_database/P_AA
core.io.database: Database file opened: /netapp/home/colin/rosetta/rosetta-3.2/rosetta_database/P_AA_n
core.io.database: Database file opened: /netapp/home/colin/rosetta/rosetta-3.2/rosetta_database/P_AA_pp
core.io.database: Database file opened: /netapp/home/colin/rosetta/rosetta-3.2/rosetta_database/Rama_smooth_dyn.dat_ss_6.4
core.scoring.dunbrack: Dunbrack library took 0.02 seconds to load from binary
app.sequence_tolerance: Residue Decomposition: [Set 1 (A): [1, 2, 3, 4, 5, 6, 7, 8, 9, 10, 11, 12, 13, 14, 15, 16, 17, 18, 19, 20, 21, 22, 23, 24, 25, 26, 27, 28, 29, 30, 31, 32, 33, 34, 35, 36, 37, 38, 39, 40, 41, 42, 43, 44, 45, 46, 47, 48, 49, 50, 51, 52, 53, 54, 55, 56, 57, 58, 59, 60, 61, 62, 63, 64, 65, 66, 67, 68, 69, 70, 71, 72, 73, 74, 75, 76, 77, 78, 79, 80, 81, 82, 83, 84, 85, 86, 87, 88, 89, 90, 91, 92, 93, 94, 95, 96, 97, 98, 99, 100, 101, 102, 103, 104, 105, 106], Set 2 (B): [107, 108, 109, 110, 111, 112, 113]]
app.sequence_tolerance: Fitness Function Master Weights: [1, 1, 1, 2]
app.sequence_tolerance: Fitness of Starting Structure: 
---------------------------------------------------------------------
Score Type                  Other        A        B      A-B    Total
---------------------------------------------------------------------
fa_atr                      0.000 -287.894   -6.519  -28.266 -322.679
fa_rep                      0.000   44.615    1.045    0.882   46.542
fa_sol                      0.000  141.135    4.735   18.961  164.831
fa_intra_rep                0.000    0.925    0.119    0.000    1.044
pro_close                   0.000   11.738    0.000    0.000   11.738
fa_pair                     0.000   -3.515   -0.127   -0.685   -4.326
hbond_sr_bb               -10.340    0.000    0.000    0.000  -10.340
hbond_lr_bb               -32.146    0.000    0.000    0.000  -32.146
hbond_bb_sc                 0.000   -4.194    0.000    0.000   -4.194
hbond_sc                    0.000   -0.506    0.000   -0.699   -1.205
dslf_ss_dst                 0.000    0.000    0.000    0.000    0.000
dslf_cs_ang                 0.000    0.000    0.000    0.000    0.000
dslf_ss_dih                 0.000    0.000    0.000    0.000    0.000
dslf_ca_dih                 0.000    0.000    0.000    0.000    0.000
rama                        0.000   -2.902    0.072    0.000   -2.830
omega                       0.000   31.665    0.596    0.000   32.261
fa_dun                      0.000   73.285    4.431    0.000   77.716
p_aa_pp                     0.000  -10.973   -0.084    0.000  -11.057
ref                         0.000  -18.150   -1.910    0.000  -20.060
---------------------------------------------------------------------
Total                     -42.486  -24.771    2.359   -9.807  -74.706

core.pack.interaction_graph.interaction_graph_factory: Instantiating PDInteractionGraph
core.pack.pack_rotamers: built 8479 rotamers at 35 positions.
core.pack.pack_rotamers: IG: 91517064 bytes
app.sequence_tolerance: There are 1 positive states and 0 negative states
protocols.multistate_design.MultiStatePacker: Best single-state design score:   -91.81
app.sequence_tolerance: Adding single-state design entities:
app.sequence_tolerance: AA:109:Y AA:110:F AA:111:Q AA:112:K AA:113:V 
app.sequence_tolerance: Generation 1:
app.sequence_tolerance: Distinct new entities: 1999
app.sequence_tolerance: Duplicate new entities: 1
app.sequence_tolerance: Entities from previous generation: 0
app.sequence_tolerance: Entities resurrected from earlier generations: 0
app.sequence_tolerance: Fitness Percentiles: 0%=-91.5208 25%=-83.4936 50%=-80.173 75%=-38.3402 100%=291.945
app.sequence_tolerance: Best new entity:
MultiStateEntity with traits: AA:109:Y AA:110:F AA:111:Q AA:112:K AA:113:V and fitness -91.521
 SingleState 1 with fitness: -91.5208
app.sequence_tolerance: Generation 2:
app.sequence_tolerance: Distinct new entities: 1923
app.sequence_tolerance: Duplicate new entities: 2
app.sequence_tolerance: Entities from previous generation: 75
app.sequence_tolerance: Entities resurrected from earlier generations: 0
app.sequence_tolerance: Fitness Percentiles: 0%=-91.5208 25%=-84.6581 50%=-82.4514 75%=-79.0763 100%=211.731
app.sequence_tolerance: Best new entity:
MultiStateEntity with traits: AA:109:F AA:110:F AA:111:K AA:112:E AA:113:V and fitness -90.759
 SingleState 1 with fitness: -90.7593
app.sequence_tolerance: Generation 3:
app.sequence_tolerance: Distinct new entities: 1908
app.sequence_tolerance: Duplicate new entities: 5
app.sequence_tolerance: Entities from previous generation: 82
app.sequence_tolerance: Entities resurrected from earlier generations: 5
app.sequence_tolerance: Fitness Percentiles: 0%=-91.5208 25%=-85.6429 50%=-83.5299 75%=-81.1292 100%=211.877
app.sequence_tolerance: Best new entity:
MultiStateEntity with traits: AA:109:L AA:110:W AA:111:F AA:112:P AA:113:I and fitness -91.005
 SingleState 1 with fitness: -91.0053
app.sequence_tolerance: Generation 4:
app.sequence_tolerance: Distinct new entities: 1903
app.sequence_tolerance: Duplicate new entities: 6
app.sequence_tolerance: Entities from previous generation: 84
app.sequence_tolerance: Entities resurrected from earlier generations: 7
app.sequence_tolerance: Fitness Percentiles: 0%=-91.5208 25%=-86.2419 50%=-84.3412 75%=-81.8506 100%=177.228
app.sequence_tolerance: Best new entity:
MultiStateEntity with traits: AA:109:Y AA:110:W AA:111:R AA:112:W AA:113:V and fitness -91.054
 SingleState 1 with fitness: -91.0539
app.sequence_tolerance: Generation 5:
app.sequence_tolerance: Distinct new entities: 1898
app.sequence_tolerance: Duplicate new entities: 10
app.sequence_tolerance: Entities from previous generation: 83
app.sequence_tolerance: Entities resurrected from earlier generations: 9
app.sequence_tolerance: Fitness Percentiles: 0%=-91.6803 25%=-86.7832 50%=-84.8743 75%=-82.4843 100%=209.764
app.sequence_tolerance: Best new entity:
MultiStateEntity with traits: AA:109:Y AA:110:Y AA:111:F AA:112:E AA:113:V and fitness -91.680
 SingleState 1 with fitness: -91.6803
app.sequence_tolerance: Evaluated 9631 sequences out of 2476099 possible.
Best sequences:
