core.init: Mini-Rosetta version 40577 from https://svn.rosettacommons.org/source/branches/releases/rosetta-3.2/rosetta_source
core.init: command: /netapp/home/colin/rosetta/rosetta-3.2/rosetta_source/bin/sequence_tolerance.linuxgccrelease -database /netapp/home/colin/rosetta/rosetta-3.2/rosetta_database -s 2IWP_B_A_V1927_0001_low.pdb -ex1 -ex2 -extrachi_cutoff 0 -seq_tol:fitness_master_weights 1 1 1 2 -ms:generations 5 -ms:pop_size 2000 -ms:pop_from_ss 1 -ms:checkpoint:prefix 2IWP_B_A_V1927_0001 -ms:checkpoint:interval 200 -ms:checkpoint:gz -ms:numresults 0 -out:prefix 2IWP_B_A_V1927_0001 -score:weights standard -score:patch score12 -score:ref_offsets HIS 1.2 -resfile /netapp/home/colin/backrub_seqtol/input_files/2IWP_B_A_V1927/2IWP_B_A_V1927_seqtol.resfile
core.init: 'RNG device' seed mode, using '/dev/urandom', seed=-257605374 seed_offset=0 real_seed=-257605374
core.init.random: RandomGenerator:init: Normal mode, seed=-257605374 RG_type=mt19937
core.pack.task: Packer task: initialize from command line() 
core.pack.task: Packer task: initialize from command line() 
core.scoring.ScoreFunctionFactory: SCOREFUNCTION: standard
core.scoring.ScoreFunctionFactory: SCOREFUNCTION PATCH: score12
core.scoring.etable: Starting energy table calculation
core.scoring.etable: smooth_etable: changing atr/rep split to bottom of energy well
core.scoring.etable: smooth_etable: spline smoothing lj etables (maxdis = 6)
core.scoring.etable: smooth_etable: spline smoothing solvation etables (max_dis = 6)
core.scoring.etable: Finished calculating energy tables.
core.io.database: Database file opened: /netapp/home/colin/rosetta/rosetta-3.2/rosetta_database/pdb_pair_stats_fine
core.io.database: Database file opened: /netapp/home/colin/rosetta/rosetta-3.2/rosetta_database/scoring/score_functions/hbonds/standard_params/HBPoly1D.csv
core.io.database: Database file opened: /netapp/home/colin/rosetta/rosetta-3.2/rosetta_database/scoring/score_functions/hbonds/standard_params/HBFadeIntervals.csv
core.io.database: Database file opened: /netapp/home/colin/rosetta/rosetta-3.2/rosetta_database/scoring/score_functions/hbonds/standard_params/HBEval.csv
core.io.database: Database file opened: /netapp/home/colin/rosetta/rosetta-3.2/rosetta_database/P_AA
core.io.database: Database file opened: /netapp/home/colin/rosetta/rosetta-3.2/rosetta_database/P_AA_n
core.io.database: Database file opened: /netapp/home/colin/rosetta/rosetta-3.2/rosetta_database/P_AA_pp
core.io.database: Database file opened: /netapp/home/colin/rosetta/rosetta-3.2/rosetta_database/Rama_smooth_dyn.dat_ss_6.4
core.scoring.dunbrack: Dunbrack library took 0.02 seconds to load from binary
app.sequence_tolerance: Residue Decomposition: [Set 1 (A): [1, 2, 3, 4, 5, 6, 7, 8, 9, 10, 11, 12, 13, 14, 15, 16, 17, 18, 19, 20, 21, 22, 23, 24, 25, 26, 27, 28, 29, 30, 31, 32, 33, 34, 35, 36, 37, 38, 39, 40, 41, 42, 43, 44, 45, 46, 47, 48, 49, 50, 51, 52, 53, 54, 55, 56, 57, 58, 59, 60, 61, 62, 63, 64, 65, 66, 67, 68, 69, 70, 71, 72, 73, 74, 75, 76, 77, 78, 79, 80, 81, 82, 83, 84, 85, 86, 87, 88, 89, 90, 91, 92, 93, 94, 95, 96, 97, 98, 99, 100, 101, 102, 103, 104, 105, 106], Set 2 (B): [107, 108, 109, 110, 111, 112, 113]]
app.sequence_tolerance: Fitness Function Master Weights: [1, 1, 1, 2]
app.sequence_tolerance: Fitness of Starting Structure: 
---------------------------------------------------------------------
Score Type                  Other        A        B      A-B    Total
---------------------------------------------------------------------
fa_atr                      0.000 -291.961   -7.623  -29.734 -329.318
fa_rep                      0.000   45.524    2.788    2.315   50.627
fa_sol                      0.000  145.355    5.421   16.394  167.170
fa_intra_rep                0.000    0.898    0.095    0.000    0.993
pro_close                   0.000   11.658    0.000    0.000   11.658
fa_pair                     0.000   -3.467   -0.176   -0.939   -4.582
hbond_sr_bb               -11.734    0.000    0.000    0.000  -11.734
hbond_lr_bb               -33.653    0.000    0.000    0.000  -33.653
hbond_bb_sc                 0.000   -5.587    0.000    0.000   -5.587
hbond_sc                    0.000   -0.946    0.000   -2.633   -3.579
dslf_ss_dst                 0.000    0.000    0.000    0.000    0.000
dslf_cs_ang                 0.000    0.000    0.000    0.000    0.000
dslf_ss_dih                 0.000    0.000    0.000    0.000    0.000
dslf_ca_dih                 0.000    0.000    0.000    0.000    0.000
rama                        0.000   -2.883    0.384    0.000   -2.498
omega                       0.000   31.731    0.604    0.000   32.335
fa_dun                      0.000   66.881    4.522    0.000   71.403
p_aa_pp                     0.000  -11.643    0.211    0.000  -11.433
ref                         0.000  -18.150   -1.910    0.000  -20.060
---------------------------------------------------------------------
Total                     -45.387  -32.589    4.316  -14.597  -88.258

core.pack.interaction_graph.interaction_graph_factory: Instantiating PDInteractionGraph
core.pack.pack_rotamers: built 8304 rotamers at 35 positions.
core.pack.pack_rotamers: IG: 84930384 bytes
app.sequence_tolerance: There are 1 positive states and 0 negative states
protocols.multistate_design.MultiStatePacker: Best single-state design score:  -105.29
app.sequence_tolerance: Adding single-state design entities:
app.sequence_tolerance: AA:109:K AA:110:Y AA:111:Q AA:112:W AA:113:V 
app.sequence_tolerance: Generation 1:
app.sequence_tolerance: Distinct new entities: 1998
app.sequence_tolerance: Duplicate new entities: 2
app.sequence_tolerance: Entities from previous generation: 0
app.sequence_tolerance: Entities resurrected from earlier generations: 0
app.sequence_tolerance: Fitness Percentiles: 0%=-105.294 25%=-95.1502 50%=-90.3504 75%=-0.301711 100%=419.365
app.sequence_tolerance: Best new entity:
MultiStateEntity with traits: AA:109:K AA:110:Y AA:111:Q AA:112:W AA:113:V and fitness -105.294
 SingleState 1 with fitness: -105.294
app.sequence_tolerance: Generation 2:
app.sequence_tolerance: Distinct new entities: 1929
app.sequence_tolerance: Duplicate new entities: 4
app.sequence_tolerance: Entities from previous generation: 67
app.sequence_tolerance: Entities resurrected from earlier generations: 0
app.sequence_tolerance: Fitness Percentiles: 0%=-105.294 25%=-96.3817 50%=-94.0853 75%=-84.9311 100%=411.284
app.sequence_tolerance: Best new entity:
MultiStateEntity with traits: AA:109:D AA:110:E AA:111:I AA:112:W AA:113:I and fitness -104.621
 SingleState 1 with fitness: -104.621
app.sequence_tolerance: Generation 3:
app.sequence_tolerance: Distinct new entities: 1923
app.sequence_tolerance: Duplicate new entities: 2
app.sequence_tolerance: Entities from previous generation: 72
app.sequence_tolerance: Entities resurrected from earlier generations: 3
app.sequence_tolerance: Fitness Percentiles: 0%=-105.294 25%=-97.1652 50%=-95.2615 75%=-92.5158 100%=276.273
app.sequence_tolerance: Best new entity:
MultiStateEntity with traits: AA:109:Q AA:110:W AA:111:H AA:112:W AA:113:I and fitness -104.197
 SingleState 1 with fitness: -104.197
app.sequence_tolerance: Generation 4:
app.sequence_tolerance: Distinct new entities: 1901
app.sequence_tolerance: Duplicate new entities: 3
app.sequence_tolerance: Entities from previous generation: 92
app.sequence_tolerance: Entities resurrected from earlier generations: 4
app.sequence_tolerance: Fitness Percentiles: 0%=-105.294 25%=-97.9134 50%=-95.9027 75%=-93.6725 100%=281.366
app.sequence_tolerance: Best new entity:
MultiStateEntity with traits: AA:109:E AA:110:F AA:111:T AA:112:W AA:113:I and fitness -104.942
 SingleState 1 with fitness: -104.942
app.sequence_tolerance: Generation 5:
app.sequence_tolerance: Distinct new entities: 1888
app.sequence_tolerance: Duplicate new entities: 4
app.sequence_tolerance: Entities from previous generation: 101
app.sequence_tolerance: Entities resurrected from earlier generations: 7
app.sequence_tolerance: Fitness Percentiles: 0%=-105.907 25%=-98.4749 50%=-96.4181 75%=-94.1418 100%=411.253
app.sequence_tolerance: Best new entity:
MultiStateEntity with traits: AA:109:K AA:110:Y AA:111:Q AA:112:W AA:113:I and fitness -105.907
 SingleState 1 with fitness: -105.907
app.sequence_tolerance: Evaluated 9639 sequences out of 2476099 possible.
Best sequences:
