core.init: Mini-Rosetta version 40577 from https://svn.rosettacommons.org/source/branches/releases/rosetta-3.2/rosetta_source
core.init: command: /netapp/home/colin/rosetta/rosetta-3.2/rosetta_source/bin/sequence_tolerance.linuxgccrelease -database /netapp/home/colin/rosetta/rosetta-3.2/rosetta_database -s 2IWP_B_A_V1927_0006_low.pdb -ex1 -ex2 -extrachi_cutoff 0 -seq_tol:fitness_master_weights 1 1 1 2 -ms:generations 5 -ms:pop_size 2000 -ms:pop_from_ss 1 -ms:checkpoint:prefix 2IWP_B_A_V1927_0006 -ms:checkpoint:interval 200 -ms:checkpoint:gz -ms:numresults 0 -out:prefix 2IWP_B_A_V1927_0006 -score:weights standard -score:patch score12 -score:ref_offsets HIS 1.2 -resfile /netapp/home/colin/backrub_seqtol/input_files/2IWP_B_A_V1927/2IWP_B_A_V1927_seqtol.resfile
core.init: 'RNG device' seed mode, using '/dev/urandom', seed=831252418 seed_offset=0 real_seed=831252418
core.init.random: RandomGenerator:init: Normal mode, seed=831252418 RG_type=mt19937
core.pack.task: Packer task: initialize from command line() 
core.pack.task: Packer task: initialize from command line() 
core.scoring.ScoreFunctionFactory: SCOREFUNCTION: standard
core.scoring.ScoreFunctionFactory: SCOREFUNCTION PATCH: score12
core.scoring.etable: Starting energy table calculation
core.scoring.etable: smooth_etable: changing atr/rep split to bottom of energy well
core.scoring.etable: smooth_etable: spline smoothing lj etables (maxdis = 6)
core.scoring.etable: smooth_etable: spline smoothing solvation etables (max_dis = 6)
core.scoring.etable: Finished calculating energy tables.
core.io.database: Database file opened: /netapp/home/colin/rosetta/rosetta-3.2/rosetta_database/pdb_pair_stats_fine
core.io.database: Database file opened: /netapp/home/colin/rosetta/rosetta-3.2/rosetta_database/scoring/score_functions/hbonds/standard_params/HBPoly1D.csv
core.io.database: Database file opened: /netapp/home/colin/rosetta/rosetta-3.2/rosetta_database/scoring/score_functions/hbonds/standard_params/HBFadeIntervals.csv
core.io.database: Database file opened: /netapp/home/colin/rosetta/rosetta-3.2/rosetta_database/scoring/score_functions/hbonds/standard_params/HBEval.csv
core.io.database: Database file opened: /netapp/home/colin/rosetta/rosetta-3.2/rosetta_database/P_AA
core.io.database: Database file opened: /netapp/home/colin/rosetta/rosetta-3.2/rosetta_database/P_AA_n
core.io.database: Database file opened: /netapp/home/colin/rosetta/rosetta-3.2/rosetta_database/P_AA_pp
core.io.database: Database file opened: /netapp/home/colin/rosetta/rosetta-3.2/rosetta_database/Rama_smooth_dyn.dat_ss_6.4
core.scoring.dunbrack: Dunbrack library took 0.02 seconds to load from binary
app.sequence_tolerance: Residue Decomposition: [Set 1 (A): [1, 2, 3, 4, 5, 6, 7, 8, 9, 10, 11, 12, 13, 14, 15, 16, 17, 18, 19, 20, 21, 22, 23, 24, 25, 26, 27, 28, 29, 30, 31, 32, 33, 34, 35, 36, 37, 38, 39, 40, 41, 42, 43, 44, 45, 46, 47, 48, 49, 50, 51, 52, 53, 54, 55, 56, 57, 58, 59, 60, 61, 62, 63, 64, 65, 66, 67, 68, 69, 70, 71, 72, 73, 74, 75, 76, 77, 78, 79, 80, 81, 82, 83, 84, 85, 86, 87, 88, 89, 90, 91, 92, 93, 94, 95, 96, 97, 98, 99, 100, 101, 102, 103, 104, 105, 106], Set 2 (B): [107, 108, 109, 110, 111, 112, 113]]
app.sequence_tolerance: Fitness Function Master Weights: [1, 1, 1, 2]
app.sequence_tolerance: Fitness of Starting Structure: 
---------------------------------------------------------------------
Score Type                  Other        A        B      A-B    Total
---------------------------------------------------------------------
fa_atr                      0.000 -287.065   -7.318  -29.464 -323.847
fa_rep                      0.000   50.812    1.169    1.546   53.527
fa_sol                      0.000  141.170    5.555   16.718  163.443
fa_intra_rep                0.000    0.861    0.162    0.000    1.023
pro_close                   0.000   11.677    0.000    0.000   11.677
fa_pair                     0.000   -3.164   -0.214   -0.842   -4.219
hbond_sr_bb               -11.339    0.000    0.000    0.000  -11.339
hbond_lr_bb               -32.953    0.000    0.000    0.000  -32.953
hbond_bb_sc                 0.000   -4.426    0.000    0.000   -4.426
hbond_sc                    0.000   -2.493    0.000   -3.394   -5.887
dslf_ss_dst                 0.000    0.000    0.000    0.000    0.000
dslf_cs_ang                 0.000    0.000    0.000    0.000    0.000
dslf_ss_dih                 0.000    0.000    0.000    0.000    0.000
dslf_ca_dih                 0.000    0.000    0.000    0.000    0.000
rama                        0.000   -5.126   -0.072    0.000   -5.198
omega                       0.000   31.687    0.594    0.000   32.281
fa_dun                      0.000   72.547    7.823    0.000   80.371
p_aa_pp                     0.000  -12.519   -0.106    0.000  -12.625
ref                         0.000  -18.150   -1.910    0.000  -20.060
---------------------------------------------------------------------
Total                     -44.292  -24.189    5.685  -15.436  -78.232

core.pack.interaction_graph.interaction_graph_factory: Instantiating PDInteractionGraph
core.pack.pack_rotamers: built 8227 rotamers at 35 positions.
core.pack.pack_rotamers: IG: 85693756 bytes
app.sequence_tolerance: There are 1 positive states and 0 negative states
protocols.multistate_design.MultiStatePacker: Best single-state design score:  -104.20
app.sequence_tolerance: Adding single-state design entities:
app.sequence_tolerance: AA:109:Y AA:110:F AA:111:T AA:112:W AA:113:V 
app.sequence_tolerance: Generation 1:
app.sequence_tolerance: Distinct new entities: 1999
app.sequence_tolerance: Duplicate new entities: 1
app.sequence_tolerance: Entities from previous generation: 0
app.sequence_tolerance: Entities resurrected from earlier generations: 0
app.sequence_tolerance: Fitness Percentiles: 0%=-104.202 25%=-91.7253 50%=-84.3883 75%=39.3701 100%=457.99
app.sequence_tolerance: Best new entity:
MultiStateEntity with traits: AA:109:Y AA:110:F AA:111:T AA:112:W AA:113:V and fitness -104.202
 SingleState 1 with fitness: -104.202
app.sequence_tolerance: Generation 2:
app.sequence_tolerance: Distinct new entities: 1929
app.sequence_tolerance: Duplicate new entities: 2
app.sequence_tolerance: Entities from previous generation: 69
app.sequence_tolerance: Entities resurrected from earlier generations: 0
app.sequence_tolerance: Fitness Percentiles: 0%=-104.202 25%=-93.2925 50%=-90.7976 75%=-80.2758 100%=457.418
app.sequence_tolerance: Best new entity:
MultiStateEntity with traits: AA:109:L AA:110:F AA:111:R AA:112:W AA:113:V and fitness -103.144
 SingleState 1 with fitness: -103.144
app.sequence_tolerance: Generation 3:
app.sequence_tolerance: Distinct new entities: 1924
app.sequence_tolerance: Duplicate new entities: 3
app.sequence_tolerance: Entities from previous generation: 72
app.sequence_tolerance: Entities resurrected from earlier generations: 1
app.sequence_tolerance: Fitness Percentiles: 0%=-104.202 25%=-94.2584 50%=-91.799 75%=-87.6097 100%=374.071
app.sequence_tolerance: Best new entity:
MultiStateEntity with traits: AA:109:F AA:110:Y AA:111:T AA:112:W AA:113:I and fitness -102.539
 SingleState 1 with fitness: -102.539
app.sequence_tolerance: Generation 4:
app.sequence_tolerance: Distinct new entities: 1899
app.sequence_tolerance: Duplicate new entities: 4
app.sequence_tolerance: Entities from previous generation: 94
app.sequence_tolerance: Entities resurrected from earlier generations: 3
app.sequence_tolerance: Fitness Percentiles: 0%=-104.202 25%=-95.0933 50%=-92.7172 75%=-89.6098 100%=366.419
app.sequence_tolerance: Best new entity:
MultiStateEntity with traits: AA:109:Y AA:110:H AA:111:F AA:112:W AA:113:V and fitness -103.549
 SingleState 1 with fitness: -103.549
app.sequence_tolerance: Generation 5:
app.sequence_tolerance: Distinct new entities: 1901
app.sequence_tolerance: Duplicate new entities: 4
app.sequence_tolerance: Entities from previous generation: 80
app.sequence_tolerance: Entities resurrected from earlier generations: 15
app.sequence_tolerance: Fitness Percentiles: 0%=-104.202 25%=-95.7613 50%=-93.2295 75%=-90.5298 100%=453.884
app.sequence_tolerance: Best new entity:
MultiStateEntity with traits: AA:109:W AA:110:H AA:111:V AA:112:W AA:113:V and fitness -103.786
 SingleState 1 with fitness: -103.786
app.sequence_tolerance: Evaluated 9652 sequences out of 2476099 possible.
Best sequences:
