core.init: Mini-Rosetta version 40577 from https://svn.rosettacommons.org/source/branches/releases/rosetta-3.2/rosetta_source
core.init: command: /netapp/home/colin/rosetta/rosetta-3.2/rosetta_source/bin/sequence_tolerance.linuxgccrelease -database /netapp/home/colin/rosetta/rosetta-3.2/rosetta_database -s 2IWP_B_A_V1927_0005_low.pdb -ex1 -ex2 -extrachi_cutoff 0 -seq_tol:fitness_master_weights 1 1 1 2 -ms:generations 5 -ms:pop_size 2000 -ms:pop_from_ss 1 -ms:checkpoint:prefix 2IWP_B_A_V1927_0005 -ms:checkpoint:interval 200 -ms:checkpoint:gz -ms:numresults 0 -out:prefix 2IWP_B_A_V1927_0005 -score:weights standard -score:patch score12 -score:ref_offsets HIS 1.2 -resfile /netapp/home/colin/backrub_seqtol/input_files/2IWP_B_A_V1927/2IWP_B_A_V1927_seqtol.resfile
core.init: 'RNG device' seed mode, using '/dev/urandom', seed=-579715922 seed_offset=0 real_seed=-579715922
core.init.random: RandomGenerator:init: Normal mode, seed=-579715922 RG_type=mt19937
core.pack.task: Packer task: initialize from command line() 
core.pack.task: Packer task: initialize from command line() 
core.scoring.ScoreFunctionFactory: SCOREFUNCTION: standard
core.scoring.ScoreFunctionFactory: SCOREFUNCTION PATCH: score12
core.scoring.etable: Starting energy table calculation
core.scoring.etable: smooth_etable: changing atr/rep split to bottom of energy well
core.scoring.etable: smooth_etable: spline smoothing lj etables (maxdis = 6)
core.scoring.etable: smooth_etable: spline smoothing solvation etables (max_dis = 6)
core.scoring.etable: Finished calculating energy tables.
core.io.database: Database file opened: /netapp/home/colin/rosetta/rosetta-3.2/rosetta_database/pdb_pair_stats_fine
core.io.database: Database file opened: /netapp/home/colin/rosetta/rosetta-3.2/rosetta_database/scoring/score_functions/hbonds/standard_params/HBPoly1D.csv
core.io.database: Database file opened: /netapp/home/colin/rosetta/rosetta-3.2/rosetta_database/scoring/score_functions/hbonds/standard_params/HBFadeIntervals.csv
core.io.database: Database file opened: /netapp/home/colin/rosetta/rosetta-3.2/rosetta_database/scoring/score_functions/hbonds/standard_params/HBEval.csv
core.io.database: Database file opened: /netapp/home/colin/rosetta/rosetta-3.2/rosetta_database/P_AA
core.io.database: Database file opened: /netapp/home/colin/rosetta/rosetta-3.2/rosetta_database/P_AA_n
core.io.database: Database file opened: /netapp/home/colin/rosetta/rosetta-3.2/rosetta_database/P_AA_pp
core.io.database: Database file opened: /netapp/home/colin/rosetta/rosetta-3.2/rosetta_database/Rama_smooth_dyn.dat_ss_6.4
core.scoring.dunbrack: Dunbrack library took 0.02 seconds to load from binary
app.sequence_tolerance: Residue Decomposition: [Set 1 (A): [1, 2, 3, 4, 5, 6, 7, 8, 9, 10, 11, 12, 13, 14, 15, 16, 17, 18, 19, 20, 21, 22, 23, 24, 25, 26, 27, 28, 29, 30, 31, 32, 33, 34, 35, 36, 37, 38, 39, 40, 41, 42, 43, 44, 45, 46, 47, 48, 49, 50, 51, 52, 53, 54, 55, 56, 57, 58, 59, 60, 61, 62, 63, 64, 65, 66, 67, 68, 69, 70, 71, 72, 73, 74, 75, 76, 77, 78, 79, 80, 81, 82, 83, 84, 85, 86, 87, 88, 89, 90, 91, 92, 93, 94, 95, 96, 97, 98, 99, 100, 101, 102, 103, 104, 105, 106], Set 2 (B): [107, 108, 109, 110, 111, 112, 113]]
app.sequence_tolerance: Fitness Function Master Weights: [1, 1, 1, 2]
app.sequence_tolerance: Fitness of Starting Structure: 
---------------------------------------------------------------------
Score Type                  Other        A        B      A-B    Total
---------------------------------------------------------------------
fa_atr                      0.000 -282.573   -7.888  -32.026 -322.487
fa_rep                      0.000   46.614    0.623    1.706   48.943
fa_sol                      0.000  143.509    5.799   18.791  168.099
fa_intra_rep                0.000    0.803    0.104    0.000    0.907
pro_close                   0.000   11.673    0.000    0.000   11.673
fa_pair                     0.000   -3.913   -0.257   -1.158   -5.328
hbond_sr_bb               -10.739    0.000    0.000    0.000  -10.739
hbond_lr_bb               -38.531    0.000    0.000    0.000  -38.531
hbond_bb_sc                 0.000   -4.206    0.000    0.000   -4.206
hbond_sc                    0.000   -0.438    0.000   -1.473   -1.911
dslf_ss_dst                 0.000    0.000    0.000    0.000    0.000
dslf_cs_ang                 0.000    0.000    0.000    0.000    0.000
dslf_ss_dih                 0.000    0.000    0.000    0.000    0.000
dslf_ca_dih                 0.000    0.000    0.000    0.000    0.000
rama                        0.000    0.862    0.405    0.000    1.267
omega                       0.000   31.663    0.601    0.000   32.264
fa_dun                      0.000   66.794    4.239    0.000   71.033
p_aa_pp                     0.000  -12.981    0.139    0.000  -12.841
ref                         0.000  -18.150   -1.910    0.000  -20.060
---------------------------------------------------------------------
Total                     -49.271  -20.343    1.855  -14.160  -81.919

core.pack.interaction_graph.interaction_graph_factory: Instantiating PDInteractionGraph
core.pack.pack_rotamers: built 7987 rotamers at 35 positions.
core.pack.pack_rotamers: IG: 76675628 bytes
app.sequence_tolerance: There are 1 positive states and 0 negative states
protocols.multistate_design.MultiStatePacker: Best single-state design score:   -98.78
app.sequence_tolerance: Adding single-state design entities:
app.sequence_tolerance: AA:109:T AA:110:K AA:111:K AA:112:W AA:113:V 
app.sequence_tolerance: Generation 1:
app.sequence_tolerance: Distinct new entities: 1999
app.sequence_tolerance: Duplicate new entities: 1
app.sequence_tolerance: Entities from previous generation: 0
app.sequence_tolerance: Entities resurrected from earlier generations: 0
app.sequence_tolerance: Fitness Percentiles: 0%=-98.779 25%=-86.3733 50%=-77.3216 75%=-2.69499 100%=249.252
app.sequence_tolerance: Best new entity:
MultiStateEntity with traits: AA:109:T AA:110:K AA:111:K AA:112:W AA:113:V and fitness -98.779
 SingleState 1 with fitness: -98.779
app.sequence_tolerance: Generation 2:
app.sequence_tolerance: Distinct new entities: 1913
app.sequence_tolerance: Duplicate new entities: 2
app.sequence_tolerance: Entities from previous generation: 85
app.sequence_tolerance: Entities resurrected from earlier generations: 0
app.sequence_tolerance: Fitness Percentiles: 0%=-98.779 25%=-87.9795 50%=-84.9566 75%=-67.8493 100%=224.637
app.sequence_tolerance: Best new entity:
MultiStateEntity with traits: AA:109:T AA:110:F AA:111:H AA:112:W AA:113:V and fitness -96.943
 SingleState 1 with fitness: -96.9425
app.sequence_tolerance: Generation 3:
app.sequence_tolerance: Distinct new entities: 1911
app.sequence_tolerance: Duplicate new entities: 3
app.sequence_tolerance: Entities from previous generation: 79
app.sequence_tolerance: Entities resurrected from earlier generations: 7
app.sequence_tolerance: Fitness Percentiles: 0%=-98.779 25%=-88.8837 50%=-86.4329 75%=-82.4716 100%=184.409
app.sequence_tolerance: Best new entity:
MultiStateEntity with traits: AA:109:T AA:110:R AA:111:K AA:112:W AA:113:V and fitness -98.370
 SingleState 1 with fitness: -98.37
app.sequence_tolerance: Generation 4:
app.sequence_tolerance: Distinct new entities: 1910
app.sequence_tolerance: Duplicate new entities: 2
app.sequence_tolerance: Entities from previous generation: 74
app.sequence_tolerance: Entities resurrected from earlier generations: 14
app.sequence_tolerance: Fitness Percentiles: 0%=-99.6566 25%=-89.6596 50%=-87.1795 75%=-83.8389 100%=224.293
app.sequence_tolerance: Best new entity:
MultiStateEntity with traits: AA:109:W AA:110:Y AA:111:Q AA:112:W AA:113:V and fitness -99.657
 SingleState 1 with fitness: -99.6566
app.sequence_tolerance: Generation 5:
app.sequence_tolerance: Distinct new entities: 1902
app.sequence_tolerance: Duplicate new entities: 5
app.sequence_tolerance: Entities from previous generation: 85
app.sequence_tolerance: Entities resurrected from earlier generations: 8
app.sequence_tolerance: Fitness Percentiles: 0%=-99.6566 25%=-90.1322 50%=-87.8634 75%=-84.6626 100%=227.936
app.sequence_tolerance: Best new entity:
MultiStateEntity with traits: AA:109:V AA:110:K AA:111:T AA:112:W AA:113:V and fitness -99.152
 SingleState 1 with fitness: -99.1521
app.sequence_tolerance: Evaluated 9635 sequences out of 2476099 possible.
Best sequences:
