core.init: Mini-Rosetta version 40577 from https://svn.rosettacommons.org/source/branches/releases/rosetta-3.2/rosetta_source
core.init: command: /netapp/home/colin/rosetta/rosetta-3.2/rosetta_source/bin/sequence_tolerance.linuxgccrelease -database /netapp/home/colin/rosetta/rosetta-3.2/rosetta_database -s 2IWP_B_A_V1927_0011_low.pdb -ex1 -ex2 -extrachi_cutoff 0 -seq_tol:fitness_master_weights 1 1 1 2 -ms:generations 5 -ms:pop_size 2000 -ms:pop_from_ss 1 -ms:checkpoint:prefix 2IWP_B_A_V1927_0011 -ms:checkpoint:interval 200 -ms:checkpoint:gz -ms:numresults 0 -out:prefix 2IWP_B_A_V1927_0011 -score:weights standard -score:patch score12 -score:ref_offsets HIS 1.2 -resfile /netapp/home/colin/backrub_seqtol/input_files/2IWP_B_A_V1927/2IWP_B_A_V1927_seqtol.resfile
core.init: 'RNG device' seed mode, using '/dev/urandom', seed=671112967 seed_offset=0 real_seed=671112967
core.init.random: RandomGenerator:init: Normal mode, seed=671112967 RG_type=mt19937
core.pack.task: Packer task: initialize from command line() 
core.pack.task: Packer task: initialize from command line() 
core.scoring.ScoreFunctionFactory: SCOREFUNCTION: standard
core.scoring.ScoreFunctionFactory: SCOREFUNCTION PATCH: score12
core.scoring.etable: Starting energy table calculation
core.scoring.etable: smooth_etable: changing atr/rep split to bottom of energy well
core.scoring.etable: smooth_etable: spline smoothing lj etables (maxdis = 6)
core.scoring.etable: smooth_etable: spline smoothing solvation etables (max_dis = 6)
core.scoring.etable: Finished calculating energy tables.
core.io.database: Database file opened: /netapp/home/colin/rosetta/rosetta-3.2/rosetta_database/pdb_pair_stats_fine
core.io.database: Database file opened: /netapp/home/colin/rosetta/rosetta-3.2/rosetta_database/scoring/score_functions/hbonds/standard_params/HBPoly1D.csv
core.io.database: Database file opened: /netapp/home/colin/rosetta/rosetta-3.2/rosetta_database/scoring/score_functions/hbonds/standard_params/HBFadeIntervals.csv
core.io.database: Database file opened: /netapp/home/colin/rosetta/rosetta-3.2/rosetta_database/scoring/score_functions/hbonds/standard_params/HBEval.csv
core.io.database: Database file opened: /netapp/home/colin/rosetta/rosetta-3.2/rosetta_database/P_AA
core.io.database: Database file opened: /netapp/home/colin/rosetta/rosetta-3.2/rosetta_database/P_AA_n
core.io.database: Database file opened: /netapp/home/colin/rosetta/rosetta-3.2/rosetta_database/P_AA_pp
core.io.database: Database file opened: /netapp/home/colin/rosetta/rosetta-3.2/rosetta_database/Rama_smooth_dyn.dat_ss_6.4
core.scoring.dunbrack: Dunbrack library took 0.01 seconds to load from binary
app.sequence_tolerance: Residue Decomposition: [Set 1 (A): [1, 2, 3, 4, 5, 6, 7, 8, 9, 10, 11, 12, 13, 14, 15, 16, 17, 18, 19, 20, 21, 22, 23, 24, 25, 26, 27, 28, 29, 30, 31, 32, 33, 34, 35, 36, 37, 38, 39, 40, 41, 42, 43, 44, 45, 46, 47, 48, 49, 50, 51, 52, 53, 54, 55, 56, 57, 58, 59, 60, 61, 62, 63, 64, 65, 66, 67, 68, 69, 70, 71, 72, 73, 74, 75, 76, 77, 78, 79, 80, 81, 82, 83, 84, 85, 86, 87, 88, 89, 90, 91, 92, 93, 94, 95, 96, 97, 98, 99, 100, 101, 102, 103, 104, 105, 106], Set 2 (B): [107, 108, 109, 110, 111, 112, 113]]
app.sequence_tolerance: Fitness Function Master Weights: [1, 1, 1, 2]
app.sequence_tolerance: Fitness of Starting Structure: 
---------------------------------------------------------------------
Score Type                  Other        A        B      A-B    Total
---------------------------------------------------------------------
fa_atr                      0.000 -304.160   -7.571  -33.946 -345.676
fa_rep                      0.000   53.516    1.739    7.028   62.283
fa_sol                      0.000  154.578    5.790   18.517  178.884
fa_intra_rep                0.000    0.821    0.112    0.000    0.933
pro_close                   0.000   11.684    0.000    0.000   11.684
fa_pair                     0.000   -4.213   -0.270   -0.893   -5.377
hbond_sr_bb               -11.798    0.000    0.000    0.000  -11.798
hbond_lr_bb               -38.641    0.000    0.000    0.000  -38.641
hbond_bb_sc                 0.000   -6.948   -0.111    0.000   -7.060
hbond_sc                    0.000   -1.562    0.000   -2.639   -4.201
dslf_ss_dst                 0.000    0.000    0.000    0.000    0.000
dslf_cs_ang                 0.000    0.000    0.000    0.000    0.000
dslf_ss_dih                 0.000    0.000    0.000    0.000    0.000
dslf_ca_dih                 0.000    0.000    0.000    0.000    0.000
rama                        0.000   -4.933   -0.102    0.000   -5.035
omega                       0.000   31.685    0.595    0.000   32.280
fa_dun                      0.000   67.946    8.476    0.000   76.422
p_aa_pp                     0.000  -12.739   -0.191    0.000  -12.930
ref                         0.000  -18.150   -1.910    0.000  -20.060
---------------------------------------------------------------------
Total                     -50.439  -32.476    6.556  -11.933  -88.293

core.pack.interaction_graph.interaction_graph_factory: Instantiating PDInteractionGraph
core.pack.pack_rotamers: built 7946 rotamers at 35 positions.
core.pack.pack_rotamers: IG: 75405976 bytes
app.sequence_tolerance: There are 1 positive states and 0 negative states
protocols.multistate_design.MultiStatePacker: Best single-state design score:  -113.04
app.sequence_tolerance: Adding single-state design entities:
app.sequence_tolerance: AA:109:L AA:110:S AA:111:T AA:112:W AA:113:T 
app.sequence_tolerance: Generation 1:
app.sequence_tolerance: Distinct new entities: 1999
app.sequence_tolerance: Duplicate new entities: 1
app.sequence_tolerance: Entities from previous generation: 0
app.sequence_tolerance: Entities resurrected from earlier generations: 0
app.sequence_tolerance: Fitness Percentiles: 0%=-112.953 25%=-97.3736 50%=-45.3891 75%=74.4279 100%=1839
app.sequence_tolerance: Best new entity:
MultiStateEntity with traits: AA:109:L AA:110:S AA:111:T AA:112:W AA:113:T and fitness -112.953
 SingleState 1 with fitness: -112.953
app.sequence_tolerance: Generation 2:
app.sequence_tolerance: Distinct new entities: 1932
app.sequence_tolerance: Duplicate new entities: 1
app.sequence_tolerance: Entities from previous generation: 67
app.sequence_tolerance: Entities resurrected from earlier generations: 0
app.sequence_tolerance: Fitness Percentiles: 0%=-112.953 25%=-99.3725 50%=-94.6613 75%=-32.9876 100%=1676.61
app.sequence_tolerance: Best new entity:
MultiStateEntity with traits: AA:109:L AA:110:S AA:111:T AA:112:W AA:113:E and fitness -111.989
 SingleState 1 with fitness: -111.989
app.sequence_tolerance: Generation 3:
app.sequence_tolerance: Distinct new entities: 1925
app.sequence_tolerance: Duplicate new entities: 2
app.sequence_tolerance: Entities from previous generation: 68
app.sequence_tolerance: Entities resurrected from earlier generations: 5
app.sequence_tolerance: Fitness Percentiles: 0%=-113.427 25%=-100.598 50%=-97.5566 75%=-89.3592 100%=1637.56
app.sequence_tolerance: Best new entity:
MultiStateEntity with traits: AA:109:L AA:110:S AA:111:T AA:112:W AA:113:V and fitness -113.427
 SingleState 1 with fitness: -113.427
app.sequence_tolerance: Generation 4:
app.sequence_tolerance: Distinct new entities: 1913
app.sequence_tolerance: Duplicate new entities: 7
app.sequence_tolerance: Entities from previous generation: 76
app.sequence_tolerance: Entities resurrected from earlier generations: 4
app.sequence_tolerance: Fitness Percentiles: 0%=-113.427 25%=-101.403 50%=-98.8057 75%=-93.6833 100%=1690.24
app.sequence_tolerance: Best new entity:
MultiStateEntity with traits: AA:109:Y AA:110:A AA:111:R AA:112:W AA:113:V and fitness -111.671
 SingleState 1 with fitness: -111.671
app.sequence_tolerance: Generation 5:
app.sequence_tolerance: Distinct new entities: 1882
app.sequence_tolerance: Duplicate new entities: 7
app.sequence_tolerance: Entities from previous generation: 94
app.sequence_tolerance: Entities resurrected from earlier generations: 17
app.sequence_tolerance: Fitness Percentiles: 0%=-113.427 25%=-102.024 50%=-99.4708 75%=-94.9009 100%=1673.36
app.sequence_tolerance: Best new entity:
MultiStateEntity with traits: AA:109:L AA:110:N AA:111:T AA:112:W AA:113:T and fitness -112.703
 SingleState 1 with fitness: -112.703
app.sequence_tolerance: Evaluated 9651 sequences out of 2476099 possible.
Best sequences:
