core.init: Mini-Rosetta version 40577 from https://svn.rosettacommons.org/source/branches/releases/rosetta-3.2/rosetta_source
core.init: command: /netapp/home/colin/rosetta/rosetta-3.2/rosetta_source/bin/sequence_tolerance.linuxgccrelease -database /netapp/home/colin/rosetta/rosetta-3.2/rosetta_database -s 2IWP_B_A_V1927_0020_low.pdb -ex1 -ex2 -extrachi_cutoff 0 -seq_tol:fitness_master_weights 1 1 1 2 -ms:generations 5 -ms:pop_size 2000 -ms:pop_from_ss 1 -ms:checkpoint:prefix 2IWP_B_A_V1927_0020 -ms:checkpoint:interval 200 -ms:checkpoint:gz -ms:numresults 0 -out:prefix 2IWP_B_A_V1927_0020 -score:weights standard -score:patch score12 -score:ref_offsets HIS 1.2 -resfile /netapp/home/colin/backrub_seqtol/input_files/2IWP_B_A_V1927/2IWP_B_A_V1927_seqtol.resfile
core.init: 'RNG device' seed mode, using '/dev/urandom', seed=110391129 seed_offset=0 real_seed=110391129
core.init.random: RandomGenerator:init: Normal mode, seed=110391129 RG_type=mt19937
core.pack.task: Packer task: initialize from command line() 
core.pack.task: Packer task: initialize from command line() 
core.scoring.ScoreFunctionFactory: SCOREFUNCTION: standard
core.scoring.ScoreFunctionFactory: SCOREFUNCTION PATCH: score12
core.scoring.etable: Starting energy table calculation
core.scoring.etable: smooth_etable: changing atr/rep split to bottom of energy well
core.scoring.etable: smooth_etable: spline smoothing lj etables (maxdis = 6)
core.scoring.etable: smooth_etable: spline smoothing solvation etables (max_dis = 6)
core.scoring.etable: Finished calculating energy tables.
core.io.database: Database file opened: /netapp/home/colin/rosetta/rosetta-3.2/rosetta_database/pdb_pair_stats_fine
core.io.database: Database file opened: /netapp/home/colin/rosetta/rosetta-3.2/rosetta_database/scoring/score_functions/hbonds/standard_params/HBPoly1D.csv
core.io.database: Database file opened: /netapp/home/colin/rosetta/rosetta-3.2/rosetta_database/scoring/score_functions/hbonds/standard_params/HBFadeIntervals.csv
core.io.database: Database file opened: /netapp/home/colin/rosetta/rosetta-3.2/rosetta_database/scoring/score_functions/hbonds/standard_params/HBEval.csv
core.io.database: Database file opened: /netapp/home/colin/rosetta/rosetta-3.2/rosetta_database/P_AA
core.io.database: Database file opened: /netapp/home/colin/rosetta/rosetta-3.2/rosetta_database/P_AA_n
core.io.database: Database file opened: /netapp/home/colin/rosetta/rosetta-3.2/rosetta_database/P_AA_pp
core.io.database: Database file opened: /netapp/home/colin/rosetta/rosetta-3.2/rosetta_database/Rama_smooth_dyn.dat_ss_6.4
core.scoring.dunbrack: Dunbrack library took 0.02 seconds to load from binary
app.sequence_tolerance: Residue Decomposition: [Set 1 (A): [1, 2, 3, 4, 5, 6, 7, 8, 9, 10, 11, 12, 13, 14, 15, 16, 17, 18, 19, 20, 21, 22, 23, 24, 25, 26, 27, 28, 29, 30, 31, 32, 33, 34, 35, 36, 37, 38, 39, 40, 41, 42, 43, 44, 45, 46, 47, 48, 49, 50, 51, 52, 53, 54, 55, 56, 57, 58, 59, 60, 61, 62, 63, 64, 65, 66, 67, 68, 69, 70, 71, 72, 73, 74, 75, 76, 77, 78, 79, 80, 81, 82, 83, 84, 85, 86, 87, 88, 89, 90, 91, 92, 93, 94, 95, 96, 97, 98, 99, 100, 101, 102, 103, 104, 105, 106], Set 2 (B): [107, 108, 109, 110, 111, 112, 113]]
app.sequence_tolerance: Fitness Function Master Weights: [1, 1, 1, 2]
app.sequence_tolerance: Fitness of Starting Structure: 
---------------------------------------------------------------------
Score Type                  Other        A        B      A-B    Total
---------------------------------------------------------------------
fa_atr                      0.000 -287.996   -7.139  -38.448 -333.583
fa_rep                      0.000   47.039    0.603    3.780   51.422
fa_sol                      0.000  142.011    5.471   22.734  170.216
fa_intra_rep                0.000    0.883    0.140    0.000    1.024
pro_close                   0.000   11.725    0.000    0.000   11.725
fa_pair                     0.000   -2.826   -0.418   -0.665   -3.908
hbond_sr_bb               -10.029    0.000    0.000    0.000  -10.029
hbond_lr_bb               -35.453    0.000    0.000    0.000  -35.453
hbond_bb_sc                 0.000   -6.900   -0.030    0.000   -6.930
hbond_sc                    0.000   -1.215    0.000   -3.458   -4.673
dslf_ss_dst                 0.000    0.000    0.000    0.000    0.000
dslf_cs_ang                 0.000    0.000    0.000    0.000    0.000
dslf_ss_dih                 0.000    0.000    0.000    0.000    0.000
dslf_ca_dih                 0.000    0.000    0.000    0.000    0.000
rama                        0.000   -3.312    0.856    0.000   -2.456
omega                       0.000   31.729    0.598    0.000   32.327
fa_dun                      0.000   70.979    6.237    0.000   77.217
p_aa_pp                     0.000  -11.727   -0.074    0.000  -11.801
ref                         0.000  -18.150   -1.910    0.000  -20.060
---------------------------------------------------------------------
Total                     -45.481  -27.758    4.334  -16.056  -84.962

core.pack.interaction_graph.interaction_graph_factory: Instantiating PDInteractionGraph
core.pack.pack_rotamers: built 7439 rotamers at 35 positions.
core.pack.pack_rotamers: IG: 66530260 bytes
app.sequence_tolerance: There are 1 positive states and 0 negative states
protocols.multistate_design.MultiStatePacker: Best single-state design score:   -95.76
app.sequence_tolerance: Adding single-state design entities:
app.sequence_tolerance: AA:109:Q AA:110:S AA:111:Q AA:112:P AA:113:V 
app.sequence_tolerance: Generation 1:
app.sequence_tolerance: Distinct new entities: 1999
app.sequence_tolerance: Duplicate new entities: 1
app.sequence_tolerance: Entities from previous generation: 0
app.sequence_tolerance: Entities resurrected from earlier generations: 0
app.sequence_tolerance: Fitness Percentiles: 0%=-96.108 25%=-87.507 50%=-76.5455 75%=66.3694 100%=679.4
app.sequence_tolerance: Best new entity:
MultiStateEntity with traits: AA:109:K AA:110:H AA:111:V AA:112:M AA:113:V and fitness -96.108
 SingleState 1 with fitness: -96.108
app.sequence_tolerance: Generation 2:
app.sequence_tolerance: Distinct new entities: 1929
app.sequence_tolerance: Duplicate new entities: 5
app.sequence_tolerance: Entities from previous generation: 66
app.sequence_tolerance: Entities resurrected from earlier generations: 0
app.sequence_tolerance: Fitness Percentiles: 0%=-96.761 25%=-89.1118 50%=-85.7667 75%=-71.8917 100%=526.547
app.sequence_tolerance: Best new entity:
MultiStateEntity with traits: AA:109:K AA:110:W AA:111:R AA:112:S AA:113:V and fitness -96.761
 SingleState 1 with fitness: -96.761
app.sequence_tolerance: Generation 3:
app.sequence_tolerance: Distinct new entities: 1925
app.sequence_tolerance: Duplicate new entities: 3
app.sequence_tolerance: Entities from previous generation: 68
app.sequence_tolerance: Entities resurrected from earlier generations: 4
app.sequence_tolerance: Fitness Percentiles: 0%=-96.761 25%=-90.0242 50%=-87.4943 75%=-80.8007 100%=507.027
app.sequence_tolerance: Best new entity:
MultiStateEntity with traits: AA:109:Q AA:110:W AA:111:V AA:112:H AA:113:I and fitness -96.644
 SingleState 1 with fitness: -96.6435
app.sequence_tolerance: Generation 4:
app.sequence_tolerance: Distinct new entities: 1914
app.sequence_tolerance: Duplicate new entities: 2
app.sequence_tolerance: Entities from previous generation: 77
app.sequence_tolerance: Entities resurrected from earlier generations: 7
app.sequence_tolerance: Fitness Percentiles: 0%=-96.761 25%=-90.8834 50%=-88.4232 75%=-84.5722 100%=414.761
app.sequence_tolerance: Best new entity:
MultiStateEntity with traits: AA:109:Q AA:110:H AA:111:V AA:112:H AA:113:I and fitness -96.497
 SingleState 1 with fitness: -96.4966
app.sequence_tolerance: Generation 5:
app.sequence_tolerance: Distinct new entities: 1881
app.sequence_tolerance: Duplicate new entities: 4
app.sequence_tolerance: Entities from previous generation: 109
app.sequence_tolerance: Entities resurrected from earlier generations: 6
app.sequence_tolerance: Fitness Percentiles: 0%=-97.3632 25%=-91.4873 50%=-88.945 75%=-85.1662 100%=508.855
app.sequence_tolerance: Best new entity:
MultiStateEntity with traits: AA:109:Q AA:110:H AA:111:F AA:112:H AA:113:V and fitness -97.363
 SingleState 1 with fitness: -97.3632
app.sequence_tolerance: Evaluated 9648 sequences out of 2476099 possible.
Best sequences:
