core.init: Mini-Rosetta version 40577 from https://svn.rosettacommons.org/source/branches/releases/rosetta-3.2/rosetta_source
core.init: command: /netapp/home/colin/rosetta/rosetta-3.2/rosetta_source/bin/sequence_tolerance.linuxgccrelease -database /netapp/home/colin/rosetta/rosetta-3.2/rosetta_database -s 2IWP_B_A_V1927_0003_low.pdb -ex1 -ex2 -extrachi_cutoff 0 -seq_tol:fitness_master_weights 1 1 1 2 -ms:generations 5 -ms:pop_size 2000 -ms:pop_from_ss 1 -ms:checkpoint:prefix 2IWP_B_A_V1927_0003 -ms:checkpoint:interval 200 -ms:checkpoint:gz -ms:numresults 0 -out:prefix 2IWP_B_A_V1927_0003 -score:weights standard -score:patch score12 -score:ref_offsets HIS 1.2 -resfile /netapp/home/colin/backrub_seqtol/input_files/2IWP_B_A_V1927/2IWP_B_A_V1927_seqtol.resfile
core.init: 'RNG device' seed mode, using '/dev/urandom', seed=1198707729 seed_offset=0 real_seed=1198707729
core.init.random: RandomGenerator:init: Normal mode, seed=1198707729 RG_type=mt19937
core.pack.task: Packer task: initialize from command line() 
core.pack.task: Packer task: initialize from command line() 
core.scoring.ScoreFunctionFactory: SCOREFUNCTION: standard
core.scoring.ScoreFunctionFactory: SCOREFUNCTION PATCH: score12
core.scoring.etable: Starting energy table calculation
core.scoring.etable: smooth_etable: changing atr/rep split to bottom of energy well
core.scoring.etable: smooth_etable: spline smoothing lj etables (maxdis = 6)
core.scoring.etable: smooth_etable: spline smoothing solvation etables (max_dis = 6)
core.scoring.etable: Finished calculating energy tables.
core.io.database: Database file opened: /netapp/home/colin/rosetta/rosetta-3.2/rosetta_database/pdb_pair_stats_fine
core.io.database: Database file opened: /netapp/home/colin/rosetta/rosetta-3.2/rosetta_database/scoring/score_functions/hbonds/standard_params/HBPoly1D.csv
core.io.database: Database file opened: /netapp/home/colin/rosetta/rosetta-3.2/rosetta_database/scoring/score_functions/hbonds/standard_params/HBFadeIntervals.csv
core.io.database: Database file opened: /netapp/home/colin/rosetta/rosetta-3.2/rosetta_database/scoring/score_functions/hbonds/standard_params/HBEval.csv
core.io.database: Database file opened: /netapp/home/colin/rosetta/rosetta-3.2/rosetta_database/P_AA
core.io.database: Database file opened: /netapp/home/colin/rosetta/rosetta-3.2/rosetta_database/P_AA_n
core.io.database: Database file opened: /netapp/home/colin/rosetta/rosetta-3.2/rosetta_database/P_AA_pp
core.io.database: Database file opened: /netapp/home/colin/rosetta/rosetta-3.2/rosetta_database/Rama_smooth_dyn.dat_ss_6.4
core.scoring.dunbrack: Dunbrack library took 0.04 seconds to load from binary
app.sequence_tolerance: Residue Decomposition: [Set 1 (A): [1, 2, 3, 4, 5, 6, 7, 8, 9, 10, 11, 12, 13, 14, 15, 16, 17, 18, 19, 20, 21, 22, 23, 24, 25, 26, 27, 28, 29, 30, 31, 32, 33, 34, 35, 36, 37, 38, 39, 40, 41, 42, 43, 44, 45, 46, 47, 48, 49, 50, 51, 52, 53, 54, 55, 56, 57, 58, 59, 60, 61, 62, 63, 64, 65, 66, 67, 68, 69, 70, 71, 72, 73, 74, 75, 76, 77, 78, 79, 80, 81, 82, 83, 84, 85, 86, 87, 88, 89, 90, 91, 92, 93, 94, 95, 96, 97, 98, 99, 100, 101, 102, 103, 104, 105, 106], Set 2 (B): [107, 108, 109, 110, 111, 112, 113]]
app.sequence_tolerance: Fitness Function Master Weights: [1, 1, 1, 2]
app.sequence_tolerance: Fitness of Starting Structure: 
---------------------------------------------------------------------
Score Type                  Other        A        B      A-B    Total
---------------------------------------------------------------------
fa_atr                      0.000 -292.202   -8.358  -29.009 -329.569
fa_rep                      0.000   50.318    1.451    5.432   57.201
fa_sol                      0.000  146.041    6.111   17.284  169.435
fa_intra_rep                0.000    0.838    0.144    0.000    0.981
pro_close                   0.000   11.632    0.000    0.000   11.632
fa_pair                     0.000   -4.689   -0.287   -0.872   -5.848
hbond_sr_bb               -10.878    0.000    0.000    0.000  -10.878
hbond_lr_bb               -38.256    0.000    0.000    0.000  -38.256
hbond_bb_sc                 0.000   -5.272   -0.043    0.000   -5.315
hbond_sc                    0.000   -0.515    0.000   -2.587   -3.102
dslf_ss_dst                 0.000    0.000    0.000    0.000    0.000
dslf_cs_ang                 0.000    0.000    0.000    0.000    0.000
dslf_ss_dih                 0.000    0.000    0.000    0.000    0.000
dslf_ca_dih                 0.000    0.000    0.000    0.000    0.000
rama                        0.000   -0.879    0.527    0.000   -0.351
omega                       0.000   31.643    0.598    0.000   32.241
fa_dun                      0.000   65.457    3.796    0.000   69.253
p_aa_pp                     0.000  -10.954    0.107    0.000  -10.847
ref                         0.000  -18.150   -1.910    0.000  -20.060
---------------------------------------------------------------------
Total                     -49.134  -26.733    2.136   -9.752  -83.483

core.pack.interaction_graph.interaction_graph_factory: Instantiating PDInteractionGraph
core.pack.pack_rotamers: built 7577 rotamers at 35 positions.
core.pack.pack_rotamers: IG: 70816156 bytes
app.sequence_tolerance: There are 1 positive states and 0 negative states
protocols.multistate_design.MultiStatePacker: Best single-state design score:   -99.99
app.sequence_tolerance: Adding single-state design entities:
app.sequence_tolerance: AA:109:Y AA:110:Y AA:111:Q AA:112:T AA:113:V 
app.sequence_tolerance: Generation 1:
app.sequence_tolerance: Distinct new entities: 2000
app.sequence_tolerance: Duplicate new entities: 0
app.sequence_tolerance: Entities from previous generation: 0
app.sequence_tolerance: Entities resurrected from earlier generations: 0
app.sequence_tolerance: Fitness Percentiles: 0%=-99.9885 25%=-89.0806 50%=-82.8637 75%=64.4599 100%=499.027
app.sequence_tolerance: Best new entity:
MultiStateEntity with traits: AA:109:Y AA:110:Y AA:111:Q AA:112:T AA:113:V and fitness -99.988
 SingleState 1 with fitness: -99.9885
app.sequence_tolerance: Generation 2:
app.sequence_tolerance: Distinct new entities: 1916
app.sequence_tolerance: Duplicate new entities: 4
app.sequence_tolerance: Entities from previous generation: 80
app.sequence_tolerance: Entities resurrected from earlier generations: 0
app.sequence_tolerance: Fitness Percentiles: 0%=-99.9885 25%=-90.6957 50%=-87.829 75%=-77.8253 100%=461.266
app.sequence_tolerance: Best new entity:
MultiStateEntity with traits: AA:109:F AA:110:Y AA:111:T AA:112:H AA:113:V and fitness -99.593
 SingleState 1 with fitness: -99.5929
app.sequence_tolerance: Generation 3:
app.sequence_tolerance: Distinct new entities: 1920
app.sequence_tolerance: Duplicate new entities: 2
app.sequence_tolerance: Entities from previous generation: 75
app.sequence_tolerance: Entities resurrected from earlier generations: 3
app.sequence_tolerance: Fitness Percentiles: 0%=-101.344 25%=-91.8699 50%=-89.3382 75%=-85.6104 100%=421.668
app.sequence_tolerance: Best new entity:
MultiStateEntity with traits: AA:109:Y AA:110:Y AA:111:E AA:112:W AA:113:V and fitness -101.344
 SingleState 1 with fitness: -101.344
app.sequence_tolerance: Generation 4:
app.sequence_tolerance: Distinct new entities: 1923
app.sequence_tolerance: Duplicate new entities: 0
app.sequence_tolerance: Entities from previous generation: 72
app.sequence_tolerance: Entities resurrected from earlier generations: 5
app.sequence_tolerance: Fitness Percentiles: 0%=-101.344 25%=-92.6331 50%=-90.2244 75%=-87.2861 100%=457.326
app.sequence_tolerance: Best new entity:
MultiStateEntity with traits: AA:109:F AA:110:Y AA:111:K AA:112:W AA:113:I and fitness -100.445
 SingleState 1 with fitness: -100.445
app.sequence_tolerance: Generation 5:
app.sequence_tolerance: Distinct new entities: 1877
app.sequence_tolerance: Duplicate new entities: 8
app.sequence_tolerance: Entities from previous generation: 101
app.sequence_tolerance: Entities resurrected from earlier generations: 14
app.sequence_tolerance: Fitness Percentiles: 0%=-101.344 25%=-93.2247 50%=-90.7642 75%=-87.7937 100%=611.818
app.sequence_tolerance: Best new entity:
MultiStateEntity with traits: AA:109:L AA:110:Y AA:111:N AA:112:W AA:113:V and fitness -100.262
 SingleState 1 with fitness: -100.262
app.sequence_tolerance: Evaluated 9636 sequences out of 2476099 possible.
Best sequences:
