core.init: Mini-Rosetta version 40577 from https://svn.rosettacommons.org/source/branches/releases/rosetta-3.2/rosetta_source
core.init: command: /netapp/home/colin/rosetta/rosetta-3.2/rosetta_source/bin/sequence_tolerance.linuxgccrelease -database /netapp/home/colin/rosetta/rosetta-3.2/rosetta_database -s 2IWP_B_A_V1927_0015_low.pdb -ex1 -ex2 -extrachi_cutoff 0 -seq_tol:fitness_master_weights 1 1 1 2 -ms:generations 5 -ms:pop_size 2000 -ms:pop_from_ss 1 -ms:checkpoint:prefix 2IWP_B_A_V1927_0015 -ms:checkpoint:interval 200 -ms:checkpoint:gz -ms:numresults 0 -out:prefix 2IWP_B_A_V1927_0015 -score:weights standard -score:patch score12 -score:ref_offsets HIS 1.2 -resfile /netapp/home/colin/backrub_seqtol/input_files/2IWP_B_A_V1927/2IWP_B_A_V1927_seqtol.resfile
core.init: 'RNG device' seed mode, using '/dev/urandom', seed=932109180 seed_offset=0 real_seed=932109180
core.init.random: RandomGenerator:init: Normal mode, seed=932109180 RG_type=mt19937
core.pack.task: Packer task: initialize from command line() 
core.pack.task: Packer task: initialize from command line() 
core.scoring.ScoreFunctionFactory: SCOREFUNCTION: standard
core.scoring.ScoreFunctionFactory: SCOREFUNCTION PATCH: score12
core.scoring.etable: Starting energy table calculation
core.scoring.etable: smooth_etable: changing atr/rep split to bottom of energy well
core.scoring.etable: smooth_etable: spline smoothing lj etables (maxdis = 6)
core.scoring.etable: smooth_etable: spline smoothing solvation etables (max_dis = 6)
core.scoring.etable: Finished calculating energy tables.
core.io.database: Database file opened: /netapp/home/colin/rosetta/rosetta-3.2/rosetta_database/pdb_pair_stats_fine
core.io.database: Database file opened: /netapp/home/colin/rosetta/rosetta-3.2/rosetta_database/scoring/score_functions/hbonds/standard_params/HBPoly1D.csv
core.io.database: Database file opened: /netapp/home/colin/rosetta/rosetta-3.2/rosetta_database/scoring/score_functions/hbonds/standard_params/HBFadeIntervals.csv
core.io.database: Database file opened: /netapp/home/colin/rosetta/rosetta-3.2/rosetta_database/scoring/score_functions/hbonds/standard_params/HBEval.csv
core.io.database: Database file opened: /netapp/home/colin/rosetta/rosetta-3.2/rosetta_database/P_AA
core.io.database: Database file opened: /netapp/home/colin/rosetta/rosetta-3.2/rosetta_database/P_AA_n
core.io.database: Database file opened: /netapp/home/colin/rosetta/rosetta-3.2/rosetta_database/P_AA_pp
core.io.database: Database file opened: /netapp/home/colin/rosetta/rosetta-3.2/rosetta_database/Rama_smooth_dyn.dat_ss_6.4
core.scoring.dunbrack: Dunbrack library took 0.04 seconds to load from binary
app.sequence_tolerance: Residue Decomposition: [Set 1 (A): [1, 2, 3, 4, 5, 6, 7, 8, 9, 10, 11, 12, 13, 14, 15, 16, 17, 18, 19, 20, 21, 22, 23, 24, 25, 26, 27, 28, 29, 30, 31, 32, 33, 34, 35, 36, 37, 38, 39, 40, 41, 42, 43, 44, 45, 46, 47, 48, 49, 50, 51, 52, 53, 54, 55, 56, 57, 58, 59, 60, 61, 62, 63, 64, 65, 66, 67, 68, 69, 70, 71, 72, 73, 74, 75, 76, 77, 78, 79, 80, 81, 82, 83, 84, 85, 86, 87, 88, 89, 90, 91, 92, 93, 94, 95, 96, 97, 98, 99, 100, 101, 102, 103, 104, 105, 106], Set 2 (B): [107, 108, 109, 110, 111, 112, 113]]
app.sequence_tolerance: Fitness Function Master Weights: [1, 1, 1, 2]
app.sequence_tolerance: Fitness of Starting Structure: 
---------------------------------------------------------------------
Score Type                  Other        A        B      A-B    Total
---------------------------------------------------------------------
fa_atr                      0.000 -287.030   -8.016  -29.350 -324.397
fa_rep                      0.000   47.939    1.459    1.373   50.771
fa_sol                      0.000  145.665    5.809   18.569  170.043
fa_intra_rep                0.000    0.818    0.080    0.000    0.898
pro_close                   0.000   11.610    0.000    0.000   11.610
fa_pair                     0.000   -2.914   -0.595   -0.890   -4.399
hbond_sr_bb               -11.358    0.000    0.000    0.000  -11.358
hbond_lr_bb               -32.409    0.000    0.000    0.000  -32.409
hbond_bb_sc                 0.000   -3.750    0.000    0.000   -3.750
hbond_sc                    0.000   -0.870    0.000   -2.564   -3.434
dslf_ss_dst                 0.000    0.000    0.000    0.000    0.000
dslf_cs_ang                 0.000    0.000    0.000    0.000    0.000
dslf_ss_dih                 0.000    0.000    0.000    0.000    0.000
dslf_ca_dih                 0.000    0.000    0.000    0.000    0.000
rama                        0.000   -3.327    0.645    0.000   -2.682
omega                       0.000   31.685    0.600    0.000   32.284
fa_dun                      0.000   63.856    3.523    0.000   67.379
p_aa_pp                     0.000  -10.190   -0.153    0.000  -10.343
ref                         0.000  -18.150   -1.910    0.000  -20.060
---------------------------------------------------------------------
Total                     -43.767  -24.659    1.441  -12.862  -79.847

core.pack.interaction_graph.interaction_graph_factory: Instantiating PDInteractionGraph
core.pack.pack_rotamers: built 7962 rotamers at 35 positions.
core.pack.pack_rotamers: IG: 75241188 bytes
app.sequence_tolerance: There are 1 positive states and 0 negative states
protocols.multistate_design.MultiStatePacker: Best single-state design score:  -100.95
app.sequence_tolerance: Adding single-state design entities:
app.sequence_tolerance: AA:109:K AA:110:F AA:111:T AA:112:W AA:113:I 
app.sequence_tolerance: Generation 1:
app.sequence_tolerance: Distinct new entities: 2000
app.sequence_tolerance: Duplicate new entities: 0
app.sequence_tolerance: Entities from previous generation: 0
app.sequence_tolerance: Entities resurrected from earlier generations: 0
app.sequence_tolerance: Fitness Percentiles: 0%=-100.95 25%=-85.3007 50%=-73.0271 75%=63.9319 100%=368.942
app.sequence_tolerance: Best new entity:
MultiStateEntity with traits: AA:109:K AA:110:F AA:111:T AA:112:W AA:113:I and fitness -100.950
 SingleState 1 with fitness: -100.95
app.sequence_tolerance: Generation 2:
app.sequence_tolerance: Distinct new entities: 1936
app.sequence_tolerance: Duplicate new entities: 2
app.sequence_tolerance: Entities from previous generation: 62
app.sequence_tolerance: Entities resurrected from earlier generations: 0
app.sequence_tolerance: Fitness Percentiles: 0%=-100.95 25%=-86.8543 50%=-84.1201 75%=-59.5124 100%=364.669
app.sequence_tolerance: Best new entity:
MultiStateEntity with traits: AA:109:K AA:110:E AA:111:T AA:112:W AA:113:I and fitness -97.961
 SingleState 1 with fitness: -97.9613
app.sequence_tolerance: Generation 3:
app.sequence_tolerance: Distinct new entities: 1908
app.sequence_tolerance: Duplicate new entities: 2
app.sequence_tolerance: Entities from previous generation: 89
app.sequence_tolerance: Entities resurrected from earlier generations: 1
app.sequence_tolerance: Fitness Percentiles: 0%=-100.95 25%=-88.2546 50%=-85.7752 75%=-82.1463 100%=366.502
app.sequence_tolerance: Best new entity:
MultiStateEntity with traits: AA:109:Q AA:110:H AA:111:S AA:112:W AA:113:I and fitness -99.322
 SingleState 1 with fitness: -99.3221
app.sequence_tolerance: Generation 4:
app.sequence_tolerance: Distinct new entities: 1893
app.sequence_tolerance: Duplicate new entities: 3
app.sequence_tolerance: Entities from previous generation: 93
app.sequence_tolerance: Entities resurrected from earlier generations: 11
app.sequence_tolerance: Fitness Percentiles: 0%=-100.95 25%=-89.1371 50%=-86.6765 75%=-83.7302 100%=246.125
app.sequence_tolerance: Best new entity:
MultiStateEntity with traits: AA:109:M AA:110:W AA:111:T AA:112:W AA:113:I and fitness -99.571
 SingleState 1 with fitness: -99.5711
app.sequence_tolerance: Generation 5:
app.sequence_tolerance: Distinct new entities: 1906
app.sequence_tolerance: Duplicate new entities: 3
app.sequence_tolerance: Entities from previous generation: 77
app.sequence_tolerance: Entities resurrected from earlier generations: 14
app.sequence_tolerance: Fitness Percentiles: 0%=-100.95 25%=-89.927 50%=-87.4032 75%=-84.216 100%=333.268
app.sequence_tolerance: Best new entity:
MultiStateEntity with traits: AA:109:Q AA:110:F AA:111:T AA:112:W AA:113:I and fitness -100.549
 SingleState 1 with fitness: -100.549
app.sequence_tolerance: Evaluated 9643 sequences out of 2476099 possible.
Best sequences:
