core.init: Mini-Rosetta version 40577 from https://svn.rosettacommons.org/source/branches/releases/rosetta-3.2/rosetta_source
core.init: command: /netapp/home/colin/rosetta/rosetta-3.2/rosetta_source/bin/sequence_tolerance.linuxgccrelease -database /netapp/home/colin/rosetta/rosetta-3.2/rosetta_database -s 2IWP_B_A_V1927_0016_low.pdb -ex1 -ex2 -extrachi_cutoff 0 -seq_tol:fitness_master_weights 1 1 1 2 -ms:generations 5 -ms:pop_size 2000 -ms:pop_from_ss 1 -ms:checkpoint:prefix 2IWP_B_A_V1927_0016 -ms:checkpoint:interval 200 -ms:checkpoint:gz -ms:numresults 0 -out:prefix 2IWP_B_A_V1927_0016 -score:weights standard -score:patch score12 -score:ref_offsets HIS 1.2 -resfile /netapp/home/colin/backrub_seqtol/input_files/2IWP_B_A_V1927/2IWP_B_A_V1927_seqtol.resfile
core.init: 'RNG device' seed mode, using '/dev/urandom', seed=-1905187730 seed_offset=0 real_seed=-1905187730
core.init.random: RandomGenerator:init: Normal mode, seed=-1905187730 RG_type=mt19937
core.pack.task: Packer task: initialize from command line() 
core.pack.task: Packer task: initialize from command line() 
core.scoring.ScoreFunctionFactory: SCOREFUNCTION: standard
core.scoring.ScoreFunctionFactory: SCOREFUNCTION PATCH: score12
core.scoring.etable: Starting energy table calculation
core.scoring.etable: smooth_etable: changing atr/rep split to bottom of energy well
core.scoring.etable: smooth_etable: spline smoothing lj etables (maxdis = 6)
core.scoring.etable: smooth_etable: spline smoothing solvation etables (max_dis = 6)
core.scoring.etable: Finished calculating energy tables.
core.io.database: Database file opened: /netapp/home/colin/rosetta/rosetta-3.2/rosetta_database/pdb_pair_stats_fine
core.io.database: Database file opened: /netapp/home/colin/rosetta/rosetta-3.2/rosetta_database/scoring/score_functions/hbonds/standard_params/HBPoly1D.csv
core.io.database: Database file opened: /netapp/home/colin/rosetta/rosetta-3.2/rosetta_database/scoring/score_functions/hbonds/standard_params/HBFadeIntervals.csv
core.io.database: Database file opened: /netapp/home/colin/rosetta/rosetta-3.2/rosetta_database/scoring/score_functions/hbonds/standard_params/HBEval.csv
core.io.database: Database file opened: /netapp/home/colin/rosetta/rosetta-3.2/rosetta_database/P_AA
core.io.database: Database file opened: /netapp/home/colin/rosetta/rosetta-3.2/rosetta_database/P_AA_n
core.io.database: Database file opened: /netapp/home/colin/rosetta/rosetta-3.2/rosetta_database/P_AA_pp
core.io.database: Database file opened: /netapp/home/colin/rosetta/rosetta-3.2/rosetta_database/Rama_smooth_dyn.dat_ss_6.4
core.scoring.dunbrack: Dunbrack library took 0.01 seconds to load from binary
app.sequence_tolerance: Residue Decomposition: [Set 1 (A): [1, 2, 3, 4, 5, 6, 7, 8, 9, 10, 11, 12, 13, 14, 15, 16, 17, 18, 19, 20, 21, 22, 23, 24, 25, 26, 27, 28, 29, 30, 31, 32, 33, 34, 35, 36, 37, 38, 39, 40, 41, 42, 43, 44, 45, 46, 47, 48, 49, 50, 51, 52, 53, 54, 55, 56, 57, 58, 59, 60, 61, 62, 63, 64, 65, 66, 67, 68, 69, 70, 71, 72, 73, 74, 75, 76, 77, 78, 79, 80, 81, 82, 83, 84, 85, 86, 87, 88, 89, 90, 91, 92, 93, 94, 95, 96, 97, 98, 99, 100, 101, 102, 103, 104, 105, 106], Set 2 (B): [107, 108, 109, 110, 111, 112, 113]]
app.sequence_tolerance: Fitness Function Master Weights: [1, 1, 1, 2]
app.sequence_tolerance: Fitness of Starting Structure: 
---------------------------------------------------------------------
Score Type                  Other        A        B      A-B    Total
---------------------------------------------------------------------
fa_atr                      0.000 -288.082   -9.357  -34.528 -331.967
fa_rep                      0.000   42.338    1.950    2.812   47.101
fa_sol                      0.000  145.676    6.685   21.156  173.516
fa_intra_rep                0.000    0.943    0.168    0.000    1.111
pro_close                   0.000   11.696    0.000    0.000   11.696
fa_pair                     0.000   -3.503   -0.670   -0.890   -5.062
hbond_sr_bb               -10.078    0.000    0.000    0.000  -10.078
hbond_lr_bb               -35.762    0.000    0.000    0.000  -35.762
hbond_bb_sc                 0.000   -4.030    0.000    0.000   -4.030
hbond_sc                    0.000   -0.778   -0.038   -2.933   -3.748
dslf_ss_dst                 0.000    0.000    0.000    0.000    0.000
dslf_cs_ang                 0.000    0.000    0.000    0.000    0.000
dslf_ss_dih                 0.000    0.000    0.000    0.000    0.000
dslf_ca_dih                 0.000    0.000    0.000    0.000    0.000
rama                        0.000    0.218    0.557    0.000    0.775
omega                       0.000   31.691    0.600    0.000   32.290
fa_dun                      0.000   73.739    3.823    0.000   77.562
p_aa_pp                     0.000  -12.659    0.110    0.000  -12.549
ref                         0.000  -18.150   -1.910    0.000  -20.060
---------------------------------------------------------------------
Total                     -45.840  -20.900    1.919  -14.383  -79.205

core.pack.interaction_graph.interaction_graph_factory: Instantiating PDInteractionGraph
core.pack.pack_rotamers: built 7523 rotamers at 35 positions.
core.pack.pack_rotamers: IG: 69485660 bytes
app.sequence_tolerance: There are 1 positive states and 0 negative states
protocols.multistate_design.MultiStatePacker: Best single-state design score:   -97.61
app.sequence_tolerance: Adding single-state design entities:
app.sequence_tolerance: AA:109:Y AA:110:Q AA:111:T AA:112:R AA:113:I 
app.sequence_tolerance: Generation 1:
app.sequence_tolerance: Distinct new entities: 1997
app.sequence_tolerance: Duplicate new entities: 3
app.sequence_tolerance: Entities from previous generation: 0
app.sequence_tolerance: Entities resurrected from earlier generations: 0
app.sequence_tolerance: Fitness Percentiles: 0%=-97.6708 25%=-86.5454 50%=-77.1908 75%=33.0548 100%=2352.08
app.sequence_tolerance: Best new entity:
MultiStateEntity with traits: AA:109:Y AA:110:A AA:111:K AA:112:W AA:113:V and fitness -97.671
 SingleState 1 with fitness: -97.6708
app.sequence_tolerance: Generation 2:
app.sequence_tolerance: Distinct new entities: 1925
app.sequence_tolerance: Duplicate new entities: 3
app.sequence_tolerance: Entities from previous generation: 72
app.sequence_tolerance: Entities resurrected from earlier generations: 0
app.sequence_tolerance: Fitness Percentiles: 0%=-97.6708 25%=-88.0543 50%=-85.0478 75%=-70.2163 100%=2314.61
app.sequence_tolerance: Best new entity:
MultiStateEntity with traits: AA:109:A AA:110:Q AA:111:T AA:112:W AA:113:V and fitness -96.661
 SingleState 1 with fitness: -96.6613
app.sequence_tolerance: Generation 3:
app.sequence_tolerance: Distinct new entities: 1898
app.sequence_tolerance: Duplicate new entities: 5
app.sequence_tolerance: Entities from previous generation: 89
app.sequence_tolerance: Entities resurrected from earlier generations: 8
app.sequence_tolerance: Fitness Percentiles: 0%=-98.0681 25%=-89.0181 50%=-86.5283 75%=-81.82 100%=2369.89
app.sequence_tolerance: Best new entity:
MultiStateEntity with traits: AA:109:Y AA:110:S AA:111:D AA:112:W AA:113:I and fitness -98.068
 SingleState 1 with fitness: -98.0681
app.sequence_tolerance: Generation 4:
app.sequence_tolerance: Distinct new entities: 1902
app.sequence_tolerance: Duplicate new entities: 1
app.sequence_tolerance: Entities from previous generation: 91
app.sequence_tolerance: Entities resurrected from earlier generations: 6
app.sequence_tolerance: Fitness Percentiles: 0%=-98.0681 25%=-89.6143 50%=-87.3298 75%=-83.9379 100%=2317.75
app.sequence_tolerance: Best new entity:
MultiStateEntity with traits: AA:109:Q AA:110:A AA:111:Q AA:112:W AA:113:I and fitness -97.860
 SingleState 1 with fitness: -97.8604
app.sequence_tolerance: Generation 5:
app.sequence_tolerance: Distinct new entities: 1913
app.sequence_tolerance: Duplicate new entities: 0
app.sequence_tolerance: Entities from previous generation: 77
app.sequence_tolerance: Entities resurrected from earlier generations: 10
app.sequence_tolerance: Fitness Percentiles: 0%=-98.3945 25%=-90.4117 50%=-88.0142 75%=-84.9133 100%=2313.1
app.sequence_tolerance: Best new entity:
MultiStateEntity with traits: AA:109:Y AA:110:A AA:111:D AA:112:W AA:113:I and fitness -98.395
 SingleState 1 with fitness: -98.3945
app.sequence_tolerance: Evaluated 9635 sequences out of 2476099 possible.
Best sequences:
