core.init: Mini-Rosetta version 40577 from https://svn.rosettacommons.org/source/branches/releases/rosetta-3.2/rosetta_source
core.init: command: /netapp/home/colin/rosetta/rosetta-3.2/rosetta_source/bin/sequence_tolerance.linuxgccrelease -database /netapp/home/colin/rosetta/rosetta-3.2/rosetta_database -s 2IWP_B_A_V1927_0019_low.pdb -ex1 -ex2 -extrachi_cutoff 0 -seq_tol:fitness_master_weights 1 1 1 2 -ms:generations 5 -ms:pop_size 2000 -ms:pop_from_ss 1 -ms:checkpoint:prefix 2IWP_B_A_V1927_0019 -ms:checkpoint:interval 200 -ms:checkpoint:gz -ms:numresults 0 -out:prefix 2IWP_B_A_V1927_0019 -score:weights standard -score:patch score12 -score:ref_offsets HIS 1.2 -resfile /netapp/home/colin/backrub_seqtol/input_files/2IWP_B_A_V1927/2IWP_B_A_V1927_seqtol.resfile
core.init: 'RNG device' seed mode, using '/dev/urandom', seed=-881898413 seed_offset=0 real_seed=-881898413
core.init.random: RandomGenerator:init: Normal mode, seed=-881898413 RG_type=mt19937
core.pack.task: Packer task: initialize from command line() 
core.pack.task: Packer task: initialize from command line() 
core.scoring.ScoreFunctionFactory: SCOREFUNCTION: standard
core.scoring.ScoreFunctionFactory: SCOREFUNCTION PATCH: score12
core.scoring.etable: Starting energy table calculation
core.scoring.etable: smooth_etable: changing atr/rep split to bottom of energy well
core.scoring.etable: smooth_etable: spline smoothing lj etables (maxdis = 6)
core.scoring.etable: smooth_etable: spline smoothing solvation etables (max_dis = 6)
core.scoring.etable: Finished calculating energy tables.
core.io.database: Database file opened: /netapp/home/colin/rosetta/rosetta-3.2/rosetta_database/pdb_pair_stats_fine
core.io.database: Database file opened: /netapp/home/colin/rosetta/rosetta-3.2/rosetta_database/scoring/score_functions/hbonds/standard_params/HBPoly1D.csv
core.io.database: Database file opened: /netapp/home/colin/rosetta/rosetta-3.2/rosetta_database/scoring/score_functions/hbonds/standard_params/HBFadeIntervals.csv
core.io.database: Database file opened: /netapp/home/colin/rosetta/rosetta-3.2/rosetta_database/scoring/score_functions/hbonds/standard_params/HBEval.csv
core.io.database: Database file opened: /netapp/home/colin/rosetta/rosetta-3.2/rosetta_database/P_AA
core.io.database: Database file opened: /netapp/home/colin/rosetta/rosetta-3.2/rosetta_database/P_AA_n
core.io.database: Database file opened: /netapp/home/colin/rosetta/rosetta-3.2/rosetta_database/P_AA_pp
core.io.database: Database file opened: /netapp/home/colin/rosetta/rosetta-3.2/rosetta_database/Rama_smooth_dyn.dat_ss_6.4
core.scoring.dunbrack: Dunbrack library took 0.02 seconds to load from binary
app.sequence_tolerance: Residue Decomposition: [Set 1 (A): [1, 2, 3, 4, 5, 6, 7, 8, 9, 10, 11, 12, 13, 14, 15, 16, 17, 18, 19, 20, 21, 22, 23, 24, 25, 26, 27, 28, 29, 30, 31, 32, 33, 34, 35, 36, 37, 38, 39, 40, 41, 42, 43, 44, 45, 46, 47, 48, 49, 50, 51, 52, 53, 54, 55, 56, 57, 58, 59, 60, 61, 62, 63, 64, 65, 66, 67, 68, 69, 70, 71, 72, 73, 74, 75, 76, 77, 78, 79, 80, 81, 82, 83, 84, 85, 86, 87, 88, 89, 90, 91, 92, 93, 94, 95, 96, 97, 98, 99, 100, 101, 102, 103, 104, 105, 106], Set 2 (B): [107, 108, 109, 110, 111, 112, 113]]
app.sequence_tolerance: Fitness Function Master Weights: [1, 1, 1, 2]
app.sequence_tolerance: Fitness of Starting Structure: 
---------------------------------------------------------------------
Score Type                  Other        A        B      A-B    Total
---------------------------------------------------------------------
fa_atr                      0.000 -288.577   -8.381  -40.825 -337.784
fa_rep                      0.000   52.364    1.090    6.962   60.416
fa_sol                      0.000  144.334    6.082   22.303  172.719
fa_intra_rep                0.000    0.851    0.053    0.000    0.904
pro_close                   0.000   11.679    0.000    0.000   11.679
fa_pair                     0.000   -3.887   -0.303   -1.387   -5.577
hbond_sr_bb               -11.889    0.000    0.000    0.000  -11.889
hbond_lr_bb               -34.042    0.000    0.000    0.000  -34.042
hbond_bb_sc                 0.000   -5.663    0.000    0.000   -5.663
hbond_sc                    0.000   -0.396    0.000   -3.356   -3.752
dslf_ss_dst                 0.000    0.000    0.000    0.000    0.000
dslf_cs_ang                 0.000    0.000    0.000    0.000    0.000
dslf_ss_dih                 0.000    0.000    0.000    0.000    0.000
dslf_ca_dih                 0.000    0.000    0.000    0.000    0.000
rama                        0.000   -1.062    0.196    0.000   -0.866
omega                       0.000   31.677    0.599    0.000   32.275
fa_dun                      0.000   70.627    6.201    0.000   76.828
p_aa_pp                     0.000  -12.910   -0.041    0.000  -12.952
ref                         0.000  -18.150   -1.910    0.000  -20.060
---------------------------------------------------------------------
Total                     -45.931  -19.112    3.584  -16.305  -77.764

core.pack.interaction_graph.interaction_graph_factory: Instantiating PDInteractionGraph
core.pack.pack_rotamers: built 7523 rotamers at 35 positions.
core.pack.pack_rotamers: IG: 69391372 bytes
app.sequence_tolerance: There are 1 positive states and 0 negative states
protocols.multistate_design.MultiStatePacker: Best single-state design score:   -94.32
app.sequence_tolerance: Adding single-state design entities:
app.sequence_tolerance: AA:109:Y AA:110:R AA:111:T AA:112:R AA:113:V 
app.sequence_tolerance: Generation 1:
app.sequence_tolerance: Distinct new entities: 2000
app.sequence_tolerance: Duplicate new entities: 0
app.sequence_tolerance: Entities from previous generation: 0
app.sequence_tolerance: Entities resurrected from earlier generations: 0
app.sequence_tolerance: Fitness Percentiles: 0%=-95.7347 25%=-83.9598 50%=-62.2968 75%=189.029 100%=1793.45
app.sequence_tolerance: Best new entity:
MultiStateEntity with traits: AA:109:Y AA:110:R AA:111:T AA:112:R AA:113:V and fitness -95.735
 SingleState 1 with fitness: -95.7347
app.sequence_tolerance: Generation 2:
app.sequence_tolerance: Distinct new entities: 1932
app.sequence_tolerance: Duplicate new entities: 0
app.sequence_tolerance: Entities from previous generation: 68
app.sequence_tolerance: Entities resurrected from earlier generations: 0
app.sequence_tolerance: Fitness Percentiles: 0%=-95.7347 25%=-85.4783 50%=-81.3224 75%=-47.2017 100%=1793.45
app.sequence_tolerance: Best new entity:
MultiStateEntity with traits: AA:109:Y AA:110:A AA:111:K AA:112:W AA:113:V and fitness -94.410
 SingleState 1 with fitness: -94.4102
app.sequence_tolerance: Generation 3:
app.sequence_tolerance: Distinct new entities: 1925
app.sequence_tolerance: Duplicate new entities: 1
app.sequence_tolerance: Entities from previous generation: 69
app.sequence_tolerance: Entities resurrected from earlier generations: 5
app.sequence_tolerance: Fitness Percentiles: 0%=-95.7347 25%=-86.6093 50%=-83.9469 75%=-65.3055 100%=1790.65
app.sequence_tolerance: Best new entity:
MultiStateEntity with traits: AA:109:T AA:110:K AA:111:V AA:112:W AA:113:V and fitness -94.341
 SingleState 1 with fitness: -94.3411
app.sequence_tolerance: Generation 4:
app.sequence_tolerance: Distinct new entities: 1911
app.sequence_tolerance: Duplicate new entities: 4
app.sequence_tolerance: Entities from previous generation: 78
app.sequence_tolerance: Entities resurrected from earlier generations: 7
app.sequence_tolerance: Fitness Percentiles: 0%=-95.7347 25%=-87.5054 50%=-85.0943 75%=-79.3898 100%=1724.07
app.sequence_tolerance: Best new entity:
MultiStateEntity with traits: AA:109:R AA:110:Y AA:111:K AA:112:W AA:113:V and fitness -95.719
 SingleState 1 with fitness: -95.7192
app.sequence_tolerance: Generation 5:
app.sequence_tolerance: Distinct new entities: 1901
app.sequence_tolerance: Duplicate new entities: 5
app.sequence_tolerance: Entities from previous generation: 84
app.sequence_tolerance: Entities resurrected from earlier generations: 10
app.sequence_tolerance: Fitness Percentiles: 0%=-95.9991 25%=-88.0995 50%=-85.7095 75%=-81.2971 100%=1792.55
app.sequence_tolerance: Best new entity:
MultiStateEntity with traits: AA:109:F AA:110:R AA:111:T AA:112:W AA:113:V and fitness -95.999
 SingleState 1 with fitness: -95.9991
app.sequence_tolerance: Evaluated 9669 sequences out of 2476099 possible.
Best sequences:
