core.init: Mini-Rosetta version 40577 from https://svn.rosettacommons.org/source/branches/releases/rosetta-3.2/rosetta_source
core.init: command: /netapp/home/colin/rosetta/rosetta-3.2/rosetta_source/bin/sequence_tolerance.linuxgccrelease -database /netapp/home/colin/rosetta/rosetta-3.2/rosetta_database -s 2IWP_B_A_V1927_0002_low.pdb -ex1 -ex2 -extrachi_cutoff 0 -seq_tol:fitness_master_weights 1 1 1 2 -ms:generations 5 -ms:pop_size 2000 -ms:pop_from_ss 1 -ms:checkpoint:prefix 2IWP_B_A_V1927_0002 -ms:checkpoint:interval 200 -ms:checkpoint:gz -ms:numresults 0 -out:prefix 2IWP_B_A_V1927_0002 -score:weights standard -score:patch score12 -score:ref_offsets HIS 1.2 -resfile /netapp/home/colin/backrub_seqtol/input_files/2IWP_B_A_V1927/2IWP_B_A_V1927_seqtol.resfile
core.init: 'RNG device' seed mode, using '/dev/urandom', seed=-1246719040 seed_offset=0 real_seed=-1246719040
core.init.random: RandomGenerator:init: Normal mode, seed=-1246719040 RG_type=mt19937
core.pack.task: Packer task: initialize from command line() 
core.pack.task: Packer task: initialize from command line() 
core.scoring.ScoreFunctionFactory: SCOREFUNCTION: standard
core.scoring.ScoreFunctionFactory: SCOREFUNCTION PATCH: score12
core.scoring.etable: Starting energy table calculation
core.scoring.etable: smooth_etable: changing atr/rep split to bottom of energy well
core.scoring.etable: smooth_etable: spline smoothing lj etables (maxdis = 6)
core.scoring.etable: smooth_etable: spline smoothing solvation etables (max_dis = 6)
core.scoring.etable: Finished calculating energy tables.
core.io.database: Database file opened: /netapp/home/colin/rosetta/rosetta-3.2/rosetta_database/pdb_pair_stats_fine
core.io.database: Database file opened: /netapp/home/colin/rosetta/rosetta-3.2/rosetta_database/scoring/score_functions/hbonds/standard_params/HBPoly1D.csv
core.io.database: Database file opened: /netapp/home/colin/rosetta/rosetta-3.2/rosetta_database/scoring/score_functions/hbonds/standard_params/HBFadeIntervals.csv
core.io.database: Database file opened: /netapp/home/colin/rosetta/rosetta-3.2/rosetta_database/scoring/score_functions/hbonds/standard_params/HBEval.csv
core.io.database: Database file opened: /netapp/home/colin/rosetta/rosetta-3.2/rosetta_database/P_AA
core.io.database: Database file opened: /netapp/home/colin/rosetta/rosetta-3.2/rosetta_database/P_AA_n
core.io.database: Database file opened: /netapp/home/colin/rosetta/rosetta-3.2/rosetta_database/P_AA_pp
core.io.database: Database file opened: /netapp/home/colin/rosetta/rosetta-3.2/rosetta_database/Rama_smooth_dyn.dat_ss_6.4
core.scoring.dunbrack: Dunbrack library took 0.01 seconds to load from binary
app.sequence_tolerance: Residue Decomposition: [Set 1 (A): [1, 2, 3, 4, 5, 6, 7, 8, 9, 10, 11, 12, 13, 14, 15, 16, 17, 18, 19, 20, 21, 22, 23, 24, 25, 26, 27, 28, 29, 30, 31, 32, 33, 34, 35, 36, 37, 38, 39, 40, 41, 42, 43, 44, 45, 46, 47, 48, 49, 50, 51, 52, 53, 54, 55, 56, 57, 58, 59, 60, 61, 62, 63, 64, 65, 66, 67, 68, 69, 70, 71, 72, 73, 74, 75, 76, 77, 78, 79, 80, 81, 82, 83, 84, 85, 86, 87, 88, 89, 90, 91, 92, 93, 94, 95, 96, 97, 98, 99, 100, 101, 102, 103, 104, 105, 106], Set 2 (B): [107, 108, 109, 110, 111, 112, 113]]
app.sequence_tolerance: Fitness Function Master Weights: [1, 1, 1, 2]
app.sequence_tolerance: Fitness of Starting Structure: 
---------------------------------------------------------------------
Score Type                  Other        A        B      A-B    Total
---------------------------------------------------------------------
fa_atr                      0.000 -289.673   -8.027  -33.656 -331.356
fa_rep                      0.000   48.933    1.652    2.961   53.545
fa_sol                      0.000  149.199    6.039   16.488  171.726
fa_intra_rep                0.000    0.879    0.097    0.000    0.976
pro_close                   0.000   11.663    0.000    0.000   11.663
fa_pair                     0.000   -4.998   -0.236   -1.115   -6.349
hbond_sr_bb               -11.595    0.000    0.000    0.000  -11.595
hbond_lr_bb               -38.469    0.000    0.000    0.000  -38.469
hbond_bb_sc                 0.000   -6.746    0.000    0.000   -6.746
hbond_sc                    0.000   -2.976    0.000   -0.926   -3.902
dslf_ss_dst                 0.000    0.000    0.000    0.000    0.000
dslf_cs_ang                 0.000    0.000    0.000    0.000    0.000
dslf_ss_dih                 0.000    0.000    0.000    0.000    0.000
dslf_ca_dih                 0.000    0.000    0.000    0.000    0.000
rama                        0.000   -0.782   -0.016    0.000   -0.798
omega                       0.000   31.653    0.598    0.000   32.251
fa_dun                      0.000   68.614    9.778    0.000   78.393
p_aa_pp                     0.000  -10.635    0.017    0.000  -10.618
ref                         0.000  -18.150   -1.910    0.000  -20.060
---------------------------------------------------------------------
Total                     -50.064  -23.018    7.993  -16.249  -81.338

core.pack.interaction_graph.interaction_graph_factory: Instantiating PDInteractionGraph
core.pack.pack_rotamers: built 7666 rotamers at 35 positions.
core.pack.pack_rotamers: IG: 73859584 bytes
app.sequence_tolerance: There are 1 positive states and 0 negative states
protocols.multistate_design.MultiStatePacker: Best single-state design score:   -98.92
app.sequence_tolerance: Adding single-state design entities:
app.sequence_tolerance: AA:109:Y AA:110:F AA:111:T AA:112:F AA:113:V 
app.sequence_tolerance: Generation 1:
app.sequence_tolerance: Distinct new entities: 1998
app.sequence_tolerance: Duplicate new entities: 2
app.sequence_tolerance: Entities from previous generation: 0
app.sequence_tolerance: Entities resurrected from earlier generations: 0
app.sequence_tolerance: Fitness Percentiles: 0%=-100.612 25%=-83.5155 50%=-71.5935 75%=48.8015 100%=997.618
app.sequence_tolerance: Best new entity:
MultiStateEntity with traits: AA:109:L AA:110:S AA:111:T AA:112:W AA:113:V and fitness -100.612
 SingleState 1 with fitness: -100.612
app.sequence_tolerance: Generation 2:
app.sequence_tolerance: Distinct new entities: 1921
app.sequence_tolerance: Duplicate new entities: 4
app.sequence_tolerance: Entities from previous generation: 75
app.sequence_tolerance: Entities resurrected from earlier generations: 0
app.sequence_tolerance: Fitness Percentiles: 0%=-100.612 25%=-86.5378 50%=-80.9776 75%=-54.8985 100%=970.7
app.sequence_tolerance: Best new entity:
MultiStateEntity with traits: AA:109:F AA:110:W AA:111:S AA:112:M AA:113:V and fitness -96.452
 SingleState 1 with fitness: -96.4516
app.sequence_tolerance: Generation 3:
app.sequence_tolerance: Distinct new entities: 1907
app.sequence_tolerance: Duplicate new entities: 3
app.sequence_tolerance: Entities from previous generation: 83
app.sequence_tolerance: Entities resurrected from earlier generations: 7
app.sequence_tolerance: Fitness Percentiles: 0%=-100.612 25%=-87.8115 50%=-83.7876 75%=-74.6233 100%=998.091
app.sequence_tolerance: Best new entity:
MultiStateEntity with traits: AA:109:K AA:110:Y AA:111:T AA:112:F AA:113:V and fitness -98.073
 SingleState 1 with fitness: -98.073
app.sequence_tolerance: Generation 4:
app.sequence_tolerance: Distinct new entities: 1908
app.sequence_tolerance: Duplicate new entities: 4
app.sequence_tolerance: Entities from previous generation: 76
app.sequence_tolerance: Entities resurrected from earlier generations: 12
app.sequence_tolerance: Fitness Percentiles: 0%=-100.612 25%=-88.7426 50%=-85.7164 75%=-78.7659 100%=995.426
app.sequence_tolerance: Best new entity:
MultiStateEntity with traits: AA:109:Y AA:110:A AA:111:Q AA:112:W AA:113:V and fitness -97.547
 SingleState 1 with fitness: -97.5471
app.sequence_tolerance: Generation 5:
app.sequence_tolerance: Distinct new entities: 1906
app.sequence_tolerance: Duplicate new entities: 5
app.sequence_tolerance: Entities from previous generation: 82
app.sequence_tolerance: Entities resurrected from earlier generations: 7
app.sequence_tolerance: Fitness Percentiles: 0%=-100.612 25%=-89.7258 50%=-86.8593 75%=-81.511 100%=853.223
app.sequence_tolerance: Best new entity:
MultiStateEntity with traits: AA:109:K AA:110:Y AA:111:T AA:112:W AA:113:V and fitness -98.554
 SingleState 1 with fitness: -98.5536
app.sequence_tolerance: Evaluated 9640 sequences out of 2476099 possible.
Best sequences:
