core.init: Mini-Rosetta version 40577 from https://svn.rosettacommons.org/source/branches/releases/rosetta-3.2/rosetta_source
core.init: command: /netapp/home/colin/rosetta/rosetta-3.2/rosetta_source/bin/sequence_tolerance.linuxgccrelease -database /netapp/home/colin/rosetta/rosetta-3.2/rosetta_database -s 2IWP_B_A_V1927_0014_low.pdb -ex1 -ex2 -extrachi_cutoff 0 -seq_tol:fitness_master_weights 1 1 1 2 -ms:generations 5 -ms:pop_size 2000 -ms:pop_from_ss 1 -ms:checkpoint:prefix 2IWP_B_A_V1927_0014 -ms:checkpoint:interval 200 -ms:checkpoint:gz -ms:numresults 0 -out:prefix 2IWP_B_A_V1927_0014 -score:weights standard -score:patch score12 -score:ref_offsets HIS 1.2 -resfile /netapp/home/colin/backrub_seqtol/input_files/2IWP_B_A_V1927/2IWP_B_A_V1927_seqtol.resfile
core.init: 'RNG device' seed mode, using '/dev/urandom', seed=1074883369 seed_offset=0 real_seed=1074883369
core.init.random: RandomGenerator:init: Normal mode, seed=1074883369 RG_type=mt19937
core.pack.task: Packer task: initialize from command line() 
core.pack.task: Packer task: initialize from command line() 
core.scoring.ScoreFunctionFactory: SCOREFUNCTION: standard
core.scoring.ScoreFunctionFactory: SCOREFUNCTION PATCH: score12
core.scoring.etable: Starting energy table calculation
core.scoring.etable: smooth_etable: changing atr/rep split to bottom of energy well
core.scoring.etable: smooth_etable: spline smoothing lj etables (maxdis = 6)
core.scoring.etable: smooth_etable: spline smoothing solvation etables (max_dis = 6)
core.scoring.etable: Finished calculating energy tables.
core.io.database: Database file opened: /netapp/home/colin/rosetta/rosetta-3.2/rosetta_database/pdb_pair_stats_fine
core.io.database: Database file opened: /netapp/home/colin/rosetta/rosetta-3.2/rosetta_database/scoring/score_functions/hbonds/standard_params/HBPoly1D.csv
core.io.database: Database file opened: /netapp/home/colin/rosetta/rosetta-3.2/rosetta_database/scoring/score_functions/hbonds/standard_params/HBFadeIntervals.csv
core.io.database: Database file opened: /netapp/home/colin/rosetta/rosetta-3.2/rosetta_database/scoring/score_functions/hbonds/standard_params/HBEval.csv
core.io.database: Database file opened: /netapp/home/colin/rosetta/rosetta-3.2/rosetta_database/P_AA
core.io.database: Database file opened: /netapp/home/colin/rosetta/rosetta-3.2/rosetta_database/P_AA_n
core.io.database: Database file opened: /netapp/home/colin/rosetta/rosetta-3.2/rosetta_database/P_AA_pp
core.io.database: Database file opened: /netapp/home/colin/rosetta/rosetta-3.2/rosetta_database/Rama_smooth_dyn.dat_ss_6.4
core.scoring.dunbrack: Dunbrack library took 0.02 seconds to load from binary
app.sequence_tolerance: Residue Decomposition: [Set 1 (A): [1, 2, 3, 4, 5, 6, 7, 8, 9, 10, 11, 12, 13, 14, 15, 16, 17, 18, 19, 20, 21, 22, 23, 24, 25, 26, 27, 28, 29, 30, 31, 32, 33, 34, 35, 36, 37, 38, 39, 40, 41, 42, 43, 44, 45, 46, 47, 48, 49, 50, 51, 52, 53, 54, 55, 56, 57, 58, 59, 60, 61, 62, 63, 64, 65, 66, 67, 68, 69, 70, 71, 72, 73, 74, 75, 76, 77, 78, 79, 80, 81, 82, 83, 84, 85, 86, 87, 88, 89, 90, 91, 92, 93, 94, 95, 96, 97, 98, 99, 100, 101, 102, 103, 104, 105, 106], Set 2 (B): [107, 108, 109, 110, 111, 112, 113]]
app.sequence_tolerance: Fitness Function Master Weights: [1, 1, 1, 2]
app.sequence_tolerance: Fitness of Starting Structure: 
---------------------------------------------------------------------
Score Type                  Other        A        B      A-B    Total
---------------------------------------------------------------------
fa_atr                      0.000 -279.315   -8.038  -32.796 -320.148
fa_rep                      0.000   43.647    0.790    1.062   45.500
fa_sol                      0.000  143.301    5.804   18.940  168.046
fa_intra_rep                0.000    0.843    0.065    0.000    0.908
pro_close                   0.000   11.620    0.000    0.000   11.620
fa_pair                     0.000   -4.412   -0.297   -1.002   -5.711
hbond_sr_bb               -10.682    0.000    0.000    0.000  -10.682
hbond_lr_bb               -36.091    0.000    0.000    0.000  -36.091
hbond_bb_sc                 0.000   -3.913   -0.117    0.000   -4.029
hbond_sc                    0.000   -2.670    0.000   -2.063   -4.733
dslf_ss_dst                 0.000    0.000    0.000    0.000    0.000
dslf_cs_ang                 0.000    0.000    0.000    0.000    0.000
dslf_ss_dih                 0.000    0.000    0.000    0.000    0.000
dslf_ca_dih                 0.000    0.000    0.000    0.000    0.000
rama                        0.000    0.489    0.579    0.000    1.068
omega                       0.000   31.713    0.602    0.000   32.314
fa_dun                      0.000   70.029    6.137    0.000   76.166
p_aa_pp                     0.000  -14.836    0.065    0.000  -14.771
ref                         0.000  -18.150   -1.910    0.000  -20.060
---------------------------------------------------------------------
Total                     -46.772  -21.652    3.681  -15.858  -80.602

core.pack.interaction_graph.interaction_graph_factory: Instantiating PDInteractionGraph
core.pack.pack_rotamers: built 7770 rotamers at 35 positions.
core.pack.pack_rotamers: IG: 75104476 bytes
app.sequence_tolerance: There are 1 positive states and 0 negative states
protocols.multistate_design.MultiStatePacker: Best single-state design score:   -96.56
app.sequence_tolerance: Adding single-state design entities:
app.sequence_tolerance: AA:109:W AA:110:Y AA:111:T AA:112:T AA:113:V 
app.sequence_tolerance: Generation 1:
app.sequence_tolerance: Distinct new entities: 1999
app.sequence_tolerance: Duplicate new entities: 1
app.sequence_tolerance: Entities from previous generation: 0
app.sequence_tolerance: Entities resurrected from earlier generations: 0
app.sequence_tolerance: Fitness Percentiles: 0%=-97.0411 25%=-84.022 50%=-52.395 75%=19.2679 100%=2959.35
app.sequence_tolerance: Best new entity:
MultiStateEntity with traits: AA:109:W AA:110:Y AA:111:T AA:112:T AA:113:V and fitness -97.041
 SingleState 1 with fitness: -97.0411
app.sequence_tolerance: Generation 2:
app.sequence_tolerance: Distinct new entities: 1927
app.sequence_tolerance: Duplicate new entities: 4
app.sequence_tolerance: Entities from previous generation: 69
app.sequence_tolerance: Entities resurrected from earlier generations: 0
app.sequence_tolerance: Fitness Percentiles: 0%=-97.0411 25%=-86.9533 50%=-80.0209 75%=-19.9732 100%=2758.15
app.sequence_tolerance: Best new entity:
MultiStateEntity with traits: AA:109:Y AA:110:F AA:111:K AA:112:T AA:113:V and fitness -96.453
 SingleState 1 with fitness: -96.4526
app.sequence_tolerance: Generation 3:
app.sequence_tolerance: Distinct new entities: 1919
app.sequence_tolerance: Duplicate new entities: 2
app.sequence_tolerance: Entities from previous generation: 73
app.sequence_tolerance: Entities resurrected from earlier generations: 6
app.sequence_tolerance: Fitness Percentiles: 0%=-97.0411 25%=-88.1281 50%=-84.4544 75%=-68.0282 100%=2957.06
app.sequence_tolerance: Best new entity:
MultiStateEntity with traits: AA:109:W AA:110:W AA:111:Q AA:112:T AA:113:V and fitness -97.015
 SingleState 1 with fitness: -97.0155
app.sequence_tolerance: Generation 4:
app.sequence_tolerance: Distinct new entities: 1912
app.sequence_tolerance: Duplicate new entities: 2
app.sequence_tolerance: Entities from previous generation: 77
app.sequence_tolerance: Entities resurrected from earlier generations: 9
app.sequence_tolerance: Fitness Percentiles: 0%=-97.0411 25%=-89.0047 50%=-86.1667 75%=-78.3474 100%=2757.25
app.sequence_tolerance: Best new entity:
MultiStateEntity with traits: AA:109:L AA:110:W AA:111:K AA:112:T AA:113:V and fitness -95.726
 SingleState 1 with fitness: -95.7256
app.sequence_tolerance: Generation 5:
app.sequence_tolerance: Distinct new entities: 1909
app.sequence_tolerance: Duplicate new entities: 3
app.sequence_tolerance: Entities from previous generation: 76
app.sequence_tolerance: Entities resurrected from earlier generations: 12
app.sequence_tolerance: Fitness Percentiles: 0%=-97.0411 25%=-89.5543 50%=-87.0342 75%=-80.5717 100%=2755.76
app.sequence_tolerance: Best new entity:
MultiStateEntity with traits: AA:109:L AA:110:F AA:111:Q AA:112:K AA:113:V and fitness -96.365
 SingleState 1 with fitness: -96.3652
app.sequence_tolerance: Evaluated 9666 sequences out of 2476099 possible.
Best sequences:
