core.init: Mini-Rosetta version 40577 from https://svn.rosettacommons.org/source/branches/releases/rosetta-3.2/rosetta_source
core.init: command: /netapp/home/colin/rosetta/rosetta-3.2/rosetta_source/bin/sequence_tolerance.linuxgccrelease -database /netapp/home/colin/rosetta/rosetta-3.2/rosetta_database -s 2IWP_B_A_V1927_0013_low.pdb -ex1 -ex2 -extrachi_cutoff 0 -seq_tol:fitness_master_weights 1 1 1 2 -ms:generations 5 -ms:pop_size 2000 -ms:pop_from_ss 1 -ms:checkpoint:prefix 2IWP_B_A_V1927_0013 -ms:checkpoint:interval 200 -ms:checkpoint:gz -ms:numresults 0 -out:prefix 2IWP_B_A_V1927_0013 -score:weights standard -score:patch score12 -score:ref_offsets HIS 1.2 -resfile /netapp/home/colin/backrub_seqtol/input_files/2IWP_B_A_V1927/2IWP_B_A_V1927_seqtol.resfile
core.init: 'RNG device' seed mode, using '/dev/urandom', seed=2101114296 seed_offset=0 real_seed=2101114296
core.init.random: RandomGenerator:init: Normal mode, seed=2101114296 RG_type=mt19937
core.pack.task: Packer task: initialize from command line() 
core.pack.task: Packer task: initialize from command line() 
core.scoring.ScoreFunctionFactory: SCOREFUNCTION: standard
core.scoring.ScoreFunctionFactory: SCOREFUNCTION PATCH: score12
core.scoring.etable: Starting energy table calculation
core.scoring.etable: smooth_etable: changing atr/rep split to bottom of energy well
core.scoring.etable: smooth_etable: spline smoothing lj etables (maxdis = 6)
core.scoring.etable: smooth_etable: spline smoothing solvation etables (max_dis = 6)
core.scoring.etable: Finished calculating energy tables.
core.io.database: Database file opened: /netapp/home/colin/rosetta/rosetta-3.2/rosetta_database/pdb_pair_stats_fine
core.io.database: Database file opened: /netapp/home/colin/rosetta/rosetta-3.2/rosetta_database/scoring/score_functions/hbonds/standard_params/HBPoly1D.csv
core.io.database: Database file opened: /netapp/home/colin/rosetta/rosetta-3.2/rosetta_database/scoring/score_functions/hbonds/standard_params/HBFadeIntervals.csv
core.io.database: Database file opened: /netapp/home/colin/rosetta/rosetta-3.2/rosetta_database/scoring/score_functions/hbonds/standard_params/HBEval.csv
core.io.database: Database file opened: /netapp/home/colin/rosetta/rosetta-3.2/rosetta_database/P_AA
core.io.database: Database file opened: /netapp/home/colin/rosetta/rosetta-3.2/rosetta_database/P_AA_n
core.io.database: Database file opened: /netapp/home/colin/rosetta/rosetta-3.2/rosetta_database/P_AA_pp
core.io.database: Database file opened: /netapp/home/colin/rosetta/rosetta-3.2/rosetta_database/Rama_smooth_dyn.dat_ss_6.4
core.scoring.dunbrack: Dunbrack library took 0.02 seconds to load from binary
app.sequence_tolerance: Residue Decomposition: [Set 1 (A): [1, 2, 3, 4, 5, 6, 7, 8, 9, 10, 11, 12, 13, 14, 15, 16, 17, 18, 19, 20, 21, 22, 23, 24, 25, 26, 27, 28, 29, 30, 31, 32, 33, 34, 35, 36, 37, 38, 39, 40, 41, 42, 43, 44, 45, 46, 47, 48, 49, 50, 51, 52, 53, 54, 55, 56, 57, 58, 59, 60, 61, 62, 63, 64, 65, 66, 67, 68, 69, 70, 71, 72, 73, 74, 75, 76, 77, 78, 79, 80, 81, 82, 83, 84, 85, 86, 87, 88, 89, 90, 91, 92, 93, 94, 95, 96, 97, 98, 99, 100, 101, 102, 103, 104, 105, 106], Set 2 (B): [107, 108, 109, 110, 111, 112, 113]]
app.sequence_tolerance: Fitness Function Master Weights: [1, 1, 1, 2]
app.sequence_tolerance: Fitness of Starting Structure: 
---------------------------------------------------------------------
Score Type                  Other        A        B      A-B    Total
---------------------------------------------------------------------
fa_atr                      0.000 -279.224   -8.968  -36.092 -324.284
fa_rep                      0.000   51.318    1.381    5.817   58.516
fa_sol                      0.000  141.419    6.909   18.740  167.068
fa_intra_rep                0.000    0.790    0.156    0.000    0.946
pro_close                   0.000   11.594    0.000    0.000   11.594
fa_pair                     0.000   -2.982   -0.272   -0.470   -3.724
hbond_sr_bb               -10.029    0.000    0.000    0.000  -10.029
hbond_lr_bb               -33.152    0.000    0.000    0.000  -33.152
hbond_bb_sc                 0.000   -4.075   -0.104    0.000   -4.179
hbond_sc                    0.000   -1.592   -0.430   -0.483   -2.505
dslf_ss_dst                 0.000    0.000    0.000    0.000    0.000
dslf_cs_ang                 0.000    0.000    0.000    0.000    0.000
dslf_ss_dih                 0.000    0.000    0.000    0.000    0.000
dslf_ca_dih                 0.000    0.000    0.000    0.000    0.000
rama                        0.000   -2.052    0.048    0.000   -2.004
omega                       0.000   31.701    0.599    0.000   32.299
fa_dun                      0.000   64.366    5.557    0.000   69.923
p_aa_pp                     0.000  -11.646    0.028    0.000  -11.618
ref                         0.000  -18.150   -1.910    0.000  -20.060
---------------------------------------------------------------------
Total                     -43.181  -18.535    2.995  -12.488  -71.209

core.pack.interaction_graph.interaction_graph_factory: Instantiating PDInteractionGraph
core.pack.pack_rotamers: built 7429 rotamers at 35 positions.
core.pack.pack_rotamers: IG: 69451468 bytes
app.sequence_tolerance: There are 1 positive states and 0 negative states
protocols.multistate_design.MultiStatePacker: Best single-state design score:   -89.43
app.sequence_tolerance: Adding single-state design entities:
app.sequence_tolerance: AA:109:Y AA:110:S AA:111:F AA:112:F AA:113:A 
app.sequence_tolerance: Generation 1:
app.sequence_tolerance: Distinct new entities: 1998
app.sequence_tolerance: Duplicate new entities: 2
app.sequence_tolerance: Entities from previous generation: 0
app.sequence_tolerance: Entities resurrected from earlier generations: 0
app.sequence_tolerance: Fitness Percentiles: 0%=-91.0105 25%=-80.1391 50%=-71.8602 75%=135.8 100%=1611.63
app.sequence_tolerance: Best new entity:
MultiStateEntity with traits: AA:109:Y AA:110:S AA:111:Y AA:112:F AA:113:I and fitness -91.011
 SingleState 1 with fitness: -91.0105
app.sequence_tolerance: Generation 2:
app.sequence_tolerance: Distinct new entities: 1929
app.sequence_tolerance: Duplicate new entities: 4
app.sequence_tolerance: Entities from previous generation: 67
app.sequence_tolerance: Entities resurrected from earlier generations: 0
app.sequence_tolerance: Fitness Percentiles: 0%=-91.0105 25%=-81.5581 50%=-78.2918 75%=-65.5495 100%=1563.81
app.sequence_tolerance: Best new entity:
MultiStateEntity with traits: AA:109:M AA:110:G AA:111:Y AA:112:F AA:113:I and fitness -89.078
 SingleState 1 with fitness: -89.0785
app.sequence_tolerance: Generation 3:
app.sequence_tolerance: Distinct new entities: 1924
app.sequence_tolerance: Duplicate new entities: 4
app.sequence_tolerance: Entities from previous generation: 65
app.sequence_tolerance: Entities resurrected from earlier generations: 7
app.sequence_tolerance: Fitness Percentiles: 0%=-91.9343 25%=-82.3975 50%=-79.9661 75%=-74.0649 100%=1603.03
app.sequence_tolerance: Best new entity:
MultiStateEntity with traits: AA:109:L AA:110:S AA:111:E AA:112:F AA:113:I and fitness -91.934
 SingleState 1 with fitness: -91.9343
app.sequence_tolerance: Generation 4:
app.sequence_tolerance: Distinct new entities: 1908
app.sequence_tolerance: Duplicate new entities: 2
app.sequence_tolerance: Entities from previous generation: 77
app.sequence_tolerance: Entities resurrected from earlier generations: 13
app.sequence_tolerance: Fitness Percentiles: 0%=-91.9343 25%=-83.2359 50%=-80.8056 75%=-76.8292 100%=1613.28
app.sequence_tolerance: Best new entity:
MultiStateEntity with traits: AA:109:Y AA:110:A AA:111:Y AA:112:F AA:113:I and fitness -91.796
 SingleState 1 with fitness: -91.7959
app.sequence_tolerance: Generation 5:
app.sequence_tolerance: Distinct new entities: 1884
app.sequence_tolerance: Duplicate new entities: 4
app.sequence_tolerance: Entities from previous generation: 104
app.sequence_tolerance: Entities resurrected from earlier generations: 8
app.sequence_tolerance: Fitness Percentiles: 0%=-91.9343 25%=-83.9136 50%=-81.6067 75%=-77.7007 100%=1605.8
app.sequence_tolerance: Best new entity:
MultiStateEntity with traits: AA:109:Y AA:110:S AA:111:V AA:112:F AA:113:I and fitness -91.522
 SingleState 1 with fitness: -91.5221
app.sequence_tolerance: Evaluated 9643 sequences out of 2476099 possible.
Best sequences:
