core.init: Mini-Rosetta version 40577 from https://svn.rosettacommons.org/source/branches/releases/rosetta-3.2/rosetta_source
core.init: command: /netapp/home/colin/rosetta/rosetta-3.2/rosetta_source/bin/sequence_tolerance.linuxgccrelease -database /netapp/home/colin/rosetta/rosetta-3.2/rosetta_database -s 2IWP_B_A_V1927_0018_low.pdb -ex1 -ex2 -extrachi_cutoff 0 -seq_tol:fitness_master_weights 1 1 1 2 -ms:generations 5 -ms:pop_size 2000 -ms:pop_from_ss 1 -ms:checkpoint:prefix 2IWP_B_A_V1927_0018 -ms:checkpoint:interval 200 -ms:checkpoint:gz -ms:numresults 0 -out:prefix 2IWP_B_A_V1927_0018 -score:weights standard -score:patch score12 -score:ref_offsets HIS 1.2 -resfile /netapp/home/colin/backrub_seqtol/input_files/2IWP_B_A_V1927/2IWP_B_A_V1927_seqtol.resfile
core.init: 'RNG device' seed mode, using '/dev/urandom', seed=2043055622 seed_offset=0 real_seed=2043055622
core.init.random: RandomGenerator:init: Normal mode, seed=2043055622 RG_type=mt19937
core.pack.task: Packer task: initialize from command line() 
core.pack.task: Packer task: initialize from command line() 
core.scoring.ScoreFunctionFactory: SCOREFUNCTION: standard
core.scoring.ScoreFunctionFactory: SCOREFUNCTION PATCH: score12
core.scoring.etable: Starting energy table calculation
core.scoring.etable: smooth_etable: changing atr/rep split to bottom of energy well
core.scoring.etable: smooth_etable: spline smoothing lj etables (maxdis = 6)
core.scoring.etable: smooth_etable: spline smoothing solvation etables (max_dis = 6)
core.scoring.etable: Finished calculating energy tables.
core.io.database: Database file opened: /netapp/home/colin/rosetta/rosetta-3.2/rosetta_database/pdb_pair_stats_fine
core.io.database: Database file opened: /netapp/home/colin/rosetta/rosetta-3.2/rosetta_database/scoring/score_functions/hbonds/standard_params/HBPoly1D.csv
core.io.database: Database file opened: /netapp/home/colin/rosetta/rosetta-3.2/rosetta_database/scoring/score_functions/hbonds/standard_params/HBFadeIntervals.csv
core.io.database: Database file opened: /netapp/home/colin/rosetta/rosetta-3.2/rosetta_database/scoring/score_functions/hbonds/standard_params/HBEval.csv
core.io.database: Database file opened: /netapp/home/colin/rosetta/rosetta-3.2/rosetta_database/P_AA
core.io.database: Database file opened: /netapp/home/colin/rosetta/rosetta-3.2/rosetta_database/P_AA_n
core.io.database: Database file opened: /netapp/home/colin/rosetta/rosetta-3.2/rosetta_database/P_AA_pp
core.io.database: Database file opened: /netapp/home/colin/rosetta/rosetta-3.2/rosetta_database/Rama_smooth_dyn.dat_ss_6.4
core.scoring.dunbrack: Dunbrack library took 0.02 seconds to load from binary
app.sequence_tolerance: Residue Decomposition: [Set 1 (A): [1, 2, 3, 4, 5, 6, 7, 8, 9, 10, 11, 12, 13, 14, 15, 16, 17, 18, 19, 20, 21, 22, 23, 24, 25, 26, 27, 28, 29, 30, 31, 32, 33, 34, 35, 36, 37, 38, 39, 40, 41, 42, 43, 44, 45, 46, 47, 48, 49, 50, 51, 52, 53, 54, 55, 56, 57, 58, 59, 60, 61, 62, 63, 64, 65, 66, 67, 68, 69, 70, 71, 72, 73, 74, 75, 76, 77, 78, 79, 80, 81, 82, 83, 84, 85, 86, 87, 88, 89, 90, 91, 92, 93, 94, 95, 96, 97, 98, 99, 100, 101, 102, 103, 104, 105, 106], Set 2 (B): [107, 108, 109, 110, 111, 112, 113]]
app.sequence_tolerance: Fitness Function Master Weights: [1, 1, 1, 2]
app.sequence_tolerance: Fitness of Starting Structure: 
---------------------------------------------------------------------
Score Type                  Other        A        B      A-B    Total
---------------------------------------------------------------------
fa_atr                      0.000 -282.139   -7.608  -30.250 -319.997
fa_rep                      0.000   49.652    1.891    3.787   55.329
fa_sol                      0.000  139.139    5.151   17.184  161.474
fa_intra_rep                0.000    0.819    0.090    0.000    0.909
pro_close                   0.000   11.596    0.000    0.000   11.596
fa_pair                     0.000   -3.344   -0.207   -1.137   -4.687
hbond_sr_bb                -7.492    0.000    0.000    0.000   -7.492
hbond_lr_bb               -34.040    0.000    0.000    0.000  -34.040
hbond_bb_sc                 0.000   -4.631    0.000    0.000   -4.631
hbond_sc                    0.000   -0.593    0.000   -0.846   -1.439
dslf_ss_dst                 0.000    0.000    0.000    0.000    0.000
dslf_cs_ang                 0.000    0.000    0.000    0.000    0.000
dslf_ss_dih                 0.000    0.000    0.000    0.000    0.000
dslf_ca_dih                 0.000    0.000    0.000    0.000    0.000
rama                        0.000   -3.581    0.215    0.000   -3.366
omega                       0.000   31.711    0.598    0.000   32.310
fa_dun                      0.000   69.169    4.806    0.000   73.975
p_aa_pp                     0.000  -14.474   -0.029    0.000  -14.503
ref                         0.000  -18.150   -1.910    0.000  -20.060
---------------------------------------------------------------------
Total                     -41.532  -24.827    2.998  -11.262  -74.624

core.pack.interaction_graph.interaction_graph_factory: Instantiating PDInteractionGraph
core.pack.pack_rotamers: built 8577 rotamers at 35 positions.
core.pack.pack_rotamers: IG: 93686784 bytes
app.sequence_tolerance: There are 1 positive states and 0 negative states
protocols.multistate_design.MultiStatePacker: Best single-state design score:   -89.71
app.sequence_tolerance: Adding single-state design entities:
app.sequence_tolerance: AA:109:W AA:110:Y AA:111:T AA:112:I AA:113:V 
app.sequence_tolerance: Generation 1:
app.sequence_tolerance: Distinct new entities: 1998
app.sequence_tolerance: Duplicate new entities: 2
app.sequence_tolerance: Entities from previous generation: 0
app.sequence_tolerance: Entities resurrected from earlier generations: 0
app.sequence_tolerance: Fitness Percentiles: 0%=-89.7075 25%=-78.2775 50%=-72.9911 75%=91.1996 100%=881.997
app.sequence_tolerance: Best new entity:
MultiStateEntity with traits: AA:109:W AA:110:Y AA:111:T AA:112:I AA:113:V and fitness -89.707
 SingleState 1 with fitness: -89.7075
app.sequence_tolerance: Generation 2:
app.sequence_tolerance: Distinct new entities: 1907
app.sequence_tolerance: Duplicate new entities: 3
app.sequence_tolerance: Entities from previous generation: 90
app.sequence_tolerance: Entities resurrected from earlier generations: 0
app.sequence_tolerance: Fitness Percentiles: 0%=-89.7075 25%=-79.7194 50%=-76.4614 75%=-70.4186 100%=701.194
app.sequence_tolerance: Best new entity:
MultiStateEntity with traits: AA:109:W AA:110:Y AA:111:T AA:112:D AA:113:V and fitness -89.090
 SingleState 1 with fitness: -89.0903
app.sequence_tolerance: Generation 3:
app.sequence_tolerance: Distinct new entities: 1910
app.sequence_tolerance: Duplicate new entities: 3
app.sequence_tolerance: Entities from previous generation: 83
app.sequence_tolerance: Entities resurrected from earlier generations: 4
app.sequence_tolerance: Fitness Percentiles: 0%=-89.7075 25%=-80.8174 50%=-78.2156 75%=-73.7512 100%=480.393
app.sequence_tolerance: Best new entity:
MultiStateEntity with traits: AA:109:Y AA:110:Y AA:111:T AA:112:Y AA:113:T and fitness -87.721
 SingleState 1 with fitness: -87.7206
app.sequence_tolerance: Generation 4:
app.sequence_tolerance: Distinct new entities: 1888
app.sequence_tolerance: Duplicate new entities: 6
app.sequence_tolerance: Entities from previous generation: 93
app.sequence_tolerance: Entities resurrected from earlier generations: 13
app.sequence_tolerance: Fitness Percentiles: 0%=-89.7075 25%=-81.4027 50%=-79.2433 75%=-75.9006 100%=483.27
app.sequence_tolerance: Best new entity:
MultiStateEntity with traits: AA:109:W AA:110:F AA:111:S AA:112:N AA:113:V and fitness -89.426
 SingleState 1 with fitness: -89.4256
app.sequence_tolerance: Generation 5:
app.sequence_tolerance: Distinct new entities: 1911
app.sequence_tolerance: Duplicate new entities: 0
app.sequence_tolerance: Entities from previous generation: 78
app.sequence_tolerance: Entities resurrected from earlier generations: 11
app.sequence_tolerance: Fitness Percentiles: 0%=-89.7075 25%=-82.0998 50%=-79.7773 75%=-76.7639 100%=565.488
app.sequence_tolerance: Best new entity:
MultiStateEntity with traits: AA:109:W AA:110:F AA:111:V AA:112:F AA:113:T and fitness -88.255
 SingleState 1 with fitness: -88.2553
app.sequence_tolerance: Evaluated 9614 sequences out of 2476099 possible.
Best sequences:
