core.init: Mini-Rosetta version 40577 from https://svn.rosettacommons.org/source/branches/releases/rosetta-3.2/rosetta_source
core.init: command: /netapp/home/colin/rosetta/rosetta-3.2/rosetta_source/bin/sequence_tolerance.linuxgccrelease -database /netapp/home/colin/rosetta/rosetta-3.2/rosetta_database -s 2IWP_B_A_V1927_0009_low.pdb -ex1 -ex2 -extrachi_cutoff 0 -seq_tol:fitness_master_weights 1 1 1 2 -ms:generations 5 -ms:pop_size 2000 -ms:pop_from_ss 1 -ms:checkpoint:prefix 2IWP_B_A_V1927_0009 -ms:checkpoint:interval 200 -ms:checkpoint:gz -ms:numresults 0 -out:prefix 2IWP_B_A_V1927_0009 -score:weights standard -score:patch score12 -score:ref_offsets HIS 1.2 -resfile /netapp/home/colin/backrub_seqtol/input_files/2IWP_B_A_V1927/2IWP_B_A_V1927_seqtol.resfile
core.init: 'RNG device' seed mode, using '/dev/urandom', seed=5264713 seed_offset=0 real_seed=5264713
core.init.random: RandomGenerator:init: Normal mode, seed=5264713 RG_type=mt19937
core.pack.task: Packer task: initialize from command line() 
core.pack.task: Packer task: initialize from command line() 
core.scoring.ScoreFunctionFactory: SCOREFUNCTION: standard
core.scoring.ScoreFunctionFactory: SCOREFUNCTION PATCH: score12
core.scoring.etable: Starting energy table calculation
core.scoring.etable: smooth_etable: changing atr/rep split to bottom of energy well
core.scoring.etable: smooth_etable: spline smoothing lj etables (maxdis = 6)
core.scoring.etable: smooth_etable: spline smoothing solvation etables (max_dis = 6)
core.scoring.etable: Finished calculating energy tables.
core.io.database: Database file opened: /netapp/home/colin/rosetta/rosetta-3.2/rosetta_database/pdb_pair_stats_fine
core.io.database: Database file opened: /netapp/home/colin/rosetta/rosetta-3.2/rosetta_database/scoring/score_functions/hbonds/standard_params/HBPoly1D.csv
core.io.database: Database file opened: /netapp/home/colin/rosetta/rosetta-3.2/rosetta_database/scoring/score_functions/hbonds/standard_params/HBFadeIntervals.csv
core.io.database: Database file opened: /netapp/home/colin/rosetta/rosetta-3.2/rosetta_database/scoring/score_functions/hbonds/standard_params/HBEval.csv
core.io.database: Database file opened: /netapp/home/colin/rosetta/rosetta-3.2/rosetta_database/P_AA
core.io.database: Database file opened: /netapp/home/colin/rosetta/rosetta-3.2/rosetta_database/P_AA_n
core.io.database: Database file opened: /netapp/home/colin/rosetta/rosetta-3.2/rosetta_database/P_AA_pp
core.io.database: Database file opened: /netapp/home/colin/rosetta/rosetta-3.2/rosetta_database/Rama_smooth_dyn.dat_ss_6.4
core.scoring.dunbrack: Dunbrack library took 0.02 seconds to load from binary
app.sequence_tolerance: Residue Decomposition: [Set 1 (A): [1, 2, 3, 4, 5, 6, 7, 8, 9, 10, 11, 12, 13, 14, 15, 16, 17, 18, 19, 20, 21, 22, 23, 24, 25, 26, 27, 28, 29, 30, 31, 32, 33, 34, 35, 36, 37, 38, 39, 40, 41, 42, 43, 44, 45, 46, 47, 48, 49, 50, 51, 52, 53, 54, 55, 56, 57, 58, 59, 60, 61, 62, 63, 64, 65, 66, 67, 68, 69, 70, 71, 72, 73, 74, 75, 76, 77, 78, 79, 80, 81, 82, 83, 84, 85, 86, 87, 88, 89, 90, 91, 92, 93, 94, 95, 96, 97, 98, 99, 100, 101, 102, 103, 104, 105, 106], Set 2 (B): [107, 108, 109, 110, 111, 112, 113]]
app.sequence_tolerance: Fitness Function Master Weights: [1, 1, 1, 2]
app.sequence_tolerance: Fitness of Starting Structure: 
---------------------------------------------------------------------
Score Type                  Other        A        B      A-B    Total
---------------------------------------------------------------------
fa_atr                      0.000 -286.499   -9.312  -30.091 -325.901
fa_rep                      0.000   46.048    1.822    2.094   49.964
fa_sol                      0.000  143.016    7.141   15.913  166.070
fa_intra_rep                0.000    0.951    0.084    0.000    1.034
pro_close                   0.000   11.726    0.000    0.000   11.726
fa_pair                     0.000   -3.813   -0.311   -1.057   -5.181
hbond_sr_bb                -8.939    0.000    0.000    0.000   -8.939
hbond_lr_bb               -39.721    0.000    0.000    0.000  -39.721
hbond_bb_sc                 0.000   -3.809   -0.037    0.000   -3.847
hbond_sc                    0.000   -0.820    0.000    0.000   -0.820
dslf_ss_dst                 0.000    0.000    0.000    0.000    0.000
dslf_cs_ang                 0.000    0.000    0.000    0.000    0.000
dslf_ss_dih                 0.000    0.000    0.000    0.000    0.000
dslf_ca_dih                 0.000    0.000    0.000    0.000    0.000
rama                        0.000   -1.932    0.596    0.000   -1.337
omega                       0.000   31.690    0.602    0.000   32.292
fa_dun                      0.000   73.578    6.545    0.000   80.124
p_aa_pp                     0.000  -12.263    0.504    0.000  -11.760
ref                         0.000  -18.150   -1.910    0.000  -20.060
---------------------------------------------------------------------
Total                     -48.659  -20.278    5.724  -13.141  -76.354

core.pack.interaction_graph.interaction_graph_factory: Instantiating PDInteractionGraph
core.pack.pack_rotamers: built 7629 rotamers at 35 positions.
core.pack.pack_rotamers: IG: 72153584 bytes
app.sequence_tolerance: There are 1 positive states and 0 negative states
protocols.multistate_design.MultiStatePacker: Best single-state design score:   -96.70
app.sequence_tolerance: Adding single-state design entities:
app.sequence_tolerance: AA:109:Y AA:110:S AA:111:T AA:112:W AA:113:V 
app.sequence_tolerance: Generation 1:
app.sequence_tolerance: Distinct new entities: 2000
app.sequence_tolerance: Duplicate new entities: 0
app.sequence_tolerance: Entities from previous generation: 0
app.sequence_tolerance: Entities resurrected from earlier generations: 0
app.sequence_tolerance: Fitness Percentiles: 0%=-96.7033 25%=-82.7176 50%=-62.5685 75%=201.437 100%=1888.44
app.sequence_tolerance: Best new entity:
MultiStateEntity with traits: AA:109:Y AA:110:S AA:111:T AA:112:W AA:113:V and fitness -96.703
 SingleState 1 with fitness: -96.7033
app.sequence_tolerance: Generation 2:
app.sequence_tolerance: Distinct new entities: 1930
app.sequence_tolerance: Duplicate new entities: 3
app.sequence_tolerance: Entities from previous generation: 67
app.sequence_tolerance: Entities resurrected from earlier generations: 0
app.sequence_tolerance: Fitness Percentiles: 0%=-96.7033 25%=-84.5893 50%=-80.9015 75%=-33.486 100%=1887.46
app.sequence_tolerance: Best new entity:
MultiStateEntity with traits: AA:109:K AA:110:S AA:111:T AA:112:W AA:113:T and fitness -94.372
 SingleState 1 with fitness: -94.3723
app.sequence_tolerance: Generation 3:
app.sequence_tolerance: Distinct new entities: 1916
app.sequence_tolerance: Duplicate new entities: 4
app.sequence_tolerance: Entities from previous generation: 75
app.sequence_tolerance: Entities resurrected from earlier generations: 5
app.sequence_tolerance: Fitness Percentiles: 0%=-96.7033 25%=-85.4495 50%=-82.836 75%=-76.0084 100%=1837.2
app.sequence_tolerance: Best new entity:
MultiStateEntity with traits: AA:109:Y AA:110:N AA:111:K AA:112:W AA:113:V and fitness -93.864
 SingleState 1 with fitness: -93.8636
app.sequence_tolerance: Generation 4:
app.sequence_tolerance: Distinct new entities: 1892
app.sequence_tolerance: Duplicate new entities: 6
app.sequence_tolerance: Entities from previous generation: 91
app.sequence_tolerance: Entities resurrected from earlier generations: 11
app.sequence_tolerance: Fitness Percentiles: 0%=-96.7033 25%=-86.1131 50%=-83.9504 75%=-79.7008 100%=1572.04
app.sequence_tolerance: Best new entity:
MultiStateEntity with traits: AA:109:R AA:110:S AA:111:R AA:112:W AA:113:V and fitness -94.472
 SingleState 1 with fitness: -94.4723
app.sequence_tolerance: Generation 5:
app.sequence_tolerance: Distinct new entities: 1883
app.sequence_tolerance: Duplicate new entities: 3
app.sequence_tolerance: Entities from previous generation: 106
app.sequence_tolerance: Entities resurrected from earlier generations: 8
app.sequence_tolerance: Fitness Percentiles: 0%=-96.7033 25%=-86.8012 50%=-84.4579 75%=-80.6299 100%=1673.77
app.sequence_tolerance: Best new entity:
MultiStateEntity with traits: AA:109:R AA:110:A AA:111:H AA:112:W AA:113:V and fitness -93.464
 SingleState 1 with fitness: -93.4639
app.sequence_tolerance: Evaluated 9621 sequences out of 2476099 possible.
Best sequences:
