core.init: Mini-Rosetta version 40577 from https://svn.rosettacommons.org/source/branches/releases/rosetta-3.2/rosetta_source
core.init: command: /netapp/home/colin/rosetta/rosetta-3.2/rosetta_source/bin/sequence_tolerance.linuxgccrelease -database /netapp/home/colin/rosetta/rosetta-3.2/rosetta_database -s 1A22_6_0019_low.pdb -ex1 -ex2 -extrachi_cutoff 0 -seq_tol:fitness_master_weights 1 1 1 2 -ms:generations 5 -ms:pop_size 2000 -ms:pop_from_ss 1 -ms:checkpoint:prefix 1A22_6_0019 -ms:checkpoint:interval 200 -ms:checkpoint:gz -ms:numresults 0 -out:prefix 1A22_6_0019 -score:weights standard -score:patch score12 -score:ref_offsets HIS 1.2 -resfile /netapp/home/colin/backrub_seqtol/input_files/1A22_6/1A22_6_seqtol.resfile
core.init: 'RNG device' seed mode, using '/dev/urandom', seed=-590006771 seed_offset=0 real_seed=-590006771
core.init.random: RandomGenerator:init: Normal mode, seed=-590006771 RG_type=mt19937
core.conformation.Conformation: Found disulfide between residues 53 154
core.conformation.Conformation: current variant for 53 CYS
core.conformation.Conformation: current variant for 154 CYS
core.conformation.Conformation: current variant for 53 CYD
core.conformation.Conformation: current variant for 154 CYD
core.conformation.Conformation: Found disulfide between residues 171 178
core.conformation.Conformation: current variant for 171 CYS
core.conformation.Conformation: current variant for 178 CYS
core.conformation.Conformation: current variant for 171 CYD
core.conformation.Conformation: current variant for 178 CYD
core.conformation.Conformation: Found disulfide between residues 186 196
core.conformation.Conformation: current variant for 186 CYS
core.conformation.Conformation: current variant for 196 CYS
core.conformation.Conformation: current variant for 186 CYD
core.conformation.Conformation: current variant for 196 CYD
core.conformation.Conformation: Found disulfide between residues 222 233
core.conformation.Conformation: current variant for 222 CYS
core.conformation.Conformation: current variant for 233 CYS
core.conformation.Conformation: current variant for 222 CYD
core.conformation.Conformation: current variant for 233 CYD
core.conformation.Conformation: Found disulfide between residues 247 261
core.conformation.Conformation: current variant for 247 CYS
core.conformation.Conformation: current variant for 261 CYS
core.conformation.Conformation: current variant for 247 CYD
core.conformation.Conformation: current variant for 261 CYD
core.pack.task: Packer task: initialize from command line() 
core.pack.task: Packer task: initialize from command line() 
core.scoring.ScoreFunctionFactory: SCOREFUNCTION: standard
core.scoring.ScoreFunctionFactory: SCOREFUNCTION PATCH: score12
core.scoring.etable: Starting energy table calculation
core.scoring.etable: smooth_etable: changing atr/rep split to bottom of energy well
core.scoring.etable: smooth_etable: spline smoothing lj etables (maxdis = 6)
core.scoring.etable: smooth_etable: spline smoothing solvation etables (max_dis = 6)
core.scoring.etable: Finished calculating energy tables.
core.io.database: Database file opened: /netapp/home/colin/rosetta/rosetta-3.2/rosetta_database/pdb_pair_stats_fine
core.io.database: Database file opened: /netapp/home/colin/rosetta/rosetta-3.2/rosetta_database/scoring/score_functions/hbonds/standard_params/HBPoly1D.csv
core.io.database: Database file opened: /netapp/home/colin/rosetta/rosetta-3.2/rosetta_database/scoring/score_functions/hbonds/standard_params/HBFadeIntervals.csv
core.io.database: Database file opened: /netapp/home/colin/rosetta/rosetta-3.2/rosetta_database/scoring/score_functions/hbonds/standard_params/HBEval.csv
core.io.database: Database file opened: /netapp/home/colin/rosetta/rosetta-3.2/rosetta_database/P_AA
core.io.database: Database file opened: /netapp/home/colin/rosetta/rosetta-3.2/rosetta_database/P_AA_n
core.io.database: Database file opened: /netapp/home/colin/rosetta/rosetta-3.2/rosetta_database/P_AA_pp
core.io.database: Database file opened: /netapp/home/colin/rosetta/rosetta-3.2/rosetta_database/Rama_smooth_dyn.dat_ss_6.4
core.io.database: Database file opened: /netapp/home/colin/rosetta/rosetta-3.2/rosetta_database/scoring/score_functions/disulfides/fa_SS_distance_score
core.scoring.dunbrack: Dunbrack library took 0.02 seconds to load from binary
app.sequence_tolerance: Residue Decomposition: [Set 1 (A): [1, 2, 3, 4, 5, 6, 7, 8, 9, 10, 11, 12, 13, 14, 15, 16, 17, 18, 19, 20, 21, 22, 23, 24, 25, 26, 27, 28, 29, 30, 31, 32, 33, 34, 35, 36, 37, 38, 39, 40, 41, 42, 43, 44, 45, 46, 47, 48, 49, 50, 51, 52, 53, 54, 55, 56, 57, 58, 59, 60, 61, 62, 63, 64, 65, 66, 67, 68, 69, 70, 71, 72, 73, 74, 75, 76, 77, 78, 79, 80, 81, 82, 83, 84, 85, 86, 87, 88, 89, 90, 91, 92, 93, 94, 95, 96, 97, 98, 99, 100, 101, 102, 103, 104, 105, 106, 107, 108, 109, 110, 111, 112, 113, 114, 115, 116, 117, 118, 119, 120, 121, 122, 123, 124, 125, 126, 127, 128, 129, 130, 131, 132, 133, 134, 135, 136, 137, 138, 139, 140, 141, 142, 143, 144, 145, 146, 147, 148, 149, 150, 151, 152, 153, 154, 155, 156, 157, 158, 159, 160, 161, 162, 163, 164, 165, 166, 167, 168, 169, 170, 171, 172, 173, 174, 175, 176, 177, 178, 179, 180], Set 2 (B): [181, 182, 183, 184, 185, 186, 187, 188, 189, 190, 191, 192, 193, 194, 195, 196, 197, 198, 199, 200, 201, 202, 203, 204, 205, 206, 207, 208, 209, 210, 211, 212, 213, 214, 215, 216, 217, 218, 219, 220, 221, 222, 223, 224, 225, 226, 227, 228, 229, 230, 231, 232, 233, 234, 235, 236, 237, 238, 239, 240, 241, 242, 243, 244, 245, 246, 247, 248, 249, 250, 251, 252, 253, 254, 255, 256, 257, 258, 259, 260, 261, 262, 263, 264, 265, 266, 267, 268, 269, 270, 271, 272, 273, 274, 275, 276, 277, 278, 279, 280, 281, 282, 283, 284, 285, 286, 287, 288, 289, 290, 291, 292, 293, 294, 295, 296, 297, 298, 299, 300, 301, 302, 303, 304, 305, 306, 307, 308, 309, 310, 311, 312, 313, 314, 315, 316, 317, 318, 319, 320, 321, 322, 323, 324, 325, 326, 327, 328, 329, 330, 331, 332, 333, 334, 335, 336, 337, 338, 339, 340, 341, 342, 343, 344, 345, 346, 347, 348, 349, 350, 351, 352, 353, 354, 355, 356, 357, 358, 359, 360, 361, 362, 363, 364, 365, 366, 367, 368, 369, 370, 371, 372]]
app.sequence_tolerance: Fitness Function Master Weights: [1, 1, 1, 2]
app.sequence_tolerance: Fitness of Starting Structure: 
---------------------------------------------------------------------
Score Type                  Other        A        B      A-B    Total
---------------------------------------------------------------------
fa_atr                      0.000 -670.726 -649.611  -97.632-1417.970
fa_rep                      0.000  169.427  147.171    9.554  326.152
fa_sol                      0.000  324.786  323.122   57.649  705.556
fa_intra_rep                0.000    2.134    2.119    0.000    4.253
pro_close                   0.000    8.053   44.904    0.000   52.958
fa_pair                     0.000  -11.485  -13.413   -9.364  -34.262
hbond_sr_bb               -72.794    0.000    0.000    0.000  -72.794
hbond_lr_bb               -77.743    0.000    0.000    0.000  -77.743
hbond_bb_sc                 0.000   -4.843  -10.792   -2.926  -18.561
hbond_sc                    0.000   -6.709   -0.981   -6.361  -14.051
dslf_ss_dst                 0.000   -3.447   -4.693    0.000   -8.140
dslf_cs_ang                 0.000    5.358    4.188    0.000    9.547
dslf_ss_dih                 0.000    0.207    1.906    0.000    2.113
dslf_ca_dih                 0.000    0.244    0.147    0.000    0.391
rama                        0.000    7.717   18.651    0.000   26.368
omega                       0.000   40.306   39.625    0.000   79.931
fa_dun                      0.000  195.855  231.311    0.000  427.166
p_aa_pp                     0.000  -11.159  -10.472    0.000  -21.631
ref                         0.000  -37.120  -28.620    0.000  -65.740
---------------------------------------------------------------------
Total                    -150.537    8.598   94.560  -49.080  -96.459

core.pack.interaction_graph.interaction_graph_factory: Instantiating PDInteractionGraph
core.pack.pack_rotamers: built 10230 rotamers at 85 positions.
core.pack.pack_rotamers: IG: 47850844 bytes
app.sequence_tolerance: There are 1 positive states and 0 negative states
protocols.multistate_design.MultiStatePacker: Best single-state design score:  -137.00
app.sequence_tolerance: Adding single-state design entities:
app.sequence_tolerance: AA:25:F AA:41:R AA:46:S AA:63:K AA:161:K 
app.sequence_tolerance: Generation 1:
app.sequence_tolerance: Distinct new entities: 1999
app.sequence_tolerance: Duplicate new entities: 1
app.sequence_tolerance: Entities from previous generation: 0
app.sequence_tolerance: Entities resurrected from earlier generations: 0
app.sequence_tolerance: Fitness Percentiles: 0%=-137.77 25%=-112.18 50%=-73.9789 75%=26.6887 100%=786.787
app.sequence_tolerance: Best new entity:
MultiStateEntity with traits: AA:25:F AA:41:R AA:46:S AA:63:K AA:161:K and fitness -137.770
 SingleState 1 with fitness: -137.77
app.sequence_tolerance: Generation 2:
app.sequence_tolerance: Distinct new entities: 1927
app.sequence_tolerance: Duplicate new entities: 2
app.sequence_tolerance: Entities from previous generation: 71
app.sequence_tolerance: Entities resurrected from earlier generations: 0
app.sequence_tolerance: Fitness Percentiles: 0%=-137.77 25%=-115.329 50%=-106.953 75%=-60.9612 100%=677.169
app.sequence_tolerance: Best new entity:
MultiStateEntity with traits: AA:25:F AA:41:R AA:46:G AA:63:K AA:161:D and fitness -134.298
 SingleState 1 with fitness: -134.298
app.sequence_tolerance: Generation 3:
app.sequence_tolerance: Distinct new entities: 1920
app.sequence_tolerance: Duplicate new entities: 3
app.sequence_tolerance: Entities from previous generation: 72
app.sequence_tolerance: Entities resurrected from earlier generations: 5
app.sequence_tolerance: Fitness Percentiles: 0%=-137.77 25%=-117.985 50%=-111.407 75%=-86.0273 100%=623.601
app.sequence_tolerance: Best new entity:
MultiStateEntity with traits: AA:25:F AA:41:R AA:46:S AA:63:V AA:161:K and fitness -137.560
 SingleState 1 with fitness: -137.56
app.sequence_tolerance: Generation 4:
app.sequence_tolerance: Distinct new entities: 1905
app.sequence_tolerance: Duplicate new entities: 3
app.sequence_tolerance: Entities from previous generation: 87
app.sequence_tolerance: Entities resurrected from earlier generations: 5
app.sequence_tolerance: Fitness Percentiles: 0%=-137.77 25%=-120.137 50%=-113.047 75%=-99.4111 100%=647.883
app.sequence_tolerance: Best new entity:
MultiStateEntity with traits: AA:25:Y AA:41:R AA:46:A AA:63:V AA:161:M and fitness -134.367
 SingleState 1 with fitness: -134.367
app.sequence_tolerance: Generation 5:
app.sequence_tolerance: Distinct new entities: 1882
app.sequence_tolerance: Duplicate new entities: 6
app.sequence_tolerance: Entities from previous generation: 98
app.sequence_tolerance: Entities resurrected from earlier generations: 14
app.sequence_tolerance: Fitness Percentiles: 0%=-137.77 25%=-121.547 50%=-115.026 75%=-104.287 100%=409.763
app.sequence_tolerance: Best new entity:
MultiStateEntity with traits: AA:25:Y AA:41:K AA:46:G AA:63:K AA:161:K and fitness -136.857
 SingleState 1 with fitness: -136.857
app.sequence_tolerance: Evaluated 9633 sequences out of 2476099 possible.
Best sequences:
