core.init: Mini-Rosetta version 40577 from https://svn.rosettacommons.org/source/branches/releases/rosetta-3.2/rosetta_source
core.init: command: /netapp/home/colin/rosetta/rosetta-3.2/rosetta_source/bin/sequence_tolerance.linuxgccrelease -database /netapp/home/colin/rosetta/rosetta-3.2/rosetta_database -s 1A22_6_0001_low.pdb -ex1 -ex2 -extrachi_cutoff 0 -seq_tol:fitness_master_weights 1 1 1 2 -ms:generations 5 -ms:pop_size 2000 -ms:pop_from_ss 1 -ms:checkpoint:prefix 1A22_6_0001 -ms:checkpoint:interval 200 -ms:checkpoint:gz -ms:numresults 0 -out:prefix 1A22_6_0001 -score:weights standard -score:patch score12 -score:ref_offsets HIS 1.2 -resfile /netapp/home/colin/backrub_seqtol/input_files/1A22_6/1A22_6_seqtol.resfile
core.init: 'RNG device' seed mode, using '/dev/urandom', seed=1676342011 seed_offset=0 real_seed=1676342011
core.init.random: RandomGenerator:init: Normal mode, seed=1676342011 RG_type=mt19937
core.conformation.Conformation: Found disulfide between residues 53 154
core.conformation.Conformation: current variant for 53 CYS
core.conformation.Conformation: current variant for 154 CYS
core.conformation.Conformation: current variant for 53 CYD
core.conformation.Conformation: current variant for 154 CYD
core.conformation.Conformation: Found disulfide between residues 171 178
core.conformation.Conformation: current variant for 171 CYS
core.conformation.Conformation: current variant for 178 CYS
core.conformation.Conformation: current variant for 171 CYD
core.conformation.Conformation: current variant for 178 CYD
core.conformation.Conformation: Found disulfide between residues 222 233
core.conformation.Conformation: current variant for 222 CYS
core.conformation.Conformation: current variant for 233 CYS
core.conformation.Conformation: current variant for 222 CYD
core.conformation.Conformation: current variant for 233 CYD
core.conformation.Conformation: Found disulfide between residues 247 261
core.conformation.Conformation: current variant for 247 CYS
core.conformation.Conformation: current variant for 261 CYS
core.conformation.Conformation: current variant for 247 CYD
core.conformation.Conformation: current variant for 261 CYD
core.pack.task: Packer task: initialize from command line() 
core.pack.task: Packer task: initialize from command line() 
core.scoring.ScoreFunctionFactory: SCOREFUNCTION: standard
core.scoring.ScoreFunctionFactory: SCOREFUNCTION PATCH: score12
core.scoring.etable: Starting energy table calculation
core.scoring.etable: smooth_etable: changing atr/rep split to bottom of energy well
core.scoring.etable: smooth_etable: spline smoothing lj etables (maxdis = 6)
core.scoring.etable: smooth_etable: spline smoothing solvation etables (max_dis = 6)
core.scoring.etable: Finished calculating energy tables.
core.io.database: Database file opened: /netapp/home/colin/rosetta/rosetta-3.2/rosetta_database/pdb_pair_stats_fine
core.io.database: Database file opened: /netapp/home/colin/rosetta/rosetta-3.2/rosetta_database/scoring/score_functions/hbonds/standard_params/HBPoly1D.csv
core.io.database: Database file opened: /netapp/home/colin/rosetta/rosetta-3.2/rosetta_database/scoring/score_functions/hbonds/standard_params/HBFadeIntervals.csv
core.io.database: Database file opened: /netapp/home/colin/rosetta/rosetta-3.2/rosetta_database/scoring/score_functions/hbonds/standard_params/HBEval.csv
core.io.database: Database file opened: /netapp/home/colin/rosetta/rosetta-3.2/rosetta_database/P_AA
core.io.database: Database file opened: /netapp/home/colin/rosetta/rosetta-3.2/rosetta_database/P_AA_n
core.io.database: Database file opened: /netapp/home/colin/rosetta/rosetta-3.2/rosetta_database/P_AA_pp
core.io.database: Database file opened: /netapp/home/colin/rosetta/rosetta-3.2/rosetta_database/Rama_smooth_dyn.dat_ss_6.4
core.io.database: Database file opened: /netapp/home/colin/rosetta/rosetta-3.2/rosetta_database/scoring/score_functions/disulfides/fa_SS_distance_score
core.scoring.dunbrack: Dunbrack library took 0.02 seconds to load from binary
app.sequence_tolerance: Residue Decomposition: [Set 1 (A): [1, 2, 3, 4, 5, 6, 7, 8, 9, 10, 11, 12, 13, 14, 15, 16, 17, 18, 19, 20, 21, 22, 23, 24, 25, 26, 27, 28, 29, 30, 31, 32, 33, 34, 35, 36, 37, 38, 39, 40, 41, 42, 43, 44, 45, 46, 47, 48, 49, 50, 51, 52, 53, 54, 55, 56, 57, 58, 59, 60, 61, 62, 63, 64, 65, 66, 67, 68, 69, 70, 71, 72, 73, 74, 75, 76, 77, 78, 79, 80, 81, 82, 83, 84, 85, 86, 87, 88, 89, 90, 91, 92, 93, 94, 95, 96, 97, 98, 99, 100, 101, 102, 103, 104, 105, 106, 107, 108, 109, 110, 111, 112, 113, 114, 115, 116, 117, 118, 119, 120, 121, 122, 123, 124, 125, 126, 127, 128, 129, 130, 131, 132, 133, 134, 135, 136, 137, 138, 139, 140, 141, 142, 143, 144, 145, 146, 147, 148, 149, 150, 151, 152, 153, 154, 155, 156, 157, 158, 159, 160, 161, 162, 163, 164, 165, 166, 167, 168, 169, 170, 171, 172, 173, 174, 175, 176, 177, 178, 179, 180], Set 2 (B): [181, 182, 183, 184, 185, 186, 187, 188, 189, 190, 191, 192, 193, 194, 195, 196, 197, 198, 199, 200, 201, 202, 203, 204, 205, 206, 207, 208, 209, 210, 211, 212, 213, 214, 215, 216, 217, 218, 219, 220, 221, 222, 223, 224, 225, 226, 227, 228, 229, 230, 231, 232, 233, 234, 235, 236, 237, 238, 239, 240, 241, 242, 243, 244, 245, 246, 247, 248, 249, 250, 251, 252, 253, 254, 255, 256, 257, 258, 259, 260, 261, 262, 263, 264, 265, 266, 267, 268, 269, 270, 271, 272, 273, 274, 275, 276, 277, 278, 279, 280, 281, 282, 283, 284, 285, 286, 287, 288, 289, 290, 291, 292, 293, 294, 295, 296, 297, 298, 299, 300, 301, 302, 303, 304, 305, 306, 307, 308, 309, 310, 311, 312, 313, 314, 315, 316, 317, 318, 319, 320, 321, 322, 323, 324, 325, 326, 327, 328, 329, 330, 331, 332, 333, 334, 335, 336, 337, 338, 339, 340, 341, 342, 343, 344, 345, 346, 347, 348, 349, 350, 351, 352, 353, 354, 355, 356, 357, 358, 359, 360, 361, 362, 363, 364, 365, 366, 367, 368, 369, 370, 371, 372]]
app.sequence_tolerance: Fitness Function Master Weights: [1, 1, 1, 2]
app.sequence_tolerance: Fitness of Starting Structure: 
---------------------------------------------------------------------
Score Type                  Other        A        B      A-B    Total
---------------------------------------------------------------------
fa_atr                      0.000 -663.582 -663.665 -109.547-1436.794
fa_rep                      0.000  128.571  151.963   12.964  293.498
fa_sol                      0.000  327.113  332.402   67.505  727.020
fa_intra_rep                0.000    2.140    2.178    0.000    4.318
pro_close                   0.000    8.079   44.928    0.000   53.008
fa_pair                     0.000  -12.683  -13.540  -10.109  -36.332
hbond_sr_bb               -73.356    0.000    0.000    0.000  -73.356
hbond_lr_bb               -80.951    0.000    0.000    0.000  -80.951
hbond_bb_sc                 0.000   -3.889  -14.572   -2.801  -21.262
hbond_sc                    0.000   -8.621   -2.510   -2.953  -14.084
dslf_ss_dst                 0.000   -0.412   -2.155    0.000   -2.567
dslf_cs_ang                 0.000    1.190    1.419    0.000    2.609
dslf_ss_dih                 0.000    0.147    1.043    0.000    1.189
dslf_ca_dih                 0.000    0.294    0.084    0.000    0.378
rama                        0.000    0.824   15.484    0.000   16.309
omega                       0.000   40.303   39.618    0.000   79.921
fa_dun                      0.000  204.955  240.805    0.000  445.761
p_aa_pp                     0.000  -10.372  -10.808    0.000  -21.179
ref                         0.000  -37.120  -28.620    0.000  -65.740
---------------------------------------------------------------------
Total                    -154.307  -23.063   94.056  -44.941 -128.254

core.pack.interaction_graph.interaction_graph_factory: Instantiating PDInteractionGraph
core.pack.pack_rotamers: built 9738 rotamers at 85 positions.
core.pack.pack_rotamers: IG: 44581220 bytes
app.sequence_tolerance: There are 1 positive states and 0 negative states
protocols.multistate_design.MultiStatePacker: Best single-state design score:  -153.21
app.sequence_tolerance: Adding single-state design entities:
app.sequence_tolerance: AA:25:Y AA:41:K AA:46:R AA:63:R AA:161:K 
app.sequence_tolerance: Generation 1:
app.sequence_tolerance: Distinct new entities: 1999
app.sequence_tolerance: Duplicate new entities: 1
app.sequence_tolerance: Entities from previous generation: 0
app.sequence_tolerance: Entities resurrected from earlier generations: 0
app.sequence_tolerance: Fitness Percentiles: 0%=-152.896 25%=-136.601 50%=-85.128 75%=96.3771 100%=1017.31
app.sequence_tolerance: Best new entity:
MultiStateEntity with traits: AA:25:Y AA:41:K AA:46:R AA:63:R AA:161:K and fitness -152.896
 SingleState 1 with fitness: -152.896
app.sequence_tolerance: Generation 2:
app.sequence_tolerance: Distinct new entities: 1923
app.sequence_tolerance: Duplicate new entities: 2
app.sequence_tolerance: Entities from previous generation: 75
app.sequence_tolerance: Entities resurrected from earlier generations: 0
app.sequence_tolerance: Fitness Percentiles: 0%=-152.896 25%=-139.463 50%=-132.766 75%=-32.2242 100%=718.131
app.sequence_tolerance: Best new entity:
MultiStateEntity with traits: AA:25:Y AA:41:K AA:46:M AA:63:R AA:161:K and fitness -152.529
 SingleState 1 with fitness: -152.529
app.sequence_tolerance: Generation 3:
app.sequence_tolerance: Distinct new entities: 1909
app.sequence_tolerance: Duplicate new entities: 5
app.sequence_tolerance: Entities from previous generation: 82
app.sequence_tolerance: Entities resurrected from earlier generations: 4
app.sequence_tolerance: Fitness Percentiles: 0%=-152.896 25%=-141.089 50%=-137.005 75%=-119.32 100%=661.488
app.sequence_tolerance: Best new entity:
MultiStateEntity with traits: AA:25:F AA:41:F AA:46:F AA:63:R AA:161:A and fitness -150.956
 SingleState 1 with fitness: -150.956
app.sequence_tolerance: Generation 4:
app.sequence_tolerance: Distinct new entities: 1899
app.sequence_tolerance: Duplicate new entities: 3
app.sequence_tolerance: Entities from previous generation: 91
app.sequence_tolerance: Entities resurrected from earlier generations: 7
app.sequence_tolerance: Fitness Percentiles: 0%=-152.896 25%=-142.399 50%=-138.505 75%=-130.294 100%=684.399
app.sequence_tolerance: Best new entity:
MultiStateEntity with traits: AA:25:S AA:41:K AA:46:K AA:63:K AA:161:K and fitness -152.570
 SingleState 1 with fitness: -152.57
app.sequence_tolerance: Generation 5:
app.sequence_tolerance: Distinct new entities: 1906
app.sequence_tolerance: Duplicate new entities: 1
app.sequence_tolerance: Entities from previous generation: 73
app.sequence_tolerance: Entities resurrected from earlier generations: 20
app.sequence_tolerance: Fitness Percentiles: 0%=-152.896 25%=-143.347 50%=-139.79 75%=-132.917 100%=723.985
app.sequence_tolerance: Best new entity:
MultiStateEntity with traits: AA:25:Y AA:41:K AA:46:E AA:63:R AA:161:K and fitness -152.574
 SingleState 1 with fitness: -152.574
app.sequence_tolerance: Evaluated 9636 sequences out of 2476099 possible.
Best sequences:
