core.init: Mini-Rosetta version 40577 from https://svn.rosettacommons.org/source/branches/releases/rosetta-3.2/rosetta_source
core.init: command: /netapp/home/colin/rosetta/rosetta-3.2/rosetta_source/bin/backrub.linuxgccrelease -database /netapp/home/colin/rosetta/rosetta-3.2/rosetta_database -s /netapp/home/colin/backrub_seqtol/input_files/1A22_1/1A22_1.pdb -ignore_unrecognized_res -ex1 -ex2 -extrachi_cutoff 0 -out:prefix 1A22_1_0012 -mute core.io.pdb.file_data -backrub:ntrials 10000 -score:weights standard -score:patch score12
core.init: 'RNG device' seed mode, using '/dev/urandom', seed=-705100367 seed_offset=0 real_seed=-705100367
core.init.random: RandomGenerator:init: Normal mode, seed=-705100367 RG_type=mt19937
core.scoring.ScoreFunctionFactory: SCOREFUNCTION: standard
core.scoring.ScoreFunctionFactory: SCOREFUNCTION PATCH: score12
core.scoring.etable: Starting energy table calculation
core.scoring.etable: smooth_etable: changing atr/rep split to bottom of energy well
core.scoring.etable: smooth_etable: spline smoothing lj etables (maxdis = 6)
core.scoring.etable: smooth_etable: spline smoothing solvation etables (max_dis = 6)
core.scoring.etable: Finished calculating energy tables.
core.io.database: Database file opened: /netapp/home/colin/rosetta/rosetta-3.2/rosetta_database/pdb_pair_stats_fine
core.io.database: Database file opened: /netapp/home/colin/rosetta/rosetta-3.2/rosetta_database/scoring/score_functions/hbonds/standard_params/HBPoly1D.csv
core.io.database: Database file opened: /netapp/home/colin/rosetta/rosetta-3.2/rosetta_database/scoring/score_functions/hbonds/standard_params/HBFadeIntervals.csv
core.io.database: Database file opened: /netapp/home/colin/rosetta/rosetta-3.2/rosetta_database/scoring/score_functions/hbonds/standard_params/HBEval.csv
core.io.database: Database file opened: /netapp/home/colin/rosetta/rosetta-3.2/rosetta_database/P_AA
core.io.database: Database file opened: /netapp/home/colin/rosetta/rosetta-3.2/rosetta_database/P_AA_n
core.io.database: Database file opened: /netapp/home/colin/rosetta/rosetta-3.2/rosetta_database/P_AA_pp
core.io.database: Database file opened: /netapp/home/colin/rosetta/rosetta-3.2/rosetta_database/Rama_smooth_dyn.dat_ss_6.4
core.mm.MMBondAngleLibrary: MM bond angle sets added fully assigned: 474; wildcard: 0 and 1 virtual parameter.
core.io.database: Database file opened: /netapp/home/colin/rosetta/rosetta-3.2/rosetta_database/branch_angle/branch_angle_1.txt
core.io.database: Database file opened: /netapp/home/colin/rosetta/rosetta-3.2/rosetta_database/branch_angle/branch_angle_2.txt
core.scoring.dunbrack: Dunbrack library took 0.06 seconds to load from binary
apps.backrub: Processing /netapp/home/colin/backrub_seqtol/input_files/1A22_1/1A22_1.pdb...
core.conformation.Conformation: [ WARNING ] missing heavyatom:  CG  on residue TYR 103
core.conformation.Conformation: [ WARNING ] missing heavyatom:  CD1 on residue TYR 103
core.conformation.Conformation: [ WARNING ] missing heavyatom:  CD2 on residue TYR 103
core.conformation.Conformation: [ WARNING ] missing heavyatom:  CE1 on residue TYR 103
core.conformation.Conformation: [ WARNING ] missing heavyatom:  CE2 on residue TYR 103
core.conformation.Conformation: [ WARNING ] missing heavyatom:  CZ  on residue TYR 103
core.conformation.Conformation: [ WARNING ] missing heavyatom:  OH  on residue TYR 103
core.conformation.Conformation: [ WARNING ] missing heavyatom:  CG  on residue LYS 134
core.conformation.Conformation: [ WARNING ] missing heavyatom:  CD  on residue LYS 134
core.conformation.Conformation: [ WARNING ] missing heavyatom:  CE  on residue LYS 134
core.conformation.Conformation: [ WARNING ] missing heavyatom:  NZ  on residue LYS 134
core.conformation.Conformation: [ WARNING ] missing heavyatom:  CG  on residue ASP 141
core.conformation.Conformation: [ WARNING ] missing heavyatom:  OD1 on residue ASP 141
core.conformation.Conformation: [ WARNING ] missing heavyatom:  OD2 on residue ASP 141
core.conformation.Conformation: [ WARNING ] missing heavyatom:  OG1 on residue THR 142
core.conformation.Conformation: [ WARNING ] missing heavyatom:  CG2 on residue THR 142
core.conformation.Conformation: [ WARNING ] missing heavyatom:  OXT on residue PHE_p:CtermProteinFull 180
core.conformation.Conformation: [ WARNING ] missing heavyatom:  CG  on residue LYS 185
core.conformation.Conformation: [ WARNING ] missing heavyatom:  CD  on residue LYS 185
core.conformation.Conformation: [ WARNING ] missing heavyatom:  CE  on residue LYS 185
core.conformation.Conformation: [ WARNING ] missing heavyatom:  NZ  on residue LYS 185
core.conformation.Conformation: [ WARNING ] missing heavyatom:  CB  on residue THR 212
core.conformation.Conformation: [ WARNING ] missing heavyatom:  OG1 on residue THR 212
core.conformation.Conformation: [ WARNING ] missing heavyatom:  CG2 on residue THR 212
core.conformation.Conformation: [ WARNING ] missing heavyatom:  OXT on residue SER_p:CtermProteinFull 372
core.conformation.Conformation: Found disulfide between residues 53 154
core.conformation.Conformation: current variant for 53 CYS
core.conformation.Conformation: current variant for 154 CYS
core.conformation.Conformation: current variant for 53 CYD
core.conformation.Conformation: current variant for 154 CYD
core.conformation.Conformation: Found disulfide between residues 171 178
core.conformation.Conformation: current variant for 171 CYS
core.conformation.Conformation: current variant for 178 CYS
core.conformation.Conformation: current variant for 171 CYD
core.conformation.Conformation: current variant for 178 CYD
core.conformation.Conformation: Found disulfide between residues 186 196
core.conformation.Conformation: current variant for 186 CYS
core.conformation.Conformation: current variant for 196 CYS
core.conformation.Conformation: current variant for 186 CYD
core.conformation.Conformation: current variant for 196 CYD
core.conformation.Conformation: Found disulfide between residues 222 233
core.conformation.Conformation: current variant for 222 CYS
core.conformation.Conformation: current variant for 233 CYS
core.conformation.Conformation: current variant for 222 CYD
core.conformation.Conformation: current variant for 233 CYD
core.conformation.Conformation: Found disulfide between residues 247 261
core.conformation.Conformation: current variant for 247 CYS
core.conformation.Conformation: current variant for 261 CYS
core.conformation.Conformation: current variant for 247 CYD
core.conformation.Conformation: current variant for 261 CYD
core.pack.task: Packer task: initialize from command line() 
core.pack.pack_missing_sidechains: packing residue number 103 because of missing atom number 6 atom name  CG 
core.pack.pack_missing_sidechains: packing residue number 134 because of missing atom number 6 atom name  CG 
core.pack.pack_missing_sidechains: packing residue number 141 because of missing atom number 6 atom name  CG 
core.pack.pack_missing_sidechains: packing residue number 142 because of missing atom number 6 atom name  OG1
core.pack.pack_missing_sidechains: packing residue number 185 because of missing atom number 6 atom name  CG 
core.pack.pack_missing_sidechains: packing residue number 212 because of missing atom number 5 atom name  CB 
core.io.database: Database file opened: /netapp/home/colin/rosetta/rosetta-3.2/rosetta_database/scoring/score_functions/disulfides/fa_SS_distance_score
core.pack.interaction_graph.interaction_graph_factory: Instantiating DensePDInteractionGraph
core.pack.pack_rotamers: built 380 rotamers at 6 positions.
core.pack.pack_rotamers: IG: 4420 bytes
protocols.moves.BackrubMover: Segment lengths: 3-34 atoms
protocols.moves.BackrubMover: Main chain pivot atoms: CA
protocols.moves.BackrubMover: Adding backrub segments for residues 1-372
protocols.moves.BackrubMover: Total Segments Added: 3590
apps.backrub: Score After PDB Load:
apps.backrub: ------------------------------------------------------------
 Scores                       Weight   Raw Score Wghtd.Score
------------------------------------------------------------
 fa_atr                       0.800   -1905.971   -1524.777
 fa_rep                       0.440    1341.947     590.457
 fa_sol                       0.650    1206.444     784.188
 fa_intra_rep                 0.004    1091.139       4.365
 mm_bend                      1.000     534.624     534.624
 pro_close                    1.000      53.006      53.006
 fa_pair                      0.490     -68.275     -33.455
 hbond_sr_bb                  0.585    -136.160     -79.654
 hbond_lr_bb                  1.170     -71.064     -83.144
 hbond_bb_sc                  1.170     -19.749     -23.107
 hbond_sc                     1.100     -20.011     -22.012
 dslf_ss_dst                  0.500     -18.279      -9.139
 dslf_cs_ang                  2.000       0.848       1.695
 dslf_ss_dih                  5.000       0.539       2.696
 dslf_ca_dih                  5.000       0.074       0.369
 rama                         0.200     122.620      24.524
 omega                        0.500     159.815      79.908
 fa_dun                       0.560    1482.151     830.005
 p_aa_pp                      0.320     -55.044     -17.614
 ref                          1.000     -70.540     -70.540
---------------------------------------------------
 Total weighted score:                     1042.394
core.pack.task: Packer task: initialize from command line() 
apps.backrub: Score After Branch Angle Optimization/Side Chain Idealization:
apps.backrub: ------------------------------------------------------------
 Scores                       Weight   Raw Score Wghtd.Score
------------------------------------------------------------
 fa_atr                       0.800   -1909.234   -1527.387
 fa_rep                       0.440    3264.059    1436.186
 fa_sol                       0.650    1216.873     790.967
 fa_intra_rep                 0.004    1392.364       5.569
 mm_bend                      1.000     249.051     249.051
 pro_close                    1.000      53.006      53.006
 fa_pair                      0.490     -68.726     -33.676
 hbond_sr_bb                  0.585    -136.160     -79.654
 hbond_lr_bb                  1.170     -71.064     -83.144
 hbond_bb_sc                  1.170     -19.081     -22.325
 hbond_sc                     1.100     -11.939     -13.133
 dslf_ss_dst                  0.500       3.036       1.518
 dslf_cs_ang                  2.000       5.108      10.217
 dslf_ss_dih                  5.000       0.629       3.144
 dslf_ca_dih                  5.000       0.066       0.331
 rama                         0.200     122.620      24.524
 omega                        0.500     159.815      79.908
 fa_dun                       0.560    1482.151     830.005
 p_aa_pp                      0.320     -55.044     -17.614
 ref                          1.000     -70.540     -70.540
---------------------------------------------------
 Total weighted score:                     1636.951
core.pack.task: Packer task: initialize from command line() 
apps.backrub: Running 10000 trials...
protocols.moves.MonteCarlo:      br_CA_CA_04 trials=    681;  accepts= 0.3965;  energy_drop/trial=  -0.09472
protocols.moves.MonteCarlo:      br_CA_CA_07 trials=    719;  accepts= 0.2921;  energy_drop/trial=  -0.15180
protocols.moves.MonteCarlo:      br_CA_CA_10 trials=    707;  accepts= 0.2518;  energy_drop/trial=  -0.20320
protocols.moves.MonteCarlo:      br_CA_CA_13 trials=    687;  accepts= 0.1965;  energy_drop/trial=  -0.07228
protocols.moves.MonteCarlo:      br_CA_CA_16 trials=    680;  accepts= 0.2162;  energy_drop/trial=  -0.07757
protocols.moves.MonteCarlo:      br_CA_CA_19 trials=    678;  accepts= 0.2286;  energy_drop/trial=  -0.08411
protocols.moves.MonteCarlo:      br_CA_CA_22 trials=    655;  accepts= 0.2015;  energy_drop/trial=  -0.05992
protocols.moves.MonteCarlo:      br_CA_CA_25 trials=    695;  accepts= 0.1669;  energy_drop/trial=  -0.16924
protocols.moves.MonteCarlo:      br_CA_CA_28 trials=    659;  accepts= 0.1700;  energy_drop/trial=  -0.09454
protocols.moves.MonteCarlo:      br_CA_CA_31 trials=    662;  accepts= 0.1511;  energy_drop/trial=  -0.10293
protocols.moves.MonteCarlo:      br_CA_CA_34 trials=    650;  accepts= 0.1646;  energy_drop/trial=  -0.11584
protocols.moves.MonteCarlo:       sc_chi_rot trials=   2275;  accepts= 0.3218;  energy_drop/trial=  -0.27548
protocols.moves.MonteCarlo:      sc_chi_unif trials=    252;  accepts= 0.0317;  energy_drop/trial=  -0.07080
apps.backrub: Last Score:
apps.backrub: ------------------------------------------------------------
 Scores                       Weight   Raw Score Wghtd.Score
------------------------------------------------------------
 fa_atr                       0.800   -1759.844   -1407.875
 fa_rep                       0.440     720.426     316.988
 fa_sol                       0.650    1079.437     701.634
 fa_intra_rep                 0.004    1172.590       4.690
 mm_bend                      1.000     219.587     219.587
 pro_close                    1.000      53.006      53.006
 fa_pair                      0.490     -66.781     -32.723
 hbond_sr_bb                  0.585    -116.406     -68.097
 hbond_lr_bb                  1.170     -67.947     -79.498
 hbond_bb_sc                  1.170     -19.394     -22.691
 hbond_sc                     1.100      -9.826     -10.808
 dslf_ss_dst                  0.500      -4.888      -2.444
 dslf_cs_ang                  2.000       6.589      13.178
 dslf_ss_dih                  5.000       0.238       1.189
 dslf_ca_dih                  5.000       0.068       0.340
 rama                         0.200     129.998      26.000
 omega                        0.500     159.815      79.908
 fa_dun                       0.560     806.820     451.819
 p_aa_pp                      0.320     -64.413     -20.612
 ref                          1.000     -70.540     -70.540
---------------------------------------------------
 Total weighted score:                      153.050
apps.backrub: Low Score:
apps.backrub: ------------------------------------------------------------
 Scores                       Weight   Raw Score Wghtd.Score
------------------------------------------------------------
 fa_atr                       0.800   -1762.468   -1409.974
 fa_rep                       0.440     698.883     307.508
 fa_sol                       0.650    1081.014     702.659
 fa_intra_rep                 0.004    1164.256       4.657
 mm_bend                      1.000     217.334     217.334
 pro_close                    1.000      53.006      53.006
 fa_pair                      0.490     -64.544     -31.627
 hbond_sr_bb                  0.585    -114.786     -67.150
 hbond_lr_bb                  1.170     -67.943     -79.494
 hbond_bb_sc                  1.170     -19.912     -23.298
 hbond_sc                     1.100      -9.861     -10.847
 dslf_ss_dst                  0.500      -6.414      -3.207
 dslf_cs_ang                  2.000       6.484      12.968
 dslf_ss_dih                  5.000       0.223       1.117
 dslf_ca_dih                  5.000       0.069       0.343
 rama                         0.200     134.854      26.971
 omega                        0.500     159.815      79.908
 fa_dun                       0.560     812.577     455.043
 p_aa_pp                      0.320     -62.332     -19.946
 ref                          1.000     -70.540     -70.540
---------------------------------------------------
 Total weighted score:                      145.430
