+ NSLOTS=37
+ module load openmpi/gcc
++ /cm/local/apps/environment-modules/3.2.6//Modules/3.2.6/bin/modulecmd bash load openmpi/gcc
+ eval
++ echo 17697
++ awk -v FS=. '{print $1}'
+ LOGS=logs_17697
+ mkdir -p logs_17697
++ echo 37
++ awk '{print $1-3}'
+ NSTRUCT=34
+ echo 'running on 37 cpus ...'
running on 37 cpus ...
+ EXE=/home/zhezhang/rosetta_vanilla/rosetta_source/bin/rosetta_scripts.mpi.linuxgccrelease
+ CMDLINE='-out:file:silent dummy.out -out:level 300 -mute all_high_mpi_rank_filebuf -out:mpi_tracer_to_file logs_17697/log
-mute core.io.pdb core.conformation.Conformation
-database /home/zhezhang/rosetta_vanilla/rosetta_database  @flags_docking_replica @flags_replica_dock -parser:protocol dock_cen.xml'
+ /cm/shared/apps/openmpi/gcc/64/1.4.4/bin/mpirun -n 37 /home/zhezhang/rosetta_vanilla/rosetta_source/bin/rosetta_scripts.mpi.linuxgccrelease -out:file:silent dummy.out -out:level 300 -mute all_high_mpi_rank_filebuf -out:mpi_tracer_to_file logs_17697/log -mute core.io.pdb core.conformation.Conformation -database /home/zhezhang/rosetta_vanilla/rosetta_database @flags_docking_replica @flags_replica_dock -parser:protocol dock_cen.xml
WARNING: Override of option -out:file:silent sets a different value
core.init: (2) Mini-Rosetta version 51211M from https://svn.rosettacommons.org/source/trunk/rosetta/rosetta_source
core.init: (2) command: /home/zhezhang/rosetta_vanilla/rosetta_source/bin/rosetta_scripts.mpi.linuxgccrelease -out:file:silent dummy.out -out:level 300 -mute all_high_mpi_rank_filebuf -out:mpi_tracer_to_file logs_17697/log -mute core.io.pdb core.conformation.Conformation -database /home/zhezhang/rosetta_vanilla/rosetta_database @flags_docking_replica @flags_replica_dock -parser:protocol dock_cen.xml
core.init: (0) Mini-Rosetta version 51211M from https://svn.rosettacommons.org/source/trunk/rosetta/rosetta_source
core.init: (0) command: /home/zhezhang/rosetta_vanilla/rosetta_source/bin/rosetta_scripts.mpi.linuxgccrelease -out:file:silent dummy.out -out:level 300 -mute all_high_mpi_rank_filebuf -out:mpi_tracer_to_file logs_17697/log -mute core.io.pdb core.conformation.Conformation -database /home/zhezhang/rosetta_vanilla/rosetta_database @flags_docking_replica @flags_replica_dock -parser:protocol dock_cen.xml
core.init: (1) Mini-Rosetta version 51211M from https://svn.rosettacommons.org/source/trunk/rosetta/rosetta_source
core.init: (1) command: /home/zhezhang/rosetta_vanilla/rosetta_source/bin/rosetta_scripts.mpi.linuxgccrelease -out:file:silent dummy.out -out:level 300 -mute all_high_mpi_rank_filebuf -out:mpi_tracer_to_file logs_17697/log -mute core.io.pdb core.conformation.Conformation -database /home/zhezhang/rosetta_vanilla/rosetta_database @flags_docking_replica @flags_replica_dock -parser:protocol dock_cen.xml
core.init: (3) Mini-Rosetta version 51211M from https://svn.rosettacommons.org/source/trunk/rosetta/rosetta_source
core.init: (3) command: /home/zhezhang/rosetta_vanilla/rosetta_source/bin/rosetta_scripts.mpi.linuxgccrelease -out:file:silent dummy.out -out:level 300 -mute all_high_mpi_rank_filebuf -out:mpi_tracer_to_file logs_17697/log -mute core.io.pdb core.conformation.Conformation -database /home/zhezhang/rosetta_vanilla/rosetta_database @flags_docking_replica @flags_replica_dock -parser:protocol dock_cen.xml
