core.init: Mini-Rosetta version 40577 from https://svn.rosettacommons.org/source/branches/releases/rosetta-3.2/rosetta_source
core.init: command: /netapp/home/colin/rosetta/rosetta-3.2/rosetta_source/bin/backrub.linuxgccrelease -database /netapp/home/colin/rosetta/rosetta-3.2/rosetta_database -s /netapp/home/colin/backrub_seqtol/input_files/1A22_5/1A22_5.pdb -ignore_unrecognized_res -ex1 -ex2 -extrachi_cutoff 0 -out:prefix 1A22_5_0006 -mute core.io.pdb.file_data -backrub:ntrials 10000 -score:weights standard -score:patch score12
core.init: 'RNG device' seed mode, using '/dev/urandom', seed=-358706314 seed_offset=0 real_seed=-358706314
core.init.random: RandomGenerator:init: Normal mode, seed=-358706314 RG_type=mt19937
core.scoring.ScoreFunctionFactory: SCOREFUNCTION: standard
core.scoring.ScoreFunctionFactory: SCOREFUNCTION PATCH: score12
core.scoring.etable: Starting energy table calculation
core.scoring.etable: smooth_etable: changing atr/rep split to bottom of energy well
core.scoring.etable: smooth_etable: spline smoothing lj etables (maxdis = 6)
core.scoring.etable: smooth_etable: spline smoothing solvation etables (max_dis = 6)
core.scoring.etable: Finished calculating energy tables.
core.io.database: Database file opened: /netapp/home/colin/rosetta/rosetta-3.2/rosetta_database/pdb_pair_stats_fine
core.io.database: Database file opened: /netapp/home/colin/rosetta/rosetta-3.2/rosetta_database/scoring/score_functions/hbonds/standard_params/HBPoly1D.csv
core.io.database: Database file opened: /netapp/home/colin/rosetta/rosetta-3.2/rosetta_database/scoring/score_functions/hbonds/standard_params/HBFadeIntervals.csv
core.io.database: Database file opened: /netapp/home/colin/rosetta/rosetta-3.2/rosetta_database/scoring/score_functions/hbonds/standard_params/HBEval.csv
core.io.database: Database file opened: /netapp/home/colin/rosetta/rosetta-3.2/rosetta_database/P_AA
core.io.database: Database file opened: /netapp/home/colin/rosetta/rosetta-3.2/rosetta_database/P_AA_n
core.io.database: Database file opened: /netapp/home/colin/rosetta/rosetta-3.2/rosetta_database/P_AA_pp
core.io.database: Database file opened: /netapp/home/colin/rosetta/rosetta-3.2/rosetta_database/Rama_smooth_dyn.dat_ss_6.4
core.mm.MMBondAngleLibrary: MM bond angle sets added fully assigned: 474; wildcard: 0 and 1 virtual parameter.
core.io.database: Database file opened: /netapp/home/colin/rosetta/rosetta-3.2/rosetta_database/branch_angle/branch_angle_1.txt
core.io.database: Database file opened: /netapp/home/colin/rosetta/rosetta-3.2/rosetta_database/branch_angle/branch_angle_2.txt
core.scoring.dunbrack: Dunbrack library took 0.04 seconds to load from binary
apps.backrub: Processing /netapp/home/colin/backrub_seqtol/input_files/1A22_5/1A22_5.pdb...
core.conformation.Conformation: [ WARNING ] missing heavyatom:  CG  on residue TYR 103
core.conformation.Conformation: [ WARNING ] missing heavyatom:  CD1 on residue TYR 103
core.conformation.Conformation: [ WARNING ] missing heavyatom:  CD2 on residue TYR 103
core.conformation.Conformation: [ WARNING ] missing heavyatom:  CE1 on residue TYR 103
core.conformation.Conformation: [ WARNING ] missing heavyatom:  CE2 on residue TYR 103
core.conformation.Conformation: [ WARNING ] missing heavyatom:  CZ  on residue TYR 103
core.conformation.Conformation: [ WARNING ] missing heavyatom:  OH  on residue TYR 103
core.conformation.Conformation: [ WARNING ] missing heavyatom:  CG  on residue LYS 134
core.conformation.Conformation: [ WARNING ] missing heavyatom:  CD  on residue LYS 134
core.conformation.Conformation: [ WARNING ] missing heavyatom:  CE  on residue LYS 134
core.conformation.Conformation: [ WARNING ] missing heavyatom:  NZ  on residue LYS 134
core.conformation.Conformation: [ WARNING ] missing heavyatom:  CG  on residue ASP 141
core.conformation.Conformation: [ WARNING ] missing heavyatom:  OD1 on residue ASP 141
core.conformation.Conformation: [ WARNING ] missing heavyatom:  OD2 on residue ASP 141
core.conformation.Conformation: [ WARNING ] missing heavyatom:  OG1 on residue THR 142
core.conformation.Conformation: [ WARNING ] missing heavyatom:  CG2 on residue THR 142
core.conformation.Conformation: [ WARNING ] missing heavyatom:  OXT on residue PHE_p:CtermProteinFull 180
core.conformation.Conformation: [ WARNING ] missing heavyatom:  CG  on residue LYS 185
core.conformation.Conformation: [ WARNING ] missing heavyatom:  CD  on residue LYS 185
core.conformation.Conformation: [ WARNING ] missing heavyatom:  CE  on residue LYS 185
core.conformation.Conformation: [ WARNING ] missing heavyatom:  NZ  on residue LYS 185
core.conformation.Conformation: [ WARNING ] missing heavyatom:  CB  on residue THR 212
core.conformation.Conformation: [ WARNING ] missing heavyatom:  OG1 on residue THR 212
core.conformation.Conformation: [ WARNING ] missing heavyatom:  CG2 on residue THR 212
core.conformation.Conformation: [ WARNING ] missing heavyatom:  OXT on residue SER_p:CtermProteinFull 372
core.conformation.Conformation: Found disulfide between residues 53 154
core.conformation.Conformation: current variant for 53 CYS
core.conformation.Conformation: current variant for 154 CYS
core.conformation.Conformation: current variant for 53 CYD
core.conformation.Conformation: current variant for 154 CYD
core.conformation.Conformation: Found disulfide between residues 171 178
core.conformation.Conformation: current variant for 171 CYS
core.conformation.Conformation: current variant for 178 CYS
core.conformation.Conformation: current variant for 171 CYD
core.conformation.Conformation: current variant for 178 CYD
core.conformation.Conformation: Found disulfide between residues 186 196
core.conformation.Conformation: current variant for 186 CYS
core.conformation.Conformation: current variant for 196 CYS
core.conformation.Conformation: current variant for 186 CYD
core.conformation.Conformation: current variant for 196 CYD
core.conformation.Conformation: Found disulfide between residues 222 233
core.conformation.Conformation: current variant for 222 CYS
core.conformation.Conformation: current variant for 233 CYS
core.conformation.Conformation: current variant for 222 CYD
core.conformation.Conformation: current variant for 233 CYD
core.conformation.Conformation: Found disulfide between residues 247 261
core.conformation.Conformation: current variant for 247 CYS
core.conformation.Conformation: current variant for 261 CYS
core.conformation.Conformation: current variant for 247 CYD
core.conformation.Conformation: current variant for 261 CYD
core.pack.task: Packer task: initialize from command line() 
core.pack.pack_missing_sidechains: packing residue number 103 because of missing atom number 6 atom name  CG 
core.pack.pack_missing_sidechains: packing residue number 134 because of missing atom number 6 atom name  CG 
core.pack.pack_missing_sidechains: packing residue number 141 because of missing atom number 6 atom name  CG 
core.pack.pack_missing_sidechains: packing residue number 142 because of missing atom number 6 atom name  OG1
core.pack.pack_missing_sidechains: packing residue number 185 because of missing atom number 6 atom name  CG 
core.pack.pack_missing_sidechains: packing residue number 212 because of missing atom number 5 atom name  CB 
core.io.database: Database file opened: /netapp/home/colin/rosetta/rosetta-3.2/rosetta_database/scoring/score_functions/disulfides/fa_SS_distance_score
core.pack.interaction_graph.interaction_graph_factory: Instantiating DensePDInteractionGraph
core.pack.pack_rotamers: built 380 rotamers at 6 positions.
core.pack.pack_rotamers: IG: 4420 bytes
protocols.moves.BackrubMover: Segment lengths: 3-34 atoms
protocols.moves.BackrubMover: Main chain pivot atoms: CA
protocols.moves.BackrubMover: Adding backrub segments for residues 1-372
protocols.moves.BackrubMover: Total Segments Added: 3590
apps.backrub: Score After PDB Load:
apps.backrub: ------------------------------------------------------------
 Scores                       Weight   Raw Score Wghtd.Score
------------------------------------------------------------
 fa_atr                       0.800   -1905.971   -1524.777
 fa_rep                       0.440    1341.947     590.457
 fa_sol                       0.650    1206.444     784.188
 fa_intra_rep                 0.004    1091.139       4.365
 mm_bend                      1.000     534.624     534.624
 pro_close                    1.000      53.006      53.006
 fa_pair                      0.490     -68.275     -33.455
 hbond_sr_bb                  0.585    -136.160     -79.654
 hbond_lr_bb                  1.170     -71.064     -83.144
 hbond_bb_sc                  1.170     -19.749     -23.107
 hbond_sc                     1.100     -20.011     -22.012
 dslf_ss_dst                  0.500     -18.279      -9.139
 dslf_cs_ang                  2.000       0.848       1.695
 dslf_ss_dih                  5.000       0.539       2.696
 dslf_ca_dih                  5.000       0.074       0.369
 rama                         0.200     122.620      24.524
 omega                        0.500     159.815      79.908
 fa_dun                       0.560    1482.151     830.005
 p_aa_pp                      0.320     -55.044     -17.614
 ref                          1.000     -70.540     -70.540
---------------------------------------------------
 Total weighted score:                     1042.394
core.pack.task: Packer task: initialize from command line() 
apps.backrub: Score After Branch Angle Optimization/Side Chain Idealization:
apps.backrub: ------------------------------------------------------------
 Scores                       Weight   Raw Score Wghtd.Score
------------------------------------------------------------
 fa_atr                       0.800   -1909.234   -1527.387
 fa_rep                       0.440    3264.059    1436.186
 fa_sol                       0.650    1216.873     790.967
 fa_intra_rep                 0.004    1392.364       5.569
 mm_bend                      1.000     249.051     249.051
 pro_close                    1.000      53.006      53.006
 fa_pair                      0.490     -68.726     -33.676
 hbond_sr_bb                  0.585    -136.160     -79.654
 hbond_lr_bb                  1.170     -71.064     -83.144
 hbond_bb_sc                  1.170     -19.081     -22.325
 hbond_sc                     1.100     -11.939     -13.133
 dslf_ss_dst                  0.500       3.036       1.518
 dslf_cs_ang                  2.000       5.108      10.217
 dslf_ss_dih                  5.000       0.629       3.144
 dslf_ca_dih                  5.000       0.066       0.331
 rama                         0.200     122.620      24.524
 omega                        0.500     159.815      79.908
 fa_dun                       0.560    1482.151     830.005
 p_aa_pp                      0.320     -55.044     -17.614
 ref                          1.000     -70.540     -70.540
---------------------------------------------------
 Total weighted score:                     1636.951
core.pack.task: Packer task: initialize from command line() 
apps.backrub: Running 10000 trials...
protocols.moves.MonteCarlo:      br_CA_CA_04 trials=    682;  accepts= 0.3798;  energy_drop/trial=  -0.13503
protocols.moves.MonteCarlo:      br_CA_CA_07 trials=    665;  accepts= 0.3188;  energy_drop/trial=  -0.16249
protocols.moves.MonteCarlo:      br_CA_CA_10 trials=    709;  accepts= 0.2920;  energy_drop/trial=  -0.09101
protocols.moves.MonteCarlo:      br_CA_CA_13 trials=    695;  accepts= 0.2576;  energy_drop/trial=  -0.20793
protocols.moves.MonteCarlo:      br_CA_CA_16 trials=    691;  accepts= 0.1954;  energy_drop/trial=  -0.04305
protocols.moves.MonteCarlo:      br_CA_CA_19 trials=    718;  accepts= 0.1936;  energy_drop/trial=  -0.08417
protocols.moves.MonteCarlo:      br_CA_CA_22 trials=    671;  accepts= 0.2131;  energy_drop/trial=  -0.06770
protocols.moves.MonteCarlo:      br_CA_CA_25 trials=    680;  accepts= 0.1691;  energy_drop/trial=  -0.15565
protocols.moves.MonteCarlo:      br_CA_CA_28 trials=    661;  accepts= 0.1967;  energy_drop/trial=  -0.04773
protocols.moves.MonteCarlo:      br_CA_CA_31 trials=    679;  accepts= 0.1753;  energy_drop/trial=  -0.08973
protocols.moves.MonteCarlo:      br_CA_CA_34 trials=    633;  accepts= 0.1706;  energy_drop/trial=  -0.10568
protocols.moves.MonteCarlo:       sc_chi_rot trials=   2269;  accepts= 0.3270;  energy_drop/trial=  -0.27188
protocols.moves.MonteCarlo:      sc_chi_unif trials=    247;  accepts= 0.0283;  energy_drop/trial=  -0.00317
apps.backrub: Last Score:
apps.backrub: ------------------------------------------------------------
 Scores                       Weight   Raw Score Wghtd.Score
------------------------------------------------------------
 fa_atr                       0.800   -1701.503   -1361.202
 fa_rep                       0.440     796.327     350.384
 fa_sol                       0.650    1060.822     689.535
 fa_intra_rep                 0.004    1111.675       4.447
 mm_bend                      1.000     216.455     216.455
 pro_close                    1.000      53.006      53.006
 fa_pair                      0.490     -69.809     -34.206
 hbond_sr_bb                  0.585    -124.402     -72.775
 hbond_lr_bb                  1.170     -61.291     -71.711
 hbond_bb_sc                  1.170     -18.463     -21.601
 hbond_sc                     1.100     -12.278     -13.506
 dslf_ss_dst                  0.500      -1.748      -0.874
 dslf_cs_ang                  2.000       2.571       5.142
 dslf_ss_dih                  5.000       0.680       3.402
 dslf_ca_dih                  5.000       0.081       0.406
 rama                         0.200     111.971      22.394
 omega                        0.500     159.815      79.908
 fa_dun                       0.560     801.917     449.073
 p_aa_pp                      0.320     -57.702     -18.465
 ref                          1.000     -70.540     -70.540
---------------------------------------------------
 Total weighted score:                      209.271
apps.backrub: Low Score:
apps.backrub: ------------------------------------------------------------
 Scores                       Weight   Raw Score Wghtd.Score
------------------------------------------------------------
 fa_atr                       0.800   -1714.797   -1371.838
 fa_rep                       0.440     758.185     333.602
 fa_sol                       0.650    1066.645     693.319
 fa_intra_rep                 0.004    1108.701       4.435
 mm_bend                      1.000     214.288     214.288
 pro_close                    1.000      53.006      53.006
 fa_pair                      0.490     -65.459     -32.075
 hbond_sr_bb                  0.585    -122.889     -71.890
 hbond_lr_bb                  1.170     -62.310     -72.903
 hbond_bb_sc                  1.170     -17.092     -19.997
 hbond_sc                     1.100     -12.010     -13.211
 dslf_ss_dst                  0.500     -16.222      -8.111
 dslf_cs_ang                  2.000       3.874       7.747
 dslf_ss_dih                  5.000       0.823       4.117
 dslf_ca_dih                  5.000       0.086       0.432
 rama                         0.200     111.934      22.387
 omega                        0.500     159.815      79.908
 fa_dun                       0.560     824.621     461.788
 p_aa_pp                      0.320     -56.771     -18.167
 ref                          1.000     -70.540     -70.540
---------------------------------------------------
 Total weighted score:                      196.296
