core.chemical.GlobalResidueTypeSet: Finished initializing fa_standard residue type set.  Created 544 residue types
core.chemical.GlobalResidueTypeSet: Total time to initialize 0.598464 seconds.
core.import_pose.import_pose: File 'min8.min7_0001.pdb' automatically determined to be of type PDB
core.import_pose.import_pose: There appears to be a strand boundary at 129 so adding to cutpoint_in_full_model.
core.import_pose.import_pose: There appears to be a strand boundary at 258 so adding to cutpoint_in_full_model.
core.scoring.ScoreFunctionFactory: SCOREFUNCTION: rnp_ddg
core.scoring.etable: Starting energy table calculation
core.scoring.etable: smooth_etable: changing atr/rep split to bottom of energy well
core.scoring.etable: smooth_etable: spline smoothing lj etables (maxdis = 6)
core.scoring.etable: smooth_etable: spline smoothing solvation etables (max_dis = 6)
core.scoring.etable: Finished calculating energy tables.
basic.io.database: Database file opened: scoring/score_functions/hbonds/sp2_elec_params/HBPoly1D.csv
basic.io.database: Database file opened: scoring/score_functions/hbonds/sp2_elec_params/HBFadeIntervals.csv
basic.io.database: Database file opened: scoring/score_functions/hbonds/sp2_elec_params/HBEval.csv
basic.io.database: Database file opened: scoring/score_functions/rama/Rama_smooth_dyn.dat_ss_6.4
basic.io.database: Database file opened: scoring/score_functions/P_AA_pp/P_AA
basic.io.database: Database file opened: scoring/score_functions/P_AA_pp/P_AA_n
basic.io.database: Database file opened: scoring/score_functions/P_AA_pp/P_AA_pp
core.scoring: 
------------------------------------------------------------
 Scores                       Weight   Raw Score Wghtd.Score
------------------------------------------------------------
 fa_atr                       1.000   -1457.875   -1457.875
 fa_rep                       0.550     338.341     186.088
 fa_intra_rep                 0.005     845.668       4.228
 lk_nonpolar                  0.275    -151.756     -41.733
 fa_elec                      0.875    -176.560    -154.490
 fa_elec_rna_phos_phos        1.870       0.697       1.304
 pro_close                    1.250       1.188       1.485
 rna_torsion                  1.100       9.323      10.255
 suiteness_bonus              1.100      -8.236      -9.060
 rna_sugar_close              0.902       1.659       1.497
 fa_stack                     0.143    -160.707     -22.981
 fa_stack_rna_protein         0.100     -24.113      -2.411
 stack_elec                   0.836      -2.820      -2.357
 geom_sol_fast                0.500     426.822     213.411
 hbond_sr_bb                  1.170     -35.222     -41.209
 hbond_lr_bb                  1.170     -56.975     -66.660
 hbond_bb_sc                  1.170     -42.961     -50.265
 hbond_sc                     1.100     -42.439     -46.683
 dslf_fa13                    1.250       0.000       0.000
 rama                         0.250     -87.005     -21.751
 omega                        0.625      36.692      22.933
 fa_dun                       0.700     392.550     274.785
 p_aa_pp                      0.400    -123.551     -49.420
 yhh_planarity                0.625       0.276       0.173
 ref                          1.000     250.340     250.340
 linear_chainbreak            5.500       0.000       0.000
---------------------------------------------------
 Total weighted score:                    -1000.398
apps.public.rnp_ddg.rnp_ddg: Just running the wildtype structure...
apps.public.rnp_ddg.rnp_ddg: Doing extra minimization and packing for the wildtype structure
core.scoring: 
------------------------------------------------------------
 Scores                       Weight   Raw Score Wghtd.Score
------------------------------------------------------------
 fa_atr                       1.000   -1457.875   -1457.875
 fa_rep                       0.550     338.341     186.088
 fa_intra_rep                 0.005     845.668       4.228
 lk_nonpolar                  0.275    -151.756     -41.733
 fa_elec                      0.875    -176.560    -154.490
 fa_elec_rna_phos_phos        1.870       0.697       1.304
 pro_close                    1.250       1.188       1.485
 rna_torsion                  1.100       9.323      10.255
 suiteness_bonus              1.100      -8.236      -9.060
 rna_sugar_close              0.902       1.659       1.497
 fa_stack                     0.143    -160.707     -22.981
 fa_stack_rna_protein         0.100     -24.113      -2.411
 stack_elec                   0.836      -2.820      -2.357
 geom_sol_fast                0.500     426.822     213.411
 hbond_sr_bb                  1.170     -35.222     -41.209
 hbond_lr_bb                  1.170     -56.975     -66.660
 hbond_bb_sc                  1.170     -42.961     -50.265
 hbond_sc                     1.100     -42.439     -46.683
 dslf_fa13                    1.250       0.000       0.000
 rama                         0.250     -87.005     -21.751
 omega                        0.625      36.692      22.933
 fa_dun                       0.700     392.550     274.785
 p_aa_pp                      0.400    -123.551     -49.420
 yhh_planarity                0.625       0.276       0.173
 ref                          1.000     250.340     250.340
 linear_chainbreak            5.500       0.000       0.000
---------------------------------------------------
 Total weighted score:                    -1000.398
apps.public.rnp_ddg.rnp_ddg: Doing minimization...
core.optimization.LineMinimizer: [ ERROR ] Inaccurate G! step= 3.8147e-08 Deriv= -408.711 Finite Diff= 291.143
apps.public.rnp_ddg.rnp_ddg: Finished minimization!
core.scoring: 
------------------------------------------------------------
 Scores                       Weight   Raw Score Wghtd.Score
------------------------------------------------------------
 fa_atr                       1.000   -1457.875   -1457.875
 fa_rep                       0.550     338.341     186.088
 fa_intra_rep                 0.005     845.668       4.228
 lk_nonpolar                  0.275    -151.756     -41.733
 fa_elec                      0.875    -176.560    -154.490
 fa_elec_rna_phos_phos        1.870       0.697       1.304
 pro_close                    1.250       1.188       1.485
 rna_torsion                  1.100       9.323      10.255
 suiteness_bonus              1.100      -8.236      -9.060
 rna_sugar_close              0.902       1.659       1.497
 fa_stack                     0.143    -160.707     -22.981
 fa_stack_rna_protein         0.100     -24.113      -2.411
 stack_elec                   0.836      -2.820      -2.357
 geom_sol_fast                0.500     426.822     213.411
 hbond_sr_bb                  1.170     -35.222     -41.209
 hbond_lr_bb                  1.170     -56.975     -66.660
 hbond_bb_sc                  1.170     -42.961     -50.265
 hbond_sc                     1.100     -42.439     -46.683
 dslf_fa13                    1.250       0.000       0.000
 rama                         0.250     -87.005     -21.751
 omega                        0.625      36.692      22.933
 fa_dun                       0.700     392.550     274.785
 p_aa_pp                      0.400    -123.551     -49.420
 yhh_planarity                0.625       0.276       0.173
 ref                          1.000     250.340     250.340
 linear_chainbreak            5.500       0.000       0.000
---------------------------------------------------
 Total weighted score:                    -1000.398
apps.public.rnp_ddg.rnp_ddg: Doing packing...
core.pack.pack_rotamers: built 11335 rotamers at 271 positions.
core.pack.interaction_graph.interaction_graph_factory: Instantiating DensePDInteractionGraph
core.pack.interaction_graph.interaction_graph_factory: IG: 20279604 bytes
apps.public.rnp_ddg.rnp_ddg: Finished packing!
core.scoring: 
------------------------------------------------------------
 Scores                       Weight   Raw Score Wghtd.Score
------------------------------------------------------------
 fa_atr                       1.000   -1457.904   -1457.904
 fa_rep                       0.550     337.915     185.853
 fa_intra_rep                 0.005     846.554       4.233
 lk_nonpolar                  0.275    -151.757     -41.733
 fa_elec                      0.875    -176.573    -154.502
 fa_elec_rna_phos_phos        1.870       0.697       1.304
 pro_close                    1.250       1.188       1.485
 rna_torsion                  1.100       9.329      10.262
 suiteness_bonus              1.100      -8.236      -9.060
 rna_sugar_close              0.902       1.675       1.510
 fa_stack                     0.143    -160.602     -22.966
 fa_stack_rna_protein         0.100     -24.086      -2.409
 stack_elec                   0.836      -2.783      -2.326
 geom_sol_fast                0.500     426.892     213.446
 hbond_sr_bb                  1.170     -35.222     -41.209
 hbond_lr_bb                  1.170     -56.975     -66.660
 hbond_bb_sc                  1.170     -42.961     -50.265
 hbond_sc                     1.100     -42.210     -46.431
 dslf_fa13                    1.250       0.000       0.000
 rama                         0.250     -87.005     -21.751
 omega                        0.625      36.692      22.933
 fa_dun                       0.700     393.004     275.103
 p_aa_pp                      0.400    -123.551     -49.420
 yhh_planarity                0.625       0.276       0.173
 ref                          1.000     250.340     250.340
 linear_chainbreak            5.500       0.000       0.000
---------------------------------------------------
 Total weighted score:                     -999.995
apps.public.rnp_ddg.rnp_ddg: Doing minimization...
core.optimization.LineMinimizer: [ ERROR ] Inaccurate G! step= 3.8147e-08 Deriv= -404.081 Finite Diff= 278.939
apps.public.rnp_ddg.rnp_ddg: Finished minimization!
core.scoring: 
------------------------------------------------------------
 Scores                       Weight   Raw Score Wghtd.Score
------------------------------------------------------------
 fa_atr                       1.000   -1457.904   -1457.904
 fa_rep                       0.550     337.915     185.853
 fa_intra_rep                 0.005     846.554       4.233
 lk_nonpolar                  0.275    -151.757     -41.733
 fa_elec                      0.875    -176.573    -154.502
 fa_elec_rna_phos_phos        1.870       0.697       1.304
 pro_close                    1.250       1.188       1.485
 rna_torsion                  1.100       9.329      10.262
 suiteness_bonus              1.100      -8.236      -9.060
 rna_sugar_close              0.902       1.675       1.510
 fa_stack                     0.143    -160.602     -22.966
 fa_stack_rna_protein         0.100     -24.086      -2.409
 stack_elec                   0.836      -2.783      -2.326
 geom_sol_fast                0.500     426.892     213.446
 hbond_sr_bb                  1.170     -35.222     -41.209
 hbond_lr_bb                  1.170     -56.975     -66.660
 hbond_bb_sc                  1.170     -42.961     -50.265
 hbond_sc                     1.100     -42.210     -46.431
 dslf_fa13                    1.250       0.000       0.000
 rama                         0.250     -87.005     -21.751
 omega                        0.625      36.692      22.933
 fa_dun                       0.700     393.004     275.103
 p_aa_pp                      0.400    -123.551     -49.420
 yhh_planarity                0.625       0.276       0.173
 ref                          1.000     250.340     250.340
 linear_chainbreak            5.500       0.000       0.000
---------------------------------------------------
 Total weighted score:                     -999.995
apps.public.rnp_ddg.rnp_ddg: Score of the complex: -999.995
protocols.moves.RigidBodyMover: Translate: Jump (before): RT 0.716698 0.62985 0.299388 -0.695462 0.677353 0.239844 -0.0517258 -0.380109 0.923494 16 14.4032 23.4766  
protocols.moves.RigidBodyMover: Translate: Jump (after):  RT 0.716698 0.62985 0.299388 -0.695462 0.677353 0.239844 -0.0517258 -0.380109 0.923494 -354.149 -52.8421 950.012  
apps.public.rnp_ddg.rnp_ddg: Interaction energy of complex: -82.8097
apps.public.rnp_ddg.rnp_ddg: Score of the unbound: 0
apps.public.rnp_ddg.rnp_ddg: ddG_bind is: -999.995
