core.init: Rosetta version exported  from http://www.rosettacommons.org
core.init: command: /dors/meilerlab/apps/rosetta/rosetta_2015.31.58019/main/source/bin/rosetta_scripts.default.linuxgccrelease @repack.options -s 3gbn_Ab_fixed.pdb -parser:protocol repack.xml -database /dors/meilerlab/apps/rosetta/rosetta_2015.31.58019/main/database/ -nstruct 25
core.init: 'RNG device' seed mode, using '/dev/urandom', seed=-401787127 seed_offset=0 real_seed=-401787127
core.init.random: RandomGenerator:init: Normal mode, seed=-401787127 RG_type=mt19937
protocols.jd2.PDBJobInputter: Instantiate PDBJobInputter
protocols.jd2.PDBJobInputter: PDBJobInputter::fill_jobs
protocols.jd2.PDBJobInputter: pushed 3gbn_Ab_fixed.pdb nstruct indices 1 - 25
protocols.evaluation.ChiWellRmsdEvaluatorCreator: Evaluation Creator active ... 
protocols.jd2.JobDistributor: Parser is present.  Input mover will be overwritten with whatever the parser creates.
protocols.jd2.PDBJobInputter: PDBJobInputter::pose_from_job
protocols.jd2.PDBJobInputter: filling pose from PDB 3gbn_Ab_fixed.pdb
core.chemical.ResidueTypeSet: Finished initializing fa_standard residue type set.  Created 801 residue types
core.chemical.ResidueTypeSet: Total time to initialize 0.14 seconds.
core.conformation.Conformation: Found disulfide between residues 22 96
core.conformation.Conformation: current variant for 22 CYS
core.conformation.Conformation: current variant for 96 CYS
core.conformation.Conformation: current variant for 22 CYD
core.conformation.Conformation: current variant for 96 CYD
core.conformation.Conformation: Found disulfide between residues 140 207
core.conformation.Conformation: current variant for 140 CYS
core.conformation.Conformation: current variant for 207 CYS
core.conformation.Conformation: current variant for 140 CYD
core.conformation.Conformation: current variant for 207 CYD
core.pack.task: Packer task: initialize from command line() 
protocols.rosetta_scripts.RosettaScriptsParser: dock_design_filename=repack.xml
protocols.rosetta_scripts.RosettaScriptsParser: Parsed script:
<ROSETTASCRIPTS>
	<SCOREFXNS/>
	<TASKOPERATIONS>
		<InitializeFromCommandline name=ifcl/>
		<RestrictToRepacking name=rtr/>
	</TASKOPERATIONS>
	<FILTERS/>
	<MOVERS>
		<PackRotamersMover name=repack scorefxn=talaris2013 task_operations=ifcl,rtr/>
		<MinMover bb=0 chi=1 jump=0 name=minimize_sc scorefxn=talaris2013 tolerance=0.0001 type=dfpmin_armijo_nonmonotone/>
	</MOVERS>
	<APPLY_TO_POSE/>
	<PROTOCOLS>
		<Add mover=repack/>
		<Add mover=minimize_sc/>
	</PROTOCOLS>
</ROSETTASCRIPTS>
core.scoring.ScoreFunctionFactory: SCOREFUNCTION: talaris2013.wts
core.scoring.etable: Starting energy table calculation
core.scoring.etable: smooth_etable: changing atr/rep split to bottom of energy well
core.scoring.etable: smooth_etable: spline smoothing lj etables (maxdis = 6)
core.scoring.etable: smooth_etable: spline smoothing solvation etables (max_dis = 6)
core.scoring.etable: Finished calculating energy tables.
basic.io.database: Database file opened: scoring/score_functions/hbonds/sp2_elec_params/HBPoly1D.csv
basic.io.database: Database file opened: scoring/score_functions/hbonds/sp2_elec_params/HBFadeIntervals.csv
basic.io.database: Database file opened: scoring/score_functions/hbonds/sp2_elec_params/HBEval.csv
basic.io.database: Database file opened: scoring/score_functions/rama/Rama_smooth_dyn.dat_ss_6.4
basic.io.database: Database file opened: scoring/score_functions/P_AA_pp/P_AA
basic.io.database: Database file opened: scoring/score_functions/P_AA_pp/P_AA_n
basic.io.database: Database file opened: scoring/score_functions/P_AA_pp/P_AA_pp
basic.io.database: Database file opened: scoring/score_functions/PairEPotential/pdb_pair_stats_fine
core.scoring.etable: Using alternate parameters: LJ_RADIUS_SOFT in Etable construction.
core.scoring.etable: Starting energy table calculation
core.scoring.etable: smooth_etable: changing atr/rep split to bottom of energy well
core.scoring.etable: smooth_etable: spline smoothing lj etables (maxdis = 6)
core.scoring.etable: smooth_etable: spline smoothing solvation etables (max_dis = 6)
core.scoring.etable: Finished calculating energy tables.
basic.io.database: Database file opened: scoring/score_functions/InterchainPotential/interchain_env_log.txt
basic.io.database: Database file opened: scoring/score_functions/InterchainPotential/interchain_pair_log.txt
basic.io.database: Database file opened: scoring/score_functions/EnvPairPotential/env_log.txt
basic.io.database: Database file opened: scoring/score_functions/EnvPairPotential/cbeta_den.txt
basic.io.database: Database file opened: scoring/score_functions/EnvPairPotential/pair_log.txt
basic.io.database: Database file opened: scoring/score_functions/EnvPairPotential/cenpack_log.txt
protocols.jd2.parser.TaskOperationLoader: Defined TaskOperation named "ifcl" of type InitializeFromCommandline
protocols.jd2.parser.TaskOperationLoader: Defined TaskOperation named "rtr" of type RestrictToRepacking
protocols.RosettaScripts.util: Object repack reading the following task_operations: Adding the following task operations
ifcl rtr 
protocols.rosetta_scripts.RosettaScriptsParser: Defined mover named "repack" of type PackRotamersMover
protocols.simple_moves.MinMover: Options chi, bb: 1, 0 omega: 1
protocols.rosetta_scripts.RosettaScriptsParser: Defined mover named "minimize_sc" of type MinMover
protocols.rosetta_scripts.ParsedProtocol: ParsedProtocol mover with the following movers and filters
protocols.rosetta_scripts.ParsedProtocol: added mover "repack" with filter "true_filter"
protocols.rosetta_scripts.ParsedProtocol: added mover "minimize_sc" with filter "true_filter"
protocols.jd2.PDBJobInputter: PDBJobInputter::pose_from_job
protocols.jd2.PDBJobInputter: filling pose from saved copy 3gbn_Ab_fixed.pdb
protocols.rosetta_scripts.ParsedProtocol: =======================BEGIN MOVER PackRotamersMover - repack=======================
core.pack.task: Packer task: initialize from command line() 
core.pack.dunbrack.RotamerLibrary: Dunbrack 2010 library took 0.1 seconds to load from binary
core.pack.interaction_graph.interaction_graph_factory: Instantiating LinearMemoryInteractionGraph
core.pack.pack_rotamers: built 9609 rotamers at 227 positions.
core.pack.pack_rotamers: IG: 9496444 bytes
protocols.rosetta_scripts.ParsedProtocol: =======================BEGIN FILTER =======================
protocols.rosetta_scripts.ParsedProtocol: =======================END FILTER =======================
protocols.rosetta_scripts.ParsedProtocol: =======================BEGIN MOVER MinMover - minimize_sc=======================
protocols.rosetta_scripts.ParsedProtocol: =======================BEGIN FILTER =======================
protocols.rosetta_scripts.ParsedProtocol: =======================END FILTER =======================
protocols.rosetta_scripts.ParsedProtocol: setting status to success
protocols.rosetta_scripts.ParsedProtocol.REPORT: ============Begin report for ==================
protocols.rosetta_scripts.ParsedProtocol.REPORT: ============End report for ==================
protocols.rosetta_scripts.ParsedProtocol.REPORT: ============Begin report for ==================
protocols.rosetta_scripts.ParsedProtocol.REPORT: ============End report for ==================
protocols.jd2.JobDistributor: 3gbn_Ab_fixed_0001 reported success in 62 seconds
protocols.jd2.PDBJobInputter: PDBJobInputter::pose_from_job
protocols.jd2.PDBJobInputter: filling pose from saved copy 3gbn_Ab_fixed.pdb
protocols.jd2.PDBJobInputter: PDBJobInputter::pose_from_job
protocols.jd2.PDBJobInputter: filling pose from saved copy 3gbn_Ab_fixed.pdb
protocols.rosetta_scripts.ParsedProtocol: =======================BEGIN MOVER PackRotamersMover - repack=======================
core.pack.task: Packer task: initialize from command line() 
core.pack.interaction_graph.interaction_graph_factory: Instantiating LinearMemoryInteractionGraph
core.pack.pack_rotamers: built 9609 rotamers at 227 positions.
core.pack.pack_rotamers: IG: 9496444 bytes
protocols.rosetta_scripts.ParsedProtocol: =======================BEGIN FILTER =======================
protocols.rosetta_scripts.ParsedProtocol: =======================END FILTER =======================
protocols.rosetta_scripts.ParsedProtocol: =======================BEGIN MOVER MinMover - minimize_sc=======================
protocols.rosetta_scripts.ParsedProtocol: =======================BEGIN FILTER =======================
protocols.rosetta_scripts.ParsedProtocol: =======================END FILTER =======================
protocols.rosetta_scripts.ParsedProtocol: setting status to success
protocols.rosetta_scripts.ParsedProtocol.REPORT: ============Begin report for ==================
protocols.rosetta_scripts.ParsedProtocol.REPORT: ============End report for ==================
protocols.rosetta_scripts.ParsedProtocol.REPORT: ============Begin report for ==================
protocols.rosetta_scripts.ParsedProtocol.REPORT: ============End report for ==================
protocols.jd2.JobDistributor: 3gbn_Ab_fixed_0002 reported success in 62 seconds
protocols.jd2.PDBJobInputter: PDBJobInputter::pose_from_job
protocols.jd2.PDBJobInputter: filling pose from saved copy 3gbn_Ab_fixed.pdb
protocols.jd2.PDBJobInputter: PDBJobInputter::pose_from_job
protocols.jd2.PDBJobInputter: filling pose from saved copy 3gbn_Ab_fixed.pdb
protocols.rosetta_scripts.ParsedProtocol: =======================BEGIN MOVER PackRotamersMover - repack=======================
core.pack.task: Packer task: initialize from command line() 
core.pack.interaction_graph.interaction_graph_factory: Instantiating LinearMemoryInteractionGraph
core.pack.pack_rotamers: built 9609 rotamers at 227 positions.
core.pack.pack_rotamers: IG: 9496444 bytes
protocols.rosetta_scripts.ParsedProtocol: =======================BEGIN FILTER =======================
protocols.rosetta_scripts.ParsedProtocol: =======================END FILTER =======================
protocols.rosetta_scripts.ParsedProtocol: =======================BEGIN MOVER MinMover - minimize_sc=======================
protocols.rosetta_scripts.ParsedProtocol: =======================BEGIN FILTER =======================
protocols.rosetta_scripts.ParsedProtocol: =======================END FILTER =======================
protocols.rosetta_scripts.ParsedProtocol: setting status to success
protocols.rosetta_scripts.ParsedProtocol.REPORT: ============Begin report for ==================
protocols.rosetta_scripts.ParsedProtocol.REPORT: ============End report for ==================
protocols.rosetta_scripts.ParsedProtocol.REPORT: ============Begin report for ==================
protocols.rosetta_scripts.ParsedProtocol.REPORT: ============End report for ==================
protocols.jd2.JobDistributor: 3gbn_Ab_fixed_0003 reported success in 61 seconds
protocols.jd2.PDBJobInputter: PDBJobInputter::pose_from_job
protocols.jd2.PDBJobInputter: filling pose from saved copy 3gbn_Ab_fixed.pdb
protocols.jd2.PDBJobInputter: PDBJobInputter::pose_from_job
protocols.jd2.PDBJobInputter: filling pose from saved copy 3gbn_Ab_fixed.pdb
protocols.rosetta_scripts.ParsedProtocol: =======================BEGIN MOVER PackRotamersMover - repack=======================
core.pack.task: Packer task: initialize from command line() 
core.pack.interaction_graph.interaction_graph_factory: Instantiating LinearMemoryInteractionGraph
core.pack.pack_rotamers: built 9609 rotamers at 227 positions.
core.pack.pack_rotamers: IG: 9496444 bytes
protocols.rosetta_scripts.ParsedProtocol: =======================BEGIN FILTER =======================
protocols.rosetta_scripts.ParsedProtocol: =======================END FILTER =======================
protocols.rosetta_scripts.ParsedProtocol: =======================BEGIN MOVER MinMover - minimize_sc=======================
protocols.rosetta_scripts.ParsedProtocol: =======================BEGIN FILTER =======================
protocols.rosetta_scripts.ParsedProtocol: =======================END FILTER =======================
protocols.rosetta_scripts.ParsedProtocol: setting status to success
protocols.rosetta_scripts.ParsedProtocol.REPORT: ============Begin report for ==================
protocols.rosetta_scripts.ParsedProtocol.REPORT: ============End report for ==================
protocols.rosetta_scripts.ParsedProtocol.REPORT: ============Begin report for ==================
protocols.rosetta_scripts.ParsedProtocol.REPORT: ============End report for ==================
protocols.jd2.JobDistributor: 3gbn_Ab_fixed_0004 reported success in 61 seconds
protocols.jd2.PDBJobInputter: PDBJobInputter::pose_from_job
protocols.jd2.PDBJobInputter: filling pose from saved copy 3gbn_Ab_fixed.pdb
protocols.jd2.PDBJobInputter: PDBJobInputter::pose_from_job
protocols.jd2.PDBJobInputter: filling pose from saved copy 3gbn_Ab_fixed.pdb
protocols.rosetta_scripts.ParsedProtocol: =======================BEGIN MOVER PackRotamersMover - repack=======================
core.pack.task: Packer task: initialize from command line() 
core.pack.interaction_graph.interaction_graph_factory: Instantiating LinearMemoryInteractionGraph
core.pack.pack_rotamers: built 9609 rotamers at 227 positions.
core.pack.pack_rotamers: IG: 9496444 bytes
protocols.rosetta_scripts.ParsedProtocol: =======================BEGIN FILTER =======================
protocols.rosetta_scripts.ParsedProtocol: =======================END FILTER =======================
protocols.rosetta_scripts.ParsedProtocol: =======================BEGIN MOVER MinMover - minimize_sc=======================
protocols.rosetta_scripts.ParsedProtocol: =======================BEGIN FILTER =======================
protocols.rosetta_scripts.ParsedProtocol: =======================END FILTER =======================
protocols.rosetta_scripts.ParsedProtocol: setting status to success
protocols.rosetta_scripts.ParsedProtocol.REPORT: ============Begin report for ==================
protocols.rosetta_scripts.ParsedProtocol.REPORT: ============End report for ==================
protocols.rosetta_scripts.ParsedProtocol.REPORT: ============Begin report for ==================
protocols.rosetta_scripts.ParsedProtocol.REPORT: ============End report for ==================
protocols.jd2.JobDistributor: 3gbn_Ab_fixed_0005 reported success in 62 seconds
protocols.jd2.PDBJobInputter: PDBJobInputter::pose_from_job
protocols.jd2.PDBJobInputter: filling pose from saved copy 3gbn_Ab_fixed.pdb
protocols.jd2.PDBJobInputter: PDBJobInputter::pose_from_job
protocols.jd2.PDBJobInputter: filling pose from saved copy 3gbn_Ab_fixed.pdb
protocols.rosetta_scripts.ParsedProtocol: =======================BEGIN MOVER PackRotamersMover - repack=======================
core.pack.task: Packer task: initialize from command line() 
core.pack.interaction_graph.interaction_graph_factory: Instantiating LinearMemoryInteractionGraph
core.pack.pack_rotamers: built 9609 rotamers at 227 positions.
core.pack.pack_rotamers: IG: 9496444 bytes
protocols.rosetta_scripts.ParsedProtocol: =======================BEGIN FILTER =======================
protocols.rosetta_scripts.ParsedProtocol: =======================END FILTER =======================
protocols.rosetta_scripts.ParsedProtocol: =======================BEGIN MOVER MinMover - minimize_sc=======================
protocols.rosetta_scripts.ParsedProtocol: =======================BEGIN FILTER =======================
protocols.rosetta_scripts.ParsedProtocol: =======================END FILTER =======================
protocols.rosetta_scripts.ParsedProtocol: setting status to success
protocols.rosetta_scripts.ParsedProtocol.REPORT: ============Begin report for ==================
protocols.rosetta_scripts.ParsedProtocol.REPORT: ============End report for ==================
protocols.rosetta_scripts.ParsedProtocol.REPORT: ============Begin report for ==================
protocols.rosetta_scripts.ParsedProtocol.REPORT: ============End report for ==================
protocols.jd2.JobDistributor: 3gbn_Ab_fixed_0006 reported success in 60 seconds
protocols.jd2.PDBJobInputter: PDBJobInputter::pose_from_job
protocols.jd2.PDBJobInputter: filling pose from saved copy 3gbn_Ab_fixed.pdb
protocols.jd2.PDBJobInputter: PDBJobInputter::pose_from_job
protocols.jd2.PDBJobInputter: filling pose from saved copy 3gbn_Ab_fixed.pdb
protocols.rosetta_scripts.ParsedProtocol: =======================BEGIN MOVER PackRotamersMover - repack=======================
core.pack.task: Packer task: initialize from command line() 
core.pack.interaction_graph.interaction_graph_factory: Instantiating LinearMemoryInteractionGraph
core.pack.pack_rotamers: built 9609 rotamers at 227 positions.
core.pack.pack_rotamers: IG: 9496444 bytes
protocols.rosetta_scripts.ParsedProtocol: =======================BEGIN FILTER =======================
protocols.rosetta_scripts.ParsedProtocol: =======================END FILTER =======================
protocols.rosetta_scripts.ParsedProtocol: =======================BEGIN MOVER MinMover - minimize_sc=======================
protocols.rosetta_scripts.ParsedProtocol: =======================BEGIN FILTER =======================
protocols.rosetta_scripts.ParsedProtocol: =======================END FILTER =======================
protocols.rosetta_scripts.ParsedProtocol: setting status to success
protocols.rosetta_scripts.ParsedProtocol.REPORT: ============Begin report for ==================
protocols.rosetta_scripts.ParsedProtocol.REPORT: ============End report for ==================
protocols.rosetta_scripts.ParsedProtocol.REPORT: ============Begin report for ==================
protocols.rosetta_scripts.ParsedProtocol.REPORT: ============End report for ==================
protocols.jd2.JobDistributor: 3gbn_Ab_fixed_0007 reported success in 61 seconds
protocols.jd2.PDBJobInputter: PDBJobInputter::pose_from_job
protocols.jd2.PDBJobInputter: filling pose from saved copy 3gbn_Ab_fixed.pdb
protocols.jd2.PDBJobInputter: PDBJobInputter::pose_from_job
protocols.jd2.PDBJobInputter: filling pose from saved copy 3gbn_Ab_fixed.pdb
protocols.rosetta_scripts.ParsedProtocol: =======================BEGIN MOVER PackRotamersMover - repack=======================
core.pack.task: Packer task: initialize from command line() 
core.pack.interaction_graph.interaction_graph_factory: Instantiating LinearMemoryInteractionGraph
core.pack.pack_rotamers: built 9609 rotamers at 227 positions.
core.pack.pack_rotamers: IG: 9496444 bytes
protocols.rosetta_scripts.ParsedProtocol: =======================BEGIN FILTER =======================
protocols.rosetta_scripts.ParsedProtocol: =======================END FILTER =======================
protocols.rosetta_scripts.ParsedProtocol: =======================BEGIN MOVER MinMover - minimize_sc=======================
protocols.rosetta_scripts.ParsedProtocol: =======================BEGIN FILTER =======================
protocols.rosetta_scripts.ParsedProtocol: =======================END FILTER =======================
protocols.rosetta_scripts.ParsedProtocol: setting status to success
protocols.rosetta_scripts.ParsedProtocol.REPORT: ============Begin report for ==================
protocols.rosetta_scripts.ParsedProtocol.REPORT: ============End report for ==================
protocols.rosetta_scripts.ParsedProtocol.REPORT: ============Begin report for ==================
protocols.rosetta_scripts.ParsedProtocol.REPORT: ============End report for ==================
protocols.jd2.JobDistributor: 3gbn_Ab_fixed_0008 reported success in 62 seconds
protocols.jd2.PDBJobInputter: PDBJobInputter::pose_from_job
protocols.jd2.PDBJobInputter: filling pose from saved copy 3gbn_Ab_fixed.pdb
protocols.jd2.PDBJobInputter: PDBJobInputter::pose_from_job
protocols.jd2.PDBJobInputter: filling pose from saved copy 3gbn_Ab_fixed.pdb
protocols.rosetta_scripts.ParsedProtocol: =======================BEGIN MOVER PackRotamersMover - repack=======================
core.pack.task: Packer task: initialize from command line() 
core.pack.interaction_graph.interaction_graph_factory: Instantiating LinearMemoryInteractionGraph
core.pack.pack_rotamers: built 9609 rotamers at 227 positions.
core.pack.pack_rotamers: IG: 9496444 bytes
protocols.rosetta_scripts.ParsedProtocol: =======================BEGIN FILTER =======================
protocols.rosetta_scripts.ParsedProtocol: =======================END FILTER =======================
protocols.rosetta_scripts.ParsedProtocol: =======================BEGIN MOVER MinMover - minimize_sc=======================
protocols.rosetta_scripts.ParsedProtocol: =======================BEGIN FILTER =======================
protocols.rosetta_scripts.ParsedProtocol: =======================END FILTER =======================
protocols.rosetta_scripts.ParsedProtocol: setting status to success
protocols.rosetta_scripts.ParsedProtocol.REPORT: ============Begin report for ==================
protocols.rosetta_scripts.ParsedProtocol.REPORT: ============End report for ==================
protocols.rosetta_scripts.ParsedProtocol.REPORT: ============Begin report for ==================
protocols.rosetta_scripts.ParsedProtocol.REPORT: ============End report for ==================
protocols.jd2.JobDistributor: 3gbn_Ab_fixed_0009 reported success in 62 seconds
protocols.jd2.PDBJobInputter: PDBJobInputter::pose_from_job
protocols.jd2.PDBJobInputter: filling pose from saved copy 3gbn_Ab_fixed.pdb
protocols.jd2.PDBJobInputter: PDBJobInputter::pose_from_job
protocols.jd2.PDBJobInputter: filling pose from saved copy 3gbn_Ab_fixed.pdb
protocols.rosetta_scripts.ParsedProtocol: =======================BEGIN MOVER PackRotamersMover - repack=======================
core.pack.task: Packer task: initialize from command line() 
core.pack.interaction_graph.interaction_graph_factory: Instantiating LinearMemoryInteractionGraph
core.pack.pack_rotamers: built 9609 rotamers at 227 positions.
core.pack.pack_rotamers: IG: 9496444 bytes
protocols.rosetta_scripts.ParsedProtocol: =======================BEGIN FILTER =======================
protocols.rosetta_scripts.ParsedProtocol: =======================END FILTER =======================
protocols.rosetta_scripts.ParsedProtocol: =======================BEGIN MOVER MinMover - minimize_sc=======================
protocols.rosetta_scripts.ParsedProtocol: =======================BEGIN FILTER =======================
protocols.rosetta_scripts.ParsedProtocol: =======================END FILTER =======================
protocols.rosetta_scripts.ParsedProtocol: setting status to success
protocols.rosetta_scripts.ParsedProtocol.REPORT: ============Begin report for ==================
protocols.rosetta_scripts.ParsedProtocol.REPORT: ============End report for ==================
protocols.rosetta_scripts.ParsedProtocol.REPORT: ============Begin report for ==================
protocols.rosetta_scripts.ParsedProtocol.REPORT: ============End report for ==================
protocols.jd2.JobDistributor: 3gbn_Ab_fixed_0010 reported success in 62 seconds
protocols.jd2.PDBJobInputter: PDBJobInputter::pose_from_job
protocols.jd2.PDBJobInputter: filling pose from saved copy 3gbn_Ab_fixed.pdb
protocols.jd2.PDBJobInputter: PDBJobInputter::pose_from_job
protocols.jd2.PDBJobInputter: filling pose from saved copy 3gbn_Ab_fixed.pdb
protocols.rosetta_scripts.ParsedProtocol: =======================BEGIN MOVER PackRotamersMover - repack=======================
core.pack.task: Packer task: initialize from command line() 
core.pack.interaction_graph.interaction_graph_factory: Instantiating LinearMemoryInteractionGraph
core.pack.pack_rotamers: built 9609 rotamers at 227 positions.
core.pack.pack_rotamers: IG: 9496444 bytes
protocols.rosetta_scripts.ParsedProtocol: =======================BEGIN FILTER =======================
protocols.rosetta_scripts.ParsedProtocol: =======================END FILTER =======================
protocols.rosetta_scripts.ParsedProtocol: =======================BEGIN MOVER MinMover - minimize_sc=======================
protocols.rosetta_scripts.ParsedProtocol: =======================BEGIN FILTER =======================
protocols.rosetta_scripts.ParsedProtocol: =======================END FILTER =======================
protocols.rosetta_scripts.ParsedProtocol: setting status to success
protocols.rosetta_scripts.ParsedProtocol.REPORT: ============Begin report for ==================
protocols.rosetta_scripts.ParsedProtocol.REPORT: ============End report for ==================
protocols.rosetta_scripts.ParsedProtocol.REPORT: ============Begin report for ==================
protocols.rosetta_scripts.ParsedProtocol.REPORT: ============End report for ==================
protocols.jd2.JobDistributor: 3gbn_Ab_fixed_0011 reported success in 62 seconds
protocols.jd2.PDBJobInputter: PDBJobInputter::pose_from_job
protocols.jd2.PDBJobInputter: filling pose from saved copy 3gbn_Ab_fixed.pdb
protocols.jd2.PDBJobInputter: PDBJobInputter::pose_from_job
protocols.jd2.PDBJobInputter: filling pose from saved copy 3gbn_Ab_fixed.pdb
protocols.rosetta_scripts.ParsedProtocol: =======================BEGIN MOVER PackRotamersMover - repack=======================
core.pack.task: Packer task: initialize from command line() 
core.pack.interaction_graph.interaction_graph_factory: Instantiating LinearMemoryInteractionGraph
core.pack.pack_rotamers: built 9609 rotamers at 227 positions.
core.pack.pack_rotamers: IG: 9496444 bytes
protocols.rosetta_scripts.ParsedProtocol: =======================BEGIN FILTER =======================
protocols.rosetta_scripts.ParsedProtocol: =======================END FILTER =======================
protocols.rosetta_scripts.ParsedProtocol: =======================BEGIN MOVER MinMover - minimize_sc=======================
protocols.rosetta_scripts.ParsedProtocol: =======================BEGIN FILTER =======================
protocols.rosetta_scripts.ParsedProtocol: =======================END FILTER =======================
protocols.rosetta_scripts.ParsedProtocol: setting status to success
protocols.rosetta_scripts.ParsedProtocol.REPORT: ============Begin report for ==================
protocols.rosetta_scripts.ParsedProtocol.REPORT: ============End report for ==================
protocols.rosetta_scripts.ParsedProtocol.REPORT: ============Begin report for ==================
protocols.rosetta_scripts.ParsedProtocol.REPORT: ============End report for ==================
protocols.jd2.JobDistributor: 3gbn_Ab_fixed_0012 reported success in 61 seconds
protocols.jd2.PDBJobInputter: PDBJobInputter::pose_from_job
protocols.jd2.PDBJobInputter: filling pose from saved copy 3gbn_Ab_fixed.pdb
protocols.jd2.PDBJobInputter: PDBJobInputter::pose_from_job
protocols.jd2.PDBJobInputter: filling pose from saved copy 3gbn_Ab_fixed.pdb
protocols.rosetta_scripts.ParsedProtocol: =======================BEGIN MOVER PackRotamersMover - repack=======================
core.pack.task: Packer task: initialize from command line() 
core.pack.interaction_graph.interaction_graph_factory: Instantiating LinearMemoryInteractionGraph
core.pack.pack_rotamers: built 9609 rotamers at 227 positions.
core.pack.pack_rotamers: IG: 9496444 bytes
protocols.rosetta_scripts.ParsedProtocol: =======================BEGIN FILTER =======================
protocols.rosetta_scripts.ParsedProtocol: =======================END FILTER =======================
protocols.rosetta_scripts.ParsedProtocol: =======================BEGIN MOVER MinMover - minimize_sc=======================
protocols.rosetta_scripts.ParsedProtocol: =======================BEGIN FILTER =======================
protocols.rosetta_scripts.ParsedProtocol: =======================END FILTER =======================
protocols.rosetta_scripts.ParsedProtocol: setting status to success
protocols.rosetta_scripts.ParsedProtocol.REPORT: ============Begin report for ==================
protocols.rosetta_scripts.ParsedProtocol.REPORT: ============End report for ==================
protocols.rosetta_scripts.ParsedProtocol.REPORT: ============Begin report for ==================
protocols.rosetta_scripts.ParsedProtocol.REPORT: ============End report for ==================
protocols.jd2.JobDistributor: 3gbn_Ab_fixed_0013 reported success in 58 seconds
protocols.jd2.PDBJobInputter: PDBJobInputter::pose_from_job
protocols.jd2.PDBJobInputter: filling pose from saved copy 3gbn_Ab_fixed.pdb
protocols.jd2.PDBJobInputter: PDBJobInputter::pose_from_job
protocols.jd2.PDBJobInputter: filling pose from saved copy 3gbn_Ab_fixed.pdb
protocols.rosetta_scripts.ParsedProtocol: =======================BEGIN MOVER PackRotamersMover - repack=======================
core.pack.task: Packer task: initialize from command line() 
core.pack.interaction_graph.interaction_graph_factory: Instantiating LinearMemoryInteractionGraph
core.pack.pack_rotamers: built 9609 rotamers at 227 positions.
core.pack.pack_rotamers: IG: 9496444 bytes
protocols.rosetta_scripts.ParsedProtocol: =======================BEGIN FILTER =======================
protocols.rosetta_scripts.ParsedProtocol: =======================END FILTER =======================
protocols.rosetta_scripts.ParsedProtocol: =======================BEGIN MOVER MinMover - minimize_sc=======================
protocols.rosetta_scripts.ParsedProtocol: =======================BEGIN FILTER =======================
protocols.rosetta_scripts.ParsedProtocol: =======================END FILTER =======================
protocols.rosetta_scripts.ParsedProtocol: setting status to success
protocols.rosetta_scripts.ParsedProtocol.REPORT: ============Begin report for ==================
protocols.rosetta_scripts.ParsedProtocol.REPORT: ============End report for ==================
protocols.rosetta_scripts.ParsedProtocol.REPORT: ============Begin report for ==================
protocols.rosetta_scripts.ParsedProtocol.REPORT: ============End report for ==================
protocols.jd2.JobDistributor: 3gbn_Ab_fixed_0014 reported success in 57 seconds
protocols.jd2.PDBJobInputter: PDBJobInputter::pose_from_job
protocols.jd2.PDBJobInputter: filling pose from saved copy 3gbn_Ab_fixed.pdb
protocols.jd2.PDBJobInputter: PDBJobInputter::pose_from_job
protocols.jd2.PDBJobInputter: filling pose from saved copy 3gbn_Ab_fixed.pdb
protocols.rosetta_scripts.ParsedProtocol: =======================BEGIN MOVER PackRotamersMover - repack=======================
core.pack.task: Packer task: initialize from command line() 
core.pack.interaction_graph.interaction_graph_factory: Instantiating LinearMemoryInteractionGraph
core.pack.pack_rotamers: built 9609 rotamers at 227 positions.
core.pack.pack_rotamers: IG: 9496444 bytes
protocols.rosetta_scripts.ParsedProtocol: =======================BEGIN FILTER =======================
protocols.rosetta_scripts.ParsedProtocol: =======================END FILTER =======================
protocols.rosetta_scripts.ParsedProtocol: =======================BEGIN MOVER MinMover - minimize_sc=======================
protocols.rosetta_scripts.ParsedProtocol: =======================BEGIN FILTER =======================
protocols.rosetta_scripts.ParsedProtocol: =======================END FILTER =======================
protocols.rosetta_scripts.ParsedProtocol: setting status to success
protocols.rosetta_scripts.ParsedProtocol.REPORT: ============Begin report for ==================
protocols.rosetta_scripts.ParsedProtocol.REPORT: ============End report for ==================
protocols.rosetta_scripts.ParsedProtocol.REPORT: ============Begin report for ==================
protocols.rosetta_scripts.ParsedProtocol.REPORT: ============End report for ==================
protocols.jd2.JobDistributor: 3gbn_Ab_fixed_0015 reported success in 61 seconds
protocols.jd2.PDBJobInputter: PDBJobInputter::pose_from_job
protocols.jd2.PDBJobInputter: filling pose from saved copy 3gbn_Ab_fixed.pdb
protocols.jd2.PDBJobInputter: PDBJobInputter::pose_from_job
protocols.jd2.PDBJobInputter: filling pose from saved copy 3gbn_Ab_fixed.pdb
protocols.rosetta_scripts.ParsedProtocol: =======================BEGIN MOVER PackRotamersMover - repack=======================
core.pack.task: Packer task: initialize from command line() 
core.pack.interaction_graph.interaction_graph_factory: Instantiating LinearMemoryInteractionGraph
core.pack.pack_rotamers: built 9609 rotamers at 227 positions.
core.pack.pack_rotamers: IG: 9496444 bytes
protocols.rosetta_scripts.ParsedProtocol: =======================BEGIN FILTER =======================
protocols.rosetta_scripts.ParsedProtocol: =======================END FILTER =======================
protocols.rosetta_scripts.ParsedProtocol: =======================BEGIN MOVER MinMover - minimize_sc=======================
protocols.rosetta_scripts.ParsedProtocol: =======================BEGIN FILTER =======================
protocols.rosetta_scripts.ParsedProtocol: =======================END FILTER =======================
protocols.rosetta_scripts.ParsedProtocol: setting status to success
protocols.rosetta_scripts.ParsedProtocol.REPORT: ============Begin report for ==================
protocols.rosetta_scripts.ParsedProtocol.REPORT: ============End report for ==================
protocols.rosetta_scripts.ParsedProtocol.REPORT: ============Begin report for ==================
protocols.rosetta_scripts.ParsedProtocol.REPORT: ============End report for ==================
protocols.jd2.JobDistributor: 3gbn_Ab_fixed_0016 reported success in 58 seconds
protocols.jd2.PDBJobInputter: PDBJobInputter::pose_from_job
protocols.jd2.PDBJobInputter: filling pose from saved copy 3gbn_Ab_fixed.pdb
protocols.jd2.PDBJobInputter: PDBJobInputter::pose_from_job
protocols.jd2.PDBJobInputter: filling pose from saved copy 3gbn_Ab_fixed.pdb
protocols.rosetta_scripts.ParsedProtocol: =======================BEGIN MOVER PackRotamersMover - repack=======================
core.pack.task: Packer task: initialize from command line() 
core.pack.interaction_graph.interaction_graph_factory: Instantiating LinearMemoryInteractionGraph
core.pack.pack_rotamers: built 9609 rotamers at 227 positions.
core.pack.pack_rotamers: IG: 9496444 bytes
protocols.rosetta_scripts.ParsedProtocol: =======================BEGIN FILTER =======================
protocols.rosetta_scripts.ParsedProtocol: =======================END FILTER =======================
protocols.rosetta_scripts.ParsedProtocol: =======================BEGIN MOVER MinMover - minimize_sc=======================
protocols.rosetta_scripts.ParsedProtocol: =======================BEGIN FILTER =======================
protocols.rosetta_scripts.ParsedProtocol: =======================END FILTER =======================
protocols.rosetta_scripts.ParsedProtocol: setting status to success
protocols.rosetta_scripts.ParsedProtocol.REPORT: ============Begin report for ==================
protocols.rosetta_scripts.ParsedProtocol.REPORT: ============End report for ==================
protocols.rosetta_scripts.ParsedProtocol.REPORT: ============Begin report for ==================
protocols.rosetta_scripts.ParsedProtocol.REPORT: ============End report for ==================
protocols.jd2.JobDistributor: 3gbn_Ab_fixed_0017 reported success in 62 seconds
protocols.jd2.PDBJobInputter: PDBJobInputter::pose_from_job
protocols.jd2.PDBJobInputter: filling pose from saved copy 3gbn_Ab_fixed.pdb
protocols.jd2.PDBJobInputter: PDBJobInputter::pose_from_job
protocols.jd2.PDBJobInputter: filling pose from saved copy 3gbn_Ab_fixed.pdb
protocols.rosetta_scripts.ParsedProtocol: =======================BEGIN MOVER PackRotamersMover - repack=======================
core.pack.task: Packer task: initialize from command line() 
core.pack.interaction_graph.interaction_graph_factory: Instantiating LinearMemoryInteractionGraph
core.pack.pack_rotamers: built 9609 rotamers at 227 positions.
core.pack.pack_rotamers: IG: 9496444 bytes
protocols.rosetta_scripts.ParsedProtocol: =======================BEGIN FILTER =======================
protocols.rosetta_scripts.ParsedProtocol: =======================END FILTER =======================
protocols.rosetta_scripts.ParsedProtocol: =======================BEGIN MOVER MinMover - minimize_sc=======================
protocols.rosetta_scripts.ParsedProtocol: =======================BEGIN FILTER =======================
protocols.rosetta_scripts.ParsedProtocol: =======================END FILTER =======================
protocols.rosetta_scripts.ParsedProtocol: setting status to success
protocols.rosetta_scripts.ParsedProtocol.REPORT: ============Begin report for ==================
protocols.rosetta_scripts.ParsedProtocol.REPORT: ============End report for ==================
protocols.rosetta_scripts.ParsedProtocol.REPORT: ============Begin report for ==================
protocols.rosetta_scripts.ParsedProtocol.REPORT: ============End report for ==================
protocols.jd2.JobDistributor: 3gbn_Ab_fixed_0018 reported success in 61 seconds
protocols.jd2.PDBJobInputter: PDBJobInputter::pose_from_job
protocols.jd2.PDBJobInputter: filling pose from saved copy 3gbn_Ab_fixed.pdb
protocols.jd2.PDBJobInputter: PDBJobInputter::pose_from_job
protocols.jd2.PDBJobInputter: filling pose from saved copy 3gbn_Ab_fixed.pdb
protocols.rosetta_scripts.ParsedProtocol: =======================BEGIN MOVER PackRotamersMover - repack=======================
core.pack.task: Packer task: initialize from command line() 
core.pack.interaction_graph.interaction_graph_factory: Instantiating LinearMemoryInteractionGraph
core.pack.pack_rotamers: built 9609 rotamers at 227 positions.
core.pack.pack_rotamers: IG: 9496444 bytes
protocols.rosetta_scripts.ParsedProtocol: =======================BEGIN FILTER =======================
protocols.rosetta_scripts.ParsedProtocol: =======================END FILTER =======================
protocols.rosetta_scripts.ParsedProtocol: =======================BEGIN MOVER MinMover - minimize_sc=======================
protocols.rosetta_scripts.ParsedProtocol: =======================BEGIN FILTER =======================
protocols.rosetta_scripts.ParsedProtocol: =======================END FILTER =======================
protocols.rosetta_scripts.ParsedProtocol: setting status to success
protocols.rosetta_scripts.ParsedProtocol.REPORT: ============Begin report for ==================
protocols.rosetta_scripts.ParsedProtocol.REPORT: ============End report for ==================
protocols.rosetta_scripts.ParsedProtocol.REPORT: ============Begin report for ==================
protocols.rosetta_scripts.ParsedProtocol.REPORT: ============End report for ==================
protocols.jd2.JobDistributor: 3gbn_Ab_fixed_0019 reported success in 61 seconds
protocols.jd2.PDBJobInputter: PDBJobInputter::pose_from_job
protocols.jd2.PDBJobInputter: filling pose from saved copy 3gbn_Ab_fixed.pdb
protocols.jd2.PDBJobInputter: PDBJobInputter::pose_from_job
protocols.jd2.PDBJobInputter: filling pose from saved copy 3gbn_Ab_fixed.pdb
protocols.rosetta_scripts.ParsedProtocol: =======================BEGIN MOVER PackRotamersMover - repack=======================
core.pack.task: Packer task: initialize from command line() 
core.pack.interaction_graph.interaction_graph_factory: Instantiating LinearMemoryInteractionGraph
core.pack.pack_rotamers: built 9609 rotamers at 227 positions.
core.pack.pack_rotamers: IG: 9496444 bytes
protocols.rosetta_scripts.ParsedProtocol: =======================BEGIN FILTER =======================
protocols.rosetta_scripts.ParsedProtocol: =======================END FILTER =======================
protocols.rosetta_scripts.ParsedProtocol: =======================BEGIN MOVER MinMover - minimize_sc=======================
protocols.rosetta_scripts.ParsedProtocol: =======================BEGIN FILTER =======================
protocols.rosetta_scripts.ParsedProtocol: =======================END FILTER =======================
protocols.rosetta_scripts.ParsedProtocol: setting status to success
protocols.rosetta_scripts.ParsedProtocol.REPORT: ============Begin report for ==================
protocols.rosetta_scripts.ParsedProtocol.REPORT: ============End report for ==================
protocols.rosetta_scripts.ParsedProtocol.REPORT: ============Begin report for ==================
protocols.rosetta_scripts.ParsedProtocol.REPORT: ============End report for ==================
protocols.jd2.JobDistributor: 3gbn_Ab_fixed_0020 reported success in 62 seconds
protocols.jd2.PDBJobInputter: PDBJobInputter::pose_from_job
protocols.jd2.PDBJobInputter: filling pose from saved copy 3gbn_Ab_fixed.pdb
protocols.jd2.PDBJobInputter: PDBJobInputter::pose_from_job
protocols.jd2.PDBJobInputter: filling pose from saved copy 3gbn_Ab_fixed.pdb
protocols.rosetta_scripts.ParsedProtocol: =======================BEGIN MOVER PackRotamersMover - repack=======================
core.pack.task: Packer task: initialize from command line() 
core.pack.interaction_graph.interaction_graph_factory: Instantiating LinearMemoryInteractionGraph
core.pack.pack_rotamers: built 9609 rotamers at 227 positions.
core.pack.pack_rotamers: IG: 9496444 bytes
protocols.rosetta_scripts.ParsedProtocol: =======================BEGIN FILTER =======================
protocols.rosetta_scripts.ParsedProtocol: =======================END FILTER =======================
protocols.rosetta_scripts.ParsedProtocol: =======================BEGIN MOVER MinMover - minimize_sc=======================
protocols.rosetta_scripts.ParsedProtocol: =======================BEGIN FILTER =======================
protocols.rosetta_scripts.ParsedProtocol: =======================END FILTER =======================
protocols.rosetta_scripts.ParsedProtocol: setting status to success
protocols.rosetta_scripts.ParsedProtocol.REPORT: ============Begin report for ==================
protocols.rosetta_scripts.ParsedProtocol.REPORT: ============End report for ==================
protocols.rosetta_scripts.ParsedProtocol.REPORT: ============Begin report for ==================
protocols.rosetta_scripts.ParsedProtocol.REPORT: ============End report for ==================
protocols.jd2.JobDistributor: 3gbn_Ab_fixed_0021 reported success in 62 seconds
protocols.jd2.PDBJobInputter: PDBJobInputter::pose_from_job
protocols.jd2.PDBJobInputter: filling pose from saved copy 3gbn_Ab_fixed.pdb
protocols.jd2.PDBJobInputter: PDBJobInputter::pose_from_job
protocols.jd2.PDBJobInputter: filling pose from saved copy 3gbn_Ab_fixed.pdb
protocols.rosetta_scripts.ParsedProtocol: =======================BEGIN MOVER PackRotamersMover - repack=======================
core.pack.task: Packer task: initialize from command line() 
core.pack.interaction_graph.interaction_graph_factory: Instantiating LinearMemoryInteractionGraph
core.pack.pack_rotamers: built 9609 rotamers at 227 positions.
core.pack.pack_rotamers: IG: 9496444 bytes
protocols.rosetta_scripts.ParsedProtocol: =======================BEGIN FILTER =======================
protocols.rosetta_scripts.ParsedProtocol: =======================END FILTER =======================
protocols.rosetta_scripts.ParsedProtocol: =======================BEGIN MOVER MinMover - minimize_sc=======================
protocols.rosetta_scripts.ParsedProtocol: =======================BEGIN FILTER =======================
protocols.rosetta_scripts.ParsedProtocol: =======================END FILTER =======================
protocols.rosetta_scripts.ParsedProtocol: setting status to success
protocols.rosetta_scripts.ParsedProtocol.REPORT: ============Begin report for ==================
protocols.rosetta_scripts.ParsedProtocol.REPORT: ============End report for ==================
protocols.rosetta_scripts.ParsedProtocol.REPORT: ============Begin report for ==================
protocols.rosetta_scripts.ParsedProtocol.REPORT: ============End report for ==================
protocols.jd2.JobDistributor: 3gbn_Ab_fixed_0022 reported success in 64 seconds
protocols.jd2.PDBJobInputter: PDBJobInputter::pose_from_job
protocols.jd2.PDBJobInputter: filling pose from saved copy 3gbn_Ab_fixed.pdb
protocols.jd2.PDBJobInputter: PDBJobInputter::pose_from_job
protocols.jd2.PDBJobInputter: filling pose from saved copy 3gbn_Ab_fixed.pdb
protocols.rosetta_scripts.ParsedProtocol: =======================BEGIN MOVER PackRotamersMover - repack=======================
core.pack.task: Packer task: initialize from command line() 
core.pack.interaction_graph.interaction_graph_factory: Instantiating LinearMemoryInteractionGraph
core.pack.pack_rotamers: built 9609 rotamers at 227 positions.
core.pack.pack_rotamers: IG: 9496444 bytes
protocols.rosetta_scripts.ParsedProtocol: =======================BEGIN FILTER =======================
protocols.rosetta_scripts.ParsedProtocol: =======================END FILTER =======================
protocols.rosetta_scripts.ParsedProtocol: =======================BEGIN MOVER MinMover - minimize_sc=======================
protocols.rosetta_scripts.ParsedProtocol: =======================BEGIN FILTER =======================
protocols.rosetta_scripts.ParsedProtocol: =======================END FILTER =======================
protocols.rosetta_scripts.ParsedProtocol: setting status to success
protocols.rosetta_scripts.ParsedProtocol.REPORT: ============Begin report for ==================
protocols.rosetta_scripts.ParsedProtocol.REPORT: ============End report for ==================
protocols.rosetta_scripts.ParsedProtocol.REPORT: ============Begin report for ==================
protocols.rosetta_scripts.ParsedProtocol.REPORT: ============End report for ==================
protocols.jd2.JobDistributor: 3gbn_Ab_fixed_0023 reported success in 62 seconds
protocols.jd2.PDBJobInputter: PDBJobInputter::pose_from_job
protocols.jd2.PDBJobInputter: filling pose from saved copy 3gbn_Ab_fixed.pdb
protocols.jd2.PDBJobInputter: PDBJobInputter::pose_from_job
protocols.jd2.PDBJobInputter: filling pose from saved copy 3gbn_Ab_fixed.pdb
protocols.rosetta_scripts.ParsedProtocol: =======================BEGIN MOVER PackRotamersMover - repack=======================
core.pack.task: Packer task: initialize from command line() 
core.pack.interaction_graph.interaction_graph_factory: Instantiating LinearMemoryInteractionGraph
core.pack.pack_rotamers: built 9609 rotamers at 227 positions.
core.pack.pack_rotamers: IG: 9496444 bytes
protocols.rosetta_scripts.ParsedProtocol: =======================BEGIN FILTER =======================
protocols.rosetta_scripts.ParsedProtocol: =======================END FILTER =======================
protocols.rosetta_scripts.ParsedProtocol: =======================BEGIN MOVER MinMover - minimize_sc=======================
protocols.rosetta_scripts.ParsedProtocol: =======================BEGIN FILTER =======================
protocols.rosetta_scripts.ParsedProtocol: =======================END FILTER =======================
protocols.rosetta_scripts.ParsedProtocol: setting status to success
protocols.rosetta_scripts.ParsedProtocol.REPORT: ============Begin report for ==================
protocols.rosetta_scripts.ParsedProtocol.REPORT: ============End report for ==================
protocols.rosetta_scripts.ParsedProtocol.REPORT: ============Begin report for ==================
protocols.rosetta_scripts.ParsedProtocol.REPORT: ============End report for ==================
protocols.jd2.JobDistributor: 3gbn_Ab_fixed_0024 reported success in 61 seconds
protocols.jd2.PDBJobInputter: PDBJobInputter::pose_from_job
protocols.jd2.PDBJobInputter: filling pose from saved copy 3gbn_Ab_fixed.pdb
protocols.jd2.PDBJobInputter: PDBJobInputter::pose_from_job
protocols.jd2.PDBJobInputter: filling pose from saved copy 3gbn_Ab_fixed.pdb
protocols.rosetta_scripts.ParsedProtocol: =======================BEGIN MOVER PackRotamersMover - repack=======================
core.pack.task: Packer task: initialize from command line() 
core.pack.interaction_graph.interaction_graph_factory: Instantiating LinearMemoryInteractionGraph
core.pack.pack_rotamers: built 9609 rotamers at 227 positions.
core.pack.pack_rotamers: IG: 9496444 bytes
protocols.rosetta_scripts.ParsedProtocol: =======================BEGIN FILTER =======================
protocols.rosetta_scripts.ParsedProtocol: =======================END FILTER =======================
protocols.rosetta_scripts.ParsedProtocol: =======================BEGIN MOVER MinMover - minimize_sc=======================
protocols.rosetta_scripts.ParsedProtocol: =======================BEGIN FILTER =======================
protocols.rosetta_scripts.ParsedProtocol: =======================END FILTER =======================
protocols.rosetta_scripts.ParsedProtocol: setting status to success
protocols.rosetta_scripts.ParsedProtocol.REPORT: ============Begin report for ==================
protocols.rosetta_scripts.ParsedProtocol.REPORT: ============End report for ==================
protocols.rosetta_scripts.ParsedProtocol.REPORT: ============Begin report for ==================
protocols.rosetta_scripts.ParsedProtocol.REPORT: ============End report for ==================
protocols.jd2.JobDistributor: 3gbn_Ab_fixed_0025 reported success in 62 seconds
protocols.jd2.JobDistributor: no more batches to process... 
protocols.jd2.JobDistributor: 25 jobs considered, 25 jobs attempted in 1533 seconds
protocols.jd2.JobDistributor: WARNING: The following options have been set, but have not yet been used:
	-out:file:fullatom 

