PDB 3cy4 window 132 loopness 5 nbrs 0 27 start 135 A pymol select 3cy4 and chain A and resi 135-139
PDB 3cy4 window 133 loopness 5 nbrs 0 34 start 136 A pymol select 3cy4 and chain A and resi 136-140
PDB 3cy4 window 134 loopness 5 nbrs 0 30 start 137 A pymol select 3cy4 and chain A and resi 137-141
PDB 3cy4 window 286 loopness 5 nbrs 28 0 start 135 B pymol select 3cy4 and chain B and resi 135-139
PDB 3cy4 window 287 loopness 5 nbrs 33 0 start 136 B pymol select 3cy4 and chain B and resi 136-140
PDB 3cy4 window 288 loopness 5 nbrs 29 0 start 137 B pymol select 3cy4 and chain B and resi 137-141
PDB 3cy3 window 271 loopness 5 nbrs 26 0 start 2 B pymol select 3cy3 and chain B and resi 2-6
PDB 3cy3 window 272 loopness 5 nbrs 33 0 start 3 B pymol select 3cy3 and chain B and resi 3-7
PDB 3cy3 window 273 loopness 5 nbrs 38 0 start 4 B pymol select 3cy3 and chain B and resi 4-8
PDB 3cy3 window 274 loopness 5 nbrs 47 0 start 5 B pymol select 3cy3 and chain B and resi 5-9
PDB 3cye window 81 loopness 5 nbrs 0 25 start 163 A pymol select 3cye and chain A and resi 163-167
PDB 3cye window 82 loopness 5 nbrs 0 26 start 164 A pymol select 3cye and chain A and resi 164-168
PDB 3cye window 367 loopness 5 nbrs 0 36 start 450 A pymol select 3cye and chain A and resi 450-454
PDB 3cye window 368 loopness 5 nbrs 0 39 start 451 A pymol select 3cye and chain A and resi 451-455
PDB 3cye window 369 loopness 5 nbrs 0 36 start 452 A pymol select 3cye and chain A and resi 452-456
PDB 3cye window 370 loopness 5 nbrs 0 30 start 453 A pymol select 3cye and chain A and resi 453-457
PDB 3cye window 371 loopness 5 nbrs 0 31 start 454 A pymol select 3cye and chain A and resi 454-458
PDB 3cye window 372 loopness 5 nbrs 0 23 start 455 A pymol select 3cye and chain A and resi 455-459
PDB 3cye window 373 loopness 5 nbrs 0 21 start 456 A pymol select 3cye and chain A and resi 456-460
PDB 3cye window 374 loopness 5 nbrs 0 21 start 457 A pymol select 3cye and chain A and resi 457-461
PDB 3cye window 375 loopness 5 nbrs 0 22 start 458 A pymol select 3cye and chain A and resi 458-462
PDB 3cye window 454 loopness 5 nbrs 23 0 start 151 B pymol select 3cye and chain B and resi 151-155
PDB 3cye window 455 loopness 5 nbrs 25 0 start 152 B pymol select 3cye and chain B and resi 152-156
PDB 3cye window 469 loopness 5 nbrs 28 0 start 166 B pymol select 3cye and chain B and resi 166-169
PDB 3cye window 470 loopness 5 nbrs 30 0 start 167 B pymol select 3cye and chain B and resi 167-170
PDB 3cye window 471 loopness 5 nbrs 35 0 start 168 B pymol select 3cye and chain B and resi 168-171
PDB 3cy2 window 272 loopness 5 nbrs 27 0 start 2 B pymol select 3cy2 and chain B and resi 2-6
PDB 3cy2 window 273 loopness 5 nbrs 34 0 start 3 B pymol select 3cy2 and chain B and resi 3-7
PDB 3cy2 window 274 loopness 5 nbrs 39 0 start 4 B pymol select 3cy2 and chain B and resi 4-8
PDB 3cy2 window 275 loopness 5 nbrs 48 0 start 5 B pymol select 3cy2 and chain B and resi 5-9
PDB 3cy2 window 276 loopness 5 nbrs 53 0 start 6 B pymol select 3cy2 and chain B and resi 6-10
PDB 3cy4 window 132 loopness 5 nbrs 0 27 start 135 A pymol select 3cy4 and chain A and resi 135-139
PDB 3cy4 window 133 loopness 5 nbrs 0 34 start 136 A pymol select 3cy4 and chain A and resi 136-140
PDB 3cy4 window 134 loopness 5 nbrs 0 30 start 137 A pymol select 3cy4 and chain A and resi 137-141
PDB 3cy4 window 286 loopness 5 nbrs 28 0 start 135 B pymol select 3cy4 and chain B and resi 135-139
PDB 3cy4 window 287 loopness 5 nbrs 33 0 start 136 B pymol select 3cy4 and chain B and resi 136-140
PDB 3cy4 window 288 loopness 5 nbrs 29 0 start 137 B pymol select 3cy4 and chain B and resi 137-141
PDB 3cy3 window 271 loopness 5 nbrs 26 0 start 2 B pymol select 3cy3 and chain B and resi 2-6
PDB 3cy3 window 272 loopness 5 nbrs 33 0 start 3 B pymol select 3cy3 and chain B and resi 3-7
PDB 3cy3 window 273 loopness 5 nbrs 38 0 start 4 B pymol select 3cy3 and chain B and resi 4-8
PDB 3cy3 window 274 loopness 5 nbrs 47 0 start 5 B pymol select 3cy3 and chain B and resi 5-9
PDB 3cye window 81 loopness 5 nbrs 0 25 start 163 A pymol select 3cye and chain A and resi 163-167
PDB 3cye window 82 loopness 5 nbrs 0 26 start 164 A pymol select 3cye and chain A and resi 164-168
PDB 3cye window 367 loopness 5 nbrs 0 36 start 450 A pymol select 3cye and chain A and resi 450-454
PDB 3cye window 368 loopness 5 nbrs 0 39 start 451 A pymol select 3cye and chain A and resi 451-455
PDB 3cye window 369 loopness 5 nbrs 0 36 start 452 A pymol select 3cye and chain A and resi 452-456
PDB 3cye window 370 loopness 5 nbrs 0 30 start 453 A pymol select 3cye and chain A and resi 453-457
PDB 3cye window 371 loopness 5 nbrs 0 31 start 454 A pymol select 3cye and chain A and resi 454-458
PDB 3cye window 372 loopness 5 nbrs 0 23 start 455 A pymol select 3cye and chain A and resi 455-459
PDB 3cye window 373 loopness 5 nbrs 0 21 start 456 A pymol select 3cye and chain A and resi 456-460
PDB 3cye window 374 loopness 5 nbrs 0 21 start 457 A pymol select 3cye and chain A and resi 457-461
PDB 3cye window 375 loopness 5 nbrs 0 22 start 458 A pymol select 3cye and chain A and resi 458-462
PDB 3cye window 454 loopness 5 nbrs 23 0 start 151 B pymol select 3cye and chain B and resi 151-155
PDB 3cye window 455 loopness 5 nbrs 25 0 start 152 B pymol select 3cye and chain B and resi 152-156
PDB 3cye window 469 loopness 5 nbrs 28 0 start 166 B pymol select 3cye and chain B and resi 166-169
PDB 3cye window 470 loopness 5 nbrs 30 0 start 167 B pymol select 3cye and chain B and resi 167-170
PDB 3cye window 471 loopness 5 nbrs 35 0 start 168 B pymol select 3cye and chain B and resi 168-171
PDB 3cy2 window 272 loopness 5 nbrs 27 0 start 2 B pymol select 3cy2 and chain B and resi 2-6
PDB 3cy2 window 273 loopness 5 nbrs 34 0 start 3 B pymol select 3cy2 and chain B and resi 3-7
PDB 3cy2 window 274 loopness 5 nbrs 39 0 start 4 B pymol select 3cy2 and chain B and resi 4-8
PDB 3cy2 window 275 loopness 5 nbrs 48 0 start 5 B pymol select 3cy2 and chain B and resi 5-9
PDB 3cy2 window 276 loopness 5 nbrs 53 0 start 6 B pymol select 3cy2 and chain B and resi 6-10
PDB 3cyk window 75 loopness 5 nbrs 0 28 8 0 start 84 A pymol select 3cyk and chain A and resi 84-88
PDB 3cyk window 76 loopness 5 nbrs 0 32 4 0 start 85 A pymol select 3cyk and chain A and resi 85-89
PDB 3cyk window 191 loopness 5 nbrs 28 0 0 8 start 84 B pymol select 3cyk and chain B and resi 84-88
PDB 3cyk window 192 loopness 5 nbrs 31 0 0 4 start 85 B pymol select 3cyk and chain B and resi 85-89
PDB 3cyk window 306 loopness 5 nbrs 8 0 0 28 start 84 C pymol select 3cyk and chain C and resi 84-88
PDB 3cyk window 307 loopness 5 nbrs 4 0 0 32 start 85 C pymol select 3cyk and chain C and resi 85-89
PDB 3cyk window 422 loopness 5 nbrs 0 8 27 0 start 84 D pymol select 3cyk and chain D and resi 84-88
PDB 3cyk window 423 loopness 5 nbrs 0 4 30 0 start 85 D pymol select 3cyk and chain D and resi 85-89
PDB 3cyj window 84 loopness 5 nbrs 0 44 0 0 start 87 A pymol select 3cyj and chain A and resi 87-91
PDB 3cyj window 85 loopness 5 nbrs 0 44 0 0 start 88 A pymol select 3cyj and chain A and resi 88-92
PDB 3cyj window 86 loopness 5 nbrs 0 46 0 0 start 89 A pymol select 3cyj and chain A and resi 89-93
PDB 3cyj window 120 loopness 5 nbrs 0 0 39 0 start 123 A pymol select 3cyj and chain A and resi 123-127
PDB 3cyj window 121 loopness 5 nbrs 0 0 38 0 start 124 A pymol select 3cyj and chain A and resi 124-128
PDB 3cyj window 122 loopness 5 nbrs 0 0 22 0 start 125 A pymol select 3cyj and chain A and resi 125-129
PDB 3cyj window 234 loopness 5 nbrs 0 0 0 31 start 237 A pymol select 3cyj and chain A and resi 237-241
PDB 3cyj window 443 loopness 5 nbrs 46 0 0 0 start 87 B pymol select 3cyj and chain B and resi 87-91
PDB 3cyj window 444 loopness 5 nbrs 46 0 0 0 start 88 B pymol select 3cyj and chain B and resi 88-92
PDB 3cyj window 445 loopness 5 nbrs 47 0 0 0 start 89 B pymol select 3cyj and chain B and resi 89-93
PDB 3cyj window 803 loopness 5 nbrs 0 0 0 46 start 88 C pymol select 3cyj and chain C and resi 88-92
PDB 3cyj window 804 loopness 5 nbrs 0 0 0 47 start 89 C pymol select 3cyj and chain C and resi 89-93
PDB 3cyj window 838 loopness 5 nbrs 39 0 0 0 start 123 C pymol select 3cyj and chain C and resi 123-127
PDB 3cyj window 839 loopness 5 nbrs 38 0 0 0 start 124 C pymol select 3cyj and chain C and resi 124-128
PDB 3cyj window 840 loopness 5 nbrs 22 0 0 0 start 125 C pymol select 3cyj and chain C and resi 125-129
PDB 3cyj window 952 loopness 5 nbrs 0 31 0 0 start 237 C pymol select 3cyj and chain C and resi 237-241
PDB 3cyj window 1161 loopness 5 nbrs 0 0 45 0 start 87 D pymol select 3cyj and chain D and resi 87-91
PDB 3cyj window 1162 loopness 5 nbrs 0 0 45 0 start 88 D pymol select 3cyj and chain D and resi 88-92
PDB 3cyj window 1163 loopness 5 nbrs 0 0 47 0 start 89 D pymol select 3cyj and chain D and resi 89-93
PDB 3cyl window 29 loopness 5 nbrs 0 21 start 30 A pymol select 3cyl and chain A and resi 30-34
PDB 3cyy window 12 loopness 5 nbrs 0 21 0 4 start 194 A pymol select 3cyy and chain A and resi 194-198
PDB 3cyy window 13 loopness 5 nbrs 0 29 0 6 start 195 A pymol select 3cyy and chain A and resi 195-199
PDB 3cyy window 92 loopness 5 nbrs 21 0 4 0 start 194 B pymol select 3cyy and chain B and resi 194-198
PDB 3cyy window 93 loopness 5 nbrs 29 0 6 0 start 195 B pymol select 3cyy and chain B and resi 195-199
PDB 3cy5 window 137 loopness 5 nbrs 0 0 6 22 start 137 A pymol select 3cy5 and chain A and resi 137-141
PDB 3cyw window 4 loopness 5 nbrs 0 29 start 4 A pymol select 3cyw and chain A and resi 4-8
PDB 3cyw window 5 loopness 5 nbrs 0 27 start 5 A pymol select 3cyw and chain A and resi 5-9
PDB 3cyw window 25 loopness 5 nbrs 0 44 start 25 A pymol select 3cyw and chain A and resi 25-29
PDB 3cyw window 26 loopness 5 nbrs 0 39 start 26 A pymol select 3cyw and chain A and resi 26-30
PDB 3cyw window 27 loopness 5 nbrs 0 23 start 27 A pymol select 3cyw and chain A and resi 27-31
PDB 3cyw window 103 loopness 5 nbrs 33 0 start 4 B pymol select 3cyw and chain B and resi 4-8
PDB 3cyw window 104 loopness 5 nbrs 31 0 start 5 B pymol select 3cyw and chain B and resi 5-9
PDB 3cyw window 124 loopness 5 nbrs 43 0 start 25 B pymol select 3cyw and chain B and resi 25-29
PDB 3cyw window 125 loopness 5 nbrs 40 0 start 26 B pymol select 3cyw and chain B and resi 26-30
PDB 3cyw window 126 loopness 5 nbrs 25 0 start 27 B pymol select 3cyw and chain B and resi 27-31
PDB 3cyx window 4 loopness 5 nbrs 0 30 start 4 A pymol select 3cyx and chain A and resi 4-8
PDB 3cyx window 5 loopness 5 nbrs 0 28 start 5 A pymol select 3cyx and chain A and resi 5-9
PDB 3cyx window 25 loopness 5 nbrs 0 42 start 25 A pymol select 3cyx and chain A and resi 25-29
PDB 3cyx window 26 loopness 5 nbrs 0 38 start 26 A pymol select 3cyx and chain A and resi 26-30
PDB 3cyx window 27 loopness 5 nbrs 0 24 start 27 A pymol select 3cyx and chain A and resi 27-31
PDB 3cyx window 103 loopness 5 nbrs 33 0 start 4 B pymol select 3cyx and chain B and resi 4-8
PDB 3cyx window 104 loopness 5 nbrs 32 0 start 5 B pymol select 3cyx and chain B and resi 5-9
PDB 3cyx window 124 loopness 5 nbrs 44 0 start 25 B pymol select 3cyx and chain B and resi 25-29
PDB 3cyx window 125 loopness 5 nbrs 39 0 start 26 B pymol select 3cyx and chain B and resi 26-30
PDB 3cyx window 126 loopness 5 nbrs 24 0 start 27 B pymol select 3cyx and chain B and resi 27-31
PDB 3cyn window 41 loopness 5 nbrs 0 23 2 start 76 A pymol select 3cyn and chain A and resi 76-80
PDB 3cyn window 42 loopness 5 nbrs 0 25 3 start 77 A pymol select 3cyn and chain A and resi 77-81
PDB 3cyn window 125 loopness 5 nbrs 0 0 23 start 160 A pymol select 3cyn and chain A and resi 160-164
PDB 3cyn window 126 loopness 5 nbrs 0 0 23 start 161 A pymol select 3cyn and chain A and resi 161-165
PDB 3cyn window 127 loopness 5 nbrs 0 0 22 start 162 A pymol select 3cyn and chain A and resi 162-166
PDB 3cyn window 128 loopness 5 nbrs 0 0 22 start 163 A pymol select 3cyn and chain A and resi 163-167
PDB 3cyn window 214 loopness 5 nbrs 2 0 24 start 76 B pymol select 3cyn and chain B and resi 76-80
PDB 3cyn window 215 loopness 5 nbrs 3 0 25 start 77 B pymol select 3cyn and chain B and resi 77-81
PDB 3cyn window 298 loopness 5 nbrs 24 0 0 start 160 B pymol select 3cyn and chain B and resi 160-164
PDB 3cyn window 299 loopness 5 nbrs 23 0 0 start 161 B pymol select 3cyn and chain B and resi 161-165
PDB 3cyn window 300 loopness 5 nbrs 22 0 0 start 162 B pymol select 3cyn and chain B and resi 162-166
PDB 3cyn window 301 loopness 5 nbrs 22 0 0 start 163 B pymol select 3cyn and chain B and resi 163-167
PDB 3cyn window 390 loopness 5 nbrs 23 2 0 start 76 C pymol select 3cyn and chain C and resi 76-80
PDB 3cyn window 391 loopness 5 nbrs 26 3 0 start 77 C pymol select 3cyn and chain C and resi 77-81
PDB 3cyn window 474 loopness 5 nbrs 0 24 0 start 160 C pymol select 3cyn and chain C and resi 160-164
PDB 3cyn window 475 loopness 5 nbrs 0 23 0 start 161 C pymol select 3cyn and chain C and resi 161-165
PDB 3cyn window 476 loopness 5 nbrs 0 22 0 start 162 C pymol select 3cyn and chain C and resi 162-166
PDB 3cyn window 477 loopness 5 nbrs 0 22 0 start 163 C pymol select 3cyn and chain C and resi 163-167
