core.init: Rosetta version unknown:ab567a149be6436afe8205ffa154e89fbf345603 2016-06-06 14:53:00 -0700 from git@github.com:RosettaCommons/main.git
core.init: command: /home/kmb413/Rosetta/main/source/bin/minimize.linuxgccrelease @flags
core.init: 'RNG device' seed mode, using '/dev/urandom', seed=-653584170 seed_offset=0 real_seed=-653584170
core.init.random: RandomGenerator:init: Normal mode, seed=-653584170 RG_type=mt19937
core.init: Resolved executable path: /home/kmb413/Rosetta/main/source/build/src/release/linux/4.4/64/x86/gcc/4.9/default/minimize.default.linuxgccrelease
core.init: Looking for database based on location of executable: /home/kmb413/Rosetta/main/database/
core.scoring.ScoreFunctionFactory: SCOREFUNCTION: talaris2014
core.scoring.etable: Starting energy table calculation
core.scoring.etable: smooth_etable: changing atr/rep split to bottom of energy well
core.scoring.etable: smooth_etable: spline smoothing lj etables (maxdis = 6)
core.scoring.etable: smooth_etable: spline smoothing solvation etables (max_dis = 6)
core.scoring.etable: Finished calculating energy tables.
basic.io.database: Database file opened: scoring/score_functions/hbonds/sp2_elec_params/HBPoly1D.csv
basic.io.database: Database file opened: scoring/score_functions/hbonds/sp2_elec_params/HBFadeIntervals.csv
basic.io.database: Database file opened: scoring/score_functions/hbonds/sp2_elec_params/HBEval.csv
basic.io.database: Database file opened: scoring/score_functions/rama/Rama_smooth_dyn.dat_ss_6.4
basic.io.database: Database file opened: scoring/score_functions/P_AA_pp/P_AA
basic.io.database: Database file opened: scoring/score_functions/P_AA_pp/P_AA_n
basic.io.database: Database file opened: scoring/score_functions/P_AA_pp/P_AA_pp
protocols.jd2.PDBJobInputter: Instantiate PDBJobInputter
protocols.jd2.PDBJobInputter: PDBJobInputter::fill_jobs
protocols.jd2.PDBJobInputter: pushed 1t8k_0001.pdb nstruct index 1
protocols.evaluation.ChiWellRmsdEvaluatorCreator: Evaluation Creator active ... 
protocols.jd2.PDBJobInputter: PDBJobInputter::pose_from_job
protocols.jd2.PDBJobInputter: filling pose from PDB 1t8k_0001.pdb
core.chemical.ResidueTypeSet: Finished initializing fa_standard residue type set.  Created 387 residue types
core.chemical.ResidueTypeSet: Total time to initialize 0.514098 seconds.
core.pack.dunbrack.RotamerLibrary: Using Dunbrack library binary file '/home/kmb413/Rosetta/main/database/rotamer/ExtendedOpt1-5/Dunbrack10.lib.bin'.
core.pack.dunbrack.RotamerLibrary: Dunbrack 2010 library took 0.428997 seconds to load from binary
minimize: Score: 0  -131.072
minimize: FinalScore: -131.072
protocols.jd2.JobDistributor: 1t8k_0001_withexflags_0001 reported success in 3 seconds
protocols.jd2.JobDistributor: no more batches to process... 
protocols.jd2.JobDistributor: 1 jobs considered, 1 jobs attempted in 3 seconds
protocols.jd2.JobDistributor: WARNING: The following options have been set, but have not yet been used:
	-packing:extrachi_cutoff 1

