+ NSLOTS=8
+ module load openmpi/gcc
++ /cm/local/apps/environment-modules/3.2.6//Modules/3.2.6/bin/modulecmd bash load openmpi/gcc
+ eval
++ echo 17762
++ awk -v FS=. '{print $1}'
+ LOGS=logs_17762
+ mkdir -p logs_17762
++ echo 8
++ awk '{print $1-3}'
+ NSTRUCT=5
+ echo 'running on 8 cpus ...'
running on 8 cpus ...
+ EXE=/home/zhezhang/rosetta_vanilla/rosetta_source/bin/rosetta_scripts.mpi.linuxgccrelease
+ CMDLINE='-out:level 300 -mute all_high_mpi_rank_filebuf -out:mpi_tracer_to_file logs_17762/log -database /home/zhezhang/rosetta_vanilla/rosetta_database  @flags_docking_replica @flags_replica_dock -parser:protocol dock_cen.xml'
+ CYCLES=
+ /cm/shared/apps/openmpi/gcc/64/1.4.4/bin/mpirun -n 8 /home/zhezhang/rosetta_vanilla/rosetta_source/bin/rosetta_scripts.mpi.linuxgccrelease -out:level 300 -mute all_high_mpi_rank_filebuf -out:mpi_tracer_to_file logs_17762/log -database /home/zhezhang/rosetta_vanilla/rosetta_database @flags_docking_replica @flags_replica_dock -parser:protocol dock_cen.xml
core.init: (1) Mini-Rosetta version 51211M from https://svn.rosettacommons.org/source/trunk/rosetta/rosetta_source
core.init: (1) command: /home/zhezhang/rosetta_vanilla/rosetta_source/bin/rosetta_scripts.mpi.linuxgccrelease -out:level 300 -mute all_high_mpi_rank_filebuf -out:mpi_tracer_to_file logs_17762/log -database /home/zhezhang/rosetta_vanilla/rosetta_database @flags_docking_replica @flags_replica_dock -parser:protocol dock_cen.xml
core.init: (3) Mini-Rosetta version 51211M from https://svn.rosettacommons.org/source/trunk/rosetta/rosetta_source
core.init: (3) command: /home/zhezhang/rosetta_vanilla/rosetta_source/bin/rosetta_scripts.mpi.linuxgccrelease -out:level 300 -mute all_high_mpi_rank_filebuf -out:mpi_tracer_to_file logs_17762/log -database /home/zhezhang/rosetta_vanilla/rosetta_database @flags_docking_replica @flags_replica_dock -parser:protocol dock_cen.xml
core.init: (2) Mini-Rosetta version 51211M from https://svn.rosettacommons.org/source/trunk/rosetta/rosetta_source
core.init: (2) command: /home/zhezhang/rosetta_vanilla/rosetta_source/bin/rosetta_scripts.mpi.linuxgccrelease -out:level 300 -mute all_high_mpi_rank_filebuf -out:mpi_tracer_to_file logs_17762/log -database /home/zhezhang/rosetta_vanilla/rosetta_database @flags_docking_replica @flags_replica_dock -parser:protocol dock_cen.xml
core.init: (0) Mini-Rosetta version 51211M from https://svn.rosettacommons.org/source/trunk/rosetta/rosetta_source
core.init: (0) command: /home/zhezhang/rosetta_vanilla/rosetta_source/bin/rosetta_scripts.mpi.linuxgccrelease -out:level 300 -mute all_high_mpi_rank_filebuf -out:mpi_tracer_to_file logs_17762/log -database /home/zhezhang/rosetta_vanilla/rosetta_database @flags_docking_replica @flags_replica_dock -parser:protocol dock_cen.xml
