core.init: Mini-Rosetta version 40577 from https://svn.rosettacommons.org/source/branches/releases/rosetta-3.2/rosetta_source
core.init: command: /netapp/home/colin/rosetta/rosetta-3.2/rosetta_source/bin/sequence_tolerance.linuxgccrelease -database /netapp/home/colin/rosetta/rosetta-3.2/rosetta_database -s 1N7T_V83K_0008_low.pdb -ex1 -ex2 -extrachi_cutoff 0 -seq_tol:fitness_master_weights 1 1 1 2 -ms:generations 5 -ms:pop_size 2000 -ms:pop_from_ss 1 -ms:checkpoint:prefix 1N7T_V83K_0008 -ms:checkpoint:interval 200 -ms:checkpoint:gz -ms:numresults 0 -out:prefix 1N7T_V83K_0008 -score:weights standard -score:patch score12 -score:ref_offsets HIS 1.2 -resfile /netapp/home/colin/backrub_seqtol/input_files/1N7T_V83K/1N7T_V83K_seqtol.resfile
core.init: 'RNG device' seed mode, using '/dev/urandom', seed=923144793 seed_offset=0 real_seed=923144793
core.init.random: RandomGenerator:init: Normal mode, seed=923144793 RG_type=mt19937
core.pack.task: Packer task: initialize from command line() 
core.pack.task: Packer task: initialize from command line() 
core.scoring.ScoreFunctionFactory: SCOREFUNCTION: standard
core.scoring.ScoreFunctionFactory: SCOREFUNCTION PATCH: score12
core.scoring.etable: Starting energy table calculation
core.scoring.etable: smooth_etable: changing atr/rep split to bottom of energy well
core.scoring.etable: smooth_etable: spline smoothing lj etables (maxdis = 6)
core.scoring.etable: smooth_etable: spline smoothing solvation etables (max_dis = 6)
core.scoring.etable: Finished calculating energy tables.
core.io.database: Database file opened: /netapp/home/colin/rosetta/rosetta-3.2/rosetta_database/pdb_pair_stats_fine
core.io.database: Database file opened: /netapp/home/colin/rosetta/rosetta-3.2/rosetta_database/scoring/score_functions/hbonds/standard_params/HBPoly1D.csv
core.io.database: Database file opened: /netapp/home/colin/rosetta/rosetta-3.2/rosetta_database/scoring/score_functions/hbonds/standard_params/HBFadeIntervals.csv
core.io.database: Database file opened: /netapp/home/colin/rosetta/rosetta-3.2/rosetta_database/scoring/score_functions/hbonds/standard_params/HBEval.csv
core.io.database: Database file opened: /netapp/home/colin/rosetta/rosetta-3.2/rosetta_database/P_AA
core.io.database: Database file opened: /netapp/home/colin/rosetta/rosetta-3.2/rosetta_database/P_AA_n
core.io.database: Database file opened: /netapp/home/colin/rosetta/rosetta-3.2/rosetta_database/P_AA_pp
core.io.database: Database file opened: /netapp/home/colin/rosetta/rosetta-3.2/rosetta_database/Rama_smooth_dyn.dat_ss_6.4
core.scoring.dunbrack: Dunbrack library took 0.02 seconds to load from binary
app.sequence_tolerance: Residue Decomposition: [Set 1 (A): [1, 2, 3, 4, 5, 6, 7, 8, 9, 10, 11, 12, 13, 14, 15, 16, 17, 18, 19, 20, 21, 22, 23, 24, 25, 26, 27, 28, 29, 30, 31, 32, 33, 34, 35, 36, 37, 38, 39, 40, 41, 42, 43, 44, 45, 46, 47, 48, 49, 50, 51, 52, 53, 54, 55, 56, 57, 58, 59, 60, 61, 62, 63, 64, 65, 66, 67, 68, 69, 70, 71, 72, 73, 74, 75, 76, 77, 78, 79, 80, 81, 82, 83, 84, 85, 86, 87, 88, 89, 90, 91, 92, 93, 94, 95, 96, 97, 98, 99, 100, 101, 102, 103], Set 2 (B): [104, 105, 106, 107, 108, 109, 110]]
app.sequence_tolerance: Fitness Function Master Weights: [1, 1, 1, 2]
app.sequence_tolerance: Fitness of Starting Structure: 
---------------------------------------------------------------------
Score Type                  Other        A        B      A-B    Total
---------------------------------------------------------------------
fa_atr                      0.000 -259.870   -6.997  -43.101 -309.968
fa_rep                      0.000   37.798    0.284    4.184   42.266
fa_sol                      0.000  121.768    4.938   23.276  149.982
fa_intra_rep                0.000    0.937    0.111    0.000    1.049
pro_close                   0.000    1.509    0.000    0.000    1.509
fa_pair                     0.000   -5.028   -0.326   -1.521   -6.875
hbond_sr_bb                -6.984    0.000    0.000    0.000   -6.984
hbond_lr_bb               -25.970    0.000    0.000    0.000  -25.970
hbond_bb_sc                 0.000   -3.198    0.000   -0.438   -3.637
hbond_sc                    0.000   -0.163    0.000   -3.085   -3.248
dslf_ss_dst                 0.000    0.000    0.000    0.000    0.000
dslf_cs_ang                 0.000    0.000    0.000    0.000    0.000
dslf_ss_dih                 0.000    0.000    0.000    0.000    0.000
dslf_ca_dih                 0.000    0.000    0.000    0.000    0.000
rama                        0.000   14.449    1.808    0.000   16.257
omega                       0.000    0.225    0.005    0.000    0.230
fa_dun                      0.000   77.133    5.387    0.000   82.520
p_aa_pp                     0.000   -8.160   -1.031    0.000   -9.191
ref                         0.000  -21.830    0.590    0.000  -21.240
---------------------------------------------------------------------
Total                     -32.953  -44.429    4.770  -20.686  -93.300

core.pack.interaction_graph.interaction_graph_factory: Instantiating PDInteractionGraph
core.pack.pack_rotamers: built 8843 rotamers at 33 positions.
core.pack.pack_rotamers: IG: 103693740 bytes
app.sequence_tolerance: There are 1 positive states and 0 negative states
protocols.multistate_design.MultiStatePacker: Best single-state design score:  -102.79
app.sequence_tolerance: Adding single-state design entities:
app.sequence_tolerance: AA:106:M AA:107:S AA:108:T AA:109:K AA:110:V 
app.sequence_tolerance: Generation 1:
app.sequence_tolerance: Distinct new entities: 2000
app.sequence_tolerance: Duplicate new entities: 0
app.sequence_tolerance: Entities from previous generation: 0
app.sequence_tolerance: Entities resurrected from earlier generations: 0
app.sequence_tolerance: Fitness Percentiles: 0%=-103.488 25%=-92.7508 50%=-87.1156 75%=-53.7796 100%=307.762
app.sequence_tolerance: Best new entity:
MultiStateEntity with traits: AA:106:W AA:107:E AA:108:T AA:109:W AA:110:V and fitness -103.488
 SingleState 1 with fitness: -103.488
app.sequence_tolerance: Generation 2:
app.sequence_tolerance: Distinct new entities: 1924
app.sequence_tolerance: Duplicate new entities: 3
app.sequence_tolerance: Entities from previous generation: 73
app.sequence_tolerance: Entities resurrected from earlier generations: 0
app.sequence_tolerance: Fitness Percentiles: 0%=-103.958 25%=-94.3842 50%=-90.762 75%=-70.2688 100%=248.165
app.sequence_tolerance: Best new entity:
MultiStateEntity with traits: AA:106:Y AA:107:E AA:108:H AA:109:W AA:110:V and fitness -103.958
 SingleState 1 with fitness: -103.958
app.sequence_tolerance: Generation 3:
app.sequence_tolerance: Distinct new entities: 1927
app.sequence_tolerance: Duplicate new entities: 3
app.sequence_tolerance: Entities from previous generation: 66
app.sequence_tolerance: Entities resurrected from earlier generations: 4
app.sequence_tolerance: Fitness Percentiles: 0%=-104.288 25%=-95.4274 50%=-92.7923 75%=-87.9884 100%=253.872
app.sequence_tolerance: Best new entity:
MultiStateEntity with traits: AA:106:F AA:107:E AA:108:E AA:109:W AA:110:V and fitness -104.288
 SingleState 1 with fitness: -104.288
app.sequence_tolerance: Generation 4:
app.sequence_tolerance: Distinct new entities: 1905
app.sequence_tolerance: Duplicate new entities: 4
app.sequence_tolerance: Entities from previous generation: 80
app.sequence_tolerance: Entities resurrected from earlier generations: 11
app.sequence_tolerance: Fitness Percentiles: 0%=-104.288 25%=-96.3022 50%=-94.052 75%=-90.757 100%=201.477
app.sequence_tolerance: Best new entity:
MultiStateEntity with traits: AA:106:Y AA:107:E AA:108:H AA:109:F AA:110:V and fitness -103.544
 SingleState 1 with fitness: -103.544
app.sequence_tolerance: Generation 5:
app.sequence_tolerance: Distinct new entities: 1893
app.sequence_tolerance: Duplicate new entities: 3
app.sequence_tolerance: Entities from previous generation: 92
app.sequence_tolerance: Entities resurrected from earlier generations: 12
app.sequence_tolerance: Fitness Percentiles: 0%=-104.288 25%=-96.6615 50%=-94.5355 75%=-91.0311 100%=240.661
app.sequence_tolerance: Best new entity:
MultiStateEntity with traits: AA:106:W AA:107:S AA:108:H AA:109:W AA:110:I and fitness -104.245
 SingleState 1 with fitness: -104.245
app.sequence_tolerance: Evaluated 9649 sequences out of 2476099 possible.
Best sequences:
