core.init: Mini-Rosetta version 40577 from https://svn.rosettacommons.org/source/branches/releases/rosetta-3.2/rosetta_source
core.init: command: /netapp/home/colin/rosetta/rosetta-3.2/rosetta_source/bin/backrub.linuxgccrelease -database /netapp/home/colin/rosetta/rosetta-3.2/rosetta_database -s /netapp/home/colin/backrub_seqtol/input_files/1N7T/1N7T_17.pdb -ignore_unrecognized_res -ex1 -ex2 -extrachi_cutoff 0 -out:prefix 1N7T_V83K_0017 -mute core.io.pdb.file_data -backrub:ntrials 10000 -score:weights standard -score:patch score12 -resfile /netapp/home/colin/backrub_seqtol/input_files/1N7T_V83K/1N7T_V83K_backrub.resfile -backrub:minimize_movemap /netapp/home/colin/backrub_seqtol/input_files/1N7T_V83K/1N7T_V83K_minimize.movemap
core.init: 'RNG device' seed mode, using '/dev/urandom', seed=-1531723550 seed_offset=0 real_seed=-1531723550
core.init.random: RandomGenerator:init: Normal mode, seed=-1531723550 RG_type=mt19937
core.scoring.ScoreFunctionFactory: SCOREFUNCTION: standard
core.scoring.ScoreFunctionFactory: SCOREFUNCTION PATCH: score12
core.scoring.etable: Starting energy table calculation
core.scoring.etable: smooth_etable: changing atr/rep split to bottom of energy well
core.scoring.etable: smooth_etable: spline smoothing lj etables (maxdis = 6)
core.scoring.etable: smooth_etable: spline smoothing solvation etables (max_dis = 6)
core.scoring.etable: Finished calculating energy tables.
core.io.database: Database file opened: /netapp/home/colin/rosetta/rosetta-3.2/rosetta_database/pdb_pair_stats_fine
core.io.database: Database file opened: /netapp/home/colin/rosetta/rosetta-3.2/rosetta_database/scoring/score_functions/hbonds/standard_params/HBPoly1D.csv
core.io.database: Database file opened: /netapp/home/colin/rosetta/rosetta-3.2/rosetta_database/scoring/score_functions/hbonds/standard_params/HBFadeIntervals.csv
core.io.database: Database file opened: /netapp/home/colin/rosetta/rosetta-3.2/rosetta_database/scoring/score_functions/hbonds/standard_params/HBEval.csv
core.io.database: Database file opened: /netapp/home/colin/rosetta/rosetta-3.2/rosetta_database/P_AA
core.io.database: Database file opened: /netapp/home/colin/rosetta/rosetta-3.2/rosetta_database/P_AA_n
core.io.database: Database file opened: /netapp/home/colin/rosetta/rosetta-3.2/rosetta_database/P_AA_pp
core.io.database: Database file opened: /netapp/home/colin/rosetta/rosetta-3.2/rosetta_database/Rama_smooth_dyn.dat_ss_6.4
core.mm.MMBondAngleLibrary: MM bond angle sets added fully assigned: 474; wildcard: 0 and 1 virtual parameter.
core.io.database: Database file opened: /netapp/home/colin/rosetta/rosetta-3.2/rosetta_database/branch_angle/branch_angle_1.txt
core.io.database: Database file opened: /netapp/home/colin/rosetta/rosetta-3.2/rosetta_database/branch_angle/branch_angle_2.txt
core.scoring.dunbrack: Dunbrack library took 0.02 seconds to load from binary
apps.backrub: Processing /netapp/home/colin/backrub_seqtol/input_files/1N7T/1N7T_17.pdb...
core.pack.task: Packer task: initialize from command line() 
protocols.moves.BackrubMover: Segment lengths: 3-34 atoms
protocols.moves.BackrubMover: Main chain pivot atoms: CA
protocols.moves.BackrubMover: Adding backrub segments for residues 1-110
protocols.moves.BackrubMover: Total Segments Added: 960
apps.backrub: Score After PDB Load:
apps.backrub: ------------------------------------------------------------
 Scores                       Weight   Raw Score Wghtd.Score
------------------------------------------------------------
 fa_atr                       0.800    -388.635    -310.908
 fa_rep                       0.440     192.045      84.500
 fa_sol                       0.650     234.735     152.578
 fa_intra_rep                 0.004     238.053       0.952
 mm_bend                      1.000      84.865      84.865
 pro_close                    1.000       1.797       1.797
 fa_pair                      0.490     -12.926      -6.334
 hbond_sr_bb                  0.585     -13.339      -7.803
 hbond_lr_bb                  1.170     -17.151     -20.067
 hbond_bb_sc                  1.170      -1.202      -1.407
 hbond_sc                     1.100      -0.505      -0.555
 dslf_ss_dst                  0.500       0.000       0.000
 dslf_cs_ang                  2.000       0.000       0.000
 dslf_ss_dih                  5.000       0.000       0.000
 dslf_ca_dih                  5.000       0.000       0.000
 rama                         0.200     134.695      26.939
 omega                        0.500       0.548       0.274
 fa_dun                       0.560     518.012     290.087
 p_aa_pp                      0.320     -20.810      -6.659
 ref                          1.000     -23.900     -23.900
---------------------------------------------------
 Total weighted score:                      264.358
core.pack.task: Packer task: initialize from command line() 
apps.backrub: Score After Branch Angle Optimization/Side Chain Idealization:
apps.backrub: ------------------------------------------------------------
 Scores                       Weight   Raw Score Wghtd.Score
------------------------------------------------------------
 fa_atr                       0.800    -387.104    -309.683
 fa_rep                       0.440     227.617     100.152
 fa_sol                       0.650     232.091     150.859
 fa_intra_rep                 0.004     264.352       1.057
 mm_bend                      1.000      55.089      55.089
 pro_close                    1.000       1.797       1.797
 fa_pair                      0.490     -13.140      -6.439
 hbond_sr_bb                  0.585     -13.339      -7.803
 hbond_lr_bb                  1.170     -17.151     -20.067
 hbond_bb_sc                  1.170      -0.726      -0.849
 hbond_sc                     1.100      -0.291      -0.320
 dslf_ss_dst                  0.500       0.000       0.000
 dslf_cs_ang                  2.000       0.000       0.000
 dslf_ss_dih                  5.000       0.000       0.000
 dslf_ca_dih                  5.000       0.000       0.000
 rama                         0.200     134.695      26.939
 omega                        0.500       0.548       0.274
 fa_dun                       0.560     518.058     290.112
 p_aa_pp                      0.320     -20.810      -6.659
 ref                          1.000     -23.900     -23.900
---------------------------------------------------
 Total weighted score:                      250.558
core.pack.task: Packer task: initialize from command line() 
apps.backrub: Starting ResidueType not allowed in resfile at position(s): 83
apps.backrub: Forcing initial pack
core.pack.task: Packer task: initialize from command line() 
core.pack.interaction_graph.interaction_graph_factory: Instantiating PDInteractionGraph
core.pack.pack_rotamers: built 7781 rotamers at 110 positions.
core.pack.pack_rotamers: IG: 22834568 bytes
apps.backrub: Running 10000 trials...
protocols.moves.MonteCarlo:      br_CA_CA_04 trials=    763;  accepts= 0.3906;  energy_drop/trial=  -0.00562
protocols.moves.MonteCarlo:      br_CA_CA_07 trials=    722;  accepts= 0.3269;  energy_drop/trial=   0.00706
protocols.moves.MonteCarlo:      br_CA_CA_10 trials=    736;  accepts= 0.2908;  energy_drop/trial=   0.01385
protocols.moves.MonteCarlo:      br_CA_CA_13 trials=    744;  accepts= 0.2702;  energy_drop/trial=  -0.02004
protocols.moves.MonteCarlo:      br_CA_CA_16 trials=    696;  accepts= 0.2270;  energy_drop/trial=   0.00490
protocols.moves.MonteCarlo:      br_CA_CA_19 trials=    626;  accepts= 0.2093;  energy_drop/trial=  -0.01643
protocols.moves.MonteCarlo:      br_CA_CA_22 trials=    661;  accepts= 0.1997;  energy_drop/trial=   0.00623
protocols.moves.MonteCarlo:      br_CA_CA_25 trials=    642;  accepts= 0.1900;  energy_drop/trial=  -0.00588
protocols.moves.MonteCarlo:      br_CA_CA_28 trials=    664;  accepts= 0.1521;  energy_drop/trial=  -0.00101
protocols.moves.MonteCarlo:      br_CA_CA_31 trials=    655;  accepts= 0.1756;  energy_drop/trial=  -0.00109
protocols.moves.MonteCarlo:      br_CA_CA_34 trials=    615;  accepts= 0.1902;  energy_drop/trial=   0.00307
protocols.moves.MonteCarlo:       sc_chi_rot trials=   2230;  accepts= 0.3166;  energy_drop/trial=   0.00621
protocols.moves.MonteCarlo:      sc_chi_unif trials=    246;  accepts= 0.0244;  energy_drop/trial=  -0.00076
apps.backrub: Last Score:
apps.backrub: ------------------------------------------------------------
 Scores                       Weight   Raw Score Wghtd.Score
------------------------------------------------------------
 fa_atr                       0.800    -371.603    -297.282
 fa_rep                       0.440     119.367      52.522
 fa_sol                       0.650     220.023     143.015
 fa_intra_rep                 0.004     255.827       1.023
 mm_bend                      1.000      51.497      51.497
 pro_close                    1.000       1.835       1.835
 fa_pair                      0.490     -11.468      -5.620
 hbond_sr_bb                  0.585      -9.836      -5.754
 hbond_lr_bb                  1.170     -18.125     -21.206
 hbond_bb_sc                  1.170      -4.483      -5.245
 hbond_sc                     1.100      -1.319      -1.451
 dslf_ss_dst                  0.500       0.000       0.000
 dslf_cs_ang                  2.000       0.000       0.000
 dslf_ss_dih                  5.000       0.000       0.000
 dslf_ca_dih                  5.000       0.000       0.000
 rama                         0.200      84.022      16.804
 omega                        0.500       0.559       0.280
 fa_dun                       0.560     164.786      92.280
 p_aa_pp                      0.320     -28.092      -8.990
 ref                          1.000     -24.840     -24.840
---------------------------------------------------
 Total weighted score:                      -11.130
apps.backrub: Low Score:
apps.backrub: ------------------------------------------------------------
 Scores                       Weight   Raw Score Wghtd.Score
------------------------------------------------------------
 fa_atr                       0.800    -385.475    -308.380
 fa_rep                       0.440     125.005      55.002
 fa_sol                       0.650     228.751     148.688
 fa_intra_rep                 0.004     246.617       0.986
 mm_bend                      1.000      48.210      48.210
 pro_close                    1.000       1.835       1.835
 fa_pair                      0.490     -12.939      -6.340
 hbond_sr_bb                  0.585     -12.821      -7.500
 hbond_lr_bb                  1.170     -18.205     -21.300
 hbond_bb_sc                  1.170      -4.870      -5.698
 hbond_sc                     1.100      -2.886      -3.174
 dslf_ss_dst                  0.500       0.000       0.000
 dslf_cs_ang                  2.000       0.000       0.000
 dslf_ss_dih                  5.000       0.000       0.000
 dslf_ca_dih                  5.000       0.000       0.000
 rama                         0.200     131.122      26.224
 omega                        0.500       0.559       0.280
 fa_dun                       0.560     140.851      78.877
 p_aa_pp                      0.320     -21.835      -6.987
 ref                          1.000     -24.840     -24.840
---------------------------------------------------
 Total weighted score:                      -24.118
