core.init: Mini-Rosetta version 40577 from https://svn.rosettacommons.org/source/branches/releases/rosetta-3.2/rosetta_source
core.init: command: /netapp/home/colin/rosetta/rosetta-3.2/rosetta_source/bin/backrub.linuxgccrelease -database /netapp/home/colin/rosetta/rosetta-3.2/rosetta_database -s /netapp/home/colin/backrub_seqtol/input_files/1N7T/1N7T_05.pdb -ignore_unrecognized_res -ex1 -ex2 -extrachi_cutoff 0 -out:prefix 1N7T_V83K_0005 -mute core.io.pdb.file_data -backrub:ntrials 10000 -score:weights standard -score:patch score12 -resfile /netapp/home/colin/backrub_seqtol/input_files/1N7T_V83K/1N7T_V83K_backrub.resfile -backrub:minimize_movemap /netapp/home/colin/backrub_seqtol/input_files/1N7T_V83K/1N7T_V83K_minimize.movemap
core.init: 'RNG device' seed mode, using '/dev/urandom', seed=-332285930 seed_offset=0 real_seed=-332285930
core.init.random: RandomGenerator:init: Normal mode, seed=-332285930 RG_type=mt19937
core.scoring.ScoreFunctionFactory: SCOREFUNCTION: standard
core.scoring.ScoreFunctionFactory: SCOREFUNCTION PATCH: score12
core.scoring.etable: Starting energy table calculation
core.scoring.etable: smooth_etable: changing atr/rep split to bottom of energy well
core.scoring.etable: smooth_etable: spline smoothing lj etables (maxdis = 6)
core.scoring.etable: smooth_etable: spline smoothing solvation etables (max_dis = 6)
core.scoring.etable: Finished calculating energy tables.
core.io.database: Database file opened: /netapp/home/colin/rosetta/rosetta-3.2/rosetta_database/pdb_pair_stats_fine
core.io.database: Database file opened: /netapp/home/colin/rosetta/rosetta-3.2/rosetta_database/scoring/score_functions/hbonds/standard_params/HBPoly1D.csv
core.io.database: Database file opened: /netapp/home/colin/rosetta/rosetta-3.2/rosetta_database/scoring/score_functions/hbonds/standard_params/HBFadeIntervals.csv
core.io.database: Database file opened: /netapp/home/colin/rosetta/rosetta-3.2/rosetta_database/scoring/score_functions/hbonds/standard_params/HBEval.csv
core.io.database: Database file opened: /netapp/home/colin/rosetta/rosetta-3.2/rosetta_database/P_AA
core.io.database: Database file opened: /netapp/home/colin/rosetta/rosetta-3.2/rosetta_database/P_AA_n
core.io.database: Database file opened: /netapp/home/colin/rosetta/rosetta-3.2/rosetta_database/P_AA_pp
core.io.database: Database file opened: /netapp/home/colin/rosetta/rosetta-3.2/rosetta_database/Rama_smooth_dyn.dat_ss_6.4
core.mm.MMBondAngleLibrary: MM bond angle sets added fully assigned: 474; wildcard: 0 and 1 virtual parameter.
core.io.database: Database file opened: /netapp/home/colin/rosetta/rosetta-3.2/rosetta_database/branch_angle/branch_angle_1.txt
core.io.database: Database file opened: /netapp/home/colin/rosetta/rosetta-3.2/rosetta_database/branch_angle/branch_angle_2.txt
core.scoring.dunbrack: Dunbrack library took 0.02 seconds to load from binary
apps.backrub: Processing /netapp/home/colin/backrub_seqtol/input_files/1N7T/1N7T_05.pdb...
core.pack.task: Packer task: initialize from command line() 
protocols.moves.BackrubMover: Segment lengths: 3-34 atoms
protocols.moves.BackrubMover: Main chain pivot atoms: CA
protocols.moves.BackrubMover: Adding backrub segments for residues 1-110
protocols.moves.BackrubMover: Total Segments Added: 960
apps.backrub: Score After PDB Load:
apps.backrub: ------------------------------------------------------------
 Scores                       Weight   Raw Score Wghtd.Score
------------------------------------------------------------
 fa_atr                       0.800    -395.801    -316.641
 fa_rep                       0.440     188.644      83.003
 fa_sol                       0.650     242.064     157.342
 fa_intra_rep                 0.004     222.063       0.888
 mm_bend                      1.000      84.231      84.231
 pro_close                    1.000       2.162       2.162
 fa_pair                      0.490     -12.085      -5.922
 hbond_sr_bb                  0.585     -13.662      -7.992
 hbond_lr_bb                  1.170     -18.186     -21.278
 hbond_bb_sc                  1.170      -2.419      -2.830
 hbond_sc                     1.100      -0.984      -1.082
 dslf_ss_dst                  0.500       0.000       0.000
 dslf_cs_ang                  2.000       0.000       0.000
 dslf_ss_dih                  5.000       0.000       0.000
 dslf_ca_dih                  5.000       0.000       0.000
 rama                         0.200     169.217      33.843
 omega                        0.500       0.470       0.235
 fa_dun                       0.560     506.017     283.369
 p_aa_pp                      0.320     -27.438      -8.780
 ref                          1.000     -23.900     -23.900
---------------------------------------------------
 Total weighted score:                      256.650
core.pack.task: Packer task: initialize from command line() 
apps.backrub: Score After Branch Angle Optimization/Side Chain Idealization:
apps.backrub: ------------------------------------------------------------
 Scores                       Weight   Raw Score Wghtd.Score
------------------------------------------------------------
 fa_atr                       0.800    -394.630    -315.704
 fa_rep                       0.440     211.841      93.210
 fa_sol                       0.650     239.752     155.839
 fa_intra_rep                 0.004     240.148       0.961
 mm_bend                      1.000      53.935      53.935
 pro_close                    1.000       2.162       2.162
 fa_pair                      0.490     -11.392      -5.582
 hbond_sr_bb                  0.585     -13.662      -7.992
 hbond_lr_bb                  1.170     -18.186     -21.278
 hbond_bb_sc                  1.170      -2.747      -3.215
 hbond_sc                     1.100      -0.576      -0.633
 dslf_ss_dst                  0.500       0.000       0.000
 dslf_cs_ang                  2.000       0.000       0.000
 dslf_ss_dih                  5.000       0.000       0.000
 dslf_ca_dih                  5.000       0.000       0.000
 rama                         0.200     169.217      33.843
 omega                        0.500       0.470       0.235
 fa_dun                       0.560     506.106     283.419
 p_aa_pp                      0.320     -27.438      -8.780
 ref                          1.000     -23.900     -23.900
---------------------------------------------------
 Total weighted score:                      236.520
core.pack.task: Packer task: initialize from command line() 
apps.backrub: Starting ResidueType not allowed in resfile at position(s): 83
apps.backrub: Forcing initial pack
core.pack.task: Packer task: initialize from command line() 
core.pack.interaction_graph.interaction_graph_factory: Instantiating PDInteractionGraph
core.pack.pack_rotamers: built 7637 rotamers at 110 positions.
core.pack.pack_rotamers: IG: 20743800 bytes
apps.backrub: Running 10000 trials...
protocols.moves.MonteCarlo:      br_CA_CA_04 trials=    792;  accepts= 0.3914;  energy_drop/trial=  -0.01983
protocols.moves.MonteCarlo:      br_CA_CA_07 trials=    750;  accepts= 0.3520;  energy_drop/trial=  -0.00148
protocols.moves.MonteCarlo:      br_CA_CA_10 trials=    747;  accepts= 0.3039;  energy_drop/trial=  -0.01389
protocols.moves.MonteCarlo:      br_CA_CA_13 trials=    724;  accepts= 0.2693;  energy_drop/trial=   0.01395
protocols.moves.MonteCarlo:      br_CA_CA_16 trials=    667;  accepts= 0.2459;  energy_drop/trial=  -0.01726
protocols.moves.MonteCarlo:      br_CA_CA_19 trials=    652;  accepts= 0.2485;  energy_drop/trial=  -0.02034
protocols.moves.MonteCarlo:      br_CA_CA_22 trials=    650;  accepts= 0.2246;  energy_drop/trial=   0.00013
protocols.moves.MonteCarlo:      br_CA_CA_25 trials=    676;  accepts= 0.1879;  energy_drop/trial=  -0.00156
protocols.moves.MonteCarlo:      br_CA_CA_28 trials=    611;  accepts= 0.2046;  energy_drop/trial=   0.00572
protocols.moves.MonteCarlo:      br_CA_CA_31 trials=    643;  accepts= 0.1773;  energy_drop/trial=  -0.00021
protocols.moves.MonteCarlo:      br_CA_CA_34 trials=    586;  accepts= 0.1672;  energy_drop/trial=   0.01913
protocols.moves.MonteCarlo:       sc_chi_rot trials=   2283;  accepts= 0.3644;  energy_drop/trial=   0.00463
protocols.moves.MonteCarlo:      sc_chi_unif trials=    219;  accepts= 0.0320;  energy_drop/trial=   0.01027
apps.backrub: Last Score:
apps.backrub: ------------------------------------------------------------
 Scores                       Weight   Raw Score Wghtd.Score
------------------------------------------------------------
 fa_atr                       0.800    -373.251    -298.601
 fa_rep                       0.440     123.110      54.168
 fa_sol                       0.650     220.949     143.617
 fa_intra_rep                 0.004     243.057       0.972
 mm_bend                      1.000      49.022      49.022
 pro_close                    1.000       2.437       2.437
 fa_pair                      0.490     -14.423      -7.067
 hbond_sr_bb                  0.585     -13.858      -8.107
 hbond_lr_bb                  1.170     -17.879     -20.918
 hbond_bb_sc                  1.170      -3.481      -4.073
 hbond_sc                     1.100      -1.474      -1.621
 dslf_ss_dst                  0.500       0.000       0.000
 dslf_cs_ang                  2.000       0.000       0.000
 dslf_ss_dih                  5.000       0.000       0.000
 dslf_ca_dih                  5.000       0.000       0.000
 rama                         0.200      95.627      19.125
 omega                        0.500       0.471       0.236
 fa_dun                       0.560     170.185      95.303
 p_aa_pp                      0.320     -41.289     -13.213
 ref                          1.000     -24.840     -24.840
---------------------------------------------------
 Total weighted score:                      -13.559
apps.backrub: Low Score:
apps.backrub: ------------------------------------------------------------
 Scores                       Weight   Raw Score Wghtd.Score
------------------------------------------------------------
 fa_atr                       0.800    -377.639    -302.111
 fa_rep                       0.440     107.389      47.251
 fa_sol                       0.650     221.277     143.830
 fa_intra_rep                 0.004     255.763       1.023
 mm_bend                      1.000      54.693      54.693
 pro_close                    1.000       2.437       2.437
 fa_pair                      0.490     -15.788      -7.736
 hbond_sr_bb                  0.585     -12.101      -7.079
 hbond_lr_bb                  1.170     -22.428     -26.241
 hbond_bb_sc                  1.170      -3.769      -4.410
 hbond_sc                     1.100      -2.664      -2.930
 dslf_ss_dst                  0.500       0.000       0.000
 dslf_cs_ang                  2.000       0.000       0.000
 dslf_ss_dih                  5.000       0.000       0.000
 dslf_ca_dih                  5.000       0.000       0.000
 rama                         0.200     119.263      23.853
 omega                        0.500       0.471       0.236
 fa_dun                       0.560     156.769      87.790
 p_aa_pp                      0.320     -41.641     -13.325
 ref                          1.000     -24.840     -24.840
---------------------------------------------------
 Total weighted score:                      -27.559
