core.init: Mini-Rosetta version 40577 from https://svn.rosettacommons.org/source/branches/releases/rosetta-3.2/rosetta_source
core.init: command: /netapp/home/colin/rosetta/rosetta-3.2/rosetta_source/bin/sequence_tolerance.linuxgccrelease -database /netapp/home/colin/rosetta/rosetta-3.2/rosetta_database -s 1N7T_V83K_0003_low.pdb -ex1 -ex2 -extrachi_cutoff 0 -seq_tol:fitness_master_weights 1 1 1 2 -ms:generations 5 -ms:pop_size 2000 -ms:pop_from_ss 1 -ms:checkpoint:prefix 1N7T_V83K_0003 -ms:checkpoint:interval 200 -ms:checkpoint:gz -ms:numresults 0 -out:prefix 1N7T_V83K_0003 -score:weights standard -score:patch score12 -score:ref_offsets HIS 1.2 -resfile /netapp/home/colin/backrub_seqtol/input_files/1N7T_V83K/1N7T_V83K_seqtol.resfile
core.init: 'RNG device' seed mode, using '/dev/urandom', seed=2136755629 seed_offset=0 real_seed=2136755629
core.init.random: RandomGenerator:init: Normal mode, seed=2136755629 RG_type=mt19937
core.pack.task: Packer task: initialize from command line() 
core.pack.task: Packer task: initialize from command line() 
core.scoring.ScoreFunctionFactory: SCOREFUNCTION: standard
core.scoring.ScoreFunctionFactory: SCOREFUNCTION PATCH: score12
core.scoring.etable: Starting energy table calculation
core.scoring.etable: smooth_etable: changing atr/rep split to bottom of energy well
core.scoring.etable: smooth_etable: spline smoothing lj etables (maxdis = 6)
core.scoring.etable: smooth_etable: spline smoothing solvation etables (max_dis = 6)
core.scoring.etable: Finished calculating energy tables.
core.io.database: Database file opened: /netapp/home/colin/rosetta/rosetta-3.2/rosetta_database/pdb_pair_stats_fine
core.io.database: Database file opened: /netapp/home/colin/rosetta/rosetta-3.2/rosetta_database/scoring/score_functions/hbonds/standard_params/HBPoly1D.csv
core.io.database: Database file opened: /netapp/home/colin/rosetta/rosetta-3.2/rosetta_database/scoring/score_functions/hbonds/standard_params/HBFadeIntervals.csv
core.io.database: Database file opened: /netapp/home/colin/rosetta/rosetta-3.2/rosetta_database/scoring/score_functions/hbonds/standard_params/HBEval.csv
core.io.database: Database file opened: /netapp/home/colin/rosetta/rosetta-3.2/rosetta_database/P_AA
core.io.database: Database file opened: /netapp/home/colin/rosetta/rosetta-3.2/rosetta_database/P_AA_n
core.io.database: Database file opened: /netapp/home/colin/rosetta/rosetta-3.2/rosetta_database/P_AA_pp
core.io.database: Database file opened: /netapp/home/colin/rosetta/rosetta-3.2/rosetta_database/Rama_smooth_dyn.dat_ss_6.4
core.scoring.dunbrack: Dunbrack library took 0.02 seconds to load from binary
app.sequence_tolerance: Residue Decomposition: [Set 1 (A): [1, 2, 3, 4, 5, 6, 7, 8, 9, 10, 11, 12, 13, 14, 15, 16, 17, 18, 19, 20, 21, 22, 23, 24, 25, 26, 27, 28, 29, 30, 31, 32, 33, 34, 35, 36, 37, 38, 39, 40, 41, 42, 43, 44, 45, 46, 47, 48, 49, 50, 51, 52, 53, 54, 55, 56, 57, 58, 59, 60, 61, 62, 63, 64, 65, 66, 67, 68, 69, 70, 71, 72, 73, 74, 75, 76, 77, 78, 79, 80, 81, 82, 83, 84, 85, 86, 87, 88, 89, 90, 91, 92, 93, 94, 95, 96, 97, 98, 99, 100, 101, 102, 103], Set 2 (B): [104, 105, 106, 107, 108, 109, 110]]
app.sequence_tolerance: Fitness Function Master Weights: [1, 1, 1, 2]
app.sequence_tolerance: Fitness of Starting Structure: 
---------------------------------------------------------------------
Score Type                  Other        A        B      A-B    Total
---------------------------------------------------------------------
fa_atr                      0.000 -256.252   -7.229  -41.404 -304.885
fa_rep                      0.000   42.066    0.279    4.996   47.342
fa_sol                      0.000  120.259    4.536   24.661  149.456
fa_intra_rep                0.000    0.877    0.094    0.000    0.971
pro_close                   0.000    1.797    0.000    0.000    1.797
fa_pair                     0.000   -5.562    0.003   -1.568   -7.127
hbond_sr_bb                -7.313    0.000    0.000    0.000   -7.313
hbond_lr_bb               -25.377    0.000    0.000    0.000  -25.377
hbond_bb_sc                 0.000   -4.245    0.000   -1.012   -5.257
hbond_sc                    0.000   -0.196    0.000    0.000   -0.196
dslf_ss_dst                 0.000    0.000    0.000    0.000    0.000
dslf_cs_ang                 0.000    0.000    0.000    0.000    0.000
dslf_ss_dih                 0.000    0.000    0.000    0.000    0.000
dslf_ca_dih                 0.000    0.000    0.000    0.000    0.000
rama                        0.000   16.321    1.144    0.000   17.465
omega                       0.000    0.274    0.004    0.000    0.278
fa_dun                      0.000   76.079    4.624    0.000   80.704
p_aa_pp                     0.000   -9.947    0.854    0.000   -9.093
ref                         0.000  -21.830    0.590    0.000  -21.240
---------------------------------------------------------------------
Total                     -32.690  -40.358    4.900  -14.327  -82.475

core.pack.interaction_graph.interaction_graph_factory: Instantiating PDInteractionGraph
core.pack.pack_rotamers: built 8560 rotamers at 33 positions.
core.pack.pack_rotamers: IG: 97486232 bytes
app.sequence_tolerance: There are 1 positive states and 0 negative states
protocols.multistate_design.MultiStatePacker: Best single-state design score:   -96.95
app.sequence_tolerance: Adding single-state design entities:
app.sequence_tolerance: AA:106:Y AA:107:T AA:108:E AA:109:K AA:110:I 
app.sequence_tolerance: Generation 1:
app.sequence_tolerance: Distinct new entities: 1998
app.sequence_tolerance: Duplicate new entities: 2
app.sequence_tolerance: Entities from previous generation: 0
app.sequence_tolerance: Entities resurrected from earlier generations: 0
app.sequence_tolerance: Fitness Percentiles: 0%=-96.5278 25%=-86.4791 50%=-81.968 75%=40.9782 100%=1253.29
app.sequence_tolerance: Best new entity:
MultiStateEntity with traits: AA:106:Y AA:107:T AA:108:E AA:109:K AA:110:I and fitness -96.528
 SingleState 1 with fitness: -96.5278
app.sequence_tolerance: Generation 2:
app.sequence_tolerance: Distinct new entities: 1917
app.sequence_tolerance: Duplicate new entities: 4
app.sequence_tolerance: Entities from previous generation: 79
app.sequence_tolerance: Entities resurrected from earlier generations: 0
app.sequence_tolerance: Fitness Percentiles: 0%=-97.0519 25%=-87.8027 50%=-84.8785 75%=-70.4137 100%=1088.24
app.sequence_tolerance: Best new entity:
MultiStateEntity with traits: AA:106:T AA:107:A AA:108:E AA:109:F AA:110:I and fitness -97.052
 SingleState 1 with fitness: -97.0519
app.sequence_tolerance: Generation 3:
app.sequence_tolerance: Distinct new entities: 1907
app.sequence_tolerance: Duplicate new entities: 9
app.sequence_tolerance: Entities from previous generation: 79
app.sequence_tolerance: Entities resurrected from earlier generations: 5
app.sequence_tolerance: Fitness Percentiles: 0%=-97.734 25%=-88.9145 50%=-86.5274 75%=-83.0376 100%=1077.31
app.sequence_tolerance: Best new entity:
MultiStateEntity with traits: AA:106:V AA:107:T AA:108:E AA:109:F AA:110:I and fitness -97.734
 SingleState 1 with fitness: -97.734
app.sequence_tolerance: Generation 4:
app.sequence_tolerance: Distinct new entities: 1913
app.sequence_tolerance: Duplicate new entities: 5
app.sequence_tolerance: Entities from previous generation: 77
app.sequence_tolerance: Entities resurrected from earlier generations: 5
app.sequence_tolerance: Fitness Percentiles: 0%=-99.0472 25%=-89.7888 50%=-87.4457 75%=-84.5475 100%=1246.65
app.sequence_tolerance: Best new entity:
MultiStateEntity with traits: AA:106:Y AA:107:Y AA:108:E AA:109:F AA:110:I and fitness -99.047
 SingleState 1 with fitness: -99.0472
app.sequence_tolerance: Generation 5:
app.sequence_tolerance: Distinct new entities: 1890
app.sequence_tolerance: Duplicate new entities: 5
app.sequence_tolerance: Entities from previous generation: 92
app.sequence_tolerance: Entities resurrected from earlier generations: 13
app.sequence_tolerance: Fitness Percentiles: 0%=-99.0472 25%=-90.4892 50%=-88.168 75%=-85.2309 100%=1089.74
app.sequence_tolerance: Best new entity:
MultiStateEntity with traits: AA:106:E AA:107:T AA:108:E AA:109:F AA:110:I and fitness -97.729
 SingleState 1 with fitness: -97.7287
app.sequence_tolerance: Evaluated 9625 sequences out of 2476099 possible.
Best sequences:
