core.init: Mini-Rosetta version 40577 from https://svn.rosettacommons.org/source/branches/releases/rosetta-3.2/rosetta_source
core.init: command: /netapp/home/colin/rosetta/rosetta-3.2/rosetta_source/bin/sequence_tolerance.linuxgccrelease -database /netapp/home/colin/rosetta/rosetta-3.2/rosetta_database -s 1N7T_V83K_0010_low.pdb -ex1 -ex2 -extrachi_cutoff 0 -seq_tol:fitness_master_weights 1 1 1 2 -ms:generations 5 -ms:pop_size 2000 -ms:pop_from_ss 1 -ms:checkpoint:prefix 1N7T_V83K_0010 -ms:checkpoint:interval 200 -ms:checkpoint:gz -ms:numresults 0 -out:prefix 1N7T_V83K_0010 -score:weights standard -score:patch score12 -score:ref_offsets HIS 1.2 -resfile /netapp/home/colin/backrub_seqtol/input_files/1N7T_V83K/1N7T_V83K_seqtol.resfile
core.init: 'RNG device' seed mode, using '/dev/urandom', seed=1463736490 seed_offset=0 real_seed=1463736490
core.init.random: RandomGenerator:init: Normal mode, seed=1463736490 RG_type=mt19937
core.pack.task: Packer task: initialize from command line() 
core.pack.task: Packer task: initialize from command line() 
core.scoring.ScoreFunctionFactory: SCOREFUNCTION: standard
core.scoring.ScoreFunctionFactory: SCOREFUNCTION PATCH: score12
core.scoring.etable: Starting energy table calculation
core.scoring.etable: smooth_etable: changing atr/rep split to bottom of energy well
core.scoring.etable: smooth_etable: spline smoothing lj etables (maxdis = 6)
core.scoring.etable: smooth_etable: spline smoothing solvation etables (max_dis = 6)
core.scoring.etable: Finished calculating energy tables.
core.io.database: Database file opened: /netapp/home/colin/rosetta/rosetta-3.2/rosetta_database/pdb_pair_stats_fine
core.io.database: Database file opened: /netapp/home/colin/rosetta/rosetta-3.2/rosetta_database/scoring/score_functions/hbonds/standard_params/HBPoly1D.csv
core.io.database: Database file opened: /netapp/home/colin/rosetta/rosetta-3.2/rosetta_database/scoring/score_functions/hbonds/standard_params/HBFadeIntervals.csv
core.io.database: Database file opened: /netapp/home/colin/rosetta/rosetta-3.2/rosetta_database/scoring/score_functions/hbonds/standard_params/HBEval.csv
core.io.database: Database file opened: /netapp/home/colin/rosetta/rosetta-3.2/rosetta_database/P_AA
core.io.database: Database file opened: /netapp/home/colin/rosetta/rosetta-3.2/rosetta_database/P_AA_n
core.io.database: Database file opened: /netapp/home/colin/rosetta/rosetta-3.2/rosetta_database/P_AA_pp
core.io.database: Database file opened: /netapp/home/colin/rosetta/rosetta-3.2/rosetta_database/Rama_smooth_dyn.dat_ss_6.4
core.scoring.dunbrack: Dunbrack library took 0.03 seconds to load from binary
app.sequence_tolerance: Residue Decomposition: [Set 1 (A): [1, 2, 3, 4, 5, 6, 7, 8, 9, 10, 11, 12, 13, 14, 15, 16, 17, 18, 19, 20, 21, 22, 23, 24, 25, 26, 27, 28, 29, 30, 31, 32, 33, 34, 35, 36, 37, 38, 39, 40, 41, 42, 43, 44, 45, 46, 47, 48, 49, 50, 51, 52, 53, 54, 55, 56, 57, 58, 59, 60, 61, 62, 63, 64, 65, 66, 67, 68, 69, 70, 71, 72, 73, 74, 75, 76, 77, 78, 79, 80, 81, 82, 83, 84, 85, 86, 87, 88, 89, 90, 91, 92, 93, 94, 95, 96, 97, 98, 99, 100, 101, 102, 103], Set 2 (B): [104, 105, 106, 107, 108, 109, 110]]
app.sequence_tolerance: Fitness Function Master Weights: [1, 1, 1, 2]
app.sequence_tolerance: Fitness of Starting Structure: 
---------------------------------------------------------------------
Score Type                  Other        A        B      A-B    Total
---------------------------------------------------------------------
fa_atr                      0.000 -255.776   -7.059  -41.966 -304.801
fa_rep                      0.000   43.342    0.305    4.253   47.900
fa_sol                      0.000  120.890    4.498   20.471  145.859
fa_intra_rep                0.000    0.904    0.098    0.000    1.002
pro_close                   0.000    1.670    0.000    0.000    1.670
fa_pair                     0.000   -5.834    0.010   -1.347   -7.171
hbond_sr_bb                -7.185    0.000    0.000    0.000   -7.185
hbond_lr_bb               -23.073    0.000    0.000    0.000  -23.073
hbond_bb_sc                 0.000   -3.862   -0.145    0.000   -4.007
hbond_sc                    0.000   -0.052    0.000   -1.815   -1.867
dslf_ss_dst                 0.000    0.000    0.000    0.000    0.000
dslf_cs_ang                 0.000    0.000    0.000    0.000    0.000
dslf_ss_dih                 0.000    0.000    0.000    0.000    0.000
dslf_ca_dih                 0.000    0.000    0.000    0.000    0.000
rama                        0.000   20.548    1.724    0.000   22.272
omega                       0.000    0.183    0.002    0.000    0.185
fa_dun                      0.000   78.319    4.844    0.000   83.163
p_aa_pp                     0.000  -12.264   -0.614    0.000  -12.878
ref                         0.000  -21.830    0.590    0.000  -21.240
---------------------------------------------------------------------
Total                     -30.258  -33.761    4.252  -20.405  -80.172

core.pack.interaction_graph.interaction_graph_factory: Instantiating PDInteractionGraph
core.pack.pack_rotamers: built 8997 rotamers at 33 positions.
core.pack.pack_rotamers: IG: 108608932 bytes
app.sequence_tolerance: There are 1 positive states and 0 negative states
protocols.multistate_design.MultiStatePacker: Best single-state design score:   -91.18
app.sequence_tolerance: Adding single-state design entities:
app.sequence_tolerance: AA:106:T AA:107:S AA:108:D AA:109:W AA:110:V 
app.sequence_tolerance: Generation 1:
app.sequence_tolerance: Distinct new entities: 2000
app.sequence_tolerance: Duplicate new entities: 0
app.sequence_tolerance: Entities from previous generation: 0
app.sequence_tolerance: Entities resurrected from earlier generations: 0
app.sequence_tolerance: Fitness Percentiles: 0%=-91.1788 25%=-75.4076 50%=-68.1905 75%=-31.8746 100%=1042.76
app.sequence_tolerance: Best new entity:
MultiStateEntity with traits: AA:106:T AA:107:S AA:108:D AA:109:W AA:110:V and fitness -91.179
 SingleState 1 with fitness: -91.1788
app.sequence_tolerance: Generation 2:
app.sequence_tolerance: Distinct new entities: 1918
app.sequence_tolerance: Duplicate new entities: 4
app.sequence_tolerance: Entities from previous generation: 78
app.sequence_tolerance: Entities resurrected from earlier generations: 0
app.sequence_tolerance: Fitness Percentiles: 0%=-91.1788 25%=-77.2959 50%=-73.5046 75%=-62.9053 100%=995.172
app.sequence_tolerance: Best new entity:
MultiStateEntity with traits: AA:106:K AA:107:W AA:108:T AA:109:W AA:110:V and fitness -88.086
 SingleState 1 with fitness: -88.086
app.sequence_tolerance: Generation 3:
app.sequence_tolerance: Distinct new entities: 1919
app.sequence_tolerance: Duplicate new entities: 2
app.sequence_tolerance: Entities from previous generation: 76
app.sequence_tolerance: Entities resurrected from earlier generations: 3
app.sequence_tolerance: Fitness Percentiles: 0%=-91.6616 25%=-78.6322 50%=-75.6843 75%=-70.5404 100%=999.654
app.sequence_tolerance: Best new entity:
MultiStateEntity with traits: AA:106:V AA:107:E AA:108:D AA:109:W AA:110:V and fitness -91.662
 SingleState 1 with fitness: -91.6616
app.sequence_tolerance: Generation 4:
app.sequence_tolerance: Distinct new entities: 1920
app.sequence_tolerance: Duplicate new entities: 6
app.sequence_tolerance: Entities from previous generation: 64
app.sequence_tolerance: Entities resurrected from earlier generations: 10
app.sequence_tolerance: Fitness Percentiles: 0%=-91.6616 25%=-79.431 50%=-76.8572 75%=-72.822 100%=962.753
app.sequence_tolerance: Best new entity:
MultiStateEntity with traits: AA:106:W AA:107:E AA:108:D AA:109:W AA:110:V and fitness -91.331
 SingleState 1 with fitness: -91.3312
app.sequence_tolerance: Generation 5:
app.sequence_tolerance: Distinct new entities: 1892
app.sequence_tolerance: Duplicate new entities: 3
app.sequence_tolerance: Entities from previous generation: 88
app.sequence_tolerance: Entities resurrected from earlier generations: 17
app.sequence_tolerance: Fitness Percentiles: 0%=-91.6616 25%=-80.4379 50%=-77.6993 75%=-74.1127 100%=990.263
app.sequence_tolerance: Best new entity:
MultiStateEntity with traits: AA:106:V AA:107:E AA:108:T AA:109:W AA:110:V and fitness -91.255
 SingleState 1 with fitness: -91.2547
app.sequence_tolerance: Evaluated 9649 sequences out of 2476099 possible.
Best sequences:
