core.init: Mini-Rosetta version 40577 from https://svn.rosettacommons.org/source/branches/releases/rosetta-3.2/rosetta_source
core.init: command: /netapp/home/colin/rosetta/rosetta-3.2/rosetta_source/bin/backrub.linuxgccrelease -database /netapp/home/colin/rosetta/rosetta-3.2/rosetta_database -s /netapp/home/colin/backrub_seqtol/input_files/1N7T/1N7T_11.pdb -ignore_unrecognized_res -ex1 -ex2 -extrachi_cutoff 0 -out:prefix 1N7T_V83K_0011 -mute core.io.pdb.file_data -backrub:ntrials 10000 -score:weights standard -score:patch score12 -resfile /netapp/home/colin/backrub_seqtol/input_files/1N7T_V83K/1N7T_V83K_backrub.resfile -backrub:minimize_movemap /netapp/home/colin/backrub_seqtol/input_files/1N7T_V83K/1N7T_V83K_minimize.movemap
core.init: 'RNG device' seed mode, using '/dev/urandom', seed=-64693927 seed_offset=0 real_seed=-64693927
core.init.random: RandomGenerator:init: Normal mode, seed=-64693927 RG_type=mt19937
core.scoring.ScoreFunctionFactory: SCOREFUNCTION: standard
core.scoring.ScoreFunctionFactory: SCOREFUNCTION PATCH: score12
core.scoring.etable: Starting energy table calculation
core.scoring.etable: smooth_etable: changing atr/rep split to bottom of energy well
core.scoring.etable: smooth_etable: spline smoothing lj etables (maxdis = 6)
core.scoring.etable: smooth_etable: spline smoothing solvation etables (max_dis = 6)
core.scoring.etable: Finished calculating energy tables.
core.io.database: Database file opened: /netapp/home/colin/rosetta/rosetta-3.2/rosetta_database/pdb_pair_stats_fine
core.io.database: Database file opened: /netapp/home/colin/rosetta/rosetta-3.2/rosetta_database/scoring/score_functions/hbonds/standard_params/HBPoly1D.csv
core.io.database: Database file opened: /netapp/home/colin/rosetta/rosetta-3.2/rosetta_database/scoring/score_functions/hbonds/standard_params/HBFadeIntervals.csv
core.io.database: Database file opened: /netapp/home/colin/rosetta/rosetta-3.2/rosetta_database/scoring/score_functions/hbonds/standard_params/HBEval.csv
core.io.database: Database file opened: /netapp/home/colin/rosetta/rosetta-3.2/rosetta_database/P_AA
core.io.database: Database file opened: /netapp/home/colin/rosetta/rosetta-3.2/rosetta_database/P_AA_n
core.io.database: Database file opened: /netapp/home/colin/rosetta/rosetta-3.2/rosetta_database/P_AA_pp
core.io.database: Database file opened: /netapp/home/colin/rosetta/rosetta-3.2/rosetta_database/Rama_smooth_dyn.dat_ss_6.4
core.mm.MMBondAngleLibrary: MM bond angle sets added fully assigned: 474; wildcard: 0 and 1 virtual parameter.
core.io.database: Database file opened: /netapp/home/colin/rosetta/rosetta-3.2/rosetta_database/branch_angle/branch_angle_1.txt
core.io.database: Database file opened: /netapp/home/colin/rosetta/rosetta-3.2/rosetta_database/branch_angle/branch_angle_2.txt
core.scoring.dunbrack: Dunbrack library took 0.03 seconds to load from binary
apps.backrub: Processing /netapp/home/colin/backrub_seqtol/input_files/1N7T/1N7T_11.pdb...
core.pack.task: Packer task: initialize from command line() 
protocols.moves.BackrubMover: Segment lengths: 3-34 atoms
protocols.moves.BackrubMover: Main chain pivot atoms: CA
protocols.moves.BackrubMover: Adding backrub segments for residues 1-110
protocols.moves.BackrubMover: Total Segments Added: 960
apps.backrub: Score After PDB Load:
apps.backrub: ------------------------------------------------------------
 Scores                       Weight   Raw Score Wghtd.Score
------------------------------------------------------------
 fa_atr                       0.800    -396.527    -317.222
 fa_rep                       0.440     185.194      81.485
 fa_sol                       0.650     244.533     158.947
 fa_intra_rep                 0.004     236.306       0.945
 mm_bend                      1.000      85.239      85.239
 pro_close                    1.000       1.642       1.642
 fa_pair                      0.490     -12.979      -6.360
 hbond_sr_bb                  0.585     -10.859      -6.352
 hbond_lr_bb                  1.170     -19.535     -22.856
 hbond_bb_sc                  1.170      -1.890      -2.211
 hbond_sc                     1.100       0.000       0.000
 dslf_ss_dst                  0.500       0.000       0.000
 dslf_cs_ang                  2.000       0.000       0.000
 dslf_ss_dih                  5.000       0.000       0.000
 dslf_ca_dih                  5.000       0.000       0.000
 rama                         0.200     124.429      24.886
 omega                        0.500       0.629       0.314
 fa_dun                       0.560     513.713     287.679
 p_aa_pp                      0.320     -23.784      -7.611
 ref                          1.000     -23.900     -23.900
---------------------------------------------------
 Total weighted score:                      254.626
core.pack.task: Packer task: initialize from command line() 
apps.backrub: Score After Branch Angle Optimization/Side Chain Idealization:
apps.backrub: ------------------------------------------------------------
 Scores                       Weight   Raw Score Wghtd.Score
------------------------------------------------------------
 fa_atr                       0.800    -394.745    -315.796
 fa_rep                       0.440     222.661      97.971
 fa_sol                       0.650     241.081     156.703
 fa_intra_rep                 0.004     256.987       1.028
 mm_bend                      1.000      56.070      56.070
 pro_close                    1.000       1.642       1.642
 fa_pair                      0.490     -12.999      -6.370
 hbond_sr_bb                  0.585     -10.859      -6.352
 hbond_lr_bb                  1.170     -19.535     -22.856
 hbond_bb_sc                  1.170      -2.006      -2.347
 hbond_sc                     1.100       0.000       0.000
 dslf_ss_dst                  0.500       0.000       0.000
 dslf_cs_ang                  2.000       0.000       0.000
 dslf_ss_dih                  5.000       0.000       0.000
 dslf_ca_dih                  5.000       0.000       0.000
 rama                         0.200     124.429      24.886
 omega                        0.500       0.629       0.314
 fa_dun                       0.560     513.795     287.725
 p_aa_pp                      0.320     -23.784      -7.611
 ref                          1.000     -23.900     -23.900
---------------------------------------------------
 Total weighted score:                      241.107
core.pack.task: Packer task: initialize from command line() 
apps.backrub: Starting ResidueType not allowed in resfile at position(s): 83
apps.backrub: Forcing initial pack
core.pack.task: Packer task: initialize from command line() 
core.pack.interaction_graph.interaction_graph_factory: Instantiating PDInteractionGraph
core.pack.pack_rotamers: built 7673 rotamers at 110 positions.
core.pack.pack_rotamers: IG: 21359712 bytes
apps.backrub: Running 10000 trials...
protocols.moves.MonteCarlo:      br_CA_CA_04 trials=    779;  accepts= 0.3954;  energy_drop/trial=   0.00863
protocols.moves.MonteCarlo:      br_CA_CA_07 trials=    740;  accepts= 0.3554;  energy_drop/trial=  -0.01714
protocols.moves.MonteCarlo:      br_CA_CA_10 trials=    729;  accepts= 0.3278;  energy_drop/trial=   0.01469
protocols.moves.MonteCarlo:      br_CA_CA_13 trials=    666;  accepts= 0.2778;  energy_drop/trial=  -0.00316
protocols.moves.MonteCarlo:      br_CA_CA_16 trials=    723;  accepts= 0.2006;  energy_drop/trial=  -0.00593
protocols.moves.MonteCarlo:      br_CA_CA_19 trials=    683;  accepts= 0.2182;  energy_drop/trial=  -0.00168
protocols.moves.MonteCarlo:      br_CA_CA_22 trials=    672;  accepts= 0.2381;  energy_drop/trial=  -0.01554
protocols.moves.MonteCarlo:      br_CA_CA_25 trials=    649;  accepts= 0.2265;  energy_drop/trial=   0.01212
protocols.moves.MonteCarlo:      br_CA_CA_28 trials=    671;  accepts= 0.2116;  energy_drop/trial=   0.00749
protocols.moves.MonteCarlo:      br_CA_CA_31 trials=    621;  accepts= 0.1836;  energy_drop/trial=   0.00029
protocols.moves.MonteCarlo:      br_CA_CA_34 trials=    597;  accepts= 0.1943;  energy_drop/trial=   0.00529
protocols.moves.MonteCarlo:       sc_chi_rot trials=   2217;  accepts= 0.3460;  energy_drop/trial=   0.00035
protocols.moves.MonteCarlo:      sc_chi_unif trials=    253;  accepts= 0.0395;  energy_drop/trial=   0.00082
apps.backrub: Last Score:
apps.backrub: ------------------------------------------------------------
 Scores                       Weight   Raw Score Wghtd.Score
------------------------------------------------------------
 fa_atr                       0.800    -358.601    -286.880
 fa_rep                       0.440     108.349      47.673
 fa_sol                       0.650     215.519     140.088
 fa_intra_rep                 0.004     249.400       0.998
 mm_bend                      1.000      47.906      47.906
 pro_close                    1.000       1.551       1.551
 fa_pair                      0.490     -12.225      -5.990
 hbond_sr_bb                  0.585     -11.636      -6.807
 hbond_lr_bb                  1.170     -19.509     -22.826
 hbond_bb_sc                  1.170      -5.662      -6.625
 hbond_sc                     1.100      -1.217      -1.338
 dslf_ss_dst                  0.500       0.000       0.000
 dslf_cs_ang                  2.000       0.000       0.000
 dslf_ss_dih                  5.000       0.000       0.000
 dslf_ca_dih                  5.000       0.000       0.000
 rama                         0.200     102.375      20.475
 omega                        0.500       0.635       0.318
 fa_dun                       0.560     156.291      87.523
 p_aa_pp                      0.320     -29.673      -9.495
 ref                          1.000     -24.840     -24.840
---------------------------------------------------
 Total weighted score:                      -18.271
apps.backrub: Low Score:
apps.backrub: ------------------------------------------------------------
 Scores                       Weight   Raw Score Wghtd.Score
------------------------------------------------------------
 fa_atr                       0.800    -370.305    -296.244
 fa_rep                       0.440     113.884      50.109
 fa_sol                       0.650     216.362     140.635
 fa_intra_rep                 0.004     267.169       1.069
 mm_bend                      1.000      52.879      52.879
 pro_close                    1.000       1.551       1.551
 fa_pair                      0.490     -14.309      -7.012
 hbond_sr_bb                  0.585     -11.404      -6.671
 hbond_lr_bb                  1.170     -20.469     -23.948
 hbond_bb_sc                  1.170      -2.909      -3.403
 hbond_sc                     1.100      -3.474      -3.821
 dslf_ss_dst                  0.500       0.000       0.000
 dslf_cs_ang                  2.000       0.000       0.000
 dslf_ss_dih                  5.000       0.000       0.000
 dslf_ca_dih                  5.000       0.000       0.000
 rama                         0.200     123.134      24.627
 omega                        0.500       0.635       0.318
 fa_dun                       0.560     141.364      79.164
 p_aa_pp                      0.320     -28.720      -9.191
 ref                          1.000     -24.840     -24.840
---------------------------------------------------
 Total weighted score:                      -24.780
