core.init: Mini-Rosetta version 40577 from https://svn.rosettacommons.org/source/branches/releases/rosetta-3.2/rosetta_source
core.init: command: /netapp/home/colin/rosetta/rosetta-3.2/rosetta_source/bin/backrub.linuxgccrelease -database /netapp/home/colin/rosetta/rosetta-3.2/rosetta_database -s /netapp/home/colin/backrub_seqtol/input_files/1N7T/1N7T_08.pdb -ignore_unrecognized_res -ex1 -ex2 -extrachi_cutoff 0 -out:prefix 1N7T_V83K_0008 -mute core.io.pdb.file_data -backrub:ntrials 10000 -score:weights standard -score:patch score12 -resfile /netapp/home/colin/backrub_seqtol/input_files/1N7T_V83K/1N7T_V83K_backrub.resfile -backrub:minimize_movemap /netapp/home/colin/backrub_seqtol/input_files/1N7T_V83K/1N7T_V83K_minimize.movemap
core.init: 'RNG device' seed mode, using '/dev/urandom', seed=1495748509 seed_offset=0 real_seed=1495748509
core.init.random: RandomGenerator:init: Normal mode, seed=1495748509 RG_type=mt19937
core.scoring.ScoreFunctionFactory: SCOREFUNCTION: standard
core.scoring.ScoreFunctionFactory: SCOREFUNCTION PATCH: score12
core.scoring.etable: Starting energy table calculation
core.scoring.etable: smooth_etable: changing atr/rep split to bottom of energy well
core.scoring.etable: smooth_etable: spline smoothing lj etables (maxdis = 6)
core.scoring.etable: smooth_etable: spline smoothing solvation etables (max_dis = 6)
core.scoring.etable: Finished calculating energy tables.
core.io.database: Database file opened: /netapp/home/colin/rosetta/rosetta-3.2/rosetta_database/pdb_pair_stats_fine
core.io.database: Database file opened: /netapp/home/colin/rosetta/rosetta-3.2/rosetta_database/scoring/score_functions/hbonds/standard_params/HBPoly1D.csv
core.io.database: Database file opened: /netapp/home/colin/rosetta/rosetta-3.2/rosetta_database/scoring/score_functions/hbonds/standard_params/HBFadeIntervals.csv
core.io.database: Database file opened: /netapp/home/colin/rosetta/rosetta-3.2/rosetta_database/scoring/score_functions/hbonds/standard_params/HBEval.csv
core.io.database: Database file opened: /netapp/home/colin/rosetta/rosetta-3.2/rosetta_database/P_AA
core.io.database: Database file opened: /netapp/home/colin/rosetta/rosetta-3.2/rosetta_database/P_AA_n
core.io.database: Database file opened: /netapp/home/colin/rosetta/rosetta-3.2/rosetta_database/P_AA_pp
core.io.database: Database file opened: /netapp/home/colin/rosetta/rosetta-3.2/rosetta_database/Rama_smooth_dyn.dat_ss_6.4
core.mm.MMBondAngleLibrary: MM bond angle sets added fully assigned: 474; wildcard: 0 and 1 virtual parameter.
core.io.database: Database file opened: /netapp/home/colin/rosetta/rosetta-3.2/rosetta_database/branch_angle/branch_angle_1.txt
core.io.database: Database file opened: /netapp/home/colin/rosetta/rosetta-3.2/rosetta_database/branch_angle/branch_angle_2.txt
core.scoring.dunbrack: Dunbrack library took 0.02 seconds to load from binary
apps.backrub: Processing /netapp/home/colin/backrub_seqtol/input_files/1N7T/1N7T_08.pdb...
core.pack.task: Packer task: initialize from command line() 
protocols.moves.BackrubMover: Segment lengths: 3-34 atoms
protocols.moves.BackrubMover: Main chain pivot atoms: CA
protocols.moves.BackrubMover: Adding backrub segments for residues 1-110
protocols.moves.BackrubMover: Total Segments Added: 960
apps.backrub: Score After PDB Load:
apps.backrub: ------------------------------------------------------------
 Scores                       Weight   Raw Score Wghtd.Score
------------------------------------------------------------
 fa_atr                       0.800    -399.212    -319.370
 fa_rep                       0.440     182.855      80.456
 fa_sol                       0.650     245.471     159.556
 fa_intra_rep                 0.004     237.399       0.950
 mm_bend                      1.000      87.985      87.985
 pro_close                    1.000       1.933       1.933
 fa_pair                      0.490     -13.889      -6.806
 hbond_sr_bb                  0.585     -13.935      -8.152
 hbond_lr_bb                  1.170     -21.580     -25.248
 hbond_bb_sc                  1.170      -2.798      -3.274
 hbond_sc                     1.100      -0.699      -0.769
 dslf_ss_dst                  0.500       0.000       0.000
 dslf_cs_ang                  2.000       0.000       0.000
 dslf_ss_dih                  5.000       0.000       0.000
 dslf_ca_dih                  5.000       0.000       0.000
 rama                         0.200     140.821      28.164
 omega                        0.500       0.456       0.228
 fa_dun                       0.560     542.387     303.737
 p_aa_pp                      0.320     -16.191      -5.181
 ref                          1.000     -23.900     -23.900
---------------------------------------------------
 Total weighted score:                      270.309
core.pack.task: Packer task: initialize from command line() 
apps.backrub: Score After Branch Angle Optimization/Side Chain Idealization:
apps.backrub: ------------------------------------------------------------
 Scores                       Weight   Raw Score Wghtd.Score
------------------------------------------------------------
 fa_atr                       0.800    -396.995    -317.596
 fa_rep                       0.440     248.138     109.181
 fa_sol                       0.650     242.387     157.552
 fa_intra_rep                 0.004     260.112       1.040
 mm_bend                      1.000      56.698      56.698
 pro_close                    1.000       1.933       1.933
 fa_pair                      0.490     -13.791      -6.758
 hbond_sr_bb                  0.585     -13.935      -8.152
 hbond_lr_bb                  1.170     -21.580     -25.248
 hbond_bb_sc                  1.170      -2.939      -3.439
 hbond_sc                     1.100      -1.096      -1.206
 dslf_ss_dst                  0.500       0.000       0.000
 dslf_cs_ang                  2.000       0.000       0.000
 dslf_ss_dih                  5.000       0.000       0.000
 dslf_ca_dih                  5.000       0.000       0.000
 rama                         0.200     140.821      28.164
 omega                        0.500       0.456       0.228
 fa_dun                       0.560     542.768     303.950
 p_aa_pp                      0.320     -16.191      -5.181
 ref                          1.000     -23.900     -23.900
---------------------------------------------------
 Total weighted score:                      267.266
core.pack.task: Packer task: initialize from command line() 
apps.backrub: Starting ResidueType not allowed in resfile at position(s): 83
apps.backrub: Forcing initial pack
core.pack.task: Packer task: initialize from command line() 
core.pack.interaction_graph.interaction_graph_factory: Instantiating PDInteractionGraph
core.pack.pack_rotamers: built 7536 rotamers at 110 positions.
core.pack.pack_rotamers: IG: 21664732 bytes
apps.backrub: Running 10000 trials...
protocols.moves.MonteCarlo:      br_CA_CA_04 trials=    743;  accepts= 0.3917;  energy_drop/trial=  -0.01939
protocols.moves.MonteCarlo:      br_CA_CA_07 trials=    692;  accepts= 0.2919;  energy_drop/trial=  -0.01850
protocols.moves.MonteCarlo:      br_CA_CA_10 trials=    716;  accepts= 0.3352;  energy_drop/trial=   0.00968
protocols.moves.MonteCarlo:      br_CA_CA_13 trials=    752;  accepts= 0.2500;  energy_drop/trial=  -0.02047
protocols.moves.MonteCarlo:      br_CA_CA_16 trials=    656;  accepts= 0.2622;  energy_drop/trial=   0.00537
protocols.moves.MonteCarlo:      br_CA_CA_19 trials=    667;  accepts= 0.2279;  energy_drop/trial=   0.00624
protocols.moves.MonteCarlo:      br_CA_CA_22 trials=    641;  accepts= 0.2168;  energy_drop/trial=   0.01208
protocols.moves.MonteCarlo:      br_CA_CA_25 trials=    669;  accepts= 0.2227;  energy_drop/trial=  -0.00476
protocols.moves.MonteCarlo:      br_CA_CA_28 trials=    651;  accepts= 0.2089;  energy_drop/trial=  -0.00175
protocols.moves.MonteCarlo:      br_CA_CA_31 trials=    659;  accepts= 0.1775;  energy_drop/trial=   0.00675
protocols.moves.MonteCarlo:      br_CA_CA_34 trials=    604;  accepts= 0.1805;  energy_drop/trial=  -0.00835
protocols.moves.MonteCarlo:       sc_chi_rot trials=   2315;  accepts= 0.3508;  energy_drop/trial=   0.00846
protocols.moves.MonteCarlo:      sc_chi_unif trials=    235;  accepts= 0.0213;  energy_drop/trial=   0.01130
apps.backrub: Last Score:
apps.backrub: ------------------------------------------------------------
 Scores                       Weight   Raw Score Wghtd.Score
------------------------------------------------------------
 fa_atr                       0.800    -370.745    -296.596
 fa_rep                       0.440     118.109      51.968
 fa_sol                       0.650     216.357     140.632
 fa_intra_rep                 0.004     266.865       1.067
 mm_bend                      1.000      49.274      49.274
 pro_close                    1.000       1.528       1.528
 fa_pair                      0.490     -15.166      -7.431
 hbond_sr_bb                  0.585     -10.645      -6.227
 hbond_lr_bb                  1.170     -21.437     -25.082
 hbond_bb_sc                  1.170      -2.927      -3.425
 hbond_sc                     1.100      -0.909      -1.000
 dslf_ss_dst                  0.500       0.000       0.000
 dslf_cs_ang                  2.000       0.000       0.000
 dslf_ss_dih                  5.000       0.000       0.000
 dslf_ca_dih                  5.000       0.000       0.000
 rama                         0.200      80.908      16.182
 omega                        0.500       0.458       0.229
 fa_dun                       0.560     157.905      88.427
 p_aa_pp                      0.320     -28.506      -9.122
 ref                          1.000     -24.840     -24.840
---------------------------------------------------
 Total weighted score:                      -24.417
apps.backrub: Low Score:
apps.backrub: ------------------------------------------------------------
 Scores                       Weight   Raw Score Wghtd.Score
------------------------------------------------------------
 fa_atr                       0.800    -360.524    -288.419
 fa_rep                       0.440      91.324      40.182
 fa_sol                       0.650     212.839     138.345
 fa_intra_rep                 0.004     262.115       1.048
 mm_bend                      1.000      47.846      47.846
 pro_close                    1.000       1.528       1.528
 fa_pair                      0.490     -12.478      -6.114
 hbond_sr_bb                  0.585     -11.935      -6.982
 hbond_lr_bb                  1.170     -22.192     -25.965
 hbond_bb_sc                  1.170      -2.919      -3.415
 hbond_sc                     1.100      -1.551      -1.706
 dslf_ss_dst                  0.500       0.000       0.000
 dslf_cs_ang                  2.000       0.000       0.000
 dslf_ss_dih                  5.000       0.000       0.000
 dslf_ca_dih                  5.000       0.000       0.000
 rama                         0.200      81.356      16.271
 omega                        0.500       0.458       0.229
 fa_dun                       0.560     147.276      82.474
 p_aa_pp                      0.320     -28.702      -9.185
 ref                          1.000     -24.840     -24.840
---------------------------------------------------
 Total weighted score:                      -38.701
