core.init: Mini-Rosetta version 40577 from https://svn.rosettacommons.org/source/branches/releases/rosetta-3.2/rosetta_source
core.init: command: /netapp/home/colin/rosetta/rosetta-3.2/rosetta_source/bin/backrub.linuxgccrelease -database /netapp/home/colin/rosetta/rosetta-3.2/rosetta_database -s /netapp/home/colin/backrub_seqtol/input_files/1N7T/1N7T_04.pdb -ignore_unrecognized_res -ex1 -ex2 -extrachi_cutoff 0 -out:prefix 1N7T_V83K_0004 -mute core.io.pdb.file_data -backrub:ntrials 10000 -score:weights standard -score:patch score12 -resfile /netapp/home/colin/backrub_seqtol/input_files/1N7T_V83K/1N7T_V83K_backrub.resfile -backrub:minimize_movemap /netapp/home/colin/backrub_seqtol/input_files/1N7T_V83K/1N7T_V83K_minimize.movemap
core.init: 'RNG device' seed mode, using '/dev/urandom', seed=-1248008022 seed_offset=0 real_seed=-1248008022
core.init.random: RandomGenerator:init: Normal mode, seed=-1248008022 RG_type=mt19937
core.scoring.ScoreFunctionFactory: SCOREFUNCTION: standard
core.scoring.ScoreFunctionFactory: SCOREFUNCTION PATCH: score12
core.scoring.etable: Starting energy table calculation
core.scoring.etable: smooth_etable: changing atr/rep split to bottom of energy well
core.scoring.etable: smooth_etable: spline smoothing lj etables (maxdis = 6)
core.scoring.etable: smooth_etable: spline smoothing solvation etables (max_dis = 6)
core.scoring.etable: Finished calculating energy tables.
core.io.database: Database file opened: /netapp/home/colin/rosetta/rosetta-3.2/rosetta_database/pdb_pair_stats_fine
core.io.database: Database file opened: /netapp/home/colin/rosetta/rosetta-3.2/rosetta_database/scoring/score_functions/hbonds/standard_params/HBPoly1D.csv
core.io.database: Database file opened: /netapp/home/colin/rosetta/rosetta-3.2/rosetta_database/scoring/score_functions/hbonds/standard_params/HBFadeIntervals.csv
core.io.database: Database file opened: /netapp/home/colin/rosetta/rosetta-3.2/rosetta_database/scoring/score_functions/hbonds/standard_params/HBEval.csv
core.io.database: Database file opened: /netapp/home/colin/rosetta/rosetta-3.2/rosetta_database/P_AA
core.io.database: Database file opened: /netapp/home/colin/rosetta/rosetta-3.2/rosetta_database/P_AA_n
core.io.database: Database file opened: /netapp/home/colin/rosetta/rosetta-3.2/rosetta_database/P_AA_pp
core.io.database: Database file opened: /netapp/home/colin/rosetta/rosetta-3.2/rosetta_database/Rama_smooth_dyn.dat_ss_6.4
core.mm.MMBondAngleLibrary: MM bond angle sets added fully assigned: 474; wildcard: 0 and 1 virtual parameter.
core.io.database: Database file opened: /netapp/home/colin/rosetta/rosetta-3.2/rosetta_database/branch_angle/branch_angle_1.txt
core.io.database: Database file opened: /netapp/home/colin/rosetta/rosetta-3.2/rosetta_database/branch_angle/branch_angle_2.txt
core.scoring.dunbrack: Dunbrack library took 0.02 seconds to load from binary
apps.backrub: Processing /netapp/home/colin/backrub_seqtol/input_files/1N7T/1N7T_04.pdb...
core.pack.task: Packer task: initialize from command line() 
protocols.moves.BackrubMover: Segment lengths: 3-34 atoms
protocols.moves.BackrubMover: Main chain pivot atoms: CA
protocols.moves.BackrubMover: Adding backrub segments for residues 1-110
protocols.moves.BackrubMover: Total Segments Added: 960
apps.backrub: Score After PDB Load:
apps.backrub: ------------------------------------------------------------
 Scores                       Weight   Raw Score Wghtd.Score
------------------------------------------------------------
 fa_atr                       0.800    -399.290    -319.432
 fa_rep                       0.440     161.144      70.903
 fa_sol                       0.650     241.480     156.962
 fa_intra_rep                 0.004     243.102       0.972
 mm_bend                      1.000      86.220      86.220
 pro_close                    1.000       1.932       1.932
 fa_pair                      0.490     -11.395      -5.583
 hbond_sr_bb                  0.585     -12.989      -7.599
 hbond_lr_bb                  1.170     -17.342     -20.290
 hbond_bb_sc                  1.170      -2.604      -3.047
 hbond_sc                     1.100      -1.827      -2.010
 dslf_ss_dst                  0.500       0.000       0.000
 dslf_cs_ang                  2.000       0.000       0.000
 dslf_ss_dih                  5.000       0.000       0.000
 dslf_ca_dih                  5.000       0.000       0.000
 rama                         0.200     143.824      28.765
 omega                        0.500       0.441       0.220
 fa_dun                       0.560     510.418     285.834
 p_aa_pp                      0.320     -22.317      -7.142
 ref                          1.000     -23.900     -23.900
---------------------------------------------------
 Total weighted score:                      242.806
core.pack.task: Packer task: initialize from command line() 
apps.backrub: Score After Branch Angle Optimization/Side Chain Idealization:
apps.backrub: ------------------------------------------------------------
 Scores                       Weight   Raw Score Wghtd.Score
------------------------------------------------------------
 fa_atr                       0.800    -399.743    -319.794
 fa_rep                       0.440     226.730      99.761
 fa_sol                       0.650     240.774     156.503
 fa_intra_rep                 0.004     270.194       1.081
 mm_bend                      1.000      55.693      55.693
 pro_close                    1.000       1.932       1.932
 fa_pair                      0.490     -11.515      -5.642
 hbond_sr_bb                  0.585     -12.989      -7.599
 hbond_lr_bb                  1.170     -17.342     -20.290
 hbond_bb_sc                  1.170      -2.113      -2.472
 hbond_sc                     1.100      -2.179      -2.396
 dslf_ss_dst                  0.500       0.000       0.000
 dslf_cs_ang                  2.000       0.000       0.000
 dslf_ss_dih                  5.000       0.000       0.000
 dslf_ca_dih                  5.000       0.000       0.000
 rama                         0.200     143.824      28.765
 omega                        0.500       0.441       0.220
 fa_dun                       0.560     510.747     286.019
 p_aa_pp                      0.320     -22.317      -7.142
 ref                          1.000     -23.900     -23.900
---------------------------------------------------
 Total weighted score:                      240.738
core.pack.task: Packer task: initialize from command line() 
apps.backrub: Starting ResidueType not allowed in resfile at position(s): 83
apps.backrub: Forcing initial pack
core.pack.task: Packer task: initialize from command line() 
core.pack.interaction_graph.interaction_graph_factory: Instantiating PDInteractionGraph
core.pack.pack_rotamers: built 7568 rotamers at 110 positions.
core.pack.pack_rotamers: IG: 21231980 bytes
apps.backrub: Running 10000 trials...
protocols.moves.MonteCarlo:      br_CA_CA_04 trials=    756;  accepts= 0.3743;  energy_drop/trial=  -0.00625
protocols.moves.MonteCarlo:      br_CA_CA_07 trials=    698;  accepts= 0.3381;  energy_drop/trial=  -0.03096
protocols.moves.MonteCarlo:      br_CA_CA_10 trials=    734;  accepts= 0.3065;  energy_drop/trial=  -0.00384
protocols.moves.MonteCarlo:      br_CA_CA_13 trials=    709;  accepts= 0.2891;  energy_drop/trial=  -0.00474
protocols.moves.MonteCarlo:      br_CA_CA_16 trials=    662;  accepts= 0.2372;  energy_drop/trial=   0.00798
protocols.moves.MonteCarlo:      br_CA_CA_19 trials=    657;  accepts= 0.2390;  energy_drop/trial=   0.01553
protocols.moves.MonteCarlo:      br_CA_CA_22 trials=    665;  accepts= 0.2241;  energy_drop/trial=  -0.01116
protocols.moves.MonteCarlo:      br_CA_CA_25 trials=    687;  accepts= 0.2023;  energy_drop/trial=  -0.00572
protocols.moves.MonteCarlo:      br_CA_CA_28 trials=    684;  accepts= 0.1681;  energy_drop/trial=  -0.00816
protocols.moves.MonteCarlo:      br_CA_CA_31 trials=    594;  accepts= 0.1734;  energy_drop/trial=   0.00928
protocols.moves.MonteCarlo:      br_CA_CA_34 trials=    656;  accepts= 0.1723;  energy_drop/trial=  -0.00652
protocols.moves.MonteCarlo:       sc_chi_rot trials=   2255;  accepts= 0.3503;  energy_drop/trial=   0.00792
protocols.moves.MonteCarlo:      sc_chi_unif trials=    243;  accepts= 0.0370;  energy_drop/trial=   0.00914
apps.backrub: Last Score:
apps.backrub: ------------------------------------------------------------
 Scores                       Weight   Raw Score Wghtd.Score
------------------------------------------------------------
 fa_atr                       0.800    -362.832    -290.265
 fa_rep                       0.440     104.168      45.834
 fa_sol                       0.650     208.689     135.648
 fa_intra_rep                 0.004     258.334       1.033
 mm_bend                      1.000      46.652      46.652
 pro_close                    1.000       1.885       1.885
 fa_pair                      0.490      -9.714      -4.760
 hbond_sr_bb                  0.585     -12.575      -7.356
 hbond_lr_bb                  1.170     -20.171     -23.600
 hbond_bb_sc                  1.170      -3.217      -3.763
 hbond_sc                     1.100      -1.449      -1.594
 dslf_ss_dst                  0.500       0.000       0.000
 dslf_cs_ang                  2.000       0.000       0.000
 dslf_ss_dih                  5.000       0.000       0.000
 dslf_ca_dih                  5.000       0.000       0.000
 rama                         0.200     103.826      20.765
 omega                        0.500       0.586       0.293
 fa_dun                       0.560     155.026      86.815
 p_aa_pp                      0.320     -37.588     -12.028
 ref                          1.000     -24.840     -24.840
---------------------------------------------------
 Total weighted score:                      -29.281
apps.backrub: Low Score:
apps.backrub: ------------------------------------------------------------
 Scores                       Weight   Raw Score Wghtd.Score
------------------------------------------------------------
 fa_atr                       0.800    -365.589    -292.471
 fa_rep                       0.440     110.621      48.673
 fa_sol                       0.650     211.527     137.492
 fa_intra_rep                 0.004     256.565       1.026
 mm_bend                      1.000      46.692      46.692
 pro_close                    1.000       1.885       1.885
 fa_pair                      0.490     -11.158      -5.467
 hbond_sr_bb                  0.585     -12.567      -7.352
 hbond_lr_bb                  1.170     -21.321     -24.945
 hbond_bb_sc                  1.170      -3.168      -3.707
 hbond_sc                     1.100      -2.002      -2.202
 dslf_ss_dst                  0.500       0.000       0.000
 dslf_cs_ang                  2.000       0.000       0.000
 dslf_ss_dih                  5.000       0.000       0.000
 dslf_ca_dih                  5.000       0.000       0.000
 rama                         0.200     103.510      20.702
 omega                        0.500       0.586       0.293
 fa_dun                       0.560     153.994      86.237
 p_aa_pp                      0.320     -37.615     -12.037
 ref                          1.000     -24.840     -24.840
---------------------------------------------------
 Total weighted score:                      -30.021
