core.init: Mini-Rosetta version 40577 from https://svn.rosettacommons.org/source/branches/releases/rosetta-3.2/rosetta_source
core.init: command: /netapp/home/colin/rosetta/rosetta-3.2/rosetta_source/bin/backrub.linuxgccrelease -database /netapp/home/colin/rosetta/rosetta-3.2/rosetta_database -s /netapp/home/colin/backrub_seqtol/input_files/1N7T/1N7T_06.pdb -ignore_unrecognized_res -ex1 -ex2 -extrachi_cutoff 0 -out:prefix 1N7T_V83K_0006 -mute core.io.pdb.file_data -backrub:ntrials 10000 -score:weights standard -score:patch score12 -resfile /netapp/home/colin/backrub_seqtol/input_files/1N7T_V83K/1N7T_V83K_backrub.resfile -backrub:minimize_movemap /netapp/home/colin/backrub_seqtol/input_files/1N7T_V83K/1N7T_V83K_minimize.movemap
core.init: 'RNG device' seed mode, using '/dev/urandom', seed=228802149 seed_offset=0 real_seed=228802149
core.init.random: RandomGenerator:init: Normal mode, seed=228802149 RG_type=mt19937
core.scoring.ScoreFunctionFactory: SCOREFUNCTION: standard
core.scoring.ScoreFunctionFactory: SCOREFUNCTION PATCH: score12
core.scoring.etable: Starting energy table calculation
core.scoring.etable: smooth_etable: changing atr/rep split to bottom of energy well
core.scoring.etable: smooth_etable: spline smoothing lj etables (maxdis = 6)
core.scoring.etable: smooth_etable: spline smoothing solvation etables (max_dis = 6)
core.scoring.etable: Finished calculating energy tables.
core.io.database: Database file opened: /netapp/home/colin/rosetta/rosetta-3.2/rosetta_database/pdb_pair_stats_fine
core.io.database: Database file opened: /netapp/home/colin/rosetta/rosetta-3.2/rosetta_database/scoring/score_functions/hbonds/standard_params/HBPoly1D.csv
core.io.database: Database file opened: /netapp/home/colin/rosetta/rosetta-3.2/rosetta_database/scoring/score_functions/hbonds/standard_params/HBFadeIntervals.csv
core.io.database: Database file opened: /netapp/home/colin/rosetta/rosetta-3.2/rosetta_database/scoring/score_functions/hbonds/standard_params/HBEval.csv
core.io.database: Database file opened: /netapp/home/colin/rosetta/rosetta-3.2/rosetta_database/P_AA
core.io.database: Database file opened: /netapp/home/colin/rosetta/rosetta-3.2/rosetta_database/P_AA_n
core.io.database: Database file opened: /netapp/home/colin/rosetta/rosetta-3.2/rosetta_database/P_AA_pp
core.io.database: Database file opened: /netapp/home/colin/rosetta/rosetta-3.2/rosetta_database/Rama_smooth_dyn.dat_ss_6.4
core.mm.MMBondAngleLibrary: MM bond angle sets added fully assigned: 474; wildcard: 0 and 1 virtual parameter.
core.io.database: Database file opened: /netapp/home/colin/rosetta/rosetta-3.2/rosetta_database/branch_angle/branch_angle_1.txt
core.io.database: Database file opened: /netapp/home/colin/rosetta/rosetta-3.2/rosetta_database/branch_angle/branch_angle_2.txt
core.scoring.dunbrack: Dunbrack library took 0.01 seconds to load from binary
apps.backrub: Processing /netapp/home/colin/backrub_seqtol/input_files/1N7T/1N7T_06.pdb...
core.pack.task: Packer task: initialize from command line() 
protocols.moves.BackrubMover: Segment lengths: 3-34 atoms
protocols.moves.BackrubMover: Main chain pivot atoms: CA
protocols.moves.BackrubMover: Adding backrub segments for residues 1-110
protocols.moves.BackrubMover: Total Segments Added: 960
apps.backrub: Score After PDB Load:
apps.backrub: ------------------------------------------------------------
 Scores                       Weight   Raw Score Wghtd.Score
------------------------------------------------------------
 fa_atr                       0.800    -406.576    -325.261
 fa_rep                       0.440     226.169      99.514
 fa_sol                       0.650     246.401     160.161
 fa_intra_rep                 0.004     230.112       0.920
 mm_bend                      1.000      84.730      84.730
 pro_close                    1.000       1.662       1.662
 fa_pair                      0.490     -13.894      -6.808
 hbond_sr_bb                  0.585     -13.301      -7.781
 hbond_lr_bb                  1.170     -17.187     -20.109
 hbond_bb_sc                  1.170      -0.976      -1.142
 hbond_sc                     1.100      -0.584      -0.643
 dslf_ss_dst                  0.500       0.000       0.000
 dslf_cs_ang                  2.000       0.000       0.000
 dslf_ss_dih                  5.000       0.000       0.000
 dslf_ca_dih                  5.000       0.000       0.000
 rama                         0.200     187.761      37.552
 omega                        0.500       0.466       0.233
 fa_dun                       0.560     539.560     302.153
 p_aa_pp                      0.320     -19.686      -6.300
 ref                          1.000     -23.900     -23.900
---------------------------------------------------
 Total weighted score:                      294.983
core.pack.task: Packer task: initialize from command line() 
apps.backrub: Score After Branch Angle Optimization/Side Chain Idealization:
apps.backrub: ------------------------------------------------------------
 Scores                       Weight   Raw Score Wghtd.Score
------------------------------------------------------------
 fa_atr                       0.800    -405.773    -324.618
 fa_rep                       0.440     248.950     109.538
 fa_sol                       0.650     244.014     158.609
 fa_intra_rep                 0.004     260.104       1.040
 mm_bend                      1.000      55.469      55.469
 pro_close                    1.000       1.662       1.662
 fa_pair                      0.490     -13.458      -6.595
 hbond_sr_bb                  0.585     -13.301      -7.781
 hbond_lr_bb                  1.170     -17.187     -20.109
 hbond_bb_sc                  1.170      -1.401      -1.639
 hbond_sc                     1.100      -0.231      -0.254
 dslf_ss_dst                  0.500       0.000       0.000
 dslf_cs_ang                  2.000       0.000       0.000
 dslf_ss_dih                  5.000       0.000       0.000
 dslf_ca_dih                  5.000       0.000       0.000
 rama                         0.200     187.761      37.552
 omega                        0.500       0.466       0.233
 fa_dun                       0.560     539.591     302.171
 p_aa_pp                      0.320     -19.686      -6.300
 ref                          1.000     -23.900     -23.900
---------------------------------------------------
 Total weighted score:                      275.079
core.pack.task: Packer task: initialize from command line() 
apps.backrub: Starting ResidueType not allowed in resfile at position(s): 83
apps.backrub: Forcing initial pack
core.pack.task: Packer task: initialize from command line() 
core.pack.interaction_graph.interaction_graph_factory: Instantiating PDInteractionGraph
core.pack.pack_rotamers: built 7535 rotamers at 110 positions.
core.pack.pack_rotamers: IG: 22211144 bytes
apps.backrub: Running 10000 trials...
protocols.moves.MonteCarlo:      br_CA_CA_04 trials=    696;  accepts= 0.3980;  energy_drop/trial=  -0.01655
protocols.moves.MonteCarlo:      br_CA_CA_07 trials=    750;  accepts= 0.3613;  energy_drop/trial=  -0.02872
protocols.moves.MonteCarlo:      br_CA_CA_10 trials=    705;  accepts= 0.3050;  energy_drop/trial=  -0.01366
protocols.moves.MonteCarlo:      br_CA_CA_13 trials=    692;  accepts= 0.2948;  energy_drop/trial=  -0.00025
protocols.moves.MonteCarlo:      br_CA_CA_16 trials=    683;  accepts= 0.2665;  energy_drop/trial=   0.00318
protocols.moves.MonteCarlo:      br_CA_CA_19 trials=    652;  accepts= 0.2684;  energy_drop/trial=   0.00732
protocols.moves.MonteCarlo:      br_CA_CA_22 trials=    706;  accepts= 0.2479;  energy_drop/trial=  -0.00373
protocols.moves.MonteCarlo:      br_CA_CA_25 trials=    656;  accepts= 0.1845;  energy_drop/trial=   0.02844
protocols.moves.MonteCarlo:      br_CA_CA_28 trials=    622;  accepts= 0.2058;  energy_drop/trial=  -0.01851
protocols.moves.MonteCarlo:      br_CA_CA_31 trials=    669;  accepts= 0.2063;  energy_drop/trial=  -0.01600
protocols.moves.MonteCarlo:      br_CA_CA_34 trials=    647;  accepts= 0.1839;  energy_drop/trial=  -0.00699
protocols.moves.MonteCarlo:       sc_chi_rot trials=   2262;  accepts= 0.3501;  energy_drop/trial=   0.01340
protocols.moves.MonteCarlo:      sc_chi_unif trials=    260;  accepts= 0.0423;  energy_drop/trial=  -0.00170
apps.backrub: Last Score:
apps.backrub: ------------------------------------------------------------
 Scores                       Weight   Raw Score Wghtd.Score
------------------------------------------------------------
 fa_atr                       0.800    -370.166    -296.133
 fa_rep                       0.440     104.708      46.072
 fa_sol                       0.650     225.499     146.574
 fa_intra_rep                 0.004     234.012       0.936
 mm_bend                      1.000      45.573      45.573
 pro_close                    1.000       2.308       2.308
 fa_pair                      0.490     -12.559      -6.154
 hbond_sr_bb                  0.585     -11.320      -6.622
 hbond_lr_bb                  1.170     -18.522     -21.670
 hbond_bb_sc                  1.170      -1.120      -1.311
 hbond_sc                     1.100      -2.120      -2.332
 dslf_ss_dst                  0.500       0.000       0.000
 dslf_cs_ang                  2.000       0.000       0.000
 dslf_ss_dih                  5.000       0.000       0.000
 dslf_ca_dih                  5.000       0.000       0.000
 rama                         0.200     131.890      26.378
 omega                        0.500       0.498       0.249
 fa_dun                       0.560     157.504      88.202
 p_aa_pp                      0.320     -39.077     -12.505
 ref                          1.000     -24.840     -24.840
---------------------------------------------------
 Total weighted score:                      -15.274
apps.backrub: Low Score:
apps.backrub: ------------------------------------------------------------
 Scores                       Weight   Raw Score Wghtd.Score
------------------------------------------------------------
 fa_atr                       0.800    -369.023    -295.218
 fa_rep                       0.440     101.239      44.545
 fa_sol                       0.650     225.550     146.607
 fa_intra_rep                 0.004     236.062       0.944
 mm_bend                      1.000      45.421      45.421
 pro_close                    1.000       2.308       2.308
 fa_pair                      0.490     -12.706      -6.226
 hbond_sr_bb                  0.585     -11.459      -6.703
 hbond_lr_bb                  1.170     -18.792     -21.987
 hbond_bb_sc                  1.170      -2.058      -2.407
 hbond_sc                     1.100      -1.901      -2.091
 dslf_ss_dst                  0.500       0.000       0.000
 dslf_cs_ang                  2.000       0.000       0.000
 dslf_ss_dih                  5.000       0.000       0.000
 dslf_ca_dih                  5.000       0.000       0.000
 rama                         0.200     133.254      26.651
 omega                        0.500       0.498       0.249
 fa_dun                       0.560     153.666      86.053
 p_aa_pp                      0.320     -39.666     -12.693
 ref                          1.000     -24.840     -24.840
---------------------------------------------------
 Total weighted score:                      -19.388
