core.init: Mini-Rosetta version 40577 from https://svn.rosettacommons.org/source/branches/releases/rosetta-3.2/rosetta_source
core.init: command: /netapp/home/colin/rosetta/rosetta-3.2/rosetta_source/bin/sequence_tolerance.linuxgccrelease -database /netapp/home/colin/rosetta/rosetta-3.2/rosetta_database -s 1N7T_V83K_0014_low.pdb -ex1 -ex2 -extrachi_cutoff 0 -seq_tol:fitness_master_weights 1 1 1 2 -ms:generations 5 -ms:pop_size 2000 -ms:pop_from_ss 1 -ms:checkpoint:prefix 1N7T_V83K_0014 -ms:checkpoint:interval 200 -ms:checkpoint:gz -ms:numresults 0 -out:prefix 1N7T_V83K_0014 -score:weights standard -score:patch score12 -score:ref_offsets HIS 1.2 -resfile /netapp/home/colin/backrub_seqtol/input_files/1N7T_V83K/1N7T_V83K_seqtol.resfile
core.init: 'RNG device' seed mode, using '/dev/urandom', seed=1742733018 seed_offset=0 real_seed=1742733018
core.init.random: RandomGenerator:init: Normal mode, seed=1742733018 RG_type=mt19937
core.pack.task: Packer task: initialize from command line() 
core.pack.task: Packer task: initialize from command line() 
core.scoring.ScoreFunctionFactory: SCOREFUNCTION: standard
core.scoring.ScoreFunctionFactory: SCOREFUNCTION PATCH: score12
core.scoring.etable: Starting energy table calculation
core.scoring.etable: smooth_etable: changing atr/rep split to bottom of energy well
core.scoring.etable: smooth_etable: spline smoothing lj etables (maxdis = 6)
core.scoring.etable: smooth_etable: spline smoothing solvation etables (max_dis = 6)
core.scoring.etable: Finished calculating energy tables.
core.io.database: Database file opened: /netapp/home/colin/rosetta/rosetta-3.2/rosetta_database/pdb_pair_stats_fine
core.io.database: Database file opened: /netapp/home/colin/rosetta/rosetta-3.2/rosetta_database/scoring/score_functions/hbonds/standard_params/HBPoly1D.csv
core.io.database: Database file opened: /netapp/home/colin/rosetta/rosetta-3.2/rosetta_database/scoring/score_functions/hbonds/standard_params/HBFadeIntervals.csv
core.io.database: Database file opened: /netapp/home/colin/rosetta/rosetta-3.2/rosetta_database/scoring/score_functions/hbonds/standard_params/HBEval.csv
core.io.database: Database file opened: /netapp/home/colin/rosetta/rosetta-3.2/rosetta_database/P_AA
core.io.database: Database file opened: /netapp/home/colin/rosetta/rosetta-3.2/rosetta_database/P_AA_n
core.io.database: Database file opened: /netapp/home/colin/rosetta/rosetta-3.2/rosetta_database/P_AA_pp
core.io.database: Database file opened: /netapp/home/colin/rosetta/rosetta-3.2/rosetta_database/Rama_smooth_dyn.dat_ss_6.4
core.scoring.dunbrack: Dunbrack library took 0.06 seconds to load from binary
app.sequence_tolerance: Residue Decomposition: [Set 1 (A): [1, 2, 3, 4, 5, 6, 7, 8, 9, 10, 11, 12, 13, 14, 15, 16, 17, 18, 19, 20, 21, 22, 23, 24, 25, 26, 27, 28, 29, 30, 31, 32, 33, 34, 35, 36, 37, 38, 39, 40, 41, 42, 43, 44, 45, 46, 47, 48, 49, 50, 51, 52, 53, 54, 55, 56, 57, 58, 59, 60, 61, 62, 63, 64, 65, 66, 67, 68, 69, 70, 71, 72, 73, 74, 75, 76, 77, 78, 79, 80, 81, 82, 83, 84, 85, 86, 87, 88, 89, 90, 91, 92, 93, 94, 95, 96, 97, 98, 99, 100, 101, 102, 103], Set 2 (B): [104, 105, 106, 107, 108, 109, 110]]
app.sequence_tolerance: Fitness Function Master Weights: [1, 1, 1, 2]
app.sequence_tolerance: Fitness of Starting Structure: 
---------------------------------------------------------------------
Score Type                  Other        A        B      A-B    Total
---------------------------------------------------------------------
fa_atr                      0.000 -274.653   -7.428  -47.935 -330.016
fa_rep                      0.000   44.029    0.320    4.151   48.500
fa_sol                      0.000  131.005    5.470   18.526  155.001
fa_intra_rep                0.000    0.941    0.096    0.000    1.037
pro_close                   0.000    1.953    0.000    0.000    1.953
fa_pair                     0.000   -6.679   -0.286   -0.745   -7.709
hbond_sr_bb                -6.857    0.000    0.000    0.000   -6.857
hbond_lr_bb               -26.117    0.000    0.000    0.000  -26.117
hbond_bb_sc                 0.000   -3.207    0.000    0.000   -3.207
hbond_sc                    0.000   -2.530    0.000    0.000   -2.530
dslf_ss_dst                 0.000    0.000    0.000    0.000    0.000
dslf_cs_ang                 0.000    0.000    0.000    0.000    0.000
dslf_ss_dih                 0.000    0.000    0.000    0.000    0.000
dslf_ca_dih                 0.000    0.000    0.000    0.000    0.000
rama                        0.000   17.397    2.936    0.000   20.333
omega                       0.000    0.265    0.044    0.000    0.309
fa_dun                      0.000   88.321    4.442    0.000   92.762
p_aa_pp                     0.000   -9.894   -0.180    0.000  -10.074
ref                         0.000  -21.830    0.590    0.000  -21.240
---------------------------------------------------------------------
Total                     -32.974  -34.882    6.004  -26.002  -87.854

core.pack.interaction_graph.interaction_graph_factory: Instantiating PDInteractionGraph
core.pack.pack_rotamers: built 7494 rotamers at 33 positions.
core.pack.pack_rotamers: IG: 76246520 bytes
app.sequence_tolerance: There are 1 positive states and 0 negative states
protocols.multistate_design.MultiStatePacker: Best single-state design score:   -92.49
app.sequence_tolerance: Adding single-state design entities:
app.sequence_tolerance: AA:106:Q AA:107:D AA:108:T AA:109:W AA:110:V 
app.sequence_tolerance: Generation 1:
app.sequence_tolerance: Distinct new entities: 1999
app.sequence_tolerance: Duplicate new entities: 1
app.sequence_tolerance: Entities from previous generation: 0
app.sequence_tolerance: Entities resurrected from earlier generations: 0
app.sequence_tolerance: Fitness Percentiles: 0%=-92.389 25%=-76.4413 50%=-70.4678 75%=22.1201 100%=1040.89
app.sequence_tolerance: Best new entity:
MultiStateEntity with traits: AA:106:Q AA:107:D AA:108:T AA:109:W AA:110:V and fitness -92.389
 SingleState 1 with fitness: -92.389
app.sequence_tolerance: Generation 2:
app.sequence_tolerance: Distinct new entities: 1921
app.sequence_tolerance: Duplicate new entities: 4
app.sequence_tolerance: Entities from previous generation: 75
app.sequence_tolerance: Entities resurrected from earlier generations: 0
app.sequence_tolerance: Fitness Percentiles: 0%=-92.389 25%=-78.1645 50%=-74.4783 75%=-67.3617 100%=678.287
app.sequence_tolerance: Best new entity:
MultiStateEntity with traits: AA:106:Y AA:107:D AA:108:T AA:109:M AA:110:V and fitness -88.696
 SingleState 1 with fitness: -88.6965
app.sequence_tolerance: Generation 3:
app.sequence_tolerance: Distinct new entities: 1932
app.sequence_tolerance: Duplicate new entities: 3
app.sequence_tolerance: Entities from previous generation: 56
app.sequence_tolerance: Entities resurrected from earlier generations: 9
app.sequence_tolerance: Fitness Percentiles: 0%=-92.389 25%=-79.5458 50%=-76.5778 75%=-71.7765 100%=727.78
app.sequence_tolerance: Best new entity:
MultiStateEntity with traits: AA:106:E AA:107:D AA:108:T AA:109:W AA:110:V and fitness -90.096
 SingleState 1 with fitness: -90.0958
app.sequence_tolerance: Generation 4:
app.sequence_tolerance: Distinct new entities: 1890
app.sequence_tolerance: Duplicate new entities: 9
app.sequence_tolerance: Entities from previous generation: 98
app.sequence_tolerance: Entities resurrected from earlier generations: 3
app.sequence_tolerance: Fitness Percentiles: 0%=-92.389 25%=-80.8214 50%=-77.8619 75%=-74.0335 100%=735.144
app.sequence_tolerance: Best new entity:
MultiStateEntity with traits: AA:106:W AA:107:E AA:108:Q AA:109:W AA:110:V and fitness -91.864
 SingleState 1 with fitness: -91.8642
app.sequence_tolerance: Generation 5:
app.sequence_tolerance: Distinct new entities: 1900
app.sequence_tolerance: Duplicate new entities: 2
app.sequence_tolerance: Entities from previous generation: 90
app.sequence_tolerance: Entities resurrected from earlier generations: 8
app.sequence_tolerance: Fitness Percentiles: 0%=-93.3309 25%=-81.4148 50%=-78.4565 75%=-74.2701 100%=731.221
app.sequence_tolerance: Best new entity:
MultiStateEntity with traits: AA:106:W AA:107:D AA:108:F AA:109:W AA:110:V and fitness -93.331
 SingleState 1 with fitness: -93.3309
app.sequence_tolerance: Evaluated 9642 sequences out of 2476099 possible.
Best sequences:
