core.init: Mini-Rosetta version 40577 from https://svn.rosettacommons.org/source/branches/releases/rosetta-3.2/rosetta_source
core.init: command: /netapp/home/colin/rosetta/rosetta-3.2/rosetta_source/bin/sequence_tolerance.linuxgccrelease -database /netapp/home/colin/rosetta/rosetta-3.2/rosetta_database -s 1N7T_V83K_0004_low.pdb -ex1 -ex2 -extrachi_cutoff 0 -seq_tol:fitness_master_weights 1 1 1 2 -ms:generations 5 -ms:pop_size 2000 -ms:pop_from_ss 1 -ms:checkpoint:prefix 1N7T_V83K_0004 -ms:checkpoint:interval 200 -ms:checkpoint:gz -ms:numresults 0 -out:prefix 1N7T_V83K_0004 -score:weights standard -score:patch score12 -score:ref_offsets HIS 1.2 -resfile /netapp/home/colin/backrub_seqtol/input_files/1N7T_V83K/1N7T_V83K_seqtol.resfile
core.init: 'RNG device' seed mode, using '/dev/urandom', seed=-1739687055 seed_offset=0 real_seed=-1739687055
core.init.random: RandomGenerator:init: Normal mode, seed=-1739687055 RG_type=mt19937
core.pack.task: Packer task: initialize from command line() 
core.pack.task: Packer task: initialize from command line() 
core.scoring.ScoreFunctionFactory: SCOREFUNCTION: standard
core.scoring.ScoreFunctionFactory: SCOREFUNCTION PATCH: score12
core.scoring.etable: Starting energy table calculation
core.scoring.etable: smooth_etable: changing atr/rep split to bottom of energy well
core.scoring.etable: smooth_etable: spline smoothing lj etables (maxdis = 6)
core.scoring.etable: smooth_etable: spline smoothing solvation etables (max_dis = 6)
core.scoring.etable: Finished calculating energy tables.
core.io.database: Database file opened: /netapp/home/colin/rosetta/rosetta-3.2/rosetta_database/pdb_pair_stats_fine
core.io.database: Database file opened: /netapp/home/colin/rosetta/rosetta-3.2/rosetta_database/scoring/score_functions/hbonds/standard_params/HBPoly1D.csv
core.io.database: Database file opened: /netapp/home/colin/rosetta/rosetta-3.2/rosetta_database/scoring/score_functions/hbonds/standard_params/HBFadeIntervals.csv
core.io.database: Database file opened: /netapp/home/colin/rosetta/rosetta-3.2/rosetta_database/scoring/score_functions/hbonds/standard_params/HBEval.csv
core.io.database: Database file opened: /netapp/home/colin/rosetta/rosetta-3.2/rosetta_database/P_AA
core.io.database: Database file opened: /netapp/home/colin/rosetta/rosetta-3.2/rosetta_database/P_AA_n
core.io.database: Database file opened: /netapp/home/colin/rosetta/rosetta-3.2/rosetta_database/P_AA_pp
core.io.database: Database file opened: /netapp/home/colin/rosetta/rosetta-3.2/rosetta_database/Rama_smooth_dyn.dat_ss_6.4
core.scoring.dunbrack: Dunbrack library took 0.02 seconds to load from binary
app.sequence_tolerance: Residue Decomposition: [Set 1 (A): [1, 2, 3, 4, 5, 6, 7, 8, 9, 10, 11, 12, 13, 14, 15, 16, 17, 18, 19, 20, 21, 22, 23, 24, 25, 26, 27, 28, 29, 30, 31, 32, 33, 34, 35, 36, 37, 38, 39, 40, 41, 42, 43, 44, 45, 46, 47, 48, 49, 50, 51, 52, 53, 54, 55, 56, 57, 58, 59, 60, 61, 62, 63, 64, 65, 66, 67, 68, 69, 70, 71, 72, 73, 74, 75, 76, 77, 78, 79, 80, 81, 82, 83, 84, 85, 86, 87, 88, 89, 90, 91, 92, 93, 94, 95, 96, 97, 98, 99, 100, 101, 102, 103], Set 2 (B): [104, 105, 106, 107, 108, 109, 110]]
app.sequence_tolerance: Fitness Function Master Weights: [1, 1, 1, 2]
app.sequence_tolerance: Fitness of Starting Structure: 
---------------------------------------------------------------------
Score Type                  Other        A        B      A-B    Total
---------------------------------------------------------------------
fa_atr                      0.000 -258.813   -7.939  -51.439 -318.191
fa_rep                      0.000   44.260    0.856    7.071   52.187
fa_sol                      0.000  118.197    5.192   28.203  151.592
fa_intra_rep                0.000    0.896    0.130    0.000    1.026
pro_close                   0.000    1.790    0.000    0.000    1.790
fa_pair                     0.000   -4.934    0.016   -1.098   -6.017
hbond_sr_bb                -7.352    0.000    0.000    0.000   -7.352
hbond_lr_bb               -24.943    0.000    0.000    0.000  -24.943
hbond_bb_sc                 0.000   -3.707    0.000    0.000   -3.707
hbond_sc                    0.000   -1.081    0.000   -2.241   -3.322
dslf_ss_dst                 0.000    0.000    0.000    0.000    0.000
dslf_cs_ang                 0.000    0.000    0.000    0.000    0.000
dslf_ss_dih                 0.000    0.000    0.000    0.000    0.000
dslf_ca_dih                 0.000    0.000    0.000    0.000    0.000
rama                        0.000   19.032    1.658    0.000   20.689
omega                       0.000    0.219    0.075    0.000    0.294
fa_dun                      0.000   80.472    5.807    0.000   86.279
p_aa_pp                     0.000  -11.270   -0.770    0.000  -12.040
ref                         0.000  -21.830    0.590    0.000  -21.240
---------------------------------------------------------------------
Total                     -32.295  -36.769    5.614  -19.504  -82.953

core.pack.interaction_graph.interaction_graph_factory: Instantiating PDInteractionGraph
core.pack.pack_rotamers: built 8216 rotamers at 33 positions.
core.pack.pack_rotamers: IG: 91740760 bytes
app.sequence_tolerance: There are 1 positive states and 0 negative states
protocols.multistate_design.MultiStatePacker: Best single-state design score:   -89.40
app.sequence_tolerance: Adding single-state design entities:
app.sequence_tolerance: AA:106:M AA:107:E AA:108:D AA:109:F AA:110:V 
app.sequence_tolerance: Generation 1:
app.sequence_tolerance: Distinct new entities: 1998
app.sequence_tolerance: Duplicate new entities: 2
app.sequence_tolerance: Entities from previous generation: 0
app.sequence_tolerance: Entities resurrected from earlier generations: 0
app.sequence_tolerance: Fitness Percentiles: 0%=-89.8069 25%=-73.0211 50%=-65.5518 75%=-20.5333 100%=631.198
app.sequence_tolerance: Best new entity:
MultiStateEntity with traits: AA:106:M AA:107:E AA:108:D AA:109:F AA:110:V and fitness -89.807
 SingleState 1 with fitness: -89.8069
app.sequence_tolerance: Generation 2:
app.sequence_tolerance: Distinct new entities: 1925
app.sequence_tolerance: Duplicate new entities: 6
app.sequence_tolerance: Entities from previous generation: 69
app.sequence_tolerance: Entities resurrected from earlier generations: 0
app.sequence_tolerance: Fitness Percentiles: 0%=-89.8069 25%=-74.7738 50%=-71.529 75%=-60.5399 100%=545.426
app.sequence_tolerance: Best new entity:
MultiStateEntity with traits: AA:106:M AA:107:E AA:108:D AA:109:L AA:110:V and fitness -86.543
 SingleState 1 with fitness: -86.5427
app.sequence_tolerance: Generation 3:
app.sequence_tolerance: Distinct new entities: 1905
app.sequence_tolerance: Duplicate new entities: 5
app.sequence_tolerance: Entities from previous generation: 86
app.sequence_tolerance: Entities resurrected from earlier generations: 4
app.sequence_tolerance: Fitness Percentiles: 0%=-89.8069 25%=-75.9581 50%=-73.2299 75%=-68.6536 100%=544.368
app.sequence_tolerance: Best new entity:
MultiStateEntity with traits: AA:106:W AA:107:E AA:108:M AA:109:M AA:110:V and fitness -84.160
 SingleState 1 with fitness: -84.1602
app.sequence_tolerance: Generation 4:
app.sequence_tolerance: Distinct new entities: 1910
app.sequence_tolerance: Duplicate new entities: 5
app.sequence_tolerance: Entities from previous generation: 72
app.sequence_tolerance: Entities resurrected from earlier generations: 13
app.sequence_tolerance: Fitness Percentiles: 0%=-89.8069 25%=-76.9759 50%=-74.3166 75%=-70.9029 100%=544.746
app.sequence_tolerance: Best new entity:
MultiStateEntity with traits: AA:106:M AA:107:G AA:108:D AA:109:F AA:110:V and fitness -87.088
 SingleState 1 with fitness: -87.0876
app.sequence_tolerance: Generation 5:
app.sequence_tolerance: Distinct new entities: 1892
app.sequence_tolerance: Duplicate new entities: 4
app.sequence_tolerance: Entities from previous generation: 91
app.sequence_tolerance: Entities resurrected from earlier generations: 13
app.sequence_tolerance: Fitness Percentiles: 0%=-89.8069 25%=-77.8468 50%=-75.2132 75%=-72.0084 100%=545.158
app.sequence_tolerance: Best new entity:
MultiStateEntity with traits: AA:106:W AA:107:E AA:108:T AA:109:F AA:110:V and fitness -89.115
 SingleState 1 with fitness: -89.1146
app.sequence_tolerance: Evaluated 9630 sequences out of 2476099 possible.
Best sequences:
