core.init: Mini-Rosetta version 40577 from https://svn.rosettacommons.org/source/branches/releases/rosetta-3.2/rosetta_source
core.init: command: /netapp/home/colin/rosetta/rosetta-3.2/rosetta_source/bin/sequence_tolerance.linuxgccrelease -database /netapp/home/colin/rosetta/rosetta-3.2/rosetta_database -s 1N7T_V83K_0016_low.pdb -ex1 -ex2 -extrachi_cutoff 0 -seq_tol:fitness_master_weights 1 1 1 2 -ms:generations 5 -ms:pop_size 2000 -ms:pop_from_ss 1 -ms:checkpoint:prefix 1N7T_V83K_0016 -ms:checkpoint:interval 200 -ms:checkpoint:gz -ms:numresults 0 -out:prefix 1N7T_V83K_0016 -score:weights standard -score:patch score12 -score:ref_offsets HIS 1.2 -resfile /netapp/home/colin/backrub_seqtol/input_files/1N7T_V83K/1N7T_V83K_seqtol.resfile
core.init: 'RNG device' seed mode, using '/dev/urandom', seed=-328481541 seed_offset=0 real_seed=-328481541
core.init.random: RandomGenerator:init: Normal mode, seed=-328481541 RG_type=mt19937
core.pack.task: Packer task: initialize from command line() 
core.pack.task: Packer task: initialize from command line() 
core.scoring.ScoreFunctionFactory: SCOREFUNCTION: standard
core.scoring.ScoreFunctionFactory: SCOREFUNCTION PATCH: score12
core.scoring.etable: Starting energy table calculation
core.scoring.etable: smooth_etable: changing atr/rep split to bottom of energy well
core.scoring.etable: smooth_etable: spline smoothing lj etables (maxdis = 6)
core.scoring.etable: smooth_etable: spline smoothing solvation etables (max_dis = 6)
core.scoring.etable: Finished calculating energy tables.
core.io.database: Database file opened: /netapp/home/colin/rosetta/rosetta-3.2/rosetta_database/pdb_pair_stats_fine
core.io.database: Database file opened: /netapp/home/colin/rosetta/rosetta-3.2/rosetta_database/scoring/score_functions/hbonds/standard_params/HBPoly1D.csv
core.io.database: Database file opened: /netapp/home/colin/rosetta/rosetta-3.2/rosetta_database/scoring/score_functions/hbonds/standard_params/HBFadeIntervals.csv
core.io.database: Database file opened: /netapp/home/colin/rosetta/rosetta-3.2/rosetta_database/scoring/score_functions/hbonds/standard_params/HBEval.csv
core.io.database: Database file opened: /netapp/home/colin/rosetta/rosetta-3.2/rosetta_database/P_AA
core.io.database: Database file opened: /netapp/home/colin/rosetta/rosetta-3.2/rosetta_database/P_AA_n
core.io.database: Database file opened: /netapp/home/colin/rosetta/rosetta-3.2/rosetta_database/P_AA_pp
core.io.database: Database file opened: /netapp/home/colin/rosetta/rosetta-3.2/rosetta_database/Rama_smooth_dyn.dat_ss_6.4
core.scoring.dunbrack: Dunbrack library took 0.02 seconds to load from binary
app.sequence_tolerance: Residue Decomposition: [Set 1 (A): [1, 2, 3, 4, 5, 6, 7, 8, 9, 10, 11, 12, 13, 14, 15, 16, 17, 18, 19, 20, 21, 22, 23, 24, 25, 26, 27, 28, 29, 30, 31, 32, 33, 34, 35, 36, 37, 38, 39, 40, 41, 42, 43, 44, 45, 46, 47, 48, 49, 50, 51, 52, 53, 54, 55, 56, 57, 58, 59, 60, 61, 62, 63, 64, 65, 66, 67, 68, 69, 70, 71, 72, 73, 74, 75, 76, 77, 78, 79, 80, 81, 82, 83, 84, 85, 86, 87, 88, 89, 90, 91, 92, 93, 94, 95, 96, 97, 98, 99, 100, 101, 102, 103], Set 2 (B): [104, 105, 106, 107, 108, 109, 110]]
app.sequence_tolerance: Fitness Function Master Weights: [1, 1, 1, 2]
app.sequence_tolerance: Fitness of Starting Structure: 
---------------------------------------------------------------------
Score Type                  Other        A        B      A-B    Total
---------------------------------------------------------------------
fa_atr                      0.000 -260.221   -6.571  -45.246 -312.039
fa_rep                      0.000   45.113    0.553    4.469   50.134
fa_sol                      0.000  123.892    4.425   23.487  151.804
fa_intra_rep                0.000    0.869    0.123    0.000    0.993
pro_close                   0.000    1.726    0.000    0.000    1.726
fa_pair                     0.000   -4.176    0.008   -2.178   -6.346
hbond_sr_bb                -7.212    0.000    0.000    0.000   -7.212
hbond_lr_bb               -19.423    0.000    0.000    0.000  -19.423
hbond_bb_sc                 0.000   -4.471    0.000    0.000   -4.471
hbond_sc                    0.000   -0.217    0.000   -2.791   -3.008
dslf_ss_dst                 0.000    0.000    0.000    0.000    0.000
dslf_cs_ang                 0.000    0.000    0.000    0.000    0.000
dslf_ss_dih                 0.000    0.000    0.000    0.000    0.000
dslf_ca_dih                 0.000    0.000    0.000    0.000    0.000
rama                        0.000   15.551   -0.345    0.000   15.205
omega                       0.000    0.250    0.001    0.000    0.251
fa_dun                      0.000   82.547    4.912    0.000   87.460
p_aa_pp                     0.000   -9.764   -0.656    0.000  -10.420
ref                         0.000  -21.830    0.590    0.000  -21.240
---------------------------------------------------------------------
Total                     -26.636  -30.731    3.040  -22.259  -76.587

core.pack.interaction_graph.interaction_graph_factory: Instantiating PDInteractionGraph
core.pack.pack_rotamers: built 8713 rotamers at 33 positions.
core.pack.pack_rotamers: IG: 101099672 bytes
app.sequence_tolerance: There are 1 positive states and 0 negative states
protocols.multistate_design.MultiStatePacker: Best single-state design score:   -87.00
app.sequence_tolerance: Adding single-state design entities:
app.sequence_tolerance: AA:106:L AA:107:E AA:108:V AA:109:W AA:110:I 
app.sequence_tolerance: Generation 1:
app.sequence_tolerance: Distinct new entities: 1999
app.sequence_tolerance: Duplicate new entities: 1
app.sequence_tolerance: Entities from previous generation: 0
app.sequence_tolerance: Entities resurrected from earlier generations: 0
app.sequence_tolerance: Fitness Percentiles: 0%=-86.9965 25%=-72.0638 50%=-66.8974 75%=-10.3265 100%=411.854
app.sequence_tolerance: Best new entity:
MultiStateEntity with traits: AA:106:L AA:107:E AA:108:V AA:109:W AA:110:I and fitness -86.997
 SingleState 1 with fitness: -86.9965
app.sequence_tolerance: Generation 2:
app.sequence_tolerance: Distinct new entities: 1923
app.sequence_tolerance: Duplicate new entities: 4
app.sequence_tolerance: Entities from previous generation: 73
app.sequence_tolerance: Entities resurrected from earlier generations: 0
app.sequence_tolerance: Fitness Percentiles: 0%=-86.9965 25%=-73.7106 50%=-70.5711 75%=-64.079 100%=402.442
app.sequence_tolerance: Best new entity:
MultiStateEntity with traits: AA:106:W AA:107:E AA:108:L AA:109:W AA:110:I and fitness -85.368
 SingleState 1 with fitness: -85.3684
app.sequence_tolerance: Generation 3:
app.sequence_tolerance: Distinct new entities: 1909
app.sequence_tolerance: Duplicate new entities: 2
app.sequence_tolerance: Entities from previous generation: 83
app.sequence_tolerance: Entities resurrected from earlier generations: 6
app.sequence_tolerance: Fitness Percentiles: 0%=-89.6305 25%=-75.5485 50%=-72.0283 75%=-68.0813 100%=408.064
app.sequence_tolerance: Best new entity:
MultiStateEntity with traits: AA:106:W AA:107:E AA:108:E AA:109:W AA:110:I and fitness -89.630
 SingleState 1 with fitness: -89.6305
app.sequence_tolerance: Generation 4:
app.sequence_tolerance: Distinct new entities: 1902
app.sequence_tolerance: Duplicate new entities: 3
app.sequence_tolerance: Entities from previous generation: 87
app.sequence_tolerance: Entities resurrected from earlier generations: 8
app.sequence_tolerance: Fitness Percentiles: 0%=-89.6305 25%=-76.4868 50%=-73.2903 75%=-69.3415 100%=403.318
app.sequence_tolerance: Best new entity:
MultiStateEntity with traits: AA:106:L AA:107:E AA:108:E AA:109:W AA:110:I and fitness -89.494
 SingleState 1 with fitness: -89.4939
app.sequence_tolerance: Generation 5:
app.sequence_tolerance: Distinct new entities: 1887
app.sequence_tolerance: Duplicate new entities: 3
app.sequence_tolerance: Entities from previous generation: 90
app.sequence_tolerance: Entities resurrected from earlier generations: 20
app.sequence_tolerance: Fitness Percentiles: 0%=-89.6305 25%=-77.4514 50%=-74.1753 75%=-70.3533 100%=402.337
app.sequence_tolerance: Best new entity:
MultiStateEntity with traits: AA:106:Y AA:107:E AA:108:D AA:109:W AA:110:V and fitness -89.629
 SingleState 1 with fitness: -89.6291
app.sequence_tolerance: Evaluated 9620 sequences out of 2476099 possible.
Best sequences:
