core.init: Mini-Rosetta version 40577 from https://svn.rosettacommons.org/source/branches/releases/rosetta-3.2/rosetta_source
core.init: command: /netapp/home/colin/rosetta/rosetta-3.2/rosetta_source/bin/sequence_tolerance.linuxgccrelease -database /netapp/home/colin/rosetta/rosetta-3.2/rosetta_database -s 1N7T_V83K_0017_low.pdb -ex1 -ex2 -extrachi_cutoff 0 -seq_tol:fitness_master_weights 1 1 1 2 -ms:generations 5 -ms:pop_size 2000 -ms:pop_from_ss 1 -ms:checkpoint:prefix 1N7T_V83K_0017 -ms:checkpoint:interval 200 -ms:checkpoint:gz -ms:numresults 0 -out:prefix 1N7T_V83K_0017 -score:weights standard -score:patch score12 -score:ref_offsets HIS 1.2 -resfile /netapp/home/colin/backrub_seqtol/input_files/1N7T_V83K/1N7T_V83K_seqtol.resfile
core.init: 'RNG device' seed mode, using '/dev/urandom', seed=-1777719295 seed_offset=0 real_seed=-1777719295
core.init.random: RandomGenerator:init: Normal mode, seed=-1777719295 RG_type=mt19937
core.pack.task: Packer task: initialize from command line() 
core.pack.task: Packer task: initialize from command line() 
core.scoring.ScoreFunctionFactory: SCOREFUNCTION: standard
core.scoring.ScoreFunctionFactory: SCOREFUNCTION PATCH: score12
core.scoring.etable: Starting energy table calculation
core.scoring.etable: smooth_etable: changing atr/rep split to bottom of energy well
core.scoring.etable: smooth_etable: spline smoothing lj etables (maxdis = 6)
core.scoring.etable: smooth_etable: spline smoothing solvation etables (max_dis = 6)
core.scoring.etable: Finished calculating energy tables.
core.io.database: Database file opened: /netapp/home/colin/rosetta/rosetta-3.2/rosetta_database/pdb_pair_stats_fine
core.io.database: Database file opened: /netapp/home/colin/rosetta/rosetta-3.2/rosetta_database/scoring/score_functions/hbonds/standard_params/HBPoly1D.csv
core.io.database: Database file opened: /netapp/home/colin/rosetta/rosetta-3.2/rosetta_database/scoring/score_functions/hbonds/standard_params/HBFadeIntervals.csv
core.io.database: Database file opened: /netapp/home/colin/rosetta/rosetta-3.2/rosetta_database/scoring/score_functions/hbonds/standard_params/HBEval.csv
core.io.database: Database file opened: /netapp/home/colin/rosetta/rosetta-3.2/rosetta_database/P_AA
core.io.database: Database file opened: /netapp/home/colin/rosetta/rosetta-3.2/rosetta_database/P_AA_n
core.io.database: Database file opened: /netapp/home/colin/rosetta/rosetta-3.2/rosetta_database/P_AA_pp
core.io.database: Database file opened: /netapp/home/colin/rosetta/rosetta-3.2/rosetta_database/Rama_smooth_dyn.dat_ss_6.4
core.scoring.dunbrack: Dunbrack library took 0.03 seconds to load from binary
app.sequence_tolerance: Residue Decomposition: [Set 1 (A): [1, 2, 3, 4, 5, 6, 7, 8, 9, 10, 11, 12, 13, 14, 15, 16, 17, 18, 19, 20, 21, 22, 23, 24, 25, 26, 27, 28, 29, 30, 31, 32, 33, 34, 35, 36, 37, 38, 39, 40, 41, 42, 43, 44, 45, 46, 47, 48, 49, 50, 51, 52, 53, 54, 55, 56, 57, 58, 59, 60, 61, 62, 63, 64, 65, 66, 67, 68, 69, 70, 71, 72, 73, 74, 75, 76, 77, 78, 79, 80, 81, 82, 83, 84, 85, 86, 87, 88, 89, 90, 91, 92, 93, 94, 95, 96, 97, 98, 99, 100, 101, 102, 103], Set 2 (B): [104, 105, 106, 107, 108, 109, 110]]
app.sequence_tolerance: Fitness Function Master Weights: [1, 1, 1, 2]
app.sequence_tolerance: Fitness of Starting Structure: 
---------------------------------------------------------------------
Score Type                  Other        A        B      A-B    Total
---------------------------------------------------------------------
fa_atr                      0.000 -271.566   -8.485  -56.667 -336.717
fa_rep                      0.000   50.926    0.679    6.811   58.416
fa_sol                      0.000  126.817    6.209   31.332  164.359
fa_intra_rep                0.000    0.895    0.092    0.000    0.986
pro_close                   0.000    1.836    0.000    0.000    1.836
fa_pair                     0.000   -5.584    0.006   -1.524   -7.103
hbond_sr_bb                -7.501    0.000    0.000    0.000   -7.501
hbond_lr_bb               -21.303    0.000    0.000    0.000  -21.303
hbond_bb_sc                 0.000   -5.219    0.000   -0.966   -6.185
hbond_sc                    0.000   -1.004   -0.089   -4.162   -5.255
dslf_ss_dst                 0.000    0.000    0.000    0.000    0.000
dslf_cs_ang                 0.000    0.000    0.000    0.000    0.000
dslf_ss_dih                 0.000    0.000    0.000    0.000    0.000
dslf_ca_dih                 0.000    0.000    0.000    0.000    0.000
rama                        0.000   26.034    0.204    0.000   26.238
omega                       0.000    0.271    0.008    0.000    0.279
fa_dun                      0.000   72.767    6.124    0.000   78.891
p_aa_pp                     0.000   -6.630   -0.351    0.000   -6.981
ref                         0.000  -21.830    0.590    0.000  -21.240
---------------------------------------------------------------------
Total                     -28.804  -32.286    4.987  -25.176  -81.280

core.pack.interaction_graph.interaction_graph_factory: Instantiating PDInteractionGraph
core.pack.pack_rotamers: built 8042 rotamers at 33 positions.
core.pack.pack_rotamers: IG: 87179136 bytes
app.sequence_tolerance: There are 1 positive states and 0 negative states
protocols.multistate_design.MultiStatePacker: Best single-state design score:   -69.65
app.sequence_tolerance: Adding single-state design entities:
app.sequence_tolerance: AA:106:D AA:107:S AA:108:E AA:109:F AA:110:A 
app.sequence_tolerance: Generation 1:
app.sequence_tolerance: Distinct new entities: 1998
app.sequence_tolerance: Duplicate new entities: 2
app.sequence_tolerance: Entities from previous generation: 0
app.sequence_tolerance: Entities resurrected from earlier generations: 0
app.sequence_tolerance: Fitness Percentiles: 0%=-71.6934 25%=-60.4929 50%=-52.1673 75%=-25.522 100%=730.744
app.sequence_tolerance: Best new entity:
MultiStateEntity with traits: AA:106:V AA:107:Q AA:108:E AA:109:W AA:110:V and fitness -71.693
 SingleState 1 with fitness: -71.6934
app.sequence_tolerance: Generation 2:
app.sequence_tolerance: Distinct new entities: 1935
app.sequence_tolerance: Duplicate new entities: 2
app.sequence_tolerance: Entities from previous generation: 63
app.sequence_tolerance: Entities resurrected from earlier generations: 0
app.sequence_tolerance: Fitness Percentiles: 0%=-71.6934 25%=-62.3108 50%=-59.0062 75%=-47.9317 100%=719.797
app.sequence_tolerance: Best new entity:
MultiStateEntity with traits: AA:106:W AA:107:T AA:108:E AA:109:W AA:110:V and fitness -70.812
 SingleState 1 with fitness: -70.8117
app.sequence_tolerance: Generation 3:
app.sequence_tolerance: Distinct new entities: 1903
app.sequence_tolerance: Duplicate new entities: 0
app.sequence_tolerance: Entities from previous generation: 88
app.sequence_tolerance: Entities resurrected from earlier generations: 9
app.sequence_tolerance: Fitness Percentiles: 0%=-71.6934 25%=-63.3011 50%=-60.6432 75%=-55.4708 100%=718.012
app.sequence_tolerance: Best new entity:
MultiStateEntity with traits: AA:106:I AA:107:Q AA:108:E AA:109:W AA:110:V and fitness -71.655
 SingleState 1 with fitness: -71.6548
app.sequence_tolerance: Generation 4:
app.sequence_tolerance: Distinct new entities: 1906
app.sequence_tolerance: Duplicate new entities: 3
app.sequence_tolerance: Entities from previous generation: 80
app.sequence_tolerance: Entities resurrected from earlier generations: 11
app.sequence_tolerance: Fitness Percentiles: 0%=-72.2701 25%=-64.0728 50%=-61.6882 75%=-57.7726 100%=623.102
app.sequence_tolerance: Best new entity:
MultiStateEntity with traits: AA:106:F AA:107:Q AA:108:E AA:109:W AA:110:V and fitness -72.270
 SingleState 1 with fitness: -72.2701
app.sequence_tolerance: Generation 5:
app.sequence_tolerance: Distinct new entities: 1895
app.sequence_tolerance: Duplicate new entities: 3
app.sequence_tolerance: Entities from previous generation: 89
app.sequence_tolerance: Entities resurrected from earlier generations: 13
app.sequence_tolerance: Fitness Percentiles: 0%=-72.2701 25%=-64.503 50%=-62.2738 75%=-58.8753 100%=625.121
app.sequence_tolerance: Best new entity:
MultiStateEntity with traits: AA:106:L AA:107:E AA:108:E AA:109:W AA:110:D and fitness -71.927
 SingleState 1 with fitness: -71.9265
app.sequence_tolerance: Evaluated 9637 sequences out of 2476099 possible.
Best sequences:
