core.init: Mini-Rosetta version 40577 from https://svn.rosettacommons.org/source/branches/releases/rosetta-3.2/rosetta_source
core.init: command: /netapp/home/colin/rosetta/rosetta-3.2/rosetta_source/bin/sequence_tolerance.linuxgccrelease -database /netapp/home/colin/rosetta/rosetta-3.2/rosetta_database -s 1N7T_V83K_0009_low.pdb -ex1 -ex2 -extrachi_cutoff 0 -seq_tol:fitness_master_weights 1 1 1 2 -ms:generations 5 -ms:pop_size 2000 -ms:pop_from_ss 1 -ms:checkpoint:prefix 1N7T_V83K_0009 -ms:checkpoint:interval 200 -ms:checkpoint:gz -ms:numresults 0 -out:prefix 1N7T_V83K_0009 -score:weights standard -score:patch score12 -score:ref_offsets HIS 1.2 -resfile /netapp/home/colin/backrub_seqtol/input_files/1N7T_V83K/1N7T_V83K_seqtol.resfile
core.init: 'RNG device' seed mode, using '/dev/urandom', seed=1492216351 seed_offset=0 real_seed=1492216351
core.init.random: RandomGenerator:init: Normal mode, seed=1492216351 RG_type=mt19937
core.pack.task: Packer task: initialize from command line() 
core.pack.task: Packer task: initialize from command line() 
core.scoring.ScoreFunctionFactory: SCOREFUNCTION: standard
core.scoring.ScoreFunctionFactory: SCOREFUNCTION PATCH: score12
core.scoring.etable: Starting energy table calculation
core.scoring.etable: smooth_etable: changing atr/rep split to bottom of energy well
core.scoring.etable: smooth_etable: spline smoothing lj etables (maxdis = 6)
core.scoring.etable: smooth_etable: spline smoothing solvation etables (max_dis = 6)
core.scoring.etable: Finished calculating energy tables.
core.io.database: Database file opened: /netapp/home/colin/rosetta/rosetta-3.2/rosetta_database/pdb_pair_stats_fine
core.io.database: Database file opened: /netapp/home/colin/rosetta/rosetta-3.2/rosetta_database/scoring/score_functions/hbonds/standard_params/HBPoly1D.csv
core.io.database: Database file opened: /netapp/home/colin/rosetta/rosetta-3.2/rosetta_database/scoring/score_functions/hbonds/standard_params/HBFadeIntervals.csv
core.io.database: Database file opened: /netapp/home/colin/rosetta/rosetta-3.2/rosetta_database/scoring/score_functions/hbonds/standard_params/HBEval.csv
core.io.database: Database file opened: /netapp/home/colin/rosetta/rosetta-3.2/rosetta_database/P_AA
core.io.database: Database file opened: /netapp/home/colin/rosetta/rosetta-3.2/rosetta_database/P_AA_n
core.io.database: Database file opened: /netapp/home/colin/rosetta/rosetta-3.2/rosetta_database/P_AA_pp
core.io.database: Database file opened: /netapp/home/colin/rosetta/rosetta-3.2/rosetta_database/Rama_smooth_dyn.dat_ss_6.4
core.scoring.dunbrack: Dunbrack library took 0.03 seconds to load from binary
app.sequence_tolerance: Residue Decomposition: [Set 1 (A): [1, 2, 3, 4, 5, 6, 7, 8, 9, 10, 11, 12, 13, 14, 15, 16, 17, 18, 19, 20, 21, 22, 23, 24, 25, 26, 27, 28, 29, 30, 31, 32, 33, 34, 35, 36, 37, 38, 39, 40, 41, 42, 43, 44, 45, 46, 47, 48, 49, 50, 51, 52, 53, 54, 55, 56, 57, 58, 59, 60, 61, 62, 63, 64, 65, 66, 67, 68, 69, 70, 71, 72, 73, 74, 75, 76, 77, 78, 79, 80, 81, 82, 83, 84, 85, 86, 87, 88, 89, 90, 91, 92, 93, 94, 95, 96, 97, 98, 99, 100, 101, 102, 103], Set 2 (B): [104, 105, 106, 107, 108, 109, 110]]
app.sequence_tolerance: Fitness Function Master Weights: [1, 1, 1, 2]
app.sequence_tolerance: Fitness of Starting Structure: 
---------------------------------------------------------------------
Score Type                  Other        A        B      A-B    Total
---------------------------------------------------------------------
fa_atr                      0.000 -248.487   -5.179  -57.400 -311.065
fa_rep                      0.000   43.426    1.488    8.442   53.356
fa_sol                      0.000  120.014    3.278   28.847  152.139
fa_intra_rep                0.000    0.825    0.096    0.000    0.920
pro_close                   0.000    1.716    0.000    0.000    1.716
fa_pair                     0.000   -7.378   -0.020   -1.485   -8.883
hbond_sr_bb                -6.812    0.000    0.000    0.000   -6.812
hbond_lr_bb               -25.781    0.000    0.000    0.000  -25.781
hbond_bb_sc                 0.000   -1.218    0.000   -0.244   -1.462
hbond_sc                    0.000   -1.637    0.000   -1.585   -3.221
dslf_ss_dst                 0.000    0.000    0.000    0.000    0.000
dslf_cs_ang                 0.000    0.000    0.000    0.000    0.000
dslf_ss_dih                 0.000    0.000    0.000    0.000    0.000
dslf_ca_dih                 0.000    0.000    0.000    0.000    0.000
rama                        0.000   21.643    3.081    0.000   24.723
omega                       0.000    0.260    0.014    0.000    0.274
fa_dun                      0.000   77.205    4.417    0.000   81.623
p_aa_pp                     0.000   -9.572   -0.160    0.000   -9.732
ref                         0.000  -21.830    0.590    0.000  -21.240
---------------------------------------------------------------------
Total                     -32.593  -25.033    7.606  -23.425  -73.445

core.pack.interaction_graph.interaction_graph_factory: Instantiating PDInteractionGraph
core.pack.pack_rotamers: built 8110 rotamers at 33 positions.
core.pack.pack_rotamers: IG: 89045032 bytes
app.sequence_tolerance: There are 1 positive states and 0 negative states
protocols.multistate_design.MultiStatePacker: Best single-state design score:   -83.63
app.sequence_tolerance: Adding single-state design entities:
app.sequence_tolerance: AA:106:T AA:107:S AA:108:E AA:109:W AA:110:V 
app.sequence_tolerance: Generation 1:
app.sequence_tolerance: Distinct new entities: 1999
app.sequence_tolerance: Duplicate new entities: 1
app.sequence_tolerance: Entities from previous generation: 0
app.sequence_tolerance: Entities resurrected from earlier generations: 0
app.sequence_tolerance: Fitness Percentiles: 0%=-83.3583 25%=-69.4074 50%=-65.1446 75%=72.8116 100%=880.966
app.sequence_tolerance: Best new entity:
MultiStateEntity with traits: AA:106:T AA:107:S AA:108:E AA:109:W AA:110:V and fitness -83.358
 SingleState 1 with fitness: -83.3583
app.sequence_tolerance: Generation 2:
app.sequence_tolerance: Distinct new entities: 1931
app.sequence_tolerance: Duplicate new entities: 2
app.sequence_tolerance: Entities from previous generation: 67
app.sequence_tolerance: Entities resurrected from earlier generations: 0
app.sequence_tolerance: Fitness Percentiles: 0%=-83.3583 25%=-70.7357 50%=-67.6705 75%=-63.0382 100%=774.314
app.sequence_tolerance: Best new entity:
MultiStateEntity with traits: AA:106:Q AA:107:T AA:108:E AA:109:W AA:110:V and fitness -82.421
 SingleState 1 with fitness: -82.4206
app.sequence_tolerance: Generation 3:
app.sequence_tolerance: Distinct new entities: 1917
app.sequence_tolerance: Duplicate new entities: 4
app.sequence_tolerance: Entities from previous generation: 72
app.sequence_tolerance: Entities resurrected from earlier generations: 7
app.sequence_tolerance: Fitness Percentiles: 0%=-83.3583 25%=-71.6954 50%=-69.096 75%=-65.8214 100%=708.09
app.sequence_tolerance: Best new entity:
MultiStateEntity with traits: AA:106:Q AA:107:A AA:108:E AA:109:W AA:110:V and fitness -83.345
 SingleState 1 with fitness: -83.3455
app.sequence_tolerance: Generation 4:
app.sequence_tolerance: Distinct new entities: 1910
app.sequence_tolerance: Duplicate new entities: 5
app.sequence_tolerance: Entities from previous generation: 78
app.sequence_tolerance: Entities resurrected from earlier generations: 7
app.sequence_tolerance: Fitness Percentiles: 0%=-83.3583 25%=-72.4168 50%=-70.1583 75%=-67.0782 100%=701.185
app.sequence_tolerance: Best new entity:
MultiStateEntity with traits: AA:106:Y AA:107:E AA:108:E AA:109:W AA:110:V and fitness -83.152
 SingleState 1 with fitness: -83.1519
app.sequence_tolerance: Generation 5:
app.sequence_tolerance: Distinct new entities: 1893
app.sequence_tolerance: Duplicate new entities: 3
app.sequence_tolerance: Entities from previous generation: 97
app.sequence_tolerance: Entities resurrected from earlier generations: 7
app.sequence_tolerance: Fitness Percentiles: 0%=-83.3583 25%=-73.1688 50%=-70.7771 75%=-67.7291 100%=698.716
app.sequence_tolerance: Best new entity:
MultiStateEntity with traits: AA:106:M AA:107:M AA:108:E AA:109:W AA:110:V and fitness -82.920
 SingleState 1 with fitness: -82.9196
app.sequence_tolerance: Evaluated 9650 sequences out of 2476099 possible.
Best sequences:
