core.init: Mini-Rosetta version 40577 from https://svn.rosettacommons.org/source/branches/releases/rosetta-3.2/rosetta_source
core.init: command: /netapp/home/colin/rosetta/rosetta-3.2/rosetta_source/bin/backrub.linuxgccrelease -database /netapp/home/colin/rosetta/rosetta-3.2/rosetta_database -s /netapp/home/colin/backrub_seqtol/input_files/1N7T/1N7T_02.pdb -ignore_unrecognized_res -ex1 -ex2 -extrachi_cutoff 0 -out:prefix 1N7T_V83K_0002 -mute core.io.pdb.file_data -backrub:ntrials 10000 -score:weights standard -score:patch score12 -resfile /netapp/home/colin/backrub_seqtol/input_files/1N7T_V83K/1N7T_V83K_backrub.resfile -backrub:minimize_movemap /netapp/home/colin/backrub_seqtol/input_files/1N7T_V83K/1N7T_V83K_minimize.movemap
core.init: 'RNG device' seed mode, using '/dev/urandom', seed=1229128163 seed_offset=0 real_seed=1229128163
core.init.random: RandomGenerator:init: Normal mode, seed=1229128163 RG_type=mt19937
core.scoring.ScoreFunctionFactory: SCOREFUNCTION: standard
core.scoring.ScoreFunctionFactory: SCOREFUNCTION PATCH: score12
core.scoring.etable: Starting energy table calculation
core.scoring.etable: smooth_etable: changing atr/rep split to bottom of energy well
core.scoring.etable: smooth_etable: spline smoothing lj etables (maxdis = 6)
core.scoring.etable: smooth_etable: spline smoothing solvation etables (max_dis = 6)
core.scoring.etable: Finished calculating energy tables.
core.io.database: Database file opened: /netapp/home/colin/rosetta/rosetta-3.2/rosetta_database/pdb_pair_stats_fine
core.io.database: Database file opened: /netapp/home/colin/rosetta/rosetta-3.2/rosetta_database/scoring/score_functions/hbonds/standard_params/HBPoly1D.csv
core.io.database: Database file opened: /netapp/home/colin/rosetta/rosetta-3.2/rosetta_database/scoring/score_functions/hbonds/standard_params/HBFadeIntervals.csv
core.io.database: Database file opened: /netapp/home/colin/rosetta/rosetta-3.2/rosetta_database/scoring/score_functions/hbonds/standard_params/HBEval.csv
core.io.database: Database file opened: /netapp/home/colin/rosetta/rosetta-3.2/rosetta_database/P_AA
core.io.database: Database file opened: /netapp/home/colin/rosetta/rosetta-3.2/rosetta_database/P_AA_n
core.io.database: Database file opened: /netapp/home/colin/rosetta/rosetta-3.2/rosetta_database/P_AA_pp
core.io.database: Database file opened: /netapp/home/colin/rosetta/rosetta-3.2/rosetta_database/Rama_smooth_dyn.dat_ss_6.4
core.mm.MMBondAngleLibrary: MM bond angle sets added fully assigned: 474; wildcard: 0 and 1 virtual parameter.
core.io.database: Database file opened: /netapp/home/colin/rosetta/rosetta-3.2/rosetta_database/branch_angle/branch_angle_1.txt
core.io.database: Database file opened: /netapp/home/colin/rosetta/rosetta-3.2/rosetta_database/branch_angle/branch_angle_2.txt
core.scoring.dunbrack: Dunbrack library took 0.02 seconds to load from binary
apps.backrub: Processing /netapp/home/colin/backrub_seqtol/input_files/1N7T/1N7T_02.pdb...
core.pack.task: Packer task: initialize from command line() 
protocols.moves.BackrubMover: Segment lengths: 3-34 atoms
protocols.moves.BackrubMover: Main chain pivot atoms: CA
protocols.moves.BackrubMover: Adding backrub segments for residues 1-110
protocols.moves.BackrubMover: Total Segments Added: 960
apps.backrub: Score After PDB Load:
apps.backrub: ------------------------------------------------------------
 Scores                       Weight   Raw Score Wghtd.Score
------------------------------------------------------------
 fa_atr                       0.800    -396.113    -316.891
 fa_rep                       0.440     211.891      93.232
 fa_sol                       0.650     246.602     160.291
 fa_intra_rep                 0.004     235.956       0.944
 mm_bend                      1.000      85.265      85.265
 pro_close                    1.000       1.731       1.731
 fa_pair                      0.490     -10.731      -5.258
 hbond_sr_bb                  0.585     -13.388      -7.832
 hbond_lr_bb                  1.170     -17.283     -20.221
 hbond_bb_sc                  1.170      -1.255      -1.468
 hbond_sc                     1.100      -0.510      -0.561
 dslf_ss_dst                  0.500       0.000       0.000
 dslf_cs_ang                  2.000       0.000       0.000
 dslf_ss_dih                  5.000       0.000       0.000
 dslf_ca_dih                  5.000       0.000       0.000
 rama                         0.200     166.997      33.399
 omega                        0.500       0.455       0.228
 fa_dun                       0.560     508.397     284.703
 p_aa_pp                      0.320     -22.390      -7.165
 ref                          1.000     -23.900     -23.900
---------------------------------------------------
 Total weighted score:                      276.496
core.pack.task: Packer task: initialize from command line() 
apps.backrub: Score After Branch Angle Optimization/Side Chain Idealization:
apps.backrub: ------------------------------------------------------------
 Scores                       Weight   Raw Score Wghtd.Score
------------------------------------------------------------
 fa_atr                       0.800    -396.803    -317.442
 fa_rep                       0.440     257.375     113.245
 fa_sol                       0.650     246.422     160.174
 fa_intra_rep                 0.004     270.574       1.082
 mm_bend                      1.000      55.238      55.238
 pro_close                    1.000       1.731       1.731
 fa_pair                      0.490     -11.330      -5.552
 hbond_sr_bb                  0.585     -13.388      -7.832
 hbond_lr_bb                  1.170     -17.283     -20.221
 hbond_bb_sc                  1.170      -1.205      -1.410
 hbond_sc                     1.100      -0.497      -0.547
 dslf_ss_dst                  0.500       0.000       0.000
 dslf_cs_ang                  2.000       0.000       0.000
 dslf_ss_dih                  5.000       0.000       0.000
 dslf_ca_dih                  5.000       0.000       0.000
 rama                         0.200     166.997      33.399
 omega                        0.500       0.455       0.228
 fa_dun                       0.560     508.839     284.950
 p_aa_pp                      0.320     -22.390      -7.165
 ref                          1.000     -23.900     -23.900
---------------------------------------------------
 Total weighted score:                      265.979
core.pack.task: Packer task: initialize from command line() 
apps.backrub: Starting ResidueType not allowed in resfile at position(s): 83
apps.backrub: Forcing initial pack
core.pack.task: Packer task: initialize from command line() 
core.pack.interaction_graph.interaction_graph_factory: Instantiating PDInteractionGraph
core.pack.pack_rotamers: built 7810 rotamers at 110 positions.
core.pack.pack_rotamers: IG: 22457380 bytes
apps.backrub: Running 10000 trials...
protocols.moves.MonteCarlo:      br_CA_CA_04 trials=    749;  accepts= 0.3925;  energy_drop/trial=  -0.01183
protocols.moves.MonteCarlo:      br_CA_CA_07 trials=    745;  accepts= 0.3570;  energy_drop/trial=   0.00942
protocols.moves.MonteCarlo:      br_CA_CA_10 trials=    755;  accepts= 0.3311;  energy_drop/trial=   0.00290
protocols.moves.MonteCarlo:      br_CA_CA_13 trials=    699;  accepts= 0.2990;  energy_drop/trial=  -0.00209
protocols.moves.MonteCarlo:      br_CA_CA_16 trials=    673;  accepts= 0.2630;  energy_drop/trial=  -0.01348
protocols.moves.MonteCarlo:      br_CA_CA_19 trials=    686;  accepts= 0.2624;  energy_drop/trial=  -0.01435
protocols.moves.MonteCarlo:      br_CA_CA_22 trials=    686;  accepts= 0.2259;  energy_drop/trial=   0.00314
protocols.moves.MonteCarlo:      br_CA_CA_25 trials=    655;  accepts= 0.2107;  energy_drop/trial=  -0.00257
protocols.moves.MonteCarlo:      br_CA_CA_28 trials=    635;  accepts= 0.1984;  energy_drop/trial=   0.00448
protocols.moves.MonteCarlo:      br_CA_CA_31 trials=    655;  accepts= 0.2427;  energy_drop/trial=  -0.01006
protocols.moves.MonteCarlo:      br_CA_CA_34 trials=    582;  accepts= 0.1924;  energy_drop/trial=   0.00550
protocols.moves.MonteCarlo:       sc_chi_rot trials=   2245;  accepts= 0.3577;  energy_drop/trial=   0.00952
protocols.moves.MonteCarlo:      sc_chi_unif trials=    235;  accepts= 0.0340;  energy_drop/trial=   0.00186
apps.backrub: Last Score:
apps.backrub: ------------------------------------------------------------
 Scores                       Weight   Raw Score Wghtd.Score
------------------------------------------------------------
 fa_atr                       0.800    -351.435    -281.148
 fa_rep                       0.440      99.687      43.862
 fa_sol                       0.650     213.825     138.986
 fa_intra_rep                 0.004     237.741       0.951
 mm_bend                      1.000      46.415      46.415
 pro_close                    1.000       2.346       2.346
 fa_pair                      0.490      -9.169      -4.493
 hbond_sr_bb                  0.585     -10.720      -6.271
 hbond_lr_bb                  1.170     -18.478     -21.620
 hbond_bb_sc                  1.170      -2.048      -2.396
 hbond_sc                     1.100      -0.320      -0.352
 dslf_ss_dst                  0.500       0.000       0.000
 dslf_cs_ang                  2.000       0.000       0.000
 dslf_ss_dih                  5.000       0.000       0.000
 dslf_ca_dih                  5.000       0.000       0.000
 rama                         0.200     112.653      22.531
 omega                        0.500       0.455       0.227
 fa_dun                       0.560     166.227      93.087
 p_aa_pp                      0.320     -28.578      -9.145
 ref                          1.000     -24.840     -24.840
---------------------------------------------------
 Total weighted score:                       -1.859
apps.backrub: Low Score:
apps.backrub: ------------------------------------------------------------
 Scores                       Weight   Raw Score Wghtd.Score
------------------------------------------------------------
 fa_atr                       0.800    -357.997    -286.397
 fa_rep                       0.440     102.956      45.301
 fa_sol                       0.650     221.696     144.103
 fa_intra_rep                 0.004     249.323       0.997
 mm_bend                      1.000      52.247      52.247
 pro_close                    1.000       2.346       2.346
 fa_pair                      0.490     -13.912      -6.817
 hbond_sr_bb                  0.585     -10.356      -6.058
 hbond_lr_bb                  1.170     -21.091     -24.677
 hbond_bb_sc                  1.170      -3.646      -4.266
 hbond_sc                     1.100      -1.178      -1.295
 dslf_ss_dst                  0.500       0.000       0.000
 dslf_cs_ang                  2.000       0.000       0.000
 dslf_ss_dih                  5.000       0.000       0.000
 dslf_ca_dih                  5.000       0.000       0.000
 rama                         0.200      96.448      19.290
 omega                        0.500       0.455       0.227
 fa_dun                       0.560     148.155      82.967
 p_aa_pp                      0.320     -32.482     -10.394
 ref                          1.000     -24.840     -24.840
---------------------------------------------------
 Total weighted score:                      -17.269
