core.init: Mini-Rosetta version 40577 from https://svn.rosettacommons.org/source/branches/releases/rosetta-3.2/rosetta_source
core.init: command: /netapp/home/colin/rosetta/rosetta-3.2/rosetta_source/bin/sequence_tolerance.linuxgccrelease -database /netapp/home/colin/rosetta/rosetta-3.2/rosetta_database -s 1N7T_V83K_0013_low.pdb -ex1 -ex2 -extrachi_cutoff 0 -seq_tol:fitness_master_weights 1 1 1 2 -ms:generations 5 -ms:pop_size 2000 -ms:pop_from_ss 1 -ms:checkpoint:prefix 1N7T_V83K_0013 -ms:checkpoint:interval 200 -ms:checkpoint:gz -ms:numresults 0 -out:prefix 1N7T_V83K_0013 -score:weights standard -score:patch score12 -score:ref_offsets HIS 1.2 -resfile /netapp/home/colin/backrub_seqtol/input_files/1N7T_V83K/1N7T_V83K_seqtol.resfile
core.init: 'RNG device' seed mode, using '/dev/urandom', seed=-425854663 seed_offset=0 real_seed=-425854663
core.init.random: RandomGenerator:init: Normal mode, seed=-425854663 RG_type=mt19937
core.pack.task: Packer task: initialize from command line() 
core.pack.task: Packer task: initialize from command line() 
core.scoring.ScoreFunctionFactory: SCOREFUNCTION: standard
core.scoring.ScoreFunctionFactory: SCOREFUNCTION PATCH: score12
core.scoring.etable: Starting energy table calculation
core.scoring.etable: smooth_etable: changing atr/rep split to bottom of energy well
core.scoring.etable: smooth_etable: spline smoothing lj etables (maxdis = 6)
core.scoring.etable: smooth_etable: spline smoothing solvation etables (max_dis = 6)
core.scoring.etable: Finished calculating energy tables.
core.io.database: Database file opened: /netapp/home/colin/rosetta/rosetta-3.2/rosetta_database/pdb_pair_stats_fine
core.io.database: Database file opened: /netapp/home/colin/rosetta/rosetta-3.2/rosetta_database/scoring/score_functions/hbonds/standard_params/HBPoly1D.csv
core.io.database: Database file opened: /netapp/home/colin/rosetta/rosetta-3.2/rosetta_database/scoring/score_functions/hbonds/standard_params/HBFadeIntervals.csv
core.io.database: Database file opened: /netapp/home/colin/rosetta/rosetta-3.2/rosetta_database/scoring/score_functions/hbonds/standard_params/HBEval.csv
core.io.database: Database file opened: /netapp/home/colin/rosetta/rosetta-3.2/rosetta_database/P_AA
core.io.database: Database file opened: /netapp/home/colin/rosetta/rosetta-3.2/rosetta_database/P_AA_n
core.io.database: Database file opened: /netapp/home/colin/rosetta/rosetta-3.2/rosetta_database/P_AA_pp
core.io.database: Database file opened: /netapp/home/colin/rosetta/rosetta-3.2/rosetta_database/Rama_smooth_dyn.dat_ss_6.4
core.scoring.dunbrack: Dunbrack library took 0.04 seconds to load from binary
app.sequence_tolerance: Residue Decomposition: [Set 1 (A): [1, 2, 3, 4, 5, 6, 7, 8, 9, 10, 11, 12, 13, 14, 15, 16, 17, 18, 19, 20, 21, 22, 23, 24, 25, 26, 27, 28, 29, 30, 31, 32, 33, 34, 35, 36, 37, 38, 39, 40, 41, 42, 43, 44, 45, 46, 47, 48, 49, 50, 51, 52, 53, 54, 55, 56, 57, 58, 59, 60, 61, 62, 63, 64, 65, 66, 67, 68, 69, 70, 71, 72, 73, 74, 75, 76, 77, 78, 79, 80, 81, 82, 83, 84, 85, 86, 87, 88, 89, 90, 91, 92, 93, 94, 95, 96, 97, 98, 99, 100, 101, 102, 103], Set 2 (B): [104, 105, 106, 107, 108, 109, 110]]
app.sequence_tolerance: Fitness Function Master Weights: [1, 1, 1, 2]
app.sequence_tolerance: Fitness of Starting Structure: 
---------------------------------------------------------------------
Score Type                  Other        A        B      A-B    Total
---------------------------------------------------------------------
fa_atr                      0.000 -264.038   -7.056  -41.501 -312.596
fa_rep                      0.000   43.248    1.101    3.459   47.808
fa_sol                      0.000  124.038    4.172   25.619  153.830
fa_intra_rep                0.000    0.903    0.095    0.000    0.998
pro_close                   0.000    2.467    0.000    0.000    2.467
fa_pair                     0.000   -5.402   -0.002   -1.830   -7.234
hbond_sr_bb                -7.016    0.000    0.000    0.000   -7.016
hbond_lr_bb               -21.460    0.000    0.000    0.000  -21.460
hbond_bb_sc                 0.000   -4.484    0.000    0.000   -4.484
hbond_sc                    0.000   -1.398    0.000   -0.810   -2.209
dslf_ss_dst                 0.000    0.000    0.000    0.000    0.000
dslf_cs_ang                 0.000    0.000    0.000    0.000    0.000
dslf_ss_dih                 0.000    0.000    0.000    0.000    0.000
dslf_ca_dih                 0.000    0.000    0.000    0.000    0.000
rama                        0.000   18.940    4.501    0.000   23.441
omega                       0.000    0.194    0.002    0.000    0.196
fa_dun                      0.000   76.510    5.742    0.000   82.251
p_aa_pp                     0.000  -11.158   -0.986    0.000  -12.144
ref                         0.000  -21.830    0.590    0.000  -21.240
---------------------------------------------------------------------
Total                     -28.477  -42.011    8.160  -15.064  -77.391

core.pack.interaction_graph.interaction_graph_factory: Instantiating PDInteractionGraph
core.pack.pack_rotamers: built 8562 rotamers at 33 positions.
core.pack.pack_rotamers: IG: 99686412 bytes
app.sequence_tolerance: There are 1 positive states and 0 negative states
protocols.multistate_design.MultiStatePacker: Best single-state design score:   -87.74
app.sequence_tolerance: Adding single-state design entities:
app.sequence_tolerance: AA:106:F AA:107:A AA:108:V AA:109:F AA:110:I 
app.sequence_tolerance: Generation 1:
app.sequence_tolerance: Distinct new entities: 2000
app.sequence_tolerance: Duplicate new entities: 0
app.sequence_tolerance: Entities from previous generation: 0
app.sequence_tolerance: Entities resurrected from earlier generations: 0
app.sequence_tolerance: Fitness Percentiles: 0%=-87.7389 25%=-74.2279 50%=-68.5197 75%=82.8357 100%=3187.83
app.sequence_tolerance: Best new entity:
MultiStateEntity with traits: AA:106:F AA:107:A AA:108:V AA:109:F AA:110:I and fitness -87.739
 SingleState 1 with fitness: -87.7389
app.sequence_tolerance: Generation 2:
app.sequence_tolerance: Distinct new entities: 1918
app.sequence_tolerance: Duplicate new entities: 2
app.sequence_tolerance: Entities from previous generation: 80
app.sequence_tolerance: Entities resurrected from earlier generations: 0
app.sequence_tolerance: Fitness Percentiles: 0%=-87.7389 25%=-76.2757 50%=-72.3126 75%=-59.7912 100%=3179.86
app.sequence_tolerance: Best new entity:
MultiStateEntity with traits: AA:106:W AA:107:A AA:108:D AA:109:Y AA:110:I and fitness -87.429
 SingleState 1 with fitness: -87.4287
app.sequence_tolerance: Generation 3:
app.sequence_tolerance: Distinct new entities: 1912
app.sequence_tolerance: Duplicate new entities: 6
app.sequence_tolerance: Entities from previous generation: 78
app.sequence_tolerance: Entities resurrected from earlier generations: 4
app.sequence_tolerance: Fitness Percentiles: 0%=-88.0331 25%=-77.6363 50%=-74.2075 75%=-69.7172 100%=3123.07
app.sequence_tolerance: Best new entity:
MultiStateEntity with traits: AA:106:F AA:107:N AA:108:D AA:109:W AA:110:I and fitness -88.033
 SingleState 1 with fitness: -88.0331
app.sequence_tolerance: Generation 4:
app.sequence_tolerance: Distinct new entities: 1909
app.sequence_tolerance: Duplicate new entities: 6
app.sequence_tolerance: Entities from previous generation: 74
app.sequence_tolerance: Entities resurrected from earlier generations: 11
app.sequence_tolerance: Fitness Percentiles: 0%=-88.0331 25%=-78.8808 50%=-75.8868 75%=-71.8434 100%=3132.05
app.sequence_tolerance: Best new entity:
MultiStateEntity with traits: AA:106:F AA:107:A AA:108:I AA:109:F AA:110:I and fitness -86.898
 SingleState 1 with fitness: -86.8984
app.sequence_tolerance: Generation 5:
app.sequence_tolerance: Distinct new entities: 1904
app.sequence_tolerance: Duplicate new entities: 2
app.sequence_tolerance: Entities from previous generation: 87
app.sequence_tolerance: Entities resurrected from earlier generations: 7
app.sequence_tolerance: Fitness Percentiles: 0%=-88.4699 25%=-79.6611 50%=-76.7195 75%=-71.9951 100%=3127.95
app.sequence_tolerance: Best new entity:
MultiStateEntity with traits: AA:106:K AA:107:E AA:108:D AA:109:F AA:110:I and fitness -88.470
 SingleState 1 with fitness: -88.4699
app.sequence_tolerance: Evaluated 9643 sequences out of 2476099 possible.
Best sequences:
