core.init: Mini-Rosetta version 40577 from https://svn.rosettacommons.org/source/branches/releases/rosetta-3.2/rosetta_source
core.init: command: /netapp/home/colin/rosetta/rosetta-3.2/rosetta_source/bin/sequence_tolerance.linuxgccrelease -database /netapp/home/colin/rosetta/rosetta-3.2/rosetta_database -s 1N7T_V83K_0018_low.pdb -ex1 -ex2 -extrachi_cutoff 0 -seq_tol:fitness_master_weights 1 1 1 2 -ms:generations 5 -ms:pop_size 2000 -ms:pop_from_ss 1 -ms:checkpoint:prefix 1N7T_V83K_0018 -ms:checkpoint:interval 200 -ms:checkpoint:gz -ms:numresults 0 -out:prefix 1N7T_V83K_0018 -score:weights standard -score:patch score12 -score:ref_offsets HIS 1.2 -resfile /netapp/home/colin/backrub_seqtol/input_files/1N7T_V83K/1N7T_V83K_seqtol.resfile
core.init: 'RNG device' seed mode, using '/dev/urandom', seed=-1444490159 seed_offset=0 real_seed=-1444490159
core.init.random: RandomGenerator:init: Normal mode, seed=-1444490159 RG_type=mt19937
core.pack.task: Packer task: initialize from command line() 
core.pack.task: Packer task: initialize from command line() 
core.scoring.ScoreFunctionFactory: SCOREFUNCTION: standard
core.scoring.ScoreFunctionFactory: SCOREFUNCTION PATCH: score12
core.scoring.etable: Starting energy table calculation
core.scoring.etable: smooth_etable: changing atr/rep split to bottom of energy well
core.scoring.etable: smooth_etable: spline smoothing lj etables (maxdis = 6)
core.scoring.etable: smooth_etable: spline smoothing solvation etables (max_dis = 6)
core.scoring.etable: Finished calculating energy tables.
core.io.database: Database file opened: /netapp/home/colin/rosetta/rosetta-3.2/rosetta_database/pdb_pair_stats_fine
core.io.database: Database file opened: /netapp/home/colin/rosetta/rosetta-3.2/rosetta_database/scoring/score_functions/hbonds/standard_params/HBPoly1D.csv
core.io.database: Database file opened: /netapp/home/colin/rosetta/rosetta-3.2/rosetta_database/scoring/score_functions/hbonds/standard_params/HBFadeIntervals.csv
core.io.database: Database file opened: /netapp/home/colin/rosetta/rosetta-3.2/rosetta_database/scoring/score_functions/hbonds/standard_params/HBEval.csv
core.io.database: Database file opened: /netapp/home/colin/rosetta/rosetta-3.2/rosetta_database/P_AA
core.io.database: Database file opened: /netapp/home/colin/rosetta/rosetta-3.2/rosetta_database/P_AA_n
core.io.database: Database file opened: /netapp/home/colin/rosetta/rosetta-3.2/rosetta_database/P_AA_pp
core.io.database: Database file opened: /netapp/home/colin/rosetta/rosetta-3.2/rosetta_database/Rama_smooth_dyn.dat_ss_6.4
core.scoring.dunbrack: Dunbrack library took 0.02 seconds to load from binary
app.sequence_tolerance: Residue Decomposition: [Set 1 (A): [1, 2, 3, 4, 5, 6, 7, 8, 9, 10, 11, 12, 13, 14, 15, 16, 17, 18, 19, 20, 21, 22, 23, 24, 25, 26, 27, 28, 29, 30, 31, 32, 33, 34, 35, 36, 37, 38, 39, 40, 41, 42, 43, 44, 45, 46, 47, 48, 49, 50, 51, 52, 53, 54, 55, 56, 57, 58, 59, 60, 61, 62, 63, 64, 65, 66, 67, 68, 69, 70, 71, 72, 73, 74, 75, 76, 77, 78, 79, 80, 81, 82, 83, 84, 85, 86, 87, 88, 89, 90, 91, 92, 93, 94, 95, 96, 97, 98, 99, 100, 101, 102, 103], Set 2 (B): [104, 105, 106, 107, 108, 109, 110]]
app.sequence_tolerance: Fitness Function Master Weights: [1, 1, 1, 2]
app.sequence_tolerance: Fitness of Starting Structure: 
---------------------------------------------------------------------
Score Type                  Other        A        B      A-B    Total
---------------------------------------------------------------------
fa_atr                      0.000 -265.548   -5.374  -39.110 -310.032
fa_rep                      0.000   41.927    0.738    5.573   48.238
fa_sol                      0.000  124.999    3.195   20.059  148.253
fa_intra_rep                0.000    0.901    0.084    0.000    0.985
pro_close                   0.000    1.851    0.000    0.000    1.851
fa_pair                     0.000   -5.127    0.000    0.411   -4.716
hbond_sr_bb                -7.323    0.000    0.000    0.000   -7.323
hbond_lr_bb               -21.022    0.000    0.000    0.000  -21.022
hbond_bb_sc                 0.000   -2.587    0.000    0.000   -2.587
hbond_sc                    0.000   -0.726    0.000   -1.291   -2.017
dslf_ss_dst                 0.000    0.000    0.000    0.000    0.000
dslf_cs_ang                 0.000    0.000    0.000    0.000    0.000
dslf_ss_dih                 0.000    0.000    0.000    0.000    0.000
dslf_ca_dih                 0.000    0.000    0.000    0.000    0.000
rama                        0.000   21.053    1.605    0.000   22.658
omega                       0.000    0.247    0.005    0.000    0.251
fa_dun                      0.000   81.824    3.077    0.000   84.901
p_aa_pp                     0.000  -10.134   -0.554    0.000  -10.688
ref                         0.000  -21.830    0.590    0.000  -21.240
---------------------------------------------------------------------
Total                     -28.345  -33.151    3.366  -14.358  -72.488

core.pack.interaction_graph.interaction_graph_factory: Instantiating PDInteractionGraph
core.pack.pack_rotamers: built 8911 rotamers at 33 positions.
core.pack.pack_rotamers: IG: 107042888 bytes
app.sequence_tolerance: There are 1 positive states and 0 negative states
protocols.multistate_design.MultiStatePacker: Best single-state design score:   -85.49
app.sequence_tolerance: Adding single-state design entities:
app.sequence_tolerance: AA:106:M AA:107:S AA:108:T AA:109:W AA:110:V 
app.sequence_tolerance: Generation 1:
app.sequence_tolerance: Distinct new entities: 1997
app.sequence_tolerance: Duplicate new entities: 3
app.sequence_tolerance: Entities from previous generation: 0
app.sequence_tolerance: Entities resurrected from earlier generations: 0
app.sequence_tolerance: Fitness Percentiles: 0%=-85.4902 25%=-73.3085 50%=-69.1931 75%=-24.9446 100%=1459.34
app.sequence_tolerance: Best new entity:
MultiStateEntity with traits: AA:106:M AA:107:S AA:108:T AA:109:W AA:110:V and fitness -85.490
 SingleState 1 with fitness: -85.4902
app.sequence_tolerance: Generation 2:
app.sequence_tolerance: Distinct new entities: 1931
app.sequence_tolerance: Duplicate new entities: 4
app.sequence_tolerance: Entities from previous generation: 65
app.sequence_tolerance: Entities resurrected from earlier generations: 0
app.sequence_tolerance: Fitness Percentiles: 0%=-85.4902 25%=-74.5658 50%=-72.1157 75%=-62.168 100%=1308.97
app.sequence_tolerance: Best new entity:
MultiStateEntity with traits: AA:106:M AA:107:D AA:108:T AA:109:W AA:110:V and fitness -85.093
 SingleState 1 with fitness: -85.0931
app.sequence_tolerance: Generation 3:
app.sequence_tolerance: Distinct new entities: 1924
app.sequence_tolerance: Duplicate new entities: 5
app.sequence_tolerance: Entities from previous generation: 66
app.sequence_tolerance: Entities resurrected from earlier generations: 5
app.sequence_tolerance: Fitness Percentiles: 0%=-85.4902 25%=-75.3625 50%=-73.2572 75%=-70.3995 100%=1309.79
app.sequence_tolerance: Best new entity:
MultiStateEntity with traits: AA:106:L AA:107:S AA:108:E AA:109:W AA:110:V and fitness -83.628
 SingleState 1 with fitness: -83.6279
app.sequence_tolerance: Generation 4:
app.sequence_tolerance: Distinct new entities: 1891
app.sequence_tolerance: Duplicate new entities: 6
app.sequence_tolerance: Entities from previous generation: 93
app.sequence_tolerance: Entities resurrected from earlier generations: 10
app.sequence_tolerance: Fitness Percentiles: 0%=-85.4902 25%=-76.088 50%=-74.0791 75%=-71.4293 100%=1300.45
app.sequence_tolerance: Best new entity:
MultiStateEntity with traits: AA:106:R AA:107:W AA:108:S AA:109:W AA:110:V and fitness -83.183
 SingleState 1 with fitness: -83.1831
app.sequence_tolerance: Generation 5:
app.sequence_tolerance: Distinct new entities: 1897
app.sequence_tolerance: Duplicate new entities: 2
app.sequence_tolerance: Entities from previous generation: 88
app.sequence_tolerance: Entities resurrected from earlier generations: 13
app.sequence_tolerance: Fitness Percentiles: 0%=-85.4902 25%=-76.7443 50%=-74.7414 75%=-72.2864 100%=1441.71
app.sequence_tolerance: Best new entity:
MultiStateEntity with traits: AA:106:Y AA:107:Y AA:108:T AA:109:W AA:110:V and fitness -84.470
 SingleState 1 with fitness: -84.4704
app.sequence_tolerance: Evaluated 9640 sequences out of 2476099 possible.
Best sequences:
