core.init: Mini-Rosetta version 40577 from https://svn.rosettacommons.org/source/branches/releases/rosetta-3.2/rosetta_source
core.init: command: /netapp/home/colin/rosetta/rosetta-3.2/rosetta_source/bin/backrub.linuxgccrelease -database /netapp/home/colin/rosetta/rosetta-3.2/rosetta_database -s /netapp/home/colin/backrub_seqtol/input_files/1N7T/1N7T_18.pdb -ignore_unrecognized_res -ex1 -ex2 -extrachi_cutoff 0 -out:prefix 1N7T_V83K_0018 -mute core.io.pdb.file_data -backrub:ntrials 10000 -score:weights standard -score:patch score12 -resfile /netapp/home/colin/backrub_seqtol/input_files/1N7T_V83K/1N7T_V83K_backrub.resfile -backrub:minimize_movemap /netapp/home/colin/backrub_seqtol/input_files/1N7T_V83K/1N7T_V83K_minimize.movemap
core.init: 'RNG device' seed mode, using '/dev/urandom', seed=2127236305 seed_offset=0 real_seed=2127236305
core.init.random: RandomGenerator:init: Normal mode, seed=2127236305 RG_type=mt19937
core.scoring.ScoreFunctionFactory: SCOREFUNCTION: standard
core.scoring.ScoreFunctionFactory: SCOREFUNCTION PATCH: score12
core.scoring.etable: Starting energy table calculation
core.scoring.etable: smooth_etable: changing atr/rep split to bottom of energy well
core.scoring.etable: smooth_etable: spline smoothing lj etables (maxdis = 6)
core.scoring.etable: smooth_etable: spline smoothing solvation etables (max_dis = 6)
core.scoring.etable: Finished calculating energy tables.
core.io.database: Database file opened: /netapp/home/colin/rosetta/rosetta-3.2/rosetta_database/pdb_pair_stats_fine
core.io.database: Database file opened: /netapp/home/colin/rosetta/rosetta-3.2/rosetta_database/scoring/score_functions/hbonds/standard_params/HBPoly1D.csv
core.io.database: Database file opened: /netapp/home/colin/rosetta/rosetta-3.2/rosetta_database/scoring/score_functions/hbonds/standard_params/HBFadeIntervals.csv
core.io.database: Database file opened: /netapp/home/colin/rosetta/rosetta-3.2/rosetta_database/scoring/score_functions/hbonds/standard_params/HBEval.csv
core.io.database: Database file opened: /netapp/home/colin/rosetta/rosetta-3.2/rosetta_database/P_AA
core.io.database: Database file opened: /netapp/home/colin/rosetta/rosetta-3.2/rosetta_database/P_AA_n
core.io.database: Database file opened: /netapp/home/colin/rosetta/rosetta-3.2/rosetta_database/P_AA_pp
core.io.database: Database file opened: /netapp/home/colin/rosetta/rosetta-3.2/rosetta_database/Rama_smooth_dyn.dat_ss_6.4
core.mm.MMBondAngleLibrary: MM bond angle sets added fully assigned: 474; wildcard: 0 and 1 virtual parameter.
core.io.database: Database file opened: /netapp/home/colin/rosetta/rosetta-3.2/rosetta_database/branch_angle/branch_angle_1.txt
core.io.database: Database file opened: /netapp/home/colin/rosetta/rosetta-3.2/rosetta_database/branch_angle/branch_angle_2.txt
core.scoring.dunbrack: Dunbrack library took 0.02 seconds to load from binary
apps.backrub: Processing /netapp/home/colin/backrub_seqtol/input_files/1N7T/1N7T_18.pdb...
core.pack.task: Packer task: initialize from command line() 
protocols.moves.BackrubMover: Segment lengths: 3-34 atoms
protocols.moves.BackrubMover: Main chain pivot atoms: CA
protocols.moves.BackrubMover: Adding backrub segments for residues 1-110
protocols.moves.BackrubMover: Total Segments Added: 960
apps.backrub: Score After PDB Load:
apps.backrub: ------------------------------------------------------------
 Scores                       Weight   Raw Score Wghtd.Score
------------------------------------------------------------
 fa_atr                       0.800    -404.677    -323.741
 fa_rep                       0.440     208.513      91.746
 fa_sol                       0.650     249.158     161.953
 fa_intra_rep                 0.004     236.391       0.946
 mm_bend                      1.000      84.835      84.835
 pro_close                    1.000       1.782       1.782
 fa_pair                      0.490     -14.198      -6.957
 hbond_sr_bb                  0.585     -11.916      -6.971
 hbond_lr_bb                  1.170     -18.796     -21.991
 hbond_bb_sc                  1.170      -0.728      -0.852
 hbond_sc                     1.100      -1.487      -1.636
 dslf_ss_dst                  0.500       0.000       0.000
 dslf_cs_ang                  2.000       0.000       0.000
 dslf_ss_dih                  5.000       0.000       0.000
 dslf_ca_dih                  5.000       0.000       0.000
 rama                         0.200     162.498      32.500
 omega                        0.500       0.497       0.249
 fa_dun                       0.560     515.372     288.608
 p_aa_pp                      0.320     -23.023      -7.367
 ref                          1.000     -23.900     -23.900
---------------------------------------------------
 Total weighted score:                      269.203
core.pack.task: Packer task: initialize from command line() 
apps.backrub: Score After Branch Angle Optimization/Side Chain Idealization:
apps.backrub: ------------------------------------------------------------
 Scores                       Weight   Raw Score Wghtd.Score
------------------------------------------------------------
 fa_atr                       0.800    -402.506    -322.004
 fa_rep                       0.440     248.393     109.293
 fa_sol                       0.650     246.320     160.108
 fa_intra_rep                 0.004     270.365       1.081
 mm_bend                      1.000      55.318      55.318
 pro_close                    1.000       1.782       1.782
 fa_pair                      0.490     -13.999      -6.859
 hbond_sr_bb                  0.585     -11.916      -6.971
 hbond_lr_bb                  1.170     -18.796     -21.991
 hbond_bb_sc                  1.170      -0.735      -0.859
 hbond_sc                     1.100      -1.383      -1.521
 dslf_ss_dst                  0.500       0.000       0.000
 dslf_cs_ang                  2.000       0.000       0.000
 dslf_ss_dih                  5.000       0.000       0.000
 dslf_ca_dih                  5.000       0.000       0.000
 rama                         0.200     162.498      32.500
 omega                        0.500       0.497       0.249
 fa_dun                       0.560     515.358     288.601
 p_aa_pp                      0.320     -23.023      -7.367
 ref                          1.000     -23.900     -23.900
---------------------------------------------------
 Total weighted score:                      257.458
core.pack.task: Packer task: initialize from command line() 
apps.backrub: Starting ResidueType not allowed in resfile at position(s): 83
apps.backrub: Forcing initial pack
core.pack.task: Packer task: initialize from command line() 
core.pack.interaction_graph.interaction_graph_factory: Instantiating PDInteractionGraph
core.pack.pack_rotamers: built 7587 rotamers at 110 positions.
core.pack.pack_rotamers: IG: 21113136 bytes
apps.backrub: Running 10000 trials...
protocols.moves.MonteCarlo:      br_CA_CA_04 trials=    756;  accepts= 0.4180;  energy_drop/trial=  -0.01556
protocols.moves.MonteCarlo:      br_CA_CA_07 trials=    711;  accepts= 0.3066;  energy_drop/trial=  -0.00689
protocols.moves.MonteCarlo:      br_CA_CA_10 trials=    739;  accepts= 0.3153;  energy_drop/trial=  -0.00057
protocols.moves.MonteCarlo:      br_CA_CA_13 trials=    683;  accepts= 0.2621;  energy_drop/trial=  -0.00246
protocols.moves.MonteCarlo:      br_CA_CA_16 trials=    723;  accepts= 0.2448;  energy_drop/trial=  -0.01467
protocols.moves.MonteCarlo:      br_CA_CA_19 trials=    639;  accepts= 0.2551;  energy_drop/trial=  -0.02321
protocols.moves.MonteCarlo:      br_CA_CA_22 trials=    661;  accepts= 0.2330;  energy_drop/trial=   0.00779
protocols.moves.MonteCarlo:      br_CA_CA_25 trials=    679;  accepts= 0.2165;  energy_drop/trial=  -0.00211
protocols.moves.MonteCarlo:      br_CA_CA_28 trials=    645;  accepts= 0.2031;  energy_drop/trial=   0.01021
protocols.moves.MonteCarlo:      br_CA_CA_31 trials=    637;  accepts= 0.1868;  energy_drop/trial=   0.00911
protocols.moves.MonteCarlo:      br_CA_CA_34 trials=    601;  accepts= 0.2013;  energy_drop/trial=   0.00158
protocols.moves.MonteCarlo:       sc_chi_rot trials=   2271;  accepts= 0.3294;  energy_drop/trial=   0.00856
protocols.moves.MonteCarlo:      sc_chi_unif trials=    255;  accepts= 0.0235;  energy_drop/trial=   0.00965
apps.backrub: Last Score:
apps.backrub: ------------------------------------------------------------
 Scores                       Weight   Raw Score Wghtd.Score
------------------------------------------------------------
 fa_atr                       0.800    -366.965    -293.572
 fa_rep                       0.440     107.464      47.284
 fa_sol                       0.650     215.284     139.935
 fa_intra_rep                 0.004     245.354       0.981
 mm_bend                      1.000      48.638      48.638
 pro_close                    1.000       1.844       1.844
 fa_pair                      0.490      -9.868      -4.835
 hbond_sr_bb                  0.585     -13.484      -7.888
 hbond_lr_bb                  1.170     -18.646     -21.815
 hbond_bb_sc                  1.170      -2.371      -2.774
 hbond_sc                     1.100      -1.478      -1.625
 dslf_ss_dst                  0.500       0.000       0.000
 dslf_cs_ang                  2.000       0.000       0.000
 dslf_ss_dih                  5.000       0.000       0.000
 dslf_ca_dih                  5.000       0.000       0.000
 rama                         0.200     114.247      22.849
 omega                        0.500       0.502       0.251
 fa_dun                       0.560     160.144      89.681
 p_aa_pp                      0.320     -34.092     -10.910
 ref                          1.000     -24.840     -24.840
---------------------------------------------------
 Total weighted score:                      -16.796
apps.backrub: Low Score:
apps.backrub: ------------------------------------------------------------
 Scores                       Weight   Raw Score Wghtd.Score
------------------------------------------------------------
 fa_atr                       0.800    -363.091    -290.473
 fa_rep                       0.440     103.288      45.447
 fa_sol                       0.650     212.650     138.222
 fa_intra_rep                 0.004     246.228       0.985
 mm_bend                      1.000      45.490      45.490
 pro_close                    1.000       1.844       1.844
 fa_pair                      0.490     -10.044      -4.921
 hbond_sr_bb                  0.585     -12.521      -7.325
 hbond_lr_bb                  1.170     -17.969     -21.023
 hbond_bb_sc                  1.170      -2.212      -2.588
 hbond_sc                     1.100      -1.243      -1.368
 dslf_ss_dst                  0.500       0.000       0.000
 dslf_cs_ang                  2.000       0.000       0.000
 dslf_ss_dih                  5.000       0.000       0.000
 dslf_ca_dih                  5.000       0.000       0.000
 rama                         0.200     113.283      22.657
 omega                        0.500       0.502       0.251
 fa_dun                       0.560     151.624      84.909
 p_aa_pp                      0.320     -33.439     -10.700
 ref                          1.000     -24.840     -24.840
---------------------------------------------------
 Total weighted score:                      -23.433
