core.init: Mini-Rosetta version 40577 from https://svn.rosettacommons.org/source/branches/releases/rosetta-3.2/rosetta_source
core.init: command: /netapp/home/colin/rosetta/rosetta-3.2/rosetta_source/bin/sequence_tolerance.linuxgccrelease -database /netapp/home/colin/rosetta/rosetta-3.2/rosetta_database -s 1N7T_V83K_0020_low.pdb -ex1 -ex2 -extrachi_cutoff 0 -seq_tol:fitness_master_weights 1 1 1 2 -ms:generations 5 -ms:pop_size 2000 -ms:pop_from_ss 1 -ms:checkpoint:prefix 1N7T_V83K_0020 -ms:checkpoint:interval 200 -ms:checkpoint:gz -ms:numresults 0 -out:prefix 1N7T_V83K_0020 -score:weights standard -score:patch score12 -score:ref_offsets HIS 1.2 -resfile /netapp/home/colin/backrub_seqtol/input_files/1N7T_V83K/1N7T_V83K_seqtol.resfile
core.init: 'RNG device' seed mode, using '/dev/urandom', seed=1623196649 seed_offset=0 real_seed=1623196649
core.init.random: RandomGenerator:init: Normal mode, seed=1623196649 RG_type=mt19937
core.pack.task: Packer task: initialize from command line() 
core.pack.task: Packer task: initialize from command line() 
core.scoring.ScoreFunctionFactory: SCOREFUNCTION: standard
core.scoring.ScoreFunctionFactory: SCOREFUNCTION PATCH: score12
core.scoring.etable: Starting energy table calculation
core.scoring.etable: smooth_etable: changing atr/rep split to bottom of energy well
core.scoring.etable: smooth_etable: spline smoothing lj etables (maxdis = 6)
core.scoring.etable: smooth_etable: spline smoothing solvation etables (max_dis = 6)
core.scoring.etable: Finished calculating energy tables.
core.io.database: Database file opened: /netapp/home/colin/rosetta/rosetta-3.2/rosetta_database/pdb_pair_stats_fine
core.io.database: Database file opened: /netapp/home/colin/rosetta/rosetta-3.2/rosetta_database/scoring/score_functions/hbonds/standard_params/HBPoly1D.csv
core.io.database: Database file opened: /netapp/home/colin/rosetta/rosetta-3.2/rosetta_database/scoring/score_functions/hbonds/standard_params/HBFadeIntervals.csv
core.io.database: Database file opened: /netapp/home/colin/rosetta/rosetta-3.2/rosetta_database/scoring/score_functions/hbonds/standard_params/HBEval.csv
core.io.database: Database file opened: /netapp/home/colin/rosetta/rosetta-3.2/rosetta_database/P_AA
core.io.database: Database file opened: /netapp/home/colin/rosetta/rosetta-3.2/rosetta_database/P_AA_n
core.io.database: Database file opened: /netapp/home/colin/rosetta/rosetta-3.2/rosetta_database/P_AA_pp
core.io.database: Database file opened: /netapp/home/colin/rosetta/rosetta-3.2/rosetta_database/Rama_smooth_dyn.dat_ss_6.4
core.scoring.dunbrack: Dunbrack library took 0.02 seconds to load from binary
app.sequence_tolerance: Residue Decomposition: [Set 1 (A): [1, 2, 3, 4, 5, 6, 7, 8, 9, 10, 11, 12, 13, 14, 15, 16, 17, 18, 19, 20, 21, 22, 23, 24, 25, 26, 27, 28, 29, 30, 31, 32, 33, 34, 35, 36, 37, 38, 39, 40, 41, 42, 43, 44, 45, 46, 47, 48, 49, 50, 51, 52, 53, 54, 55, 56, 57, 58, 59, 60, 61, 62, 63, 64, 65, 66, 67, 68, 69, 70, 71, 72, 73, 74, 75, 76, 77, 78, 79, 80, 81, 82, 83, 84, 85, 86, 87, 88, 89, 90, 91, 92, 93, 94, 95, 96, 97, 98, 99, 100, 101, 102, 103], Set 2 (B): [104, 105, 106, 107, 108, 109, 110]]
app.sequence_tolerance: Fitness Function Master Weights: [1, 1, 1, 2]
app.sequence_tolerance: Fitness of Starting Structure: 
---------------------------------------------------------------------
Score Type                  Other        A        B      A-B    Total
---------------------------------------------------------------------
fa_atr                      0.000 -262.974   -9.456  -52.453 -324.882
fa_rep                      0.000   47.224    0.814   10.267   58.306
fa_sol                      0.000  126.798    5.999   28.356  161.152
fa_intra_rep                0.000    0.924    0.098    0.000    1.022
pro_close                   0.000    2.186    0.000    0.000    2.186
fa_pair                     0.000   -6.459   -0.021   -1.768   -8.248
hbond_sr_bb                -8.240    0.000    0.000    0.000   -8.240
hbond_lr_bb               -24.774    0.000    0.000    0.000  -24.774
hbond_bb_sc                 0.000   -6.774   -0.015   -0.634   -7.423
hbond_sc                    0.000   -2.757   -0.027   -2.049   -4.833
dslf_ss_dst                 0.000    0.000    0.000    0.000    0.000
dslf_cs_ang                 0.000    0.000    0.000    0.000    0.000
dslf_ss_dih                 0.000    0.000    0.000    0.000    0.000
dslf_ca_dih                 0.000    0.000    0.000    0.000    0.000
rama                        0.000   20.449    1.614    0.000   22.063
omega                       0.000    0.233    0.064    0.000    0.296
fa_dun                      0.000   72.175    4.424    0.000   76.599
p_aa_pp                     0.000   -7.623    0.050    0.000   -7.573
ref                         0.000  -21.830    0.590    0.000  -21.240
---------------------------------------------------------------------
Total                     -33.014  -38.428    4.135  -18.281  -85.589

core.pack.interaction_graph.interaction_graph_factory: Instantiating PDInteractionGraph
core.pack.pack_rotamers: built 8028 rotamers at 33 positions.
core.pack.pack_rotamers: IG: 88401624 bytes
app.sequence_tolerance: There are 1 positive states and 0 negative states
protocols.multistate_design.MultiStatePacker: Best single-state design score:   -98.87
app.sequence_tolerance: Adding single-state design entities:
app.sequence_tolerance: AA:106:Y AA:107:T AA:108:E AA:109:F AA:110:A 
app.sequence_tolerance: Generation 1:
app.sequence_tolerance: Distinct new entities: 1999
app.sequence_tolerance: Duplicate new entities: 1
app.sequence_tolerance: Entities from previous generation: 0
app.sequence_tolerance: Entities resurrected from earlier generations: 0
app.sequence_tolerance: Fitness Percentiles: 0%=-98.6552 25%=-83.3571 50%=-68.4155 75%=19.3312 100%=2239.03
app.sequence_tolerance: Best new entity:
MultiStateEntity with traits: AA:106:Y AA:107:T AA:108:E AA:109:F AA:110:A and fitness -98.655
 SingleState 1 with fitness: -98.6552
app.sequence_tolerance: Generation 2:
app.sequence_tolerance: Distinct new entities: 1923
app.sequence_tolerance: Duplicate new entities: 2
app.sequence_tolerance: Entities from previous generation: 75
app.sequence_tolerance: Entities resurrected from earlier generations: 0
app.sequence_tolerance: Fitness Percentiles: 0%=-98.8266 25%=-85.2264 50%=-80.6581 75%=-61.8978 100%=2029.23
app.sequence_tolerance: Best new entity:
MultiStateEntity with traits: AA:106:Y AA:107:V AA:108:E AA:109:W AA:110:G and fitness -98.827
 SingleState 1 with fitness: -98.8266
app.sequence_tolerance: Generation 3:
app.sequence_tolerance: Distinct new entities: 1913
app.sequence_tolerance: Duplicate new entities: 2
app.sequence_tolerance: Entities from previous generation: 81
app.sequence_tolerance: Entities resurrected from earlier generations: 4
app.sequence_tolerance: Fitness Percentiles: 0%=-98.8266 25%=-86.849 50%=-83.418 75%=-75.9124 100%=2213.15
app.sequence_tolerance: Best new entity:
MultiStateEntity with traits: AA:106:F AA:107:T AA:108:E AA:109:W AA:110:S and fitness -98.464
 SingleState 1 with fitness: -98.4641
app.sequence_tolerance: Generation 4:
app.sequence_tolerance: Distinct new entities: 1891
app.sequence_tolerance: Duplicate new entities: 2
app.sequence_tolerance: Entities from previous generation: 98
app.sequence_tolerance: Entities resurrected from earlier generations: 9
app.sequence_tolerance: Fitness Percentiles: 0%=-98.8266 25%=-87.5835 50%=-84.6822 75%=-79.6664 100%=2043.48
app.sequence_tolerance: Best new entity:
MultiStateEntity with traits: AA:106:D AA:107:E AA:108:E AA:109:W AA:110:T and fitness -98.765
 SingleState 1 with fitness: -98.7646
app.sequence_tolerance: Generation 5:
app.sequence_tolerance: Distinct new entities: 1895
app.sequence_tolerance: Duplicate new entities: 3
app.sequence_tolerance: Entities from previous generation: 88
app.sequence_tolerance: Entities resurrected from earlier generations: 14
app.sequence_tolerance: Fitness Percentiles: 0%=-98.8266 25%=-88.3752 50%=-85.394 75%=-80.9543 100%=1992.27
app.sequence_tolerance: Best new entity:
MultiStateEntity with traits: AA:106:Y AA:107:D AA:108:E AA:109:M AA:110:A and fitness -97.642
 SingleState 1 with fitness: -97.6422
app.sequence_tolerance: Evaluated 9621 sequences out of 2476099 possible.
Best sequences:
