core.init: Mini-Rosetta version 40577 from https://svn.rosettacommons.org/source/branches/releases/rosetta-3.2/rosetta_source
core.init: command: /netapp/home/colin/rosetta/rosetta-3.2/rosetta_source/bin/sequence_tolerance.linuxgccrelease -database /netapp/home/colin/rosetta/rosetta-3.2/rosetta_database -s 1N7T_V83K_0002_low.pdb -ex1 -ex2 -extrachi_cutoff 0 -seq_tol:fitness_master_weights 1 1 1 2 -ms:generations 5 -ms:pop_size 2000 -ms:pop_from_ss 1 -ms:checkpoint:prefix 1N7T_V83K_0002 -ms:checkpoint:interval 200 -ms:checkpoint:gz -ms:numresults 0 -out:prefix 1N7T_V83K_0002 -score:weights standard -score:patch score12 -score:ref_offsets HIS 1.2 -resfile /netapp/home/colin/backrub_seqtol/input_files/1N7T_V83K/1N7T_V83K_seqtol.resfile
core.init: 'RNG device' seed mode, using '/dev/urandom', seed=-677750523 seed_offset=0 real_seed=-677750523
core.init.random: RandomGenerator:init: Normal mode, seed=-677750523 RG_type=mt19937
core.pack.task: Packer task: initialize from command line() 
core.pack.task: Packer task: initialize from command line() 
core.scoring.ScoreFunctionFactory: SCOREFUNCTION: standard
core.scoring.ScoreFunctionFactory: SCOREFUNCTION PATCH: score12
core.scoring.etable: Starting energy table calculation
core.scoring.etable: smooth_etable: changing atr/rep split to bottom of energy well
core.scoring.etable: smooth_etable: spline smoothing lj etables (maxdis = 6)
core.scoring.etable: smooth_etable: spline smoothing solvation etables (max_dis = 6)
core.scoring.etable: Finished calculating energy tables.
core.io.database: Database file opened: /netapp/home/colin/rosetta/rosetta-3.2/rosetta_database/pdb_pair_stats_fine
core.io.database: Database file opened: /netapp/home/colin/rosetta/rosetta-3.2/rosetta_database/scoring/score_functions/hbonds/standard_params/HBPoly1D.csv
core.io.database: Database file opened: /netapp/home/colin/rosetta/rosetta-3.2/rosetta_database/scoring/score_functions/hbonds/standard_params/HBFadeIntervals.csv
core.io.database: Database file opened: /netapp/home/colin/rosetta/rosetta-3.2/rosetta_database/scoring/score_functions/hbonds/standard_params/HBEval.csv
core.io.database: Database file opened: /netapp/home/colin/rosetta/rosetta-3.2/rosetta_database/P_AA
core.io.database: Database file opened: /netapp/home/colin/rosetta/rosetta-3.2/rosetta_database/P_AA_n
core.io.database: Database file opened: /netapp/home/colin/rosetta/rosetta-3.2/rosetta_database/P_AA_pp
core.io.database: Database file opened: /netapp/home/colin/rosetta/rosetta-3.2/rosetta_database/Rama_smooth_dyn.dat_ss_6.4
core.scoring.dunbrack: Dunbrack library took 0.02 seconds to load from binary
app.sequence_tolerance: Residue Decomposition: [Set 1 (A): [1, 2, 3, 4, 5, 6, 7, 8, 9, 10, 11, 12, 13, 14, 15, 16, 17, 18, 19, 20, 21, 22, 23, 24, 25, 26, 27, 28, 29, 30, 31, 32, 33, 34, 35, 36, 37, 38, 39, 40, 41, 42, 43, 44, 45, 46, 47, 48, 49, 50, 51, 52, 53, 54, 55, 56, 57, 58, 59, 60, 61, 62, 63, 64, 65, 66, 67, 68, 69, 70, 71, 72, 73, 74, 75, 76, 77, 78, 79, 80, 81, 82, 83, 84, 85, 86, 87, 88, 89, 90, 91, 92, 93, 94, 95, 96, 97, 98, 99, 100, 101, 102, 103], Set 2 (B): [104, 105, 106, 107, 108, 109, 110]]
app.sequence_tolerance: Fitness Function Master Weights: [1, 1, 1, 2]
app.sequence_tolerance: Fitness of Starting Structure: 
---------------------------------------------------------------------
Score Type                  Other        A        B      A-B    Total
---------------------------------------------------------------------
fa_atr                      0.000 -257.329   -7.996  -42.141 -307.466
fa_rep                      0.000   41.782    0.572    5.872   48.227
fa_sol                      0.000  128.277    4.848   21.950  155.075
fa_intra_rep                0.000    0.897    0.101    0.000    0.997
pro_close                   0.000    2.266    0.000    0.000    2.266
fa_pair                     0.000   -5.851    0.004   -1.942   -7.788
hbond_sr_bb                -6.059    0.000    0.000    0.000   -6.059
hbond_lr_bb               -24.671    0.000    0.000    0.000  -24.671
hbond_bb_sc                 0.000   -4.266    0.000    0.000   -4.266
hbond_sc                    0.000   -1.239    0.000   -0.116   -1.355
dslf_ss_dst                 0.000    0.000    0.000    0.000    0.000
dslf_cs_ang                 0.000    0.000    0.000    0.000    0.000
dslf_ss_dih                 0.000    0.000    0.000    0.000    0.000
dslf_ca_dih                 0.000    0.000    0.000    0.000    0.000
rama                        0.000   19.118    0.192    0.000   19.310
omega                       0.000    0.227    0.001    0.000    0.228
fa_dun                      0.000   76.786    6.255    0.000   83.041
p_aa_pp                     0.000  -10.821    0.427    0.000  -10.393
ref                         0.000  -21.830    0.590    0.000  -21.240
---------------------------------------------------------------------
Total                     -30.730  -31.981    4.994  -16.376  -74.093

core.pack.interaction_graph.interaction_graph_factory: Instantiating PDInteractionGraph
core.pack.pack_rotamers: built 8523 rotamers at 33 positions.
core.pack.pack_rotamers: IG: 94073552 bytes
app.sequence_tolerance: There are 1 positive states and 0 negative states
protocols.multistate_design.MultiStatePacker: Best single-state design score:   -82.20
app.sequence_tolerance: Adding single-state design entities:
app.sequence_tolerance: AA:106:D AA:107:S AA:108:Y AA:109:F AA:110:V 
app.sequence_tolerance: Generation 1:
app.sequence_tolerance: Distinct new entities: 1999
app.sequence_tolerance: Duplicate new entities: 1
app.sequence_tolerance: Entities from previous generation: 0
app.sequence_tolerance: Entities resurrected from earlier generations: 0
app.sequence_tolerance: Fitness Percentiles: 0%=-82.1992 25%=-72.0666 50%=-68.8662 75%=82.965 100%=979.512
app.sequence_tolerance: Best new entity:
MultiStateEntity with traits: AA:106:D AA:107:S AA:108:Y AA:109:F AA:110:V and fitness -82.199
 SingleState 1 with fitness: -82.1992
app.sequence_tolerance: Generation 2:
app.sequence_tolerance: Distinct new entities: 1917
app.sequence_tolerance: Duplicate new entities: 3
app.sequence_tolerance: Entities from previous generation: 80
app.sequence_tolerance: Entities resurrected from earlier generations: 0
app.sequence_tolerance: Fitness Percentiles: 0%=-82.1992 25%=-73.043 50%=-70.9986 75%=-67.5773 100%=866.691
app.sequence_tolerance: Best new entity:
MultiStateEntity with traits: AA:106:L AA:107:E AA:108:S AA:109:F AA:110:I and fitness -80.035
 SingleState 1 with fitness: -80.035
app.sequence_tolerance: Generation 3:
app.sequence_tolerance: Distinct new entities: 1910
app.sequence_tolerance: Duplicate new entities: 5
app.sequence_tolerance: Entities from previous generation: 81
app.sequence_tolerance: Entities resurrected from earlier generations: 4
app.sequence_tolerance: Fitness Percentiles: 0%=-82.1992 25%=-74.1189 50%=-72.112 75%=-69.5475 100%=771.185
app.sequence_tolerance: Best new entity:
MultiStateEntity with traits: AA:106:S AA:107:S AA:108:D AA:109:F AA:110:V and fitness -80.676
 SingleState 1 with fitness: -80.6757
app.sequence_tolerance: Generation 4:
app.sequence_tolerance: Distinct new entities: 1896
app.sequence_tolerance: Duplicate new entities: 2
app.sequence_tolerance: Entities from previous generation: 93
app.sequence_tolerance: Entities resurrected from earlier generations: 9
app.sequence_tolerance: Fitness Percentiles: 0%=-82.1992 25%=-74.8191 50%=-72.8178 75%=-70.7274 100%=981.892
app.sequence_tolerance: Best new entity:
MultiStateEntity with traits: AA:106:L AA:107:E AA:108:Q AA:109:F AA:110:I and fitness -81.598
 SingleState 1 with fitness: -81.5977
app.sequence_tolerance: Generation 5:
app.sequence_tolerance: Distinct new entities: 1893
app.sequence_tolerance: Duplicate new entities: 6
app.sequence_tolerance: Entities from previous generation: 96
app.sequence_tolerance: Entities resurrected from earlier generations: 5
app.sequence_tolerance: Fitness Percentiles: 0%=-82.1992 25%=-75.4664 50%=-73.6031 75%=-71.2529 100%=774.736
app.sequence_tolerance: Best new entity:
MultiStateEntity with traits: AA:106:D AA:107:E AA:108:D AA:109:F AA:110:I and fitness -81.779
 SingleState 1 with fitness: -81.7787
app.sequence_tolerance: Evaluated 9615 sequences out of 2476099 possible.
Best sequences:
