core.init: Mini-Rosetta version 40577 from https://svn.rosettacommons.org/source/branches/releases/rosetta-3.2/rosetta_source
core.init: command: /netapp/home/colin/rosetta/rosetta-3.2/rosetta_source/bin/sequence_tolerance.linuxgccrelease -database /netapp/home/colin/rosetta/rosetta-3.2/rosetta_database -s 1N7T_V83K_0001_low.pdb -ex1 -ex2 -extrachi_cutoff 0 -seq_tol:fitness_master_weights 1 1 1 2 -ms:generations 5 -ms:pop_size 2000 -ms:pop_from_ss 1 -ms:checkpoint:prefix 1N7T_V83K_0001 -ms:checkpoint:interval 200 -ms:checkpoint:gz -ms:numresults 0 -out:prefix 1N7T_V83K_0001 -score:weights standard -score:patch score12 -score:ref_offsets HIS 1.2 -resfile /netapp/home/colin/backrub_seqtol/input_files/1N7T_V83K/1N7T_V83K_seqtol.resfile
core.init: 'RNG device' seed mode, using '/dev/urandom', seed=1315949566 seed_offset=0 real_seed=1315949566
core.init.random: RandomGenerator:init: Normal mode, seed=1315949566 RG_type=mt19937
core.pack.task: Packer task: initialize from command line() 
core.pack.task: Packer task: initialize from command line() 
core.scoring.ScoreFunctionFactory: SCOREFUNCTION: standard
core.scoring.ScoreFunctionFactory: SCOREFUNCTION PATCH: score12
core.scoring.etable: Starting energy table calculation
core.scoring.etable: smooth_etable: changing atr/rep split to bottom of energy well
core.scoring.etable: smooth_etable: spline smoothing lj etables (maxdis = 6)
core.scoring.etable: smooth_etable: spline smoothing solvation etables (max_dis = 6)
core.scoring.etable: Finished calculating energy tables.
core.io.database: Database file opened: /netapp/home/colin/rosetta/rosetta-3.2/rosetta_database/pdb_pair_stats_fine
core.io.database: Database file opened: /netapp/home/colin/rosetta/rosetta-3.2/rosetta_database/scoring/score_functions/hbonds/standard_params/HBPoly1D.csv
core.io.database: Database file opened: /netapp/home/colin/rosetta/rosetta-3.2/rosetta_database/scoring/score_functions/hbonds/standard_params/HBFadeIntervals.csv
core.io.database: Database file opened: /netapp/home/colin/rosetta/rosetta-3.2/rosetta_database/scoring/score_functions/hbonds/standard_params/HBEval.csv
core.io.database: Database file opened: /netapp/home/colin/rosetta/rosetta-3.2/rosetta_database/P_AA
core.io.database: Database file opened: /netapp/home/colin/rosetta/rosetta-3.2/rosetta_database/P_AA_n
core.io.database: Database file opened: /netapp/home/colin/rosetta/rosetta-3.2/rosetta_database/P_AA_pp
core.io.database: Database file opened: /netapp/home/colin/rosetta/rosetta-3.2/rosetta_database/Rama_smooth_dyn.dat_ss_6.4
core.scoring.dunbrack: Dunbrack library took 0.02 seconds to load from binary
app.sequence_tolerance: Residue Decomposition: [Set 1 (A): [1, 2, 3, 4, 5, 6, 7, 8, 9, 10, 11, 12, 13, 14, 15, 16, 17, 18, 19, 20, 21, 22, 23, 24, 25, 26, 27, 28, 29, 30, 31, 32, 33, 34, 35, 36, 37, 38, 39, 40, 41, 42, 43, 44, 45, 46, 47, 48, 49, 50, 51, 52, 53, 54, 55, 56, 57, 58, 59, 60, 61, 62, 63, 64, 65, 66, 67, 68, 69, 70, 71, 72, 73, 74, 75, 76, 77, 78, 79, 80, 81, 82, 83, 84, 85, 86, 87, 88, 89, 90, 91, 92, 93, 94, 95, 96, 97, 98, 99, 100, 101, 102, 103], Set 2 (B): [104, 105, 106, 107, 108, 109, 110]]
app.sequence_tolerance: Fitness Function Master Weights: [1, 1, 1, 2]
app.sequence_tolerance: Fitness of Starting Structure: 
---------------------------------------------------------------------
Score Type                  Other        A        B      A-B    Total
---------------------------------------------------------------------
fa_atr                      0.000 -260.945   -9.373  -53.821 -324.139
fa_rep                      0.000   46.041    1.463    7.598   55.101
fa_sol                      0.000  123.102    5.097   30.006  158.205
fa_intra_rep                0.000    0.978    0.101    0.000    1.079
pro_close                   0.000    2.154    0.000    0.000    2.154
fa_pair                     0.000   -5.921    0.000   -1.977   -7.898
hbond_sr_bb                -8.093    0.000    0.000    0.000   -8.093
hbond_lr_bb               -24.580    0.000    0.000    0.000  -24.580
hbond_bb_sc                 0.000   -4.812    0.000   -2.573   -7.384
hbond_sc                    0.000   -2.635   -0.363   -2.739   -5.736
dslf_ss_dst                 0.000    0.000    0.000    0.000    0.000
dslf_cs_ang                 0.000    0.000    0.000    0.000    0.000
dslf_ss_dih                 0.000    0.000    0.000    0.000    0.000
dslf_ca_dih                 0.000    0.000    0.000    0.000    0.000
rama                        0.000   24.297    4.953    0.000   29.250
omega                       0.000    0.178    0.004    0.000    0.182
fa_dun                      0.000   70.362    6.780    0.000   77.142
p_aa_pp                     0.000   -8.657    0.301    0.000   -8.356
ref                         0.000  -21.830    0.590    0.000  -21.240
---------------------------------------------------------------------
Total                     -32.674  -37.687    9.552  -23.506  -84.315

core.pack.interaction_graph.interaction_graph_factory: Instantiating PDInteractionGraph
core.pack.pack_rotamers: built 7525 rotamers at 33 positions.
core.pack.pack_rotamers: IG: 79793400 bytes
app.sequence_tolerance: There are 1 positive states and 0 negative states
protocols.multistate_design.MultiStatePacker: Best single-state design score:   -91.49
app.sequence_tolerance: Adding single-state design entities:
app.sequence_tolerance: AA:106:M AA:107:D AA:108:D AA:109:F AA:110:V 
app.sequence_tolerance: Generation 1:
app.sequence_tolerance: Distinct new entities: 1999
app.sequence_tolerance: Duplicate new entities: 1
app.sequence_tolerance: Entities from previous generation: 0
app.sequence_tolerance: Entities resurrected from earlier generations: 0
app.sequence_tolerance: Fitness Percentiles: 0%=-93.238 25%=-73.1969 50%=-57.215 75%=156.097 100%=3149.12
app.sequence_tolerance: Best new entity:
MultiStateEntity with traits: AA:106:M AA:107:D AA:108:D AA:109:F AA:110:V and fitness -93.238
 SingleState 1 with fitness: -93.238
app.sequence_tolerance: Generation 2:
app.sequence_tolerance: Distinct new entities: 1935
app.sequence_tolerance: Duplicate new entities: 1
app.sequence_tolerance: Entities from previous generation: 64
app.sequence_tolerance: Entities resurrected from earlier generations: 0
app.sequence_tolerance: Fitness Percentiles: 0%=-93.238 25%=-75.6559 50%=-69.5158 75%=-34.6352 100%=3149.47
app.sequence_tolerance: Best new entity:
MultiStateEntity with traits: AA:106:S AA:107:D AA:108:D AA:109:F AA:110:V and fitness -92.073
 SingleState 1 with fitness: -92.073
app.sequence_tolerance: Generation 3:
app.sequence_tolerance: Distinct new entities: 1917
app.sequence_tolerance: Duplicate new entities: 2
app.sequence_tolerance: Entities from previous generation: 76
app.sequence_tolerance: Entities resurrected from earlier generations: 5
app.sequence_tolerance: Fitness Percentiles: 0%=-93.238 25%=-76.8795 50%=-72.9696 75%=-62.6968 100%=3162.22
app.sequence_tolerance: Best new entity:
MultiStateEntity with traits: AA:106:M AA:107:D AA:108:N AA:109:W AA:110:T and fitness -87.606
 SingleState 1 with fitness: -87.6063
app.sequence_tolerance: Generation 4:
app.sequence_tolerance: Distinct new entities: 1898
app.sequence_tolerance: Duplicate new entities: 3
app.sequence_tolerance: Entities from previous generation: 93
app.sequence_tolerance: Entities resurrected from earlier generations: 6
app.sequence_tolerance: Fitness Percentiles: 0%=-93.238 25%=-77.9872 50%=-74.639 75%=-68.2871 100%=3071.55
app.sequence_tolerance: Best new entity:
MultiStateEntity with traits: AA:106:S AA:107:D AA:108:D AA:109:H AA:110:V and fitness -89.185
 SingleState 1 with fitness: -89.1851
app.sequence_tolerance: Generation 5:
app.sequence_tolerance: Distinct new entities: 1903
app.sequence_tolerance: Duplicate new entities: 7
app.sequence_tolerance: Entities from previous generation: 80
app.sequence_tolerance: Entities resurrected from earlier generations: 10
app.sequence_tolerance: Fitness Percentiles: 0%=-93.238 25%=-78.6402 50%=-75.5506 75%=-69.4649 100%=3304.35
app.sequence_tolerance: Best new entity:
MultiStateEntity with traits: AA:106:S AA:107:D AA:108:D AA:109:F AA:110:T and fitness -90.024
 SingleState 1 with fitness: -90.0238
app.sequence_tolerance: Evaluated 9652 sequences out of 2476099 possible.
Best sequences:
