core.init: Mini-Rosetta version 40577 from https://svn.rosettacommons.org/source/branches/releases/rosetta-3.2/rosetta_source
core.init: command: /netapp/home/colin/rosetta/rosetta-3.2/rosetta_source/bin/sequence_tolerance.linuxgccrelease -database /netapp/home/colin/rosetta/rosetta-3.2/rosetta_database -s 1N7T_V83K_0006_low.pdb -ex1 -ex2 -extrachi_cutoff 0 -seq_tol:fitness_master_weights 1 1 1 2 -ms:generations 5 -ms:pop_size 2000 -ms:pop_from_ss 1 -ms:checkpoint:prefix 1N7T_V83K_0006 -ms:checkpoint:interval 200 -ms:checkpoint:gz -ms:numresults 0 -out:prefix 1N7T_V83K_0006 -score:weights standard -score:patch score12 -score:ref_offsets HIS 1.2 -resfile /netapp/home/colin/backrub_seqtol/input_files/1N7T_V83K/1N7T_V83K_seqtol.resfile
core.init: 'RNG device' seed mode, using '/dev/urandom', seed=-598966076 seed_offset=0 real_seed=-598966076
core.init.random: RandomGenerator:init: Normal mode, seed=-598966076 RG_type=mt19937
core.pack.task: Packer task: initialize from command line() 
core.pack.task: Packer task: initialize from command line() 
core.scoring.ScoreFunctionFactory: SCOREFUNCTION: standard
core.scoring.ScoreFunctionFactory: SCOREFUNCTION PATCH: score12
core.scoring.etable: Starting energy table calculation
core.scoring.etable: smooth_etable: changing atr/rep split to bottom of energy well
core.scoring.etable: smooth_etable: spline smoothing lj etables (maxdis = 6)
core.scoring.etable: smooth_etable: spline smoothing solvation etables (max_dis = 6)
core.scoring.etable: Finished calculating energy tables.
core.io.database: Database file opened: /netapp/home/colin/rosetta/rosetta-3.2/rosetta_database/pdb_pair_stats_fine
core.io.database: Database file opened: /netapp/home/colin/rosetta/rosetta-3.2/rosetta_database/scoring/score_functions/hbonds/standard_params/HBPoly1D.csv
core.io.database: Database file opened: /netapp/home/colin/rosetta/rosetta-3.2/rosetta_database/scoring/score_functions/hbonds/standard_params/HBFadeIntervals.csv
core.io.database: Database file opened: /netapp/home/colin/rosetta/rosetta-3.2/rosetta_database/scoring/score_functions/hbonds/standard_params/HBEval.csv
core.io.database: Database file opened: /netapp/home/colin/rosetta/rosetta-3.2/rosetta_database/P_AA
core.io.database: Database file opened: /netapp/home/colin/rosetta/rosetta-3.2/rosetta_database/P_AA_n
core.io.database: Database file opened: /netapp/home/colin/rosetta/rosetta-3.2/rosetta_database/P_AA_pp
core.io.database: Database file opened: /netapp/home/colin/rosetta/rosetta-3.2/rosetta_database/Rama_smooth_dyn.dat_ss_6.4
core.scoring.dunbrack: Dunbrack library took 0.02 seconds to load from binary
app.sequence_tolerance: Residue Decomposition: [Set 1 (A): [1, 2, 3, 4, 5, 6, 7, 8, 9, 10, 11, 12, 13, 14, 15, 16, 17, 18, 19, 20, 21, 22, 23, 24, 25, 26, 27, 28, 29, 30, 31, 32, 33, 34, 35, 36, 37, 38, 39, 40, 41, 42, 43, 44, 45, 46, 47, 48, 49, 50, 51, 52, 53, 54, 55, 56, 57, 58, 59, 60, 61, 62, 63, 64, 65, 66, 67, 68, 69, 70, 71, 72, 73, 74, 75, 76, 77, 78, 79, 80, 81, 82, 83, 84, 85, 86, 87, 88, 89, 90, 91, 92, 93, 94, 95, 96, 97, 98, 99, 100, 101, 102, 103], Set 2 (B): [104, 105, 106, 107, 108, 109, 110]]
app.sequence_tolerance: Fitness Function Master Weights: [1, 1, 1, 2]
app.sequence_tolerance: Fitness of Starting Structure: 
---------------------------------------------------------------------
Score Type                  Other        A        B      A-B    Total
---------------------------------------------------------------------
fa_atr                      0.000 -256.347  -10.428  -56.892 -323.667
fa_rep                      0.000   36.630    1.646   12.551   50.826
fa_sol                      0.000  123.700    6.890   32.037  162.627
fa_intra_rep                0.000    0.859    0.086    0.000    0.944
pro_close                   0.000    2.274    0.000    0.000    2.274
fa_pair                     0.000   -5.482    0.003   -1.493   -6.972
hbond_sr_bb                -6.705    0.000    0.000    0.000   -6.705
hbond_lr_bb               -21.984    0.000    0.000    0.000  -21.984
hbond_bb_sc                 0.000   -2.409    0.000    0.000   -2.409
hbond_sc                    0.000   -0.616   -0.139   -2.675   -3.429
dslf_ss_dst                 0.000    0.000    0.000    0.000    0.000
dslf_cs_ang                 0.000    0.000    0.000    0.000    0.000
dslf_ss_dih                 0.000    0.000    0.000    0.000    0.000
dslf_ca_dih                 0.000    0.000    0.000    0.000    0.000
rama                        0.000   22.254    4.411    0.000   26.666
omega                       0.000    0.228    0.022    0.000    0.250
fa_dun                      0.000   83.650    6.160    0.000   89.810
p_aa_pp                     0.000  -11.705   -0.981    0.000  -12.686
ref                         0.000  -21.830    0.590    0.000  -21.240
---------------------------------------------------------------------
Total                     -28.689  -28.794    8.260  -16.472  -65.695

core.pack.interaction_graph.interaction_graph_factory: Instantiating PDInteractionGraph
core.pack.pack_rotamers: built 8377 rotamers at 33 positions.
core.pack.pack_rotamers: IG: 97380404 bytes
app.sequence_tolerance: There are 1 positive states and 0 negative states
protocols.multistate_design.MultiStatePacker: Best single-state design score:   -75.65
app.sequence_tolerance: Adding single-state design entities:
app.sequence_tolerance: AA:106:F AA:107:A AA:108:V AA:109:T AA:110:I 
app.sequence_tolerance: Generation 1:
app.sequence_tolerance: Distinct new entities: 1999
app.sequence_tolerance: Duplicate new entities: 1
app.sequence_tolerance: Entities from previous generation: 0
app.sequence_tolerance: Entities resurrected from earlier generations: 0
app.sequence_tolerance: Fitness Percentiles: 0%=-76.3567 25%=-65.9776 50%=-58.3286 75%=-11.8768 100%=652.87
app.sequence_tolerance: Best new entity:
MultiStateEntity with traits: AA:106:F AA:107:N AA:108:Q AA:109:W AA:110:M and fitness -76.357
 SingleState 1 with fitness: -76.3567
app.sequence_tolerance: Generation 2:
app.sequence_tolerance: Distinct new entities: 1920
app.sequence_tolerance: Duplicate new entities: 3
app.sequence_tolerance: Entities from previous generation: 77
app.sequence_tolerance: Entities resurrected from earlier generations: 0
app.sequence_tolerance: Fitness Percentiles: 0%=-76.3567 25%=-67.6087 50%=-63.9722 75%=-53.9571 100%=592.609
app.sequence_tolerance: Best new entity:
MultiStateEntity with traits: AA:106:F AA:107:G AA:108:T AA:109:W AA:110:V and fitness -76.331
 SingleState 1 with fitness: -76.3308
app.sequence_tolerance: Generation 3:
app.sequence_tolerance: Distinct new entities: 1919
app.sequence_tolerance: Duplicate new entities: 3
app.sequence_tolerance: Entities from previous generation: 76
app.sequence_tolerance: Entities resurrected from earlier generations: 2
app.sequence_tolerance: Fitness Percentiles: 0%=-77.7354 25%=-68.3605 50%=-65.5661 75%=-59.3367 100%=652.165
app.sequence_tolerance: Best new entity:
MultiStateEntity with traits: AA:106:F AA:107:E AA:108:Y AA:109:R AA:110:V and fitness -77.735
 SingleState 1 with fitness: -77.7354
app.sequence_tolerance: Generation 4:
app.sequence_tolerance: Distinct new entities: 1914
app.sequence_tolerance: Duplicate new entities: 4
app.sequence_tolerance: Entities from previous generation: 72
app.sequence_tolerance: Entities resurrected from earlier generations: 10
app.sequence_tolerance: Fitness Percentiles: 0%=-79.2674 25%=-69.4809 50%=-66.5989 75%=-62.3647 100%=384.023
app.sequence_tolerance: Best new entity:
MultiStateEntity with traits: AA:106:F AA:107:E AA:108:D AA:109:W AA:110:E and fitness -79.267
 SingleState 1 with fitness: -79.2674
app.sequence_tolerance: Generation 5:
app.sequence_tolerance: Distinct new entities: 1885
app.sequence_tolerance: Duplicate new entities: 5
app.sequence_tolerance: Entities from previous generation: 93
app.sequence_tolerance: Entities resurrected from earlier generations: 17
app.sequence_tolerance: Fitness Percentiles: 0%=-80.6601 25%=-70.1376 50%=-67.7043 75%=-64.0884 100%=968.945
app.sequence_tolerance: Best new entity:
MultiStateEntity with traits: AA:106:F AA:107:E AA:108:D AA:109:W AA:110:V and fitness -80.660
 SingleState 1 with fitness: -80.6601
app.sequence_tolerance: Evaluated 9637 sequences out of 2476099 possible.
Best sequences:
