core.init: Mini-Rosetta version 40577 from https://svn.rosettacommons.org/source/branches/releases/rosetta-3.2/rosetta_source
core.init: command: /netapp/home/colin/rosetta/rosetta-3.2/rosetta_source/bin/sequence_tolerance.linuxgccrelease -database /netapp/home/colin/rosetta/rosetta-3.2/rosetta_database -s 1N7T_V83K_0011_low.pdb -ex1 -ex2 -extrachi_cutoff 0 -seq_tol:fitness_master_weights 1 1 1 2 -ms:generations 5 -ms:pop_size 2000 -ms:pop_from_ss 1 -ms:checkpoint:prefix 1N7T_V83K_0011 -ms:checkpoint:interval 200 -ms:checkpoint:gz -ms:numresults 0 -out:prefix 1N7T_V83K_0011 -score:weights standard -score:patch score12 -score:ref_offsets HIS 1.2 -resfile /netapp/home/colin/backrub_seqtol/input_files/1N7T_V83K/1N7T_V83K_seqtol.resfile
core.init: 'RNG device' seed mode, using '/dev/urandom', seed=-1730439065 seed_offset=0 real_seed=-1730439065
core.init.random: RandomGenerator:init: Normal mode, seed=-1730439065 RG_type=mt19937
core.pack.task: Packer task: initialize from command line() 
core.pack.task: Packer task: initialize from command line() 
core.scoring.ScoreFunctionFactory: SCOREFUNCTION: standard
core.scoring.ScoreFunctionFactory: SCOREFUNCTION PATCH: score12
core.scoring.etable: Starting energy table calculation
core.scoring.etable: smooth_etable: changing atr/rep split to bottom of energy well
core.scoring.etable: smooth_etable: spline smoothing lj etables (maxdis = 6)
core.scoring.etable: smooth_etable: spline smoothing solvation etables (max_dis = 6)
core.scoring.etable: Finished calculating energy tables.
core.io.database: Database file opened: /netapp/home/colin/rosetta/rosetta-3.2/rosetta_database/pdb_pair_stats_fine
core.io.database: Database file opened: /netapp/home/colin/rosetta/rosetta-3.2/rosetta_database/scoring/score_functions/hbonds/standard_params/HBPoly1D.csv
core.io.database: Database file opened: /netapp/home/colin/rosetta/rosetta-3.2/rosetta_database/scoring/score_functions/hbonds/standard_params/HBFadeIntervals.csv
core.io.database: Database file opened: /netapp/home/colin/rosetta/rosetta-3.2/rosetta_database/scoring/score_functions/hbonds/standard_params/HBEval.csv
core.io.database: Database file opened: /netapp/home/colin/rosetta/rosetta-3.2/rosetta_database/P_AA
core.io.database: Database file opened: /netapp/home/colin/rosetta/rosetta-3.2/rosetta_database/P_AA_n
core.io.database: Database file opened: /netapp/home/colin/rosetta/rosetta-3.2/rosetta_database/P_AA_pp
core.io.database: Database file opened: /netapp/home/colin/rosetta/rosetta-3.2/rosetta_database/Rama_smooth_dyn.dat_ss_6.4
core.scoring.dunbrack: Dunbrack library took 0.02 seconds to load from binary
app.sequence_tolerance: Residue Decomposition: [Set 1 (A): [1, 2, 3, 4, 5, 6, 7, 8, 9, 10, 11, 12, 13, 14, 15, 16, 17, 18, 19, 20, 21, 22, 23, 24, 25, 26, 27, 28, 29, 30, 31, 32, 33, 34, 35, 36, 37, 38, 39, 40, 41, 42, 43, 44, 45, 46, 47, 48, 49, 50, 51, 52, 53, 54, 55, 56, 57, 58, 59, 60, 61, 62, 63, 64, 65, 66, 67, 68, 69, 70, 71, 72, 73, 74, 75, 76, 77, 78, 79, 80, 81, 82, 83, 84, 85, 86, 87, 88, 89, 90, 91, 92, 93, 94, 95, 96, 97, 98, 99, 100, 101, 102, 103], Set 2 (B): [104, 105, 106, 107, 108, 109, 110]]
app.sequence_tolerance: Fitness Function Master Weights: [1, 1, 1, 2]
app.sequence_tolerance: Fitness of Starting Structure: 
---------------------------------------------------------------------
Score Type                  Other        A        B      A-B    Total
---------------------------------------------------------------------
fa_atr                      0.000 -262.084   -5.936  -56.453 -324.473
fa_rep                      0.000   43.162    0.654   12.588   56.405
fa_sol                      0.000  122.562    3.664   28.820  155.046
fa_intra_rep                0.000    0.977    0.092    0.000    1.069
pro_close                   0.000    1.532    0.000    0.000    1.532
fa_pair                     0.000   -6.460    0.002   -1.105   -7.564
hbond_sr_bb                -6.670    0.000    0.000    0.000   -6.670
hbond_lr_bb               -23.947    0.000    0.000    0.000  -23.947
hbond_bb_sc                 0.000   -3.219    0.000   -0.367   -3.586
hbond_sc                    0.000   -1.614    0.000   -4.412   -6.026
dslf_ss_dst                 0.000    0.000    0.000    0.000    0.000
dslf_cs_ang                 0.000    0.000    0.000    0.000    0.000
dslf_ss_dih                 0.000    0.000    0.000    0.000    0.000
dslf_ca_dih                 0.000    0.000    0.000    0.000    0.000
rama                        0.000   21.639    3.005    0.000   24.644
omega                       0.000    0.318    0.004    0.000    0.322
fa_dun                      0.000   73.889    5.289    0.000   79.178
p_aa_pp                     0.000   -8.674   -0.520    0.000   -9.194
ref                         0.000  -21.830    0.590    0.000  -21.240
---------------------------------------------------------------------
Total                     -30.617  -39.802    6.844  -20.929  -84.505

core.pack.interaction_graph.interaction_graph_factory: Instantiating PDInteractionGraph
core.pack.pack_rotamers: built 7655 rotamers at 33 positions.
core.pack.pack_rotamers: IG: 79586328 bytes
app.sequence_tolerance: There are 1 positive states and 0 negative states
protocols.multistate_design.MultiStatePacker: Best single-state design score:   -84.84
app.sequence_tolerance: Adding single-state design entities:
app.sequence_tolerance: AA:106:L AA:107:S AA:108:E AA:109:F AA:110:A 
app.sequence_tolerance: Generation 1:
app.sequence_tolerance: Distinct new entities: 1999
app.sequence_tolerance: Duplicate new entities: 1
app.sequence_tolerance: Entities from previous generation: 0
app.sequence_tolerance: Entities resurrected from earlier generations: 0
app.sequence_tolerance: Fitness Percentiles: 0%=-84.52 25%=-73.4832 50%=-64.2115 75%=-23.6724 100%=1260.78
app.sequence_tolerance: Best new entity:
MultiStateEntity with traits: AA:106:L AA:107:S AA:108:E AA:109:F AA:110:A and fitness -84.520
 SingleState 1 with fitness: -84.52
app.sequence_tolerance: Generation 2:
app.sequence_tolerance: Distinct new entities: 1916
app.sequence_tolerance: Duplicate new entities: 4
app.sequence_tolerance: Entities from previous generation: 80
app.sequence_tolerance: Entities resurrected from earlier generations: 0
app.sequence_tolerance: Fitness Percentiles: 0%=-84.52 25%=-74.8585 50%=-71.3562 75%=-60.0549 100%=1235.35
app.sequence_tolerance: Best new entity:
MultiStateEntity with traits: AA:106:L AA:107:T AA:108:E AA:109:F AA:110:A and fitness -83.784
 SingleState 1 with fitness: -83.7841
app.sequence_tolerance: Generation 3:
app.sequence_tolerance: Distinct new entities: 1924
app.sequence_tolerance: Duplicate new entities: 5
app.sequence_tolerance: Entities from previous generation: 69
app.sequence_tolerance: Entities resurrected from earlier generations: 2
app.sequence_tolerance: Fitness Percentiles: 0%=-84.52 25%=-76.0063 50%=-73.4324 75%=-67.6302 100%=1263.25
app.sequence_tolerance: Best new entity:
MultiStateEntity with traits: AA:106:R AA:107:Y AA:108:E AA:109:H AA:110:A and fitness -84.307
 SingleState 1 with fitness: -84.3067
app.sequence_tolerance: Generation 4:
app.sequence_tolerance: Distinct new entities: 1895
app.sequence_tolerance: Duplicate new entities: 0
app.sequence_tolerance: Entities from previous generation: 96
app.sequence_tolerance: Entities resurrected from earlier generations: 9
app.sequence_tolerance: Fitness Percentiles: 0%=-84.52 25%=-76.7907 50%=-74.4056 75%=-70.7894 100%=1280.16
app.sequence_tolerance: Best new entity:
MultiStateEntity with traits: AA:106:T AA:107:Y AA:108:E AA:109:F AA:110:A and fitness -84.499
 SingleState 1 with fitness: -84.4989
app.sequence_tolerance: Generation 5:
app.sequence_tolerance: Distinct new entities: 1929
app.sequence_tolerance: Duplicate new entities: 2
app.sequence_tolerance: Entities from previous generation: 61
app.sequence_tolerance: Entities resurrected from earlier generations: 8
app.sequence_tolerance: Fitness Percentiles: 0%=-84.52 25%=-77.3632 50%=-75.1419 75%=-71.858 100%=1123.79
app.sequence_tolerance: Best new entity:
MultiStateEntity with traits: AA:106:H AA:107:E AA:108:E AA:109:F AA:110:A and fitness -83.833
 SingleState 1 with fitness: -83.8328
app.sequence_tolerance: Evaluated 9663 sequences out of 2476099 possible.
Best sequences:
