core.init: Mini-Rosetta version 40577 from https://svn.rosettacommons.org/source/branches/releases/rosetta-3.2/rosetta_source
core.init: command: /netapp/home/colin/rosetta/rosetta-3.2/rosetta_source/bin/backrub.linuxgccrelease -database /netapp/home/colin/rosetta/rosetta-3.2/rosetta_database -s /netapp/home/colin/backrub_seqtol/input_files/1N7T/1N7T_20.pdb -ignore_unrecognized_res -ex1 -ex2 -extrachi_cutoff 0 -out:prefix 1N7T_V83K_0020 -mute core.io.pdb.file_data -backrub:ntrials 10000 -score:weights standard -score:patch score12 -resfile /netapp/home/colin/backrub_seqtol/input_files/1N7T_V83K/1N7T_V83K_backrub.resfile -backrub:minimize_movemap /netapp/home/colin/backrub_seqtol/input_files/1N7T_V83K/1N7T_V83K_minimize.movemap
core.init: 'RNG device' seed mode, using '/dev/urandom', seed=-1406494438 seed_offset=0 real_seed=-1406494438
core.init.random: RandomGenerator:init: Normal mode, seed=-1406494438 RG_type=mt19937
core.scoring.ScoreFunctionFactory: SCOREFUNCTION: standard
core.scoring.ScoreFunctionFactory: SCOREFUNCTION PATCH: score12
core.scoring.etable: Starting energy table calculation
core.scoring.etable: smooth_etable: changing atr/rep split to bottom of energy well
core.scoring.etable: smooth_etable: spline smoothing lj etables (maxdis = 6)
core.scoring.etable: smooth_etable: spline smoothing solvation etables (max_dis = 6)
core.scoring.etable: Finished calculating energy tables.
core.io.database: Database file opened: /netapp/home/colin/rosetta/rosetta-3.2/rosetta_database/pdb_pair_stats_fine
core.io.database: Database file opened: /netapp/home/colin/rosetta/rosetta-3.2/rosetta_database/scoring/score_functions/hbonds/standard_params/HBPoly1D.csv
core.io.database: Database file opened: /netapp/home/colin/rosetta/rosetta-3.2/rosetta_database/scoring/score_functions/hbonds/standard_params/HBFadeIntervals.csv
core.io.database: Database file opened: /netapp/home/colin/rosetta/rosetta-3.2/rosetta_database/scoring/score_functions/hbonds/standard_params/HBEval.csv
core.io.database: Database file opened: /netapp/home/colin/rosetta/rosetta-3.2/rosetta_database/P_AA
core.io.database: Database file opened: /netapp/home/colin/rosetta/rosetta-3.2/rosetta_database/P_AA_n
core.io.database: Database file opened: /netapp/home/colin/rosetta/rosetta-3.2/rosetta_database/P_AA_pp
core.io.database: Database file opened: /netapp/home/colin/rosetta/rosetta-3.2/rosetta_database/Rama_smooth_dyn.dat_ss_6.4
core.mm.MMBondAngleLibrary: MM bond angle sets added fully assigned: 474; wildcard: 0 and 1 virtual parameter.
core.io.database: Database file opened: /netapp/home/colin/rosetta/rosetta-3.2/rosetta_database/branch_angle/branch_angle_1.txt
core.io.database: Database file opened: /netapp/home/colin/rosetta/rosetta-3.2/rosetta_database/branch_angle/branch_angle_2.txt
core.scoring.dunbrack: Dunbrack library took 0.03 seconds to load from binary
apps.backrub: Processing /netapp/home/colin/backrub_seqtol/input_files/1N7T/1N7T_20.pdb...
core.pack.task: Packer task: initialize from command line() 
protocols.moves.BackrubMover: Segment lengths: 3-34 atoms
protocols.moves.BackrubMover: Main chain pivot atoms: CA
protocols.moves.BackrubMover: Adding backrub segments for residues 1-110
protocols.moves.BackrubMover: Total Segments Added: 960
apps.backrub: Score After PDB Load:
apps.backrub: ------------------------------------------------------------
 Scores                       Weight   Raw Score Wghtd.Score
------------------------------------------------------------
 fa_atr                       0.800    -390.424    -312.339
 fa_rep                       0.440     184.104      81.006
 fa_sol                       0.650     235.255     152.916
 fa_intra_rep                 0.004     225.512       0.902
 mm_bend                      1.000      85.018      85.018
 pro_close                    1.000       1.856       1.856
 fa_pair                      0.490     -11.192      -5.484
 hbond_sr_bb                  0.585     -12.649      -7.400
 hbond_lr_bb                  1.170     -20.616     -24.121
 hbond_bb_sc                  1.170      -1.930      -2.258
 hbond_sc                     1.100      -0.637      -0.701
 dslf_ss_dst                  0.500       0.000       0.000
 dslf_cs_ang                  2.000       0.000       0.000
 dslf_ss_dih                  5.000       0.000       0.000
 dslf_ca_dih                  5.000       0.000       0.000
 rama                         0.200     126.159      25.232
 omega                        0.500       0.467       0.234
 fa_dun                       0.560     503.665     282.053
 p_aa_pp                      0.320     -18.904      -6.049
 ref                          1.000     -23.900     -23.900
---------------------------------------------------
 Total weighted score:                      246.963
core.pack.task: Packer task: initialize from command line() 
apps.backrub: Score After Branch Angle Optimization/Side Chain Idealization:
apps.backrub: ------------------------------------------------------------
 Scores                       Weight   Raw Score Wghtd.Score
------------------------------------------------------------
 fa_atr                       0.800    -388.363    -310.690
 fa_rep                       0.440     210.230      92.501
 fa_sol                       0.650     232.704     151.258
 fa_intra_rep                 0.004     258.427       1.034
 mm_bend                      1.000      54.927      54.927
 pro_close                    1.000       1.856       1.856
 fa_pair                      0.490     -11.295      -5.535
 hbond_sr_bb                  0.585     -12.649      -7.400
 hbond_lr_bb                  1.170     -20.616     -24.121
 hbond_bb_sc                  1.170      -2.130      -2.492
 hbond_sc                     1.100      -0.519      -0.571
 dslf_ss_dst                  0.500       0.000       0.000
 dslf_cs_ang                  2.000       0.000       0.000
 dslf_ss_dih                  5.000       0.000       0.000
 dslf_ca_dih                  5.000       0.000       0.000
 rama                         0.200     126.159      25.232
 omega                        0.500       0.467       0.234
 fa_dun                       0.560     503.594     282.013
 p_aa_pp                      0.320     -18.904      -6.049
 ref                          1.000     -23.900     -23.900
---------------------------------------------------
 Total weighted score:                      228.295
core.pack.task: Packer task: initialize from command line() 
apps.backrub: Starting ResidueType not allowed in resfile at position(s): 83
apps.backrub: Forcing initial pack
core.pack.task: Packer task: initialize from command line() 
core.pack.interaction_graph.interaction_graph_factory: Instantiating PDInteractionGraph
core.pack.pack_rotamers: built 7594 rotamers at 110 positions.
core.pack.pack_rotamers: IG: 22232940 bytes
apps.backrub: Running 10000 trials...
protocols.moves.MonteCarlo:      br_CA_CA_04 trials=    756;  accepts= 0.3532;  energy_drop/trial=  -0.00639
protocols.moves.MonteCarlo:      br_CA_CA_07 trials=    718;  accepts= 0.3245;  energy_drop/trial=  -0.00721
protocols.moves.MonteCarlo:      br_CA_CA_10 trials=    759;  accepts= 0.3202;  energy_drop/trial=  -0.00426
protocols.moves.MonteCarlo:      br_CA_CA_13 trials=    689;  accepts= 0.2859;  energy_drop/trial=  -0.00289
protocols.moves.MonteCarlo:      br_CA_CA_16 trials=    666;  accepts= 0.2387;  energy_drop/trial=   0.02021
protocols.moves.MonteCarlo:      br_CA_CA_19 trials=    639;  accepts= 0.2488;  energy_drop/trial=  -0.03381
protocols.moves.MonteCarlo:      br_CA_CA_22 trials=    713;  accepts= 0.1851;  energy_drop/trial=   0.00755
protocols.moves.MonteCarlo:      br_CA_CA_25 trials=    660;  accepts= 0.1985;  energy_drop/trial=   0.00098
protocols.moves.MonteCarlo:      br_CA_CA_28 trials=    672;  accepts= 0.2128;  energy_drop/trial=   0.01552
protocols.moves.MonteCarlo:      br_CA_CA_31 trials=    656;  accepts= 0.1966;  energy_drop/trial=  -0.00826
protocols.moves.MonteCarlo:      br_CA_CA_34 trials=    601;  accepts= 0.1547;  energy_drop/trial=   0.00419
protocols.moves.MonteCarlo:       sc_chi_rot trials=   2220;  accepts= 0.3477;  energy_drop/trial=   0.00722
protocols.moves.MonteCarlo:      sc_chi_unif trials=    251;  accepts= 0.0319;  energy_drop/trial=   0.01300
apps.backrub: Last Score:
apps.backrub: ------------------------------------------------------------
 Scores                       Weight   Raw Score Wghtd.Score
------------------------------------------------------------
 fa_atr                       0.800    -372.511    -298.009
 fa_rep                       0.440     116.376      51.205
 fa_sol                       0.650     217.984     141.690
 fa_intra_rep                 0.004     261.253       1.045
 mm_bend                      1.000      52.745      52.745
 pro_close                    1.000       2.226       2.226
 fa_pair                      0.490     -11.036      -5.407
 hbond_sr_bb                  0.585     -10.413      -6.092
 hbond_lr_bb                  1.170     -20.475     -23.956
 hbond_bb_sc                  1.170      -3.803      -4.449
 hbond_sc                     1.100      -1.025      -1.127
 dslf_ss_dst                  0.500       0.000       0.000
 dslf_cs_ang                  2.000       0.000       0.000
 dslf_ss_dih                  5.000       0.000       0.000
 dslf_ca_dih                  5.000       0.000       0.000
 rama                         0.200      94.518      18.904
 omega                        0.500       0.594       0.297
 fa_dun                       0.560     170.052      95.229
 p_aa_pp                      0.320     -24.375      -7.800
 ref                          1.000     -24.840     -24.840
---------------------------------------------------
 Total weighted score:                       -8.340
apps.backrub: Low Score:
apps.backrub: ------------------------------------------------------------
 Scores                       Weight   Raw Score Wghtd.Score
------------------------------------------------------------
 fa_atr                       0.800    -373.326    -298.661
 fa_rep                       0.440     120.916      53.203
 fa_sol                       0.650     226.119     146.977
 fa_intra_rep                 0.004     255.486       1.022
 mm_bend                      1.000      53.915      53.915
 pro_close                    1.000       2.226       2.226
 fa_pair                      0.490     -15.028      -7.364
 hbond_sr_bb                  0.585     -14.082      -8.238
 hbond_lr_bb                  1.170     -21.177     -24.777
 hbond_bb_sc                  1.170      -6.075      -7.108
 hbond_sc                     1.100      -3.464      -3.810
 dslf_ss_dst                  0.500       0.000       0.000
 dslf_cs_ang                  2.000       0.000       0.000
 dslf_ss_dih                  5.000       0.000       0.000
 dslf_ca_dih                  5.000       0.000       0.000
 rama                         0.200     110.368      22.074
 omega                        0.500       0.594       0.297
 fa_dun                       0.560     136.764      76.588
 p_aa_pp                      0.320     -23.685      -7.579
 ref                          1.000     -24.840     -24.840
---------------------------------------------------
 Total weighted score:                      -26.076
