core.init: Mini-Rosetta version 40577 from https://svn.rosettacommons.org/source/branches/releases/rosetta-3.2/rosetta_source
core.init: command: /netapp/home/colin/rosetta/rosetta-3.2/rosetta_source/bin/sequence_tolerance.linuxgccrelease -database /netapp/home/colin/rosetta/rosetta-3.2/rosetta_database -s 1N7T_V83K_0005_low.pdb -ex1 -ex2 -extrachi_cutoff 0 -seq_tol:fitness_master_weights 1 1 1 2 -ms:generations 5 -ms:pop_size 2000 -ms:pop_from_ss 1 -ms:checkpoint:prefix 1N7T_V83K_0005 -ms:checkpoint:interval 200 -ms:checkpoint:gz -ms:numresults 0 -out:prefix 1N7T_V83K_0005 -score:weights standard -score:patch score12 -score:ref_offsets HIS 1.2 -resfile /netapp/home/colin/backrub_seqtol/input_files/1N7T_V83K/1N7T_V83K_seqtol.resfile
core.init: 'RNG device' seed mode, using '/dev/urandom', seed=500433542 seed_offset=0 real_seed=500433542
core.init.random: RandomGenerator:init: Normal mode, seed=500433542 RG_type=mt19937
core.pack.task: Packer task: initialize from command line() 
core.pack.task: Packer task: initialize from command line() 
core.scoring.ScoreFunctionFactory: SCOREFUNCTION: standard
core.scoring.ScoreFunctionFactory: SCOREFUNCTION PATCH: score12
core.scoring.etable: Starting energy table calculation
core.scoring.etable: smooth_etable: changing atr/rep split to bottom of energy well
core.scoring.etable: smooth_etable: spline smoothing lj etables (maxdis = 6)
core.scoring.etable: smooth_etable: spline smoothing solvation etables (max_dis = 6)
core.scoring.etable: Finished calculating energy tables.
core.io.database: Database file opened: /netapp/home/colin/rosetta/rosetta-3.2/rosetta_database/pdb_pair_stats_fine
core.io.database: Database file opened: /netapp/home/colin/rosetta/rosetta-3.2/rosetta_database/scoring/score_functions/hbonds/standard_params/HBPoly1D.csv
core.io.database: Database file opened: /netapp/home/colin/rosetta/rosetta-3.2/rosetta_database/scoring/score_functions/hbonds/standard_params/HBFadeIntervals.csv
core.io.database: Database file opened: /netapp/home/colin/rosetta/rosetta-3.2/rosetta_database/scoring/score_functions/hbonds/standard_params/HBEval.csv
core.io.database: Database file opened: /netapp/home/colin/rosetta/rosetta-3.2/rosetta_database/P_AA
core.io.database: Database file opened: /netapp/home/colin/rosetta/rosetta-3.2/rosetta_database/P_AA_n
core.io.database: Database file opened: /netapp/home/colin/rosetta/rosetta-3.2/rosetta_database/P_AA_pp
core.io.database: Database file opened: /netapp/home/colin/rosetta/rosetta-3.2/rosetta_database/Rama_smooth_dyn.dat_ss_6.4
core.scoring.dunbrack: Dunbrack library took 0.02 seconds to load from binary
app.sequence_tolerance: Residue Decomposition: [Set 1 (A): [1, 2, 3, 4, 5, 6, 7, 8, 9, 10, 11, 12, 13, 14, 15, 16, 17, 18, 19, 20, 21, 22, 23, 24, 25, 26, 27, 28, 29, 30, 31, 32, 33, 34, 35, 36, 37, 38, 39, 40, 41, 42, 43, 44, 45, 46, 47, 48, 49, 50, 51, 52, 53, 54, 55, 56, 57, 58, 59, 60, 61, 62, 63, 64, 65, 66, 67, 68, 69, 70, 71, 72, 73, 74, 75, 76, 77, 78, 79, 80, 81, 82, 83, 84, 85, 86, 87, 88, 89, 90, 91, 92, 93, 94, 95, 96, 97, 98, 99, 100, 101, 102, 103], Set 2 (B): [104, 105, 106, 107, 108, 109, 110]]
app.sequence_tolerance: Fitness Function Master Weights: [1, 1, 1, 2]
app.sequence_tolerance: Fitness of Starting Structure: 
---------------------------------------------------------------------
Score Type                  Other        A        B      A-B    Total
---------------------------------------------------------------------
fa_atr                      0.000 -268.969   -6.889  -52.500 -328.359
fa_rep                      0.000   44.753    0.467    4.054   49.273
fa_sol                      0.000  125.224    3.982   29.248  158.454
fa_intra_rep                0.000    0.912    0.111    0.000    1.023
pro_close                   0.000    2.421    0.000    0.000    2.421
fa_pair                     0.000   -6.607    0.007   -2.270   -8.871
hbond_sr_bb                -7.078    0.000    0.000    0.000   -7.078
hbond_lr_bb               -26.246    0.000    0.000    0.000  -26.246
hbond_bb_sc                 0.000   -4.330    0.000   -0.157   -4.487
hbond_sc                    0.000   -0.378   -0.552   -4.002   -4.932
dslf_ss_dst                 0.000    0.000    0.000    0.000    0.000
dslf_cs_ang                 0.000    0.000    0.000    0.000    0.000
dslf_ss_dih                 0.000    0.000    0.000    0.000    0.000
dslf_ca_dih                 0.000    0.000    0.000    0.000    0.000
rama                        0.000   23.126    0.726    0.000   23.852
omega                       0.000    0.231    0.004    0.000    0.235
fa_dun                      0.000   82.071    5.694    0.000   87.765
p_aa_pp                     0.000  -12.480   -0.845    0.000  -13.325
ref                         0.000  -21.830    0.590    0.000  -21.240
---------------------------------------------------------------------
Total                     -33.324  -35.856    3.295  -25.627  -91.513

core.pack.interaction_graph.interaction_graph_factory: Instantiating PDInteractionGraph
core.pack.pack_rotamers: built 7995 rotamers at 33 positions.
core.pack.pack_rotamers: IG: 86498384 bytes
app.sequence_tolerance: There are 1 positive states and 0 negative states
protocols.multistate_design.MultiStatePacker: Best single-state design score:   -91.43
app.sequence_tolerance: Adding single-state design entities:
app.sequence_tolerance: AA:106:V AA:107:S AA:108:R AA:109:F AA:110:V 
app.sequence_tolerance: Generation 1:
app.sequence_tolerance: Distinct new entities: 2000
app.sequence_tolerance: Duplicate new entities: 0
app.sequence_tolerance: Entities from previous generation: 0
app.sequence_tolerance: Entities resurrected from earlier generations: 0
app.sequence_tolerance: Fitness Percentiles: 0%=-91.343 25%=-80.1004 50%=-71.0546 75%=-5.64361 100%=1162.63
app.sequence_tolerance: Best new entity:
MultiStateEntity with traits: AA:106:V AA:107:S AA:108:R AA:109:F AA:110:V and fitness -91.343
 SingleState 1 with fitness: -91.343
app.sequence_tolerance: Generation 2:
app.sequence_tolerance: Distinct new entities: 1929
app.sequence_tolerance: Duplicate new entities: 1
app.sequence_tolerance: Entities from previous generation: 70
app.sequence_tolerance: Entities resurrected from earlier generations: 0
app.sequence_tolerance: Fitness Percentiles: 0%=-93.4739 25%=-82.0436 50%=-76.9791 75%=-37.5752 100%=989.727
app.sequence_tolerance: Best new entity:
MultiStateEntity with traits: AA:106:I AA:107:E AA:108:E AA:109:T AA:110:A and fitness -93.474
 SingleState 1 with fitness: -93.4739
app.sequence_tolerance: Generation 3:
app.sequence_tolerance: Distinct new entities: 1929
app.sequence_tolerance: Duplicate new entities: 4
app.sequence_tolerance: Entities from previous generation: 62
app.sequence_tolerance: Entities resurrected from earlier generations: 5
app.sequence_tolerance: Fitness Percentiles: 0%=-93.4739 25%=-83.3199 50%=-79.8355 75%=-72.1946 100%=993.18
app.sequence_tolerance: Best new entity:
MultiStateEntity with traits: AA:106:I AA:107:E AA:108:E AA:109:H AA:110:A and fitness -92.490
 SingleState 1 with fitness: -92.4899
app.sequence_tolerance: Generation 4:
app.sequence_tolerance: Distinct new entities: 1913
app.sequence_tolerance: Duplicate new entities: 1
app.sequence_tolerance: Entities from previous generation: 78
app.sequence_tolerance: Entities resurrected from earlier generations: 8
app.sequence_tolerance: Fitness Percentiles: 0%=-95.2011 25%=-84.2 50%=-81.3497 75%=-76.2051 100%=1215.18
app.sequence_tolerance: Best new entity:
MultiStateEntity with traits: AA:106:Q AA:107:E AA:108:E AA:109:F AA:110:V and fitness -95.201
 SingleState 1 with fitness: -95.2011
app.sequence_tolerance: Generation 5:
app.sequence_tolerance: Distinct new entities: 1909
app.sequence_tolerance: Duplicate new entities: 3
app.sequence_tolerance: Entities from previous generation: 75
app.sequence_tolerance: Entities resurrected from earlier generations: 13
app.sequence_tolerance: Fitness Percentiles: 0%=-95.2011 25%=-84.9902 50%=-82.3366 75%=-77.7547 100%=1163.22
app.sequence_tolerance: Best new entity:
MultiStateEntity with traits: AA:106:R AA:107:Y AA:108:E AA:109:W AA:110:V and fitness -93.572
 SingleState 1 with fitness: -93.5718
app.sequence_tolerance: Evaluated 9680 sequences out of 2476099 possible.
Best sequences:
