core.init: Mini-Rosetta version 40577 from https://svn.rosettacommons.org/source/branches/releases/rosetta-3.2/rosetta_source
core.init: command: /netapp/home/colin/rosetta/rosetta-3.2/rosetta_source/bin/backrub.linuxgccrelease -database /netapp/home/colin/rosetta/rosetta-3.2/rosetta_database -s /netapp/home/colin/backrub_seqtol/input_files/1N7T/1N7T_01.pdb -ignore_unrecognized_res -ex1 -ex2 -extrachi_cutoff 0 -out:prefix 1N7T_V83K_0001 -mute core.io.pdb.file_data -backrub:ntrials 10000 -score:weights standard -score:patch score12 -resfile /netapp/home/colin/backrub_seqtol/input_files/1N7T_V83K/1N7T_V83K_backrub.resfile -backrub:minimize_movemap /netapp/home/colin/backrub_seqtol/input_files/1N7T_V83K/1N7T_V83K_minimize.movemap
core.init: 'RNG device' seed mode, using '/dev/urandom', seed=1869850798 seed_offset=0 real_seed=1869850798
core.init.random: RandomGenerator:init: Normal mode, seed=1869850798 RG_type=mt19937
core.scoring.ScoreFunctionFactory: SCOREFUNCTION: standard
core.scoring.ScoreFunctionFactory: SCOREFUNCTION PATCH: score12
core.scoring.etable: Starting energy table calculation
core.scoring.etable: smooth_etable: changing atr/rep split to bottom of energy well
core.scoring.etable: smooth_etable: spline smoothing lj etables (maxdis = 6)
core.scoring.etable: smooth_etable: spline smoothing solvation etables (max_dis = 6)
core.scoring.etable: Finished calculating energy tables.
core.io.database: Database file opened: /netapp/home/colin/rosetta/rosetta-3.2/rosetta_database/pdb_pair_stats_fine
core.io.database: Database file opened: /netapp/home/colin/rosetta/rosetta-3.2/rosetta_database/scoring/score_functions/hbonds/standard_params/HBPoly1D.csv
core.io.database: Database file opened: /netapp/home/colin/rosetta/rosetta-3.2/rosetta_database/scoring/score_functions/hbonds/standard_params/HBFadeIntervals.csv
core.io.database: Database file opened: /netapp/home/colin/rosetta/rosetta-3.2/rosetta_database/scoring/score_functions/hbonds/standard_params/HBEval.csv
core.io.database: Database file opened: /netapp/home/colin/rosetta/rosetta-3.2/rosetta_database/P_AA
core.io.database: Database file opened: /netapp/home/colin/rosetta/rosetta-3.2/rosetta_database/P_AA_n
core.io.database: Database file opened: /netapp/home/colin/rosetta/rosetta-3.2/rosetta_database/P_AA_pp
core.io.database: Database file opened: /netapp/home/colin/rosetta/rosetta-3.2/rosetta_database/Rama_smooth_dyn.dat_ss_6.4
core.mm.MMBondAngleLibrary: MM bond angle sets added fully assigned: 474; wildcard: 0 and 1 virtual parameter.
core.io.database: Database file opened: /netapp/home/colin/rosetta/rosetta-3.2/rosetta_database/branch_angle/branch_angle_1.txt
core.io.database: Database file opened: /netapp/home/colin/rosetta/rosetta-3.2/rosetta_database/branch_angle/branch_angle_2.txt
core.scoring.dunbrack: Dunbrack library took 0.01 seconds to load from binary
apps.backrub: Processing /netapp/home/colin/backrub_seqtol/input_files/1N7T/1N7T_01.pdb...
core.pack.task: Packer task: initialize from command line() 
protocols.moves.BackrubMover: Segment lengths: 3-34 atoms
protocols.moves.BackrubMover: Main chain pivot atoms: CA
protocols.moves.BackrubMover: Adding backrub segments for residues 1-110
protocols.moves.BackrubMover: Total Segments Added: 960
apps.backrub: Score After PDB Load:
apps.backrub: ------------------------------------------------------------
 Scores                       Weight   Raw Score Wghtd.Score
------------------------------------------------------------
 fa_atr                       0.800    -399.056    -319.245
 fa_rep                       0.440     179.972      79.188
 fa_sol                       0.650     238.153     154.799
 fa_intra_rep                 0.004     222.354       0.889
 mm_bend                      1.000      84.222      84.222
 pro_close                    1.000       2.063       2.063
 fa_pair                      0.490     -10.927      -5.354
 hbond_sr_bb                  0.585     -12.855      -7.520
 hbond_lr_bb                  1.170     -21.499     -25.153
 hbond_bb_sc                  1.170      -2.648      -3.098
 hbond_sc                     1.100      -0.733      -0.807
 dslf_ss_dst                  0.500       0.000       0.000
 dslf_cs_ang                  2.000       0.000       0.000
 dslf_ss_dih                  5.000       0.000       0.000
 dslf_ca_dih                  5.000       0.000       0.000
 rama                         0.200     150.965      30.193
 omega                        0.500       0.356       0.178
 fa_dun                       0.560     448.883     251.375
 p_aa_pp                      0.320     -22.265      -7.125
 ref                          1.000     -23.900     -23.900
---------------------------------------------------
 Total weighted score:                      210.704
core.pack.task: Packer task: initialize from command line() 
apps.backrub: Score After Branch Angle Optimization/Side Chain Idealization:
apps.backrub: ------------------------------------------------------------
 Scores                       Weight   Raw Score Wghtd.Score
------------------------------------------------------------
 fa_atr                       0.800    -398.219    -318.575
 fa_rep                       0.440     205.249      90.310
 fa_sol                       0.650     236.405     153.663
 fa_intra_rep                 0.004     242.329       0.969
 mm_bend                      1.000      54.865      54.865
 pro_close                    1.000       2.063       2.063
 fa_pair                      0.490     -11.002      -5.391
 hbond_sr_bb                  0.585     -12.855      -7.520
 hbond_lr_bb                  1.170     -21.499     -25.153
 hbond_bb_sc                  1.170      -2.449      -2.866
 hbond_sc                     1.100      -0.364      -0.401
 dslf_ss_dst                  0.500       0.000       0.000
 dslf_cs_ang                  2.000       0.000       0.000
 dslf_ss_dih                  5.000       0.000       0.000
 dslf_ca_dih                  5.000       0.000       0.000
 rama                         0.200     150.965      30.193
 omega                        0.500       0.356       0.178
 fa_dun                       0.560     448.673     251.257
 p_aa_pp                      0.320     -22.265      -7.125
 ref                          1.000     -23.900     -23.900
---------------------------------------------------
 Total weighted score:                      192.567
core.pack.task: Packer task: initialize from command line() 
apps.backrub: Starting ResidueType not allowed in resfile at position(s): 83
apps.backrub: Forcing initial pack
core.pack.task: Packer task: initialize from command line() 
core.pack.interaction_graph.interaction_graph_factory: Instantiating PDInteractionGraph
core.pack.pack_rotamers: built 7336 rotamers at 110 positions.
core.pack.pack_rotamers: IG: 21113532 bytes
apps.backrub: Running 10000 trials...
protocols.moves.MonteCarlo:      br_CA_CA_04 trials=    766;  accepts= 0.3982;  energy_drop/trial=   0.01976
protocols.moves.MonteCarlo:      br_CA_CA_07 trials=    775;  accepts= 0.3368;  energy_drop/trial=  -0.01777
protocols.moves.MonteCarlo:      br_CA_CA_10 trials=    711;  accepts= 0.3305;  energy_drop/trial=  -0.01775
protocols.moves.MonteCarlo:      br_CA_CA_13 trials=    662;  accepts= 0.2674;  energy_drop/trial=   0.01732
protocols.moves.MonteCarlo:      br_CA_CA_16 trials=    668;  accepts= 0.2410;  energy_drop/trial=   0.00641
protocols.moves.MonteCarlo:      br_CA_CA_19 trials=    669;  accepts= 0.2123;  energy_drop/trial=  -0.00878
protocols.moves.MonteCarlo:      br_CA_CA_22 trials=    669;  accepts= 0.2108;  energy_drop/trial=  -0.00217
protocols.moves.MonteCarlo:      br_CA_CA_25 trials=    644;  accepts= 0.2003;  energy_drop/trial=  -0.01700
protocols.moves.MonteCarlo:      br_CA_CA_28 trials=    585;  accepts= 0.1846;  energy_drop/trial=  -0.00533
protocols.moves.MonteCarlo:      br_CA_CA_31 trials=    665;  accepts= 0.1835;  energy_drop/trial=   0.01692
protocols.moves.MonteCarlo:      br_CA_CA_34 trials=    647;  accepts= 0.1700;  energy_drop/trial=   0.00877
protocols.moves.MonteCarlo:       sc_chi_rot trials=   2252;  accepts= 0.3339;  energy_drop/trial=   0.00298
protocols.moves.MonteCarlo:      sc_chi_unif trials=    287;  accepts= 0.0279;  energy_drop/trial=   0.00510
apps.backrub: Last Score:
apps.backrub: ------------------------------------------------------------
 Scores                       Weight   Raw Score Wghtd.Score
------------------------------------------------------------
 fa_atr                       0.800    -357.789    -286.231
 fa_rep                       0.440     108.051      47.543
 fa_sol                       0.650     215.907     140.340
 fa_intra_rep                 0.004     264.952       1.060
 mm_bend                      1.000      46.066      46.066
 pro_close                    1.000       2.201       2.201
 fa_pair                      0.490     -12.017      -5.888
 hbond_sr_bb                  0.585     -12.485      -7.304
 hbond_lr_bb                  1.170     -20.716     -24.237
 hbond_bb_sc                  1.170      -2.153      -2.519
 hbond_sc                     1.100      -1.738      -1.912
 dslf_ss_dst                  0.500       0.000       0.000
 dslf_cs_ang                  2.000       0.000       0.000
 dslf_ss_dih                  5.000       0.000       0.000
 dslf_ca_dih                  5.000       0.000       0.000
 rama                         0.200     105.453      21.091
 omega                        0.500       0.362       0.181
 fa_dun                       0.560     157.802      88.369
 p_aa_pp                      0.320     -28.773      -9.207
 ref                          1.000     -24.840     -24.840
---------------------------------------------------
 Total weighted score:                      -15.288
apps.backrub: Low Score:
apps.backrub: ------------------------------------------------------------
 Scores                       Weight   Raw Score Wghtd.Score
------------------------------------------------------------
 fa_atr                       0.800    -371.539    -297.231
 fa_rep                       0.440     116.621      51.313
 fa_sol                       0.650     220.314     143.204
 fa_intra_rep                 0.004     269.725       1.079
 mm_bend                      1.000      51.100      51.100
 pro_close                    1.000       2.201       2.201
 fa_pair                      0.490     -14.101      -6.910
 hbond_sr_bb                  0.585     -13.837      -8.095
 hbond_lr_bb                  1.170     -21.001     -24.571
 hbond_bb_sc                  1.170      -5.212      -6.098
 hbond_sc                     1.100      -3.970      -4.367
 dslf_ss_dst                  0.500       0.000       0.000
 dslf_cs_ang                  2.000       0.000       0.000
 dslf_ss_dih                  5.000       0.000       0.000
 dslf_ca_dih                  5.000       0.000       0.000
 rama                         0.200     146.390      29.278
 omega                        0.500       0.362       0.181
 fa_dun                       0.560     137.806      77.172
 p_aa_pp                      0.320     -26.121      -8.359
 ref                          1.000     -24.840     -24.840
---------------------------------------------------
 Total weighted score:                      -24.942
