core.init: Mini-Rosetta version 40577 from https://svn.rosettacommons.org/source/branches/releases/rosetta-3.2/rosetta_source
core.init: command: /netapp/home/colin/rosetta/rosetta-3.2/rosetta_source/bin/sequence_tolerance.linuxgccrelease -database /netapp/home/colin/rosetta/rosetta-3.2/rosetta_database -s 1N7T_V83K_0007_low.pdb -ex1 -ex2 -extrachi_cutoff 0 -seq_tol:fitness_master_weights 1 1 1 2 -ms:generations 5 -ms:pop_size 2000 -ms:pop_from_ss 1 -ms:checkpoint:prefix 1N7T_V83K_0007 -ms:checkpoint:interval 200 -ms:checkpoint:gz -ms:numresults 0 -out:prefix 1N7T_V83K_0007 -score:weights standard -score:patch score12 -score:ref_offsets HIS 1.2 -resfile /netapp/home/colin/backrub_seqtol/input_files/1N7T_V83K/1N7T_V83K_seqtol.resfile
core.init: 'RNG device' seed mode, using '/dev/urandom', seed=2015275453 seed_offset=0 real_seed=2015275453
core.init.random: RandomGenerator:init: Normal mode, seed=2015275453 RG_type=mt19937
core.pack.task: Packer task: initialize from command line() 
core.pack.task: Packer task: initialize from command line() 
core.scoring.ScoreFunctionFactory: SCOREFUNCTION: standard
core.scoring.ScoreFunctionFactory: SCOREFUNCTION PATCH: score12
core.scoring.etable: Starting energy table calculation
core.scoring.etable: smooth_etable: changing atr/rep split to bottom of energy well
core.scoring.etable: smooth_etable: spline smoothing lj etables (maxdis = 6)
core.scoring.etable: smooth_etable: spline smoothing solvation etables (max_dis = 6)
core.scoring.etable: Finished calculating energy tables.
core.io.database: Database file opened: /netapp/home/colin/rosetta/rosetta-3.2/rosetta_database/pdb_pair_stats_fine
core.io.database: Database file opened: /netapp/home/colin/rosetta/rosetta-3.2/rosetta_database/scoring/score_functions/hbonds/standard_params/HBPoly1D.csv
core.io.database: Database file opened: /netapp/home/colin/rosetta/rosetta-3.2/rosetta_database/scoring/score_functions/hbonds/standard_params/HBFadeIntervals.csv
core.io.database: Database file opened: /netapp/home/colin/rosetta/rosetta-3.2/rosetta_database/scoring/score_functions/hbonds/standard_params/HBEval.csv
core.io.database: Database file opened: /netapp/home/colin/rosetta/rosetta-3.2/rosetta_database/P_AA
core.io.database: Database file opened: /netapp/home/colin/rosetta/rosetta-3.2/rosetta_database/P_AA_n
core.io.database: Database file opened: /netapp/home/colin/rosetta/rosetta-3.2/rosetta_database/P_AA_pp
core.io.database: Database file opened: /netapp/home/colin/rosetta/rosetta-3.2/rosetta_database/Rama_smooth_dyn.dat_ss_6.4
core.scoring.dunbrack: Dunbrack library took 0.02 seconds to load from binary
app.sequence_tolerance: Residue Decomposition: [Set 1 (A): [1, 2, 3, 4, 5, 6, 7, 8, 9, 10, 11, 12, 13, 14, 15, 16, 17, 18, 19, 20, 21, 22, 23, 24, 25, 26, 27, 28, 29, 30, 31, 32, 33, 34, 35, 36, 37, 38, 39, 40, 41, 42, 43, 44, 45, 46, 47, 48, 49, 50, 51, 52, 53, 54, 55, 56, 57, 58, 59, 60, 61, 62, 63, 64, 65, 66, 67, 68, 69, 70, 71, 72, 73, 74, 75, 76, 77, 78, 79, 80, 81, 82, 83, 84, 85, 86, 87, 88, 89, 90, 91, 92, 93, 94, 95, 96, 97, 98, 99, 100, 101, 102, 103], Set 2 (B): [104, 105, 106, 107, 108, 109, 110]]
app.sequence_tolerance: Fitness Function Master Weights: [1, 1, 1, 2]
app.sequence_tolerance: Fitness of Starting Structure: 
---------------------------------------------------------------------
Score Type                  Other        A        B      A-B    Total
---------------------------------------------------------------------
fa_atr                      0.000 -271.393   -9.173  -47.137 -327.703
fa_rep                      0.000   42.012    1.387    5.359   48.758
fa_sol                      0.000  132.023    5.591   22.579  160.193
fa_intra_rep                0.000    0.896    0.135    0.000    1.032
pro_close                   0.000    1.896    0.000    0.000    1.896
fa_pair                     0.000   -6.711    0.000   -1.491   -8.202
hbond_sr_bb                -7.112    0.000    0.000    0.000   -7.112
hbond_lr_bb               -20.155    0.000    0.000    0.000  -20.155
hbond_bb_sc                 0.000   -3.008    0.000    0.000   -3.008
hbond_sc                    0.000   -2.188    0.000   -0.045   -2.233
dslf_ss_dst                 0.000    0.000    0.000    0.000    0.000
dslf_cs_ang                 0.000    0.000    0.000    0.000    0.000
dslf_ss_dih                 0.000    0.000    0.000    0.000    0.000
dslf_ca_dih                 0.000    0.000    0.000    0.000    0.000
rama                        0.000   13.930    3.745    0.000   17.675
omega                       0.000    0.160    0.033    0.000    0.193
fa_dun                      0.000   81.079    5.730    0.000   86.809
p_aa_pp                     0.000  -11.064    1.817    0.000   -9.247
ref                         0.000  -21.830    0.590    0.000  -21.240
---------------------------------------------------------------------
Total                     -27.267  -44.197    9.854  -20.735  -82.345

core.pack.interaction_graph.interaction_graph_factory: Instantiating PDInteractionGraph
core.pack.pack_rotamers: built 7362 rotamers at 33 positions.
core.pack.pack_rotamers: IG: 76495412 bytes
app.sequence_tolerance: There are 1 positive states and 0 negative states
protocols.multistate_design.MultiStatePacker: Best single-state design score:   -96.73
app.sequence_tolerance: Adding single-state design entities:
app.sequence_tolerance: AA:106:G AA:107:D AA:108:E AA:109:W AA:110:V 
app.sequence_tolerance: Generation 1:
app.sequence_tolerance: Distinct new entities: 1999
app.sequence_tolerance: Duplicate new entities: 1
app.sequence_tolerance: Entities from previous generation: 0
app.sequence_tolerance: Entities resurrected from earlier generations: 0
app.sequence_tolerance: Fitness Percentiles: 0%=-96.7261 25%=-75.6356 50%=-60.6538 75%=266.033 100%=2766.19
app.sequence_tolerance: Best new entity:
MultiStateEntity with traits: AA:106:G AA:107:D AA:108:E AA:109:W AA:110:V and fitness -96.726
 SingleState 1 with fitness: -96.7261
app.sequence_tolerance: Generation 2:
app.sequence_tolerance: Distinct new entities: 1931
app.sequence_tolerance: Duplicate new entities: 5
app.sequence_tolerance: Entities from previous generation: 64
app.sequence_tolerance: Entities resurrected from earlier generations: 0
app.sequence_tolerance: Fitness Percentiles: 0%=-96.7261 25%=-77.9512 50%=-73.0638 75%=-51.6654 100%=2415.98
app.sequence_tolerance: Best new entity:
MultiStateEntity with traits: AA:106:D AA:107:D AA:108:S AA:109:W AA:110:V and fitness -92.875
 SingleState 1 with fitness: -92.8747
app.sequence_tolerance: Generation 3:
app.sequence_tolerance: Distinct new entities: 1910
app.sequence_tolerance: Duplicate new entities: 2
app.sequence_tolerance: Entities from previous generation: 84
app.sequence_tolerance: Entities resurrected from earlier generations: 4
app.sequence_tolerance: Fitness Percentiles: 0%=-96.7261 25%=-79.5163 50%=-75.9151 75%=-64.1831 100%=2410.6
app.sequence_tolerance: Best new entity:
MultiStateEntity with traits: AA:106:R AA:107:D AA:108:E AA:109:W AA:110:V and fitness -94.663
 SingleState 1 with fitness: -94.6631
app.sequence_tolerance: Generation 4:
app.sequence_tolerance: Distinct new entities: 1917
app.sequence_tolerance: Duplicate new entities: 3
app.sequence_tolerance: Entities from previous generation: 70
app.sequence_tolerance: Entities resurrected from earlier generations: 10
app.sequence_tolerance: Fitness Percentiles: 0%=-96.7261 25%=-80.5624 50%=-77.1535 75%=-70.2653 100%=2408.71
app.sequence_tolerance: Best new entity:
MultiStateEntity with traits: AA:106:G AA:107:D AA:108:E AA:109:W AA:110:D and fitness -92.044
 SingleState 1 with fitness: -92.0435
app.sequence_tolerance: Generation 5:
app.sequence_tolerance: Distinct new entities: 1890
app.sequence_tolerance: Duplicate new entities: 5
app.sequence_tolerance: Entities from previous generation: 95
app.sequence_tolerance: Entities resurrected from earlier generations: 10
app.sequence_tolerance: Fitness Percentiles: 0%=-96.7261 25%=-81.3789 50%=-77.9066 75%=-72.3131 100%=2123.45
app.sequence_tolerance: Best new entity:
MultiStateEntity with traits: AA:106:K AA:107:D AA:108:E AA:109:W AA:110:V and fitness -94.318
 SingleState 1 with fitness: -94.3177
app.sequence_tolerance: Evaluated 9647 sequences out of 2476099 possible.
Best sequences:
