core.init: Mini-Rosetta version 40577 from https://svn.rosettacommons.org/source/branches/releases/rosetta-3.2/rosetta_source
core.init: command: /netapp/home/colin/rosetta/rosetta-3.2/rosetta_source/bin/backrub.linuxgccrelease -database /netapp/home/colin/rosetta/rosetta-3.2/rosetta_database -s /netapp/home/colin/backrub_seqtol/input_files/1N7T/1N7T_12.pdb -ignore_unrecognized_res -ex1 -ex2 -extrachi_cutoff 0 -out:prefix 1N7T_V83K_0012 -mute core.io.pdb.file_data -backrub:ntrials 10000 -score:weights standard -score:patch score12 -resfile /netapp/home/colin/backrub_seqtol/input_files/1N7T_V83K/1N7T_V83K_backrub.resfile -backrub:minimize_movemap /netapp/home/colin/backrub_seqtol/input_files/1N7T_V83K/1N7T_V83K_minimize.movemap
core.init: 'RNG device' seed mode, using '/dev/urandom', seed=1356545279 seed_offset=0 real_seed=1356545279
core.init.random: RandomGenerator:init: Normal mode, seed=1356545279 RG_type=mt19937
core.scoring.ScoreFunctionFactory: SCOREFUNCTION: standard
core.scoring.ScoreFunctionFactory: SCOREFUNCTION PATCH: score12
core.scoring.etable: Starting energy table calculation
core.scoring.etable: smooth_etable: changing atr/rep split to bottom of energy well
core.scoring.etable: smooth_etable: spline smoothing lj etables (maxdis = 6)
core.scoring.etable: smooth_etable: spline smoothing solvation etables (max_dis = 6)
core.scoring.etable: Finished calculating energy tables.
core.io.database: Database file opened: /netapp/home/colin/rosetta/rosetta-3.2/rosetta_database/pdb_pair_stats_fine
core.io.database: Database file opened: /netapp/home/colin/rosetta/rosetta-3.2/rosetta_database/scoring/score_functions/hbonds/standard_params/HBPoly1D.csv
core.io.database: Database file opened: /netapp/home/colin/rosetta/rosetta-3.2/rosetta_database/scoring/score_functions/hbonds/standard_params/HBFadeIntervals.csv
core.io.database: Database file opened: /netapp/home/colin/rosetta/rosetta-3.2/rosetta_database/scoring/score_functions/hbonds/standard_params/HBEval.csv
core.io.database: Database file opened: /netapp/home/colin/rosetta/rosetta-3.2/rosetta_database/P_AA
core.io.database: Database file opened: /netapp/home/colin/rosetta/rosetta-3.2/rosetta_database/P_AA_n
core.io.database: Database file opened: /netapp/home/colin/rosetta/rosetta-3.2/rosetta_database/P_AA_pp
core.io.database: Database file opened: /netapp/home/colin/rosetta/rosetta-3.2/rosetta_database/Rama_smooth_dyn.dat_ss_6.4
core.mm.MMBondAngleLibrary: MM bond angle sets added fully assigned: 474; wildcard: 0 and 1 virtual parameter.
core.io.database: Database file opened: /netapp/home/colin/rosetta/rosetta-3.2/rosetta_database/branch_angle/branch_angle_1.txt
core.io.database: Database file opened: /netapp/home/colin/rosetta/rosetta-3.2/rosetta_database/branch_angle/branch_angle_2.txt
core.scoring.dunbrack: Dunbrack library took 0.04 seconds to load from binary
apps.backrub: Processing /netapp/home/colin/backrub_seqtol/input_files/1N7T/1N7T_12.pdb...
core.pack.task: Packer task: initialize from command line() 
protocols.moves.BackrubMover: Segment lengths: 3-34 atoms
protocols.moves.BackrubMover: Main chain pivot atoms: CA
protocols.moves.BackrubMover: Adding backrub segments for residues 1-110
protocols.moves.BackrubMover: Total Segments Added: 960
apps.backrub: Score After PDB Load:
apps.backrub: ------------------------------------------------------------
 Scores                       Weight   Raw Score Wghtd.Score
------------------------------------------------------------
 fa_atr                       0.800    -408.085    -326.468
 fa_rep                       0.440     181.508      79.863
 fa_sol                       0.650     248.913     161.793
 fa_intra_rep                 0.004     227.979       0.912
 mm_bend                      1.000      86.042      86.042
 pro_close                    1.000       2.277       2.277
 fa_pair                      0.490     -13.144      -6.441
 hbond_sr_bb                  0.585     -13.195      -7.719
 hbond_lr_bb                  1.170     -18.758     -21.946
 hbond_bb_sc                  1.170      -2.403      -2.812
 hbond_sc                     1.100      -1.199      -1.319
 dslf_ss_dst                  0.500       0.000       0.000
 dslf_cs_ang                  2.000       0.000       0.000
 dslf_ss_dih                  5.000       0.000       0.000
 dslf_ca_dih                  5.000       0.000       0.000
 rama                         0.200     158.665      31.733
 omega                        0.500       0.509       0.255
 fa_dun                       0.560     456.566     255.677
 p_aa_pp                      0.320     -15.784      -5.051
 ref                          1.000     -23.900     -23.900
---------------------------------------------------
 Total weighted score:                      222.896
core.pack.task: Packer task: initialize from command line() 
apps.backrub: Score After Branch Angle Optimization/Side Chain Idealization:
apps.backrub: ------------------------------------------------------------
 Scores                       Weight   Raw Score Wghtd.Score
------------------------------------------------------------
 fa_atr                       0.800    -405.769    -324.615
 fa_rep                       0.440     224.374      98.725
 fa_sol                       0.650     245.693     159.701
 fa_intra_rep                 0.004     248.749       0.995
 mm_bend                      1.000      56.413      56.413
 pro_close                    1.000       2.277       2.277
 fa_pair                      0.490     -13.812      -6.768
 hbond_sr_bb                  0.585     -13.195      -7.719
 hbond_lr_bb                  1.170     -18.758     -21.946
 hbond_bb_sc                  1.170      -1.667      -1.951
 hbond_sc                     1.100      -0.787      -0.866
 dslf_ss_dst                  0.500       0.000       0.000
 dslf_cs_ang                  2.000       0.000       0.000
 dslf_ss_dih                  5.000       0.000       0.000
 dslf_ca_dih                  5.000       0.000       0.000
 rama                         0.200     158.665      31.733
 omega                        0.500       0.509       0.255
 fa_dun                       0.560     456.647     255.722
 p_aa_pp                      0.320     -15.784      -5.051
 ref                          1.000     -23.900     -23.900
---------------------------------------------------
 Total weighted score:                      213.004
core.pack.task: Packer task: initialize from command line() 
apps.backrub: Starting ResidueType not allowed in resfile at position(s): 83
apps.backrub: Forcing initial pack
core.pack.task: Packer task: initialize from command line() 
core.pack.interaction_graph.interaction_graph_factory: Instantiating PDInteractionGraph
core.pack.pack_rotamers: built 7656 rotamers at 110 positions.
core.pack.pack_rotamers: IG: 22542716 bytes
apps.backrub: Running 10000 trials...
protocols.moves.MonteCarlo:      br_CA_CA_04 trials=    718;  accepts= 0.4234;  energy_drop/trial=  -0.01886
protocols.moves.MonteCarlo:      br_CA_CA_07 trials=    698;  accepts= 0.3410;  energy_drop/trial=   0.01375
protocols.moves.MonteCarlo:      br_CA_CA_10 trials=    746;  accepts= 0.3217;  energy_drop/trial=  -0.00418
protocols.moves.MonteCarlo:      br_CA_CA_13 trials=    731;  accepts= 0.2627;  energy_drop/trial=  -0.00487
protocols.moves.MonteCarlo:      br_CA_CA_16 trials=    719;  accepts= 0.2350;  energy_drop/trial=  -0.00658
protocols.moves.MonteCarlo:      br_CA_CA_19 trials=    652;  accepts= 0.2377;  energy_drop/trial=  -0.00262
protocols.moves.MonteCarlo:      br_CA_CA_22 trials=    703;  accepts= 0.2376;  energy_drop/trial=  -0.00515
protocols.moves.MonteCarlo:      br_CA_CA_25 trials=    648;  accepts= 0.2083;  energy_drop/trial=  -0.00958
protocols.moves.MonteCarlo:      br_CA_CA_28 trials=    650;  accepts= 0.2092;  energy_drop/trial=  -0.01115
protocols.moves.MonteCarlo:      br_CA_CA_31 trials=    620;  accepts= 0.1677;  energy_drop/trial=   0.00058
protocols.moves.MonteCarlo:      br_CA_CA_34 trials=    598;  accepts= 0.1672;  energy_drop/trial=  -0.00377
protocols.moves.MonteCarlo:       sc_chi_rot trials=   2289;  accepts= 0.3438;  energy_drop/trial=   0.00534
protocols.moves.MonteCarlo:      sc_chi_unif trials=    228;  accepts= 0.0088;  energy_drop/trial=  -0.00425
apps.backrub: Last Score:
apps.backrub: ------------------------------------------------------------
 Scores                       Weight   Raw Score Wghtd.Score
------------------------------------------------------------
 fa_atr                       0.800    -363.120    -290.496
 fa_rep                       0.440     107.930      47.489
 fa_sol                       0.650     215.692     140.200
 fa_intra_rep                 0.004     225.382       0.902
 mm_bend                      1.000      43.285      43.285
 pro_close                    1.000       1.656       1.656
 fa_pair                      0.490      -9.903      -4.852
 hbond_sr_bb                  0.585     -12.534      -7.333
 hbond_lr_bb                  1.170     -23.207     -27.152
 hbond_bb_sc                  1.170      -2.046      -2.393
 hbond_sc                     1.100      -1.986      -2.184
 dslf_ss_dst                  0.500       0.000       0.000
 dslf_cs_ang                  2.000       0.000       0.000
 dslf_ss_dih                  5.000       0.000       0.000
 dslf_ca_dih                  5.000       0.000       0.000
 rama                         0.200      79.877      15.975
 omega                        0.500       0.569       0.284
 fa_dun                       0.560     160.401      89.825
 p_aa_pp                      0.320     -36.474     -11.672
 ref                          1.000     -24.840     -24.840
---------------------------------------------------
 Total weighted score:                      -31.305
apps.backrub: Low Score:
apps.backrub: ------------------------------------------------------------
 Scores                       Weight   Raw Score Wghtd.Score
------------------------------------------------------------
 fa_atr                       0.800    -359.108    -287.287
 fa_rep                       0.440     104.190      45.844
 fa_sol                       0.650     210.801     137.021
 fa_intra_rep                 0.004     229.098       0.916
 mm_bend                      1.000      44.188      44.188
 pro_close                    1.000       1.656       1.656
 fa_pair                      0.490      -9.994      -4.897
 hbond_sr_bb                  0.585     -13.924      -8.146
 hbond_lr_bb                  1.170     -22.458     -26.276
 hbond_bb_sc                  1.170      -1.653      -1.934
 hbond_sc                     1.100      -2.160      -2.376
 dslf_ss_dst                  0.500       0.000       0.000
 dslf_cs_ang                  2.000       0.000       0.000
 dslf_ss_dih                  5.000       0.000       0.000
 dslf_ca_dih                  5.000       0.000       0.000
 rama                         0.200      74.401      14.880
 omega                        0.500       0.569       0.284
 fa_dun                       0.560     156.786      87.800
 p_aa_pp                      0.320     -36.113     -11.556
 ref                          1.000     -24.840     -24.840
---------------------------------------------------
 Total weighted score:                      -34.722
