core.init: Mini-Rosetta version 40577 from https://svn.rosettacommons.org/source/branches/releases/rosetta-3.2/rosetta_source
core.init: command: /netapp/home/colin/rosetta/rosetta-3.2/rosetta_source/bin/backrub.linuxgccrelease -database /netapp/home/colin/rosetta/rosetta-3.2/rosetta_database -s /netapp/home/colin/backrub_seqtol/input_files/1N7T/1N7T_07.pdb -ignore_unrecognized_res -ex1 -ex2 -extrachi_cutoff 0 -out:prefix 1N7T_V83K_0007 -mute core.io.pdb.file_data -backrub:ntrials 10000 -score:weights standard -score:patch score12 -resfile /netapp/home/colin/backrub_seqtol/input_files/1N7T_V83K/1N7T_V83K_backrub.resfile -backrub:minimize_movemap /netapp/home/colin/backrub_seqtol/input_files/1N7T_V83K/1N7T_V83K_minimize.movemap
core.init: 'RNG device' seed mode, using '/dev/urandom', seed=-2049917982 seed_offset=0 real_seed=-2049917982
core.init.random: RandomGenerator:init: Normal mode, seed=-2049917982 RG_type=mt19937
core.scoring.ScoreFunctionFactory: SCOREFUNCTION: standard
core.scoring.ScoreFunctionFactory: SCOREFUNCTION PATCH: score12
core.scoring.etable: Starting energy table calculation
core.scoring.etable: smooth_etable: changing atr/rep split to bottom of energy well
core.scoring.etable: smooth_etable: spline smoothing lj etables (maxdis = 6)
core.scoring.etable: smooth_etable: spline smoothing solvation etables (max_dis = 6)
core.scoring.etable: Finished calculating energy tables.
core.io.database: Database file opened: /netapp/home/colin/rosetta/rosetta-3.2/rosetta_database/pdb_pair_stats_fine
core.io.database: Database file opened: /netapp/home/colin/rosetta/rosetta-3.2/rosetta_database/scoring/score_functions/hbonds/standard_params/HBPoly1D.csv
core.io.database: Database file opened: /netapp/home/colin/rosetta/rosetta-3.2/rosetta_database/scoring/score_functions/hbonds/standard_params/HBFadeIntervals.csv
core.io.database: Database file opened: /netapp/home/colin/rosetta/rosetta-3.2/rosetta_database/scoring/score_functions/hbonds/standard_params/HBEval.csv
core.io.database: Database file opened: /netapp/home/colin/rosetta/rosetta-3.2/rosetta_database/P_AA
core.io.database: Database file opened: /netapp/home/colin/rosetta/rosetta-3.2/rosetta_database/P_AA_n
core.io.database: Database file opened: /netapp/home/colin/rosetta/rosetta-3.2/rosetta_database/P_AA_pp
core.io.database: Database file opened: /netapp/home/colin/rosetta/rosetta-3.2/rosetta_database/Rama_smooth_dyn.dat_ss_6.4
core.mm.MMBondAngleLibrary: MM bond angle sets added fully assigned: 474; wildcard: 0 and 1 virtual parameter.
core.io.database: Database file opened: /netapp/home/colin/rosetta/rosetta-3.2/rosetta_database/branch_angle/branch_angle_1.txt
core.io.database: Database file opened: /netapp/home/colin/rosetta/rosetta-3.2/rosetta_database/branch_angle/branch_angle_2.txt
core.scoring.dunbrack: Dunbrack library took 0.02 seconds to load from binary
apps.backrub: Processing /netapp/home/colin/backrub_seqtol/input_files/1N7T/1N7T_07.pdb...
core.pack.task: Packer task: initialize from command line() 
protocols.moves.BackrubMover: Segment lengths: 3-34 atoms
protocols.moves.BackrubMover: Main chain pivot atoms: CA
protocols.moves.BackrubMover: Adding backrub segments for residues 1-110
protocols.moves.BackrubMover: Total Segments Added: 960
apps.backrub: Score After PDB Load:
apps.backrub: ------------------------------------------------------------
 Scores                       Weight   Raw Score Wghtd.Score
------------------------------------------------------------
 fa_atr                       0.800    -404.004    -323.203
 fa_rep                       0.440     206.906      91.039
 fa_sol                       0.650     244.477     158.910
 fa_intra_rep                 0.004     223.077       0.892
 mm_bend                      1.000      84.951      84.951
 pro_close                    1.000       2.097       2.097
 fa_pair                      0.490     -15.468      -7.580
 hbond_sr_bb                  0.585     -13.331      -7.799
 hbond_lr_bb                  1.170     -16.591     -19.411
 hbond_bb_sc                  1.170      -2.179      -2.550
 hbond_sc                     1.100      -0.645      -0.710
 dslf_ss_dst                  0.500       0.000       0.000
 dslf_cs_ang                  2.000       0.000       0.000
 dslf_ss_dih                  5.000       0.000       0.000
 dslf_ca_dih                  5.000       0.000       0.000
 rama                         0.200     156.347      31.269
 omega                        0.500       0.382       0.191
 fa_dun                       0.560     536.981     300.710
 p_aa_pp                      0.320     -16.237      -5.196
 ref                          1.000     -23.900     -23.900
---------------------------------------------------
 Total weighted score:                      279.711
core.pack.task: Packer task: initialize from command line() 
apps.backrub: Score After Branch Angle Optimization/Side Chain Idealization:
apps.backrub: ------------------------------------------------------------
 Scores                       Weight   Raw Score Wghtd.Score
------------------------------------------------------------
 fa_atr                       0.800    -404.811    -323.849
 fa_rep                       0.440     271.307     119.375
 fa_sol                       0.650     244.506     158.929
 fa_intra_rep                 0.004     253.406       1.014
 mm_bend                      1.000      55.056      55.056
 pro_close                    1.000       2.097       2.097
 fa_pair                      0.490     -15.285      -7.490
 hbond_sr_bb                  0.585     -13.331      -7.799
 hbond_lr_bb                  1.170     -16.591     -19.411
 hbond_bb_sc                  1.170      -1.738      -2.034
 hbond_sc                     1.100      -0.917      -1.008
 dslf_ss_dst                  0.500       0.000       0.000
 dslf_cs_ang                  2.000       0.000       0.000
 dslf_ss_dih                  5.000       0.000       0.000
 dslf_ca_dih                  5.000       0.000       0.000
 rama                         0.200     156.347      31.269
 omega                        0.500       0.382       0.191
 fa_dun                       0.560     536.665     300.533
 p_aa_pp                      0.320     -16.237      -5.196
 ref                          1.000     -23.900     -23.900
---------------------------------------------------
 Total weighted score:                      277.776
core.pack.task: Packer task: initialize from command line() 
apps.backrub: Starting ResidueType not allowed in resfile at position(s): 83
apps.backrub: Forcing initial pack
core.pack.task: Packer task: initialize from command line() 
core.pack.interaction_graph.interaction_graph_factory: Instantiating PDInteractionGraph
core.pack.pack_rotamers: built 7434 rotamers at 110 positions.
core.pack.pack_rotamers: IG: 21114540 bytes
apps.backrub: Running 10000 trials...
protocols.moves.MonteCarlo:      br_CA_CA_04 trials=    776;  accepts= 0.3930;  energy_drop/trial=  -0.03089
protocols.moves.MonteCarlo:      br_CA_CA_07 trials=    747;  accepts= 0.3159;  energy_drop/trial=   0.00236
protocols.moves.MonteCarlo:      br_CA_CA_10 trials=    731;  accepts= 0.3187;  energy_drop/trial=   0.00302
protocols.moves.MonteCarlo:      br_CA_CA_13 trials=    711;  accepts= 0.2686;  energy_drop/trial=  -0.00912
protocols.moves.MonteCarlo:      br_CA_CA_16 trials=    712;  accepts= 0.2472;  energy_drop/trial=  -0.00357
protocols.moves.MonteCarlo:      br_CA_CA_19 trials=    707;  accepts= 0.2433;  energy_drop/trial=  -0.00575
protocols.moves.MonteCarlo:      br_CA_CA_22 trials=    601;  accepts= 0.1963;  energy_drop/trial=  -0.00977
protocols.moves.MonteCarlo:      br_CA_CA_25 trials=    598;  accepts= 0.1957;  energy_drop/trial=   0.00830
protocols.moves.MonteCarlo:      br_CA_CA_28 trials=    654;  accepts= 0.2202;  energy_drop/trial=  -0.00002
protocols.moves.MonteCarlo:      br_CA_CA_31 trials=    601;  accepts= 0.1980;  energy_drop/trial=  -0.00230
protocols.moves.MonteCarlo:      br_CA_CA_34 trials=    631;  accepts= 0.1886;  energy_drop/trial=   0.00860
protocols.moves.MonteCarlo:       sc_chi_rot trials=   2296;  accepts= 0.3332;  energy_drop/trial=   0.00858
protocols.moves.MonteCarlo:      sc_chi_unif trials=    235;  accepts= 0.0255;  energy_drop/trial=   0.00376
apps.backrub: Last Score:
apps.backrub: ------------------------------------------------------------
 Scores                       Weight   Raw Score Wghtd.Score
------------------------------------------------------------
 fa_atr                       0.800    -378.095    -302.476
 fa_rep                       0.440     120.200      52.888
 fa_sol                       0.650     223.433     145.232
 fa_intra_rep                 0.004     257.749       1.031
 mm_bend                      1.000      49.182      49.182
 pro_close                    1.000       1.951       1.951
 fa_pair                      0.490     -16.765      -8.215
 hbond_sr_bb                  0.585     -12.399      -7.254
 hbond_lr_bb                  1.170     -20.237     -23.677
 hbond_bb_sc                  1.170      -2.546      -2.979
 hbond_sc                     1.100      -1.115      -1.227
 dslf_ss_dst                  0.500       0.000       0.000
 dslf_cs_ang                  2.000       0.000       0.000
 dslf_ss_dih                  5.000       0.000       0.000
 dslf_ca_dih                  5.000       0.000       0.000
 rama                         0.200      89.014      17.803
 omega                        0.500       0.381       0.191
 fa_dun                       0.560     162.126      90.791
 p_aa_pp                      0.320     -30.397      -9.727
 ref                          1.000     -24.840     -24.840
---------------------------------------------------
 Total weighted score:                      -21.325
apps.backrub: Low Score:
apps.backrub: ------------------------------------------------------------
 Scores                       Weight   Raw Score Wghtd.Score
------------------------------------------------------------
 fa_atr                       0.800    -380.171    -304.136
 fa_rep                       0.440     104.778      46.102
 fa_sol                       0.650     229.083     148.904
 fa_intra_rep                 0.004     257.887       1.032
 mm_bend                      1.000      46.283      46.283
 pro_close                    1.000       1.951       1.951
 fa_pair                      0.490     -15.218      -7.457
 hbond_sr_bb                  0.585     -12.161      -7.114
 hbond_lr_bb                  1.170     -17.231     -20.161
 hbond_bb_sc                  1.170      -2.572      -3.009
 hbond_sc                     1.100      -2.012      -2.213
 dslf_ss_dst                  0.500       0.000       0.000
 dslf_cs_ang                  2.000       0.000       0.000
 dslf_ss_dih                  5.000       0.000       0.000
 dslf_ca_dih                  5.000       0.000       0.000
 rama                         0.200      88.334      17.667
 omega                        0.500       0.381       0.191
 fa_dun                       0.560     154.939      86.766
 p_aa_pp                      0.320     -28.920      -9.254
 ref                          1.000     -24.840     -24.840
---------------------------------------------------
 Total weighted score:                      -29.289
