core.init: Mini-Rosetta version 40577 from https://svn.rosettacommons.org/source/branches/releases/rosetta-3.2/rosetta_source
core.init: command: /netapp/home/colin/rosetta/rosetta-3.2/rosetta_source/bin/sequence_tolerance.linuxgccrelease -database /netapp/home/colin/rosetta/rosetta-3.2/rosetta_database -s 1N7T_V83K_0012_low.pdb -ex1 -ex2 -extrachi_cutoff 0 -seq_tol:fitness_master_weights 1 1 1 2 -ms:generations 5 -ms:pop_size 2000 -ms:pop_from_ss 1 -ms:checkpoint:prefix 1N7T_V83K_0012 -ms:checkpoint:interval 200 -ms:checkpoint:gz -ms:numresults 0 -out:prefix 1N7T_V83K_0012 -score:weights standard -score:patch score12 -score:ref_offsets HIS 1.2 -resfile /netapp/home/colin/backrub_seqtol/input_files/1N7T_V83K/1N7T_V83K_seqtol.resfile
core.init: 'RNG device' seed mode, using '/dev/urandom', seed=-777669061 seed_offset=0 real_seed=-777669061
core.init.random: RandomGenerator:init: Normal mode, seed=-777669061 RG_type=mt19937
core.pack.task: Packer task: initialize from command line() 
core.pack.task: Packer task: initialize from command line() 
core.scoring.ScoreFunctionFactory: SCOREFUNCTION: standard
core.scoring.ScoreFunctionFactory: SCOREFUNCTION PATCH: score12
core.scoring.etable: Starting energy table calculation
core.scoring.etable: smooth_etable: changing atr/rep split to bottom of energy well
core.scoring.etable: smooth_etable: spline smoothing lj etables (maxdis = 6)
core.scoring.etable: smooth_etable: spline smoothing solvation etables (max_dis = 6)
core.scoring.etable: Finished calculating energy tables.
core.io.database: Database file opened: /netapp/home/colin/rosetta/rosetta-3.2/rosetta_database/pdb_pair_stats_fine
core.io.database: Database file opened: /netapp/home/colin/rosetta/rosetta-3.2/rosetta_database/scoring/score_functions/hbonds/standard_params/HBPoly1D.csv
core.io.database: Database file opened: /netapp/home/colin/rosetta/rosetta-3.2/rosetta_database/scoring/score_functions/hbonds/standard_params/HBFadeIntervals.csv
core.io.database: Database file opened: /netapp/home/colin/rosetta/rosetta-3.2/rosetta_database/scoring/score_functions/hbonds/standard_params/HBEval.csv
core.io.database: Database file opened: /netapp/home/colin/rosetta/rosetta-3.2/rosetta_database/P_AA
core.io.database: Database file opened: /netapp/home/colin/rosetta/rosetta-3.2/rosetta_database/P_AA_n
core.io.database: Database file opened: /netapp/home/colin/rosetta/rosetta-3.2/rosetta_database/P_AA_pp
core.io.database: Database file opened: /netapp/home/colin/rosetta/rosetta-3.2/rosetta_database/Rama_smooth_dyn.dat_ss_6.4
core.scoring.dunbrack: Dunbrack library took 0.03 seconds to load from binary
app.sequence_tolerance: Residue Decomposition: [Set 1 (A): [1, 2, 3, 4, 5, 6, 7, 8, 9, 10, 11, 12, 13, 14, 15, 16, 17, 18, 19, 20, 21, 22, 23, 24, 25, 26, 27, 28, 29, 30, 31, 32, 33, 34, 35, 36, 37, 38, 39, 40, 41, 42, 43, 44, 45, 46, 47, 48, 49, 50, 51, 52, 53, 54, 55, 56, 57, 58, 59, 60, 61, 62, 63, 64, 65, 66, 67, 68, 69, 70, 71, 72, 73, 74, 75, 76, 77, 78, 79, 80, 81, 82, 83, 84, 85, 86, 87, 88, 89, 90, 91, 92, 93, 94, 95, 96, 97, 98, 99, 100, 101, 102, 103], Set 2 (B): [104, 105, 106, 107, 108, 109, 110]]
app.sequence_tolerance: Fitness Function Master Weights: [1, 1, 1, 2]
app.sequence_tolerance: Fitness of Starting Structure: 
---------------------------------------------------------------------
Score Type                  Other        A        B      A-B    Total
---------------------------------------------------------------------
fa_atr                      0.000 -255.950   -7.675  -47.330 -310.955
fa_rep                      0.000   42.846    0.397    5.249   48.492
fa_sol                      0.000  117.864    3.887   30.539  152.290
fa_intra_rep                0.000    0.831    0.086    0.000    0.916
pro_close                   0.000    1.598    0.000    0.000    1.598
fa_pair                     0.000   -4.418    0.004   -0.969   -5.382
hbond_sr_bb                -8.146    0.000    0.000    0.000   -8.146
hbond_lr_bb               -26.283    0.000    0.000    0.000  -26.283
hbond_bb_sc                 0.000   -1.566    0.000   -0.738   -2.304
hbond_sc                    0.000   -0.446    0.000   -3.861   -4.307
dslf_ss_dst                 0.000    0.000    0.000    0.000    0.000
dslf_cs_ang                 0.000    0.000    0.000    0.000    0.000
dslf_ss_dih                 0.000    0.000    0.000    0.000    0.000
dslf_ca_dih                 0.000    0.000    0.000    0.000    0.000
rama                        0.000   11.719    3.162    0.000   14.881
omega                       0.000    0.253    0.033    0.000    0.286
fa_dun                      0.000   82.323    5.513    0.000   87.836
p_aa_pp                     0.000  -11.311   -0.245    0.000  -11.556
ref                         0.000  -21.830    0.590    0.000  -21.240
---------------------------------------------------------------------
Total                     -34.429  -38.086    5.753  -17.111  -83.872

core.pack.interaction_graph.interaction_graph_factory: Instantiating PDInteractionGraph
core.pack.pack_rotamers: built 8610 rotamers at 33 positions.
core.pack.pack_rotamers: IG: 97365812 bytes
app.sequence_tolerance: There are 1 positive states and 0 negative states
protocols.multistate_design.MultiStatePacker: Best single-state design score:   -94.50
app.sequence_tolerance: Adding single-state design entities:
app.sequence_tolerance: AA:106:Y AA:107:D AA:108:D AA:109:T AA:110:V 
app.sequence_tolerance: Generation 1:
app.sequence_tolerance: Distinct new entities: 1997
app.sequence_tolerance: Duplicate new entities: 3
app.sequence_tolerance: Entities from previous generation: 0
app.sequence_tolerance: Entities resurrected from earlier generations: 0
app.sequence_tolerance: Fitness Percentiles: 0%=-94.492 25%=-82.341 50%=-74.8302 75%=44.7026 100%=388.249
app.sequence_tolerance: Best new entity:
MultiStateEntity with traits: AA:106:Y AA:107:D AA:108:D AA:109:T AA:110:V and fitness -94.492
 SingleState 1 with fitness: -94.492
app.sequence_tolerance: Generation 2:
app.sequence_tolerance: Distinct new entities: 1931
app.sequence_tolerance: Duplicate new entities: 1
app.sequence_tolerance: Entities from previous generation: 68
app.sequence_tolerance: Entities resurrected from earlier generations: 0
app.sequence_tolerance: Fitness Percentiles: 0%=-94.492 25%=-84.1135 50%=-80.6067 75%=-62.344 100%=360.481
app.sequence_tolerance: Best new entity:
MultiStateEntity with traits: AA:106:Y AA:107:F AA:108:E AA:109:T AA:110:V and fitness -93.542
 SingleState 1 with fitness: -93.5423
app.sequence_tolerance: Generation 3:
app.sequence_tolerance: Distinct new entities: 1909
app.sequence_tolerance: Duplicate new entities: 2
app.sequence_tolerance: Entities from previous generation: 86
app.sequence_tolerance: Entities resurrected from earlier generations: 3
app.sequence_tolerance: Fitness Percentiles: 0%=-94.492 25%=-85.4208 50%=-82.476 75%=-77.7925 100%=346.136
app.sequence_tolerance: Best new entity:
MultiStateEntity with traits: AA:106:W AA:107:F AA:108:E AA:109:K AA:110:V and fitness -93.890
 SingleState 1 with fitness: -93.8903
app.sequence_tolerance: Generation 4:
app.sequence_tolerance: Distinct new entities: 1905
app.sequence_tolerance: Duplicate new entities: 6
app.sequence_tolerance: Entities from previous generation: 82
app.sequence_tolerance: Entities resurrected from earlier generations: 7
app.sequence_tolerance: Fitness Percentiles: 0%=-94.8738 25%=-86.2466 50%=-83.4506 75%=-79.8515 100%=343.445
app.sequence_tolerance: Best new entity:
MultiStateEntity with traits: AA:106:Y AA:107:D AA:108:E AA:109:T AA:110:V and fitness -94.874
 SingleState 1 with fitness: -94.8738
app.sequence_tolerance: Generation 5:
app.sequence_tolerance: Distinct new entities: 1904
app.sequence_tolerance: Duplicate new entities: 2
app.sequence_tolerance: Entities from previous generation: 85
app.sequence_tolerance: Entities resurrected from earlier generations: 9
app.sequence_tolerance: Fitness Percentiles: 0%=-94.8738 25%=-86.9237 50%=-84.0734 75%=-80.6267 100%=280.466
app.sequence_tolerance: Best new entity:
MultiStateEntity with traits: AA:106:Y AA:107:D AA:108:E AA:109:R AA:110:K and fitness -94.089
 SingleState 1 with fitness: -94.0894
app.sequence_tolerance: Evaluated 9646 sequences out of 2476099 possible.
Best sequences:
