core.init: Mini-Rosetta version 40577 from https://svn.rosettacommons.org/source/branches/releases/rosetta-3.2/rosetta_source
core.init: command: /netapp/home/colin/rosetta/rosetta-3.2/rosetta_source/bin/sequence_tolerance.linuxgccrelease -database /netapp/home/colin/rosetta/rosetta-3.2/rosetta_database -s 1N7T_V83K_0019_low.pdb -ex1 -ex2 -extrachi_cutoff 0 -seq_tol:fitness_master_weights 1 1 1 2 -ms:generations 5 -ms:pop_size 2000 -ms:pop_from_ss 1 -ms:checkpoint:prefix 1N7T_V83K_0019 -ms:checkpoint:interval 200 -ms:checkpoint:gz -ms:numresults 0 -out:prefix 1N7T_V83K_0019 -score:weights standard -score:patch score12 -score:ref_offsets HIS 1.2 -resfile /netapp/home/colin/backrub_seqtol/input_files/1N7T_V83K/1N7T_V83K_seqtol.resfile
core.init: 'RNG device' seed mode, using '/dev/urandom', seed=-1132566335 seed_offset=0 real_seed=-1132566335
core.init.random: RandomGenerator:init: Normal mode, seed=-1132566335 RG_type=mt19937
core.pack.task: Packer task: initialize from command line() 
core.pack.task: Packer task: initialize from command line() 
core.scoring.ScoreFunctionFactory: SCOREFUNCTION: standard
core.scoring.ScoreFunctionFactory: SCOREFUNCTION PATCH: score12
core.scoring.etable: Starting energy table calculation
core.scoring.etable: smooth_etable: changing atr/rep split to bottom of energy well
core.scoring.etable: smooth_etable: spline smoothing lj etables (maxdis = 6)
core.scoring.etable: smooth_etable: spline smoothing solvation etables (max_dis = 6)
core.scoring.etable: Finished calculating energy tables.
core.io.database: Database file opened: /netapp/home/colin/rosetta/rosetta-3.2/rosetta_database/pdb_pair_stats_fine
core.io.database: Database file opened: /netapp/home/colin/rosetta/rosetta-3.2/rosetta_database/scoring/score_functions/hbonds/standard_params/HBPoly1D.csv
core.io.database: Database file opened: /netapp/home/colin/rosetta/rosetta-3.2/rosetta_database/scoring/score_functions/hbonds/standard_params/HBFadeIntervals.csv
core.io.database: Database file opened: /netapp/home/colin/rosetta/rosetta-3.2/rosetta_database/scoring/score_functions/hbonds/standard_params/HBEval.csv
core.io.database: Database file opened: /netapp/home/colin/rosetta/rosetta-3.2/rosetta_database/P_AA
core.io.database: Database file opened: /netapp/home/colin/rosetta/rosetta-3.2/rosetta_database/P_AA_n
core.io.database: Database file opened: /netapp/home/colin/rosetta/rosetta-3.2/rosetta_database/P_AA_pp
core.io.database: Database file opened: /netapp/home/colin/rosetta/rosetta-3.2/rosetta_database/Rama_smooth_dyn.dat_ss_6.4
core.scoring.dunbrack: Dunbrack library took 0.04 seconds to load from binary
app.sequence_tolerance: Residue Decomposition: [Set 1 (A): [1, 2, 3, 4, 5, 6, 7, 8, 9, 10, 11, 12, 13, 14, 15, 16, 17, 18, 19, 20, 21, 22, 23, 24, 25, 26, 27, 28, 29, 30, 31, 32, 33, 34, 35, 36, 37, 38, 39, 40, 41, 42, 43, 44, 45, 46, 47, 48, 49, 50, 51, 52, 53, 54, 55, 56, 57, 58, 59, 60, 61, 62, 63, 64, 65, 66, 67, 68, 69, 70, 71, 72, 73, 74, 75, 76, 77, 78, 79, 80, 81, 82, 83, 84, 85, 86, 87, 88, 89, 90, 91, 92, 93, 94, 95, 96, 97, 98, 99, 100, 101, 102, 103], Set 2 (B): [104, 105, 106, 107, 108, 109, 110]]
app.sequence_tolerance: Fitness Function Master Weights: [1, 1, 1, 2]
app.sequence_tolerance: Fitness of Starting Structure: 
---------------------------------------------------------------------
Score Type                  Other        A        B      A-B    Total
---------------------------------------------------------------------
fa_atr                      0.000 -253.748   -6.983  -54.837 -315.568
fa_rep                      0.000   47.943    0.410    9.460   57.812
fa_sol                      0.000  117.886    5.094   24.399  147.380
fa_intra_rep                0.000    0.950    0.105    0.000    1.055
pro_close                   0.000    1.848    0.000    0.000    1.848
fa_pair                     0.000   -5.161   -0.140   -1.869   -7.169
hbond_sr_bb                -5.586    0.000    0.000    0.000   -5.586
hbond_lr_bb               -22.455    0.000    0.000    0.000  -22.455
hbond_bb_sc                 0.000   -4.221    0.000    0.000   -4.221
hbond_sc                    0.000    0.000   -0.087   -1.228   -1.315
dslf_ss_dst                 0.000    0.000    0.000    0.000    0.000
dslf_cs_ang                 0.000    0.000    0.000    0.000    0.000
dslf_ss_dih                 0.000    0.000    0.000    0.000    0.000
dslf_ca_dih                 0.000    0.000    0.000    0.000    0.000
rama                        0.000   17.418    2.262    0.000   19.680
omega                       0.000    0.301    0.612    0.000    0.913
fa_dun                      0.000   83.711    5.002    0.000   88.714
p_aa_pp                     0.000  -10.767   -0.818    0.000  -11.584
ref                         0.000  -21.830    0.590    0.000  -21.240
---------------------------------------------------------------------
Total                     -28.041  -25.670    6.048  -24.073  -71.737

core.pack.interaction_graph.interaction_graph_factory: Instantiating PDInteractionGraph
core.pack.pack_rotamers: built 8106 rotamers at 33 positions.
core.pack.pack_rotamers: IG: 89389388 bytes
app.sequence_tolerance: There are 1 positive states and 0 negative states
protocols.multistate_design.MultiStatePacker: Best single-state design score:   -71.63
app.sequence_tolerance: Adding single-state design entities:
app.sequence_tolerance: AA:106:W AA:107:E AA:108:E AA:109:W AA:110:V 
app.sequence_tolerance: Generation 1:
app.sequence_tolerance: Distinct new entities: 2000
app.sequence_tolerance: Duplicate new entities: 0
app.sequence_tolerance: Entities from previous generation: 0
app.sequence_tolerance: Entities resurrected from earlier generations: 0
app.sequence_tolerance: Fitness Percentiles: 0%=-71.407 25%=-52.0463 50%=-35.6621 75%=27.555 100%=1260.73
app.sequence_tolerance: Best new entity:
MultiStateEntity with traits: AA:106:W AA:107:E AA:108:E AA:109:W AA:110:V and fitness -71.407
 SingleState 1 with fitness: -71.407
app.sequence_tolerance: Generation 2:
app.sequence_tolerance: Distinct new entities: 1920
app.sequence_tolerance: Duplicate new entities: 6
app.sequence_tolerance: Entities from previous generation: 74
app.sequence_tolerance: Entities resurrected from earlier generations: 0
app.sequence_tolerance: Fitness Percentiles: 0%=-71.407 25%=-54.8791 50%=-49.0257 75%=-26.5913 100%=886.568
app.sequence_tolerance: Best new entity:
MultiStateEntity with traits: AA:106:W AA:107:E AA:108:K AA:109:W AA:110:V and fitness -69.016
 SingleState 1 with fitness: -69.0159
app.sequence_tolerance: Generation 3:
app.sequence_tolerance: Distinct new entities: 1912
app.sequence_tolerance: Duplicate new entities: 5
app.sequence_tolerance: Entities from previous generation: 79
app.sequence_tolerance: Entities resurrected from earlier generations: 4
app.sequence_tolerance: Fitness Percentiles: 0%=-71.407 25%=-56.3808 50%=-52.1645 75%=-41.961 100%=862.722
app.sequence_tolerance: Best new entity:
MultiStateEntity with traits: AA:106:W AA:107:E AA:108:E AA:109:W AA:110:T and fitness -69.879
 SingleState 1 with fitness: -69.8791
app.sequence_tolerance: Generation 4:
app.sequence_tolerance: Distinct new entities: 1912
app.sequence_tolerance: Duplicate new entities: 0
app.sequence_tolerance: Entities from previous generation: 82
app.sequence_tolerance: Entities resurrected from earlier generations: 6
app.sequence_tolerance: Fitness Percentiles: 0%=-71.407 25%=-57.4885 50%=-54.1482 75%=-46.7805 100%=1243.03
app.sequence_tolerance: Best new entity:
MultiStateEntity with traits: AA:106:W AA:107:E AA:108:T AA:109:W AA:110:V and fitness -69.752
 SingleState 1 with fitness: -69.7522
app.sequence_tolerance: Generation 5:
app.sequence_tolerance: Distinct new entities: 1907
app.sequence_tolerance: Duplicate new entities: 6
app.sequence_tolerance: Entities from previous generation: 81
app.sequence_tolerance: Entities resurrected from earlier generations: 6
app.sequence_tolerance: Fitness Percentiles: 0%=-71.407 25%=-58.2609 50%=-55.13 75%=-49.0554 100%=1175.61
app.sequence_tolerance: Best new entity:
MultiStateEntity with traits: AA:106:W AA:107:G AA:108:E AA:109:W AA:110:V and fitness -68.465
 SingleState 1 with fitness: -68.4655
app.sequence_tolerance: Evaluated 9651 sequences out of 2476099 possible.
Best sequences:
