core.init: Mini-Rosetta version 40577 from https://svn.rosettacommons.org/source/branches/releases/rosetta-3.2/rosetta_source
core.init: command: /netapp/home/colin/rosetta/rosetta-3.2/rosetta_source/bin/backrub.linuxgccrelease -database /netapp/home/colin/rosetta/rosetta-3.2/rosetta_database -s /netapp/home/colin/backrub_seqtol/input_files/1N7T/1N7T_03.pdb -ignore_unrecognized_res -ex1 -ex2 -extrachi_cutoff 0 -out:prefix 1N7T_V83K_0003 -mute core.io.pdb.file_data -backrub:ntrials 10000 -score:weights standard -score:patch score12 -resfile /netapp/home/colin/backrub_seqtol/input_files/1N7T_V83K/1N7T_V83K_backrub.resfile -backrub:minimize_movemap /netapp/home/colin/backrub_seqtol/input_files/1N7T_V83K/1N7T_V83K_minimize.movemap
core.init: 'RNG device' seed mode, using '/dev/urandom', seed=1594752363 seed_offset=0 real_seed=1594752363
core.init.random: RandomGenerator:init: Normal mode, seed=1594752363 RG_type=mt19937
core.scoring.ScoreFunctionFactory: SCOREFUNCTION: standard
core.scoring.ScoreFunctionFactory: SCOREFUNCTION PATCH: score12
core.scoring.etable: Starting energy table calculation
core.scoring.etable: smooth_etable: changing atr/rep split to bottom of energy well
core.scoring.etable: smooth_etable: spline smoothing lj etables (maxdis = 6)
core.scoring.etable: smooth_etable: spline smoothing solvation etables (max_dis = 6)
core.scoring.etable: Finished calculating energy tables.
core.io.database: Database file opened: /netapp/home/colin/rosetta/rosetta-3.2/rosetta_database/pdb_pair_stats_fine
core.io.database: Database file opened: /netapp/home/colin/rosetta/rosetta-3.2/rosetta_database/scoring/score_functions/hbonds/standard_params/HBPoly1D.csv
core.io.database: Database file opened: /netapp/home/colin/rosetta/rosetta-3.2/rosetta_database/scoring/score_functions/hbonds/standard_params/HBFadeIntervals.csv
core.io.database: Database file opened: /netapp/home/colin/rosetta/rosetta-3.2/rosetta_database/scoring/score_functions/hbonds/standard_params/HBEval.csv
core.io.database: Database file opened: /netapp/home/colin/rosetta/rosetta-3.2/rosetta_database/P_AA
core.io.database: Database file opened: /netapp/home/colin/rosetta/rosetta-3.2/rosetta_database/P_AA_n
core.io.database: Database file opened: /netapp/home/colin/rosetta/rosetta-3.2/rosetta_database/P_AA_pp
core.io.database: Database file opened: /netapp/home/colin/rosetta/rosetta-3.2/rosetta_database/Rama_smooth_dyn.dat_ss_6.4
core.mm.MMBondAngleLibrary: MM bond angle sets added fully assigned: 474; wildcard: 0 and 1 virtual parameter.
core.io.database: Database file opened: /netapp/home/colin/rosetta/rosetta-3.2/rosetta_database/branch_angle/branch_angle_1.txt
core.io.database: Database file opened: /netapp/home/colin/rosetta/rosetta-3.2/rosetta_database/branch_angle/branch_angle_2.txt
core.scoring.dunbrack: Dunbrack library took 0.02 seconds to load from binary
apps.backrub: Processing /netapp/home/colin/backrub_seqtol/input_files/1N7T/1N7T_03.pdb...
core.pack.task: Packer task: initialize from command line() 
protocols.moves.BackrubMover: Segment lengths: 3-34 atoms
protocols.moves.BackrubMover: Main chain pivot atoms: CA
protocols.moves.BackrubMover: Adding backrub segments for residues 1-110
protocols.moves.BackrubMover: Total Segments Added: 960
apps.backrub: Score After PDB Load:
apps.backrub: ------------------------------------------------------------
 Scores                       Weight   Raw Score Wghtd.Score
------------------------------------------------------------
 fa_atr                       0.800    -395.224    -316.179
 fa_rep                       0.440     194.560      85.606
 fa_sol                       0.650     239.540     155.701
 fa_intra_rep                 0.004     218.891       0.876
 mm_bend                      1.000      87.359      87.359
 pro_close                    1.000       1.840       1.840
 fa_pair                      0.490     -13.279      -6.507
 hbond_sr_bb                  0.585     -13.418      -7.849
 hbond_lr_bb                  1.170     -20.105     -23.523
 hbond_bb_sc                  1.170      -2.534      -2.964
 hbond_sc                     1.100      -0.828      -0.911
 dslf_ss_dst                  0.500       0.000       0.000
 dslf_cs_ang                  2.000       0.000       0.000
 dslf_ss_dih                  5.000       0.000       0.000
 dslf_ca_dih                  5.000       0.000       0.000
 rama                         0.200     126.100      25.220
 omega                        0.500       0.543       0.271
 fa_dun                       0.560     495.695     277.589
 p_aa_pp                      0.320     -24.134      -7.723
 ref                          1.000     -23.900     -23.900
---------------------------------------------------
 Total weighted score:                      244.907
core.pack.task: Packer task: initialize from command line() 
apps.backrub: Score After Branch Angle Optimization/Side Chain Idealization:
apps.backrub: ------------------------------------------------------------
 Scores                       Weight   Raw Score Wghtd.Score
------------------------------------------------------------
 fa_atr                       0.800    -395.103    -316.082
 fa_rep                       0.440     215.978      95.030
 fa_sol                       0.650     238.129     154.784
 fa_intra_rep                 0.004     240.375       0.962
 mm_bend                      1.000      57.474      57.474
 pro_close                    1.000       1.840       1.840
 fa_pair                      0.490     -13.189      -6.463
 hbond_sr_bb                  0.585     -13.418      -7.849
 hbond_lr_bb                  1.170     -20.105     -23.523
 hbond_bb_sc                  1.170      -2.157      -2.524
 hbond_sc                     1.100      -0.943      -1.037
 dslf_ss_dst                  0.500       0.000       0.000
 dslf_cs_ang                  2.000       0.000       0.000
 dslf_ss_dih                  5.000       0.000       0.000
 dslf_ca_dih                  5.000       0.000       0.000
 rama                         0.200     126.100      25.220
 omega                        0.500       0.543       0.271
 fa_dun                       0.560     495.745     277.617
 p_aa_pp                      0.320     -24.134      -7.723
 ref                          1.000     -23.900     -23.900
---------------------------------------------------
 Total weighted score:                      224.097
core.pack.task: Packer task: initialize from command line() 
apps.backrub: Starting ResidueType not allowed in resfile at position(s): 83
apps.backrub: Forcing initial pack
core.pack.task: Packer task: initialize from command line() 
core.pack.interaction_graph.interaction_graph_factory: Instantiating PDInteractionGraph
core.pack.pack_rotamers: built 7567 rotamers at 110 positions.
core.pack.pack_rotamers: IG: 21998212 bytes
apps.backrub: Running 10000 trials...
protocols.moves.MonteCarlo:      br_CA_CA_04 trials=    723;  accepts= 0.3693;  energy_drop/trial=  -0.01126
protocols.moves.MonteCarlo:      br_CA_CA_07 trials=    745;  accepts= 0.3235;  energy_drop/trial=  -0.01217
protocols.moves.MonteCarlo:      br_CA_CA_10 trials=    772;  accepts= 0.3148;  energy_drop/trial=   0.01081
protocols.moves.MonteCarlo:      br_CA_CA_13 trials=    719;  accepts= 0.2782;  energy_drop/trial=  -0.02505
protocols.moves.MonteCarlo:      br_CA_CA_16 trials=    751;  accepts= 0.2756;  energy_drop/trial=   0.01006
protocols.moves.MonteCarlo:      br_CA_CA_19 trials=    702;  accepts= 0.2493;  energy_drop/trial=   0.00703
protocols.moves.MonteCarlo:      br_CA_CA_22 trials=    624;  accepts= 0.2035;  energy_drop/trial=  -0.00347
protocols.moves.MonteCarlo:      br_CA_CA_25 trials=    656;  accepts= 0.1814;  energy_drop/trial=  -0.01060
protocols.moves.MonteCarlo:      br_CA_CA_28 trials=    592;  accepts= 0.2078;  energy_drop/trial=   0.01319
protocols.moves.MonteCarlo:      br_CA_CA_31 trials=    663;  accepts= 0.1659;  energy_drop/trial=  -0.00346
protocols.moves.MonteCarlo:      br_CA_CA_34 trials=    623;  accepts= 0.1701;  energy_drop/trial=  -0.00455
protocols.moves.MonteCarlo:       sc_chi_rot trials=   2183;  accepts= 0.3761;  energy_drop/trial=   0.00771
protocols.moves.MonteCarlo:      sc_chi_unif trials=    247;  accepts= 0.0162;  energy_drop/trial=   0.01020
apps.backrub: Last Score:
apps.backrub: ------------------------------------------------------------
 Scores                       Weight   Raw Score Wghtd.Score
------------------------------------------------------------
 fa_atr                       0.800    -363.276    -290.621
 fa_rep                       0.440     114.187      50.242
 fa_sol                       0.650     215.769     140.250
 fa_intra_rep                 0.004     251.120       1.004
 mm_bend                      1.000      47.423      47.423
 pro_close                    1.000       1.959       1.959
 fa_pair                      0.490     -11.868      -5.815
 hbond_sr_bb                  0.585     -13.620      -7.967
 hbond_lr_bb                  1.170     -21.705     -25.395
 hbond_bb_sc                  1.170      -4.022      -4.706
 hbond_sc                     1.100      -0.032      -0.035
 dslf_ss_dst                  0.500       0.000       0.000
 dslf_cs_ang                  2.000       0.000       0.000
 dslf_ss_dih                  5.000       0.000       0.000
 dslf_ca_dih                  5.000       0.000       0.000
 rama                         0.200      98.880      19.776
 omega                        0.500       0.548       0.274
 fa_dun                       0.560     143.642      80.439
 p_aa_pp                      0.320     -27.615      -8.837
 ref                          1.000     -24.840     -24.840
---------------------------------------------------
 Total weighted score:                      -26.849
apps.backrub: Low Score:
apps.backrub: ------------------------------------------------------------
 Scores                       Weight   Raw Score Wghtd.Score
------------------------------------------------------------
 fa_atr                       0.800    -355.230    -284.184
 fa_rep                       0.440     101.924      44.847
 fa_sol                       0.650     210.963     137.126
 fa_intra_rep                 0.004     242.784       0.971
 mm_bend                      1.000      46.736      46.736
 pro_close                    1.000       1.959       1.959
 fa_pair                      0.490     -12.945      -6.343
 hbond_sr_bb                  0.585     -12.501      -7.313
 hbond_lr_bb                  1.170     -21.690     -25.378
 hbond_bb_sc                  1.170      -4.064      -4.755
 hbond_sc                     1.100      -0.178      -0.196
 dslf_ss_dst                  0.500       0.000       0.000
 dslf_cs_ang                  2.000       0.000       0.000
 dslf_ss_dih                  5.000       0.000       0.000
 dslf_ca_dih                  5.000       0.000       0.000
 rama                         0.200      87.301      17.460
 omega                        0.500       0.548       0.274
 fa_dun                       0.560     144.074      80.681
 p_aa_pp                      0.320     -28.434      -9.099
 ref                          1.000     -24.840     -24.840
---------------------------------------------------
 Total weighted score:                      -32.054
