core.init: Mini-Rosetta version 40577 from https://svn.rosettacommons.org/source/branches/releases/rosetta-3.2/rosetta_source
core.init: command: /netapp/home/colin/rosetta/rosetta-3.2/rosetta_source/bin/backrub.linuxgccrelease -database /netapp/home/colin/rosetta/rosetta-3.2/rosetta_database -s /netapp/home/colin/backrub_seqtol/input_files/1N7T/1N7T_15.pdb -ignore_unrecognized_res -ex1 -ex2 -extrachi_cutoff 0 -out:prefix 1N7T_V83K_0015 -mute core.io.pdb.file_data -backrub:ntrials 10000 -score:weights standard -score:patch score12 -resfile /netapp/home/colin/backrub_seqtol/input_files/1N7T_V83K/1N7T_V83K_backrub.resfile -backrub:minimize_movemap /netapp/home/colin/backrub_seqtol/input_files/1N7T_V83K/1N7T_V83K_minimize.movemap
core.init: 'RNG device' seed mode, using '/dev/urandom', seed=1027841049 seed_offset=0 real_seed=1027841049
core.init.random: RandomGenerator:init: Normal mode, seed=1027841049 RG_type=mt19937
core.scoring.ScoreFunctionFactory: SCOREFUNCTION: standard
core.scoring.ScoreFunctionFactory: SCOREFUNCTION PATCH: score12
core.scoring.etable: Starting energy table calculation
core.scoring.etable: smooth_etable: changing atr/rep split to bottom of energy well
core.scoring.etable: smooth_etable: spline smoothing lj etables (maxdis = 6)
core.scoring.etable: smooth_etable: spline smoothing solvation etables (max_dis = 6)
core.scoring.etable: Finished calculating energy tables.
core.io.database: Database file opened: /netapp/home/colin/rosetta/rosetta-3.2/rosetta_database/pdb_pair_stats_fine
core.io.database: Database file opened: /netapp/home/colin/rosetta/rosetta-3.2/rosetta_database/scoring/score_functions/hbonds/standard_params/HBPoly1D.csv
core.io.database: Database file opened: /netapp/home/colin/rosetta/rosetta-3.2/rosetta_database/scoring/score_functions/hbonds/standard_params/HBFadeIntervals.csv
core.io.database: Database file opened: /netapp/home/colin/rosetta/rosetta-3.2/rosetta_database/scoring/score_functions/hbonds/standard_params/HBEval.csv
core.io.database: Database file opened: /netapp/home/colin/rosetta/rosetta-3.2/rosetta_database/P_AA
core.io.database: Database file opened: /netapp/home/colin/rosetta/rosetta-3.2/rosetta_database/P_AA_n
core.io.database: Database file opened: /netapp/home/colin/rosetta/rosetta-3.2/rosetta_database/P_AA_pp
core.io.database: Database file opened: /netapp/home/colin/rosetta/rosetta-3.2/rosetta_database/Rama_smooth_dyn.dat_ss_6.4
core.mm.MMBondAngleLibrary: MM bond angle sets added fully assigned: 474; wildcard: 0 and 1 virtual parameter.
core.io.database: Database file opened: /netapp/home/colin/rosetta/rosetta-3.2/rosetta_database/branch_angle/branch_angle_1.txt
core.io.database: Database file opened: /netapp/home/colin/rosetta/rosetta-3.2/rosetta_database/branch_angle/branch_angle_2.txt
core.scoring.dunbrack: Dunbrack library took 0.02 seconds to load from binary
apps.backrub: Processing /netapp/home/colin/backrub_seqtol/input_files/1N7T/1N7T_15.pdb...
core.pack.task: Packer task: initialize from command line() 
protocols.moves.BackrubMover: Segment lengths: 3-34 atoms
protocols.moves.BackrubMover: Main chain pivot atoms: CA
protocols.moves.BackrubMover: Adding backrub segments for residues 1-110
protocols.moves.BackrubMover: Total Segments Added: 960
apps.backrub: Score After PDB Load:
apps.backrub: ------------------------------------------------------------
 Scores                       Weight   Raw Score Wghtd.Score
------------------------------------------------------------
 fa_atr                       0.800    -381.171    -304.937
 fa_rep                       0.440     184.600      81.224
 fa_sol                       0.650     231.067     150.194
 fa_intra_rep                 0.004     228.899       0.916
 mm_bend                      1.000      85.251      85.251
 pro_close                    1.000       1.817       1.817
 fa_pair                      0.490     -14.711      -7.208
 hbond_sr_bb                  0.585     -12.211      -7.144
 hbond_lr_bb                  1.170     -16.634     -19.461
 hbond_bb_sc                  1.170      -1.416      -1.657
 hbond_sc                     1.100      -0.872      -0.960
 dslf_ss_dst                  0.500       0.000       0.000
 dslf_cs_ang                  2.000       0.000       0.000
 dslf_ss_dih                  5.000       0.000       0.000
 dslf_ca_dih                  5.000       0.000       0.000
 rama                         0.200     130.559      26.112
 omega                        0.500       0.438       0.219
 fa_dun                       0.560     468.196     262.190
 p_aa_pp                      0.320     -18.350      -5.872
 ref                          1.000     -23.900     -23.900
---------------------------------------------------
 Total weighted score:                      236.783
core.pack.task: Packer task: initialize from command line() 
apps.backrub: Score After Branch Angle Optimization/Side Chain Idealization:
apps.backrub: ------------------------------------------------------------
 Scores                       Weight   Raw Score Wghtd.Score
------------------------------------------------------------
 fa_atr                       0.800    -379.296    -303.437
 fa_rep                       0.440     208.268      91.638
 fa_sol                       0.650     228.678     148.641
 fa_intra_rep                 0.004     253.006       1.012
 mm_bend                      1.000      55.295      55.295
 pro_close                    1.000       1.817       1.817
 fa_pair                      0.490     -14.284      -6.999
 hbond_sr_bb                  0.585     -12.211      -7.144
 hbond_lr_bb                  1.170     -16.634     -19.461
 hbond_bb_sc                  1.170      -1.290      -1.509
 hbond_sc                     1.100      -0.302      -0.332
 dslf_ss_dst                  0.500       0.000       0.000
 dslf_cs_ang                  2.000       0.000       0.000
 dslf_ss_dih                  5.000       0.000       0.000
 dslf_ca_dih                  5.000       0.000       0.000
 rama                         0.200     130.559      26.112
 omega                        0.500       0.438       0.219
 fa_dun                       0.560     468.244     262.217
 p_aa_pp                      0.320     -18.350      -5.872
 ref                          1.000     -23.900     -23.900
---------------------------------------------------
 Total weighted score:                      218.295
core.pack.task: Packer task: initialize from command line() 
apps.backrub: Starting ResidueType not allowed in resfile at position(s): 83
apps.backrub: Forcing initial pack
core.pack.task: Packer task: initialize from command line() 
core.pack.interaction_graph.interaction_graph_factory: Instantiating PDInteractionGraph
core.pack.pack_rotamers: built 7706 rotamers at 110 positions.
core.pack.pack_rotamers: IG: 21155924 bytes
apps.backrub: Running 10000 trials...
protocols.moves.MonteCarlo:      br_CA_CA_04 trials=    736;  accepts= 0.3723;  energy_drop/trial=  -0.00901
protocols.moves.MonteCarlo:      br_CA_CA_07 trials=    718;  accepts= 0.3802;  energy_drop/trial=   0.00328
protocols.moves.MonteCarlo:      br_CA_CA_10 trials=    687;  accepts= 0.3231;  energy_drop/trial=  -0.01299
protocols.moves.MonteCarlo:      br_CA_CA_13 trials=    754;  accepts= 0.2692;  energy_drop/trial=  -0.01469
protocols.moves.MonteCarlo:      br_CA_CA_16 trials=    679;  accepts= 0.2622;  energy_drop/trial=  -0.01199
protocols.moves.MonteCarlo:      br_CA_CA_19 trials=    650;  accepts= 0.2492;  energy_drop/trial=  -0.00643
protocols.moves.MonteCarlo:      br_CA_CA_22 trials=    691;  accepts= 0.2402;  energy_drop/trial=  -0.01813
protocols.moves.MonteCarlo:      br_CA_CA_25 trials=    659;  accepts= 0.2049;  energy_drop/trial=  -0.00033
protocols.moves.MonteCarlo:      br_CA_CA_28 trials=    624;  accepts= 0.1907;  energy_drop/trial=  -0.00374
protocols.moves.MonteCarlo:      br_CA_CA_31 trials=    632;  accepts= 0.1946;  energy_drop/trial=   0.02024
protocols.moves.MonteCarlo:      br_CA_CA_34 trials=    621;  accepts= 0.1997;  energy_drop/trial=  -0.00201
protocols.moves.MonteCarlo:       sc_chi_rot trials=   2283;  accepts= 0.3780;  energy_drop/trial=   0.00598
protocols.moves.MonteCarlo:      sc_chi_unif trials=    266;  accepts= 0.0338;  energy_drop/trial=   0.00600
apps.backrub: Last Score:
apps.backrub: ------------------------------------------------------------
 Scores                       Weight   Raw Score Wghtd.Score
------------------------------------------------------------
 fa_atr                       0.800    -343.551    -274.841
 fa_rep                       0.440     104.058      45.785
 fa_sol                       0.650     206.923     134.500
 fa_intra_rep                 0.004     245.665       0.983
 mm_bend                      1.000      49.158      49.158
 pro_close                    1.000       1.810       1.810
 fa_pair                      0.490     -12.654      -6.200
 hbond_sr_bb                  0.585      -7.379      -4.316
 hbond_lr_bb                  1.170     -19.302     -22.584
 hbond_bb_sc                  1.170      -3.371      -3.944
 hbond_sc                     1.100      -0.302      -0.332
 dslf_ss_dst                  0.500       0.000       0.000
 dslf_cs_ang                  2.000       0.000       0.000
 dslf_ss_dih                  5.000       0.000       0.000
 dslf_ca_dih                  5.000       0.000       0.000
 rama                         0.200      77.465      15.493
 omega                        0.500       0.438       0.219
 fa_dun                       0.560     148.618      83.226
 p_aa_pp                      0.320     -38.374     -12.280
 ref                          1.000     -24.840     -24.840
---------------------------------------------------
 Total weighted score:                      -18.164
apps.backrub: Low Score:
apps.backrub: ------------------------------------------------------------
 Scores                       Weight   Raw Score Wghtd.Score
------------------------------------------------------------
 fa_atr                       0.800    -344.996    -275.997
 fa_rep                       0.440      99.554      43.804
 fa_sol                       0.650     208.925     135.801
 fa_intra_rep                 0.004     244.811       0.979
 mm_bend                      1.000      47.488      47.488
 pro_close                    1.000       1.810       1.810
 fa_pair                      0.490     -14.524      -7.117
 hbond_sr_bb                  0.585      -9.408      -5.504
 hbond_lr_bb                  1.170     -19.373     -22.667
 hbond_bb_sc                  1.170      -3.343      -3.912
 hbond_sc                     1.100      -1.370      -1.507
 dslf_ss_dst                  0.500       0.000       0.000
 dslf_cs_ang                  2.000       0.000       0.000
 dslf_ss_dih                  5.000       0.000       0.000
 dslf_ca_dih                  5.000       0.000       0.000
 rama                         0.200      88.522      17.704
 omega                        0.500       0.438       0.219
 fa_dun                       0.560     147.014      82.328
 p_aa_pp                      0.320     -34.218     -10.950
 ref                          1.000     -24.840     -24.840
---------------------------------------------------
 Total weighted score:                      -22.358
