core.init: Mini-Rosetta version 40577 from https://svn.rosettacommons.org/source/branches/releases/rosetta-3.2/rosetta_source
core.init: command: /netapp/home/colin/rosetta/rosetta-3.2/rosetta_source/bin/sequence_tolerance.linuxgccrelease -database /netapp/home/colin/rosetta/rosetta-3.2/rosetta_database -s 1N7T_V83K_0015_low.pdb -ex1 -ex2 -extrachi_cutoff 0 -seq_tol:fitness_master_weights 1 1 1 2 -ms:generations 5 -ms:pop_size 2000 -ms:pop_from_ss 1 -ms:checkpoint:prefix 1N7T_V83K_0015 -ms:checkpoint:interval 200 -ms:checkpoint:gz -ms:numresults 0 -out:prefix 1N7T_V83K_0015 -score:weights standard -score:patch score12 -score:ref_offsets HIS 1.2 -resfile /netapp/home/colin/backrub_seqtol/input_files/1N7T_V83K/1N7T_V83K_seqtol.resfile
core.init: 'RNG device' seed mode, using '/dev/urandom', seed=-1518471903 seed_offset=0 real_seed=-1518471903
core.init.random: RandomGenerator:init: Normal mode, seed=-1518471903 RG_type=mt19937
core.pack.task: Packer task: initialize from command line() 
core.pack.task: Packer task: initialize from command line() 
core.scoring.ScoreFunctionFactory: SCOREFUNCTION: standard
core.scoring.ScoreFunctionFactory: SCOREFUNCTION PATCH: score12
core.scoring.etable: Starting energy table calculation
core.scoring.etable: smooth_etable: changing atr/rep split to bottom of energy well
core.scoring.etable: smooth_etable: spline smoothing lj etables (maxdis = 6)
core.scoring.etable: smooth_etable: spline smoothing solvation etables (max_dis = 6)
core.scoring.etable: Finished calculating energy tables.
core.io.database: Database file opened: /netapp/home/colin/rosetta/rosetta-3.2/rosetta_database/pdb_pair_stats_fine
core.io.database: Database file opened: /netapp/home/colin/rosetta/rosetta-3.2/rosetta_database/scoring/score_functions/hbonds/standard_params/HBPoly1D.csv
core.io.database: Database file opened: /netapp/home/colin/rosetta/rosetta-3.2/rosetta_database/scoring/score_functions/hbonds/standard_params/HBFadeIntervals.csv
core.io.database: Database file opened: /netapp/home/colin/rosetta/rosetta-3.2/rosetta_database/scoring/score_functions/hbonds/standard_params/HBEval.csv
core.io.database: Database file opened: /netapp/home/colin/rosetta/rosetta-3.2/rosetta_database/P_AA
core.io.database: Database file opened: /netapp/home/colin/rosetta/rosetta-3.2/rosetta_database/P_AA_n
core.io.database: Database file opened: /netapp/home/colin/rosetta/rosetta-3.2/rosetta_database/P_AA_pp
core.io.database: Database file opened: /netapp/home/colin/rosetta/rosetta-3.2/rosetta_database/Rama_smooth_dyn.dat_ss_6.4
core.scoring.dunbrack: Dunbrack library took 0.02 seconds to load from binary
app.sequence_tolerance: Residue Decomposition: [Set 1 (A): [1, 2, 3, 4, 5, 6, 7, 8, 9, 10, 11, 12, 13, 14, 15, 16, 17, 18, 19, 20, 21, 22, 23, 24, 25, 26, 27, 28, 29, 30, 31, 32, 33, 34, 35, 36, 37, 38, 39, 40, 41, 42, 43, 44, 45, 46, 47, 48, 49, 50, 51, 52, 53, 54, 55, 56, 57, 58, 59, 60, 61, 62, 63, 64, 65, 66, 67, 68, 69, 70, 71, 72, 73, 74, 75, 76, 77, 78, 79, 80, 81, 82, 83, 84, 85, 86, 87, 88, 89, 90, 91, 92, 93, 94, 95, 96, 97, 98, 99, 100, 101, 102, 103], Set 2 (B): [104, 105, 106, 107, 108, 109, 110]]
app.sequence_tolerance: Fitness Function Master Weights: [1, 1, 1, 2]
app.sequence_tolerance: Fitness of Starting Structure: 
---------------------------------------------------------------------
Score Type                  Other        A        B      A-B    Total
---------------------------------------------------------------------
fa_atr                      0.000 -250.363   -5.614  -40.032 -296.010
fa_rep                      0.000   42.263    0.407    2.259   44.929
fa_sol                      0.000  122.465    3.561   19.544  145.570
fa_intra_rep                0.000    0.879    0.100    0.000    0.979
pro_close                   0.000    1.800    0.000    0.000    1.800
fa_pair                     0.000   -6.271    0.006   -1.705   -7.969
hbond_sr_bb                -5.501    0.000    0.000    0.000   -5.501
hbond_lr_bb               -22.673    0.000    0.000    0.000  -22.673
hbond_bb_sc                 0.000   -3.859   -0.054    0.000   -3.913
hbond_sc                    0.000   -1.093    0.000   -0.829   -1.921
dslf_ss_dst                 0.000    0.000    0.000    0.000    0.000
dslf_cs_ang                 0.000    0.000    0.000    0.000    0.000
dslf_ss_dih                 0.000    0.000    0.000    0.000    0.000
dslf_ca_dih                 0.000    0.000    0.000    0.000    0.000
rama                        0.000   16.866    0.838    0.000   17.704
omega                       0.000    0.221    0.001    0.000    0.222
fa_dun                      0.000   78.205    4.108    0.000   82.313
p_aa_pp                     0.000  -10.233   -0.714    0.000  -10.947
ref                         0.000  -21.830    0.590    0.000  -21.240
---------------------------------------------------------------------
Total                     -28.175  -30.950    3.230  -20.763  -76.658

core.pack.interaction_graph.interaction_graph_factory: Instantiating PDInteractionGraph
core.pack.pack_rotamers: built 8412 rotamers at 33 positions.
core.pack.pack_rotamers: IG: 90569016 bytes
app.sequence_tolerance: There are 1 positive states and 0 negative states
protocols.multistate_design.MultiStatePacker: Best single-state design score:   -86.51
app.sequence_tolerance: Adding single-state design entities:
app.sequence_tolerance: AA:106:T AA:107:D AA:108:E AA:109:W AA:110:I 
app.sequence_tolerance: Generation 1:
app.sequence_tolerance: Distinct new entities: 1999
app.sequence_tolerance: Duplicate new entities: 1
app.sequence_tolerance: Entities from previous generation: 0
app.sequence_tolerance: Entities resurrected from earlier generations: 0
app.sequence_tolerance: Fitness Percentiles: 0%=-87.5475 25%=-70.0201 50%=-58.414 75%=29.4069 100%=2075.76
app.sequence_tolerance: Best new entity:
MultiStateEntity with traits: AA:106:T AA:107:D AA:108:E AA:109:W AA:110:I and fitness -87.548
 SingleState 1 with fitness: -87.5475
app.sequence_tolerance: Generation 2:
app.sequence_tolerance: Distinct new entities: 1919
app.sequence_tolerance: Duplicate new entities: 0
app.sequence_tolerance: Entities from previous generation: 81
app.sequence_tolerance: Entities resurrected from earlier generations: 0
app.sequence_tolerance: Fitness Percentiles: 0%=-87.5475 25%=-72.2408 50%=-67.629 75%=-23.4529 100%=1297.91
app.sequence_tolerance: Best new entity:
MultiStateEntity with traits: AA:106:D AA:107:H AA:108:Q AA:109:W AA:110:I and fitness -84.496
 SingleState 1 with fitness: -84.4956
app.sequence_tolerance: Generation 3:
app.sequence_tolerance: Distinct new entities: 1905
app.sequence_tolerance: Duplicate new entities: 2
app.sequence_tolerance: Entities from previous generation: 89
app.sequence_tolerance: Entities resurrected from earlier generations: 4
app.sequence_tolerance: Fitness Percentiles: 0%=-87.5475 25%=-73.5271 50%=-69.901 75%=-61.7032 100%=1422.24
app.sequence_tolerance: Best new entity:
MultiStateEntity with traits: AA:106:T AA:107:D AA:108:E AA:109:W AA:110:V and fitness -86.824
 SingleState 1 with fitness: -86.824
app.sequence_tolerance: Generation 4:
app.sequence_tolerance: Distinct new entities: 1920
app.sequence_tolerance: Duplicate new entities: 5
app.sequence_tolerance: Entities from previous generation: 66
app.sequence_tolerance: Entities resurrected from earlier generations: 9
app.sequence_tolerance: Fitness Percentiles: 0%=-87.5475 25%=-74.4536 50%=-71.0031 75%=-65.3057 100%=1854.54
app.sequence_tolerance: Best new entity:
MultiStateEntity with traits: AA:106:A AA:107:D AA:108:E AA:109:W AA:110:I and fitness -86.133
 SingleState 1 with fitness: -86.1326
app.sequence_tolerance: Generation 5:
app.sequence_tolerance: Distinct new entities: 1898
app.sequence_tolerance: Duplicate new entities: 6
app.sequence_tolerance: Entities from previous generation: 87
app.sequence_tolerance: Entities resurrected from earlier generations: 9
app.sequence_tolerance: Fitness Percentiles: 0%=-87.909 25%=-75.3323 50%=-72.0225 75%=-67.2788 100%=1353.34
app.sequence_tolerance: Best new entity:
MultiStateEntity with traits: AA:106:D AA:107:D AA:108:E AA:109:W AA:110:I and fitness -87.909
 SingleState 1 with fitness: -87.909
app.sequence_tolerance: Evaluated 9641 sequences out of 2476099 possible.
Best sequences:
