core.init: Mini-Rosetta version 40577 from https://svn.rosettacommons.org/source/branches/releases/rosetta-3.2/rosetta_source
core.init: command: /netapp/home/colin/rosetta/rosetta-3.2/rosetta_source/bin/backrub.linuxgccrelease -database /netapp/home/colin/rosetta/rosetta-3.2/rosetta_database -s /netapp/home/colin/backrub_seqtol/input_files/1N7T/1N7T_16.pdb -ignore_unrecognized_res -ex1 -ex2 -extrachi_cutoff 0 -out:prefix 1N7T_V83K_0016 -mute core.io.pdb.file_data -backrub:ntrials 10000 -score:weights standard -score:patch score12 -resfile /netapp/home/colin/backrub_seqtol/input_files/1N7T_V83K/1N7T_V83K_backrub.resfile -backrub:minimize_movemap /netapp/home/colin/backrub_seqtol/input_files/1N7T_V83K/1N7T_V83K_minimize.movemap
core.init: 'RNG device' seed mode, using '/dev/urandom', seed=2137686251 seed_offset=0 real_seed=2137686251
core.init.random: RandomGenerator:init: Normal mode, seed=2137686251 RG_type=mt19937
core.scoring.ScoreFunctionFactory: SCOREFUNCTION: standard
core.scoring.ScoreFunctionFactory: SCOREFUNCTION PATCH: score12
core.scoring.etable: Starting energy table calculation
core.scoring.etable: smooth_etable: changing atr/rep split to bottom of energy well
core.scoring.etable: smooth_etable: spline smoothing lj etables (maxdis = 6)
core.scoring.etable: smooth_etable: spline smoothing solvation etables (max_dis = 6)
core.scoring.etable: Finished calculating energy tables.
core.io.database: Database file opened: /netapp/home/colin/rosetta/rosetta-3.2/rosetta_database/pdb_pair_stats_fine
core.io.database: Database file opened: /netapp/home/colin/rosetta/rosetta-3.2/rosetta_database/scoring/score_functions/hbonds/standard_params/HBPoly1D.csv
core.io.database: Database file opened: /netapp/home/colin/rosetta/rosetta-3.2/rosetta_database/scoring/score_functions/hbonds/standard_params/HBFadeIntervals.csv
core.io.database: Database file opened: /netapp/home/colin/rosetta/rosetta-3.2/rosetta_database/scoring/score_functions/hbonds/standard_params/HBEval.csv
core.io.database: Database file opened: /netapp/home/colin/rosetta/rosetta-3.2/rosetta_database/P_AA
core.io.database: Database file opened: /netapp/home/colin/rosetta/rosetta-3.2/rosetta_database/P_AA_n
core.io.database: Database file opened: /netapp/home/colin/rosetta/rosetta-3.2/rosetta_database/P_AA_pp
core.io.database: Database file opened: /netapp/home/colin/rosetta/rosetta-3.2/rosetta_database/Rama_smooth_dyn.dat_ss_6.4
core.mm.MMBondAngleLibrary: MM bond angle sets added fully assigned: 474; wildcard: 0 and 1 virtual parameter.
core.io.database: Database file opened: /netapp/home/colin/rosetta/rosetta-3.2/rosetta_database/branch_angle/branch_angle_1.txt
core.io.database: Database file opened: /netapp/home/colin/rosetta/rosetta-3.2/rosetta_database/branch_angle/branch_angle_2.txt
core.scoring.dunbrack: Dunbrack library took 0.02 seconds to load from binary
apps.backrub: Processing /netapp/home/colin/backrub_seqtol/input_files/1N7T/1N7T_16.pdb...
core.pack.task: Packer task: initialize from command line() 
protocols.moves.BackrubMover: Segment lengths: 3-34 atoms
protocols.moves.BackrubMover: Main chain pivot atoms: CA
protocols.moves.BackrubMover: Adding backrub segments for residues 1-110
protocols.moves.BackrubMover: Total Segments Added: 960
apps.backrub: Score After PDB Load:
apps.backrub: ------------------------------------------------------------
 Scores                       Weight   Raw Score Wghtd.Score
------------------------------------------------------------
 fa_atr                       0.800    -393.995    -315.196
 fa_rep                       0.440     207.183      91.160
 fa_sol                       0.650     231.502     150.477
 fa_intra_rep                 0.004     223.631       0.895
 mm_bend                      1.000      87.969      87.969
 pro_close                    1.000       1.543       1.543
 fa_pair                      0.490     -11.359      -5.566
 hbond_sr_bb                  0.585     -12.710      -7.435
 hbond_lr_bb                  1.170     -13.774     -16.116
 hbond_bb_sc                  1.170      -0.699      -0.818
 hbond_sc                     1.100      -0.080      -0.088
 dslf_ss_dst                  0.500       0.000       0.000
 dslf_cs_ang                  2.000       0.000       0.000
 dslf_ss_dih                  5.000       0.000       0.000
 dslf_ca_dih                  5.000       0.000       0.000
 rama                         0.200     184.544      36.909
 omega                        0.500       0.499       0.250
 fa_dun                       0.560     536.959     300.697
 p_aa_pp                      0.320     -19.188      -6.140
 ref                          1.000     -23.900     -23.900
---------------------------------------------------
 Total weighted score:                      294.639
core.pack.task: Packer task: initialize from command line() 
apps.backrub: Score After Branch Angle Optimization/Side Chain Idealization:
apps.backrub: ------------------------------------------------------------
 Scores                       Weight   Raw Score Wghtd.Score
------------------------------------------------------------
 fa_atr                       0.800    -392.782    -314.225
 fa_rep                       0.440     232.409     102.260
 fa_sol                       0.650     229.633     149.261
 fa_intra_rep                 0.004     249.071       0.996
 mm_bend                      1.000      57.655      57.655
 pro_close                    1.000       1.543       1.543
 fa_pair                      0.490     -10.774      -5.279
 hbond_sr_bb                  0.585     -12.710      -7.435
 hbond_lr_bb                  1.170     -13.774     -16.116
 hbond_bb_sc                  1.170      -0.702      -0.821
 hbond_sc                     1.100      -0.038      -0.042
 dslf_ss_dst                  0.500       0.000       0.000
 dslf_cs_ang                  2.000       0.000       0.000
 dslf_ss_dih                  5.000       0.000       0.000
 dslf_ca_dih                  5.000       0.000       0.000
 rama                         0.200     184.544      36.909
 omega                        0.500       0.499       0.250
 fa_dun                       0.560     537.117     300.786
 p_aa_pp                      0.320     -19.188      -6.140
 ref                          1.000     -23.900     -23.900
---------------------------------------------------
 Total weighted score:                      275.701
core.pack.task: Packer task: initialize from command line() 
apps.backrub: Starting ResidueType not allowed in resfile at position(s): 83
apps.backrub: Forcing initial pack
core.pack.task: Packer task: initialize from command line() 
core.pack.interaction_graph.interaction_graph_factory: Instantiating PDInteractionGraph
core.pack.pack_rotamers: built 7535 rotamers at 110 positions.
core.pack.pack_rotamers: IG: 21302808 bytes
apps.backrub: Running 10000 trials...
protocols.moves.MonteCarlo:      br_CA_CA_04 trials=    682;  accepts= 0.4003;  energy_drop/trial=  -0.05254
protocols.moves.MonteCarlo:      br_CA_CA_07 trials=    707;  accepts= 0.3225;  energy_drop/trial=  -0.01657
protocols.moves.MonteCarlo:      br_CA_CA_10 trials=    770;  accepts= 0.3338;  energy_drop/trial=   0.01592
protocols.moves.MonteCarlo:      br_CA_CA_13 trials=    673;  accepts= 0.2853;  energy_drop/trial=   0.00323
protocols.moves.MonteCarlo:      br_CA_CA_16 trials=    720;  accepts= 0.2250;  energy_drop/trial=   0.01232
protocols.moves.MonteCarlo:      br_CA_CA_19 trials=    663;  accepts= 0.2323;  energy_drop/trial=  -0.00239
protocols.moves.MonteCarlo:      br_CA_CA_22 trials=    646;  accepts= 0.2214;  energy_drop/trial=  -0.00475
protocols.moves.MonteCarlo:      br_CA_CA_25 trials=    663;  accepts= 0.1946;  energy_drop/trial=  -0.01380
protocols.moves.MonteCarlo:      br_CA_CA_28 trials=    657;  accepts= 0.1842;  energy_drop/trial=   0.00814
protocols.moves.MonteCarlo:      br_CA_CA_31 trials=    681;  accepts= 0.1703;  energy_drop/trial=   0.00468
protocols.moves.MonteCarlo:      br_CA_CA_34 trials=    636;  accepts= 0.1730;  energy_drop/trial=  -0.01504
protocols.moves.MonteCarlo:       sc_chi_rot trials=   2246;  accepts= 0.3348;  energy_drop/trial=   0.00865
protocols.moves.MonteCarlo:      sc_chi_unif trials=    256;  accepts= 0.0156;  energy_drop/trial=   0.00923
apps.backrub: Last Score:
apps.backrub: ------------------------------------------------------------
 Scores                       Weight   Raw Score Wghtd.Score
------------------------------------------------------------
 fa_atr                       0.800    -365.214    -292.171
 fa_rep                       0.440     122.493      53.897
 fa_sol                       0.650     220.633     143.412
 fa_intra_rep                 0.004     259.256       1.037
 mm_bend                      1.000      49.193      49.193
 pro_close                    1.000       1.762       1.762
 fa_pair                      0.490     -13.410      -6.571
 hbond_sr_bb                  0.585     -13.260      -7.757
 hbond_lr_bb                  1.170     -17.379     -20.333
 hbond_bb_sc                  1.170      -2.426      -2.839
 hbond_sc                     1.100      -1.917      -2.109
 dslf_ss_dst                  0.500       0.000       0.000
 dslf_cs_ang                  2.000       0.000       0.000
 dslf_ss_dih                  5.000       0.000       0.000
 dslf_ca_dih                  5.000       0.000       0.000
 rama                         0.200      86.195      17.239
 omega                        0.500       0.500       0.250
 fa_dun                       0.560     169.771      95.072
 p_aa_pp                      0.320     -35.883     -11.483
 ref                          1.000     -24.840     -24.840
---------------------------------------------------
 Total weighted score:                       -6.241
apps.backrub: Low Score:
apps.backrub: ------------------------------------------------------------
 Scores                       Weight   Raw Score Wghtd.Score
------------------------------------------------------------
 fa_atr                       0.800    -361.769    -289.416
 fa_rep                       0.440     108.855      47.896
 fa_sol                       0.650     215.476     140.059
 fa_intra_rep                 0.004     248.265       0.993
 mm_bend                      1.000      51.586      51.586
 pro_close                    1.000       1.762       1.762
 fa_pair                      0.490     -10.729      -5.257
 hbond_sr_bb                  0.585     -12.324      -7.210
 hbond_lr_bb                  1.170     -16.601     -19.423
 hbond_bb_sc                  1.170      -3.821      -4.471
 hbond_sc                     1.100      -1.466      -1.613
 dslf_ss_dst                  0.500       0.000       0.000
 dslf_cs_ang                  2.000       0.000       0.000
 dslf_ss_dih                  5.000       0.000       0.000
 dslf_ca_dih                  5.000       0.000       0.000
 rama                         0.200      76.042      15.208
 omega                        0.500       0.500       0.250
 fa_dun                       0.560     156.269      87.510
 p_aa_pp                      0.320     -32.544     -10.414
 ref                          1.000     -24.840     -24.840
---------------------------------------------------
 Total weighted score:                      -17.378
