core.init: Mini-Rosetta version 40577 from https://svn.rosettacommons.org/source/branches/releases/rosetta-3.2/rosetta_source
core.init: command: /netapp/home/colin/rosetta/rosetta-3.2/rosetta_source/bin/backrub.linuxgccrelease -database /netapp/home/colin/rosetta/rosetta-3.2/rosetta_database -s /netapp/home/colin/backrub_seqtol/input_files/1N7T/1N7T_14.pdb -ignore_unrecognized_res -ex1 -ex2 -extrachi_cutoff 0 -out:prefix 1N7T_V83K_0014 -mute core.io.pdb.file_data -backrub:ntrials 10000 -score:weights standard -score:patch score12 -resfile /netapp/home/colin/backrub_seqtol/input_files/1N7T_V83K/1N7T_V83K_backrub.resfile -backrub:minimize_movemap /netapp/home/colin/backrub_seqtol/input_files/1N7T_V83K/1N7T_V83K_minimize.movemap
core.init: 'RNG device' seed mode, using '/dev/urandom', seed=2044098121 seed_offset=0 real_seed=2044098121
core.init.random: RandomGenerator:init: Normal mode, seed=2044098121 RG_type=mt19937
core.scoring.ScoreFunctionFactory: SCOREFUNCTION: standard
core.scoring.ScoreFunctionFactory: SCOREFUNCTION PATCH: score12
core.scoring.etable: Starting energy table calculation
core.scoring.etable: smooth_etable: changing atr/rep split to bottom of energy well
core.scoring.etable: smooth_etable: spline smoothing lj etables (maxdis = 6)
core.scoring.etable: smooth_etable: spline smoothing solvation etables (max_dis = 6)
core.scoring.etable: Finished calculating energy tables.
core.io.database: Database file opened: /netapp/home/colin/rosetta/rosetta-3.2/rosetta_database/pdb_pair_stats_fine
core.io.database: Database file opened: /netapp/home/colin/rosetta/rosetta-3.2/rosetta_database/scoring/score_functions/hbonds/standard_params/HBPoly1D.csv
core.io.database: Database file opened: /netapp/home/colin/rosetta/rosetta-3.2/rosetta_database/scoring/score_functions/hbonds/standard_params/HBFadeIntervals.csv
core.io.database: Database file opened: /netapp/home/colin/rosetta/rosetta-3.2/rosetta_database/scoring/score_functions/hbonds/standard_params/HBEval.csv
core.io.database: Database file opened: /netapp/home/colin/rosetta/rosetta-3.2/rosetta_database/P_AA
core.io.database: Database file opened: /netapp/home/colin/rosetta/rosetta-3.2/rosetta_database/P_AA_n
core.io.database: Database file opened: /netapp/home/colin/rosetta/rosetta-3.2/rosetta_database/P_AA_pp
core.io.database: Database file opened: /netapp/home/colin/rosetta/rosetta-3.2/rosetta_database/Rama_smooth_dyn.dat_ss_6.4
core.mm.MMBondAngleLibrary: MM bond angle sets added fully assigned: 474; wildcard: 0 and 1 virtual parameter.
core.io.database: Database file opened: /netapp/home/colin/rosetta/rosetta-3.2/rosetta_database/branch_angle/branch_angle_1.txt
core.io.database: Database file opened: /netapp/home/colin/rosetta/rosetta-3.2/rosetta_database/branch_angle/branch_angle_2.txt
core.scoring.dunbrack: Dunbrack library took 0.06 seconds to load from binary
apps.backrub: Processing /netapp/home/colin/backrub_seqtol/input_files/1N7T/1N7T_14.pdb...
core.pack.task: Packer task: initialize from command line() 
protocols.moves.BackrubMover: Segment lengths: 3-34 atoms
protocols.moves.BackrubMover: Main chain pivot atoms: CA
protocols.moves.BackrubMover: Adding backrub segments for residues 1-110
protocols.moves.BackrubMover: Total Segments Added: 960
apps.backrub: Score After PDB Load:
apps.backrub: ------------------------------------------------------------
 Scores                       Weight   Raw Score Wghtd.Score
------------------------------------------------------------
 fa_atr                       0.800    -398.453    -318.762
 fa_rep                       0.440     177.586      78.138
 fa_sol                       0.650     242.239     157.455
 fa_intra_rep                 0.004     238.306       0.953
 mm_bend                      1.000      86.091      86.091
 pro_close                    1.000       1.772       1.772
 fa_pair                      0.490     -16.178      -7.927
 hbond_sr_bb                  0.585     -12.562      -7.349
 hbond_lr_bb                  1.170     -17.116     -20.026
 hbond_bb_sc                  1.170      -1.712      -2.003
 hbond_sc                     1.100      -0.545      -0.599
 dslf_ss_dst                  0.500       0.000       0.000
 dslf_cs_ang                  2.000       0.000       0.000
 dslf_ss_dih                  5.000       0.000       0.000
 dslf_ca_dih                  5.000       0.000       0.000
 rama                         0.200     198.646      39.729
 omega                        0.500       0.539       0.269
 fa_dun                       0.560     539.920     302.355
 p_aa_pp                      0.320     -16.073      -5.143
 ref                          1.000     -23.900     -23.900
---------------------------------------------------
 Total weighted score:                      281.053
core.pack.task: Packer task: initialize from command line() 
apps.backrub: Score After Branch Angle Optimization/Side Chain Idealization:
apps.backrub: ------------------------------------------------------------
 Scores                       Weight   Raw Score Wghtd.Score
------------------------------------------------------------
 fa_atr                       0.800    -398.059    -318.447
 fa_rep                       0.440     239.519     105.389
 fa_sol                       0.650     240.834     156.542
 fa_intra_rep                 0.004     271.591       1.086
 mm_bend                      1.000      56.448      56.448
 pro_close                    1.000       1.772       1.772
 fa_pair                      0.490     -15.616      -7.652
 hbond_sr_bb                  0.585     -12.562      -7.349
 hbond_lr_bb                  1.170     -17.116     -20.026
 hbond_bb_sc                  1.170      -1.874      -2.192
 hbond_sc                     1.100      -0.855      -0.941
 dslf_ss_dst                  0.500       0.000       0.000
 dslf_cs_ang                  2.000       0.000       0.000
 dslf_ss_dih                  5.000       0.000       0.000
 dslf_ca_dih                  5.000       0.000       0.000
 rama                         0.200     198.646      39.729
 omega                        0.500       0.539       0.269
 fa_dun                       0.560     540.038     302.421
 p_aa_pp                      0.320     -16.073      -5.143
 ref                          1.000     -23.900     -23.900
---------------------------------------------------
 Total weighted score:                      278.008
core.pack.task: Packer task: initialize from command line() 
apps.backrub: Starting ResidueType not allowed in resfile at position(s): 83
apps.backrub: Forcing initial pack
core.pack.task: Packer task: initialize from command line() 
core.pack.interaction_graph.interaction_graph_factory: Instantiating PDInteractionGraph
core.pack.pack_rotamers: built 7393 rotamers at 110 positions.
core.pack.pack_rotamers: IG: 19837868 bytes
apps.backrub: Running 10000 trials...
protocols.moves.MonteCarlo:      br_CA_CA_04 trials=    735;  accepts= 0.4136;  energy_drop/trial=  -0.02868
protocols.moves.MonteCarlo:      br_CA_CA_07 trials=    700;  accepts= 0.3529;  energy_drop/trial=  -0.01273
protocols.moves.MonteCarlo:      br_CA_CA_10 trials=    731;  accepts= 0.3023;  energy_drop/trial=  -0.00814
protocols.moves.MonteCarlo:      br_CA_CA_13 trials=    670;  accepts= 0.2866;  energy_drop/trial=   0.00425
protocols.moves.MonteCarlo:      br_CA_CA_16 trials=    667;  accepts= 0.2459;  energy_drop/trial=  -0.00317
protocols.moves.MonteCarlo:      br_CA_CA_19 trials=    717;  accepts= 0.2204;  energy_drop/trial=  -0.00801
protocols.moves.MonteCarlo:      br_CA_CA_22 trials=    665;  accepts= 0.2241;  energy_drop/trial=   0.00441
protocols.moves.MonteCarlo:      br_CA_CA_25 trials=    605;  accepts= 0.1686;  energy_drop/trial=  -0.00279
protocols.moves.MonteCarlo:      br_CA_CA_28 trials=    647;  accepts= 0.2056;  energy_drop/trial=   0.00116
protocols.moves.MonteCarlo:      br_CA_CA_31 trials=    631;  accepts= 0.1743;  energy_drop/trial=   0.00038
protocols.moves.MonteCarlo:      br_CA_CA_34 trials=    647;  accepts= 0.1870;  energy_drop/trial=  -0.00600
protocols.moves.MonteCarlo:       sc_chi_rot trials=   2334;  accepts= 0.3320;  energy_drop/trial=   0.00360
protocols.moves.MonteCarlo:      sc_chi_unif trials=    251;  accepts= 0.0359;  energy_drop/trial=  -0.00229
apps.backrub: Last Score:
apps.backrub: ------------------------------------------------------------
 Scores                       Weight   Raw Score Wghtd.Score
------------------------------------------------------------
 fa_atr                       0.800    -380.904    -304.723
 fa_rep                       0.440     108.330      47.665
 fa_sol                       0.650     224.116     145.676
 fa_intra_rep                 0.004     260.506       1.042
 mm_bend                      1.000      45.207      45.207
 pro_close                    1.000       2.038       2.038
 fa_pair                      0.490     -14.887      -7.295
 hbond_sr_bb                  0.585     -11.338      -6.633
 hbond_lr_bb                  1.170     -22.004     -25.745
 hbond_bb_sc                  1.170      -2.814      -3.292
 hbond_sc                     1.100      -2.432      -2.675
 dslf_ss_dst                  0.500       0.000       0.000
 dslf_cs_ang                  2.000       0.000       0.000
 dslf_ss_dih                  5.000       0.000       0.000
 dslf_ca_dih                  5.000       0.000       0.000
 rama                         0.200     101.341      20.268
 omega                        0.500       0.615       0.307
 fa_dun                       0.560     165.673      92.777
 p_aa_pp                      0.320     -31.673     -10.135
 ref                          1.000     -24.840     -24.840
---------------------------------------------------
 Total weighted score:                      -30.357
apps.backrub: Low Score:
apps.backrub: ------------------------------------------------------------
 Scores                       Weight   Raw Score Wghtd.Score
------------------------------------------------------------
 fa_atr                       0.800    -382.566    -306.052
 fa_rep                       0.440     105.516      46.427
 fa_sol                       0.650     224.214     145.739
 fa_intra_rep                 0.004     259.240       1.037
 mm_bend                      1.000      46.276      46.276
 pro_close                    1.000       2.038       2.038
 fa_pair                      0.490     -14.972      -7.336
 hbond_sr_bb                  0.585     -11.722      -6.858
 hbond_lr_bb                  1.170     -22.318     -26.113
 hbond_bb_sc                  1.170      -2.741      -3.207
 hbond_sc                     1.100      -2.298      -2.528
 dslf_ss_dst                  0.500       0.000       0.000
 dslf_cs_ang                  2.000       0.000       0.000
 dslf_ss_dih                  5.000       0.000       0.000
 dslf_ca_dih                  5.000       0.000       0.000
 rama                         0.200     101.617      20.323
 omega                        0.500       0.615       0.307
 fa_dun                       0.560     165.655      92.767
 p_aa_pp                      0.320     -31.513     -10.084
 ref                          1.000     -24.840     -24.840
---------------------------------------------------
 Total weighted score:                      -32.103
