=crt=bcl::random=> Seed was set to 5489!
bin/bcl.exe FitEPRDistribution -distributions_to_lineplots_sum fit_ensemble_00000.histogram lineplot_sum.gnuplot 0 80 -message_level Debug 
FitEPRDistribution -distributions_to_lineplots_sum fit_ensemble_00000.histogram lineplot_sum.gnuplot 0 80 -message_level Debug 
=std=bcl::app=> bcl version: 2.5.0
=std=bcl::app=> bcl svn revision: 4434
=std=bcl::app=> bcl was built: Tue Jan 29 03:15:50 2013
=std=bcl::app=> executing application: FitEPRDistribution
=slt=bcl::util=> changed Message level by command line to new level Debug

PARAMETERS
-FitEPRDistribution set

FLAGS WITH PARAMETERS
-help not set
-exp_hist_list not set
   <filename> histogram_filenames.ls (default)
-exp_hist_single not set
   <filename> filename.histogram (default)
-exp_hist_data_columns not set
   <bin_column> 0 (default)
   <count_column> 0 (default)
-model_list not set
   <filename> pdbs.ls (default)
   <column> 0 (default)
-aaclass not set
   <amino_acid_class> AABackBone (default)
-num_fits not set
   <number_of_fits> 1 (default)
-start_size_range not set
   <min> 0 (default)
   <max> 18446744073709551615 (default)
-convert_nanometers_to_angstrom not set
-terminate_criteria not set
   <improvement_ratio> 0.01 (default)
   <number_steps> 1000 (default)
-prefix not set
   <file_prefix>  (default)
-distributions_to_heatmaps not set
   <distributions_input_filename> something.histogram (default)
   <distributions_output_filename> something.gnuplot (default)
   <min_x_value> * (default)
   <max_x_value> * (default)
-distributions_to_lineplots not set
   <distributions_input_filename> something.histogram (default)
   <distributions_output_filename> something.gnuplot (default)
   <print_model_histogram> true (default)
   <min_x_value> * (default)
   <max_x_value> * (default)
-distributions_to_lineplots_sum set
   <distributions_input_filename> fit_ensemble_00000.histogram
   <distributions_output_filename> lineplot_sum.gnuplot
   <min_x_value> 0
   <max_x_value> 80
-score_ensemble_size not set
   <weight> 1 (default)
-use_pdbid_numbering not set
-full_atom_sl_score not set
-calc_singl_hist_mean_stddev not set
   <out_file> mean_stddev.txt (default)
-extend_exp_histograms not set
   <min_boundary> 0 (default)
   <max_boundary> 0 (default)
-add_probability not set
   <add_probability> 1.0 (default)
-remove_probability not set
   <remove_probability> 1.0 (default)
-message_level set
   <message_level> Debug
   <message_verbosity> Summary (default)
-runtime_environment not set
   <environment> Default (default)
-combine_sh_ptr_by_address not set
-logger not set
   <logger> Default (default)
   <logger_identifier>  (default)
-enums_files not set
-histogram_path not set
   <histogram_path_name> /blue/meilerlab/apps/bcl/histograms/rev_4349/ (default)
-scheduler not set
   <scheduler> Serial (default)
   <number_cpus> 1 (default)
-random_seed not set
   <seed> 5489 (default)
-opencl not set
   <platform> NVIDIA_CUDA (default)
   <device_type> TYPE_GPU (default)
   <device_ids>  (default)
-opencl_kernels_path not set
   <opencl_kernels_path_name> /blue/meilerlab/apps/bcl/opencl_kernels/rev_4270/ (default)
-opencl_kernels_binary_path not set
   <opencl_kernels_binary_path_name>  (default)
-model_path not set
   <model_path_name> /blue/meilerlab/apps/bcl/model/rev_4356/ (default)
-file_compression not set
   <compression_type> Uncompressed (default)
-file_compressed_alternatives not set
-mysql_databank not set
   <mysql_server>  (default)
   <mysql_user>  (default)
   <mysql_user_pass>  (default)
   <mysql_server_port> 3306 (default)
-readme not set

=crt=bcl::random=> Seed was set to 5489!
=dbg=bcl::app=> mutant mutant_59_A_159_A
=dbg=bcl::app=> score 0.011095
=dbg=bcl::app=> tmp mutant_59_A_159_A
=dbg=bcl::app=> target_id target_distribution
=dbg=bcl::app=> ensemble_id ensemble_distribution
=dbg=bcl::app=> spline_id spline_distribution
=dbg=bcl::app=> width 0.5
=slt=bcl::app=> bcl has run for 00:00:00, peak virtual memory used: 889 MB, peak physical RAM used: 54 MB
