A -308.67 -308.67 0.0
C -307.369 -308.67 1.301
D -303.78 -308.67 4.89
E -304.676 -308.67 3.994
F -307.544 -308.67 1.126
G -306.913 -308.67 1.757
H -305.034 -308.67 3.635
I -311.071 -308.67 -2.401
K -305.744 -308.67 2.925
L -309.073 -308.67 -0.403
M -309.963 -308.67 -1.294
N -304.114 -308.67 4.556
P -114.564 -308.67 194.106
Q -305.731 -308.67 2.938
R -306.274 -308.67 2.396
S -308.65 -308.67 0.02
T -308.444 -308.67 0.226
V -310.535 -308.67 -1.866
W -308.003 -308.67 0.666
Y -306.151 -308.67 2.518
inputs/1qd6_tr_C.pdb 181 D nan nan nan
inputs/1qd6_tr_C.pdb 181 D -260.384 -265.682 5.298
