SEQUENCE: KQFTKCTMFHTSGYDTQAIVEYGLFQIS
SCORE:       score     fa_atr     fa_rep     fa_sol    fa_intra_rep    pro_close    fa_pair    hbond_sr_bb    hbond_lr_bb    hbond_bb_sc    hbond_sc    dslf_ss_dst    dslf_cs_ang    dslf_ss_dih    dslf_ca_dih    atom_pair_constraint    coordinate_constraint       rama      omega     fa_dun    p_aa_pp        ref    linear_chainbreak    all_rms    backbone_rms        rms    score_orig description
REMARK BINARY_SILENTFILE
SCORE:     -14.197    -81.596     11.452     42.824           0.300        0.000     -0.055         -3.365         -3.926         -4.129       0.000          0.000          0.000          0.000          0.000                   0.000                    0.000      4.138      7.342     17.788     -3.040     -2.190                0.260      1.151           0.537      0.385      1494.394         S_0
REMARK PARENT_TAG S_008_000011
REMARK SOURCE REGION_15_14/start_from_region_16_11_region_20_14_close_loop_sample.low4000.out
FOLD_TREE  EDGE 1 15 -1  JEDGE 1 28 1 N N  INTRA_RES_STUB  EDGE 28 16 -1  S_0
RT -0.950697 0.310114 0.00225649 -0.202662 -0.626763 0.752394 0.234742 0.714841 0.65871 9.5713 12.3762 8.2329   S_0
ANNOTATED_SEQUENCE: K[LYS_p:NtermProteinFull]QFTKCTMFHTSGYD[ASP_p:protein_cutpoint_lower]T[THR_p:protein_cutpoint_upper]QAIVEYGLFQIS[SER_p:CtermProteinFull] S_0
LOO0DBRFDUHUEZXYQhvfHBxFuaH0Ng9XQLLyIBNcSVH0cUoWQx57JBZjsLHUsekWQqIoMB5e3cH0G/XYQisWQB9JBlH0SbDYQ9H9UB9z5nH0XIhYQIm3YBV0gvHUrlLYQXdPdBxK2yHUEBpYQcC5EBhoURHUJO0YQGuOABtd5WHEp0fYQrHjCBxxENHUWbLYQlIbFBhlYiHUPhzXQ2XbLBB4sfHErj3YQLJtOBFcPVHE4LbYQjM8RBtwmhH0a1LXQ5rDOBNAMsH0Q93XQGKUTBxerrHUFv9YQoSCXBp7kgHULHqYQS1kaBpberH0JyfXQFWqWBJjj2HEBDBYQOgvfB9P43H0biZYQwRqbBNcm2HkdtCZQnjSfBJwUsHkpxyYQ S_0
Ly5bIBRgqbH0HclVQKzsJBpzMYHUkZOUQdqRPB5++cH0zj6TQeALQBlEYmHEjDNUQaHgFBt8AcHEe6NTQlsTGBZ6vXHE7yzRQoi1BBZ/BbHkwp3QQTUF8AFIegHEpTRRQs7PCB5jtXH0vWOPQNLSHBd+TjHUEapVQiEjJBpHaPHUX7MUQdxnBBdJdZHUhRmTQzhrFBRfukHExUNTQe9EKBpthYHk3VRRQxKtFBxwZPHkruFSQ9e1+AdLoZHUhG5NQu7YFBZSTTH0XNqOQ S_0
LQihSBBCBWH0kZWTQWQAYBdueZHUiC/SQ2k4XB9YQcH0AXfRQRhLUBpmZZHkEEwQQ0+JcB9EzQHUTtRTQistcBp0KOHEJGvUQ2thaBZizUHkICtVQLabfBFBEFH0fNJVQIdCbBdRZSHUf+CXQIR8fBhNoCHEHDfWQenvdBdtTJHEc/bXQernRBpHaOHUO1ITQeALZBhuegHUCYlTQc3DbBBzYJH02fxSQn0CgBRXXTH0a07SQogYYB1L/bHErPZVQaTlgBdcy/GU3DZUQNQTZBlirXHk79yXQwpChBJWc7GkBuyWQ6wJeBNBaHHkU2PYQ S_0
LYlDcBp46hH0KIIRQsHFdBdbnkHE+VZPQ8SngBVsybH0iYwOQcSshBVCsXH08oYQQDDVfBRo6vHEb95OQK7PiBxq1wHk7AEQQEVnbB1pV4H01cCQQnbyeB5qxkH0a9wRQFtoZBtR2kHUoyBOQobufB13MxHUjkwMQTCNjBtJs2Hkm8UPQUTRdBRmIAIU1ZtPQabsXBlut3H0LtIPQwGObBVCE3H01HHRQ S_0
LlCHhBB5lZHE+UTMQoEDjBB2jRHEqxbLQeo1lBBkCTH0GvkMQVjHnBF7RLH0IFeNQISNjBFVdRHkaRYIQkXckBVaebHkl3UGQggckBJ18aHEAxPAQRUwlB1gzkHkZco7P2hxlBxWZkH0HGgQvdSMgBRaRdHUCDyKQcnPiBZc9JHUArMMQqMZkB9nfKHUydoHQGCLhBdUgQH0CJRHQiWSjBBXZiHEPfoHQKcfmBZINcH0RPxHQ+ailBd8zTHUQcB+PEfYiBBPZaH00pu9PIjpkBpU1rH0ABR+PsdznBFPRlH0bbk+PPHqmB5yDrHUYbqsvuSzmBNV4dH0ZH3qvJC4jBJN+jHkW/9rv S_0
L7m0jBRbnRGkB7RFQQJ2hBViBPGkRbHBQPyWfBdlDIGUzxrDQholaBpYQKG0BnEDQQUdjBp5sIGks7+5Pa2ImBdaKQGUGXBvPHZrlBNuePG0lnPEQb78gBNHaWGkmlD/PLIZkBNhxBGEOSv9PfWKiBpYDGGEve+tPA9+mBJqPIGUwy8pv S_0
LcRmgBNwKAGkhPqGQFsydB9w1xFksEzIQnDNaB9yh8F0Py2KQXjXVBV/p2FkGX/KQSplgBBVugFULlOKQ8DJiBNDLVFEmGTIQeOmdBpmLRF0WJvLQpEjiBF7R9FUZJGHQoDNbBVzMrFULrcGQP67hB9ploFEwWoLQCWsjBNSadFUQ7pHQW9BgBhqNFFEk/uMQI4QbBVc5ZFUeIONQt75aBZYTJFE9cVKQ S_0
Lz2ZcB1FZFGkipbMQ9oQZB9d+KGk+RhOQAAAVBB35RGUKFONQyLdQBtTiSGUudOOQtC4cB1kzRGEraJQQ9JcgBFUdLGEpZ+QQAdsdBt9RCGUgeHSQhIKeBZ6EsFEldMRQTMIgBpTiHGkSJWMQN0CXBNnEFGE/8tPQhrAfBtPSXGk5s+OQpIRaBlJWWG0m/zQQaythBZo+GGkdrSQQNwphBlzGRGUvsiRQJqWcBpgJfF05WxRQ2fDcB5DytFkdrPQQDTLhB52XoFUIUARQ S_0
LSgVWBNYlWG0Cr8KQUhrSBxFZdGEzLdJQTffNBZHaXGEX5wIQ97HJBRbnbGkbnPJQ7aYVB1YfhGEZX0FQjAsRBV2gnGUVJKCQW1lPBdWVxGkmpqDQUJTQBl1XjGkkGa6PsQMMBda42G0tXTAQQB6MBxy5oGES8puPYZ2KBJ3qyGUA1i1Pgp7ZBRsyVGUQJGKQYO0RBpoFkGUWO0KQlGoYBhK8mG0IP1GQEq9WBdjzaGEX7gDQw+pQBdzq0GEcZjHQ2D7RB56pbGkWM63PDpkKBdsl+GUIdiBQDV2LBJ7jlG0wlNwvfxKIBtBC3GU6RwjP S_0
L33POBNAAOGU+mEHQ+RhJB97nHGkc7cFQ025GBRbnCG0YPKJQBqGCBB03/FUaQAJQylCLBhHw9FENBcBQgC7MBRzHDGU49U4P+giJBFiDIGkSbJhPkC1RBVwKDGUcM/uPzlSMBpg9KGUpK02vI0URBJcFIGkDPD0vPdzRBlqxKGErDNGQRdzGB1hWNGkzggDQtbSOB5d/zFUqzBDQNEmHBp3mzF0ovmAQ9ytVBNvMAGEbYu0PO1UKBZYBPGUp+C+v5DWUBVqRJG04rQ7v S_0
L557JBZHaBG0GDSLQTiBIBBtd4F04OvNQKxgEB1U4CGUmYgPQf1hAB91h8FE8cSQQ7uwMBxbwwFUsFdPQKnnPBV5UgFUBeDOQjcyKBFi/nFkQsDRQS2uNBB35DGEVMYLQNzMFBZUNsFEULCNQNrcPBVuL+F08I0PQmCKTBNSDfFUMPyOQvWMOBVioiFU1mpRQ4zpIBBgg0FENOmRQ3zGIB54jaF0ZN4QQ S_0
LxB6FBttENGUhmyPQdL4CBdPXUGk+rvQQ7vKCB1JOfGEb6EQQFVI8ApPfkGE/9PQQFwoFBBBoVGU8gFSQSykFB5zHMGkGE1SQAhJJBlB2PGUKezOQsG/9At6MRGkv9CRQkgxJBJx/XGEkb6RQ3MmDBxr2bGk2tpSQTbLJBNotJGk6A+SQ S_0
LGHMGBJ7hiGkZCoOQYtVGB9XUtGkHQhNQVVaJBh050GE29VPQmjIIBRyY+GEMahPQjGOJBNNcdGEbEOOQWgSIB59FtGkbfkLQfuQCBh2PwGUKfSNQ S_0
Lc/dNB96qwGE6OWQQKHmQBF682GU94SRQ67ONBNaN6Gkx5fSQJErOB5fiBH0tNPTQF15SBpI5AH0MQnQQycFWBRJf+G0IYuOQH5GaB9712GUOUvOQGLDVBh82DHkFoWMQiuBdBJdn0GU7cdMQTM8XBpisBHEG+DKQOZ7bB1NE6GEa4HKQFT0eBlC43G0ZQsHQATaOBxs5oGkS2MQQVR5TBN5JyG0VlrRQw4iPBB5FGHUJNXQQ32dVBRI4EHEKyVRQZ/8aBdekyGUs9SQQXX5RBtR4JHkZZUMQypFgB98luGkgFgMQMaEXB93AGH0p9NIQ9eudB5yG8GkCUrEQ S_0
LnzvIBZGu0GEjJsSQUjhFBRoE2GUhK5TQ1dGIBxbjwGEsrFVQOyXLBVeTpG0Bb7UQj5mGBhxB0Gk/bSWQRIdIBdR5uGU61gXQjBv/Ap6uxG0zCrTQKYu4AxFt4GEYGySQid17Ap/kBH0sLgSQ/S+wAlls0GES6QSQUbiHBxcevGkO8+RQP+PFBVki+GEnVJUQ2Il/ANMhpGU7nTTQect8A9E+xG0NesUQ S_0
LXXxGBBZE0Gkw9UWQ7BlIBB+auGkbUhXQyB5DBd9irGUUmNYQ6/nEBl01mGE9svYQp8BIBldtwG0X0GVQu+oMBlAH1GEVSKYQJeFKBFSk+GkcRaYQuAWRBFHS4GktScXQVQgEBlDt6GUiobWQ7XdKBJ04mGkqHPXQDKFOB9bYwGElOlYQDIwJB5+sDH02kDYQe7KUBdBA9GUi0AYQAmUTBRwGxG0EfEXQUD6PB9CB9GE2dmWQ S_0
L4IJ+AVxZuG0ql/XQCCf0AFC8rGUrBYYQWcbsA9E3lG0yZ5XQX9viA9N8mGEPiCYQyRXvANkN2GENHpYQi6R2AlVT8GEazIZQF0LxAJ/uGHUZ7WZQ8kApAlMIKHE5bFZQfrA2A595LHE9o2ZQiSf9ABlYyG0YlHXQ9Rf2ABfumGk+zyYQynqtAtpP7GkgcNYQqu3nABP5zG0SW4YQyh15A5Ij4GEO4kZQnvi8ApUH+Gk+mxYQDHBzANg1SHUvUBaQgno8AlG4IHEX4DaQ S_0
LMyewAR3dfG0Mt9WQQrppANRAZGkSfGWQpU6lAJF6OGkTJ0WQFFasAtYpIG0suTXQt6fvAp0KWG0nI0UQp9f4ANqEfG07Y2WQ4piiANZodGEgT2VQMfSqAZFWRGUjoLUQuvrxA9zedGEOYSUQFls2AZQpRGU8SDVQ S_0
LiczWA9gXNG00a3WQuulNA9RxDGk7idXQxHCAAJRU7Fkl8cWQpE/b/oeXBGEL0CWQh8j//oXeGGENHWYQLFPNAlaKMGELJ4YQ/jZr/0Rx4F0vXoYQDvYAAl1LQG0h1dZQLJ9MABY/SGEM3eWQpMIaARXW8FUYBwXQTJem/MoCMGUFnMYQ7bPZAhUfGGEmRDZQMsJVA914SG0cjoYQO3AQ/wL48FUjKEZQCFfO/o2TxFErKQYQF0PCAJjotFkt6xYQh3ALAt+HUGU/k0ZQ5lwo/s+3VGE8uSZQvd9w/8jeJGkietZQ S_0
LJjsHAt0ioFUHZDWQB1N5/AUibFUmtDVQkYQs/obnFFEDrkVQdArCAJOJ4EEGY9VQ9ffKAlMfYFkBMzTQTyf+/Ap+JFk4OzSQWmmPAJ3/tFEBgKTQYlRVAlCGiFUOTZWQD7mU/gMdjF0aQ4UQuUtZA5eVRFEGwFUQaiSJARq/HFEPu6RQOyu4/g7Z6EkOaQTQ7lFg/oWIRFE1lgSQ5fbZARHjrFUMvRSQLUwAAZk91F0Bd4SQWOSYAZK73F0rK4TQ S_0
LhWkiAdEDuEUDXfXQA/ptAt+p0EU2jSXQwvfuAxnaMFEwfqXQYJGnAxKHYFk0iUXQV2PxAp/2wEk0K2VQsM7xAFZZZEkEocVQBGk1AZw8WEUfcBUQq0G3A1V6mEUxrXTQd6q3AFhNFEkArnTQ44laAFXP2EkKG8WQ+89yAVgArE05Q7XQQ+grAhSB5EEw8MVQNEG5A54Q4E01LvVQpAF3AlE9PEU0TGWQ7WtpApkyTE0SjiVQ S_0
LQtI3ANz3RFUIwKYQXCs4ANX6mFkV5cYQ+3PBBNLdzFEbSQYQuWkFBdEuqFE+pKYQxzk4A5X4kF0jsNZQO8+tAxZbdFU/vfZQT/vrAVXzHFkOOkZQ4QQmAFVDsF0OVsZQooFiA1H6AF0Vr0ZQ3nIZApJWlF0L28ZQ8kBVANCwPFkR+AaQ6iwBAFD/IFkpbRaQc2O9Apx2HFEGEQYQp46xAZbSwF0teQYQQ00+AhEgZFEqZWZQLhh6AZyk0FETuaZQ4cxxAF+K8EkccaZQNL7nApjF9F0T+oZQ/RcgA1i3vEUu/3ZQ/hLNANCGxF0HhGaQ6Y2w/YGmUFk48YaQ S_0
LxsdABtkYEGE1jOYQMpwEBZa8LGUrdGYQolDHBZHFMGEKz0WQvrHFBRYQHGkFF2VQ8qx5ANO0HG0EuSYQasTDBZ1BUGkueMYQZTFIBJUNKG006bYQ S_0
L/fqLB9b9RGUkvvWQq7cOBtteTGUcVeVQ5GPQBZP1IGUHy2UQYyWQBhS3HGkfCnTQxXSTBdJ3aGk4KrVQml5VBlU8eGkZjYUQAFjYBx1upGEcZoUQWJ+ZB1+yWGUbE5TQF3ZNBVyhVGUoyhXQnktLBN++WGEU6uUQROVRB1tbhGELiMWQJ0RWBBiQXG0p7UWQNewSBRbjfGUYaoTQgEZaBFRksGEaYtTQZ8iVBp8evG0/b9UQAombBls4oGEKpZVQcp0bBRGtZGkUU+SQUeCdBZeoVG00xpUQpO+XBZVNPGUOcsTQ S_0
LCOpRBtwgBG0VRuVQsVuTBp15tFkcATVQ/PVPBh+UdFk27HVQSIQQB5TjLFEHclUQP/1XBpdnlFkpXTWQOi1cBpI8yFEUAYWQepfdBh5ABGkQPYXQYQcgBdNbwFEzJcVQExChBBgJHGUyjcXQ7TviB9jp8FEtWgVQjgCjB1czFGkjpgWQ8IbRBlteCG0estWQWcdVBRVkvFU9rSUQD2IWBt4clFE5gTXQCNGZBl1fVFUdDCWQWtVaBNiECGUP1DYQSDNgBFLnkFENWpUQ+nRhBxFDNGEnrHYQUKUkBleg6F0r7wUQ5R2kBl7oKGEy9jWQ S_0
LJqmKBpW6iFEQ3kVQNaxFBtnFVF0vLdVQ8kYHBB9T/EkzjCWQwI7GBpFvuEkZnXVQn15DBVpuSFkDWAUQ+AGCBBehnFksKXTQml14AhwftF060vTQMoR1Ad9MpFEud3UQKhEzAxaZ3FEfb0SQVH6JBJS3wFUOLCWQE+TCBt68bFUQ2+VQzNQHBZnDMFUAicTQTAnABhqTHFUJtAUQjFgEBVgD2FkQXYTQhvCCBVFDhF0gWWSQKfhrA1ku7F0YABTQUER2A1vi6FkjH7RQ S_0
L4MTJB1Nf/E0juRXQnX6KBt8TrEEBt4XQem5FBRgrhEkMeRYQwyBDB9gWsEU++pYQcRZPBRYMuE02odYQv1bUBxqK3EEGYIYQifmQBdxDZEk3vzYQ2BrYBpFW+E0fwnYQsYwJBJwgMFURN2XQ+naMBdGFgE0JIIXQuDIOB9g75E0eV1YQJnDWB1woqEUeznXQmINTBxktEFENbpXQj7xTB9NYbE06JLZQBLBNBJmTTEkJ5DZQdD4RBJPUNEUZDcYQUrHcBJ0gEFU5TWYQ1hDXBJA6KFUKP8YQFO6ZBhS1wEkLa7YQ S_0
LShLFBpHbNEk6RFYQrHlABJ79/DEuJRYQeBhABxZSwD0vK/YQyisEBNmFlD09TRZQV+v4AFvmuDkugSZQl3UABRfsZDk3ymXQBNY4Ahih9Ck218XQitzHBxnwFEE2PlXQT5Q6AV+pKE0teMYQngW/AVtIlDkevlWQc5HEBhrrIDkI9pXQNQV4A9b0lCUvvVXQ S_0
SCORE:     -10.113    -82.953     14.991     43.636           0.324        0.000     -0.067         -3.405         -5.854         -1.604      -1.327          0.000          0.000          0.000          0.000                   0.000                    0.000      4.946      7.751     18.547     -2.959     -2.190                0.050      1.522           0.843      0.709       552.562         S_1
REMARK PARENT_TAG S_037_000001
REMARK SOURCE REGION_15_14/start_from_region_16_11_region_20_14_close_loop_sample.low4000.out
FOLD_TREE  EDGE 1 15 -1  JEDGE 1 28 1 N N  INTRA_RES_STUB  EDGE 28 16 -1  S_1
RT -0.950697 0.310114 0.00225649 -0.202662 -0.626763 0.752394 0.234742 0.714841 0.65871 9.5713 12.3762 8.2329   S_1
ANNOTATED_SEQUENCE: K[LYS_p:NtermProteinFull]QFTKCTMFHTSGYD[ASP_p:protein_cutpoint_lower]T[THR_p:protein_cutpoint_upper]QAIVEYGLFQIS[SER_p:CtermProteinFull] S_1
LOO0DBRFDUHUEZXYQhvfHBxFuaH0Ng9XQLLyIBNcSVH0cUoWQx57JBZjsLHUsekWQqIoMB5e3cH0G/XYQ1hWQBFsBlHkvcDYQpn1UBt0NoHkXxhYQFKxYB9LzvHU1RMYQNy/cBhVgzHkoVqYQcC5EBhoURHUJO0YQGuOABtd5WHEp0fYQrHjCBxxENHUWbLYQlIbFBhlYiHUPhzXQsXbLBJXsfHEak3YQsRtOBRiPVH0AKbYQUbDSBNpghHU3GNXQ9cBOBhHFsHEK51XQ3UFTBtkHsH0Uq9YQH/7WBxPAhHUV4rYQ2VnaBhqnrHkSBjXQeziWBxnr2Hk9WAYQ71gfB9ig4HUz3aYQHTSbBxFZ3HU4KDZQ25DfBxdItHU+X1YQ S_1
Ly5bIBRgqbH0HclVQKzsJBpzMYHUkZOUQdqRPB5++cH0zj6TQeALQBlEYmHEjDNUQaHgFBt8AcHEe6NTQytbGBV4GYHUPEzRQXw/BB5xdbHUji2QQq0n8ANURhH0hJPRQIGUCBNQzXHEl1NPQNLSHBd+TjHUEapVQiEjJBpHaPHUX7MUQS4oBBVwKZHUc5kTQyGkFB9zukHEsRPTQntOKBFfIZHUtzRRQcd4FBRlrPHE54CSQ09/+AByvZHE8L4NQudXFBVaGTHkvXrOQ S_1
LQihSBBCBWH0kZWTQWQAYBdueZHUiC/SQ2k4XB9YQcH0AXfRQRhLUBpmZZHkEEwQQ0+JcB9EzQHUTtRTQWYncB5P+NHUb3uUQBHAbBZnIVH0jjtVQGeqeBR6JEHExAIVQHFbbBxziSHEbSDXQJcFfBJjiBHU0odWQ+oddBJ6vIHEjVbXQernRBpHaOHUO1ITQeALZBhuegHUCYlTQ1YHbBVrcJHk0KwSQhYDgB9ucTH0YU9SQ4kYZBpM4cH0DiaVQKk8fB9jd+GE4QXUQUBJaBl2PYHEJ4zXQAZWgBhzy5GE0iwWQkOzdBdBtGHkAcPYQ S_1
LYlDcBp46hH0KIIRQsHFdBdbnkHE+VZPQ8SngBVsybH0iYwOQcSshBVCsXH08oYQQEDVfBNo6vH0a95OQh+PiB5g1wHUn9DQQQdnbBVoV4HkagCQQnbyeB5qxkH0a9wRQFtoZBtR2kHUoyBOQhQufBhANxH0WkwMQSENjB5As2HU20UPQYbRdBdlIAI04gtPQcesXBp0t3HEZ5IPQEaObBF4D3H0gLHRQ S_1
LlCHhBB5lZHE+UTMQoEDjBB2jRHEqxbLQeo1lBBkCTH0GvkMQVjHnBF7RLH0IFeNQISNjBFVdRHkaRYIQ3EhgBVsTQHEKm9FQst1gBZSLQHkds0/PoqUcBhirOH0QMP6PG03cBZB2OHUhL7kvdSMgBRaRdHUCDyKQcnPiBZc9JHUArMMQCLJkBNF9YHU87iHQdwfkBpeyKHEs4oHQ70LfBZa2IH0ZTRHQiVgeBpPBXHk3pHHQimuhBtpvXH0b1U9P4BLiBp1nJHk9uq9POspaBZICHH0OIv8PZtqZBd9HVHkfwv8PxTPZBdS1NHk02AyvM1aeBRQ8VHkUywvviHVfBZu3IHEWCyvv S_1
L7m0jBRbnRGkB7RFQQJ2hBViBPGkRbHBQPyWfBdlDIGUzxrDQholaBpYQKG0BnEDQQUdjBp5sIGks7+5P/1ImBNbKQGkfPBvPHZrlBNuePG0lnPEQb78gBNHaWGkmlD/PgIZkBFixBGEkSv9PaWKiBRXDGGkAi+tPs8+mBtqPIGUa48pv S_1
LcRmgBNwKAGkhPqGQFsydB9w1xFksEzIQnDNaB9yh8F0Py2KQXjXVBV/p2FkGX/KQSplgBBVugFULlOKQZdAiB18PUFEsOSIQVHodBtzESFkou4LQpEjiBF7R9FUZJGHQoDNbBVzMrFULrcGQEzBiBp5ooFUn/hLQ9JkjB5J9bFU6daHQE5CgBFDGGF01b4MQg6fbB9qfbF0vWYNQ7CwaBZVJKF0RZlKQ S_1
Lz2ZcB1FZFGkipbMQ9oQZB9d+KGk+RhOQAAAVBB35RGUKFONQyLdQBtTiSGUudOOQtC4cB1kzRGEraJQQpJ+fBlFiLGkEpMRQ2zpbBVZ3EGUUNYSQeHbbB1tXvFUfgrRQTMIgBpTiHGkSJWMQN0CXBNnEFGE/8tPQIBrfBxx5VGkoa+OQlVUaB1ErXGEl9oQQrSNhBZ8lFG0X3rQQ1uRhBlYGRGUK5uRQfd5YBNhLlFkoLTSQ7ByZBJmHwFEP5qQQQLdfBNPvoFkXJpRQ S_1
LSgVWBNYlWG0Cr8KQUhrSBxFZdGEzLdJQTffNBZHaXGEX5wIQ97HJBRbnbGkbnPJQ7aYVB1YfhGEZX0FQ9C3RBZAioGUxGdCQNAJRBRcOzGUiyvDQmgQPBhlekGkVc/7Pwq5NB1ft5GEE8pAQgZBMBxS8qGUHXlzPB8VLBNok1GkJed4Pgp7ZBRsyVGUQJGKQYO0RBpoFkGUWO0KQAr5YBheNmG0dK1GQW8jWBBWyaGE9CTDQ/uKTB1Dg2Gk8mPHQ0xyPBVDFcG0ds45PltXNB1WGCHE63tBQJFAKB9EqnGULtmhvEUyIBJKr6GkFtWuP S_1
L33POBNAAOGU+mEHQ+RhJB97nHGkc7cFQ025GBRbnCG0YPKJQBqGCBB03/FUaQAJQylCLBhHw9FENBcBQW78MBR2HDG0GWW4PCcpJBdshIG0/I4iPrc0RBNdwCGUwqeuPzDaMBtzTLGklTc2vxxXRBRr5HGUC2F0vPdzRBlqxKGErDNGQRdzGB1hWNGkzggDQZbROBpx7zFEqbCDQbrlHBNfqzFULnlAQCOpVBVts+FU45H0PSCgKBNBsPGEBZu9v1RYUBVe4IGkgdW7v S_1
L557JBZHaBG0GDSLQTiBIBBtd4F04OvNQKxgEB1U4CGUmYgPQ3PdABFOq8FEi0QQQ7uwMBxbwwFUsFdPQBZmPB1IPgF0F6DOQwnyKBpiHoF0X6DRQS2uNBB35DGEVMYLQNzMFBZUNsFEULCNQxedPBJQK+FExezPQY7ITBpO8eFkkgyOQ0hMOBhbwiFUv0pRQz6qIB54s0FUjRmRQhLGIBpXtaF0mw4QQ S_1
Lw3+FBtSANGU+C2PQy67CB1jTUGU/DxQQmtZCBBXRfGkBaHQQEtW9AZHRlG08PaQQlKkFBprSVGEDKISQJ8jFBVXkLGUex0SQH7SJBBotPG0OG6OQJ5+9AZtQRGEBUCRQ/xrJBVs6XGkBQ/RQOlZDBJcPbGUMftSQEpLJBtwaJGEH9/SQ S_1
LmUJGBdY2hGExXdOQbxbGBZfgsG0FHSNQ9s6JBdq6zGUAi9OQ+aBJBZFm9GkmzCPQrK3IBlHScG0tX6NQFSIIBRB6rGUM6RLQqmaCBN31vGUyJKNQ S_1
LVJ5NBxHUvG0OiJQQtyWRBZYa1GUumCRQdoHOB1vK7GkFLHSQfyCOB5SAFH0QxKSQf1rUBB1e9GEjuPQQWWsYBNSZ4GECZnOQjyZZBJBZtGET5jOQq+vbBxcn+GENr5MQuyDdBFDtoGEhi2MQgmafBRMB6GUQuLLQ/5BgBleDvG0PhKLQ0f2hB9tbqG0aKdJQ3EiOBdyYnG02UCQQJYEUBpABwGkxGkRQGb5RBpeYCHEjAWPQZByWBV+eCH0S89QQaMBXBlPboGU+k5PQfUObBZbRHHU9S7MQW2kdBVGDgGEwN1MQvG5gBdHD/G06j2JQmIyiBNOkvGku1XIQ S_1
LWqcLBRr+0G09g9SQ9u8IBh9T5G05XKUQJR3IBhpExGkGMSVQ60GIB9TinG0tsCVQTPpJBBvz0GEf1gWQxvQKBlErtGUL/pXQ9hQDBJzH9GU382TQlE6+AVGT0GEZfaTQqa2ABZ6GrGEKIjTQsH71AR1v2GUu2FTQj+ILBJdEtGk8QxSQ1HRLBNuFAH0G6hUQpecBBhxnBHkeNrUQF6CEBRaeCHk6TBTQ S_1
LxvnJB9dz0GEz5gWQlIVKBJZstGEv/pXQgSEFBZp6rG0TgMYQPCpEBxU1kGkRqnYQKs4IB9hCxG03OSVQU0fOBtfHyGEurUYQSftMBdxN8G0mElYQLB4TBZLlzG05Y9XQlLsJBNBz8GUKTqWQHzpLBtY2lGkEBUXQfk7OBlChsGkvLvYQiqjOBx3w9G0+S/YQZFxWBBYt2GkNmVYQG8QVBhb5rG02ClXQzecTBl3L5G0IdIXQ S_1
L0IEBBR4YyGkG6BYQhEZ3AtW8wGkDMTYQDj9vAh46rGkDYkXQl6srAxVbxGEAqsWQ0ayyAdmq7GEAFiYQ7Af4A53dAHk+eIZQshV3AZWo5GkyUwZQp2guAd/N2GEso7ZQrTIABtXn3G0L8FaQFmwBB94d4GU+saXQqcr3ApCcrGkaNuYQFOUzAV7HBHEG9GYQ18ZqAV+Q6GEA4pYQDrWAB1qVDHEQHHZQ4ZEzAFgRHH0kOLZQP+//ABkJzGkdggaQy1nDBhYj6GURr7ZQ S_1
Lq8buAxtbhGEM/qXQrrfnAlhpbGUr+vWQHSTkA5TzQGkzUUXQAxwqApcWLGU6v8XQfZ9sAp7TaGkDnZVQvsLyAtPXdGUYDNYQ0GLgAV2PgGky3mWQ+4qnAFp+VG0yTuUQrtvuARQKiGUbx+UQqDX0AdU1VG0yxhVQ S_1
LHCmUABatNGEBtFXQ8+oMAFMXDG0EviXQpXJAAhoa7F0lTcWQPnBg/ImzBGU9M9VQrQj8/82gEGUGIZYQMvmKARn3JGUro9YQRYqr/8qSzFEADnYQm+S6/sEFMGEL2kZQ60oKA53pSG0mplWQyQ4ZAh9+7FUWPxXQXpxh/kTwJG05bRYQvuyXA1RlEG0NKGZQo/+QABPYRGE8SxYQHx3O/gQN1F0cMDZQ5lAS/oiQsFk8LNYQqIODABczoFk/xuYQpC/GAZb4PGUYU9ZQLz0f/oYYRG07WcZQsNjt/ohlEG0tPxZQ S_1
LJjsHAt0ioFUHZDWQB1N5/AUibFUmtDVQkYQs/obnFFEDrkVQdArCAJOJ4EEGY9VQ9ffKAlMfYFkBMzTQfPj+/4d7JFkkVzSQ6TjPAdl/tFEHXKTQcvLVAR6AiFER0ZWQD7mU/gMdjF0aQ4UQPcuZAFHYRFUlxFUQmPUJA1h8HFk106RQ7/24/QEX6E0SnQTQA0Gg/QjCRF0BrgSQLQYZA51irF0ZmRSQ9yrAAlu61FESS4SQ4wNYAtP93FkH93TQ S_1
LhWkiAdEDuEUDXfXQA/ptAt+p0EU2jSXQwvfuAxnaMFEwfqXQYJGnAxKHYFk0iUXQV2PxAp/2wEk0K2VQzW8xABVZZEk/qcVQUwi1AN28WEUAZBUQpr/2AxU6mEkWaXTQ3gt3Al3OFEUkunTQ44laAFXP2EkKG8WQ+89yAVgArE05Q7XQudgrAdx/4E0e8MVQvqF5ABdS4Ek0JvVQpKI3AVK/PEEqOGWQ1JvpAp5vTEkw2iVQ S_1
LQtI3ANz3RFUIwKYQXCs4ANX6mFkV5cYQ+3PBBNLdzFEbSQYQuWkFBdEuqFE+pKYQxzk4A5X4kF0jsNZQKOMuAFYPcF00jfZQw1TsAl8YGFUnlhZQreTmA5C+pFUIauZQIs1iAJZa+EE52xZQiInZABULiFUzw+ZQS8MWAZLYMF06bAaQQEUDAJ+hEFkUuQaQc2O9Apx2HFEGEQYQp46xAZbSwF0teQYQUMI/ApzOaFEKiWZQ+yD6A5fx0FEUvaZQhYdyA1Jd7E0+AWZQoqsnA57K7F00+sZQYDehA1UNtE0gPzZQOlZNAx9OtFETPKaQWLaz/gMmPFke8ZaQ S_1
LxsdABtkYEGE1jOYQMpwEBZa8LGUrdGYQolDHBZHFMGEKz0WQvrHFBRYQHGkFF2VQ8qx5ANO0HG0EuSYQasTDBZ1BUGkueMYQZTFIBJUNKG006bYQ S_1
L/fqLB9b9RGUkvvWQq7cOBtteTGUcVeVQ5GPQBZP1IGUHy2UQYyWQBhS3HGkfCnTQxXSTBdJ3aGk4KrVQnyKXBR5bbGURRfUQw9NUBhCGfGEnMPTQclubB1BDjG0wh0UQF3ZNBVyhVGUoyhXQnktLBN++WGEU6uUQEXNRBxcdiGk4kyVQJLcVBhe/YGE08lWQSc3YBNIeTGEA1WUQuYAXBlgefGk9oZSQOLCRBBxbZGEdVATQsJgSB1M/mG0NJaTQ0DfeBVVcjGk0i+TQR0HaBBx/qGUKWBVQ8f2dBdNKgG0T6sVQ S_1
LCOpRBtwgBG0VRuVQsVuTBp15tFkcATVQ/PVPBh+UdFk27HVQSIQQB5TjLFEHclUQP/1XBpdnlFkpXTWQ0R0cBl1CzFUtiYWQq7ZdBdYJBGE2VYXQ5QdgBl9dwFEXodVQCV/gBdEVHGE+JdXQpvviBVey8FEBViVQytAjBlA9FGUmLiWQ8IbRBlteCG0estWQWcdVBRVkvFU9rSUQ/HIWBpiUlFkfbTXQV2HZBpQjVFEjvBWQ8YNaBVnOCG04gDYQY0PgBB3hkF0ELrUQabMhB5rSNGkfzHYQY5VkBdMm6FkTpzUQCC0kBh60KGUt4lWQ S_1
LJqmKBpW6iFEQ3kVQNaxFBtnFVF0vLdVQ8kYHBB9T/EkzjCWQwI7GBpFvuEkZnXVQm15DBNpuSFkDWAUQTyxBBBNQnFE75YTQ5pJ5ABRfuF0BoBUQUWSyA1xYhFU7dXUQG753AB+tBGU91LUQVH6JBJS3wFUOLCWQE+TCBt68bFUQ2+VQlIVHB9DBNFUrvbTQsAyABNwjGF06HAUQm2QEBhJX1FEeBPTQNc3ABF+9fFUNLbSQd0MxA5MlEG06VmUQ+rq9AhEwGGEPH5TQ S_1
L4MTJB1Nf/E0juRXQnX6KBt8TrEEBt4XQem5FBRgrhEkMeRYQwyBDB9gWsEU++pYQcRZPBRYMuE02odYQu3bUBZTK3E08XIYQSbmQBt2DZEkawzYQAErYBN0V+E0PwnYQsYwJBJwgMFURN2XQ+naMBdGFgE0JIIXQgFIOBJu75E0KV1YQ1nDWB1KoqEUG0nXQQNNTBNGtEFE+ZpXQW3xTBFTYbEEdKLZQcFBNBZ8TTE0x5DZQa93RBNHUNEEQEcYQ7uHcBNRgEFEjTWYQUlDXBV95KFEdO8YQnN6ZBRI1wE0Za7YQ S_1
LShLFBpHbNEk6RFYQrHlABJ79/DEuJRYQeBhABxZSwD0vK/YQyisEBNmFlD09TRZQV+v4AFvmuDkugSZQl3UABRfsZDk3ymXQsIY4ARwh9CUV18XQitzHBxnwFEE2PlXQT5Q6AV+pKE0teMYQDmW/AluIlDUYvlWQe4HEBJfrIDUp9pXQCMV4ARp0lCUPvVXQ S_1
SCORE:      -9.801    -80.343     13.472     43.354           0.293        0.000     -0.125         -4.037         -2.853         -3.320      -1.400          0.000          0.000          0.000          0.000                   0.000                    0.000      4.562      8.990     16.433     -3.449     -2.190                0.811      4.670           3.215      3.294       901.064         S_2
REMARK PARENT_TAG S_014_000001
REMARK SOURCE REGION_15_14/start_from_region_16_11_region_20_14_close_loop_sample.low4000.out
FOLD_TREE  EDGE 1 15 -1  JEDGE 1 28 1 N N  INTRA_RES_STUB  EDGE 28 16 -1  S_2
RT -0.950697 0.310114 0.00225649 -0.202662 -0.626763 0.752394 0.234742 0.714841 0.65871 9.5713 12.3762 8.2329   S_2
ANNOTATED_SEQUENCE: K[LYS_p:NtermProteinFull]QFTKCTMFHTSGYD[ASP_p:protein_cutpoint_lower]T[THR_p:protein_cutpoint_upper]QAIVEYGLFQIS[SER_p:CtermProteinFull] S_2
LOO0DBRFDUHUEZXYQhvfHBxFuaH0Ng9XQLLyIBNcSVH0cUoWQx57JBZjsLHUsekWQqIoMB9e3cH0G/XYQwo6QBFZ3iHkKG+XQbJ4VBl4ukH0+OaYQUoPaBpYWqHUB1AYQPU+eB9X7sH041bYQcC5EBhoURHUJO0YQGuOABtd5WHEp0fYQrHjCBxxENHUWbLYQlIbFBhlYiHUPhzXQHJgLBBTghHUfI0YQYPMOBJ4HVHUXCiYQet+RBZfJeHUT5FXQY6RPBBOiqHkGypXQiIxUBFzopHETt1YQAnWXBJABdHUgYlYQdfdbBNXHlH0RdNXQQflYBN7txHk7bnXQYn4gBx9owH0O1JYQTS2dBpryxHkLD0YQqcQgB1lGmHUq+nYQ S_2
Ly5bIBRgqbH0HclVQKzsJBpzMYHUkZOUQdqRPB5++cH0zj6TQeALQBlEYmHEjDNUQaHgFBt8AcHEe6NTQjQi/Aln9aHEp9sTQYTF4AB94iHEF+BTQozg5AphnsH06KJTQgKDwAJgxeHUuIVSQNLSHBd+TjHUEapVQiEjJBpHaPHUX7MUQSDZGBNFYkH01HATQ0kDGB57QXHULGUSQsnZ7AVaTTHUH0wTQQgoABlB1dHEJbtUQxj3qABMnjHkdW3RQENLvAZk1WHUOERSQ S_2
LQihSBBCBWH0kZWTQWQAYBdueZHUiC/SQ2k4XB9YQcH0AXfRQRhLUBpmZZHkEEwQQ0+JcB9EzQHUTtRTQS5CdB5J0OHUXdvUQ/lUZBNzKJHk7TfVQySzgBp/lSH0AAYVQTrIaBlyVHHU3k1WQPvNhB9TxQHEqLuWQuDseBZ0ILHkqAdXQernRBpHaOHUO1ITQeALZBhuegHUCYlTQU24aBBiNJH02D2SQViAgBNOETHE++2SQ/RuVBhFKGHkuGAVQE1RiB59CXHkRAzUQtTLXBFL5CHkZaaXQj9AjBh6xTHk/QNXQFMVfBFUtJH0yfQYQ S_2
LYlDcBp46hH0KIIRQsHFdBdbnkHE+VZPQ8SngBVsybH0iYwOQcSshBVCsXH08oYQQEDVfBNo6vH0a95OQh+PiB5g1wHEn9DQQQdnbBVoV4H0agCQQnbyeB5qxkH0a9wRQFtoZBtR2kHUoyBOQgQufBhANxH0WkwMQVENjBlAs2HEw0UPQYbRdBdlIAIE5gtPQcesXBp0t3HkZ5IPQFaObBF4D3HEhLHRQ S_2
LlCHhBB5lZHE+UTMQoEDjBB2jRHEqxbLQeo1lBBkCTH0GvkMQVjHnBF7RLH0IFeNQISNjBFVdRHkaRYIQNurgBdgeNHUod/FQLH/gBlzrNHUy+3/PFSBdBl1QJHE5XW6P3sgdBp8nJH0ZuEkvdSMgBRaRdHUCDyKQcnPiBZc9JHUArMMQe+njBhnoZHUaSfHQUn4kBpxUMHUqErHQmuSgBRjTFHkdpTHQupCeBJZmSHU6jKHQY8ThBp+7VHUUoW9P6/tiBFS3IHk4Ss9PEtdcB52ABH0u168P3flZBZkBOHUEi18PktJaBxaoGH0o9txvndBeB90RRHEQXmvvdGWgB1VNFHETlRvv S_2
L7m0jBRbnRGkB7RFQQJ2hBViBPGkRbHBQPyWfBdlDIGUzxrDQholaBpYQKG0BnEDQQUdjBp5sIGks7+5P22ImBlZKQGkPfBvPHZrlBNuePG0lnPEQb78gBNHaWGkmlD/P0HZkBNgxBGU2Rv9PlWKiBFaDGG0Ob+tPV9+mBhpPIGkss8pv S_2
LcRmgBNwKAGkhPqGQFsydB9w1xFksEzIQnDNaB9yh8F0Py2KQXjXVBV/p2FkGX/KQSplgBBVugFULlOKQWbAiBJvPUF0jOSIQ7HodBdBFSFU2w4LQpEjiBF7R9FUZJGHQoDNbBVzMrFULrcGQa0BiBB6ooFkF+hLQAIkjBpz8bFEoaaHQX5CgBlQGGFkBe4MQQ+fbBFDgbFkDZYNQ1AwaBxiJKFUBdlKQ S_2
Lz2ZcB1FZFGkipbMQ9oQZB9d+KGk+RhOQAAAVBB35RGUKFONQyLdQBtTiSGUudOOQtC4cB1kzRGEraJQQG4fgBhGfLGEjS8QQ9uAeBBtaDGEUPPSQjF5cBZhRNGUObgTQTMIgBpTiHGkSJWMQN0CXBNnEFGE/8tPQuZ6eBFgdXGESM/OQplRaBxdJWGU4Z1QQE5khBl2TGGEtDQQQuw4hB1WJRGEiQZRQplDbBpugJGUoGYUQLYWgBZ32QGki5yTQnNPaBlLeTG0FvHTQ S_2
LSgVWBNYlWG0Cr8KQUhrSBxFZdGEzLdJQTffNBZHaXGEX5wIQ97HJBRbnbGkbnPJQ7aYVB1YfhGEZX0FQJ/0RBBoXoG0O7ZCQQt8QBV6AzGE4xsDQPvWPBBkNkGEjvy7P7drNBlaW5GUNAkAQ8vFMB9uhqGkSRAzPsDQLBVCH1Gk1VL4Pgp7ZBRsyVGUQJGKQYO0RBpoFkGUWO0KQx82YBFVVmGEJT1GQ1LoWBtHyaGUEQVDQ923SBRsX2G09EPHQqFBQB5a2bG0hqr5PfbBNBV5sBHE6GoBQFBLKBJYKnGEJpikvJ8qIB1BG6GkKt7sP S_2
L33POBNAAOGU+mEHQ+RhJB97nHGkc7cFQ025GBRbnCG0YPKJQBqGCBB03/FUaQAJQylCLBhHw9FENBcBQGZ7MB5zHDGUSOV4P0imJB9MfIGkQq0iPahyRBFiyCGkOJTuPMAWMBF7RLGEiwf2v0RURBBj6HGUYSM0vPdzRBlqxKGErDNGQRdzGB1hWNGkzggDQuPSOBtx+zFEK7BDQi/lHB1inzFkGimAQ99nVBla1+FEg//zPNzaKBBeoPG0C2v9vHKUUBZa6IGE14a7v S_2
L557JBZHaBG0GDSLQTiBIBBtd4F04OvNQKxgEB1U4CGUmYgPQkkeAB1sn8FUCTRQQ7uwMBxbwwFUsFdPQ2GnPBlgSgFkmpDOQIhyKBF2CoFkHyDRQS2uNBB35DGEVMYLQNzMFBZUNsFEULCNQkAdPBpHL+Fkf3zPQUlJTBVYAfFkMWyOQQbMOBVzriF0mspRQJRqIBNol0F0nPmRQFjGIBpznaFk/b4QQ S_2
LWe9FB1nBNGUkC1PQC+yCBhFcUGEZxtQQCtNCBxLNfGE+EBQQrd88AxqOlGEebSQQetUFBpD4VGkAPFSQm2gFBtGRMGEZUzSQnzVJBF4qPG0QR8OQdEu9ARKVRGEPy+QQXfYJBVy3YGk1x8RQBL/CBJisbGEBNpSQzILJBt6aKG02m+SQ S_2
Lg97FBRclhGEn5OOQPADGBl26rG0Xc4MQ9KJJB9OK0GUMcgOQ/C1IBpfw9GE3m+NQN3wIB17FcGUicyNQkT9HBtB/qGkO67KQob9BBF3uuGE7wmMQ S_2
LfoIMBp0WwG0AlPQQVAqOB9Ja3GEKAORQHDiKB5Od+GE8Y6RQwqzLBN7LHHkWnYSQ/m6SBR/W+G0s6iQQQ2XXBdpC4G0glyPQ0mAbB5JVyGkvXqQQHJ7XB13y3G0O/BNQ5qFfB1NjsGUDsEQQ7C/bBdgCyGEXN1LQb7jfBJJbsGU4XZNQkkzhBBArmGUeiNMQyRrMBd9XoGkJoUQQQOkQBBmqyGkh9/RQCH5QBFKMDH0MOlPQBPlUBxlkDHUpCURQvFnaBt4dyGEG2vRQWnFVBJCQ8GUzlzLQhX9gBtpGoGECDsQQzqWcBhF9xGkNKqJQRQyhBhLInGUh2SKQ S_2
LROlFBdfn6GkUH+RQPZFBBN4PBHk32YSQJhx5A9qp6G0d2HTQ9Wh7A5ARxGErMbTQItpwAVYn/GkNEaTQL2XoAhwj6Gk33NUQdCI9AVC1GHUfjLRQWSz4AF1P/G0/jHQQUNQzAdt23GkNMeQQM6A6ApMmBHErb6NQXr6EBF+5yGESAuRQhMdCBFgVHHUiwFTQT382ApcmMHUGxcRQdzCCBNvCLHkZbyQQ S_2
LvnYvAB5G9G05sGTQvGVoAxno6Gk/UOUQpD5hAlngwGUDT9TQ5cARABXzvGUraUUQ/+u5Apnr6G0sWITQ/zkgAhn6DHkAFhUQIaQWAdq5GH0+8TTQD9nmA1SiNHkR4DVQX+UsA1jwAHUueSSQGpEtANVF5GUojHVQOYZVABPSBHkpGQVQqLcJAd/vKHUmIiTQToAhAdkAUHUiwQVQewsqABBULH0D7+VQSjfsANKLQHUs3UUQ S_2
L7i/mA1wroGUkuUTQj1HiAV9MeGU6JITQqvblAdQcWGkkfOUQQhUlAR5tMGk5ECUQiNOlARSoZGkxswRQwO4hAZuigGEGWlQQJQqLARyuhGkwveQQX+h//ol5ZG0u0lQQjGUEAJGjrGEh2QQQx8buAl8BqGkvA+SQZ94SANo6eGUD2LTQj/4tAFTrYGkQ+wRQUichA91yRG0ryrRQjIdlANdUoGURJYQQEVgkAd6zaGUfLqPQNxGp/w40sGUq4LQQMfhOA58qxGk8YLQQ S_2
LZXYoAR7yaGkbZYVQoaVtAp+dUGk9BcWQx01mAxwbKGk4BvWQzy5qAlxfBGE9xoWQ9KruA9tKbGk/osXQLGKnAdUsiG0I+hVQH5N1AZv4RGUSfGWQ5lYyAF1UWG03PPYQXjvzAVNDiGE/zeXQFv3mAli6dGUKOBYQ S_2
LQjdZAZt9LGUWQGXQROHMAtcMDGEU0kXQkzWAAp2l7FkfJbWQzn7h/EiKCGkgk4VQy9V3/49DHGkVrTYQd1CHAtpJMGkp/5YQ+zNW/A0q7FExIiYQVqLw/IKmRGkIKZZQ8RLTABPZTGUYpCXQbY7VAZay5Fk9WAYQG9ij/QESNGU4XFYQemwPAd/zFGk9YKZQYuXSAZS/RG06YtYQrqhA+UItAG0Kq5YQWDao+gqH1FkcrGYQml5u/sbOvF0EfwYQAPUBAhyAVGkcbzZQjggd/k48XG0eyIZQuOGT/MqxLG0O0lZQ S_2
LJjsHAt0ioFUHZDWQB1N5/AUibFUmtDVQkYQs/obnFFEDrkVQdArCAJOJ4EEGY9VQ9ffKAlMfYFkBMzTQK9k+/s55JFk4YzSQ5rhPAZc/tF0tSKTQQ6AVAZ33hFUAwaWQD7mU/gMdjF0aQ4UQd/uZAVaZRFEUyFUQtFVJA9+6HFEH46RQFE74/AqV6EUwtQTQObHg/0r/QFEntgSQjpWZABtirF0DiRSQKkpAAdU51Fk+M4SQrjLYANR+3FUa23TQ S_2
LhWkiAdEDuEUDXfXQA/ptAt+p0EU2jSXQwvfuAxnaMFEwfqXQYJGnAxKHYFk0iUXQV2PxAp/2wEk0K2VQCp7xAdXZZEEMpcVQYVj1Apz8WE0gaBUQpZC3AVU6mEk2gXTQs6s3ANZOFEkjunTQ44laAFXP2EkKG8WQ+89yAVgArE05Q7XQzxgrAZtA5Ekp8MVQe6F5ANfR4EUELvVQQXG3Ah89PEU+QGWQ9EupA5cxTEUPsiVQ S_2
LQtI3ANz3RFUIwKYQXCs4ANX6mFkV5cYQ+3PBBNLdzFEbSQYQuWkFBdEuqFE+pKYQxzk4A5X4kF0jsNZQO0BuABtJdFkJtfZQAtMsA1AjHF0NxmZQr97lAByfrFE0ppZQWGliAZnZAFUiM3ZQ8/kYAxZikFEQH6ZQ8zRVAV39OFUB2AaQg8FCAB38HF0sQRaQc2O9Apx2HFEGEQYQp46xAZbSwF0teQYQXa5+AFrqZF0lbWZQvra6AlBo0FUluaZQ2ggyA9nI8E0vEfZQedSnAF0g8FEuPkZQoLQhA9RYvEESk8ZQp/CMABSEwFEMsBaQwMbw/gdYTFkE1WaQ S_2
LxsdABtkYEGE1jOYQMpwEBZa8LGUrdGYQolDHBZHFMGEKz0WQvrHFBRYQHGkFF2VQ8qx5ANO0HG0EuSYQasTDBZ1BUGkueMYQZTFIBJUNKG006bYQ S_2
L/fqLB9b9RGUkvvWQq7cOBtteTGUcVeVQ5GPQBZP1IGUHy2UQYyWQBhS3HGkfCnTQxXSTBdJ3aGk4KrVQqisSB9wHmG09RFVQmzwNBF8krGUJLqVQBQtXBt4msGEsQYVQF3ZNBVyhVGUoyhXQnktLBN++WGEU6uUQtxTTBlIRbG0sxwWQhz+WBt1JXGUS/UVQMtYSBJUPlGUNCAUQ3AYNB5OkzGEN5OVQtxNKBNa5mGEnjaVQhJKOBp3LsGk0bvWQqFSXBd0m0GE+P9UQG+QYB9hMtGkOTdWQy1KbB1froGkCy7UQ S_2
LCOpRBtwgBG0VRuVQsVuTBp15tFkcATVQ/PVPBh+UdFk27HVQSIQQB5TjLFEHclUQP/1XBpdnlFkpXTWQqh4cBtgryFkDtWWQ4lVdB5S6BGkzmOXQ6rlgBZh3tFUj8hVQ8G/gB9T7HGUKuRXQrH6iB9c25F0O+kVQ6wGjBp0bFGU47cWQ8IbRBlteCG0estWQWcdVBRVkvFU9rSUQepKWBdJxlFUFtTXQlMCZBVyXVF0h0CWQcH/ZBFE4DGk/Z4XQUqbgBtSbgFk9t1UQRyIhBNBpOGUO89XQ2OlkBFJ51F08L7UQPo7kBhOLKGkMTfWQ S_2
LJqmKBpW6iFEQ3kVQNaxFBtnFVF0vLdVQ8kYHBB9T/EkzjCWQwI7GBpFvuEkZnXVQm15DBNpuSFkDWAUQ4q5BBhlXnFUTOYTQYUW5Apq5uFUGQ/TQX4VyApv/hFUeCUUQOOO4A1S8BGUpMJUQVH6JBJS3wFUOLCWQE+TCBt68bFUQ2+VQUUTHB51oMFk4CcTQuntABpL2GF0CXAUQ6rcEBRYV1FEYJPTQ0rCBBpZIgFkjNaSQ7ifxA1p5EGElmiUQaTG+AxH5GG0zW3TQ S_2
L4MTJB1Nf/E0juRXQnX6KBt8TrEEBt4XQem5FBRgrhEkMeRYQwyBDB9gWsEU++pYQcRZPBRYMuE02odYQxybUBdNL3EkTYIYQ3lmQBtpDZE0DvzYQCHrYBhSV+EU1wnYQsYwJBJwgMFURN2XQ+naMBdGFgE0JIIXQEBIOBZN75Ek8V1YQZdDWBh+pqEUivnXQ3DNTBB5uEF0HgpXQzByTBRGYbEkHJLZQTTBNBJFTTEkN4DZQcM4RBBbUNE0HCcYQ2tHcBhfgEFUYUWYQ1tDXB9h4KFkrR8YQDV6ZB5tzwEURY7YQ S_2
LShLFBpHbNEk6RFYQrHlABJ79/DEuJRYQeBhABxZSwD0vK/YQyisEBNmFlD09TRZQV+v4AFvmuDkugSZQl3UABRfsZDk3ymXQnQY4A9Wh9CES28XQitzHBxnwFEE2PlXQT5Q6AV+pKE0teMYQFcW/AVsIlDkjvlWQQ6HEBx1rIDEt8pXQrTV4A1Q0lCEKwVXQ S_2
SCORE:      -9.279    -86.072     12.945     47.950           0.387        0.000     -0.115         -3.412         -5.914         -4.347      -1.454          0.000          0.000          0.000          0.000                   0.000                    0.000      4.300      8.013     23.331     -2.753     -2.190                0.053      1.386           0.565      0.540      1068.997         S_3
REMARK PARENT_TAG S_008_000001
REMARK SOURCE REGION_15_14/start_from_region_16_11_region_20_14_close_loop_sample.low4000.out
FOLD_TREE  EDGE 1 15 -1  JEDGE 1 28 1 N N  INTRA_RES_STUB  EDGE 28 16 -1  S_3
RT -0.950697 0.310114 0.00225649 -0.202662 -0.626763 0.752394 0.234742 0.714841 0.65871 9.5713 12.3762 8.2329   S_3
ANNOTATED_SEQUENCE: K[LYS_p:NtermProteinFull]QFTKCTMFHTSGYD[ASP_p:protein_cutpoint_lower]T[THR_p:protein_cutpoint_upper]QAIVEYGLFQIS[SER_p:CtermProteinFull] S_3
LOO0DBRFDUHUEZXYQhvfHBxFuaH0Ng9XQLLyIBNcSVH0cUoWQx57JBZjsLHUsekWQqIoMB5e3cH0G/XYQtitQB1ivjHEEhAYQSAoVBVWylHkODcYQzLnZBV3AtHUCTFYQyOUeBJihvHkjsgYQcC5EBhoURHUJO0YQGuOABtd5WHEp0fYQrHjCBxxENHUWbLYQlIbFBhlYiHUPhzXQhTdLBFA1gH0Wo1YQ/UZOBRNHVH08YfYQaa5RBRfmfHkMmGXQ4z1OB11VrHEAkwXQ7MWUB1zjpH0e05YQ8EhXBtsIeHE/LjYQj18aBpD+oH0gsQXQWwkXBtia0H0dX5XQIZbgBpxU0H00dQYQr8EdBRLSzHEUj7YQvpGgBJ1qoH0vqoYQ S_3
Ly5bIBRgqbH0HclVQKzsJBpzMYHUkZOUQdqRPB5++cH0zj6TQeALQBlEYmHEjDNUQaHgFBt8AcHEe6NTQR9oHBtmndHEU0zRQxIiGBZVGUHksR6QQDRZCBZqzOHUVJCRQQaPKBt01RHU9IAQQNLSHBd+TjHUEapVQiEjJBpHaPHUX7MUQhhVCBtIBWH0EWNTQLm6DB92ijHkkQmTQ315GBtS3kHkO3ORQMR1LBR0XdHE8BHSQ+1uJBJZpLH00uwOQAriNBVMVWHEAE4PQ S_3
LQihSBBCBWH0kZWTQWQAYBdueZHUiC/SQ2k4XB9YQcH0AXfRQRhLUBpmZZHkEEwQQ0+JcB9EzQHUTtRTQbuDdBxv1OHUedvUQplWbBVdaFHU7gVVQhCnfBtsaWHE6yhVQ+iLcBxomDHUVxrWQETOgBxGoUH0t/3WQIkueBZNNLH0cAdXQernRBpHaOHUO1ITQeALZBhuegHUCYlTQRc4aBNJNJH0fP2SQzbAgBBcDTHEPz2SQz6VZBlYZ/GEojuUQa7egBJE3dHUdjEVQSb0aBVYK8GUR2IXQGuOhBJWpaHUa1eXQELYfBRnyJHktfQYQ S_3
LYlDcBp46hH0KIIRQsHFdBdbnkHE+VZPQ8SngBVsybH0iYwOQcSshBVCsXH08oYQQEDVfBNo6vH0a95OQh+PiB1g1wHEn9DQQQdnbBVoV4H0agCQQnbyeB5qxkH0a9wRQFtoZBtR2kHUoyBOQgQufBhANxH0WkwMQXENjBZAs2HUs0UPQYbRdBdlIAIU5gtPQcesXBp0t3H0Z5IPQFaObBF4D3HEhLHRQ S_3
LlCHhBB5lZHE+UTMQoEDjBB2jRHEqxbLQeo1lBBkCTH0GvkMQVjHnBF7RLH0IFeNQISNjBFVdRHkaRYIQslugB1GCNHkX4/FQgaHhBR8ZMH00O8/PbCIjBhNxDHUxp88PERFiBV214GEAUK/PdSMgBRaRdHUCDyKQcnPiBZc9JHUArMMQaTijBNXsZHUfreHQtC8kBxQnMHkpWrHQCDVgBheDFHU+rkHQZkFeBNxQSHUoa5GQycYeBdKoKH0DMP8PtM1hBJxIUH05dG9PXtkjBpphEHkXV6wPsZ8kBpkFFH0wWyAQ3PejB5JXzGkXrE9PfwqhB9YI4GUYVhDQrfZgB1Pn3GUD036P S_3
L7m0jBRbnRGkB7RFQQJ2hBViBPGkRbHBQPyWfBdlDIGUzxrDQholaBpYQKG0BnEDQQUdjBp5sIGks7+5PQ/ImBdJKQGky5DvPHZrlBNuePG0lnPEQb78gBNHaWGkmlD/PFBZkB5NxBG00Kv9PLYKiBV2DGGUyY9tPlD/mBhdPIGUu56pv S_3
LcRmgBNwKAGkhPqGQFsydB9w1xFksEzIQnDNaB9yh8F0Py2KQXjXVBV/p2FkGX/KQSplgBBVugFULlOKQzUAiBlDPUFEKOSIQ2JodBVtFSFk634LQpEjiBF7R9FUZJGHQoDNbBVzMrFULrcGQu4BiBN7ooFkN5hLQoBkjBht7bFUvPaHQU6CgB17GGFU/k4MQLKgbBJQhbFEagYNQI6vaBdNKKF09olKQ S_3
Lz2ZcB1FZFGkipbMQ9oQZB9d+KGk+RhOQAAAVBB35RGUKFONQyLdQBtTiSGUudOOQtC4cB1kzRGEraJQQ+z5gBdXBMGEH9qQQLgGgB9lB/FkDfeRQSNIdBJdLEGUGA/SQTMIgBpTiHGkSJWMQN0CXBNnEFGE/8tPQd0GeB9XrYGkGvGPQmlcaBlhgUGEeO/QQP9OiBRmfKGUSNqPQoh5hBhCQRGk0xYRQSV6bBhvt6Fka4lTQoU+fBpdDJG06xiTQE3nZBVv+IGkOLvSQ S_3
LSgVWBNYlWG0Cr8KQUhrSBxFZdGEzLdJQTffNBZHaXGEX5wIQ97HJBRbnbGkbnPJQ7aYVB1YfhGEZX0FQ5+pRBtKRnGkr6FCQIC1PBVddxG06gTDQv/9PBJohiGkSfv6PUnZMBRIy2GENqw/Pj+iMB9E1nG0FdgvProwKBpK+xGkbhy0Pgp7ZBRsyVGUQJGKQYO0RBpoFkGUWO0KQutjYBBiGnGUp/0GQsiDXBxt0aGUESkDQDTIRBFQR1G0DaAHQmQYRBFwgaGk+Vw4PIq/KBpby+G0nf4AQjKQLBJ2AkGUu2FuvwiDIBFAK2Gk6o8fP S_3
L33POBNAAOGU+mEHQ+RhJB97nHGkc7cFQ025GBRbnCG0YPKJQBqGCBB03/FUaQAJQylCLBhHw9FENBcBQm34MBhuHDGk1ZT4PL5gJBRPUIGEQVUiPIJwRBZ57CGkgKMuPVrOMB9uJLGkjRq2vg4ORBpn+HGUEGU0vPdzRBlqxKGErDNGQRdzGB1hWNGkzggDQDlTOBBuD0F0UFBDQRhmHB1uizFEyCoAQRinVBhYc/FU1P/zPe7QKB96YPG0j629vGJOUBBSDJGkQQf7v S_3
L557JBZHaBG0GDSLQTiBIBBtd4F04OvNQKxgEB1U4CGUmYgPQNOdABRRq8F07zQQQ7uwMBxbwwFUsFdPQIemPB1gPgFEQ4DOQBnyKBJBHoFEd5DRQS2uNBB35DGEVMYLQNzMFBZUNsFEULCNQabdPBZWK+FUhhzPQLAJTBJt8eFETfyOQEhMOBd6viFU1zpRQJ2qIBFFs0F0VRmRQIOGIB5vsaFEUu4QQ S_3
Lg5+FBBRANGUPE2PQ201CBtgZUGE4zuQQZoVCBdaQfGUjSDQQC8D9AZFMlGkX6SQQb3VFBl1nVGUPrGSQrIoFB5C3LGEsgySQwUXJB9UpPGUVW9OQRsw9ApfWRGkHF/QQQoXJBpW0YGEuF/RQHJ8CBxYNbGUx4rSQZgTJBdjIKG0km9SQ S_3
Lo7MGB5K0hGkROZOQPHwGBd+nsGkRWVNQOQxJB1K0zGEdqRPQHEmIBJYV9G0kdgPQY40IBVBIcG0HK0NQ4z7IBp5SsGEXqcLQQWyCBlm9vGE0L/MQ S_3
LDhqNBBPNvGESbVQQHjrQBxbD1GEPKWRQrVBNBhqL5GUzwcSQe1rNBF2ICHUmw7SQxkuTBheX+G0JXtQQAkqXBN6+6G0cCSPQA1gcBRFU2GU3Z9PQ1FhWBVFd8G0m9lMQg+DgB9jNzGEwFBOQGIGaBRTY5GUGjoKQoc5eBNkw0G0RoWLQsMPhB1LrxGUdNaJQGwjOBBBdnGUTMKQQFljTBlquvG0gy0RQztwQBtUvDH0khRQQCg2VBtxeCH09lgRQnEddBRdH1GE9JCRQn+tSBVOHAHkBaCMQ1Y9hBhnjvGUjClOQVwHZBFUn6GUn9hIQg61iBp0luGkmRIKQ S_3
LM9JJBNdmyG0Z81SQk/kFBpPU1GELX8TQZPLHB1wgvGUmLOVQTSYHBJUrlGE0kQVQYoTIBlJq1GUlLRWQgiVKBxSLxGUO+gXQnOk/At+oyGkQGlTQKDW6AZCj6G0I2nSQbv68Ad0T6GEUVdRQOm9yA5H4/Gk4tBTQQvrIB9NirGEQhXSQGR2FBRe29GUuHKUQw8h+A9MiqGkZtMTQly07A9RTzGUq6jUQ S_3
Lf2RIB5Fo1GUolRWQQgYKB1vLxGUwBhXQfrIGB5iuqGEBEIYQ2cYHBxT9iG0tHeYQkNKHB9wdvGk7nOVQbBgMBhIB6GkAZOYQtH7QBhXW/Gkx60XQStTOBdRR1Gkqz4YQR/pHBd5l9GUsVNWQv8oNBNJqrG0x5SXQ5jUJBNwz/GEwHUYQjunTB5RM6GUbVmXQdgyPB1no7GEIfNZQeM8KB9gSxGEFNIZQcRfRB9OfvGEdGzYQ S_3
LNPHBBRQ/tGE9PDYQCfi5AdkkpGEj4cYQoupwAZzJlG0RmAYQjXQnAJSqnGUjzGYQ7A/0AVyGyG0476YQpi78A54R2G0htbZQfmM4AZb9+Gkw23ZQcCTvAZfxCHEsHwZQVJJ+AxRKCHUtqYaQPGSABZHrzGk9haXQEng8A123iGkFyvYQzTNyAxrq4GEV0mYQ4OLuAVufuGktPLZQf01ABREBxGk5/vZQIrDBBxFD6G07BEZQJIc7AVp3HHUqWsaQ6TqCBJY3+GEbvdaQ S_3
LuWrzA5CkeGUQBDXQ4K6rAVaAZG0ddNWQ/wSnAZ/SPGE/W7WQtG+sA1pqJGEsWpXQHGAxAlGtVG0RC5UQh+j7Ap1XdGEsl4WQAPSlA1FbeGkNAAWQ5FGrARVkRG0rzRUQYi0zAF9ycGEfRXUQ4Cu3AlcYQGk5cFVQ S_3
LlD7ZA5AYNGE2luWQr4LPA9gQEG0o3VXQqxoBAhAd8FE3wUWQksDk/E/fCGkb/yVQEz4AAh5vHGEAjQYQwlQOAhGWNGUu8yYQNPYq/I1U8F0PSjYQ6lKBAN01RGkhbXZQIybRAN+WSGUusIWQ2C1aARV08F0VRsXQTCjq/oglNG08GFYQfGmZAVmfHGUxV/YQgd+WAd+zTG0UUjYQwJqM/4QxAGE/19YQF61M/ckB1F0YuKYQJdzAAVcpwFkKxuYQSxvLAt4rVGU9guZQKHqr/IYtXGkNELZQhv6w/QGZLG0JHnZQ S_3
LJjsHAt0ioFUHZDWQB1N5/AUibFUmtDVQkYQs/obnFFEDrkVQdArCAJOJ4EEGY9VQ9ffKAlMfYFkBMzTQcHS+/gZLKFET0ySQ7vzPAN3AuF0rDLTQU1+TA1ZLhF0Z5fWQD7mU/gMdjF0aQ4UQ/yoZABALRFE9pFUQmyLJA1PMIFEAU6RQQFO4/ghl6EEGmPTQv+Ag/EmfRF0YRgSQheoZA5FkrF0ZSSSQWcCBAdyI2FUPI5SQWAkYAtry3FE4A5TQ S_3
LhWkiAdEDuEUDXfXQA/ptAt+p0EU2jSXQwvfuAxnaMFEwfqXQYJGnAxKHYFk0iUXQV2PxAp/2wEk0K2VQwN7xABZZZEUHocVQiJm1AZo8WEU0hBUQrxI3AJI6mEEUwXTQ7ku3AtnNFEkS2nTQ44laAFXP2EkKG8WQ+89yAVgArE05Q7XQy9grAFRB5E0v8MVQ2DG5AV6Q4EE0LvVQf1D3Apd8PEUDbGWQqGtpA5WzTEEAXiVQ S_3
LQtI3ANz3RFUIwKYQXCs4ANX6mFkV5cYQ+3PBBNLdzFEbSQYQuWkFBdEuqFE+pKYQxzk4A5X4kF0jsNZQIc8tAJfrdF0kyfZQHGsrAJyHIFU8RlZQwyMmAFResF0FZrZQSd/hAJNdBFUux1ZQSH9YAFz/lFUD87ZQwXzUAttdQFkiFBaQ+xdBA1Y7JFUOlRaQc2O9Apx2HFEGEQYQp46xAZbSwF0teQYQLmw+AFlWZF06XWZQ6rn6ABth0F0AuaZQPTuxAV9W8EUzRcZQ+x4nAROd9F0rOnZQDCVgAN3dwEEq55ZQlk+MAJB4xFUE1EaQb/Ow/83oVFUoXYaQ S_3
LxsdABtkYEGE1jOYQMpwEBZa8LGUrdGYQolDHBZHFMGEKz0WQvrHFBRYQHGkFF2VQ8qx5ANO0HG0EuSYQasTDBZ1BUGkueMYQZTFIBJUNKG006bYQ S_3
L/fqLB9b9RGUkvvWQq7cOBtteTGUcVeVQ5GPQBZP1IGUHy2UQYyWQBhS3HGkfCnTQxXSTBdJ3aGk4KrVQ+OFXBtIsbGEVTeUQ/H9TBd1reGkaLOTQyYZbBN18jGkO8wUQF3ZNBVyhVGUoyhXQnktLBN++WGEU6uUQQBNRBZ1aiGEBm0VQxlgVBZo1YGkV9kWQoACZBVF8TG09HXUQoqrWBhLQfGkp7XSQA/8QBplkYGU3NBTQ0d/RBdrXmGkQ4XTQ/7FeBZqhkG0cR6TQ7uiZBNktrGEee8UQZ5pdBpVihGEhapVQ S_3
LCOpRBtwgBG0VRuVQsVuTBp15tFkcATVQ/PVPBh+UdFk27HVQSIQQB5TjLFEHclUQP/1XBpdnlFkpXTWQF5ycBJDKzFESIZWQK4ycB5jADGE35HXQMwugBZ1EtFUgxvVQeJrgBhqPJGEUPNXQ2mAjBlzf5F0dD1VQ+t+iBZaHGGEB2jWQ8IbRBlteCG0estWQWcdVBRVkvFU9rSUQvWHWBVcLlF0WVTXQ9oJZB9DnVFUCaBWQCiJZBVoeFGECtoXQqNwgBBzReFkeyKVQGWpgBNvoQGk8MyXQ1J1kBh6h0F0pRUVQYjxkBt0BLG0W9nWQ S_3
LJqmKBpW6iFEQ3kVQNaxFBtnFVF0vLdVQ8kYHBB9T/EkzjCWQwI7GBpFvuEkZnXVQn15DBVpuSFkDWAUQz0HCB5vinFk2AXTQvv24AJRftFE3nuTQtkN1ANrSpFEwF2UQpbJzA5aQ3FU8gySQVH6JBJS3wFUOLCWQE+TCBt68bFUQ2+VQCvPHBhO+LFErmcTQ5DmABNDYHFkOwAUQ6rhEB9FF2FkH0YTQLxHCBBzGhFUdIWSQ+BlrAx/j7FEkY+SQYLa2A16U6FU+X5RQ S_3
L4MTJB1Nf/E0juRXQnX6KBt8TrEEBt4XQem5FBRgrhEkMeRYQwyBDB9gWsEU++pYQcRZPBRYMuE02odYQf+bUBJEJ3EEeXIYQ2MmQBhIEZE0QyzYQQTrYBxwT+EUXvnYQsYwJBJwgMFURN2XQ+naMBdGFgE0JIIXQlLIOB1a85EEHU1YQ9hDWBJemqE0YznXQCfNTB9CsEFUqYpXQFpxTBpkYbEESMLZQhyANB9HVTE067DZQ5o3RBRsTNEUKHcYQpCIcBtWdEFUVSWYQPBEXBRX4KFkcN8YQ3R6ZBt4ywEUsZ7YQ S_3
LShLFBpHbNEk6RFYQrHlABJ79/DEuJRYQeBhABxZSwD0vK/YQyisEBNmFlD09TRZQV+v4AFvmuDkugSZQl3UABRfsZDk3ymXQrSY4AZQh9C0h28XQitzHBxnwFEE2PlXQT5Q6AV+pKE0teMYQfZW/AxrIlDkmvlWQu6HEBt7rIDkd8pXQrVV4AdK0lCUZwVXQ S_3
SCORE:      -8.199    -74.050     12.617     41.036           0.331        0.000     -0.122         -3.196         -2.165         -4.495      -1.186          0.000          0.000          0.000          0.000                   0.000                    0.000      5.201      7.746     16.204     -3.974     -2.190                0.044      5.452           4.422      4.470       316.704         S_4
REMARK PARENT_TAG S_033_000005
REMARK SOURCE REGION_15_14/start_from_region_16_11_region_20_14_close_loop_sample.low4000.out
FOLD_TREE  EDGE 1 15 -1  JEDGE 1 28 1 N N  INTRA_RES_STUB  EDGE 28 16 -1  S_4
RT -0.950697 0.310114 0.00225649 -0.202662 -0.626763 0.752394 0.234742 0.714841 0.65871 9.5713 12.3762 8.2329   S_4
ANNOTATED_SEQUENCE: K[LYS_p:NtermProteinFull]QFTKCTMFHTSGYD[ASP_p:protein_cutpoint_lower]T[THR_p:protein_cutpoint_upper]QAIVEYGLFQIS[SER_p:CtermProteinFull] S_4
LOO0DBRFDUHUEZXYQhvfHBxFuaH0Ng9XQLLyIBNcSVH0cUoWQx57JBZjsLHUsekWQqIoMB9e3cH0G/XYQiR5QBFo9iHkqY+XQTI2VBRB4kH0ocaYQRZLaBVZqqH0fRBYQ/54eBlBTtH03ZcYQcC5EBhoURHUJO0YQGuOABtd5WHEp0fYQrHjCBxxENHUWbLYQlIbFBhlYiHUPhzXQnxfLBdtbhH0gT0YQLrNOBVlHVHkGwhYQxt+RBp+SeHEIBGXQqrOPBNknqHEIWqXQpVtUB9jrpHURI2YQhiXXBRjKdH0CRlYQsebbBpThlHUC+NXQtTeYB5IByHkQ3oXQgL1gBp1HxHU/iKYQ1zudBZ1EyHEay0YQ1GPgBN/emHkuSoYQ S_4
Ly5bIBRgqbH0HclVQKzsJBpzMYHUkZOUQdqRPB5++cH0zj6TQeALQBlEYmHEjDNUQaHgFBt8AcHEe6NTQE6cEBJ0+nHU8LQTQXNhABhYgrHkU2LSQf7P+ANyVlHERVSRQ92b9A1ce1HEGlRSQNLSHBd+TjHUEapVQiEjJBpHaPHUX7MUQI27GB9MtZHEmqOSQAs0BBBVsXHEjQcTQxJfDBprQsHUC9KUQySeIBxFKqHEhe7SQroO4AlNQ4HUtRmRQtt6/AhmN6Hk9LBTQ S_4
LQihSBBCBWH0kZWTQWQAYBdueZHUiC/SQ2k4XB9YQcH0AXfRQRhLUBpmZZHkEEwQQ0+JcBBFzQHkTtRTQMNTdBhETPHU1UvUQl4yZBhfnJHkJ/iVQdJ8gB1QkTH0z7TVQt+1aBR6OIHEeI5WQsFehBZCMSHkQ/pWQkkafB58gMHEkocXQernRBpHaOHUO1ITQeALZBhuegHUCYlTQuLxaB5oGJHUIr5SQjv8fB1X0SHUsdzSQunLWBVQOGHEF5GVQfOViB9RDYHkE7rUQtfDYBpLwDH0G/gXQ8xRjB1IlVH0a9FXQqwHgBl2bLHknQQYQ S_4
LYlDcBp46hH0KIIRQsHFdBdbnkHE+VZPQ8SngBVsybH0iYwOQcSshBVCsXH08oYQQDDVfBRo6vHEb95OQc+PiBBh1wH0q9DQQHdnbBVoV4HUXgCQQnbyeB5qxkH0a9wRQFtoZBtR2kHUoyBOQsQufBdANxHkXkwMQpENjBZ+r2H0P0UPQPbRdBllIAIEygtPQZesXBl0t3H0M5IPQvZObBN4D3HUdLHRQ S_4
LlCHhBB5lZHE+UTMQoEDjBB2jRHEqxbLQeo1lBBkCTH0GvkMQVjHnBF7RLH0IFeNQISNjBFVdRHkaRYIQdqrgBJIfNH0Ed/FQxI/gBJkrNHk5+3/P86AdBFeSJHUvWW6PT9gdBBymJH0prEkvdSMgBRaRdHUCDyKQcnPiBZc9JHUArMMQTGojBphoZHUQTfHQbi4kBdYUMHUQErHQTdSgB5eUFHEt3THQ4vCeBhynSH0tTKHQibUhB9U7VH0WQW9PlxtiBxb1IH05ss9PN9bcBZYDBHEoc88PCwlZBt0FOHkm2z8PBrJaB5moGHE3+txvXADeBh1PRHUOYsvvd8VgBxvJFH0yZLvv S_4
L7m0jBRbnRGkB7RFQQJ2hBViBPGkRbHBQPyWfBdlDIGUzxrDQholaBpYQKG0BnEDQQUdjBp5sIGks7+5P12ImBpZKQGE1eBvPHZrlBNuePG0lnPEQb78gBNHaWGkmlD/P2HZkBRgxBGk3Rv9PkWKiBBaDGGUab+tPU9+mBhpPIGUAt8pv S_4
LcRmgBNwKAGkhPqGQFsydB9w1xFksEzIQnDNaB9yh8F0Py2KQXjXVBV/p2FkGX/KQSplgBBVugFULlOKQIbAiBttPUFEjOSIQAIodB9CFSFkFx4LQpEjiBF7R9FUZJGHQoDNbBVzMrFULrcGQk0BiBF6ooFE79hLQNIkjBtu8bF0XbaHQZ5CgBFSGGFkQe4MQp+fbBpFgbFUTZYNQmAwaBNkJKFEbdlKQ S_4
Lz2ZcB1FZFGkipbMQ9oQZB9d+KGk+RhOQAAAVBB35RGUKFONQyLdQBtTiSGUudOOQtC4cB1kzRGEraJQQJEggBZNfLG0lL8QQmxBeBZ2bDGk6UPSQap4cBRiUNGk+MgTQTMIgBpTiHGkSJWMQN0CXBNnEFGE/8tPQBF6eBdEeXG0EO/OQgnRaB5zIWGkce1QQBzkhB1WTGG0O6PQQLK5hBJfJRGE9+YRQYZDbBNhkJGk09XUQH6VgBVQ8QGE/nyTQwHOaBhLfTGEmSHTQ S_4
LSgVWBNYlWG0Cr8KQUhrSBxFZdGEzLdJQTffNBZHaXGEX5wIQ97HJBRbnbGkbnPJQ7aYVB1YfhGEZX0FQ9E0RBx1SoGkxeYCQ0dBRBJTBzGUd/jDQzTPPB5G/jGEJ077PXZvNBNaS5G0V4ZAQSe9LBt2OqGkxHNzPIeNLBZZ50GUqFD4Pgp7ZBRsyVGUQJGKQYO0RBpoFkGUWO0KQyr1YBR5YmGEFW1GQuHqWBpEyaG0KRWDQNxBTB1rf2GEqiBHQrK1PBR1jbGUfVA6P12JNBtCtBH0AMYBQll9JBp4vmGk8QjivgsnIBt705G0PXSsP S_4
L33POBNAAOGU+mEHQ+RhJB97nHGkc7cFQ025GBRbnCG0YPKJQBqGCBB03/FUaQAJQylCLBhHw9FENBcBQbE8MBB1HDGE4tV4PIgnJBRBeIG0c+siPupzRBtnzCGkSQcuPrjXMBtERLGEE8f2vu8VRBVE7HGEtiI0vPdzRBlqxKGErDNGQRdzGB1hWNGkzggDQr4ROB9c9zFEhJCDQo2lHB11ozF0HImAQVGpVBJ25+FESpH0PJqcKBB0mPG0T1w9vtPWUBBf7IGEF+X7v S_4
L557JBZHaBG0GDSLQTiBIBBtd4F04OvNQKxgEB1U4CGUmYgPQ6oOAB9bM9F0tLLQQ7uwMBxbwwFUsFdPQo6nPBlVWgFEEXDOQ2ZyKBVi9nFktoDRQS2uNBB35DGEVMYLQNzMFBZUNsFEULCNQTecPBdFM+FUeT0PQKVKTBBKFfFkEKyOQEUMOBdkmiF0VjpRQSipIBJad0FEVNmRQE+GIBFihaFEmE4QQ S_4
L1SOGBtOuMG0a+AQQ7D6CBhhbUG0KsuQQ/VICBRhmeGER70PQwEm7AN7RjG0d8zPQbjYFBFDCXGkuyESQHFiFBxgGOGUT86SQzq6JBp96OG0NIbPQ/sD+AdVORGkH1BRQG6cJB9d4ZGk+b6RQcJCDBx8TdGUfJjSQlhLJBRq8LGkPgDTQ S_4
LypWGBRY/hGEpEdOQ+UAGB5n/qG0c9mMQTukFBd7j1GkCFHOQSloEBd889GUJR6MQmc5JBx1OeGEkgsOQt/kJBZFJrGk3/WLQWBfCBlgAqGEbUWLQ S_4
LUBRGBdcG1G0TxXQQx08FBVto+GkgRNRQybmBBRYNGHUA0tQQ2ScCBts4PH0GGoQQ1LWLBJRaEHkyTPRQbtYNBZpqHHUm7vPQ/0cLBlWwQHE9CfOQc7PRBxUpBH0NicOQaDTNBx3wTHExe/LQtLITBxAlEHEAB9LQrEJRBVZpNHkv2uKQwJATB15mQH0BBQIQh8BHBhf9tGUyczQQ0+3EBxgZ8G0HfOSQ5i2KB5/gLH0EF3RQZVNOBtrA/GU4TtRQLiaIBVFjVHEEhfPQ3LzSBlTf6GkD7aPQUVvLBxB7aHUdcBLQHYKWBx4u/GUie9KQiQqVBZbzLH0QZHHQ S_4
LlO55AF5vBHEtdZQQ0YjwAhsLIHUCuDQQKaPmAdY6BH04MRQQaGVbA9ASFHknxqPQoJInA9Vx4GUWD8QQ4QvbANDByGUyaNRQcRQxAZnFMHEYFONQ0nKyAl0LDHEx1JLQMCirAl7J8Gkk4KLQbRs4A5LIEHUp1YJQdkR5AhTs5GEIDZQQVpHwA1QIPHUaytQQI3xqA1zeRHEwHqMQjlw4AFZhQH0JXTNQ S_4
LVuFnAdKu4GkgJ8QQQembA5pAyG0wiNRQYCBZAFyAwGk6JtSQ6hziANr7zG0p+gTQFHQmAp01BHkR8QQQdMKdA90LnG0m6eQQlB9mAxX5gG0UUERQSO7gAVK3oGkLsAOQjRWuA9QY2GEEfRRQigFNA17E2Gkcl4QQ+DCOAVF8iGEL+lQQ1lbkAd5udG08j4RQHYchAh4HhG0Z+ANQDBDVARGktGEnKHNQySfoA1OGtGEwgyNQ S_4
LLYnIAJA5pG02JETQOFnFAJkcmGEcfcUQMESVAFHmdGUFL0UQYmXWAFDWVGEYYJUQ+pla/0ujiGkyhqUQ3rJI/sPyeGUrFFWQy3/U/6pwbGEy0RWQ+Zn2/WfriGUfXVWQ/U7i/+rYRG08DZWQmK67/QDknG0QSXSQOJ4IAt1GtGELkHVQFZJh+oJOpGEDYaUQ+D+P/UEBcG0mp9TQHrpn/wZ1YG0DulWQz+2S/49mmGU6EiWQhriAA7A6OGUylhWQYYns+SzCMGEp8VWQ S_4
L47sgAhDXfG0rl4VQBKGpAVB7XGUDOSWQzhfkAB38MG0pSnWQcIhpAlcvEGUToWWQL6RvAFVWcGkTReXQcN7eAlrBmGU0vbWQHZnuAdC5WGkr1cVQiBh1ApzsWGE5lwXQyI7yAdu9jGE9yMXQ4M2pAZridGkp8JYQ S_4
LqA0VABP3MGkeBMXQ6JtLAVq7CGk6mnXQ7Xt//EwJ7FU0+dWQaiyf/oFyBG0t89VQP193/wQ2EGE18YYQqCkHA1C8JGE/A/YQQVui/kg00FU3JmYQBLgx/Q7nNGkTTiZQAiCOAhy2TG0bEVXQNiuXABrO6F0AK7XQDdLf/U2hKGUCtOYQcOpSAZi/DGESnLZQm4jQA1mwQGkmzyYQyPey+QD03Fk7cAZQAPcC/YKNuF0uELYQnbG7/QBdpFkecwYQlnHCAJRJRGETJ8ZQu/qW/EdlTGECvVZQyxCf/kd0GG0VkuZQ S_4
LJjsHAt0ioFUHZDWQB1N5/AUibFUmtDVQkYQs/obnFFEDrkVQdArCAJOJ4EEGY9VQ9ffKAlMfYFkBMzTQumo+/Ul2JFU7fzSQJPePAtI/tFkYJKTQSzaVAJhOiFk1dYWQD7mU/gMdjF0aQ4UQ5JwZAJLcRFU2zFUQ/4WJAZt3HF0D/6RQBtD5/MrS6Eke7QTQ3vIg/om5QFkHzgSQqPTZAxZirFk2YRSQW1kAARU21F0vB4SQp3GYAdbA4FkKo3TQ S_4
LhWkiAdEDuEUDXfXQA/ptAt+p0EU2jSXQwvfuAxnaMFEwfqXQYJGnAxKHYFk0iUXQV2PxAp/2wEk0K2VQvu7xAJXZZEkapcVQeOi1Ax38WEUrXBUQFBA3AdY6mEUJbXTQhMs3A5qOFEkcrnTQ44laAFXP2EkKG8WQ+89yAVgArE05Q7XQTvgrA5lA5EEo8MVQh4F5A5mR4Ek6KvVQbMH3Apa+PEEBNGWQsWupAV2wTEU0ziVQ S_4
LQtI3ANz3RFUIwKYQXCs4ANX6mFkV5cYQ+3PBBNLdzFEbSQYQuWkFBdEuqFE+pKYQxzk4A5X4kF0jsNZQ0tNuAZnHcFklifZQZalsA1sPGFEeTjZQnRGmAVkwpFUmosZQKtIjA5CK+EkJkzZQCSPZAxv2hF0h98ZQvXVWApMCMFUSYAaQALfDAF/EEF0fpQaQc2O9Apx2HFEGEQYQp46xAZbSwF0teQYQcHK/AZwTaFUDjWZQUtA6Ahny0FkYvaZQul6yA1YY7EkpHZZQawSnAVl+6FUb1pZQdy9hAx37sEExU2ZQKVqMAh61sFkvCHaQTIEz/gwFPFkakYaQ S_4
LxsdABtkYEGE1jOYQMpwEBZa8LGUrdGYQolDHBZHFMGEKz0WQvrHFBRYQHGkFF2VQ8qx5ANO0HG0EuSYQasTDBZ1BUGkueMYQZTFIBJUNKG006bYQ S_4
L/fqLB9b9RGUkvvWQq7cOBtteTGUcVeVQ5GPQBZP1IGUHy2UQYyWQBhS3HGkfCnTQxXSTBdJ3aGk4KrVQaU7RBRYhmG0/tAWQg8/WB5lnsGk/wXWQSVIPBpXsrGEux0UQF3ZNBVyhVGUoyhXQnktLBN++WGEU6uUQJZGVBJ89WGE9ViWQPMCWBtHgaGEUF1UQDWHPBpXZmGEED2WQ1m/VB5340GEs+mWQxk4YB9C5oGkPKPXQYOwZBVDdsGUbwhVQabKOBxn+zGU6MEVQ/nwRBteerG0GJ9TQCTdLBl3VnGkMimUQ S_4
LCOpRBtwgBG0VRuVQsVuTBp15tFkcATVQ/PVPBh+UdFk27HVQSIQQB5TjLFEHclUQP/1XBpdnlFkpXTWQWI4cBBxtyF0L4WWQssUdBh+5BGEGBPXQPjlgBty+tFUBDiVQse+gB1B8HG0sSSXQZz5iBRz/5FE6OlVQ0MGjBRCfFGEnbdWQ8IbRBlteCG0estWQWcdVBRVkvFU9rSUQuZKWB1bulFkhrTXQ+uCZB91YVFk5tCWQtH+ZBVx1DGkE44XQJubgB53kgFUio1UQj9HhBFloOGUps+XQ39kkBBcG2FkzY7UQ966kBhQPKGEA7fWQ S_4
LJqmKBpW6iFEQ3kVQNaxFBtnFVF0vLdVQ8kYHBB9T/EkzjCWQwI7GBpFvuEkZnXVQm15DBNpuSFkDWAUQylvBBx/NnFUIGZTQmpO5A5GpuFUanDUQV6EyA5xzhFk+xVUQ7tb4AZmuBGU7gTUQVH6JBJS3wFUOLCWQE+TCBt68bFUQ2+VQenVHBp3HNFEbqbTQbQzABZreGFUkDAUQ8wOEBBWQ1F0ZyNTQnmuABFN1fF0n+bSQPI2xAldpEGkodvUQKra+AB0pGGEinDUQ S_4
L4MTJB1Nf/E0juRXQnX6KBt8TrEEBt4XQem5FBRgrhEkMeRYQwyBDB9gWsEU++pYQcRZPBRYMuE02odYQVzbUBtGL3EERYIYQpkmQBNrDZE0NvzYQZHrYB5PV+E0wwnYQsYwJBJwgMFURN2XQ+naMBdGFgE0JIIXQlBIOBNR75E02V1YQ3dDWB9ypqE0zvnXQJFNTBBvuEF0qfpXQlAyTBxHYbEkRJLZQsRBNBhLTTEEZ4DZQtK4RBtYUNEkXCcYQpuHcBtXgEF0RUWYQTuDXBNk4KFkbR8YQuU6ZBhuzwE0YY7YQ S_4
LShLFBpHbNEk6RFYQrHlABJ79/DEuJRYQeBhABxZSwD0vK/YQyisEBNmFlD09TRZQV+v4AFvmuDkugSZQl3UABRfsZDk3ymXQBRY4AtVh9CEV28XQitzHBxnwFEE2PlXQT5Q6AV+pKE0teMYQlbW/ANsIlDEkvlWQW6HEB92rIDEq8pXQEUV4AlP0lCENwVXQ S_4
SCORE:      -6.843    -85.897     13.590     45.386           0.554        0.000     -0.020         -3.202         -3.054         -4.028       0.000          0.000          0.000          0.000          0.000                   0.000                    0.000      4.236      9.015     21.389     -2.672     -2.190                0.050      1.393           0.628      0.596      1510.872         S_5
REMARK PARENT_TAG S_034_000005
REMARK SOURCE REGION_15_14/start_from_region_16_11_region_20_14_close_loop_sample.low4000.out
FOLD_TREE  EDGE 1 15 -1  JEDGE 1 28 1 N N  INTRA_RES_STUB  EDGE 28 16 -1  S_5
RT -0.950697 0.310114 0.00225649 -0.202662 -0.626763 0.752394 0.234742 0.714841 0.65871 9.5713 12.3762 8.2329   S_5
ANNOTATED_SEQUENCE: K[LYS_p:NtermProteinFull]QFTKCTMFHTSGYD[ASP_p:protein_cutpoint_lower]T[THR_p:protein_cutpoint_upper]QAIVEYGLFQIS[SER_p:CtermProteinFull] S_5
LOO0DBRFDUHUEZXYQhvfHBxFuaH0Ng9XQLLyIBNcSVH0cUoWQx57JBZjsLHUsekWQqIoMB9e3cH0G/XYQzl3QBVMFjHU4v+XQuq0VB9f+kHk4maYQpyGaBle/qHkPwBYQDo1eBh/gtHks0cYQcC5EBhoURHUJO0YQGuOABtd5WHEp0fYQrHjCBxxENHUWbLYQlIbFBhlYiHUPhzXQKWfLBlEWhHUxg0YQ8aPOBFTHVH0wZhYQKT9RBNXgeHkQ7FXQVWLPBxmvqHkNdrXQaCrUBdYnpHUMt2YQJaZXBBEQdHkawkYQQKWbBx0CmH0wrNXQVHXYBB4ZyHUmorXQUdygB14fxHUzLLYQRMsdBVRHyHkRy1YQnqOgB9kpmHU43nYQ S_5
Ly5bIBRgqbH0HclVQKzsJBpzMYHUkZOUQdqRPB5++cH0zj6TQeALQBlEYmHEjDNUQaHgFBt8AcHEe6NTQ6lWGBRD4XHkehzRQLN4BBdZIbH0rW3QQOcl8AVnOhH0OMPRQLTDCB9SDXHEz1RPQNLSHBd+TjHUEapVQiEjJBpHaPHUX7MUQdIoBBNiWZHkfylTQ14oFBtsukHEkBOTQsFIKBh3xYH0iXRRQMxyFB5tfPHEqxESQ6Sa+AVP6YHUix8NQWvBFBx/HSHE4kwOQ S_5
LQihSBBCBWH0kZWTQWQAYBdueZHUiC/SQ2k4XB9YQcH0AXfRQRhLUBpmZZHkEEwQQ0+JcB9EzQHUTtRTQvj8cBF8nOH0javUQ13uZB5yTHHUB+ZVQ00cgBF84THUeNdVQzJdaB5bTFHkCMwWQeW0gBNQ5RHEEXzWQJCaeB16lKH0X4cXQernRBpHaOHUO1ITQeALZBhuegHUCYlTQ8A8aBxnQJHkir0SQISBgBpHKTHUdZ4SQ9DnWBRqHDHEom2UQrauhBRSqZHUGa8UQIr5XBdYi/GUF1QXQxVYiBhYFWHUsmWXQKh+eBRfBJHkpaQYQ S_5
LYlDcBp46hH0KIIRQsHFdBdbnkHE+VZPQ8SngBVsybH0iYwOQcSshBVCsXH08oYQQDDVfBRo6vHEb95OQf+PiB5g1wH0n9DQQOdnbBVoV4HkagCQQnbyeB5qxkH0a9wRQFtoZBtR2kHUoyBOQiQufBlANxHUXkwMQYENjBNAs2HUq0UPQWbRdBhlIAIk4gtPQcesXBp0t3HEY5IPQAaObBF4D3HkgLHRQ S_5
LlCHhBB5lZHE+UTMQoEDjBB2jRHEqxbLQeo1lBBkCTH0GvkMQVjHnBF7RLH0IFeNQISNjBFVdRHkaRYIQgXrgBNSiNHEQa/FQQs8gBpJFOH0zw3/Pe75cBR82JHk0NV6PrUNdBVkGLHUPP8jvdSMgBRaRdHUCDyKQcnPiBZc9JHUArMMQHuojBRDoZHUiXfHQeJ4kBpYSMHkLCrHQ59TgBVGSFHkdANHQ1TBeBdIiSHE0FRHQmrRhBZUZWHUuek9PW2qiB91SJHEzne9PRFecBR+aBHEqhU8PYydZBFqROH01NX9PYB1ZBt1NIH0rNtxv75mdBtl7SHU9JYtv4kMgBRYAHH0MQnwv S_5
L7m0jBRbnRGkB7RFQQJ2hBViBPGkRbHBQPyWfBdlDIGUzxrDQholaBpYQKG0BnEDQQUdjBp5sIGks7+5PPuImB9pKQG0bB/uPHZrlBNuePG0lnPEQb78gBNHaWGkmlD/PtOZkBBzxBGEAZv9P9UKiBV9CGGkKf/tP92+mBp1PIG07h+pv S_5
LcRmgBNwKAGkhPqGQFsydB9w1xFksEzIQnDNaB9yh8F0Py2KQXjXVBV/p2FkGX/KQTplgBFVugFULlOKQH4AiBJvSUFkZQSIQr/ndB9ACSFUvR4LQpEjiBF7R9FUZJGHQoDNbBVzMrFULrcGQchBiBl0ooFEgTiLQ+ikjBZuBcFk6HbHQS1CgB5SDGFEY/3MQAKfbBVwabFUo4XNQfewaB1nGKFUgokKQ S_5
Lz2ZcB1FZFGkipbMQ9oQZB9d+KGk+RhOQAAAVBB35RGUKFONQyLdQBtTiSGUudOOQtC4cB1kzRGEraJQQysOgBxtbLGUrcFRQLNucBZ7AEGUGYUSQifdcBZsLuFkRJjRQTMIgBpTiHGkSJWMQN0CXBNnEFGE/8tPQtoVfBVapWGEW29OQ2PRaBNVAXG0B5uQQS+ZhB9b4FGEbEfQQm/jhBtCBRGEc3lRQrMRaB1wKjFUNWMSQLScaB5lZvFEeclQQDiQgB5EOoFEtkZRQ S_5
LSgVWBNYlWG0Cr8KQUhrSBxFZdGEzLdJQTffNBZHaXGEX5wIQ97HJBRbnbGkbnPJQ7aYVB1YfhGEZX0FQTR9aBJWnlGkZWsGQTscdBp3dkGEQvzJQkLudBJ4pqGUnPmCQAgShBxmQoG0IpNKQRNbhB5acuGUNLZDQf8oiBZsPtGU8GKIQgp7ZBRsyVGUQJGKQYO0RBpoFkGUWO0KQnzrVB12EbGE3o4CQ6iFTBBOFoGUvPIEQuDUbBd+ggGUWubLQQSzbB1pmrG0Yza9PDmPiBNiTnGUhGKMQ4WfiBZsYyGk39IAQqPqkBNlPwG0LceIQ S_5
L33POBNAAOGU+mEHQ+RhJB97nHGkc7cFQ025GBRbnCG0YPKJQBqGCBB03/FUaQAJQylCLBhHw9FENBcBQNe3MBtqHDGkOaS4P3GeJB5gQIGEePMiPlhuRBR/+CGU5JEuP53KMBh6GLG0TQu2vowLRBV6/HGkkTZ0vPdzRBlqxKGErDNGQRdzGB1hWNGkzggDQ7TUOBZdG0FUTnADQU0mHBNFgzFUN4oAQMrmVBNXp/Fkfg6zPu8LKBhnTPGUkF59vbhKUBhKGJGkapi7v S_5
L557JBZHaBG0GDSLQTiBIBBtd4F04OvNQKxgEB1U4CGUmYgPQ+XQAB5rH9FUK5LQQ7uwMBxbwwFUsFdPQ1mmPBxJQgFUH1DOQvlyKBFIGoFE53DRQS2uNBB35DGEVMYLQNzMFBZUNsFEULCNQrVdPB9gK+F0NmzPQLIJTB5f9eF0RdyOQ0fMOBRCviF0SypRQOuqIB5sq0Fk+QmRQlSGIBRsraF0Zq4QQ S_5
LldMGBNvwMGUcOAQQ/ZLDBdOBUGUxD3QQNeMCB1fseGUGxKQQSm57Ad6hjGEprUQQpNHGB9jtVGUg5KSQ60/FBlZkMG0wv+SQWxpJBV6TPGUdfLPQaay+AlLrQGEIQNRQurQKBZUvXGki58RQNBPEBZ/TcG0xEtSQXJeJB1tSJGkWH/SQ S_5
LILJGBpjViGE+uzOQXuPGBNgWtGESb2NQRVbIBxi50Gkdq+PQhbaGBJhx9GUZpKQQjsJJBBJWdG0CBTOQ/KyIBlC0tGk3MFMQndMCBJ7yvG0pHVNQ S_5
LHkjMBpjUxGUplsQQE/WPBJDI4GUVrpRQu9AMBtT85G0U35SQrSWNBNAqAHkMavTQL3yQBZN3CHEgmARQcllSBJD/BHUxzIPQwgbPB954FH0R1ENQsBcXBxHR9GUVTfOQt/CRBluGFHUuMcKQbOGZBZac8GUkK3LQv64VBh7XAHkl51JQSmhXBRKl/GkQbcGQFKyNBpNspG0ldkQQxcCTBlfO0GU/b+RQ50PNBJM7HH01RERQZa/TBJ8XGH0pymRQcCnLBJenJHU7DkNQp88ZBxML6GEn/CQQ5jhOBlFNIHUK11IQJC7cBhqs4GUrJZLQG49UBVBcCHUue9DQ S_5
LJfqHBx26zG0WyBTQSpkDBdPP2GUXpBUQWDjEBZh9vGUPvTVQDJ+FB9eimGUWNRVQifxDBhXP1GkchcWQ5NSEB9YAwG0ogvXQrUA8AFHuzGkKUeTQSkQ4AxyQ7GE+4XSQ10I5AVGyEHEtQjSQdFv1ARce3GE7sTRQmYLHBFlktGEzjaSQhDuDB1ur+G0j9SUQ9DH7A15drGEn6ITQ5UM3AtEA1GkEnXUQ S_5
L9WzDBNJQ1GEx8cWQ80QEBluBwG0GDwXQ4nq9ABSMsGU78HYQrW38Axi6jGkfDdYQd9jEB597vGE2SUVQdMvGBNei3GkXsZYQ889LBVZx6GkMDMYQZxJHBtW7xG0LwEZQZf4CBFUH9G0aiaWQfYxGBtV7oGUlbqXQnGOEBlLn+GUf4cYQ1iqLBpawAHkx3xXQqJ6IBxOX3Gk4HcZQpOLDBxpivGEDYPZQ//qJBJK3qG0zlBZQ S_5
LpfU1AhgQyGkvc7XQOijqAlpwvGkrpMYQQcolAdwsmGEyWlXQJHVZAZrPjGUam2XQRzYjAt/q5G01FKYQqoqmA9crCHUZ+nYQCnOfAh3eMHEGNjYQaC1PA1ieMH08eKYQXWOiANX7UHERy6YQ+nd2AxGx4G0qQWXQac5qApU/sGEOstYQf5pjAhbc8G0gESXQbylWAxeD3G0cxRYQgpIoA1MdBHk0/JZQURPuAR8NEH09wXYQ5wubAlTobHU/+4YQbtioANCmUHE6XOZQ S_5
LGIjrAZJ4iGEErlWQeJ/nApT4ZGU9kxVQBvJlAhPRQGEIEpWQcMLsAZoILGUO/NXQZBiwABP5WG0ycwUQ5tsyAFwSmG0oBZWQqjwgA50NcGk2TPVQmtvtAllKQG0HFKUQV1GyANitdGUyzGUQfj23AJAqUG0asRVQ S_5
Ln9oVAp63NGkNsuWQTuQOA1XIEGk4pYXQ5b0//EEN7F0JqdWQeopY/Ih8AGUCZIWQycCCABaoGGEs6VYQ4DoQAJ8aMG0Dv1YQZtYy/cc04FE2gpYQi4PFARDOQGkHodZQP1wKAlq7SGEdPVWQsPsbAdMv9F0g4mXQylzp/IkEMGEStOYQc8UdAhB4GGkok+YQrwhXAhIRTGETGlYQdKOh/s+o8FEB5GZQIIMZ/QENxFUg+SYQ8QVGAN67tFkDxwYQxonQA5yPUGkbnyZQB5Fx/kAyVGUb0UZQ4vt8/kAZJGUGUuZQ S_5
LJjsHAt0ioFUHZDWQB1N5/AUibFUmtDVQkYQs/obnFFEDrkVQdArCAJOJ4EEGY9VQ9ffKAlMfYFkBMzTQcJA//cshJFkDN0SQiWIPAJ68tFEXOJTQJ9XVAR2LiFUfuYWQD7mU/gMdjF0aQ4UQtY3ZAhxtRF0I9FUQqgiJAdGjHFUmr7RQT565/QIA6E01SSTQo0Rg/QHTQF08WhSQSp9YA5NgrFkleQSQV9GAAF6i1FUF72SQ7+oXAlvN4FEqN2TQ S_5
LhWkiAdEDuEUDXfXQA/ptAt+p0EU2jSXQwvfuAxnaMFEwfqXQYJGnAxKHYFk0iUXQV2PxAp/2wEk0K2VQeO7xA9YZZEEJocVQmRl1A1r8WE0ifBUQOhH3ARN6mE0StXTQlbt3AxrNFEEeynTQ44laAFXP2EkKG8WQ+89yAVgArE05Q7XQe9grAJQB5Ekv8MVQmDG5AR7Q4E0yLvVQ4XE3A5v8PEE+XGWQKPtpAV/yTEEaciVQ S_5
LQtI3ANz3RFUIwKYQXCs4ANX6mFkV5cYQ+3PBBNLdzFEbSQYQuWkFBdEuqFE+pKYQxzk4A5X4kF0jsNZQCSCuAJ6GdFEtsfZQRawrAxCbHFU9NiZQ9rZmAhRfrFU4LuZQPFJiAtIPAFkenyZQ7nhZApVfkFUgq+ZQZkUVA9z1OFUF1AaQ6oJCABIyHF0iPRaQc2O9Apx2HFEGEQYQp46xAZbSwF0teQYQgI6+ANXsZFk5bWZQYmZ6ARho0FEouaZQGGtxAJw+7Eks7WZQP8GoAZUk8FExXsZQ7XdgAVyJvE06Y0ZQzEuNAtPDwF0d2JaQpS5x/EsPTFUoLaaQ S_5
LxsdABtkYEGE1jOYQMpwEBZa8LGUrdGYQolDHBZHFMGEKz0WQvrHFBRYQHGkFF2VQ8qx5ANO0HG0EuSYQasTDBZ1BUGkueMYQZTFIBJUNKG006bYQ S_5
L/fqLB9b9RGUkvvWQq7cOBtteTGUcVeVQ5GPQBZP1IGUHy2UQYyWQBhS3HGkfCnTQxXSTBdJ3aGk4KrVQFdkSBttUmGkLBKVQPFnRB9P7tG0fmUWQsOgXBRtopGEUjXUQF3ZNBVyhVGUoyhXQnktLBN++WGEU6uUQV6dTBVj2aG0xywWQAO8WBhwWXG0LdRVQOhLPBl8QmGEGHeUQcuGRBp1C2GEac8VQ1pAOBV/grGE+52WQOlBVBRMrtGkP4/WQuJ/WBVDyxGEC//TQCzAbBt3RpGUi4AVQiLDYBxpOkG0BhhTQ S_5
LCOpRBtwgBG0VRuVQsVuTBp15tFkcATVQ/PVPBh+UdFk27HVQSIQQB5TjLFEHclUQP/1XBpdnlFkpXTWQqL4cBJetyFku2WWQT3idBxqLBG0E3UXQ1iegBBiavFURJcVQ7lFhB1iNHGUxHYXQL0yiBZWb7Fk0SfVQCSGjBRkeFG0rXdWQ8IbRBlteCG0estWQWcdVBRVkvFU9rSUQybKWBlyulF0urTXQeqCZBFtYVFExuCWQ/aXaB9BjCGk5rBYQLIPgBxsJjF0yFrUQUqUhBJjVNGEjlEYQdaYkBF1q4F0hywUQ8A7kBJuOKG0a2fWQ S_5
LJqmKBpW6iFEQ3kVQNaxFBtnFVF0vLdVQ8kYHBB9T/EkzjCWQwI7GBpFvuEkZnXVQn15DBVpuSFkDWAUQJuICBZXjnFE/7WTQiu44ABLjtFEgbuTQR6P1AhWfpF0pC2UQLLLzABSN3FU3DySQVH6JBJS3wFUOLCWQE+TCBt68bFUQ2+VQpfPHBNk7LFk/ocTQJmlABhOaHFEvxAUQQEjEBxaE2FEJwYTQmvICB53GhF0cEWSQZ4mrANli7F0019SQiob2ARwK6Fk6z4RQ S_5
L4MTJB1Nf/E0juRXQnX6KBt8TrEEBt4XQem5FBRgrhEkMeRYQwyBDB9gWsEU++pYQcRZPBRYMuE02odYQexbUBhcL3EkZYIYQnomQBVmDZEUtuzYQOCrYB58V+EkAxnYQsYwJBJwgMFURN2XQ+naMBdGFgE0JIIXQ6/HOB1E75EkJW1YQegDWBdOqqEkWwnXQ//MTBB9uEFUrfpXQhEyTB9CYbEUxILZQ6WBNBx2STEUz3DZQWQ4RBJgUNEUkBcYQToHcBZThEFknUWYQokDXBlL5KFkiR8YQ1S6ZBZj0wE0wY7YQ S_5
LShLFBpHbNEk6RFYQrHlABJ79/DEuJRYQeBhABxZSwD0vK/YQyisEBNmFlD09TRZQV+v4AFvmuDkugSZQl3UABRfsZDk3ymXQIPY4Atbh9C0G28XQitzHBxnwFEE2PlXQT5Q6AV+pKE0teMYQ8dW/AxsIlDkhvlWQ75HEBlxrIDU48pXQQSV4AZV0lCE/vVXQ S_5
SCORE:      -6.078    -80.179     12.674     43.018           0.301        0.000     -0.167         -3.482         -3.270         -2.840       0.000          0.000          0.000          0.000          0.000                   0.000                    0.000      3.735      7.655     21.524     -3.137     -2.190                0.280      1.367           0.799      0.785      1341.413         S_6
REMARK PARENT_TAG S_034_000010
REMARK SOURCE REGION_15_14/start_from_region_16_11_region_20_14_close_loop_sample.low4000.out
FOLD_TREE  EDGE 1 15 -1  JEDGE 1 28 1 N N  INTRA_RES_STUB  EDGE 28 16 -1  S_6
RT -0.950697 0.310114 0.00225649 -0.202662 -0.626763 0.752394 0.234742 0.714841 0.65871 9.5713 12.3762 8.2329   S_6
ANNOTATED_SEQUENCE: K[LYS_p:NtermProteinFull]QFTKCTMFHTSGYD[ASP_p:protein_cutpoint_lower]T[THR_p:protein_cutpoint_upper]QAIVEYGLFQIS[SER_p:CtermProteinFull] S_6
LOO0DBRFDUHUEZXYQhvfHBxFuaH0Ng9XQLLyIBNcSVH0cUoWQx57JBZjsLHUsekWQqIoMB9e3cH0G/XYQEl5QBRP8iH0fU+XQ0Y2VBV32kH01aaYQBrLaBBJpqH0iPBYQbf5eBFfQtHEfWcYQcC5EBhoURHUJO0YQGuOABtd5WHEp0fYQrHjCBxxENHUWbLYQlIbFBhlYiHUPhzXQx2fLBFvchHUER0YQuWNOBNpHVHUL0hYQp++RBVhQeHEcCGXQQSPPBhEmqH0CJqXQhitUBBkqpH04F2YQlzXXB1eJdH0JQlYQMXbbBtbglHUW1NXQkweYBZaAyHEI6oXQVe1gBZRFxH0ifKYQvwvdBJ8ByHkPx0YQaUPgBR9bmHENMoYQ S_6
Ly5bIBRgqbH0HclVQKzsJBpzMYHUkZOUQdqRPB5++cH0zj6TQeALQBlEYmHEjDNUQaHgFBt8AcHEe6NTQ0SZGBRz/XHkyRzRQBg+BBdQbbHEoq2QQYMr8AZOXhH0zAPRQphQCBlMrXH0SiOPQNLSHBd+TjHUEapVQiEjJBpHaPHUX7MUQhgoBBdVQZHkwUlTQmYmFBNzukHErrOTQzgMKBBb4YHkP3RRQORyFB1hmPHEcnDSQQE6+AxVqZHkMz4NQGiRFBRk3SHUZfsOQ S_6
LQihSBBCBWH0kZWTQWQAYBdueZHUiC/SQ2k4XB9YQcH0AXfRQRhLUBpmZZHkEEwQQ0+JcB9EzQHUTtRTQTqPdBdaMPHEmYvUQg1uZBtYYJH0R9hVQG94gBpxfTHUtIVVQ6quaBJr5HHU/J4WQDRZhBZcBSHktPrWQvdQfBF+NMH0NzcXQernRBpHaOHUO1ITQeALZBhuegHUCYlTQlyyaBhAIJH0Y44SQiv9fBZ53SH0uN0SQdyJWBtX9FHUW9EVQxNSiBtaFYHUH/tUQ/07XBFVUDHEdJfXQj2LjBhVcVHkvHIXQ5aBgB1CELHUUXQYQ S_6
LYlDcBp46hH0KIIRQsHFdBdbnkHE+VZPQ8SngBVsybH0iYwOQcSshBVCsXH08oYQQDDVfBRo6vHEb95OQP7PiBlq1wHU2AEQQQVnbB1pV4HU7cCQQnbyeB5qxkH0a9wRQFtoZBtR2kHUoyBOQXbufBF4MxH0ikwMQm8OiBx6RtHUqe6QQgTRdBRmIAIEAatPQfbsXBtut3HUetIPQOHObBFCE3Hk7HHRQ S_6
LlCHhBB5lZHE+UTMQoEDjBB2jRHEqxbLQeo1lBBkCTH0GvkMQVjHnBF7RLH0IFeNQISNjBFVdRHkaRYIQ1cckBhQebHUL4UGQqmckBhq8aHEnxPAQNgwlBlKzkHk+eo7P1uxlBR/YkHEcxeQvdSMgBRaRdHUCDyKQcnPiBZc9JHUArMMQBJZkBVefKHkcdoHQnBLhB1lgQH06IRHQ2eSjBRWZiH0teoHQghfmBFvMcH0YRxHQhdilBNozTHEqfB+PMlYiB9VZaHk4nu9PiypkBBI1rHEFBR+PjpznBhnQlHkdhk+PFYqmBlTDrHEINqsvfczmBt03dHkfz2qvMP4jBpF+jHUkB+rv S_6
L7m0jBRbnRGkB7RFQQJ2hBViBPGkRbHBQPyWfBdlDIGUzxrDQholaBpYQKG0BnEDQQUdjBp5sIGks7+5Pz2ImBtZKQGEdeBvPHZrlBNuePG0lnPEQb78gBNHaWGkmlD/P3HZkBVgxBGk4Rv9PkWKiB9ZDGGkkb+tPT9+mBlpPIGESt8pv S_6
LcRmgBNwKAGkhPqGQFsydB9w1xFksEzIQnDNaB9yh8F0Py2KQXjXVBV/p2FkGX/KQTplgBFVugFULlOKQv7AiBVHTUF0oQSIQp+ndBtoBSFU0N4LQpEjiBF7R9FUZJGHQoDNbBVzMrFULrcGQDfBiB1zooFUMWiLQqnkjBtNCcFENRbHQx0CgBB7CGF0g73MQcDfbBtFabFEi0XNQQiwaBZQGKFk4hkKQ S_6
Lz2ZcB1FZFGkipbMQ9oQZB9d+KGk+RhOQAAAVBB35RGUKFONQyLdQBtTiSGUudOOQtC4cB1kzRGEraJQQf4OgBNsbLGU6WFRQZAvcBJP/DGUjNUSQvIfcBBFJuF0K3iRQTMIgBpTiHGkSJWMQN0CXBNnEFGE/8tPQkXVfB99pWGEh29OQqORaB1y/WG0d9uQQZRahB9U5FGE15eQQqDkhBNJBRGET1lRQDLTaBRSGjF0nAMSQw6daB1EXvFUeKlQQ1cRgBlsNoFEWRZRQ S_6
LSgVWBNYlWG0Cr8KQUhrSBxFZdGEzLdJQTffNBZHaXGEX5wIQ97HJBRbnbGkbnPJQ7aYVB1YfhGEZX0FQDB+RB9SBpGULGnCQrgOOBRShvG0DnGFQ8ZfSB9cnpGUqbM6PaZFLB5zc2GUw/JCQs/WPBVpiwGUxWkwPsopLBlq92G0KqW5Pgp7ZBRsyVGUQJGKQYO0RBpoFkGUWO0KQ7rBZBNw0lG0Nc0GQfyWWBVE0aG0paMDQwDyNB9tHvGUi/tIQv2aVB5jikGUJQY0PDLKIBpsg7G0vnKEQ45zPBF57wGEWewwvWGLJBJna8G0o5ZxP S_6
L33POBNAAOGU+mEHQ+RhJB97nHGkc7cFQ025GBRbnCG0YPKJQBqGCBB03/FUaQAJQylCLBhHw9FENBcBQJ7ANBV5HDGEmUZ4P0UyJBt2wIGEMamjPiR4RBpTjCGUO/suPgnlMB1CfLG0qUM2vcWgRBZ1zHGkwa4zvPdzRBlqxKGErDNGQRdzGB1hWNGkzggDQqRPOB1+zzFEYvDDQk4kHBFNyzFkXNjAQaBqVBlP29FklHM0PLlvKBtdBQGUk/j9vP3hUBl6rIG0ynO7v S_6
L557JBZHaBG0GDSLQTiBIBBtd4F04OvNQKxgEB1U4CGUmYgPQxXoABliX8FkirUQQ7uwMBxbwwFUsFdPQjtkPBFTHgFkChEOQ/3yKB1iSoFUeNERQS2uNBB35DGEVMYLQNzMFBZUNsFEULCNQElePBZLI+Fk8kyPQLZHTBplyeFk/4yOQ2xMOBhR7iFUjHqRQJdsIBp290FUtVmRQcVFIBdc6aFkng5QQ S_6
LKIzFBxJKNG0a5tPQC3uCB95eUGkKfsQQ8G3BB5ZKfGkdT/PQZ8w7ANhokGExHPQQ/BjFBtlJWGkmZBSQtH2FBZGsMG0sQxSQ78+IB9H+PG0STsOQQZz9ApYNRGUvRBRQoglJBJUCZGUQ90RQh0WDBpTIcGE/BmSQO7hJB90zKGk465SQ S_6
LEumFBhxFiGUbDQOQfgqFBxRvsGEj6DNQZyhIBZRu0GU/O3OQ+XKHBNqL+G0Mu6OQi/eIB9XzcGUxYvNQWPuHBJdYsG03BJLQ+5jBB9pZvGEFNwMQ S_6
L1bgMBV62wGkewKQQigTPB9Bd3G06WJRQd9lLB98x6G0d8RSQxPeMBJg8CHEDs7SQh4rRBxhXBHUSVeQQ0xDVBdp5+GEd2gOQnHiTBR8YCHEWh/LQ3AxZB5fG5GU1ovOQdRmWBZ+JAHk1xwJQwS3cBxx02Gkm1hMQuCRbBJfX6G0siCKQiuVeBlJI4GkdypHQAznNBZvJpG0sBDQQZviSBZW4yG0PdmRQjkWOBBcgGHEl3LQQRHIUBVIcFHkjCORQN01PBFX9GH0oeyLQwSAbB5oU2GEx5WQQ4VWVB1f8CHUfplHQtjRgBFrPyGEzGwMQMP3cBJj96GUBxZEQ S_6
LBMcHBdIa0GUxsgSQLKqDBBZi2GkaqlTQaaXEBd5nuG0U7uUQ1zwFBZ4VlGkY/gUQdJZDBJUWyGEjD9VQPZQEB1R0rGEsHJXQ1M07AhnH2G06NETQN4a4ARS7/G0tLRSQkxX8ANyVBH0khLRQ6ICxAppNFHUrhrSQT64GBlB7tGkJL7RQRHZEBF5d+GEERAUQv6C6A1q6uGk/ffSQ1tc3AxV61G0vmAUQ S_6
Lga4CB9P0xGk038VQPISEBxixrGkMeJXQ2E++AhyjqG0bYCYQLgv+A9PejGEJudYQp/ZEBdrquGUhYvUQx44IBBAIxGEW+6XQ0Q1LBJGKpG0fmUYQvDuGB1cY5GkjvcYQ3fsABVek4GUm2CWQrTgFBlxsjGU4v3WQOujLBx+B1GEdiNXQdmQPBZm/rGEJmcYQoICKB18E9Gkw6tYQTLhEB1/f/GUmNLYQchDEB9ve1GksezYQ S_6
LkbD3A96gxGULn5XQGK9sAJqiwGEK1TYQsCTlAplBpGEYd5XQ5y1YAdfAnGkVwLYQeDunAN9h7GEhRZYQjyFuAt9QDHU1x0YQVC5vABDE/GkivhZQjFhoABE+6G0jR2ZQn+t5ANNFAHEJYxZQwpD4Alho3G0pKQXQWhZuARXDtG0ERzYQA2smAp/1+Gk2hyXQIQyfAtYK6GEnonYQimg1ANx9GHkw/pYQrZynAJsSJHEi61YQUyY7AhQd9GEM5OaQfWd/ARwdDHEbqfZQ S_6
LbMyoApb5kGkmOwWQfmWiApLYdGEX0+VQkl6hAxCeSGkhIqWQiAMqAx6tNGUEs9WQQsumANmWcG0uTkUQV/EwAphBnGkLOaWQjNXUA9/YgGUzS7VQWn1hAlhtWG0wRAUQNyhmAt/IkGE88EUQYQ8uANxdZGEtxmUQ S_6
LbpbQA1WiOG0Z+4WQdsWNAlt3DGkErcXQNk+9/goM6FE7gjWQHEqR/M9n/FEC1UWQRIoDAR9WEGUwjbYQPmiSAFUaKGkV95YQGhf+/YTSyFkMRsYQaE9IA1ugMG0YklZQ+8eDAlYDTGU/KrWQE9dcAJ/E/FEZ6eXQXfap/gz2IGk+UaYQZuggAJ+oFGE/d9YQgyfWAlMASGEVtqYQbPxw/8FRzFUGRMZQMLGo/s0MqFEFBXYQ4HLOA5SSpF0nitYQBTdUABO1QGEMT5ZQPC80/0DTRGUCGiZQ/dAFAx97EG0430ZQ S_6
LJjsHAt0ioFUHZDWQB1N5/AUibFUmtDVQkYQs/obnFFEDrkVQdArCAJOJ4EEGY9VQ9ffKAlMfYFkBMzTQ2tL//svXJFkCj0SQg09OAtq7tF0DyITQrdHWAVy/iFUYAUWQD7mU/gMdjF0aQ4UQmx6ZApS2RFEVBGUQGOoJANSZHFETB8RQ/rV6/cb35EUE9STQFnWg/YpAQFkvohSQAQzYA9/erFkpCQSQtVx//AWZ1FUdZ2SQygaXAR6T4F0/h1TQ S_6
LhWkiAdEDuEUDXfXQA/ptAt+p0EU2jSXQwvfuAxnaMFEwfqXQYJGnAxKHYFk0iUXQV2PxAp/2wEk0K2VQP36xARaZZEkOncVQq0k1AFt8WEkZeBUQVdH3AZP6mEEKtXTQZhs3A9lNFEUIwnTQ44laAFXP2EkKG8WQ+89yAVgArE05Q7XQsHhrAluB5EE18MVQkLG5A5bQ4EUbMvVQP5D3AVX8PEEgWGWQ2yspABfzTEklbiVQ S_6
LQtI3ANz3RFUIwKYQXCs4ANX6mFkV5cYQ+3PBBNLdzFEbSQYQuWkFBdEuqFE+pKYQxzk4A5X4kF0jsNZQLIauAJ1LbFEGZfZQSEvsAV/PFFEvUeZQaLhmAhMAoF0fLxZQLpdjA15T8EETbuZQH3baA1nPfFUbZBaQW5bXAZXYJF0q9/ZQ8V8EABokAFkaGQaQc2O9Apx2HFEGEQYQp46xAZbSwF0teQYQSlY/AVC7aFEIqWZQUko5AtF60FEvvaZQz54yABsB7EEObQZQt9vnA9tQ5FUyMyZQzYQiAhXDrEEIXtZQTfNOAZGmpFksNPaQzfk2/0YELF0ShbaQ S_6
LxsdABtkYEGE1jOYQMpwEBZa8LGUrdGYQolDHBZHFMGEKz0WQvrHFBRYQHGkFF2VQ8qx5ANO0HG0EuSYQasTDBZ1BUGkueMYQZTFIBJUNKG006bYQ S_6
L/fqLB9b9RGUkvvWQq7cOBtteTGUcVeVQ5GPQBZP1IGUHy2UQYyWQBhS3HGkfCnTQxXSTBdJ3aGk4KrVQ0++RB161mGEuYvVQ5OOWB9WrsGEBijWQcdqRBRkXrGkFJVUQF3ZNBVyhVGUoyhXQnktLBN++WGEU6uUQOinUBdQCYGUKjpWQdoZWBt8WZGkI27UQ/hCOBRtnnGE3fMWQ72QVBRaL1G0uLmWQQWUWBZ7bpGU/RkXQ4sHaBl+mrGUBkFWQU+uQBNg4zGUCPYUQxSfVB1aPqGUl40TQDJiOBhBPnGk/jxTQ S_6
LCOpRBtwgBG0VRuVQsVuTBp15tFkcATVQ/PVPBh+UdFk27HVQSIQQB5TjLFEHclUQP/1XBpdnlFkpXTWQy43cBJJvyFEA/WWQKFhdBhHPBGELuUXQHAfgBZjYvF0fqcVQIkEhB5wRHGUdGYXQ1IziB55a7FEu7fVQF3FjB98gFGURvdWQ8IbRBlteCG0estWQWcdVBRVkvFU9rSUQHQKWBdxslF0jqTXQDEDZBlfZVFE2pCWQWrUaBt7nCGUndBYQFLQgBRmDjFEs0rUQ6CThBF1bNGkCeEYQ4NZkBhen4FEHvxUQLf6kBdtRKG0+TgWQ S_6
LJqmKBpW6iFEQ3kVQNaxFBtnFVF0vLdVQ8kYHBB9T/EkzjCWQwI7GBpFvuEkZnXVQn15DBVpuSFkDWAUQnOGCBxnhnFUiJXTQS704A9WdtFUZdvTQ5NP1Ah6KpFU8A3UQR5EzANbU3F0o2zSQVH6JBJS3wFUOLCWQE+TCBt68bFUQ2+VQNKQHBt+CMFUjicTQL5mABhLUHF0gtAUQm8fEBhgE2FU8kYTQwLECB5fEhF0ITWSQcOhrAR0n7FkkMATQP3S2AJkd6FUon6RQ S_6
L4MTJB1Nf/E0juRXQnX6KBt8TrEEBt4XQem5FBRgrhEkMeRYQwyBDB9gWsEU++pYQcRZPBRYMuE02odYQaxbUBRdL3E0ZYIYQwomQBJmDZEEsuzYQBDrYBp1V+E0AxnYQsYwJBJwgMFURN2XQ+naMBdGFgE0JIIXQ2/HOBdE75EEKW1YQkfDWB1RqqE0BwnXQDANTB9BvEF0BgpXQpEyTBxCYbEEwILZQFXBNBB2STEEy3DZQjQ4RBdgUNEkiBcYQ/oHcBJNhEFEoUWYQQmDXBtB5KFktR8YQeT6ZB9X0wEUmY7YQ S_6
LShLFBpHbNEk6RFYQrHlABJ79/DEuJRYQeBhABxZSwD0vK/YQyisEBNmFlD09TRZQV+v4AFvmuDkugSZQl3UABRfsZDk3ymXQPRY4ABVh9C0W28XQitzHBxnwFEE2PlXQT5Q6AV+pKE0teMYQTbW/AJsIlDUkvlWQZ6HEBl3rIDUo8pXQSUV4A5O0lCkOwVXQ S_6
