SEQUENCE: KQFTKCTMFHTIVEYGLFQIS
SCORE:       score     fa_atr     fa_rep     fa_sol    fa_intra_rep    pro_close    fa_pair    hbond_sr_bb    hbond_lr_bb    hbond_bb_sc    hbond_sc    dslf_ss_dst    dslf_cs_ang    dslf_ss_dih    dslf_ca_dih    atom_pair_constraint    coordinate_constraint       rama      omega     fa_dun    p_aa_pp        ref    linear_chainbreak    all_rms    backbone_rms        rms    score_orig description
REMARK BINARY_SILENTFILE
SCORE:      -7.624    -49.608      4.941     26.457           0.242        0.000     -0.164         -3.855         -1.150         -1.647       0.000          0.000          0.000          0.000          0.000                   0.000                    0.000      3.546      6.448      9.741     -2.165     -0.410                0.000      0.586           0.474      0.345        -5.896         S_0
REMARK BINARY_SILENTFILE 
REMARK PARENT_TAG S_00001
REMARK SOURCE REGION_19_11/start_from_region_20_11_denovo_sample.low4000.out
FOLD_TREE  EDGE 1 11 -1  JEDGE 1 21 1 N N  INTRA_RES_STUB  EDGE 21 12 -1  S_0
RT -0.950697 0.310114 0.00225625 -0.202662 -0.626763 0.752394 0.234742 0.714841 0.65871 9.57128 12.3762 8.23287   S_0
ANNOTATED_SEQUENCE: K[LYS_p:NtermProteinFull]QFTKCTMFHT[THR_p:C_methylamidated]I[ILE_p:N_acetylated]VEYGLFQIS[SER_p:CtermProteinFull] S_0
CHAIN_ENDINGS  11 S_0
LWO0DBtEDUH0FZXYQnvfHBNFuaHkQg9XQRLyIBtbSVH0eUoWQ357JB5isLHEuekWQyIoMBVe3cHEI/XYQuL5QBZC+iHk9Z+XQq/1VBtn4kHUldaYQ36KaBJnsqH0pUBYQuX4eBhTVtHUmdcYQlC5EB9nURHkKO0YQOuOABJd5WHkq0fYQyHjCBNxENHkXbLYQsIbFB9kYiHEShzXQMwfLB1YbhHkRU0YQexNOBhjHVHU4uhYQyt+RBRnTeHUsBGXQ1dOPBp6nqHUoYqXQ+AtUBVHrpHknL2YQF0XXB1ILdHEKOlYQ+LbbBNlklHE2+NXQrcdYBJbDyH0aFpXQFz0gBFNLxHUMoKYQsGudBZIGyHEs40YQGBPgB9MhmHU0SoYQ S_0
L25bIBxfqbHUKclVQMzsJBNzMYHkmZOUQfqRPBh++cH01j6TQgALQBNEYmHUlDNUQcHgFBZ8AcHkg6NTQv07GBlJzZHEEHxRQ3gBHBhz7NHEPycRQSXFDB14PIH02xqRQBJiLBphHKHkT17QQQLSHB99TjHUHapVQmEjJBNHaPHEZ7MUQohxBBdE+XHUFHeTQzKCFB9SmkHEInXTQAmBFBRL6dHE8u7QQyUDLBF/kcHEmV3RQAG1LBBJWCHE8ItQQFqoOBNaAPHEmoxQQ S_0
LSihSBpBBWHkmZWTQYQAYBJueZH0jC/SQ2k4XBpYQcHUCXfRQRhLUBZmZZHUGEwQQ4+JcBxEzQH0UtRTQP1TdBBPUPHUFUvUQ5U1ZBlVkJHEP/iVQK27gBJ2qTHUf5TVQ3/4aBt0MIHU2H5WQxEehBNtTSHkO8pWQtWcfBpRkMHkYmcXQgrnRBRHaOH0P1ITQgALZBJuegH0DYlTQ95waBtZGJHUH05SQJk8fBpvzSHkTVzSQsCPWBp0GGHEZ6GVQVNUiBpSNYHkF4rUQe8HYBRqqDHEK/gXQrRRjBZFxVHUK5FXQI4IgBdBgLHEQPQYQ S_0
LWlDcBZ46hHEMIIRQqHFdBNbnkHkAWZPQ7SngBJsybHUkYwOQbSshBJCsXHU9oYQQ/CVfBBo6vHUd95OQH8PiBpn1wHk9/DQQaXnbBJpV4HU7dCQQnbyeBlqxkHEc9wRQCtoZBdR2kHkryBOQPYufBN6MxH0hkwMQGCNjBxLs2HUr7UPQoVRdB9lIAIU+btPQOcsXBFwt3HU3wIPQcMObBB/D3HU9IHRQ S_0
LjCHhB54lZHE/UTMQmEDjB11jRHUqxbLQco1lB5jCTHUGvkMQUjHnB96RLHUHFeNQFSNjB5UdRH0aRYIQJsrgBp1eNHkWd/FQAH/gBd1rNH0p+3/P50AdBl8SJHk7UW6PhOgdBhOqJHkAFFkvbSMgBJaRdHEEDyKQanPiBRc9JHUArMMQqCojBNkoZHE3SfHQok4kB5jUMHEcErHQWmSgBVAUFHkFuTHQMsCeBJEnSHkXeKHQbYUhBFu7VH0vmW9PjvtiBd11IHkmWs9PrdccBxGDBHkcj68P3glZBZ7EOHkSs18P27IaBJGsGHUGHuxv3tBeBp+TRHkqplvvSpVgBpdOFHkehSvv S_0
L6m0jBNbnRGU56RFQOJ2hBViBPGEKbHBQMyWfBZlDIGEsxrDQeolaBlYQKGE8mEDQMUdjBt5sIGkW7+5P73ImBdXKQGU5yBvPGZrlBJuePGUcnPEQZ78gBNHaWGUalD/P3GZkBtdxBGUdQv9PvWKiBFeDGGE3Q+tPmPYmBB01JGUM5exv S_0
LbRmgBJwKAG0YPqGQEsydBtw1xFEoEzIQnDNaBtyh8FUMy2KQXjXVBB/p2FkDX/KQSplgBxUugFkFlOKQO4/hBpFMUFUXMSIQXSodBRsISFUlW5LQoEjiB96R9FUPJGHQnDNbBNzMrF0CrcGQdLCiBp/ooFE2jhLQWkjjB5E3bF0XcZHQg+CgBB4JGFkMD5MQW+gbBhfmbFkSAZNQJdvaBpHNKFE6cmKQ S_0
L02ZcBpFZFGEfpbMQ+oQZBtd+KG07RhOQBAAVB125RGkIFONQzLdQBdTiSGUtdOOQvC4cBpkzRGUpaJQQTLggBVRfLGUbH8QQDlCeB1ifDGkasPSQyD9cBNiaNGUIfgTQTMIgBhTiHGkOJWMQQ0CXB9mEFGk88tPQw45eB1ZeXG0FP/OQqoRaB1aIWGUIh1QQ+UkhBZSRGGkt3PQQDw5hBtaJRGEfkYRQyeIbBx1sJGEifYUQ3oYgBp+/QGE0eyTQxATaBhimTGUQtHTQ S_0
LRgVWBFYlWGUBr8KQShrSBpFZdGkyLdJQQffNBNHaXG0W5wIQ67HJBJbnbGEcnPJQ3aYVBxYfhGEYX0FQLevRBxQ4nGUUsQCQKYoQB51gyG0Y7YDQN1aPBxVRjG0JGk7PWDSNBFgZ4G0opHAQmyEMBRqIpGk+DByPtUALBNotzGEJXt2Pfp7ZBFsyVGkOJGKQWO0RBdoFkGEWO0KQuiuYBFFsmGkra1GQJq0WBJbyaGEY7bDQw3bSB1KO2GULo5GQv2QQBld6aGkvpt5PHWcMBtxvAHU4cDBQguRKB5yalGks1CovYNXIB13V4G0rgzoP S_0
L13POBBAAOGU8mEHQ8RhJB17nHGUb7cFQz25GBFbnCGUYPKJQAqGCBlz3/F0ZQAJQtlCLBdHw9FkJBcBQbF4MBdsHDGUB2S4PlGgJBFEYIGUfBniPjjuRB5c4CGk1d9tPPHNMBBhMLGkiOo2vt0MRB9A9HGkkUZ0vNdzRBhqxKGknDNGQNdzGBxhWNGkzggDQS/TOBBQF0Fkb0ADQ0rmHBpPhzFErgoAQgplVBRRO/FEsDyzPvOPKBNTePGk4B09vTdLUBV7/IGE/mj7v S_0
L557JBNHaBG0FDSLQViBIBhsd4Fk3OvNQMxgEBhU4CGEmYgPQdnPABhuJ9F0YlLQQ1QNGBlpvMG0UjAQQOfKDBJbCUGEos2QQyKnMBFXPsF0ovPPQWVXOBRmIbFkHLaNQ0dHLB9AKjFkfY/QQS2uNB125DGkTMYLQPzMFB5TNsFkSLCNQ7asJBpWQPGkaoNPQqPRFBlxpbGUYf7QQxHc+AlYWVGUXyaQQiauCBZJlQGEaS2RQ2RzPBpdt3F027uPQowNRBlqxgFERlMMQlkkOBlJEbFE9+aRQkf3JBh0IwFEgcpRQeI2HBlXyXF0CI4QQ S_0
L1TMVABVvNGkUE9WQrsSNA5loDGEXUfXQWn///gMS7F0wJdWQbJgc/YTbBGkUBCWQ+X/kAJzmPGUCwGXQ+jnpA1C5ZGkD9jWQKZgqAhY5IGkhvrXQ4Re//0IXFG0nNYYQDC+MAxu8KGEp26YQtdMu/grf1FElkoYQW2QAAhm5NGEUSiZQWD1KAFsxSG0lJgWQJgiaA5ti8FUL4tXQ5cLyARKKaG0jJxWQ0zToAdiQaGUmAfVQsAulABjrgG0IiCXQeb4k/Q6qKG0IoQYQwr5ZAFtiFGkquDZQImrTAF6KSGUUnsYQLKQW/8XO4FEPQFZQVNkU/EXJuFEACQYQyVZEAZ23qFE4MwYQj+tKAND1RGk7X5ZQjAqm/0oUTG0ZcZZQSlHz/YisGGEMlwZQ S_0
LrisHAx0ioFEGZDWQT0N5/AUibF0ktDVQCYQs/wbnFFUBrkVQNArCAZOJ4EkEY9VQqffKAlMfYFUAMzTQk52+/YypJFkY7zSQP3QPAR19tFkRlJTQ4bTVAltHiFUkIZWQo5mU/cMdjFUZQ4UQQm0ZAR6mRFUm5FUQl8dJAhFrHFUKa7RQZVl5/URH6EExwRTQLJOg/kEiQFEzIhSQ8CGZA9HhrFkN1QSQKjSAANiq1FkbW3SQwo0XAJpI4FE5w2TQ S_0
LYWkiA9EDuEUCXfXQ0+ptAR/p0Ek1jSXQgvfuANoaMFUvfqXQIJGnAFLHYFE0iUXQK2PxARA3wE0zK2VQXa9xANSZZEEptcVQHah1Ap78WEkkVBUQNn72AtY6mE01QXTQmGt3AtbPFEE7qnTQi4laAhXP2EUJG8WQx89yA9gArE04Q7XQ4/frAVZ+4E0O8MVQMTF5AF5T4Ek9HvVQDHL3AVIBQEEdJGWQV0wpA1btTE0OJjVQ S_0
L+sI3A1z3RF0HwKYQBCs4AtX6mFUV5cYQy3PBB1LdzFEbSQYQhWkFBJFuqFU+pKYQazk4ANY4kF0jsNZQOvIuAl/hcFkymfZQnPIsAx0uGF0p3hZQm1UmA96eqFUzQuZQt4miAlPB/EUtLyZQYkjZAxN9iFEHq+ZQ7M5VAJBNNFkUkAaQdA6CAtvnFFka5QaQK2O9ARy2HF0FEQYQT46xAxbSwFkteQYQCiD/A9EDaFkBgWZQ+JL6Ahru0FkHvaZQU7NyAt6n7EkxcWZQGa0nA1Zp7FUmpsZQY3IhAli2tEUPwzZQN1dNAp5LuF0x+JaQ811y/Er0QFUJ+ZaQ S_0
LksdAB5kYEGE1jOYQ9owEBla8LGkrdGYQZlDHBpHFMG0Kz0WQgrHFBhYQHGEGF2VQiqx5AZO0HGkEuSYQLsTDBl1BUGkueMYQJTFIBZUNKGE16bYQ S_0
LwfqLBNc9RGElvvWQZ7cOBBueTG0dVeVQpGPQB1P1IG0Iy2UQIyWQB5S3HGUhCnTQfXSTB1J3aGE6KrVQkW7RBh2fmGUpiBWQfOAXBlVlsGUCkYWQ9sGPBFHvrGE+I2UQz2ZNBpyhVGkpyhXQXktLBd++WGUV6uUQSzHVBR86WG0R8hWQc9AWB9zjaGkC00UQ0bIPBpLUmGEOF3WQf6/VB5h10G0QXoWQWE6YB9pzoGUAlPXQjcvZBZfesGEHViVQ/0IOBBRA0G0jJGVQ65tRB5/krGEbS+TQNibLBJ/YnGk26nUQ S_0
LzNpRBFxgBGUXRuVQdVuTBl25tFUeATVQzPVPBZ/UdF037HVQHIQQB5UjLFkIclUQC/1XBtenlF0qXTWQtO4cBhMtyFET1WWQX/UdBN35BG0J8OXQajlgBBV9tFkc/hVQCr+gBNp7HGEFLSXQl25iBFz95FUqIlVQGWGjBNNeFGEWTdWQsIbRBBueCGEgstWQHcdVBRWkvFk/rSUQodKWBBKvlFE9rTXQ1lCZBRlYVFUpvCWQMf+ZBZA2DGUpz4XQepbgBtIjgFEkm1UQuOIhBRVoOGEbj+XQo+kkB9uD2F0CS7UQoG7kB9NOKG0nwfWQ S_0
L8pmKBhX6iFER3kVQDaxFBdoFVFUwLdVQykYHB59T/EU0jCWQnI7GBlGvuEEanXVQe15DBBquSFUEWAUQZqrBBZ5JnFkCcZTQHzo4A9RXtFkhb/TQbfRxAxPRgF0qZEUQxhr3At8tAGkuQaUQIH6JB5S3wFUPLCWQ59TCBZ78bFUQ2+VQ9cWHB5HUNFUJhbTQgg1ABRrVGFUo7/TQHcDEB9ar1FU/bSTQQi/ABhPHgFk6haSQWRywAFyODGko5zUQiT29AVOxFGUU6UUQ S_0
LuMTJBtOf/EUkuRXQdX6KBx9TrE0Bt4XQVm5FBNhrhEkMeRYQnyBDBxhWsEE++pYQRRZPBVZMuE02odYQTzbUBRGL3E0QYIYQMkmQBtsDZEkQvzYQGIrYBFJV+EEwwnYQhYwJBBxgMFUSN2XQ2naMBhHFgEkKIIXQhBIOBFT75EU1V1YQ8cDWBVzpqEEnvnXQdFNTBVxuEFE4fpXQIAyTBZJYbEEUJLZQKRBNBNOTTEUc4DZQJK4RBdZUNE0bCcYQZvHcBJQgEFERUWYQ2vDXBZc4KFEhR8YQCV6ZBxkzwEURY7YQ S_0
LLhLFBpIbNEk6RFYQlHlABB99/DEuJRYQbBhABpbSwD0vK/YQtisEBRoFlDk9TRZQN+v4A5wmuDEugSZQd3UABJhsZDE4ymXQiCY4AJFi9C0o08XQctzHB5owFEk2PlXQJ5Q6AJ/pKEkteMYQJtW/AByIlDkQvlWQA3HEBBQrIDUW+pXQBGV4AZ90lCkkuVXQ S_0
SCORE:      -7.266    -50.520      4.954     25.865           0.241        0.000     -0.164         -3.607         -1.150         -1.651       0.000          0.000          0.000          0.000          0.000                   0.000                    0.000      3.563      6.463     11.152     -2.004     -0.410                0.000      2.730           1.700      0.574        -4.338         S_1
REMARK PARENT_TAG S_00017
REMARK SOURCE REGION_19_11/start_from_region_20_11_denovo_sample.low4000.out
FOLD_TREE  EDGE 1 11 -1  JEDGE 1 21 1 N N  INTRA_RES_STUB  EDGE 21 12 -1  S_1
RT -0.950697 0.310114 0.00225625 -0.202662 -0.626763 0.752394 0.234742 0.714841 0.65871 9.57128 12.3762 8.23287   S_1
ANNOTATED_SEQUENCE: K[LYS_p:NtermProteinFull]QFTKCTMFHT[THR_p:C_methylamidated]I[ILE_p:N_acetylated]VEYGLFQIS[SER_p:CtermProteinFull] S_1
CHAIN_ENDINGS  11 S_1
LWO0DBtEDUH0FZXYQnvfHBNFuaHkQg9XQRLyIBtbSVH0eUoWQ357JB5isLHEuekWQyIoMBVe3cHEI/XYQkV5QBtV9iH02X+XQ9L2VBxw3kHERcaYQlBLaBRJsqHE1TBYQig4eBFrUtHkqccYQlC5EB9nURHkKO0YQOuOABJd5WHkq0fYQyHjCBNxENHkXbLYQsIbFB9kYiHEShzXQxyfLB55bhHEDT0YQMnNOBZlHVHk7whYQ9w+RBBfSeHEXBGXQpzOPB1QnqHEoTqXQgOtUBJ7ppHkRL2YQCFYXBFNKdHUULlYQxRbbB1bklHUH7NXQoedYBFDDyH0uGpXQl10gB51KxH0lnKYQWQudB9MFyHEu40YQtHPgBFfgmH0gQoYQ S_1
L25bIBxfqbHUKclVQMzsJBNzMYHkmZOUQfqRPBh++cH01j6TQgALQBNEYmHUlDNUQcHgFBZ8AcHkg6NTQN37GBJTzZHU/GxRQxVBHBVA8NH0CwcRQLvEDBpuQIHEcfqRQpSiLBFDHKH0jD8QQQLSHB99TjHUHapVQmEjJBNHaPHEZ7MUQnixBBV+9XHkdGeTQ3HCFBhRmkHkznXTQkwBFB5n6dHELv7QQWaDLBJzkcHU8W3RQDI1LBNqVCH0tWtQQ7KpOBNb/OHUtDyQQ S_1
LSihSBpBBWHkmZWTQYQAYBJueZH0jC/SQ2k4XBpYQcHUCXfRQRhLUBZmZZHUGEwQQ4+JcBxEzQH0UtRTQP1TdBBPUPHUFUvUQ5U1ZBlVkJHEP/iVQK27gBJ2qTHUf5TVQ3/4aBt0MIHU2H5WQxEehBNtTSHkO8pWQtWcfBpRkMHkYmcXQgrnRBRHaOH0P1ITQgALZBJuegH0DYlTQ95waBtZGJHUH05SQJk8fBpvzSHkTVzSQsCPWBp0GGHEZ6GVQVNUiBpSNYHkF4rUQe8HYBRqqDHEK/gXQrRRjBZFxVHUK5FXQI4IgBdBgLHEQPQYQ S_1
LWlDcBZ46hHEMIIRQqHFdBNbnkHkAWZPQ7SngBJsybHUkYwOQbSshBJCsXHU9oYQQ/CVfBBo6vHUd95OQH8PiBpn1wHk9/DQQaXnbBJpV4HU7dCQQnbyeBlqxkHEc9wRQCtoZBdR2kHkryBOQPYufBN6MxH0hkwMQGCNjBxLs2HUr7UPQoVRdB9lIAIU+btPQOcsXBFwt3HU3wIPQcMObBB/D3HU9IHRQ S_1
LjCHhB54lZHE/UTMQmEDjB11jRHUqxbLQco1lB5jCTHUGvkMQUjHnB96RLHUHFeNQFSNjB5UdRH0aRYIQJsrgBp1eNHkWd/FQAH/gBd1rNH0p+3/P50AdBl8SJHk7UW6PhOgdBhOqJHkAFFkvbSMgBJaRdHEEDyKQanPiBRc9JHUArMMQqCojBNkoZHE3SfHQok4kB5jUMHEcErHQWmSgBVAUFHkFuTHQMsCeBJEnSHkXeKHQbYUhBFu7VH0vmW9PjvtiBd11IHkmWs9PrdccBxGDBHkcj68P3glZBZ7EOHkSs18P27IaBJGsGHUGHuxv3tBeBp+TRHkqplvvSpVgBpdOFHkehSvv S_1
L6m0jBNbnRGU56RFQOJ2hBViBPGEKbHBQMyWfBZlDIGEsxrDQeolaBlYQKGE8mEDQMUdjBt5sIGkW7+5P73ImBdXKQGU5yBvPGZrlBJuePGUcnPEQZ78gBNHaWGUalD/P3GZkBtdxBGUdQv9PvWKiBFeDGGE3Q+tPmPYmBB01JGUM5exv S_1
LbRmgBJwKAG0YPqGQEsydBtw1xFEoEzIQnDNaBtyh8FUMy2KQXjXVBB/p2FkDX/KQSplgBxUugFkFlOKQO4/hBpFMUFUXMSIQXSodBRsISFUlW5LQoEjiB96R9FUPJGHQnDNbBNzMrF0CrcGQdLCiBp/ooFE2jhLQWkjjB5E3bF0XcZHQg+CgBB4JGFkMD5MQW+gbBhfmbFkSAZNQJdvaBpHNKFE6cmKQ S_1
L02ZcBpFZFGEfpbMQ+oQZBtd+KG07RhOQBAAVB125RGkIFONQzLdQBdTiSGUtdOOQvC4cBpkzRGUpaJQQPGggBZOfLGEXK8QQV/BeBVncDGUrZPSQHa6cBBeVNGU8VgTQTMIgBhTiHGkOJWMQQ0CXB9mEFGk88tPQfB6eBhKeXGEVO/OQ3nRaBdsIWGUNf1QQAtkhBx7SGG0J5PQQ5S5hBteJRGE44YRQ0YFbBx5lJGUqKYUQJBXgBZ87QG0SoyTQrIQaB5AhTGU6iHTQ S_1
LRgVWBFYlWGUBr8KQShrSBpFZdGkyLdJQQffNBNHaXG0W5wIQ67HJBJbnbGEcnPJQ3aYVBxYfhGEYX0FQLevRBxQ4nGUUsQCQKYoQB51gyG0Y7YDQN1aPBxVRjG0JGk7PWDSNBFgZ4G0opHAQmyEMBRqIpGk+DByPtUALBNotzGEJXt2Pfp7ZBFsyVGkOJGKQWO0RBdoFkGEWO0KQuiuYBFFsmGkra1GQJq0WBJbyaGEY7bDQw3bSB1KO2GULo5GQv2QQBld6aGkvpt5PHWcMBtxvAHU4cDBQguRKB5yalGks1CovYNXIB13V4G0rgzoP S_1
L13POBBAAOGU8mEHQ8RhJB17nHGUb7cFQz25GBFbnCGUYPKJQAqGCBlz3/F0ZQAJQtlCLBdHw9FkJBcBQbF4MBdsHDGUB2S4PlGgJBFEYIGUfBniPjjuRB5c4CGk1d9tPPHNMBBhMLGkiOo2vt0MRB9A9HGkkUZ0vNdzRBhqxKGknDNGQNdzGBxhWNGkzggDQS/TOBBQF0Fkb0ADQ0rmHBpPhzFErgoAQgplVBRRO/FEsDyzPvOPKBNTePGk4B09vTdLUBV7/IGE/mj7v S_1
L557JBNHaBG0FDSLQViBIBhsd4Fk3OvNQMxgEBhU4CGEmYgPQdnPABhuJ9F0YlLQQ1QNGBlpvMG0UjAQQOfKDBJbCUGEos2QQyKnMBFXPsF0ovPPQ5QXOB5VIbFUcMaNQpfHLB5WKjF0LZ/QQS2uNB125DGkTMYLQPzMFB5TNsFkSLCNQ7asJBpWQPGkaoNPQqPRFBlxpbGUYf7QQxHc+AlYWVGUXyaQQiauCBZJlQGEaS2RQAUzPB1Zt3FEv5uPQUsNRBZKxgFkhlMMQQmkOBtdEbFkl/aRQtk3JBJWJwFkrcpRQdI2HBRzyXFkzJ4QQ S_1
LPsdVAdLU2FkWBTYQfErLAVopCG0QNqXQrPI9/wSm5Fk2pmWQvNQS/Qn4/F0q5SWQ3TQJAVF3vFUIWzYQlmXSARgKgFkQSTZQjX2t/8R42F0SN2YQDhmcAhvoJGkve9WQJj8jAtx1QGknl+XQ7BXSAhbTQGkOH3VQCYetABPxWGEhiaXQ55WiAZskxF0wGOYQFgMAAZYxHGkcfFYQ1AXGABCkcF01irZQS55WAZWdRF0e1CZQ58MgA5pHnF0GjiZQhuakAVVeEGU53hWQ4HIcA90kWGkv7KYQQ0imAVdwLGkNrZYQ3zieARoMVGkBMYVQ9UDLAZ7BLG0m8HVQXZIGA5ieVGECuSWQqrDxA99sbGUAOGYQC8XzA9OCRGUvTDXQWS5qAJ+2bGkh3lWQ S_1
LrisHAx0ioFEGZDWQT0N5/AUibF0ktDVQCYQs/wbnFFUBrkVQNArCAZOJ4EkEY9VQqffKAlMfYFUAMzTQ3bA//AchJFUmN0SQ7EIPAR48tFEnNJTQBWdWAdsejFEYeRWQo5mU/cMdjFUZQ4UQBe3ZAh/tRFkO9FUQypiJAR2iHF0Is7RQuk75/05/5EE6TSTQz7Rg/0oSQFEYXhSQ8X9YABMgrFk2dQSQhlGAAdqi1FkM62SQ2moXA15N4FEhM2TQ S_1
LYWkiA9EDuEUCXfXQ0+ptAR/p0Ek1jSXQgvfuANoaMFUvfqXQIJGnAFLHYFE0iUXQK2PxARA3wE0zK2VQny9xABRZZEUmucVQbdh1AZ78WEEtVBUQZe82AJc6mEUETXTQtGs3A1KPFEEPonTQi4laAhXP2EUJG8WQx89yA9gArE04Q7XQR1frAh594EUJ8MVQ0KF5A1ZU4EUTHvVQp2L3A1qBQEUfJGWQzVxpAlwsTEkoMjVQ S_1
L+sI3A1z3RF0HwKYQBCs4AtX6mFUV5cYQy3PBB1LdzFEbSQYQhWkFBJFuqFU+pKYQazk4ANY4kF0jsNZQAft5AdS/5F0F8kZQjMLxAJIDEGEz2nZQRHqBBtiu/FkQ93ZQ71KyAZysNG0DC9ZQd4MCBxTfJGk3ONaQpqz7Ax8YQG0DtPaQyC28ApA/ZGkj4kaQK2O9ARy2HF0FEQYQT46xAxbSwFkteQYQANAxANQadFEjiWZQhpK/A1QXaFUBiWZQ7hlpAdp3BGUBCZZQHcCFBZow0F0C41ZQ4YZrAZiKTG0xD/ZQsxAGBZnmLGUH8baQsh7BBVADbG0/pwaQ S_1
LksdAB5kYEGE1jOYQ9owEBla8LGkrdGYQZlDHBpHFMG0Kz0WQgrHFBhYQHGEGF2VQiqx5AZO0HGkEuSYQLsTDBl1BUGkueMYQJTFIBZUNKGE16bYQ S_1
LwfqLBNc9RGElvvWQZ7cOBBueTG0dVeVQpGPQB1P1IG0Iy2UQIyWQB5S3HGUhCnTQfXSTB1J3aGE6KrVQ9X7RBhNfmGkJ4BWQlTAXBxMksGUp+YWQTYGPBhbwrGEiq2UQz2ZNBpyhVGkpyhXQXktLBd++WGUV6uUQKYIVBJu5WGErxhWQKdAWBpUlaG0Dt0UQerIPB1BSmGkWd3WQjAAWBB8z0GkKBpWQhZ6YBZFxoGEE3PXQTTvZBh4esGEqsiVQWhIOBFIB0GkZ6GVQgWtRB14nrGk9w+TQfLbLBVmanGU0YoUQ S_1
LzNpRBFxgBGUXRuVQdVuTBl25tFUeATVQzPVPBZ/UdF037HVQHIQQB5UjLFkIclUQC/1XBtenlF0qXTWQ9Q4cBx/syFEU0WWQlzUdBFx6BGkyxOXQmslgBl76tFE5GiVQLm+gBRd8HGEz/RXQ0A6iBxN75FUOPlVQTZGjBF7dFG0hQdWQsIbRBBueCGEgstWQHcdVBRWkvFk/rSUQBfKWBZZvlFEGsTXQxiCZBRfYVF0OwCWQqG+ZB9x3DGkmi4XQP4bgBRJfgF0a11UQTEIhBZ8pOG0uQ+XQPPlkBda/1FUTf7UQpK7kBJ3NKGUFtfWQ S_1
L8pmKBhX6iFER3kVQDaxFBdoFVFUwLdVQykYHB59T/EU0jCWQnI7GBlGvuEEanXVQe15DBBquSFUEWAUQeCrBBVOJnF0hfZTQINn4A1pTtF0cg/TQdMQxA1pMgFktREUQcTp3AharAG0YlaUQIH6JB5S3wFUPLCWQ59TCBZ78bFUQ2+VQSlWHB5EWNF0rfbTQm31ABFQUGFkW6/TQNYCEBB9r1FkohSTQhG/ABF4GgFkUkaSQxyvwANRLDGEDQ0UQC3z9A9HvFG0EZVUQ S_1
LuMTJBtOf/EUkuRXQdX6KBx9TrE0Bt4XQVm5FBNhrhEkMeRYQnyBDBxhWsEE++pYQRRZPBVZMuE02odYQMzbUBlHL3EkRYIYQckmQBZsDZEkOvzYQuGrYBdVV+EUxwnYQhYwJBBxgMFUSN2XQ2naMBhHFgEkKIIXQbBIOBVS75Ek2V1YQMeDWBZypqEEBwnXQ4ENTBVtuEFkffpXQYAyTBFJYbEUSJLZQeRBNB5MTTEEa4DZQfK4RB5ZUNE0YCcYQBuHcBxcgEFkSUWYQHtDXBFr4KF0VR8YQJU6ZBd2zwEUfY7YQ S_1
LLhLFBpIbNEk6RFYQlHlABB99/DEuJRYQbBhABpbSwD0vK/YQtisEBRoFlDk9TRZQN+v4A5wmuDEugSZQd3UABJhsZDE4ymXQKIY4AJzh9CEU18XQctzHB5owFEk2PlXQJ5Q6AJ/pKEkteMYQEmW/AdwIlDUYvlWQR4HEBJgrIDkr9pXQdLV4ABs0lCUOvVXQ S_1
