SEQUENCE: KQFTKCTMFHTVEYGLFQIS
SCORE:       score     fa_atr     fa_rep     fa_sol    fa_intra_rep    pro_close    fa_pair    hbond_sr_bb    hbond_lr_bb    hbond_bb_sc    hbond_sc    dslf_ss_dst    dslf_cs_ang    dslf_ss_dih    dslf_ca_dih    atom_pair_constraint    coordinate_constraint       rama      omega     fa_dun    p_aa_pp        ref    linear_chainbreak    all_rms    backbone_rms        rms    score_orig description
REMARK BINARY_SILENTFILE
SCORE:      -5.044    -45.397      4.504     23.971           0.225        0.000     -0.165         -3.197         -1.150         -1.647       0.000          0.000          0.000          0.000          0.000                   0.000                    0.000      4.208      6.446      9.630     -1.823     -0.650                0.000      1.259           0.000      0.000        -2.934         S_0
REMARK BINARY_SILENTFILE 
REMARK PARENT_TAG S_00000
FOLD_TREE  EDGE 1 11 -1  JEDGE 11 12 1 C N  INTRA_RES_STUB  EDGE 12 20 -1  S_0
RT 0.433016 0.0307682 -0.900861 0.0227707 -0.999472 -0.023191 -0.901098 -0.0104711 -0.433488 6.60233 -5.93951 2.88761   S_0
ANNOTATED_SEQUENCE: K[LYS_p:NtermProteinFull]QFTKCTMFHT[THR_p:C_methylamidated]V[VAL_p:N_acetylated]EYGLFQIS[SER_p:CtermProteinFull] S_0
CHAIN_ENDINGS  11 S_0
LWO0DBpEDUH0FZXYQnvfHBJFuaHkQg9XQRLyIBpbSVH0eUoWQ357JB1isLHEuekWQyIoMBRe3cHEI/XYQfJ5QBhM+iHUca+XQWt1VBd55kHkefaYQbMJaBpn0qHk4fBYQuQ2eBFIetHU0rcYQlC5EB5nURHkKO0YQOuOABFd5WHkq0fYQyHjCBJxENHkXbLYQtIbFB5kYiHEShzXQnvfLBNRbhHkjU0YQ1zNOBBjHVHUauhYQ6B/RBtcTeHknFGXQjPOPBxrnqHkkTqXQI3rUBVHopH07W2YQ9RZXBxgMdHE6AlYQSYabB11wlH0rAOXQ9CaYBVdLyHkl5pXQ4QzgBpiYxH0n8KYQFJrdBtALyHUfQ1YQRvOgBJAqmH0RToYQ S_0
L35bIBxfqbHUKclVQNzsJBNzMYHkmZOUQgqRPBd++cH01j6TQhALQBJEYmHklDNUQdHgFBZ8AcHkg6NTQw07GBlJzZHEEHxRQ4gBHBhz7NHEPycRQTXFDB14PIHk2xqRQCJiLBphHKHkT17QQRLSHB99TjHUHapVQnEjJBNHaPHEZ7MUQphxBBdE+XHUFHeTQ0KCFB9SmkHEInXTQCmBFBRL6dHE8u7QQzUDLBF/kcHEmV3RQAG1LBBJWCH07ItQQGqoOBNaAPHEmoxQQ S_0
LTihSBlBBWHkmZWTQZQAYBFueZH0jC/SQ3k4XBlYQcHkCXfRQShLUBZmZZHUGEwQQ5+JcBtEzQH0UtRTQP1TdB9OUPHUFUvUQ5U1ZBhVkJHEP/iVQK27gBF2qTHkf5TVQ3/4aBp0MIHU2H5WQxEehBFtTSH0O8pWQtWcfBhRkMHkYmcXQhrnRBNHaOH0P1ITQhALZBFuegHEEYlTQ95waBpZGJHUH05SQKk8fBlvzSH0TVzSQsCPWBl0GGHEZ6GVQVNUiBlSNYH0F4rUQe8HYBNqqDHEK/gXQrRRjBRFxVHkK5FXQI4IgBVBgLHEQPQYQ S_0
LYlDcBV46hHUMIIRQsHFdBJbnkHEBWZPQ8SngBFsybH0kYwOQcSshBFCsXHk9oYQQBDVfB9n6vHEe95OQI8PiBln1wH09/DQQdXnbBFpV4Hk7dCQQpbyeBhqxkHUc9wRQEtoZBdR2kHEsyBOQSYufBJ6MxHkikwMQHCNjBtLs2HEs7UPQrVRdB9lIAIE/btPQRcsXBFwt3H03wIPQeMObB9+D3Hk9IHRQ S_0
LkCHhB14lZHk/UTMQnEDjBx1jRHkqxbLQdo1lB1jCTH0GvkMQVjHnB56RLH0HFeNQGSNjB1UdRHEbRYIQKsrgBp1eNHEXd/FQBH/gBd1rNHkq+3/P70AdBl8SJH07UW6PjOgdBhOqJHk9EFkvcSMgBJaRdHkEDyKQbnPiBNc9JHkArMMQrCojBJkoZHE4SfHQpk4kB1jUMH0cErHQXmSgBVAUFH0FuTHQOsCeBJEnSHEYeKHQcYUhBFu7VHExmW9PkvtiBd11IHUnWs9PsdccBxGDBHUcj68P5glZBZ7EOH0Ss18P47IaBJGsGHUGHuxv5tBeBp+TRHUnplvvTpVgBpdOFHUdhSvv S_0
L6m0jBJbnRGU46RFQOJ2hBViBPG0IbHBQLyWfBZlDIGkqxrDQdolaBlYQKGU6mEDQMUdjBt5sIGEU7+5P73ImBdXKQGEyyBvPGZrlBFuePGUbnPEQZ78gBNHaWGEYlD/P2GZkBtdxBGkaQv9PvWKiBFeDGGkrQ+tPmPYmBB01JGkQ5exv S_0
LaRmgBJwKAGEXPqGQCsydBpw1xFEnEzIQlDNaBtyh8FULy2KQVjXVBB/p2FkCX/KQRplgBtUugFkElOKQN4/hBlFMUFUWMSIQUSodBNsISFEkW5LQnEjiB56R9F0NJGHQlDNbBNzMrFkArcGQcLCiBl/ooFE1jhLQVkjjB1E3bF0VcZHQf+CgB93JGFULD5MQU+gbBdfmbFURAZNQGdvaBpHNKF04cmKQ S_0
Ly2ZcBpFZFGUepbMQ9oQZBtd+KGE7RhOQAAAVB125RG0HFONQyLdQBdTiSGksdOOQuC4cBlkzRGEpaJQQSLggBRRfLGEbH8QQBlCeBxifDGEasPSQwD9cBJiaNGEIfgTQSMIgBdTiHG0NJWMQO0CXB9mEFGk78tPQv45eBxZeXGUFP/OQpoRaBxaIWGEIh1QQ9UkhBVSRGGUt3PQQCw5hBpaJRG0ekYRQweIbBt1sJGkhfYUQ2oYgBl+/QG0zeyTQvATaBdimTGEQtHTQ S_0
LQgVWBFYlWGkAr8KQShrSBpFZdG0xLdJQPffNBNHaXGEW5wIQ67HJBJbnbGUbnPJQ3aYVBxYfhG0WX0FQLevRBxQ4nGUTsQCQLYoQB51gyGEY7YDQN1aPB1VRjGEHGk7PXDSNBJgZ4GEopHAQnyEMBVqIpGk5DByPuUALBRotzGEFXt2Pep7ZBFsyVG0NJGKQWO0RBdoFkGkVO0KQuiuYBFFsmGkqa1GQJq0WBJbyaG0W7bDQx3bSB1KO2GkKo5GQv2QQBpd6aGkspt5PIWcMBxxvAH03cDBQhuRKB9yalGE41CovZNXIB53V4GEkgzoP S_0
L03POBBAAOGU6mEHQ7RhJB57nHGEZ7cFQy25GBJbnCGEXPKJQ/pGCBtz3/FkYQAJQslCLBhHw9FEHBcBQaF4MBhsHDG081S4PkGgJBJEYIGU7AniPijuRB9c4CGkkd9tPPHNMBFhMLG0qOo2vt0MRBBB9HGksUZ0vMdzRBhqxKGklDNGQMdzGB1hWNGUxggDQR/TOBFQF0FEZ0ADQzrmHBxPhzFUogoAQfplVBVRO/F0jDyzPvOPKBRTePGk8B09vTdLUBZ7/IG0Cnj7v S_0
L357JBNHaBGkEDSLQTiBIBlsd4FU2OvNQKxgEBhU4CG0kYgPQbnPABluJ9FEYlLQQzQNGBlpvMGUUjAQQLfKDBFbCUGkns2QQwKnMBFXPsFknvPPQUVXOBRmIbFUGLaNQxdHLBBBKjF0eY/QQR2uNB125DGkSMYLQNzMFB9TNsFERLCNQ5asJBpWQPGEaoNPQnPRFBlxpbGEYf7QQsHc+AlYWVG0WyaQQfauCBZJlQGkZS2RQ0RzPBpdt3FU17uPQryNRBNnxgFkOmMMQikkOBpJEbFU8+aRQjf3JBl0IwFUfcpRQbI2HBpXyXFUCI4QQ S_0
LsisHAh0ioFUFZDWQX0N5/wTibF0jtDVQGYQs/cbnFFEArkVQPArCAJOJ4EUDY9VQxHvBAxQ68FEDhIWQGRcMANemFGUQtJXQpqYn/M1uBG0w/XVQsffKAdMfYFk/LzTQYoq9/EOyKFkSmxSQfHbQAB1CuFUFvMTQILySAt9ogF0e/kWQv5mU/IMdjFUYQ4UQ7HvFA9toNG0fgFXQKVvJAlMaCGUU4EYQR5jdAdM7FGU/98WQ1raZAR5rQFE2VFUQVT4IAVjyIFEAH5RQ9jt2/omJ7EkELNTQScrf/chlSF0dXfSQSVPaAdAmrFka8TSQMQ5BA1Bp2FE5L7SQDtYZAN1X3FUgi7TQ S_0
LZWkiAxEDuEkBXfXQ1+ptAF/p0E00jSXQhvfuABoaMF0ufqXQJJGnA5KHYFkziUXQN2PxAJA3wEEzK2VQM/6xAVaZZEkgncVQtrj1Ady8WEkabBUQgrC3A1P6mE0RhXTQ7Eu3A5fOFEUdynTQk4laARXP2EkIG8WQy89yA1gArEU4Q7XQDEhrAlkB5E0x8MVQrIG5AVnQ4EEMMvVQd0E3A558PEUaSGWQxHtpApzyTEEsjiVQ S_0
L/sI3Atz3RF0HwKYQBCs4AlX6mFkV5cYQz3PBBtLdzFUbSQYQhWkFBBFuqFk+pKYQczk4A5X4kF0jsNZQ31FuAdIycFEYpfZQLndsAVDIHFUT2mZQz42lA5b1qF0mZpZQmv5iARKp/EEOO3ZQhFiYAhfijFkiz5ZQnpoVA196NFESrAaQGGkCAxhkGFkhCRaQL2O9AJy2HF0FEQYQT46xApbSwF0teQYQnc/+AFD5ZFENeWZQ4fR6ApEs0FU7uaZQ6p4yAJU87EUoTfZQyODnA1747FUe4jZQ++uhAdaluEECt8ZQ7exLAB01uFEqOBaQw16w/sk0RFUDeWaQ S_0
LksdAB1kYEGU1jOYQ+owEBla8LGEsdGYQZlDHBpHFMGEMz0WQhrHFBhYQHGEHF2VQiqx5AVO0HG0EuSYQLsTDBh1BUGEveMYQKTFIBZUNKGk16bYQ S_0
LxfqLBJc9RGkmvvWQa7cOB9teTGUfVeVQqGPQBxP1IGUKy2UQKyWQB1S3HG0iCnTQgXSTB1J3aGU8KrVQHY7RB1JfmGUF6BWQoeAXBh2ksGU5qYWQ3EFPBFsvrGEC22UQ02ZNBlyhVGEryhXQYktLBZ++WG0W6uUQZbIVBRn5WGkxwhWQWaAWBNdlaGEfs0UQkgJPB14RmGkQq3WQmLAWB5i00G06uoWQeh7YB5NyoGU7cPXQPpuZBFnfsGkPOiVQGOHOBNWA0GEQHHVQfMrRBxMnrG0Ty+TQcyZLB1WZnG0/zoUQ S_0
L0NpRBBxgBG0YRuVQeVuTBl25tFkfATVQ1PVPBV/UdFk47HVQIIQQB1UjLFEJclUQD/1XBtenlFEsXTWQSb3cBBvxyFE2LXWQPpRdB5T+BGEWCPXQwCmgBNyBuFUj7iVQQo8gBlLCIG09lSXQY+5iBVbG6F0iZmVQtMFjBZrkFG0kTeWQtIbRB9teCGkhstWQIcdVBRWkvF0AsSUQB+JWB1qplFExoTXQYrDZBJvaVFUTiCWQQu5ZBpg6DGEVc4XQ+IdgBpLkgFE0v2UQ0LFhBdkwOGkGx+XQ3zlkBFQM2FUcA9UQnq5kBRVWKGUKBhWQ S_0
L9pmKBdX6iF0R3kVQEaxFBZoFVF0wLdVQzkYHB19T/Ek0jCWQoI7GBhGvuEEanXVQh15DB5puSFUEWAUQD3rBBxGKnF07aZTQqDr4ARcctFU7u/TQBnXxA1dRgF0WuGUQgBr3ANY1AGUakYUQJH6JB1S3wFEQLCWQ69TCBV78bFkQ2+VQZaWHBZgTNFknhbTQRZ1AB9HWGF0B8/TQkIEEB9wp1FkfISTQkV+ABR0FgFkunaSQrzywA1CYDG0nTyUQ3ry9ANf6FGUdnRUQ S_0
LvMTJBtOf/E0kuRXQeX6KBx9TrEECt4XQVm5FBJhrhEkMeRYQoyBDBthWsEE++pYQSRZPBRZMuEE3odYQ12bUBFdK3EUBYIYQtcmQB51DZEUOwzYQ1TrYB9hT+EESwnYQiYwJB9wgMF0SN2XQ3naMBhHFgE0KIIXQrEIOBRq75EkSV1YQ+VDWBlEpqE04tnXQuPNTB9fuEFkmgpXQv4xTBdSYbEERKLZQVHBNBZ1TTEkj5DZQg/3RBdLUNE08DcYQP9HcBdOeEFEoTWYQHGEXB162KFkqR8YQEa6ZBxlxwEUMX7YQ S_0
LMhLFBlIbNEU6RFYQlHlAB189/D0tJRYQbBhABdbSwDkvK/YQtisEBJoFlDU9TRZQO+v4ApwmuDktgSZQd3UAB1gsZD03ymXQEcY4ARzg9C0s38XQdtzHB1owFEU2PlXQK5Q6AB/pKEUteMYQBNW/AdqIlDU0vlWQv8HEBxYsIDEU7pXQqeV4ARuzlCEixVXQ S_0
