SEQUENCE: KQFTKCTMFHTSVEYGLFQIS
SCORE:       score     fa_atr     fa_rep     fa_sol    fa_intra_rep    pro_close    fa_pair    hbond_sr_bb    hbond_lr_bb    hbond_bb_sc    hbond_sc    dslf_ss_dst    dslf_cs_ang    dslf_ss_dih    dslf_ca_dih    atom_pair_constraint    coordinate_constraint       rama      omega     fa_dun    p_aa_pp        ref    linear_chainbreak    all_rms    backbone_rms        rms    score_orig description
REMARK BINARY_SILENTFILE
SCORE:      -7.751    -49.817      5.222     27.436           0.232        0.000     -0.254         -3.331         -1.150         -3.237      -1.461          0.000          0.000          0.000          0.000                   0.000                    0.000      4.403      6.477     10.707     -1.958     -1.020                0.000      0.865           0.417      0.236        -2.513         S_0
REMARK BINARY_SILENTFILE 
REMARK PARENT_TAG S_00006
REMARK SOURCE REGION_20_12/start_from_region_20_11_denovo_sample.low4000.out
FOLD_TREE  EDGE 1 12 -1  JEDGE 1 21 1 N N  INTRA_RES_STUB  EDGE 21 13 -1  S_0
RT -0.950697 0.310114 0.00225625 -0.202662 -0.626763 0.752394 0.234742 0.714841 0.65871 9.57128 12.3762 8.23287   S_0
ANNOTATED_SEQUENCE: K[LYS_p:NtermProteinFull]QFTKCTMFHTS[SER_p:C_methylamidated]V[VAL_p:N_acetylated]EYGLFQIS[SER_p:CtermProteinFull] S_0
CHAIN_ENDINGS  12 S_0
LWO0DBtEDUH0FZXYQnvfHBNFuaHkQg9XQRLyIBtbSVH0eUoWQ357JB5isLHEuekWQyIoMBVe3cHEI/XYQ1f5QBBn8iHkqV+XQmb2VBpq2kH0maaYQtyLaB1joqHEwOBYQhY5eBB8QtHEoWcYQlC5EB9nURHkKO0YQOuOABJd5WHkq0fYQyHjCBNxENHkXbLYQsIbFB9kYiHEShzXQf1fLBZcchHkwR0YQccNOBdnHVH0EzhYQcw+RBhYReHUUAGXQIMPPBhpmqH0iPqXQHytUBpaqpHUCG2YQxrXXBhGJdHEXPlYQwvbbBJPflHEN5NXQF2eYBNY/xHUywoXQxc1gBpbFxHkRfKYQIavdBp9CyHU2u0YQ8RPgB90cmHk7PoYQ S_0
L25bIBxfqbHUKclVQMzsJBNzMYHkmZOUQfqRPBh++cH01j6TQgALQBNEYmHUlDNUQcHgFBZ8AcHkg6NTQhv7GBV1yZHUOHxRQweBHBha7NHEP1cRQaDFDBt0PIH0OpqRQVdiLBJtGKHE1H8QQQLSHB99TjHUHapVQmEjJBNHaPHEZ7MUQifxBBZR+XHEZIeTQARCFB9VmkHEslXTQybBFBVn5dH0mu7QQ8ODLBhykcH0AU3RQdd1LBFQVCHEGetQQLMpOBhV/OHkLEyQQ S_0
LSihSBpBBWHkmZWTQYQAYBJueZH0jC/SQ2k4XBpYQcHUCXfRQRhLUBZmZZHUGEwQQ4+JcBxEzQH0UtRTQbPTdBRITPHE0UvUQMYzZBtFmJH0x8iVQ487gBB2lTHEG+TVQUg2aB9jNIH0DG5WQH6dhBhrNSHkgBqWQzqafBBIhMHkdocXQgrnRBRHaOH0P1ITQgALZBJuegH0DYlTQ5KxaB5nGJHUor5SQBv8fBhV0SH0QdzSQDdMWBdpLGHE40GVQR2UiBJBGYHEO/rUQlYEYBJrtDHU16gXQfbRjB9+nVHUgBGXQh0HgBpEcLHkjQQYQ S_0
LWlDcBZ46hHEMIIRQqHFdBNbnkHkAWZPQ7SngBJsybHUkYwOQbSshBJCsXHU9oYQQ/CVfBBo6vHUd95OQH8PiBpn1wHk9/DQQaXnbBJpV4HU7dCQQnbyeBlqxkHEc9wRQCtoZBdR2kHkryBOQPYufBN6MxH0hkwMQGCNjBxLs2HUr7UPQoVRdB9lIAIU+btPQOcsXBFwt3HU3wIPQcMObBB/D3HU9IHRQ S_0
LjCHhB54lZHE/UTMQmEDjB11jRHUqxbLQco1lB5jCTHUGvkMQUjHnB96RLHUHFeNQFSNjB5UdRH0aRYIQSmrgBpzfNH0ec/FQKA/gBJ/sNH0t83/PaeAdBlwUJH0CRW6Pd7fdBl3rJHkPiFkvbSMgBJaRdHEEDyKQanPiBRc9JHUArMMQ5OojB9aoZHULUfHQ/c4kBl8TMHUzDrHQ5VSgB1CVFHUcnTHQouCeBBioSHUtiKHQoYUhBV28VHEJvW9POktiBlp2IH0oLs9PzzbcBVBFBHkij68PxUlZBBQHOHE0i18PviIaBFMuGH0DRuxvzsBeBlhVRHkEHmvv8aVgBdoPFHUYbSvv S_0
L6m0jBNbnRGU56RFQOJ2hBViBPGEKbHBQMyWfBZlDIGEsxrDQeolaBlYQKGE8mEDQNUdjBt5sIGUX7+5Pf1ImBNcKQG08FBvPGZrlBJuePGUcnPEQZ78gBNHaWGUalD/P1IZkBJjxBGkhSv9PSWKiB1VDGGkQk+tPT8+mBdrPIG0NA9pv S_0
LbRmgBJwKAG0YPqGQEsydBtw1xFEoEzIQnDNaBtyh8FUMy2KQXjXVBB/p2FkDX/KQSplgBxUugFkFlOKQNVAiBJGPUF0EOSIQwJodBJqFSFkX34LQoEjiB96R9FUPJGHQnDNbBNzMrF0CrcGQc4BiBx6ooF0b5hLQLBkjBN37bFU6NaHQQ6CgBt4GGFUck4MQcJgbBxKhbF02fYNQj6vaBdKKKFEHolKQ S_0
L02ZcBpFZFGEfpbMQ+oQZBtd+KG07RhOQBAAVB125RGkIFONQzLdQBdTiSGUtdOOQvC4cBpkzRGUpaJQQvKggBBRfLGEwH8QQyTCeBl1bDG0oTPSQdS6cBBJUNGUpSgTQTMIgBhTiHGkOJWMQQ0CXB9mEFGk88tPQu55eBJYeXGUAP/OQkoRaBxcIWG06g1QQX1khBhdTGGUY0PQQPT5hBZlJRG0r4YRQLVFbBFDkJGkoFYUQo4WgBVD7QGETnyTQP1PaBFcfTG0ugHTQ S_0
LRgVWBFYlWGUBr8KQShrSBpFZdGkyLdJQQffNBNHaXG0W5wIQ67HJBJbnbGEcnPJQ3aYVBxYfhGEYX0FQ8IvRBxK2nGUGGQCQlclQBNddyGU9wYDQMycPB9jOjGEC6g7PE0ONBBMU4GEF8GAQUcGMBd9DpGkKf4xPBY/KBJqnzG0fjm2Pfp7ZBFsyVGkOJGKQWO0RBdoFkGEWO0KQO+tYBFjtmGkOa1GQVe1WBpfyaGU9XcDQPIXSBlTL2G07P6GQK3UQB5r4aG03wp5PXDXMBpdpAH0vFDBQPMVKB9kVlG0HQaovTBWIBZYO4GEGbioP S_0
L13POBBAAOGU8mEHQ8RhJB17nHGUb7cFQz25GBFbnCGUYPKJQAqGCBlz3/F0ZQAJQtlCLBdHw9FkJBcBQTk5MBNwHDGU15T4PjsiJBVJZIGUJikiP8lwRBBr3CGkS4KuPb4QMBxYNLGkECm2vHSQRB5w8HGktqS0vNdzRBhqxKGknDNGQNdzGBxhWNGkzggDQaNTOBBWC0F0NUBDQvXmHBBEkzFE8nnAQSOnVBJ2K/FUKJ8zPDAUKB13fPGUWrz9v5mPUB9Q/IGEj0e7v S_0
L557JBNHaBG0FDSLQViBIBhsd4Fk3OvNQMxgEBhU4CGEmYgPQCVlABZGc8FU/pTQQyKnMBFXPsF0ovPPQNBTOBt64aF0CebNQvQJLBBNfjFUqCARQS2uNB125DGkTMYLQPzMFB5TNsFkSLCNQZV1PBZpp3FU34sPQ7wIRBl+TgFkgfMMQ2NmOB5iXbFEilbRQce8JBtNpwF0hmpRQEL2HBNQNYFkB05QQ S_0
L0V2FBBvHNGk1DwPQ9RxCBJBdUG0BUtQQ3/xBB1KBfGEEw+PQeT9AB5jSnGETDoQQyg3BBxJseG0FyUNQxYxABpoJoGULatLQM+oFBJjXWGUqaBSQDXwFBhGLNGkhr0SQJPFJBpc5PGk9gwOQvr99A9rGRG0ITDRQgrtCBNNtXGUnqZMQ7TDBBtAGmG0UFmJQAzg5AR4ErGEhaJMQHvrDBh3WuG04NLMQF1uJBt71YGkbxzRQSblDB1iucGE55jSQQZZJBFM9KGEZ58SQ S_0
LrisHAx0ioFEGZDWQT0N5/AUibF0ktDVQCYQs/wbnFFUBrkVQNArCAZOJ4EkEY9VQtHvBA9Q68FkDhIWQDRcMAVemFG0QtJXQhqYn/Q1uBGkx/XVQqffKAlMfYFUAMzTQMEn9/k41KF0KfxSQ+xeQA17CuF0I5MTQHLySA99ogFUf/kWQo5mU/cMdjFUZQ4UQ3HvFAFuoNGUggFXQJVvJAtMaCG0U4EYQO5jdApM7FG0/98WQCVZZAlBpQF02TFUQti2IAlK2IFk+/4RQzrk2/YEN7E0v8MTQCvpf/4DsSFEWSfSQt8SaAFHmrFEWGUSQSZ+BAd7r2FkVY7SQVkdZAROV3FEhx7TQ S_0
LYWkiA9EDuEUCXfXQ0+ptAR/p0Ek1jSXQgvfuANoaMFUvfqXQIJGnAFLHYFE0iUXQK2PxARA3wE0zK2VQou9xANRZZEEcucVQRzj1AF08WEknbBUQ+WB3AtV6mEEqeXTQLst3AhoOFE0uunTQi4laAhXP2EUJG8WQx89yA9gArE04Q7XQB3frAx+94EEK8MVQMMF5AZUU4EUaHvVQOXK3AN2AQEE1RGWQE7wpApytTEU49iVQ S_0
L+sI3A1z3RF0HwKYQBCs4AtX6mFUV5cYQy3PBB1LdzFEbSQYQhWkFBJFuqFU+pKYQczk4ABY4kFkjsNZQCiHuA9oocFE3nfZQIJksARH9GFEf0mZQtU1lAVdkqFk9WpZQn1BjAFkV/EkBL3ZQCAiYAB1IjFkgv5ZQ6OyVANBgNF0+mAaQrvwCAd8AGF018QaQK2O9ARy2HF0FEQYQT46xAxbSwFkteQYQt2B/AV7+ZFERfWZQhxN6Axnt0F0CvaZQgxBzAxN37EUsSfZQq29mA9Ap7FED2jZQG56hAByQuEknp8ZQ4KsLAVWWuFEwJBaQxyJx/QZMRF0rXWaQ S_0
LksdAB5kYEGE1jOYQ9owEBla8LGkrdGYQZlDHBpHFMG0Kz0WQgrHFBhYQHGEGF2VQiqx5AZO0HGkEuSYQLsTDBl1BUGkueMYQJTFIBZUNKGE16bYQ S_0
LwfqLBNc9RGElvvWQZ7cOBBueTG0dVeVQpGPQB1P1IG0Iy2UQIyWQB5S3HGUhCnTQfXSTB1J3aGE6KrVQ8Y7RBVzemGEtFCWQGVAXB9VjsGEQTZWQmZGPB5ZxrGkQ+2UQz2ZNBpyhVGkpyhXQXktLBd++WGUV6uUQXvIVBB94WGU9qhWQwIAWBtRmaG0ro0UQhsIPBJqQmGErq3WQxCAWBxyy0G0YfpWQza6YBBOvoGEOHQXQuUvZBFAfsGEKBjVQWjIOBxzB0GkwXHVQuXtRBh3prG0hE/TQaMbLBp2bnGkgnoUQ S_0
LzNpRBFxgBGUXRuVQdVuTBl25tFUeATVQzPVPBZ/UdF037HVQHIQQB5UjLFkIclUQC/1XBtenlF0qXTWQmW4cBlfsyFU1xWWQw3UdBNS7BGU0nOXQ0ylgB1a4tFEkJiVQ3q+gBpv8HGkizRXQoJ6iBVP45FUoPlVQVhGjBVNdFGEdJdWQsIbRBBueCGEgstWQHcdVBRWkvFk/rSUQiiKWBFAwlFEcsTXQHbCZBNQYVFUtxCWQfF+ZB1F5DGEiU4XQE/bgBZabgFk/91UQXIIhB11qOGEk+9XQtalkBl261FE0j7UQvU7kBp9MKGUNkfWQ S_0
L8pmKBhX6iFER3kVQDaxFBdoFVFUwLdVQykYHB59T/EU0jCWQnI7GBlGvuEEanXVQe15DBBquSFUEWAUQ3++BBdGcnFEHxXTQsus5AVpmvFUA4/TQSYoyA9WGjF0DHXUQ2Hz4ApvVCGUBAIUQIH6JB5S3wFUPLCWQ59TCBZ78bFUQ2+VQLBSHBZuYMF0IQcTQ4uqABxyCHFUzgAUQBxmEB1pH1FUOSNTQzwABB1oGgF0sXaSQtuMyAlKgFG03/hUQs2t+ApwHHGEdM0TQ S_0
LuMTJBtOf/EUkuRXQdX6KBx9TrE0Bt4XQVm5FBNhrhEkMeRYQnyBDBxhWsEE++pYQRRZPBVZMuE02odYQhybUBdPL3EkUYIYQ3lmQBpqDZEEDvzYQbDrYB1yV+Ek3wnYQhYwJBBxgMFUSN2XQ2naMBhHFgEkKIIXQ0AIOB5N75EU9V1YQogDWBl4pqEkuwnXQqCNTBxruEFE+epXQyByTBZHYbEkGJLZQWTBNBdFTTEUM4DZQhM4RBlcUNEUGCcYQYqHcBp+gEF0aUWYQtmDXBFK5KFUIR8YQZS6ZBRd0wEE5Y7YQ S_0
LLhLFBpIbNEk6RFYQlHlABB99/DEuJRYQbBhABpbSwD0vK/YQtisEBRoFlDk9TRZQN+v4A5wmuDEugSZQd3UABJhsZDE4ymXQFcY4Adzg9CEt38XQctzHB5owFEk2PlXQJ5Q6AJ/pKEkteMYQANW/AxqIlDk0vlWQw8HEBFZsIDUU7pXQseV4AhuzlC0hxVXQ S_0
SCORE:      -7.612    -49.243      5.235     27.364           0.226        0.000     -0.253         -3.274         -1.150         -3.235      -1.477          0.000          0.000          0.000          0.000                   0.000                    0.000      4.128      6.453     10.410     -1.776     -1.020                0.000      1.244           1.164      0.223        -3.718         S_1
REMARK PARENT_TAG S_00010
REMARK SOURCE REGION_20_12/start_from_region_20_11_denovo_sample.low4000.out
FOLD_TREE  EDGE 1 12 -1  JEDGE 1 21 1 N N  INTRA_RES_STUB  EDGE 21 13 -1  S_1
RT -0.950697 0.310114 0.00225625 -0.202662 -0.626763 0.752394 0.234742 0.714841 0.65871 9.57128 12.3762 8.23287   S_1
ANNOTATED_SEQUENCE: K[LYS_p:NtermProteinFull]QFTKCTMFHTS[SER_p:C_methylamidated]V[VAL_p:N_acetylated]EYGLFQIS[SER_p:CtermProteinFull] S_1
CHAIN_ENDINGS  12 S_1
LWO0DBtEDUH0FZXYQnvfHBNFuaHkQg9XQRLyIBtbSVH0eUoWQ357JB5isLHEuekWQyIoMBVe3cHEI/XYQ3P5QBpv9iH0EZ+XQgH2VBpE4kHUwcaYQmkLaBZjpqHUaQBYQEH5eB9KStH0fYcYQlC5EB9nURHkKO0YQOuOABJd5WHkq0fYQyHjCBNxENHkXbLYQsIbFB9kYiHEShzXQRxfLBtmbhHkwT0YQKtNOBVkHVHkvvhYQhr+RBlNTeH04AGXQmoOPBVtnqHkmXqXQratUBhNspH09G2YQlTXXBBoKdHEaTlYQAkbbBp3flHUA/NXQlseYBtPAyHEmwoXQHW1gBNYGxH0zgKYQgGvdB5hEyHkkv0YQFHPgBRLemHkbToYQ S_1
L25bIBxfqbHUKclVQMzsJBNzMYHkmZOUQfqRPBh++cH01j6TQgALQBNEYmHUlDNUQcHgFBZ8AcHkg6NTQSr7GB9kyZH0WHxRQJgBHBBG7NHU33cRQIHFDBBcPIH0zsqRQ7giLB5ZGKHkiL8QQQLSHB99TjHUHapVQmEjJBNHaPHEZ7MUQ2dxBB5b+XHEdJeTQBWCFBVYmkHUhkXTQBSBFBNH5dHkUu7QQeJDLB5skcH0kS3RQxk1LBN6UCHUdjtQQwNpOBpF/OH0DHyQQ S_1
LSihSBpBBWHkmZWTQYQAYBJueZH0jC/SQ2k4XBpYQcHUCXfRQRhLUBZmZZHUGEwQQ4+JcBxEzQH0UtRTQElTdBxwTPHkZUvUQkpzZBp7nJHUvDjVQDU8gBV3lTHk61TVQmF3aBR/PIHUpM5WQPbehB9ROSHU84pWQgobfBl7iMHkSncXQgrnRBRHaOH0P1ITQgALZBJuegH0DYlTQMBxaBxfGJHEfw5SQzo8fB1/zSHEtYzSQEbMWB1+NGHk+BHVQPPViBlFFYH0MxrUQO6EYBVDxDHERHhXQRGSjB5FoVH0yyFXQPbIgBpVeLHU0PQYQ S_1
LWlDcBZ46hHEMIIRQqHFdBNbnkHkAWZPQ7SngBJsybHUkYwOQbSshBJCsXHU9oYQQ/CVfBBo6vHUd95OQH8PiBpn1wHk9/DQQaXnbBJpV4HU7dCQQnbyeBlqxkHEc9wRQCtoZBdR2kHkryBOQPYufBN6MxH0hkwMQGCNjBxLs2HUr7UPQoVRdB9lIAIU+btPQOcsXBFwt3HU3wIPQcMObBB/D3HU9IHRQ S_1
LjCHhB54lZHE/UTMQmEDjB11jRHUqxbLQco1lB5jCTHUGvkMQUjHnB96RLHUHFeNQFSNjB5UdRH0aRYIQelrgBV8fNHEXc/FQk/+gBxFtNHkh83/PTbAdBFAVJHEpQW6P06fdBN8rJHU0kFkvbSMgBJaRdHEEDyKQanPiBRc9JHUArMMQmQojBtZoZHEXUfHQ6b4kBF3TMH0tDrHQNTSgBFNVFHUmnTHQPvCeB1woSHENiKHQAaUhBh78VH0ZuW9PgitiBhp2IHkLMs9PqqbcBdUFBH0Vp68PaUlZBxqHOH0+b18PvgIaBJXuGH0/RuxvwxBeB5iVRHEZfmvvWZVgBtiPFHE1ESvv S_1
L6m0jBNbnRGU56RFQOJ2hBViBPGEKbHBQMyWfBZlDIGEsxrDQeolaBlYQKGE8mEDQNUdjBt5sIGUX7+5P02ImBpZKQG0eeBvPGZrlBJuePGUcnPEQZ78gBNHaWGUalD/PxHZkBNgxBGUaRv9PiWKiBVaDGGEtZ+tPT9+mBlpPIG09t8pv S_1
LbRmgBJwKAG0YPqGQEsydBtw1xFEoEzIQnDNaBtyh8FUMy2KQXjXVBB/p2FkDX/KQSplgBxUugFkFlOKQiaAiBppPUF0ZOSIQMIodBdGFSFknx4LQoEjiB96R9FUPJGHQnDNbBNzMrF0CrcGQ80BiB15ooF0Z9hLQPGkjBFx8bFUbWaHQf5CgBhVGGFkxe4MQv/fbBBMgbF03ZYNQAAwaBtnJKF0YelKQ S_1
L02ZcBpFZFGEfpbMQ+oQZBtd+KG07RhOQBAAVB125RGkIFONQzLdQBdTiSGUtdOOQvC4cBpkzRGUpaJQQ7HggBZPfLGUYJ8QQUFCeBB4bDGUZUPSQIB6cBFNUNG0CTgTQTMIgBhTiHGkOJWMQQ0CXB9mEFGk88tPQk+5eBpPeXGUlO/OQIoRaBlmIWGk2f1QQF0khBVZTGG052PQQoP5hBhiJRGUL7YRQd+EbBtJkJGkfFYUQ2vWgBlC7QG00oyTQwnPaBhjfTGUUgHTQ S_1
LRgVWBFYlWGUBr8KQShrSBpFZdGkyLdJQQffNBNHaXG0W5wIQ67HJBJbnbGEcnPJQ3aYVBxYfhGEYX0FQNUvRBFS3nGkaaQCQplnQBtrfyG0bcYDQWKbPBZnPjGUraj7PoHRNBNcX4GUN6GAQo+EMBRCGpGEQr+xPP4/KBd1qzG09Kq2Pfp7ZBFsyVGkOJGKQWO0RBdoFkGEWO0KQpRuYBJxsmG0ea1GQlC1WBNdyaGEwIcDQhsaSBxlN2GEGM5GQ3rRQBt34aGUlSt5Pa6aMBdltAHUUjCBQSTSKB1lXlGU39HovspWIBlXS4GkbgroP S_1
L13POBBAAOGU8mEHQ8RhJB17nHGUb7cFQz25GBFbnCGUYPKJQAqGCBlz3/F0ZQAJQtlCLBdHw9FkJBcBQFX5MBtvHDGEWwT4PKUiJBZ2YIGE2SkiP5UwRBN63CGUqQJuP5VQMBNKNLG0pcm2vxzPRB528HGUliT0vNdzRBhqxKGknDNGQNdzGBxhWNGkzggDQYUTOB5vC0FEzPBDQhamHB1qjzFU2vnAQjCnVBh2L/FU3/6zPuTTKBtcfPGEJ1z9v9CPUB1e/IG0dbf7v S_1
L557JBNHaBG0FDSLQViBIBhsd4Fk3OvNQMxgEBhU4CGEmYgPQ56fABZNl8FUyxRQQyKnMBFXPsF0ovPPQa2TOBd67aFk3NbNQS6ILBtHbjFkp6/QQS2uNB125DGkTMYLQPzMFB5TNsFkSLCNQS80PBxZq3FkFStPQzvJRB1pZgFUwgMMQS5lOBtzTbF0MebRQtg7JBZ/iwF0xkpRQ/J2HBZDIYFkWf5QQ S_1
LQD8FBR7CNGEpB0PQTzzCBBHbUG08IuQQmW6BBtV/eGUMf/PQaigFBN/GjGEaaqOQYzL6AdAWjGEHMIQQRza3AxxbtGUC49OQ0mkFB1tUWGEoLDSQrQtFB9bENGUQv1SQ2qRJBx0uPG0AO5OQs499ApxHRGUh3CRQcTo0AJQkfGELHsQQV5KvAJThvG0mmcPQQtv8AVSuzGkxqrPQw6Q4AlbnsG0LwzMQaCqJBFr8YG0a42RQ3XbDB9jkcGE2llSQiyWJBld8KG0mn+SQ S_1
LrisHAx0ioFEGZDWQT0N5/AUibF0ktDVQCYQs/wbnFFUBrkVQNArCAZOJ4EkEY9VQtHvBA9Q68FkDhIWQDRcMAVemFG0QtJXQhqYn/Q1uBGkx/XVQqffKAlMfYFUAMzTQpji9/oj6KF0HWxSQfcjQAFDDuF07FNTQHLySA99ogFUf/kWQo5mU/cMdjFUZQ4UQ3HvFAFuoNGUggFXQJVvJAtMaCG0U4EYQO5jdApM7FG0/98WQ9lXZA1XlQFESRFUQSU0IAlx6IF0C34RQfaZ2/IgR7EEhqMTQZqnf/kY0SFE4LfSQVjXaABOmrFk+SUSQ28ECA5lv2F0Mo7SQ6vjZA13R3FEmE8TQ S_1
LYWkiA9EDuEUCXfXQ0+ptAR/p0Ek1jSXQgvfuANoaMFUvfqXQIJGnAFLHYFE0iUXQK2PxARA3wE0zK2VQYK8xAVWZZEUfqcVQgNl1ABu8WEETfBUQnRE3A5K6mEkRlXTQHzv3A9cOFEEI3nTQi4laAhXP2EUJG8WQx89yA9gArE04Q7XQ7igrAJCA5EEh8MVQxuF5AJNS4EUJKvVQPVG3AdI+PEkZXGWQ9iupAFPxTEk+liVQ S_1
L+sI3A1z3RF0HwKYQBCs4AtX6mFUV5cYQy3PBB1LdzFEbSQYQhWkFBJFuqFU+pKYQczk4ABY4kFkjsNZQFKHuAVuqcFUMofZQusisAZg/GFk00mZQwq1lAdMoqFkmXpZQCDAjA12Z/EkqL3ZQ/AiYANeOjFEdw5ZQHHwVA17lNFU7nAaQa8tCAZwIGF0F+QaQK2O9ARy2HF0FEQYQT46xAxbSwFkteQYQ9UB/Aho9ZFECfWZQ7lO6AVSt0FEBvaZQhw/yAdU47EkySfZQoC/mAphs7FEs2jZQkQ4hA5SVuEkQq8ZQtVtLAZRduFE8KBaQeeGx/IOVRFUIZWaQ S_1
LksdAB5kYEGE1jOYQ9owEBla8LGkrdGYQZlDHBpHFMG0Kz0WQgrHFBhYQHGEGF2VQiqx5AZO0HGkEuSYQLsTDBl1BUGkueMYQJTFIBZUNKGE16bYQ S_1
LwfqLBNc9RGElvvWQZ7cOBBueTG0dVeVQpGPQB1P1IG0Iy2UQIyWQB5S3HGUhCnTQfXSTB1J3aGE6KrVQIY7RBdIfmGEx6BWQxaAXBlhksGEQ0YWQfjFPB9DwrGE2z2UQz2ZNBpyhVGkpyhXQXktLBd++WGUV6uUQpcIVBpk5WGUYwhWQOZAWBZglaGkNs0UQONJPB9yRmGE6m3WQ0HAWBFN00G0u4oWQUH7YB9mxoGkKoPXQ14uZB5WfsGEfbiVQvsHOBBtA0G0kFHVQH/rRBJqnrGU0z+TQETaLBR8ZnGEjroUQ S_1
LzNpRBFxgBGUXRuVQdVuTBl25tFUeATVQzPVPBZ/UdF037HVQHIQQB5UjLFkIclUQC/1XBtenlF0qXTWQ6c4cBl7ryFkDvWWQzdVdBBI6BGUosOXQFplgBFF5tF0l8hVQzA/gB1U7HGkz1RXQxC6iBhY45FUFAlVQWqGjB5ZcFG0iBdWQsIbRBBueCGEgstWQHcdVBRWkvFk/rSUQemKWBZrwlFE1sTXQhSCZBV/XVFUXzCWQBA/ZBdc3DG0Yh4XQyobgBNddgFk/q1UQ1qIhBxuoOG03G+XQnJlkBJ+71FEOM7UQCg7kBN9LKGkSafWQ S_1
L8pmKBhX6iFER3kVQDaxFBdoFVFUwLdVQykYHB59T/EU0jCWQnI7GBlGvuEEanXVQe15DBBquSFUEWAUQaq9BBJBbnFUW4XTQ8mp5AVigvFEoHAUQJLpyAZU8iFEFAYUQULr4A1tSCGkWoHUQIH6JB5S3wFUPLCWQ59TCBZ78bFUQ2+VQIWSHB1tcMFE1McTQZcrABpp/GFUaeAUQ0pkEBF/I1FEVZNTQTi/ABtmFgFEeeaSQGOEyAJibFGEerhUQn1i+A1WGHG05TzTQ S_1
LuMTJBtOf/EUkuRXQdX6KBx9TrE0Bt4XQVm5FBNhrhEkMeRYQnyBDBxhWsEE++pYQRRZPBVZMuE02odYQEzbUBFJL3EESYIYQtkmQBFsDZEkMvzYQYFrYBlhV+E0ywnYQhYwJBBxgMFUSN2XQ2naMBhHFgEkKIIXQTBIOBhR75E03V1YQafDWBtxpqEUawnXQRENTBtpuEFEIfpXQoAyTBxIYbEEQJLZQ1RBNBhLTTEUX4DZQ4K4RBZaUNEUVCcYQpsHcBZpgEFUUUWYQbqDXBZ54KFULR8YQRT6ZBxH0wE0sY7YQ S_1
LLhLFBpIbNEk6RFYQlHlABB99/DEuJRYQbBhABpbSwD0vK/YQtisEBRoFlDk9TRZQN+v4A5wmuDEugSZQd3UABJhsZDE4ymXQFcY4Adzg9CEt38XQctzHB5owFEk2PlXQJ5Q6AJ/pKEkteMYQANW/AxqIlDk0vlWQw8HEBFZsIDUU7pXQseV4AhuzlC0hxVXQ S_1
SCORE:      -5.999    -48.578      4.749     26.474           0.228        0.000     -0.243         -3.467         -1.150         -1.908       0.000          0.000          0.000          0.000          0.000                   0.000                    0.000      4.183      6.446     10.027     -1.741     -1.020                0.000      1.234           1.299      0.131        -5.999         S_2
REMARK PARENT_TAG S_00019
REMARK SOURCE REGION_20_12/start_from_region_20_11_denovo_sample.low4000.out
FOLD_TREE  EDGE 1 12 -1  JEDGE 1 21 1 N N  INTRA_RES_STUB  EDGE 21 13 -1  S_2
RT -0.950697 0.310114 0.00225625 -0.202662 -0.626763 0.752394 0.234742 0.714841 0.65871 9.57128 12.3762 8.23287   S_2
ANNOTATED_SEQUENCE: K[LYS_p:NtermProteinFull]QFTKCTMFHTS[SER_p:C_methylamidated]V[VAL_p:N_acetylated]EYGLFQIS[SER_p:CtermProteinFull] S_2
CHAIN_ENDINGS  12 S_2
LWO0DBtEDUH0FZXYQnvfHBNFuaHkQg9XQRLyIBtbSVH0eUoWQ357JB5isLHEuekWQyIoMBVe3cHEI/XYQeJ5QBlM+iHUca+XQVt1VBh55kHkefaYQbMJaBpn0qHk4fBYQuQ2eBJIetH0zrcYQlC5EB9nURHkKO0YQOuOABJd5WHkq0fYQyHjCBNxENHkXbLYQsIbFB9kYiHEShzXQmvfLBRRbhHkjU0YQ1zNOBFjHVHUauhYQ5B/RBxcTeHknFGXQjPOPB1rnqHUkTqXQI3rUBZHopH07W2YQ9RZXB1gMdHE6AlYQSYabBx1wlHkrAOXQ+CaYBVdLyH0k5pXQ4QzgBpiYxHUn8KYQGJrdBxALyH0eQ1YQRvOgBNAqmHkRToYQ S_2
L25bIBxfqbHUKclVQMzsJBNzMYHkmZOUQfqRPBh++cH01j6TQgALQBNEYmHUlDNUQcHgFBZ8AcHkg6NTQr07GBVJzZHEEHxRQogBHBRz7NHUQycRQ9WFDB14PIH04xqRQtIiLBFhHKHEV17QQQLSHB99TjHUHapVQmEjJBNHaPHEZ7MUQmhxBBlE+XHUGHeTQ3KCFBBTmkHEHnXTQ/lBFBFL6dH07u7QQxUDLBp+kcHklV3RQlF1LBZIWCHU+ItQQ2poOBZZAPH0moxQQ S_2
LSihSBpBBWHkmZWTQYQAYBJueZH0jC/SQ2k4XBpYQcHUCXfRQRhLUBZmZZHUGEwQQ4+JcBxEzQH0UtRTQQ1TdBBPUPHUFUvUQ6U1ZBpVkJHUP/iVQL27gBJ2qTHEf5TVQ5/4aBx0MIHk2H5WQyEehBRtTSHUO8pWQwWcfBtRkMHkYmcXQgrnRBRHaOH0P1ITQgALZBJuegH0DYlTQ95waBtZGJHkH05SQJk8fBpvzSHUTVzSQtCPWBt0GGHkZ6GVQWNUiBpSNYHEF4rUQg8HYBZqqDHkK/gXQtRRjBdFxVH0J5FXQK4IgBlBgLHEQPQYQ S_2
LWlDcBZ46hHEMIIRQqHFdBNbnkHkAWZPQ7SngBJsybHUkYwOQbSshBJCsXHU9oYQQ/CVfBBo6vHUd95OQH8PiBpn1wHk9/DQQaXnbBJpV4HU7dCQQnbyeBlqxkHEc9wRQCtoZBdR2kHkryBOQPYufBN6MxH0hkwMQGCNjBxLs2HUr7UPQoVRdB9lIAIU+btPQOcsXBFwt3HU3wIPQcMObBB/D3HU9IHRQ S_2
LjCHhB54lZHE/UTMQmEDjB11jRHUqxbLQco1lB5jCTHUGvkMQUjHnB96RLHUHFeNQFSNjB5UdRH0aRYIQJsrgBp1eNHkWd/FQAH/gBd1rNH0p+3/P50AdBl8SJHk7UW6PhOgdBhOqJHEBFFkvbSMgBJaRdHEEDyKQanPiBRc9JHUArMMQqCojBNkoZHE3SfHQok4kB5jUMHEcErHQWmSgBVAUFHkFuTHQMsCeBJEnSHkXeKHQbYUhBFu7VH0vmW9PjvtiBd11IHkmWs9PqdccB1GDBHkcj68P3glZBd7EOHkSs18P27IaBNGsGHkGHuxv3tBeBp+TRHkqplvvSpVgBpdOFH0ehSvv S_2
L6m0jBNbnRGU56RFQOJ2hBViBPGEKbHBQMyWfBZlDIGEsxrDQeolaBlYQKGE8mEDQNUdjBt5sIGUX7+5PR/ImBdJKQGE45DvPGZrlBJuePGUcnPEQZ78gBNHaWGUalD/P/AZkBxNxBGEWKv9PJYKiBt2DGGU5W9tPlD/mBhdPIGkX66pv S_2
LbRmgBJwKAG0YPqGQEsydBtw1xFEoEzIQnDNaBtyh8FUMy2KQXjXVBB/p2FkDX/KQSplgBxUugFkFlOKQO4/hBtFMUFUXMSIQXSodBNsISF0kW5LQoEjiB96R9FUPJGHQnDNbBNzMrF0CrcGQdLCiBp/ooFU2jhLQWkjjB9E3bFkYcZHQg+CgB93JGFEMD5MQV+gbBdfmbFESAZNQJdvaBlHNKFU5cmKQ S_2
L02ZcBpFZFGEfpbMQ+oQZBtd+KG07RhOQBAAVB125RGkIFONQzLdQBdTiSGUtdOOQvC4cBpkzRGUpaJQQTLggBVRfLGUbH8QQElCeBtifDG0ZsPSQvD9cBBiaNGEIfgTQTMIgBhTiHGkOJWMQQ0CXB9mEFGk88tPQw45eB1ZeXG0FP/OQqoRaB1aIWGUIh1QQ/UkhBdSRGGUt3PQQCw5hBtaJRGUfkYRQveIbBh1sJGkhfYUQ1oYgBd+/QGU0eyTQuATaBVimTGUQtHTQ S_2
LRgVWBFYlWGUBr8KQShrSBpFZdGkyLdJQQffNBNHaXG0W5wIQ67HJBJbnbGEcnPJQ3aYVBxYfhGEYX0FQLevRBxQ4nGEUsQCQKYoQB51gyGkY7YDQN1aPBxVRjGkJGk7PWDSNBFgZ4GUopHAQmyEMBRqIpGU9DByPtUALBNotzGEHXt2Pfp7ZBFsyVGkOJGKQWO0RBdoFkGEWO0KQuiuYBFFsmGkra1GQJq0WBJbyaGUY7bDQv3bSB1KO2GELo5GQv2QQBld6aGkvpt5PGWcMBtxvAHk3cDBQguRKB1yalGEv1CovYNXIBx3V4GEngzoP S_2
L13POBBAAOGU8mEHQ8RhJB17nHGUb7cFQz25GBFbnCGUYPKJQAqGCBlz3/F0ZQAJQtlCLBdHw9FkJBcBQcF4MBdsHDG0B2S4PmGgJBFEYIGEfBniPkjuRB5c4CGE8d9tPRHNMBBhMLGUhOo2vv0MRB9A9HGEhUZ0vNdzRBhqxKGknDNGQNdzGBxhWNGkzggDQS/TOBBQF0F0b0ADQ0rmHBpPhzFkqgoAQhplVBNRO/F0wDyzPyOPKBNTePGU4B09vVdLUBV7/IGk8mj7v S_2
L557JBNHaBG0FDSLQViBIBhsd4Fk3OvNQMxgEBhU4CGEmYgPQhnPABVuJ9FkalLQQyKnMBFXPsF0ovPPQVVXOBNmIbFEILaNQ0dHLBFBKjF0fY/QQS2uNB125DGkTMYLQPzMFB5TNsFkSLCNQ3RzPBpdt3FE27uPQsyNRBFnxgF0PmMMQlkkOBtJEbFU9+aRQmf3JBt0IwFEgcpRQeI2HBxXyXFkDI4QQ S_2
LzQNGBppvMG0SjAQQDfKDBZbCUGUjs2QQ8xJ9A1EKZGUsTFQQdjW0AtfeaG0uDnQQZtQ/AN8BcGkqYqNQXlL3Ap3AhGE+89LQgR0GB59kcGEuNbRQmBtKBBtQYGkm0RSQ3asJBpWQPG0XoNPQEMpBBdqSQGkA4wRQu2UDB9nuaG0ud6MQIPm6AJlsiG0tZAKQU8YwAl/mbGEYuvLQeqg0AtWdoGkyZ4MQLYzIBdYqgGUgbmQQWsZEBB9SiGEA5+RQNfAMBldqRG0sQ6RQ S_2
LrisHAx0ioFEGZDWQT0N5/AUibF0ktDVQCYQs/wbnFFUBrkVQNArCAZOJ4EkEY9VQtHvBA9Q68FkDhIWQDRcMAVemFG0QtJXQhqYn/Q1uBGkx/XVQqffKAlMfYFUAMzTQVoq9/MOyKFkTmxSQYHbQAJ1CuFkFvMTQHLySA99ogFUf/kWQo5mU/cMdjFUZQ4UQ3HvFAFuoNGUggFXQJVvJAtMaCG0U4EYQO5jdApM7FG0/98WQzraZAh5rQF02VFUQUT4IAVjyIFUBH5RQCkt2/smJ7E0FLNTQIcrf/chlSF0eXfSQLVPaAlAmrFEb8TSQCQ5BA9Bp2FU5L7SQ7sYZAZ1X3Fkgi7TQ S_2
LYWkiA9EDuEUCXfXQ0+ptAR/p0Ek1jSXQgvfuANoaMFUvfqXQIJGnAFLHYFE0iUXQK2PxARA3wE0zK2VQNGxxAJIaZEkcOcVQSlj1ARd8WEkXcBUQUma3Aph5mEU2dYTQ+Nd3ApZJFEEkTnTQi4laAhXP2EUJG8WQx89yA9gArE04Q7XQZdlrApdO5EUQ/MVQteJ5AdLD4EkWdvVQeew2A5AvPEkBVGWQEifpANcFUEU/ChVQ S_2
L+sI3A1z3RF0HwKYQBCs4AtX6mFUV5cYQy3PBB1LdzFEbSQYQhWkFBJFuqFU+pKYQczk4ABY4kFkjsNZQ41FuAlIycFEYpfZQOndsAdDIHFUT2mZQz42lA9b1qF0mZpZQqv5iAVKp/EUOO3ZQjFiYAlfijF0iz5ZQupoVA596NFkSrAaQOGkCAxhkGFEiCRaQK2O9ARy2HF0FEQYQT46xAxbSwFkteQYQoc/+AND5ZF0MeWZQ2fR6AxEs0FE7uaZQ/p4yARU87EUoTfZQwODnA5747FEe4jZQE/uhAhaluEkCt8ZQ7exLAB01uFUqOBaQ+16w/sk0RF0DeWaQ S_2
LksdAB5kYEGE1jOYQ9owEBla8LGkrdGYQZlDHBpHFMG0Kz0WQgrHFBhYQHGEGF2VQiqx5AZO0HGkEuSYQLsTDBl1BUGkueMYQJTFIBZUNKGE16bYQ S_2
LwfqLBNc9RGElvvWQZ7cOBBueTG0dVeVQpGPQB1P1IG0Iy2UQIyWQB5S3HGUhCnTQfXSTB1J3aGE6KrVQsS7RBFijmGEBh/VQ0BAXBpmssG0NsVWQBaHPB1EmrG09IzUQz2ZNBpyhVGkpyhXQXktLBd++WGUV6uUQAUEVBVYCXGE86iWQn9DWBZxaaG0Lf1UQF4HPBVDhmGEJ+0WQGr/VBZZ/0G0ZDkWQAU5YBNNEpGE1ZNXQ5vvZBRdcsGEwlfVQPfJOBV35zGUctBVQ8HvRBRZSrG0Jb7TQQUcLBJxNnGUZhlUQ S_2
LzNpRBFxgBGUXRuVQdVuTBl25tFUeATVQzPVPBZ/UdF037HVQHIQQB5UjLFkIclUQC/1XBtenlF0qXTWQRb3cB9uxyFU0LXWQPpRdB5T+BGEUCPXQvCmgBFyBuFEh7iVQQo8gBhLCIGU7lSXQX+5iBNbG6FUgZmVQtMFjBVrkFGEiTeWQsIbRBBueCGEgstWQHcdVBRWkvFk/rSUQB+JWB5qplF0voTXQWrDZBFvaVFESiCWQQu5ZBpg6DGUTc4XQ9IdgBhLkgFEyv2UQ1LFhBZkwOG0Dx+XQ2zlkB5PM2FUZA9UQnq5kBJVWKGEHBhWQ S_2
L8pmKBhX6iFER3kVQDaxFBdoFVFUwLdVQykYHB59T/EU0jCWQnI7GBlGvuEEanXVQe15DBBquSFUEWAUQ/13BBx9VnFUYYYTQg1K5A5mhuF05V+TQ+5dxAhSNiFEAMCUQdOu4AVASBG0caaUQIH6JB5S3wFUPLCWQ59TCBZ78bFUQ2+VQ1vTHBZbuMFEa+bTQ3nuABt5xGFEoTAUQddYEB1Rd1FEEYQTQRNGBBJ+LgFkC8ZSQB48xANpGEGUUG0UQitJ/AlpAGGU38VUQ S_2
LuMTJBtOf/EUkuRXQdX6KBx9TrE0Bt4XQVm5FBNhrhEkMeRYQnyBDBxhWsEE++pYQRRZPBVZMuE02odYQ02bUBFdK3E0AYIYQscmQB91DZEEOwzYQ0TrYB9hT+EkRwnYQhYwJBBxgMFUSN2XQ2naMBhHFgEkKIIXQrEIOBVq75EESV1YQ9VDWBlEpqEE4tnXQsPNTB9fuEFklgpXQu4xTBdSYbE0QKLZQVHBNBZ1TTEUj5DZQf/3RBdLUNEk8DcYQO9HcBdOeEFknTWYQGGEXB162KFEqR8YQEa6ZBxlxwE0LX7YQ S_2
LLhLFBpIbNEk6RFYQlHlABB99/DEuJRYQbBhABpbSwD0vK/YQtisEBRoFlDk9TRZQN+v4A5wmuDEugSZQd3UABJhsZDE4ymXQFcY4Adzg9CEt38XQctzHB5owFEk2PlXQJ5Q6AJ/pKEkteMYQANW/AxqIlDk0vlWQw8HEBFZsIDUU7pXQseV4AhuzlC0hxVXQ S_2
