SEQUENCE: KQFTKCTMFHTSGYDTQAIVEYGLFQIS
SCORE:       score     fa_atr     fa_rep     fa_sol    fa_intra_rep    pro_close    fa_pair    hbond_sr_bb    hbond_lr_bb    hbond_bb_sc    hbond_sc    dslf_ss_dst    dslf_cs_ang    dslf_ss_dih    dslf_ca_dih    atom_pair_constraint    coordinate_constraint       rama      omega     fa_dun    p_aa_pp        ref    linear_chainbreak    all_rms    backbone_rms        rms    score_orig description
REMARK BINARY_SILENTFILE
SCORE:     -15.101    -79.435     10.608     42.800           0.295        0.000     -0.021         -3.337         -4.773         -1.494      -4.302          0.000          0.000          0.000          0.000                   0.000                    0.000      6.300      7.586     15.706     -2.974     -2.190                0.130      1.842           1.189      0.711        17.516         S_0
REMARK PARENT_TAG S_001_000046
REMARK SOURCE REGION_18_17/start_from_region_19_11_region_20_17_close_loop_sample.low4000.out
FOLD_TREE  EDGE 1 18 -1  JEDGE 1 28 1 N N  INTRA_RES_STUB  EDGE 28 19 -1  S_0
RT -0.950697 0.310114 0.00225649 -0.202662 -0.626763 0.752394 0.234742 0.714841 0.65871 9.57133 12.3762 8.23293   S_0
ANNOTATED_SEQUENCE: K[LYS_p:NtermProteinFull]QFTKCTMFHTSGYDTQA[ALA_p:protein_cutpoint_lower]I[ILE_p:protein_cutpoint_upper]VEYGLFQIS[SER_p:CtermProteinFull] S_0
LKO0DBxFDUHkCZXYQfvfHBNGuaH0Kg9XQKLyIBlcSVH0ZUoWQv57JBxjsLHkpekWQoIoMBVf3cHUF/XYQ+10QBhPRjHEjW/XQgCxVBtHOlHkaAbYQav9ZBRInrH08uCYQ21seBdLFuHUi1dYQXC5EB9oURHkHO0YQCuOABNe5WHUn0fYQnHjCBRyENHkUbLYQkIbFBBmYiHEMhzXQ7seLBV8MhHEk10YQuNSOB9AHVHkx1gYQ8k8RB5uzeH02GGXQnPFPBha6qHkwxsXQhhkUBV7mpHUBo3YQKDcXBhhgdHkjRkYQfPObBls8mH0IJOXQDxIYB5dDzH0P5vXQxOsgBlZUyH0slMYQfWidB5jayHEuf3YQguMgBd+LnHEh0nYQ S_0
Lz5bIBpgqbH0EclVQMzsJBB0MYHUhZOUQhqRPBR/+cHUxj6TQhALQB9EYmHkgDNUQeHgFBJ9AcHka6NTQYQEABZnuWHEy8XTQZJ73A1cHbH0bqZSQTYe5AZdojHElqzRQ3/GvAVfVVH0EBPSQPLSHB9+TjHUBapVQjEjJBBIaPHkU7MUQCfHFBlyokHEcWWTQGKGHBdoVaH0IZOSQ73G/A9FFOHUO/aTQo3l+A9FLaHUq4WUQi4ZpAxH1XH08umRQgxKuApAfOHk7MvSQ S_0
LSihSBVCBWHkiZWTQaQAYBxueZHUgC/SQ7k4XBRZQcH0+WfRQXhLUB9mZZHUCEwQQ1+JcBNFzQHkRtRTQr7fcBpQvNH0QhuUQza1ZBBXyEHUAFNVQa3efBtdzTH0VdnVQyZJaBRw9BHEldiWQ4jzfBJ4/QHklz8WQ3dIdB5QEIH0cUaXQgrnRBBIaOH0L1ITQiALZB1uegHkAYlTQFsLbBBlhJHksnuSQM+DgBl3iTHk3H/SQ8ieXBdL9/Gkn4gUQ09ygBBK3aH08IQVQyFCYBtX66GEVn5WQzUFhBJO1VHEp4oXQmJYdBFp2FHU4zOYQ S_0
LflDcB946hHUJIIRQ1HFdBxbnkH06VZPQ/SngBhsybHUgYwOQfSshBhCsXHk7oYQQNDVfBdo6vHEY95OQk+PiBFh1wHUm9DQQbdnbBpoV4HUZgCQQubyeBJrxkHUZ9wRQPtoZBBS2kH0kyBOQtQufB1ANxHUUkwMQzENjBN+r2HEB0UPQkbRdBllIAIE3gtPQoesXB10t3HkW5IPQOaObBZ4D3HkfLHRQ S_0
LpCHhBN5lZH07UTMQsEDjBN2jRHUoxbLQio1lBFkCTH0FvkMQZjHnBJ7RLHEIFeNQOSNjBZVdRH0YRYIQc1wgBJDuMH0mMAGQ5PMhBlTxLHUdn//PVUPjB5fKDH0YUW9PGhPiBVsQ4GkK/+/PiSMgBhaRdH0/CyKQgnPiBlc9JHU+qMMQhNejB1cuZHUjPeHQSY+kBB50MHUlirHQ6oYgBt3zEHU/trHQQyGeBRA5RHEDPyGQ3bkeBNCyJHEK3P8PP84hBJPdTH0yB+8P6/rjBdnnDHkd7qxPXLDlBFbyEHkjp9AQcDqjBRQzyG0thH+PDA1hB1K13GUPU8DQsNkgBV9v2G04Wv7P S_0
L8m0jBZbnRGE/6RFQSJ2hBhiBPGEObHBQRyWfBtlDIGUuxrDQjolaB1YQKG07mEDQRUdjBx5sIGkp7+5P5/ImBZIKQGU8EEvPIZrlBVuePGUknPEQd78gBdHaWGEelD/PnAZkBpMxBGUUKv9PWYKiBh4DGG0sT9tPFE/mBpcPIGkPx6pv S_0
LcRmgBdwKAGUdPqGQDsydBZx1xFEqEzIQkDNaBdzh8FkMy2KQUjXVB5/p2F0CX/KQSplgBdVugFUJlOKQZyAiBdJSUF0/PSIQNBodBtnCSFU4X4LQoEjiBZ7R9FEWJGHQmDNbB5zMrFUFrcGQMlBiBF2ooFkOPiLQeekjBtqAcFUPBbHQC2CgBB5DGFkbF4MQRUfbBF0bbFEC/XNQgYwaBZNHKFk4ykKQ S_0
Lx2ZcBFGZFGkfpbMQ7oQZBRe+KGU7RhOQ///UBV35RGUGFONQwLdQBBUiSG0pdOOQpC4cBJlzRG0paJQQ0+NgBB1bLG0MzFRQS/qcBlsEEG01uUSQiBZcBNfRuFkdwjRQRMIgB1TiHGUQJWMQI0CXBdnEFG078tPQtrWfB5OnWG0w19OQqURaB9bCXG0lnuQQhNZhBtj2FGUHsfQQ6WjhB55ARGkPNmRQFlLaBloUjFUD/MSQygYaB5/evFUt9lQQJJOgBRHPoF0MaaRQ S_0
LTgVWBhYlWGE/q8KQWhrSBFGZdGkuLdJQVffNBxHaXGES5wIQ/7HJBtbnbG0VnPJQAbYVBJZfhGURX0FQqKqRBNqSnGk4TGCQvj4PBh2hxGEPwSDQ1A7PBJohiGERVz6P4TdMBR532GUT3v/PEKgMB9b2nG0avyvPSKxKBdaCyGUVB30Php7ZBhsyVGENJGKQaO0RB9oFkG0RO0KQoIkYBVkFnGERB1GQV/CXBJm0aGkk9jDQNVORBt1W1G0Lc+GQkoSRBNeeaGUdB24P6/FLBte6+GkaL3AQd1KLBRABkGkq7ptv1MEIBZVP2GE97UgP S_0
L53POBlAAOGk0mEHQ/RhJBZ8nHGkR7cFQz25GBpbnCG0SPKJQAqGCBB13/F0TQAJQzlCLBRIw9FkCBcBQqN3MBVqHDGkKOS4Pr6dJBRYSIG0QsUiPD8tRBJV9CGUxR+tPJaKMBpRILGkMKt2vRDLRBhJ/HG06Qb0vRdzRB5qxKGUiDNGQUdzGBRiWNG0nggDQmcUOBl+G0F0jhADQ53mHBpmfzF08BpAQE7lVBhii/FEkG1zPMfLKBVPWPGEru39v0kJUBdjEJGEHVk7v S_0
L357JB1HaBGUBDSLQOiBIB1td4FEzOvNQFxgEBRV4CGUgYgPQThaAB5sv8FEn0PQQ1uwMBlcwwFknFdPQarmPBdgQgFUXzDOQ6kyKBNqFoF0A3DRQR2uNBd35DGUQMYLQHzMFBRVNsF0NLCNQgSdPBVnK+FErozPQyLJTBB39eFEvcyOQAfMOBxkuiF0bxpRQ1pqIBV+p0FUvQmRQ3UGIBpIraFEQo4QQ S_0
L5vBGBZa9MGEwJ4PQCS4CBVbXUG0bpvQQoGbCBdpPfGkqUEQQL0R9Al8OlGUC/TQQ32VFB1IiVGku1HSQxbZFBRJ1LGE/u0SQZrcJBpsjPGE4WBPQ/rz9AFiWRGEjX/QQJ5bJBBvYYGkPrASQI5BDBZ1XbGUEBsSQNzBJBlA2JGkV8ATQ S_0
LkUTGBxbwhGkIibOQ1uqGBxrWsGUfdONQavoJB15G0G0UFDPQ6NaIBdBp9G0NtHPQxWEJB5mLcG0vM9NQDQzIB9+vrG07IVLQlbpCBxOZvGkVh3MQ S_0
LEGjNBtn9vGELmQQQrYVQBN0P2GEXWRRQcFcMBN0v6GEnGTSQ2V0MBZPEEHkD2rSQrFfTBJIW/G0tfnQQH+kXBFon7GEDbNPQzAlWB1PY8GkEMfMQ7tbcBpbX3GUR5AQQQPTaBF++4GEfToKQb9FgBR28zGE4FMOQvuGfBhdx0GE9XfLQlmahBd7YxG0OmpJQhqnOBdoQoGELRHQQ5qHTBNYKxG0AZ0RQn8lQBRHlEH0xMIQQlefVB5UtDHEHoaRQkkxSB1tt/GUDp0LQSwQdBd/u2G0pMFRQIedZBNFo5GEH1fIQ+S/hBNsnwGko13OQ8tAjBNCnuG0xkdKQ S_0
LqasIBZpE0GUVNvSQGuZEB1lp3G02hnTQRxBEB5gpwGEOG3UQX7RCBBVdnGEmqyUQXZG+Adfq3Gkt83SQTpr0AJ6r7GE4usTQMJm1ApF+7GEir5UQmmKtAFim/G0XnHTQPv0IBViUsG0vFdSQdcOFBt/v/GEu09TQ+jW+Ah277GkXJ7RQPcK9A9qHvGk3CsSQ S_0
LEerFB9DD1GU82/VQgGZFBpUUvGEPARXQ0ub/ANOVvGU+d0XQIbd5ABjB3GEZzoXQrSMJBtLM0GUDCKYQvUhOBdDj0GE3SyXQ8AKJBRNjtGkQ0yYQdALHB1hj8G0r7+VQFaeGBVJ9mG07VHXQ+44HBV6T8G0RRRYQ5c0OB9yZ6G0+yKXQqR3LBFvHxG01HKZQDjHFBt1VtGEE7/YQ7odKB91blGUzmrYQ S_0
LAEg8A95qmGkY6PYQyltxAdMelGkD/gYQd+YpAhd0lGU2z6XQXsRiARUosGEz66XQBfWvAduPuG011BZQeUz1ABEVtGEG4qZQbeOyA5mAkGkpeGaQJBqoA1nciGEF7NaQVJ65AdbxdGUD9VaQZT8ABd7wgGU+rUYQCv7wAtFrdGkHRwYQokDxAtM31GkCSyYQWr1mApwwtGEqIJZQH+g+A9gktG0HarZQ7lpyARWs0G01t4ZQSOC4AF4fXGEBZoaQzOyABxiVfGEYLPaQ S_0
LxrUqAxAceGkUF+WQaUUiApDPdG0+56VQRpKUAp5vUGEldSWQFGGBAd9BWG0xpBWQBOpbAVqEMG0Df5WQ0aYNA5j5DGEqybXQhWqnAdHgaG0WLmUQqmvwApFiZGE5d+WQIEHcA9hykGUwrzVQAwkhAxeoZGEot0TQYbKtApH5gGE4YUUQM7DsAlwBTGE/nsUQ S_0
LerjbAdjBMGUPJ5WQ1eqNAhZzDGUjGdXQj1HBABTJ8FUDNXWQAzoj/87bCGUc+zVQUxrTAdDlUGUUqRWQ7Rw7/YQiIGU7SPYQSlBKAp5+NG0M1zYQjdpc/ISu/FUOlgYQ+Tw3/0oXUG0GnRZQLiylAhlMLG0FY+WQsMGXAtQF7FURj7XQVtto/U2tOGElf/XQrGKSAxmuHG012FZQ183VAV9QTGUSXlYQQw6g+A1VDGkcs3YQpxEx+YCr4FUOUGYQ5AXx/8AXzF0OLwYQJ7nFApj/XGU6pqZQDpfn/YBpaGU0m/YQ5FFg/YwGPGkCIgZQ S_0
LeisHA50ioF0IZDWQuzN5/IUibFUntDVQvWQs/0bnFFEErkVQZ/qCAFOJ4EkHY9VQdffKAlMfYFUDMzTQOCB+/kzbKF01SySQCgEQA14BuFEUxLTQeXZUAFTbhFUi7dWQq4mU/4MdjFkbQ4UQp4iZAdt9QFUwhFUQHXDJAxbcIF0+y5RQ1uk3/Qo06Ek9jOTQ/a3f/wS9RFEK4fSQwA5ZA1FlrF0c/SSQ1qZBAdwW2F03/5SQ1h6YAdhn3FkzF6TQ S_0
L4VkiAJEDuEEGXfXQc+ptAR+p0EE5jSXQQvfuAdnaMFEzfqXQ8IGnAhKHYF02iUXQ11PxAB/2wEE4K2VQDZ8xAFUZZEUKrcVQwRj1Alz8WEkaaBUQ7ZA3ANR6mEUHcXTQkMu3A50OFEE3wnTQu3laA9WP2E0MG8WQW89yAtfArEE9Q7XQCcgrAJt/4EUh8MVQSpF5AFgS4EEzJvVQ87H3AJD/PEUlQGWQdIvpAVBwTEkC0iVQ S_0
LwsI3Aty3RF0JwKYQ5Bs4A1W6mFkX5cYQy3PBBlKdzF0cSQYQjWkFBxDuqFkAqKYQRzk4AhX4kF0lsNZQ5P+tAxufdF0twfZQI7PsA5lJIFk2xpZQcOulAVJ6rFkgzmZQbHliAFUUBFkTR6ZQD7CYAx3QlFkJT3ZQqi9UA5d8PFE2/AaQCKrBAhlPJF0mdRaQ51O9ABx2HFEIEQYQP46xAJbSwFUveQYQOrz+AhfdZF0NZWZQVLj6Al9j0FUQuaZQXvryAdAs8EEbYkZQLU/mApUu8F06DfZQznVhABzfwEUw+BaQQ5QLAdv1wF0Pk8ZQp2Iv/AMsUFUo3UaQ S_0
LnsdABhkYEG02jOYQHpwEBJa8LGktdGYQnlDHBFHFMGUOz0WQvrHFB9XQHGUJF2VQqqx5AFO0HG0GuSYQWsTDBN1BUGExeMYQRTFIBxTNKGU36bYQ S_0
L+fqLBpb9RG0ovvWQu7cOBVteTGkgVeVQ7GPQB1O1IGUMy2UQeyWQBBS3HGEkCnTQ3XSTB5I3aGk9KrVQYpAXBNb5bGUgkdUQNq4TB1y6fGEyWQTQyRlbBlDejGkJAzUQE3ZNB5xhVG0syhXQtktLB19+WGUY6uUQt2MRBBbYiGEuO2VQAJkVBZytYGUjHkWQP/tYBdzAUGkFmRUQO7jWBZKogG0OkZSQQXsQB5SSaGUcQBTQ7fKSBd9tnGkX0eTQhiOeBhXMkG0nz7TQ6Y+ZBtSUrGk7SDVQ0H1dBB9UgG0qPpVQ S_0
LAOpRBBwgBG0aRuVQpVuTBV05tFkhATVQ6PVPBd9UdFU77HVQNIQQBlSjLFEMclUQL/1XBRcnlFEvXTWQve0cBpvBzFURdYWQ0QYdBJZQBGUHaXXQZZegB1vMwFE9TeVQhl+gBBmbHGUGJcXQJ+wiBhQg8FUr7iVQNABjBle7FGE77hWQ5IbRBBteCG0jstWQXcdVB5TkvFUCsSUQPPIWBB3VlFUdcTXQYlHZBtriVFk0yBWQrFKaBBAcCGEnvCYQVsRgBBrEkFEkhsUQb8KhB1MfNGUl9GYQD8XkBpOH6FU420UQNZ0kBd/yKGE+klWQ S_0
LEqmKBlV6iFkU3kVQGaxFB5mFVFE0LdVQwkYHBF8T/EE4jCWQkI7GBlEvuEEenXVQf15DBpouSFEIWAUQeMxBBFnPnFES9YTQHnG5A91YuFkVdBUQx7NyAdaPhFUJaWUQX123AV7pBGUTfMUQQH6JBRR3wFkSLCWQ89TCBB68bF0T2+VQzQVHBN4CNFEVubTQ5VyABNYiGF00GAUQ/nPEBVBZ1FEiUPTQPE4AB1k+fFkwHbSQpiIxAhQfEGUD5mUQ3vo9AFTtGGEAe6TQ S_0
LqMTJBxMf/EkouRXQWX6KBh7TrEUGt4XQIm5FBNfrhEUPeRYQZyBDBFgWsE0A/pYQJRZPBBXMuE05odYQ52bUBxYK3EUCYIYQJcmQB5zDZEkTwzYQaErYBBsV+EUXwnYQeYwJBJvgMFUWN2XQtnaMBJFFgE0OIIXQrEIOBJp75E0SV1YQDmDWBhXoqEUjznXQBMNTBlTtEFE5apXQM4xTBFQYbE0VKLZQpGBNBt0TTE0o5DZQ0+3RBFIUNEEDEcYQ5uHcBpOgEF0sTWYQrmDXBlt5KFE8O8YQZO6ZB130wEUJa7YQ S_0
L6gLFBlGbNEE9RFYQRHlABN59/DEwJRYQ/AhABxXSwD0xK/YQTisEB5jFlDUAURZQV9v4AdtmuDkwgSZQL3UABZdsZD07ymXQtVY4ANCh9CkD38XQLtzHBlmwFEE7PlXQh4Q6Ah9pKEkveMYQyTW/AxoIlDEwvlWQK7HEBxEsIDEE8pXQkYV4Ap8zlCE6wVXQ S_0
SCORE:     -13.164    -81.426     12.606     44.500           0.303        0.000     -0.031         -3.410         -7.097         -1.505      -4.237          0.000          0.000          0.000          0.000                   0.000                    0.000      7.574      7.491     16.236     -2.029     -2.190                0.051      1.100           0.812      0.524         7.467         S_1
REMARK BINARY_SILENTFILE 
REMARK PARENT_TAG S_00044
REMARK SOURCE REGION_18_17/start_from_region_19_11_region_20_17_close_loop_sample.low4000.out
FOLD_TREE  EDGE 1 18 -1  JEDGE 1 28 1 N N  INTRA_RES_STUB  EDGE 28 19 -1  S_1
RT -0.950697 0.310114 0.00225649 -0.202662 -0.626763 0.752394 0.234742 0.714841 0.65871 9.57133 12.3762 8.23293   S_1
ANNOTATED_SEQUENCE: K[LYS_p:NtermProteinFull]QFTKCTMFHTSGYDTQA[ALA_p:protein_cutpoint_lower]I[ILE_p:protein_cutpoint_upper]VEYGLFQIS[SER_p:CtermProteinFull] S_1
LKO0DBxFDUHkCZXYQfvfHBNGuaH0Kg9XQKLyIBlcSVH0ZUoWQv57JBxjsLHkpekWQoIoMBVf3cHUF/XYQuJ0QB1NUjH0cg/XQ3ewVBRdQlHEiEbYQEX7ZBpKxrHEw/CYQhDreBNPMuHE/DeYQXC5EB9oURHkHO0YQCuOABNe5WHUn0fYQnHjCBRyENHkUbLYQkIbFBBmYiHEMhzXQPjeLB1pKhHkp60YQD6SOBZ+GVHE0sgYQa67RBRJ5eHkzEGXQL7DPBJl9qHEAQtXQUojUBtQjpHUw53YQ+RdXBxridHkC+jYQPkLbBhdNnH0VFOXQU5EYB5qOzHkbWxXQmtqgBBwgyHEz8MYQm1gdBdYbyH0i/3YQghMgBZ9RnHUXnnYQ S_1
Lz5bIBpgqbH0EclVQMzsJBB0MYHUhZOUQhqRPBR/+cHUxj6TQhALQB9EYmHkgDNUQeHgFBJ9AcHka6NTQb3EABxerWH0vmXTQiEH4ARUoaHEUIWSQbZq5ARW/iHEz+tRQ/8bvAhipUHkoJLSQPLSHB9+TjHUBapVQjEjJBBIaPHkU7MUQqTGFBJTokHENoWTQy2GHB9lYaHUtYOSQxeM/At9COHkFjdTQo9X+ABTdaHkW5UUQ/I2pAlo2WHUJ0gRQHQfuAd67NH0wItSQ S_1
LSihSBVCBWHkiZWTQaQAYBxueZHUgC/SQ7k4XBRZQcH0+WfRQXhLUB9mZZHUCEwQQ1+JcBNFzQHkRtRTQGeucBFXMOHkqHvUQNZFaBRDfFHEDVSVQ+q5fBhacUHUh+jVQ+vmaBVOFDHkPRoWQn3NgBdkDSHEl35WQV6xdB1OXJHELCcXQgrnRBBIaOH0L1ITQiALZB1uegHkAYlTQUcDbB9VYJHEUqxSQ/vCgBpsWTH0vo7SQp8kXB9wgAHkxXpUQk3/gBlCUbHE9+IVQXagYBJ3N8GUQGDXQPMehBh+BXHkVtiXQ8IMeBBueHHkr4PYQ S_1
LflDcB946hHUJIIRQ1HFdBxbnkH06VZPQ/SngBhsybHUgYwOQfSshBhCsXHk7oYQQNDVfBdo6vHEY95OQk+PiBFh1wHUm9DQQbdnbBpoV4HUZgCQQubyeBJrxkHUZ9wRQPtoZBBS2kH0kyBOQtQufB1ANxHUUkwMQoENjBZ/r2HUW0UPQkbRdBllIAIE3gtPQoesXB10t3HkW5IPQOaObBZ4D3HkfLHRQ S_1
LpCHhBN5lZH07UTMQsEDjBN2jRHUoxbLQio1lBFkCTH0FvkMQZjHnBJ7RLHEIFeNQOSNjBZVdRH0YRYIQd4wgBVptMH0BNAGQuWLhBlK6LHEWb+/PsMRjBpzgDHkT1M9PhGViBdjf4G01Bs/PiSMgBhaRdH0/CyKQgnPiBlc9JHU+qMMQMIejBNfuZHE/OeHQQb+kB1K1MHU0irHQM2ZgBpdwEH0zKpHQmBGeBFc0RHksP1GQVWjeB1DyJHkyrQ8PF90hBlrrTHEDHA9PchtjBB6HEHUFnYxPYmElBpQOFH0OW5AQHZxjBlbLzGEaRv9P066hBtx63GUpryDQdOqgBFt52G03kb7P S_1
L8m0jBZbnRGE/6RFQSJ2hBhiBPGEObHBQRyWfBtlDIGUuxrDQjolaB1YQKG07mEDQRUdjBx5sIGkp7+5PWAJmBhHKQGUTNEvPIZrlBVuePGUknPEQd78gBdHaWGEelD/PPAZkBtLxBG07Jv9PbYKiBB6DGGEHQ9tPbE/mB9bPIGkBr6pv S_1
LcRmgBdwKAGUdPqGQDsydBZx1xFEqEzIQkDNaBdzh8FkMy2KQUjXVB5/p2F0CX/KQSplgBdVugFUJlOKQZyAiBZJSUF0/PSIQNBodBtnCSF04X4LQoEjiBZ7R9FEWJGHQmDNbB5zMrFUFrcGQMlBiBF2ooFUOPiLQQekjB9rAcFUoAbHQC2CgBB5DGFUcF4MQSUfbBJ0bbFkC/XNQfYwaBdNHKFk5ykKQ S_1
Lx2ZcBFGZFGkfpbMQ7oQZBRe+KGU7RhOQ///UBV35RGUGFONQwLdQBBUiSG0pdOOQpC4cBJlzRG0paJQQDBOgBp0bLGEHyFRQLJrcB5dEEGEdtUSQMMZcBpORuFUXtjRQRMIgB1TiHGUQJWMQI0CXBdnEFG078tPQdoWfBtVnWGEy19OQaURaBdVCXG0bouQQUQZhBJr2FGUKqfQQfYjhBl6ARGkZMmRQ9yLaBpIUjF0n7MSQaoYaBZ8evFkE7lQQnOOgB9APoF07VaRQ S_1
LTgVWBhYlWGE/q8KQWhrSBFGZdGkuLdJQVffNBxHaXGES5wIQ/7HJBtbnbG0VnPJQAbYVBJZfhGURX0FQ3AqRBVaRnG0n+FCQPz3PBFXgxG0nCSDQfU7PBlcfiGkWzy6PUacMBZQ12Gk70t/PxUgMB9GznG0lLuvPUuwKB12+xGk1Oz0Php7ZBhsyVGENJGKQaO0RB9oFkG0RO0KQKyjYBZYGnGk0/0GQCdDXB1s0aGkqOkDQSNNRBxEW1G09q9GQwaTRBNecaGUsF24P0nELBZq3+GkL31AQlXLLB588jGkZCutvxpDIB13K2G0U7BgP S_1
L53POBlAAOGk0mEHQ/RhJBZ8nHGkR7cFQz25GBpbnCG0SPKJQAqGCBB13/F0TQAJQzlCLBRIw9FkCBcBQ2a3MB5qHDGkfXS4PXZeJBZdTIGEr8XiPeHuRBVa8CGE3i+tPSBLMBVFJLGUaMs2vBfLRBFw+HGUGta0vRdzRB5qxKGUiDNGQUdzGBRiWNG0nggDQtVUOBtkG0FEAmADQE1mHBl/fzF0E6oAQP7lVBtte/FkE30zPaUMKBVxXPGk4C39vSDKUB5rDJG0NDk7v S_1
L357JB1HaBGUBDSLQOiBIB1td4FEzOvNQFxgEBRV4CGUgYgPQq+ZABV1w8FUwnPQQ1uwMBlcwwFknFdPQ2AmPBtYNgF0tCEOQLryKBRBKoFUp+DRQR2uNBd35DGUQMYLQHzMFBRVNsF0NLCNQfudPBdzJ+FkuRzPQnkITBJ/5eFknmyOQLlMOBx3yiF084pRQnQrIBVtw0F0eSmRQJ/FIBlTwaF0W74QQ S_1
LdUCGBJ08MGU5k4PQ8m4CBZLXUGk+vvQQNdcCBxsPfGkVdEQQHRX9AVpRlGkNbUQQlNVFBp+gVGE9DISQFLaFBpqyLGUWq0SQo3dJBxYiPGkMRCPQFsz9AB+WRGkRR/QQMyaJBdxaYGEIIBSQC4/CB93TbGkjVsSQZxCJBlN2JGUlBBTQ S_1
L9/TGBdwthGkHLbOQaSsGB5hTsGUA6NNQu3rJBRvC0GUxJCPQkfYIBtsh9G0qOKPQf4DJBFJHcGkGf8NQ7E0IBtUrrG0TaULQMPrCB98XvGECR3MQ S_1
LdCtNBJK8vGkjBOQQCdkQBRKO2GUT5NRQR1vMBhT26GEiLQSQVsKNBR4MEHEA7nSQU2uTB1ZO/GE88iQQjezXB9BX7GUpvEPQ/TxWBpW57GUPgWMQGQrcBpyM3Gk0f5PQsYeaBF7X4Gkj/fKQLKNgBVKqzGkELEOQz7SfBVkQ0GkdcXLQpIghBR+vwG0VCiJQ7RzOBhaRoGkerDQQQ5WTBlEHxGkUpwRQiB2QBNobEHE4PDQQJawVBl1pDHUCiVRQCD9SBNCK/G00prLQbBidB9kv2G0iDBRQq4mZBJ014G0mgXIQi6GiBh4ZwGkQOwOQesGjBZZDuGEjQWKQ S_1
LnNBJBdpP0GEV3tSQfz7EBJ403G0b/pTQ7vAFB1UJxG0/g7UQ19KDBRwAoGUOT8UQUzx+AduW3GE5oATQ+qw1ANBi7GkhA5TQsQQ3AFDF8GkBSFVQTg9tAJTT/GklxWTQ15AJBt2isG0ZRaSQLIvFB9mDAHUzO9TQHLa+Al3P7GkORCSQU969AF4uuG0vm4SQ S_1
LTwJHB1Rw1G08DAWQ+rQHB9gawG0IATXQxSQCBRY8yGkUYDYQf09ABh2Q8GUG2KYQHlOMBNbozGUdpDYQBO+QBZmpwGUtnZXQQeMMB9KIuGkgDvYQruvIBlcJ9G0fk6VQpXTHB9ExnGk16JXQnqNMBxrR8G0XLIYQbSBRB94L0GECEjWQa/uPBtLgwGU7DBZQpSnIBh/cwGktoAZQzrNMBBLflGE5iqYQ S_1
Ls04+A1ulqGUNARYQNjY0AJE3rG0zokYQJ3CsAtp8kGUYTOYQ0NtjA5YaiGUapgYQPg5wA5Tm3GUCajYQ++jlANDi5G0FIzYQSepiAZ7TFHk8lzYQwDCpAhzJMHU4/mYQrg9RA5JwHH0eRCZQmE/ABFuKjGE/qNYQzDs0AB1KpG0cyFZQWhi2ARCC8GUMP3YQSUoxAhaO6Gk3RCYQ27YdA9tG1GUD+mYQ9vOnAFXB3GEQ4TZQWGONAhXZPHk7WDZQNyHIAhH9BHEvOMZQ S_1
LZAWuA5z6hGUoMNXQGiwmA9s3bGUgZZWQYOPkApmFRGUIGCXQn/VrA5tsLGEJhjXQb6JUAlq+NG0uE/WQeWXNA1GnDGkUFgXQU0ErAVEXaG0BJ/UQ+Bi1Ax02jGEbE0WQiVkeAtuVgGE3vVWQ9OUlAJM1VGk4TZUQLsXsAJ2JiGUfmhUQaUnyANpAWGEQxBVQ S_1
LZ3FUA58AOGkRn/WQHMPNAR/mDG06ofXQkjAAAB4S7FEgFdWQyqyc/YadBG0fmBWQ7XPkANaBRG0cvBXQtjFAAdWsEGkRQZYQZYTNAJVPKGUoB8YQ6OEx/onizF0QeoYQ0N0AARfsMGkdRkZQB3DJAZXETG0lLnWQWu/aAtH78F0lTrXQrZjk/wQyJGkzGTYQ3UqaAx/+EGkYwDZQM2ZTA1qqRGkFZuYQgDGd/ILX1FU9yFZQODRa/wZOsFkQ6PYQKNWGAJeWpFkgquYQ5tPLAt4nQG0Ja7ZQcE6m/A09RG08kcZQQcc1/sPSFGEr9xZQ S_1
LeisHA50ioF0IZDWQuzN5/IUibFUntDVQvWQs/0bnFFEErkVQZ/qCAFOJ4EkHY9VQdffKAlMfYFUDMzTQXRs+/gQzJF0CnzSQSxaPAJ0+tFUDAKTQ70SVAtKHiF0EMZWQq4mU/4MdjFkbQ4UQoTxZAt8eRFEa1FUQ6sYJAZb0HFkFG7RQ5XM5/wsP6E0SJRTQ/FKg/QgzQFks4gSQz0PZAZFirFUpPRSQmFgAAZSz1FUg23SQyJCYABlC4FE5Z3TQ S_1
L4VkiAJEDuEEGXfXQc+ptAR+p0EE5jSXQQvfuAdnaMFEzfqXQ8IGnAhKHYF02iUXQ11PxAB/2wEE4K2VQiA8xAZVZZEUMqcVQdHi1Ad38WE0dXBUQJf/2AFY6mEU/ZXTQAOs3AJvOFEkKrnTQu3laA9WP2E0MG8WQW89yAtfArEE9Q7XQzmgrAVNA5EEn8MVQuxF5A9+R4E0dKvVQL1H3Al2+PEUnMGWQlwupAVRwTEUT3iVQ S_1
LwsI3Aty3RF0JwKYQ5Bs4A1W6mFkX5cYQy3PBBlKdzF0cSQYQjWkFBxDuqFkAqKYQRzk4AhX4kF0lsNZQ8aLuApiTcFUhkfZQGhJsA1YfGFkClgZQKebmABzDqF0ucvZQLmqiAVqk+EUn2wZQbx1ZAV3UiFkX0/ZQbdIWAx+jMF05dAaQsKODANixEFk8wQaQ51O9ABx2HFEIEQYQP46xAJbSwFUveQYQYJH/A5JMaFUthWZQccF6AB4w0FUTvaZQiGMyAFXi7E0RMUZQxL8nAZ6O7FkC1uZQObLhA9WZtE0ibxZQxN2NAFwZtFURHMaQ0zoz/sg2PFk9vaaQ S_1
LnsdABhkYEG02jOYQHpwEBJa8LGktdGYQnlDHBFHFMGUOz0WQvrHFB9XQHGUJF2VQqqx5AFO0HG0GuSYQWsTDBN1BUGExeMYQRTFIBxTNKGU36bYQ S_1
L+fqLBpb9RG0ovvWQu7cOBVteTGkgVeVQ7GPQB1O1IGUMy2UQeyWQBBS3HGEkCnTQ3XSTB5I3aGk9KrVQOK/WBht9bGkGWdUQUD2TBNfGgG0MtQTQSHlbBFjejGEx+yUQE3ZNB5xhVG0syhXQtktLB19+WGUY6uUQn0MRBJmXiGkPw2VQcRlVBZTrYGE11jWQGVrYBZQFUG0onQUQ/QgWBB32gGkHwZSQgyoQBhpgaG0DcBTQsGJSBRT5nGEe6fTQPUNeBN6PkG08n7TQ0e/ZBNPUrGk2AEVQUt1dBBOQgGkkyoVQ S_1
LAOpRBBwgBG0aRuVQpVuTBV05tFkhATVQ6PVPBd9UdFU77HVQNIQQBlSjLFEMclUQL/1XBRcnlFEvXTWQ4f0cBppBzFkycYWQvXYdBtLQBGktaXXQlXegBJ5MwFk8ReVQgp+gB1VbHGUQJcXQ38wiBZUg8FEO5iVQ0BBjBFW7FGUj6hWQ5IbRBBteCG0jstWQXcdVB5TkvFUCsSUQ4PIWBd+VlFUicTXQ6jHZBloiVFEGzBWQXQKaBhsbCG0gwCYQPoRgBxEFkFUsesUQsCLhBZ0eNG0F+GYQ44XkBpeH6F0Nz0UQOb0kB10yKGEQjlWQ S_1
LEqmKBlV6iFkU3kVQGaxFB5mFVFE0LdVQwkYHBF8T/EE4jCWQkI7GBlEvuEEenXVQg15DBdouSFUHWAUQWqwBBpEPnFkOAZTQSJF5AZtVuF0/gBUQ5JPyAZ9JhFkb+WUQ3/x3A1hoBGU7+LUQQH6JBRR3wFkSLCWQ89TCBB68bF0T2+VQXYVHBxhENF0CtbTQRpyABNJhGFkwFAUQBuOEBBoZ1FEzZPTQlv3ABxP+fF0iJbSQURDxAhCdEGEOXmUQqzh9Ad2sGGk6j5TQ S_1
LqMTJBxMf/EkouRXQWX6KBh7TrEUGt4XQIm5FBNfrhEUPeRYQZyBDBFgWsE0A/pYQJRZPBBXMuE05odYQ12bUBZZK3EkCYIYQRcmQBtzDZEkSwzYQTErYB1sV+E0XwnYQeYwJBJvgMFUWN2XQtnaMBJFFgE0OIIXQoEIOBxo75EkTV1YQEmDWBhYoqEEjznXQ4LNTBRUtEFk6apXQU4xTB9PYbE0UKLZQzGBNBF0TTE0n5DZQ/+3RBRIUNEkBEcYQwuHcBBQgEFktTWYQfmDXBJu5KFE9O8YQYO6ZBp40wEUJa7YQ S_1
L6gLFBlGbNEE9RFYQRHlABN59/DEwJRYQ/AhABxXSwD0xK/YQTisEB5jFlDUAURZQV9v4AdtmuDkwgSZQL3UABZdsZD07ymXQdHY4Axvh9CUW18XQLtzHBlmwFEE7PlXQh4Q6Ah9pKEkveMYQtlW/AxsIlD0bvlWQ93HEBFcrIDkw9pXQzKV4Apo0lCUQvVXQ S_1
SCORE:     -12.577    -81.174     11.577     44.189           0.311        0.000     -0.074         -3.630         -5.248         -3.038      -4.457          0.000          0.000          0.000          0.000                   0.000                    0.000      8.155      7.293     17.427     -1.764     -2.190                0.044      1.254           0.893      0.601        -1.008         S_2
REMARK PARENT_TAG S_001_000004
REMARK SOURCE REGION_18_17/start_from_region_19_11_region_20_17_close_loop_sample.low4000.out
FOLD_TREE  EDGE 1 18 -1  JEDGE 1 28 1 N N  INTRA_RES_STUB  EDGE 28 19 -1  S_2
RT -0.950697 0.310114 0.00225649 -0.202662 -0.626763 0.752394 0.234742 0.714841 0.65871 9.57133 12.3762 8.23293   S_2
ANNOTATED_SEQUENCE: K[LYS_p:NtermProteinFull]QFTKCTMFHTSGYDTQA[ALA_p:protein_cutpoint_lower]I[ILE_p:protein_cutpoint_upper]VEYGLFQIS[SER_p:CtermProteinFull] S_2
LKO0DBxFDUHkCZXYQfvfHBNGuaH0Kg9XQKLyIBlcSVH0ZUoWQv57JBxjsLHkpekWQoIoMBVf3cHUF/XYQxB2QBJGMjHEvF/XQdyyVBBrGlHUE0aYQtyBaBVrVrH0pSCYQFoxeBhuxtH06TdYQXC5EB9oURHkHO0YQCuOABNe5WHUn0fYQnHjCBRyENHkUbLYQkIbFBBmYiHEMhzXQK+eLBx3QhHkts0YQLBROBRHHVHENFhYQAq8RBpvreHkz+FXQE+HPBtF2qHk3RsXQStnUBZ8lpHEZP3YQNEbXBJXYdHUdakYQuxQbBd1kmHE2qNXQJdPYB9qyyHEMXuXQ6YvgBpQ6xH0e5LYQ8iodBNDNyHk4x2YQc5NgBR63mH0GmnYQ S_2
Lz5bIBpgqbH0EclVQMzsJBB0MYHUhZOUQhqRPBR/+cHUxj6TQhALQB9EYmHkgDNUQfHgFBN9AcHka6NTQRiCAB5z3WHkQ8YTQTs53AdlMbH0KHaSQfJe5ApGrjHkFnzRQr3FvAt8ZVHUEkPSQPLSHB9+TjHUBapVQjEjJBBIaPHkU7MUQc5KFBRHqkHUkiVTQMGEHBlENaHkEbOSQag9+ABnPOHE5VdTQS6l+ABGfaHkkWXUQgCapAN92XH0G8mRQDnIuABllOHEeKwSQ S_2
LSihSBVCBWHkiZWTQaQAYBxueZHUgC/SQ7k4XBRZQcH0+WfRQXhLUB9mZZHUCEwQQ1+JcBNFzQHkRtRTQ/idcB9aqNHkDZuUQE6gZBhCGFHEbUNVQsWsfBVlRTHk01mVQmryZB1ANCH0eliWQx3+fBVeZQHUbE8WQapBdB1e2HH0D9ZXQgrnRBBIaOH0L1ITQiALZB1uegHkAYlTQcGNbBNOjJHUPIuSQJJEgBNykTHEat/SQdc9WB1ynAHEvghUQ73AhBl1BaHUrOPVQ4CdXBtGd7G0CC6WQnRRhBp23UH0vwnXQUnPdBhYlFHEPlOYQ S_2
LflDcB946hHUJIIRQ1HFdBxbnkH06VZPQ/SngBhsybHUgYwOQfSshBhCsXHk7oYQQNDVfBdo6vHEY95OQk+PiBFh1wHUm9DQQbdnbBpoV4HUZgCQQubyeBJrxkHUZ9wRQPtoZBBS2kH0kyBOQtQufB1ANxHUUkwMQvENjBt+r2H0J0UPQkbRdBllIAIE3gtPQoesXB10t3HkW5IPQOaObBZ4D3HkfLHRQ S_2
LpCHhBN5lZH07UTMQsEDjBN2jRHUoxbLQio1lBFkCTH0FvkMQZjHnBJ7RLHEIFeNQOSNjBZVdRH0YRYIQkFvgB5h9MHEz8/FQAtIhBJXOMHkiL9/P26LjBRwsDHkgeF9PX1NiBdhv4GE4Hq/PiSMgBhaRdH0/CyKQgnPiBlc9JHU+qMMQEYhjBx4sZHUIleHQWl8kBpVqMH0YZrHQYmVgBVmAFHE07mHQHAGeBxXMSHk1D3GQcdceBlHRKHEy+P8PDb0hBpR+THkPUC9PLbmjBlvQEHEziGxPGwAlBNOUFH0JMyAQlaojB9sVzGUREp9PkV1hBFoN4GEVgyDQTohgB1NP3GUdHg7P S_2
L8m0jBZbnRGE/6RFQSJ2hBhiBPGEObHBQRyWfBtlDIGUuxrDQjolaB1YQKG07mEDQRUdjBx5sIGkp7+5Pj/ImBBJKQGUp+DvPIZrlBVuePGUknPEQd78gBdHaWGEelD/P4AZkBZNxBGkmKv9PRYKiBV3DGGEaW9tP1D/mBJdPIGU716pv S_2
LcRmgBdwKAGUdPqGQDsydBZx1xFEqEzIQkDNaBdzh8FkMy2KQUjXVB5/p2F0CX/KQSplgBdVugFUJlOKQcxAiBBDSUF07PSIQeBodBFuCSF06Y4LQoEjiBZ7R9FEWJGHQmDNbB5zMrFUFrcGQ0lBiBR2ooF0gOiLQddkjBBhAcFUY/aHQL2CgBV/DGFEdG4MQAWfbBZ/bbFUHAYNQgXwaBpTHKFko0kKQ S_2
Lx2ZcBFGZFGkfpbMQ7oQZBRe+KGU7RhOQ///UBV35RGUGFONQwLdQBBUiSG0pdOOQpC4cBJlzRG0paJQQR7NgBp1bLGE80FRQfvqcBFDFEG09wUSQ4uYcB56RuFE80jRQRMIgB1TiHGUQJWMQI0CXBdnEFG078tPQ4wWfBFEnWG0u19OQDVRaBVmCXGkPmuQQMJZhBZY2FGEOvfQQRUjhB94ARGkpOmRQINLaBFcVjFE+DNSQgSYaB9LfvF0iBmQQa/NgBNQPoFEUgaRQ S_2
LTgVWBhYlWGE/q8KQWhrSBFGZdGkuLdJQVffNBxHaXGES5wIQ/7HJBtbnbG0VnPJQAbYVBJZfhGURX0FQyIqRBFbSnGU2PGCQpo2PBtzfxG0otTDQX28PBN+iiGksCx6P8WbMBZo12GUzqx/PF+hMBdk3nGEQHpvP3ExKBRvByG0pT20Php7ZBhsyVGENJGKQaO0RB9oFkG0RO0KQYEkYBNuFnG0/A1GQ9EDXBZn0aG0zAkDQl7KRBpiT1GUYQAHQB+VRBlPhaGkLHy4PAjCLBVy2+GkA54AQDIOLBRZDkG00Z6tvEGEIBBfO2GkCVRgP S_2
L53POBlAAOGk0mEHQ/RhJBZ8nHGkR7cFQz25GBpbnCG0SPKJQAqGCBB13/F0TQAJQzlCLBRIw9FkCBcBQrh3MBNrHDGkUcS4PGeeJB1qSIG0dWUiPLXuRBlH9CGE+/AuPUNLMBZgILGUwqs2vzxLRB9E/HGEJ5Z0vRdzRB5qxKGUiDNGQUdzGBRiWNG0nggDQJSUOBVXG0FEToADQmzmHBhMgzFEA2oAQkPmVBRnh/FUII3zPKgMKBNqWPGE8n39vecKUBxXEJG0VWj7v S_2
L357JB1HaBGUBDSLQOiBIB1td4FEzOvNQFxgEBRV4CGUgYgPQN6bABl3s8F0VVQQQ1uwMBlcwwFknFdPQTDmPBNkNgF00BEOQzqyKBJxJoFEN+DRQR2uNBd35DGUQMYLQHzMFBRVNsF0NLCNQ3sdPBd2J+FUDTzPQFnITBFP6eFE2lyOQ0kMOB5nyiFUh4pRQXOrIBdUw0FkYSmRQZAGIBdAwaFUQ64QQ S_2
LBSAGBF6+MGUpE3PQvl2CBF9YUGEEDvQQPnYCBdbQfGEgkDQQoLL9AhNOlGEmATQQXcUFBJilVGkwLHSQfqfFBpM2LGkPfzSQjOaJBpVmPGkRh/OQrxw9ABYXRGUB4+QQfPYJB5aoYG0J//RQQw8CB9OSbGkB1rSQOhJJBp5BKG06m/SQ S_2
LSFRGBdSyhGEVRaOQpBoGBZmYsGUnMNNQAYlJBFiJ0GEe5BPQw3OIBBkm9G0AxKPQTpCJBVQOcG0GI8NQUzwIB1WyrGUH8TLQ9lmCB5NavGEsI2MQ S_2
LlKoNBFmGwGUPpNQQ4AeQBFFa2G0jpNRQAQoMB1/86GECCQSQKq+MBVXVEHUdWnSQMKmTBdXe/GEg5iQQpftXBxLs7GEZZFPQTsrWBFLG8GkBCXMQdcncBhLv3GUM/6PQEPbaBhbp4GkoNhKQlfMgBZWR0G0AXGOQI7RfBBSv0GklfZLQ+2ghBBbTxG0pxkJQZywOBBpdoGUdADQQRuRTBdCVxGEpSwRQ7MsQBhRnEHk65CQQZFlVBpB9DHEInVRQlu1SBtbM/GklhrLQ48ddB1mY3GUm2BRQh/jZBRqA5GE1nYIQEGHiBVgLxG0HEzOQtFIjBVJwuG0viZKQ S_2
LVr9IBh3P0GEoRuSQxMzEB9Sy3GEhKpTQEbfEBB7hwGEPV3UQRorCB9iZnG0akxUQCuv+Ax+J4GEo67SQmMi1AV267GEHJ0TQuGw2AJu37GEo2AVQhl3tAlV+/G0rDSTQUIEJB9AgsG09/bSQHHvFB9ox/GkG1AUQzY1+AlOy8GkEyASQIAt9AtwsvGks9sSQ S_2
LfIRGB9Sp0GkqZAWQuU6FBxqxuGEm1QXQYhnABZp8wGEw39XQplM/Ali35G0FgNYQZriKBp3qxGkIyGYQ/CjPB1EYvGk+vkXQQ8IKBJHTrG0+HwYQ9E6HBx5B8G0COAWQXPCGBxvMmGEMUEXQpuWKBJMM6GERBOYQ/81PBN/gzGkMMxWQuccNBZKdtGEtKFZQe1WGB5OGtGUO5/YQ3KVKBVCyiGUb6oYQ S_2
LTCh6AFWvoGEJsBYQ4KxvAV29pGE0ITYQokpnAFfhjG0VAzXQsRkdA1ybhGUfeIYQRngsAxdx1GUrmTYQ5mqgAhop3GUpfbYQ8qxbAhncDH0I+dYQqV1kAJgXKHk7TZYQisZHA59zFH0CelYQko68AxodhG0R3uXQ65ivAZ81mGU8rzYQUaMxApfn5GEKssYQe4wuA9TF5G04PpXQue2UARzqzGk0EJYQQtygANra0GUB67YQB2xCANndNHEPdnYQ91U5/A38/GUIHpYQ S_2
LF0uqAdBZgG02klWQyhfjARnxaGU00rVQ/edhAZ1XPGEMIKWQA4+mAJJ6HG0s2vVQmWATAB3EOGEikBXQbsANA1GiDG0vehXQNN9nAdvxaGk5NRUQpJSyAFL8hGkVOSWQwOoXA1M6eGkxirVQIMdiAJfjWG0m6mTQ4h5oARu/iG03I7TQMcsvAd1xWGkVmQUQ S_2
LqXJTAhCDOGEXzBXQhn/MABxfDGUbDhXQAmZ//YKA7FUt5eWQb4Qa/QJKBG0LVFWQG+dhABBVPGk7wJWQxhQAAZ9PEGU5laYQyGzNA5EjJGE4e9YQZmzx/cfayFE/xoYQPjeBAhrGMGkW1lZQ1ANLAtQjUGU7SXXQZREbAtUA9Fkq1qXQ9Jvk/8hXJGUinVYQ0U3aA1HGEG0pBFZQAUTUAZW6QG0uCwYQVxvf/IFxzFEPkGZQp50a/EkcrFkOMQYQoAzGAx+KoFEFztYQqqIMABE2PGUQD9ZQXT0o/4nkRG01UeZQSw91/MfwEG0LVzZQ S_2
LeisHA50ioF0IZDWQuzN5/IUibFUntDVQvWQs/0bnFFEErkVQZ/qCAFOJ4EkHY9VQdffKAlMfYFUDMzTQ6Lj+/Ug7JFEhVzSQKWjPAll/tFkPXKTQUwiVAJQWiFkZuXWQq4mU/4MdjFkbQ4UQzauZABFYRFkmxFUQ7NUJAJk8HFky06RQX424/cGX6EkKnQTQVyGg/0nCRFk+qgSQiSYZA51irFkimRSQR2rAAxw61FEbS4SQB0NYABO93FkT93TQ S_2
L4VkiAJEDuEEGXfXQc+ptAR+p0EE5jSXQQvfuAdnaMFEzfqXQ8IGnAhKHYF02iUXQ11PxAB/2wEE4K2VQiX7xApXZZE0kocVQRoj1Ahx8WEEXbBUQ66C3A9Q6mEEGiXTQKat3A9WOFE0dwnTQu3laA9WP2E0MG8WQW89yAtfArEE9Q7XQz4grABDB5Ekw8MVQ0/F5AhHR4EUlLvVQjoF3AVd9PEENSGWQKqtpAdDyTEU3niVQ S_2
LwsI3Aty3RF0JwKYQ5Bs4A1W6mFkX5cYQy3PBBlKdzF0cSQYQjWkFBxDuqFkAqKYQRzk4AhX4kF0lsNZQWFQuA9i7bF0sgfZQQbTsA9GFGFEdgfZQGSfmARdXpFEGWwZQqx4iARh09EUPuvZQR4FaAxjShFUlqAaQa7iWAB2fLF0HTAaQ5HxDApiXDFUuiQaQ51O9ABx2HFEIEQYQP46xAJbSwFUveQYQ+EN/ApgbaF0ekWZQT475AJS00FEhvaZQguWyAB9X7E0QXSZQC57nAlJk6FklhwZQBtdhAtsnsE06fvZQizEOA5rHsFUNuNaQ/Tq0/k1POFEjPbaQ S_2
LnsdABhkYEG02jOYQHpwEBJa8LGktdGYQnlDHBFHFMGUOz0WQvrHFB9XQHGUJF2VQqqx5AFO0HG0GuSYQWsTDBN1BUGExeMYQRTFIBxTNKGU36bYQ S_2
L+fqLBpb9RG0ovvWQu7cOBVteTGkgVeVQ7GPQB1O1IGUMy2UQeyWQBBS3HGEkCnTQ3XSTB5I3aGk9KrVQuJ/WB9u9bG0BWdUQaI2TBxXHgG0MvQTQaWlbBh3djGkBBzUQE3ZNB5xhVG0syhXQtktLB19+WGUY6uUQn0MRB5lXiGkaw2VQ0RlVBlSrYGEv1jWQiErYBdJFUGEOkQUQrVgWBRw3gGEDyZSQ/roQBpBiaGkScBTQwbJSBVT6nGEy/fTQ/iNeBtPPkG0Jq7TQE+/ZBdpTrGkbGEVQ531dBR7OgG0PzoVQ S_2
LAOpRBBwgBG0aRuVQpVuTBV05tFkhATVQ6PVPBd9UdFU77HVQNIQQBlSjLFEMclUQL/1XBRcnlFEvXTWQUd0cBJ3BzFE4dYWQhPYdB9RQBGEEcXXQ8XegBVUNwFkyTeVQOk+gBRibHG0mLcXQD8wiB97g8FUE8iVQM+AjBVp7FGkp9hWQ5IbRBBteCG0jstWQXcdVB5TkvFUCsSUQcOIWBltVlFUXcTXQPnHZBlviVFEeyBWQiFKaBZtbCGE5wCYQ0qRgB5gFkF0VgsUQL7KhBZAfNGUX/GYQY5XkB9QI6F0p20UQqW0kB9MzKG0InlWQ S_2
LEqmKBlV6iFkU3kVQGaxFB5mFVFE0LdVQwkYHBF8T/EE4jCWQkI7GBlEvuEEenXVQg15DBdouSFUHWAUQ0L5BBZJXnFkCRYTQpre5AJvKvFUm4AUQQfiyAZ1aiFkFdYUQUyZ4AtrGCGkpEJUQQH6JBRR3wFkSLCWQ89TCBB68bF0T2+VQmbTHBpTqMF0vBcTQo4tAB9B1GFkMWAUQ3ZdEBBmN1FES1NTQjp7ABtHCgF0C0aSQrOxxANuJFGEjZjUQMLO+AVP/GGUF/0TQ S_2
LqMTJBxMf/EkouRXQWX6KBh7TrEUGt4XQIm5FBNfrhEUPeRYQZyBDBFgWsE0A/pYQJRZPBBXMuE05odYQ22bUBRZK3EkCYIYQPcmQBxzDZE0SwzYQdErYBdrV+EkXwnYQeYwJBJvgMFUWN2XQtnaMBJFFgE0OIIXQpEIOB1o75EUTV1YQ7lDWBpYoqEEgznXQ8LNTBxUtEFU9apXQT4xTB9PYbEEVKLZQyGBNBN0TTEEo5DZQ9+3RBRIUNE0BEcYQ6uHcBlOgEFUtTWYQzmDXBds5KFU+O8YQeO6ZBp20wE0Ha7YQ S_2
L6gLFBlGbNEE9RFYQRHlABN59/DEwJRYQ/AhABxXSwD0xK/YQTisEB5jFlDUAURZQV9v4AdtmuDkwgSZQL3UABZdsZD07ymXQJPY4AJXh9CUR28XQLtzHBlmwFEE7PlXQh4Q6Ah9pKEkveMYQBcW/ApqIlD0mvlWQs5HEBFyrID018pXQPSV4A1Q0lCkJwVXQ S_2
SCORE:      -6.986    -84.936     11.599     48.091           0.327        0.000      0.024         -2.987         -5.638         -3.280      -3.536          0.000          0.000          0.000          0.000                   0.000                    0.000      4.413     10.826     20.967     -2.907     -2.190                2.241      3.312           2.067      2.077        49.180         S_3
REMARK PARENT_TAG S_001_000057
REMARK SOURCE REGION_18_17/start_from_region_19_11_region_20_17_close_loop_sample.low4000.out
FOLD_TREE  EDGE 1 18 -1  JEDGE 1 28 1 N N  INTRA_RES_STUB  EDGE 28 19 -1  S_3
RT -0.950697 0.310114 0.00225649 -0.202662 -0.626763 0.752394 0.234742 0.714841 0.65871 9.57133 12.3762 8.23293   S_3
ANNOTATED_SEQUENCE: K[LYS_p:NtermProteinFull]QFTKCTMFHTSGYDTQA[ALA_p:protein_cutpoint_lower]I[ILE_p:protein_cutpoint_upper]VEYGLFQIS[SER_p:CtermProteinFull] S_3
LKO0DBxFDUHkCZXYQfvfHBNGuaH0Kg9XQKLyIBlcSVH0ZUoWQv57JBxjsLHkpekWQoIoMBVf3cHUF/XYQs61QBJlMjHETH/XQwtyVBN/GlH0m0aYQKQBaB5BYrHkWWCYQRPxeB1SztHUCXdYQXC5EB9oURHkHO0YQCuOABNe5WHUn0fYQnHjCBRyENHkUbLYQkIbFBBmYiHEMhzXQg8eLBNgQhHEjt0YQXIROBlGHVHkwDhYQ9h8RBZpseH0L+FXQDxHPBZo2qH0GXsXQeinUBJtkpHklT3YQhdbXBFmYdHU0UkYQ8KQbBV7omHkPoNXQohOYBdX1yHEHuuXQRCvgBlO9xHEw+LYQDOodBVANyHUp52YQn4NgBRK5mH0BinYQ S_3
Lz5bIBpgqbH0EclVQMzsJBB0MYHUhZOUQhqRPBR/+cHUxj6TQhALQB9EYmHkgDNUQeHgFBJ9AcHka6NTQads/A5iTYHkqkhTQNul3ANukcHUs5hSQtNT6A11ziHUlooRQ+XktApuQZHUnrrSQPLSHB9+TjHUBapVQjEjJBBIaPHkU7MUQUBqFBpuukHEWtNTQsouGBhNAZHUwdPSQhht9AVa+PHUfpuTQ2DC/AB87cHUpfcUQLc3nAJ5zbHkCmDSQYstrAdqNUHUkEbTQ S_3
LSihSBVCBWHkiZWTQaQAYBxueZHUgC/SQ7k4XBRZQcH0+WfRQXhLUB9mZZHUCEwQQ1+JcBNFzQHkRtRTQfofcB1puNH0QguUQF/lZBlAIFH0n7NVQiatfB9DcTHU2jmVQkr5ZB13SCHkVTjWQI7AgBp2nQHkC57WQLmHdB9iCIHkoRaXQgrnRBBIaOH0L1ITQiALZB1uegHkAYlTQY3LbBJyhJHEvjuSQm/DgBFHjTHkkM/SQuWDXBJ3kAHU7biUQqOAhBNJOaH0cjOVQ+YmXBBIh7GUJJ7WQKWShBxILVHEWRnXQwEXdBxg0FHUIyOYQ S_3
LflDcB946hHUJIIRQ1HFdBxbnkH06VZPQ/SngBhsybHUgYwOQfSshBhCsXHk7oYQQNDVfBdo6vHEY95OQk+PiBFh1wHUm9DQQbdnbBpoV4HUZgCQQubyeBJrxkHUZ9wRQPtoZBBS2kH0kyBOQtQufB1ANxHUUkwMQ0ENjBJ+r2Hk/zUPQkbRdBllIAIE3gtPQoesXB10t3HkW5IPQOaObBZ4D3HkfLHRQ S_3
LpCHhBN5lZH07UTMQsEDjBN2jRHUoxbLQio1lBFkCTH0FvkMQZjHnBJ7RLHEIFeNQOSNjBZVdRH0YRYIQK8vgBh21MH0iEAGQhGKhBxMDMHU+79/PiOOjBhtjDHk9aK9PmrQiB5ml4GUNmu/PiSMgBhaRdH0/CyKQgnPiBlc9JHU+qMMQ9zfjBtstZH0caeHQte9kBRivMHk/drHQbeXgBpN5EH0lZoHQ5FGeBZbBSHUFv1GQB7feBF1BKHUcNQ8PfN1hBdIzTHkd3A9PmjpjBpVHEH03rRxP6eClBVwNFH0qD2AQ+2rjBxPNzGkgYw9P7a3hBJDE4GEAd0DQxAlgBh6C3GkcAi7P S_3
L8m0jBZbnRGE/6RFQSJ2hBhiBPGEObHBQRyWfBtlDIGUuxrDQjolaB1YQKG07mEDQRUdjBx5sIGkp7+5PAAJmBNIKQGkzGEvPIZrlBVuePGUknPEQd78gBdHaWGEelD/PhAZkBdMxBG0OKv9PXYKiB14DGGk5S9tPKE/mBhcPIG02v6pv S_3
LcRmgBdwKAGUdPqGQDsydBZx1xFEqEzIQkDNaBdzh8FkMy2KQUjXVB5/p2F0CX/KQSplgBdVugFUJlOKQlyAiBpKSUFkAQSIQJBodBdmCSF0rX4LQoEjiBZ7R9FEWJGHQmDNbB5zMrFUFrcGQElBiBF2ooFUXPiLQrekjBhsAcF0lBbHQA2CgBx3DGFUPF4MQ8TfbB9xbbFE1+XNQsYwaBNMHKFUjykKQ S_3
Lx2ZcBFGZFGkfpbMQ7oQZBRe+KGU7RhOQ///UBV35RGUGFONQwLdQBBUiSG0pdOOQpC4cBJlzRG0paJQQcBOgBl0bLG06xFRQkKrcBRPEEGUBsUSQ8jZcBVoQuFEosjRQRMIgB1TiHGUQJWMQI0CXBdnEFG078tPQ5nWfB5WnWGUy19OQXURaBRUCXGUlouQQhSZhBBz2FGEtpfQQKXjhBx7ARGEINmRQJNMaBpQTjFkO6MSQYGZaBZ5dvFUY5lQQ+cOgBhDPoFUOXaRQ S_3
LTgVWBhYlWGE/q8KQWhrSBFGZdGkuLdJQVffNBxHaXGES5wIQ/7HJBtbnbG0VnPJQAbYVBJZfhGURX0FQf3pRBNNQnGkIqFCQYq2PB5gexG0vmRDQtB8PBxvdiGkeyx6PyIbMBNTy2GkeXs/Pd5gMBNTwnGUhxnvPiTwKB5a7xGkLlv0Php7ZBhsyVGENJGKQaO0RB9oFkG0RO0KQbcjYBlKHnG0Y+0GQt5DXBVz0aGkLfkDQJZLRB9mU1GEXY9GQI6URBJRbaGEHQ14PIkCLBhN0+Gk1C1AQmnMLB9w5jGESm1tvMIDIB5jG2G0VNffP S_3
L53POBlAAOGk0mEHQ/RhJBZ8nHGkR7cFQz25GBpbnCG0SPKJQAqGCBB13/F0TQAJQzlCLBRIw9FkCBcBQM42MBVpHDGkA/R4PsVdJBFMSIGECiViPEetRB5c9CGk9J7tP/jJMBVHILGkPmt2v+QKRBRL/HGk4xc0vRdzRB5qxKGUiDNGQUdzGBRiWNG0nggDQznUOBxoH0FkUaADQh8mHBB+ezF0wOpAQQjlVBRGj/F0FuyzP6aKKBR9VPGEgw39vRoIUBdpEJGUgbl7v S_3
L357JB1HaBGUBDSLQOiBIB1td4FEzOvNQFxgEBRV4CGUgYgPQWQeABlTo8FkxLRQQ1uwMBlcwwFknFdPQvNmPBJVOgF0D+DOQQpyKBxsIoF0V8DRQR2uNBd35DGUQMYLQHzMFBRVNsF0NLCNQAmdPBRDK+FErYzPQByITBhW7eFEGiyOQSjMOBhkxiFUr2pRQ3ErIB5qu0Fk9RmRQsFGIBRvuaFEl14QQ S_3
Lhz9FBRUBNGEtR1PQlY0CBtxaUG0NTuQQFSTCBFnQfGEljCQQ2L/8AxFMlGkQOSQQMoUFBFrrVG0wGGSQPZgFBRz+LG0F8ySQCoVJBtCrPGk9G8OQKWu9At/WRG0+r+QQMbYJB5FtYG06T+RQLR+CBtCbbGkRrqSQDUKJBRnMKGUxS/SQ S_3
L81JGB5qzhGEfRXOQkraGBRgVsGUrZHNQw3eJBJLO0GECG3OQuFQIB9Tw9G0yO6OQeQ+IBlwTcG0OX6NQ3cbIB91orGUyGMLQHlXCBFdUvGkR5zMQ S_3
L/xeNBZEMwG0zVJQQBJPQBJZf2GUGUKRQQ7TMBtBA7GUTkLSQvrCNBBK3DHkC5rSQo1ZTBhWl/GkyrgQQxclXBto17G025CPQNznWBdwK8G0mHUMQ/QfcB50/3G0Lv6PQqQbaBNPw4GE9DgKQbWKgBJSk0GUm4HOQEvRfBtR90Gk5jaLQStihBpqjxGUumnJQvDpOBJ4joGEnv9PQaiATBlqaxGkOvtRQI4hQBlBvEH0RGAQQWTVVB9iCEH0kDURQk+xSBZWL/G0u2mLQqhSdBFIt3GUy5BRQdQnZBNlD5GEaHXIQX3EiBhHkxG0zV2OQ+qJjB9eFvG011dKQ S_3
LeQJIBJb20GElseSQqjzDBxNq4GkwFVTQ6hgCBBYmwGk1MbUQxPCABdcVoGUexKUQWXn9AZu96GkMmfSQcR7zAduf+GE3eTTQeod0AxUH+G0VogUQj3ksAFItCHEjSuSQap+HBt8VtGEe8GSQTwAFBdwAAHUoT1TQY3/+ApEpAH06yrRQmKJ8AJkCzGkB6ESQ S_3
LuRMEB5ZDzGUqbpVQmw1CBZUesGEjYzWQy4n5AFTArGkpS7WQCI0zAZ9iyGUtePXQaRAFBF9WxGkDfDYQbJsKB1coyGkzYAYQWtsDBtbLqGEdXpYQw3dGB1Wp5GU+4xVQHHiEB9mfkG0TqrWQaWLDBNvL5GU6RIYQeLhLBxCQ3G0IfRXQ2iQFBNAxtGEbmGZQ8Dw+ANWRpGkFBsYQvwhFBJBXiG03mkYQ S_3
Lh351ApCQhG06QrWQWJjqApZueG0fHyWQl8DoAdWIZG0CNDYQFJWtAFRXRGEuBPYQigAnABtqXGEaNnVQCGIkABK1dG0mpWUQMSrsAta9cGkFHSTQdAtyA9gJVGElCPTQppRtAZTAlGkDzaSQi5E7Ad4bbGks4ZWQv65lABqGmGk7vxWQJHmtAp3MSG0Q4ZVQQ9FgAJ1HTGUeM9VQsmtYAxKJdG0yg3TQdiykAd4qlGEX10UQG3wyA5G4kGE+JsRQecPoAxVMrGUkrfSQ S_3
LcH+fAB3HdG0GxZYQS16WABjaXGkLN+YQ23lJANj4NGkSpvYQAfnt/gk7MG0q36YQb7aTApr1GGETlWYQuRbIAFH06FUwJGYQiDhJA518eGk+eZZQFZzZAp/SkGEmdRYQRM/hAh4TUGUJuRZQzM4CAtFkaGUKj0ZQEUiTAVNdlG00OlZQYHE5/8COiG0OSGZQ S_3
LaEw8/sddGG0VTbYQDVlIAla16FkVDGYQSZP6/oHM1FUoF5WQm1UM/MAJ8FkQAqWQwIuJAx95NGkOevYQmeLJABs9mFEdJjYQVA8k/UXWgFUo3vYQqjsWAZqSrFEorKZQOVni/4n9KF09VGZQSPEZ/USFHG0YraYQogzYA907+FkCl4XQSg/PAJAnZFEvWRYQVCwQ/ctxsF061EZQJO2D/8HwfFU5oSYQ2I8WAVvFdFkC6eZQs5ejAJLQvFE1BBZQx83PAhAp4Fk5gcZQ/UmN9YaXHFUzVOZQfvIv/wcg+EUuWxYQkyj1/UAiLF0mkjZQ S_3
LeisHA50ioF0IZDWQuzN5/IUibFUntDVQvWQs/0bnFFEErkVQZ/qCAFOJ4EkHY9VQdffKAlMfYFUDMzTQQb4+/4boJFUX+zSQdcPPApr9tFkfhJTQ+1nXAVKCnF0anCWQq4mU/4MdjFkbQ4UQ1D1ZARDoRF0P6FUQ2seJABwpHF0Gd7RQG6o5/sEG6EEf2RTQRvOg/AlfQFULLhSQZpEZAV+grF0exQSQcnQAANRp1FE5R3SQosyXA5fJ4F0Dr2TQ S_3
L4VkiAJEDuEEGXfXQc+ptAR+p0EE5jSXQQvfuAdnaMFEzfqXQ8IGnAhKHYF02iUXQ11PxAB/2wEE4K2VQWq7xAlWZZEUUpcVQiJj1Ahz8WEUHaBUQqHC3AdU6mE0QgXTQOrs3ARZOFEU0tnTQu3laA9WP2E0MG8WQW89yAtfArEE9Q7XQiwgrAVqA5EEs8MVQW5F5A9gR4EkELvVQIhG3ABC+PEkZQGWQjIupAdUxTEEqtiVQ S_3
LwsI3Aty3RF0JwKYQ5Bs4A1W6mFkX5cYQy3PBBlKdzF0cSQYQjWkFBxDuqFkAqKYQRzk4AhX4kF0lsNZQMoNBBRpMaFED+fZQj6BGBBwHlFUM1iZQ4wBBBBJOFFEnXuZQ0niKBdEcbF0lezZQ7ugFBBOY7EE+F/ZQg2QKB9ziGF0OmBaQoZvOBRf08E0bQSaQ51O9ABx2HFEIEQYQP46xAJbSwFUveQYQEj33At3A1FkVuaZQcQgxAp7nbF0GPWZQeAOGBRzn1FkhnXZQkoh6A5Ff8E0VSsZQhHTOBNpNkFELh1ZQYQSFB9f3qEUMNKaQftGOBdAVuEUmGbaQ S_3
LnsdABhkYEG02jOYQHpwEBJa8LGktdGYQnlDHBFHFMGUOz0WQvrHFB9XQHGUJF2VQqqx5AFO0HG0GuSYQWsTDBN1BUGExeMYQRTFIBxTNKGU36bYQ S_3
L+fqLBpb9RG0ovvWQu7cOBVteTGkgVeVQ7GPQB1O1IGUMy2UQeyWQBBS3HGEkCnTQ3XSTB5I3aGk9KrVQ7N5WBdvOcGkSgcUQV3qTBFRsgGEc7RTQ2EibBNOnjG0NiyUQE3ZNB5xhVG0syhXQtktLB19+WGUY6uUQxyMRBJFUiGUb04VQbtpVBtohYGkutiWQNCjYBFrYUG0rTNUQL4QWB1oohGEDXaSQMgbQBFUMbGUNTCTQwcASBtFcoGEmljTQKDGeBxskkGE/k6TQ8H/ZBdZZrGEh/FVQET2dBZTKgGkMzmVQ S_3
LAOpRBBwgBG0aRuVQpVuTBV05tFkhATVQ6PVPBd9UdFU77HVQNIQQBlSjLFEMclUQL/1XBRcnlFEvXTWQhf0cBhrBzFE8cYWQFRYdBheQBG04YXXQaaegBBZMwFUNUeVQAm+gBhpbHGUkHcXQh/wiB51f8FEo7iVQUBBjBxY7FG0+6hWQ5IbRBBteCG0jstWQXcdVB5TkvFUCsSUQrPIWBJ8VlF0gcTXQYkHZBlpiVFkAzBWQ9EKaBxMcCG0wuCYQjtRgBZIEkFUhisUQs8KhBNWfNG0d8GYQ69XkBRlG6F0S30UQma0kBJ4yKGUyjlWQ S_3
LEqmKBlV6iFkU3kVQGaxFB5mFVFE0LdVQwkYHBF8T/EE4jCWQkI7GBlEvuEEenXVQf15DBpouSFEIWAUQPD6BBl6XnFESMYTQafY5AlI+uFUYZ/TQwEnyAtOEiFkcrYUQWrA4A5JACGUecEUQQH6JBRR3wFkSLCWQ89TCBB68bF0T2+VQVOTHBxqnMFU5DcTQLatABtE3GF00XAUQ3gdEBN6T1FEc7OTQaICBBd3HgFUfQaSQIESxAJ6+EGEBtdUQ92s9Ap18GG0wDvTQ S_3
LqMTJBxMf/EkouRXQWX6KBh7TrEUGt4XQIm5FBNfrhEUPeRYQZyBDBFgWsE0A/pYQJRZPBBXMuE05odYQQRcUBFjF3EUKWIYQwjlQB15EZEUh3zYQgiqYBdCb+EEMtnYQeYwJBJvgMFUWN2XQtnaMBJFFgE0OIIXQccIOBdX+5EkJR1YQuvEWBVEeqEkYSoXQf5NTBdaiEF0wzoXQhAxTBBVZbE0dRLZQ18/MBNcYTE0+BEZQpu2RBhfSNEUaPcYQ4jHcBhbhEFEOPWYQaVCXBxhELFUc67YQXZ5ZBpRAxE0oo7YQ S_3
L6gLFBlGbNEE9RFYQRHlABN59/DEwJRYQ/AhABxXSwD0xK/YQTisEB5jFlDUAURZQV9v4AdtmuDkwgSZQL3UABZdsZD07ymXQOOY4AJah9CUK28XQLtzHBlmwFEE7PlXQh4Q6Ah9pKEkveMYQMdW/A5qIlDUlvlWQe5HEBZvrIDE98pXQVRV4AtT0lCkCwVXQ S_3
SCORE:      -6.499    -80.344     10.901     43.221           0.312        0.000     -0.201         -3.263         -5.624         -1.436      -4.413          0.000          0.000          0.000          0.000                   0.000                    0.000      4.384     14.729     17.689     -2.463     -2.190                2.200      2.673           1.886      1.924        36.235         S_4
REMARK PARENT_TAG S_001_000011
REMARK SOURCE REGION_18_17/start_from_region_19_11_region_20_17_close_loop_sample.low4000.out
FOLD_TREE  EDGE 1 18 -1  JEDGE 1 28 1 N N  INTRA_RES_STUB  EDGE 28 19 -1  S_4
RT -0.950697 0.310114 0.00225649 -0.202662 -0.626763 0.752394 0.234742 0.714841 0.65871 9.57133 12.3762 8.23293   S_4
ANNOTATED_SEQUENCE: K[LYS_p:NtermProteinFull]QFTKCTMFHTSGYDTQA[ALA_p:protein_cutpoint_lower]I[ILE_p:protein_cutpoint_upper]VEYGLFQIS[SER_p:CtermProteinFull] S_4
LKO0DBxFDUHkCZXYQfvfHBNGuaH0Kg9XQKLyIBlcSVH0ZUoWQv57JBxjsLHkpekWQoIoMBVf3cHUF/XYQhC2QB1CMjHUkF/XQh2yVBhZGlHUozaYQYlBaBdlWrHECUCYQumxeBZyxtHkaUdYQXC5EB9oURHkHO0YQCuOABNe5WHUn0fYQnHjCBRyENHkUbLYQkIbFBBmYiHEMhzXQV+eLBV6QhH0ns0YQaAROBZHHVHEXFhYQJm8RBhvreH0B+FXQjBIPBVH2qHktSsXQUwnUBNukpHUTR3YQpYbXB1/XdH0EWkYQAaQbBh5mmHkRmNXQZEPYBx7zyHUSluXQKSvgBVJ7xH0O7LYQProdBhCMyHEy12YQE+NgBJp3mHEWhnYQ S_4
Lz5bIBpgqbH0EclVQMzsJBB0MYHUhZOUQhqRPBR/+cHUxj6TQhALQB9EYmHkgDNUQfHgFBN9AcHka6NTQKBm/ARv+YHE39kTQMxh3A1AGdHEbVkSQcQX6AJRwiHURunRQ6qZtABCTaHUOCxSQPLSHB9+TjHUBapVQjEjJBBIaPHkU7MUQ8H3FB1XskHUCKKTQmDkGB5jgYHUPWQSQY/R9A1j3QHkWk2TQ86R/A1EGeHkrddUQR+tnApoxcHkRfISQgpcrAZYtVH0fFjTQ S_4
LSihSBVCBWHkiZWTQaQAYBxueZHUgC/SQ7k4XBRZQcH0+WfRQXhLUB9mZZHUCEwQQ1+JcBNFzQHkRtRTQ60dcBV/qNHEDauUQjqjZBF+CFHUwQNVQ8aqfBdUWTHkZ8mVQts1ZBpdKCHEuiiWQXM9fBlveQH07L8WQqcCdBdG4HHk4/ZXQgrnRBBIaOH0L1ITQiALZB1uegHkAYlTQy7MbBxBjJHE7LuSQ4HEgB5jkTHU/o/SQR9BXBtbhAH0pYhUQX7+gBNdJaH08YPVQUBiXBxqX7GEl75WQwjPhB9aAVH0q8nXQanQdBRanFHEAnOYQ S_4
LflDcB946hHUJIIRQ1HFdBxbnkH06VZPQ/SngBhsybHUgYwOQfSshBhCsXHk7oYQQNDVfBdo6vHEY95OQk+PiBFh1wHUm9DQQbdnbBpoV4HUZgCQQubyeBJrxkHUZ9wRQPtoZBBS2kH0kyBOQtQufB1ANxHUUkwMQwENjBl+r2HEI0UPQkbRdBllIAIE3gtPQoesXB10t3HkW5IPQOaObBZ4D3HkfLHRQ S_4
LpCHhBN5lZH07UTMQsEDjBN2jRHUoxbLQio1lBFkCTH0FvkMQZjHnBJ7RLHEIFeNQOSNjBZVdRH0YRYIQBqwgBdlvMHUALAGQszIhB9pRMHEdA8/PznQjB5lHEHEp618PvbYiB5694GkZrF/PiSMgBhaRdH0/CyKQgnPiBlc9JHU+qMMQvhejBtTuZH0sReHQBN+kBJ1zMH0rhrHQlxbgBZ/rEHkg7iHQ+YEeB9MuRHE4Q8GQiDeeB5CGKHkVIR8PxWvhBt/KUHEpUI9PSArjBx5+EHE4dqwPRaElBJb2FH05ZsAQf71jBxY0zGEGl78PgDAiB1GK4G0dkfDQzMtgBVzW3GEm936P S_4
L8m0jBZbnRGE/6RFQSJ2hBhiBPGEObHBQRyWfBtlDIGUuxrDQjolaB1YQKG07mEDQRUdjBx5sIGkp7+5PWAJmBhHKQGkHNEvPIZrlBVuePGUknPEQd78gBdHaWGEelD/PQAZkBtLxBGU8Jv9PbYKiB95DGGEMQ9tPbE/mBBcPIGUKr6pv S_4
LcRmgBdwKAGUdPqGQDsydBZx1xFEqEzIQkDNaBdzh8FkMy2KQUjXVB5/p2F0CX/KQSplgBdVugFUJlOKQGyAiBdHSUFk+PSIQSBodBppCSF0MY4LQoEjiBZ7R9FEWJGHQmDNbB5zMrFUFrcGQYlBiBJ2ooFkAPiLQHekjB9nAcFkiAbHQF2CgB96DGFEwF4MQzUfbBl3bbFkX/XNQMYwaBVPHKFUbzkKQ S_4
Lx2ZcBFGZFGkfpbMQ7oQZBRe+KGU7RhOQ///UBV35RGUGFONQwLdQBBUiSG0pdOOQpC4cBJlzRG0paJQQdCOgBZ0bLGkaxFRQePrcBVVEEGEpsUSQPVZcB9BRuFU5rjRQRMIgB1TiHGUQJWMQI0CXBdnEFG078tPQamWfBBanWGEz19OQQURaBRRCXGU+ouQQ+RZhBdv2FGU7ofQQmZjhB96ARGE0LmRQR+LaBtyTjFUB6MSQLwYaBtxevFkx5lQQeTOgBV+OoF0AUaRQ S_4
LTgVWBhYlWGE/q8KQWhrSBFGZdGkuLdJQVffNBxHaXGES5wIQ/7HJBtbnbG0VnPJQAbYVBJZfhGURX0FQasqRBt3WnGU/bHCQHU7PBlCnxG0bDVDQ1z5PBN1oiGkUX16PajgMBR9A3Gkei2/P7bfMBtgBoGEskBwPnqyKBxaOyGE03D1Php7ZBhsyVGENJGKQaO0RB9oFkG0RO0KQUUlYBpzCnGk3F1GQtaBXBtQ0aGU5DjDQidSRBtsZ1Gkq1AHQArPRBN8kaGkAO24PAALLBRRE/G0pb7AQRvILBxZOkGU3UatvmFGIBNZe2GklaVhP S_4
L53POBlAAOGk0mEHQ/RhJBZ8nHGkR7cFQz25GBpbnCG0SPKJQAqGCBB13/F0TQAJQzlCLBRIw9FkCBcBQBD3MB1pHDGkpGS4P7odJBtWSIGkXYViPrstRBFV9CGEDn8tPv/JMB1PILGk4Ut2vHqKRBpI/HGEuCc0vRdzRB5qxKGUiDNGQUdzGBRiWNG0nggDQJiUOBhTH0FU+dADQM6mHBhSfzFUTIpAQOulVBFki/FEEzzzPL+KKBtMWPG0fs39vVGJUBpiEJGk25k7v S_4
L357JB1HaBGUBDSLQOiBIB1td4FEzOvNQFxgEBRV4CGUgYgPQ3/aAB1tu8F05/PQQ1uwMBlcwwFknFdPQL7mPBxqRgFUstDOQpiyKBxCEoF0K0DRQR2uNBd35DGUQMYLQHzMFBRVNsF0NLCNQGIdPBZ6K+FkLxzPQabJTBJc/eFU/XyOQwcMOB1+siFUoupRQhbqIBZen0F0EQmRQ+cGIBJOpaFEKh4QQ S_4
LoPBGBp79MGE6x3PQKh0CB1WbUGEqJuQQUgcCBtYSfGURVCQQLGV9ARWVlGEUxQQQZzKFBFonVG0SHHSQJLTFBZw3LGEyVzSQSGeJBxMiPGkrjCPQ1yo9A1JdRG0Fo8QQ33OJBNEsYGU5UBSQzivCBh+SbGkrBrSQoP8IB59CKGUWTATQ S_4
Le2YGB1BuhGEHeZOQbawGBBRNsGkaqINQnM+JB1a9zG0Fa2OQgA1IB1Mi9GUc66OQ9/MJBRLKcGEgS/NQ+MtIBNjXrGkpkMLQxavCB9fZvGEJq2MQ S_4
LP+/NBJFxvGEYZHQQ++3QBBh61GkW/HRQxrDNBJKe6GUNqKSQX9xNBxbcDHkq/oSQFGEUBJK9+G0gEeQQAPJYBZzJ7Gkxw6OQISFXBJGm7GECoMMQQRDdB1YJ3GE9MvPQK0yaB9SI4G0o6VKQBaZgBNeqzGEUr5NQSopfBdvK0GEvDNLQstrhB5ztwGEycXJQ8QGPB57HoGUa53PQWYpTBxBuwGEURqRQsXMRBJrOEHkvW9PQraFWBZ7SDH0SLRRQ4OPTBxCv+G0RBiLQMd7dB1+w2GkZ37QQT55ZBRXh4GEKhNIQyDUiB57hwGU6elOQjFTjBxHIuGkjdLKQ S_4
Lvc/IBFEP0GENPhSQDYoEB1aL4GUjkWTQYufDBpSkwGEaggUQP13ABtiWoGk4QVUQb0I/A5Uz5G0ABhSQvhr1AlfV+Gk/lSTQFVs2ABO0/GUDleUQ+DAuAFmcBH080qSQc16IBlNksGUj7MSQX0vFB5W0/GUSIzTQ4ZOABNRk+GkfhnRQojc9AV2ixGk6CPSQ S_4
LLJfFB9LWzG0jJsVQQBhEBBy+sGECy4WQX0Y9AthvtGES4UXQcT05AVrE2GEpszXQSEJIBJKgwGE1pBYQg3oNBFBpvG0NHqXQi7KHBJeipGkZzoYQavuHBZsC6G0lrwVQRpRFBl5jkG01OrWQRSRHBFP04GkmgJYQHqROBZjJ0GU9Z5WQBIxJB5rJsGksyCZQ9SADBFAQqGk7qyYQp7CIBhrOhGko+gYQ S_4
LMyf3Al7/kGUAEKXQv9CsAN16kGkN1bXQTTPpAlIhcGk+YPYQa2juAxlRUGUPzSYQC8slAF4ziGUfuJWQL79kAtUYsGkfFOVQby+bAtvO1GElFyVQKWzJABtUzGES5MWQSbMiAJP/+G0kqyVQnrC7Ad6OeGkM/0WQnZqpA5snsGEtZ2XQp9opAZzLcGkBGpVQwZZbA9VXgGU0SdWQNa+rARKFwGUgBxUQpnbgAFxIoGE8DdUQ6h7bAdsJFH0KpJWQ/tlpAduLAH0FMcVQ S_4
LaV2gAJ/peG0dDoYQnMJYAtfiWGk4kDZQaZmIAdkgPGk0sqYQb/9q/MY0RGUsgoYQKn6QAhm6GG0m+XYQyCnDA16c+FUrHBYQyn7MA1+wbGkOapZQ5fZbAtKGmGkounYQVxZiApSXRGU5sPZQ5z4FA5GmVG0yo9ZQgafYAhXXgGU387ZQ6aYAA9CEhGkBzdZQ S_4
Ldf57/sFHKGkv/MYQb3vDAxoZ+FkzQBYQVQp9/0b+5F0AtkWQQmdm/w/CDGEJY7VQsowIAFZiPGEcfqYQ+4/v/U52tFE4MdYQlgmF6wBAuFUFUTYQQo03/QXVyFUUZMZQxRxQ/Ci0bFEm3nYQvNyi/kroNGkQq8XQUG9UA1YB8FU8HEYQy7r7/cg6dFUHUVYQ216y+mYN9FUUneYQrP129uGFtFUOShXQwP+m/sKgmF0HsfZQob/MAJNcxFk6ETZQERGs/Q5IBGEzTUZQddJ6/Oe/cFEHZfYQUSuu+aplMFEdicYQH3BK/WMucF0hgKZQ S_4
LeisHA50ioF0IZDWQuzN5/IUibFUntDVQvWQs/0bnFFEErkVQZ/qCAFOJ4EkHY9VQdffKAlMfYFUDMzTQ8k3+/wLpJFkv8zSQuOQPA9w9tF0mjJTQKCQWAJPLjFUFDTWQq4mU/4MdjFkbQ4UQUz0ZAxanRF065FUQCSeJANfqHFUgb7RQG7m5/EvG6EUWzRTQAaOg/U9gQFU4JhSQAbFZAhDhrFkkzQSQ+rRAAB+p1FEbU3SQXxzXAhBJ4F0Tu2TQ S_4
L4VkiAJEDuEEGXfXQc+ptAR+p0EE5jSXQQvfuAdnaMFEzfqXQ8IGnAhKHYF02iUXQ11PxAB/2wEE4K2VQYy7xAJWZZE0opcVQ9Ji1AN38WEkkXBUQ6w/2AtX6mEUnaXTQmNs3AlsOFEUbrnTQu3laA9WP2E0MG8WQW89yAtfArEE9Q7XQBtgrA1fA5EUq8MVQm2F5A1rR4Ek2KvVQwWH3ARh+PEk1MGWQhcupAdswTEU50iVQ S_4
LwsI3Aty3RF0JwKYQ5Bs4A1W6mFkX5cYQy3PBBlKdzF0cSQYQjWkFBxDuqFkAqKYQRzk4AhX4kF0lsNZQbQmvAtnEXFEIweZQiX4vAdk/AFU/WaZQmx3mAFdKgFUwQzZQw5snANpT0EEM3pZQnITdAZ5oTFET6CaQr5LeAVLt9EkhJ+ZQux2NAl8JxEEFtNaQ51O9ABx2HFEIEQYQP46xAJbSwFUveQYQO7HAB5jDeFklNXZQL513AZa/0FEasaZQAOt2ARpr5E0STKZQkRkmAF2fxFU752ZQe4BoAJ5+iE0/KmZQkGtPAF/FbFU05SaQvztCAVPT5EEcNbaQ S_4
LnsdABhkYEG02jOYQHpwEBJa8LGktdGYQnlDHBFHFMGUOz0WQvrHFB9XQHGUJF2VQqqx5AFO0HG0GuSYQWsTDBN1BUGExeMYQRTFIBxTNKGU36bYQ S_4
L+fqLBpb9RG0ovvWQu7cOBVteTGkgVeVQ7GPQB1O1IGUMy2UQeyWQBBS3HGEkCnTQ3XSTB5I3aGk9KrVQTB+WBR/AcG0ULdUQafzTBhRKgGEMzQTQdgjbBVKjjGUpvyUQE3ZNB5xhVG0syhXQtktLB19+WGUY6uUQezMRBx8WiGkzJ3VQkImVBxapYGUKojWQtzqYBlgJUGEfLQUQu5cWBt+8gGUTuZSQjlmQBdgjaGUkkBTQ69FSBND8nGUvRgTQo5KeBl2WkG0JR7TQXU9ZBR0XrGksCEVQaI1dBxfUgG0BXoVQ S_4
LAOpRBBwgBG0aRuVQpVuTBV05tFkhATVQ6PVPBd9UdFU77HVQNIQQBlSjLFEMclUQL/1XBRcnlFEvXTWQbf0cBFsBzF0+cYWQ7QYdBNeQBGEAZXXQVaegBJbMwFEOUeVQ4l+gBZpbHGEuHcXQZ/wiBh4f8FEr7iVQLBBjBhZ7FGUG7hWQ5IbRBBteCG0jstWQXcdVB5TkvFUCsSUQoPIWBd7VlFUgcTXQgkHZB1piVFE/yBWQ1EKaB1LcCGU1uCYQftRgBZLEkFUeisUQk8KhBtVfNGUk8GYQx9XkBJpG6FUU30UQba0kBF5yKG07jlWQ S_4
LEqmKBlV6iFkU3kVQGaxFB5mFVFE0LdVQwkYHBF8T/EE4jCWQkI7GBlEvuEEenXVQg15DBdouSFUHWAUQvqxBB9EQnF0o6YTQ/EI5AZ9buF0xbBUQQ8SyAZ7ShF0nkXUQYw03AJXsBGkQJLUQQH6JBRR3wFkSLCWQ89TCBB68bF0T2+VQJKVHBRaBNFUdvbTQzEyABNejGF0vHAUQFdQEBlVY1FUTOPTQVP4ABxv+fFUyGbSQzmGxANliEGUOflUQ52j9A1gvGG0DM4TQ S_4
LqMTJBxMf/EkouRXQWX6KBh7TrEUGt4XQIm5FBNfrhEUPeRYQZyBDBFgWsE0A/pYQJRZPBBXMuE05odYQB3bUBNXK3E0BYIYQ3bmQBN0DZE0VwzYQkErYBtqV+EUWwnYQeYwJBJvgMFUWN2XQtnaMBJFFgE0OIIXQzEIOBBq75EkRV1YQFmDWBBVoqE0lznXQVMNTBlRtEFE0apXQ63xTBZQYbEUYKLZQRGBNBN2TTEkr5DZQa+3RBhHUNE0GEcYQJvHcBRMgEFUrTWYQ7mDXBRt5KFU5O8YQXO6ZBB30wEUKa7YQ S_4
L6gLFBlGbNEE9RFYQRHlABN59/DEwJRYQ/AhABxXSwD0xK/YQTisEB5jFlDUAURZQV9v4AdtmuDkwgSZQL3UABZdsZD07ymXQdNY4Ahch9CUE28XQLtzHBlmwFEE7PlXQh4Q6Ah9pKEkveMYQJeW/AFrIlDUkvlWQT5HEBRtrID0C9pXQmQV4AFW0lC08vVXQ S_4
SCORE:      -6.133    -82.207     11.655     44.676           0.315        0.000     -0.179         -3.292         -5.932         -1.388      -2.790          0.000          0.000          0.000          0.000                   0.000                    0.000      5.426     12.507     17.798     -2.694     -2.190                2.162      3.081           1.858      1.897        29.585         S_5
REMARK PARENT_TAG S_00049
REMARK SOURCE REGION_18_17/start_from_region_19_11_region_20_17_close_loop_sample.low4000.out
FOLD_TREE  EDGE 1 18 -1  JEDGE 1 28 1 N N  INTRA_RES_STUB  EDGE 28 19 -1  S_5
RT -0.950697 0.310114 0.00225649 -0.202662 -0.626763 0.752394 0.234742 0.714841 0.65871 9.57133 12.3762 8.23293   S_5
ANNOTATED_SEQUENCE: K[LYS_p:NtermProteinFull]QFTKCTMFHTSGYDTQA[ALA_p:protein_cutpoint_lower]I[ILE_p:protein_cutpoint_upper]VEYGLFQIS[SER_p:CtermProteinFull] S_5
LKO0DBxFDUHkCZXYQfvfHBNGuaH0Kg9XQKLyIBlcSVH0ZUoWQv57JBxjsLHkpekWQoIoMBVf3cHUF/XYQ+K2QB5dLjHUtD/XQCFzVB9aFlHEDyaYQHJCaBhJUrHUKQCYQ5PyeBpIvtHU5PdYQXC5EB9oURHkHO0YQCuOABNe5WHUn0fYQnHjCBRyENHkUbLYQkIbFBBmYiHEMhzXQTAfLBVWRhHEor0YQ13QOBNIHVHUFHhYQ4j8RB55qeHEq8FXQRWIPBRr1qHE/PsXQgNoUB9pkpH0BO3YQJNbXBx5WdHkZXkYQGxQbBVgjmHksiNXQEAQYBdjxyHkCXuXQ1tvgB9g3xHEM1LYQIgpdBhRKyHUVv2YQjHOgB970mH01fnYQ S_5
Lz5bIBpgqbH0EclVQMzsJBB0MYHUhZOUQhqRPBR/+cHUxj6TQhALQB9EYmHkgDNUQeHgFBJ9AcHka6NTQvDm/AFZ+YHUO8kTQ0ei3Adm/cHEG2jSQE9d6ARt6hH0AhjRQQYUtABf8aHUxT0SQPLSHB9+TjHUBapVQjEjJBBIaPHkU7MUQdB3FBhZskHE1LKTQGJkGBZzgYHEvVQSQaET9A5F4QHkyE3TQ42P/AltJeHk9DdUQbzonA1wZdHkkqLSQ3rSrA1N8WHk/SpTQ S_5
LSihSBVCBWHkiZWTQaQAYBxueZHUgC/SQ7k4XBRZQcH0+WfRQXhLUB9mZZHUCEwQQ1+JcBNFzQHkRtRTQhIecBNnrNH0HbuUQOTiZBBpGFHkpfNVQ+rsfBFfUTHEswmVQUn0ZBVtOCHknyiWQhv/fBVedQH0LB8WQdUDdBJ45HHk9CaXQgrnRBBIaOH0L1ITQiALZB1uegHkAYlTQIwMbBJ0iJHU9PuSQgGEgBNUkTHEKk/SQ1C/WBZDnAHkrxhUQUuAhB5NFaHEUCPVQDnfXBhUe7GEaW6WQ3mRhBlM9UH0xnnXQhtRdBBppFH07oOYQ S_5
LflDcB946hHUJIIRQ1HFdBxbnkH06VZPQ/SngBhsybHUgYwOQfSshBhCsXHk7oYQQNDVfBdo6vHEY95OQk+PiBFh1wHUm9DQQbdnbBpoV4HUZgCQQubyeBJrxkHUZ9wRQPtoZBBS2kH0kyBOQtQufB1ANxHUUkwMQ4ENjBt9r2Hk4zUPQkbRdBllIAIE3gtPQoesXB10t3HkW5IPQOaObBZ4D3HkfLHRQ S_5
LpCHhBN5lZH07UTMQsEDjBN2jRHUoxbLQio1lBFkCTH0FvkMQZjHnBJ7RLHEIFeNQOSNjBZVdRH0YRYIQ+3wgBdttMH09MAGQzuJhB1iJMHkYs8/Py9QjBN36DHkLk88PYQXiBVYz4GEyhN/PiSMgBhaRdH0/CyKQgnPiBlc9JHU+qMMQDJejB1euZHEFPeHQxa+kBBI1MH0xirHQtnbgB9zrEHkc1kHQq1EeBt5tRHUlN6GQB9feBtE/JHUs7Q8PqMxhB5oAUH0B7F9PtasjB5PvEHkM44wPObElBFlnFHUoKxAQLa0jBRqmzGEpaH9Pl49hB1RC4GUSPjDQ5UsgBFOO3GkxJ96P S_5
L8m0jBZbnRGE/6RFQSJ2hBhiBPGEObHBQRyWfBtlDIGUuxrDQjolaB1YQKG07mEDQRUdjBx5sIGkp7+5PMBJmB5FKQG0pcEvPIZrlBVuePGUknPEQd78gBdHaWGEelD/Pk/YkB1JxBGEPJv9PlYKiB18DGG0gJ9tPDF/mBxaPIGkmf6pv S_5
LcRmgBdwKAGUdPqGQDsydBZx1xFEqEzIQkDNaBdzh8FkMy2KQUjXVB5/p2F0CX/KQSplgBdVugFUJlOKQyyAiBFMSUFkBQSIQFBodBBlCSFEdX4LQoEjiBZ7R9FEWJGHQmDNbB5zMrFUFrcGQ7kBiBB2ooFUhPiLQ8ekjBVuAcFEJCbHQ+1CgBZ2DGF0AF4MQjTfbBdvbbFkl+XNQ6YwaB1KHKFkKykKQ S_5
Lx2ZcBFGZFGkfpbMQ7oQZBRe+KGU7RhOQ///UBV35RGUGFONQwLdQBBUiSG0pdOOQpC4cBJlzRG0paJQQ7AOgBp0bLG0KyFRQiIrcBRbEEGUMtUSQRdZcB13QuF0BvjRQRMIgB1TiHGUQJWMQI0CXBdnEFG078tPQpoWfBVVnWGEy19OQbURaBxVCXGEZouQQpQZhBls2FG0OqfQQ9XjhB16ARGEsMmRQdFMaBNtTjF0R9MSQ7+YaBJCevFU27lQQHZOgBhHPoFEqZaRQ S_5
LTgVWBhYlWGE/q8KQWhrSBFGZdGkuLdJQVffNBxHaXGES5wIQ/7HJBtbnbG0VnPJQAbYVBJZfhGURX0FQYVqRBxAUnGE/qGCQ3F6PBFKkxGEqFTDQU+5PBdTjiG0ay06P8/eMBhc72GkpMx/PTRfMBpW5nGE2N7vP8oxKBVRGyG0uI70Php7ZBhsyVGENJGKQaO0RB9oFkG0RO0KQ+gkYBtrEnGkyC1GQEfCXBJf0aGkCrjDQk0QRBp5Y1GUPf+GQ/gQRBFafaGEuh34PExILBRx++GUg03AQa/ILBdKEkGksKftvQzEIBFLU2G0ImpgP S_5
L53POBlAAOGk0mEHQ/RhJBZ8nHGkR7cFQz25GBpbnCG0SPKJQAqGCBB13/F0TQAJQzlCLBRIw9FkCBcBQ9C2MBpmHDG0kZR4Pn6bJBByRIG006XiPHTsRBBs9CGkoTztPLeHMB1wHLGk1nu2v8TIRBhN/HGkYjg0vRdzRB5qxKGUiDNGQUdzGBRiWNG0nggDQhDVOBVRJ0FEVIADQDInHBdZdzF0hupAQAnkVBBOk/FkasszPgyHKBlWVPGUfx39vhRGUBB0EJGEgLo7v S_5
L357JB1HaBGUBDSLQOiBIB1td4FEzOvNQFxgEBRV4CGUgYgPQf+aABpwu8FUZ/PQQ1uwMBlcwwFknFdPQS2mPBtTRgF0cvDOQWjyKB5iEoFUD1DRQR2uNBd35DGUQMYLQHzMFBRVNsF0NLCNQVLdPBh0K+FkiuzPQNXJTBBC/eFU0YyOQcdMOBdetiFEgvpRQ9fqIBBQo0FESQmRQdaGIBJ0paFEXj4QQ S_5
LERBGBN69MGk+y3PQmE1CBBxaUG0LYuQQ7peCBVxTfGk7/CQQHgd9AhMalGkvGSQQm3KFBdPiVG0FdHSQGzOFBluxLGk9kzSQswdJB5jiPG0rRCPQ0/o9Ax3dRGEln8QQhOQJBhHgYGUC4BSQxixCBlHRbGE3UrSQAA3IBtY2JG0KkATQ S_5
LCDaGBRMthG06CaOQgJwGBV2JsGk2zHNQGv1JBxNE0GUwZ2OQ80iIBR6j9GEtx7OQVfOJBJcJcGUbSAOQ4cyIBt6SrGUbLNLQRhuCBJ3NvGU4oyMQ S_5
LQf7NBpTGwGE9QHQQzPzQB5se2GU9bGRQhP/MBZ5J7GklpISQiJgNBN3bEH0EshSQ5o7TBhSd/GkekaQQJfEYBtli7GEVj2OQtLDXBlVp7GkvBIMQ5W/cBt0w3GkIAuPQ3G0aBdvE4GkD3TKQBJZgBNTL0GkLC7NQdsrfBNDW0GUn+NLQlbuhBJdywGkA6aJQFEFPBNydoG0Dd5PQuAnTBNxbxGUiXpRQs+BRBxggEHkFKzPQGR5VBFGEEHkJwMRQIgMTBpom+GkFEbLQ7e1dB9Yp3GUmb7QQgP9ZBN1M4GU4HLIQPGUiB1hOxG0RMpOQT7VjBlYYuG0s3QKQ S_5
LNVKJBFCr0G02zkSQk19EBJWb4G07PeTQtEDEBJCkwGkYQnUQOr9BBV+ynGUi+ZUQPOg/A91O6GU1+sSQDyP2AxWO+GEusjTQpNX3AFFZ+GE2fwUQO+puAJ1OCHEkNATQvJKJBBc8sGUK8RSQ53KGBd19/GEfm7TQRlNABR6a/GkcY1RQLy29AlXFyGkW1XSQ S_5
LabnFBR9vzGE4Z0VQhzcEBJrgtGUfABXQ5n+8AxoKrGkUgIXQW7w2A9H9xGUvikXQeqVGBZETzGUDTJYQrk2LBJbP2GUf2EYQblsFBR2FsG0VLwYQ+yqHBx/q6GUZI6VQ79cGBxsxlGEpQ9WQ3M9DB5Gh6G0zqNYQdMQMBhi66GUQWZXQ3NDHB1kUwG0yrMZQXAgBBpm6pGkL2zYQ+JFIBlO4kGUy1rYQ S_5
LLN15AJ/ghGk0RvWQQbiuAtyweGkiknWQ9+MqANFOaGE0H7XQg4YuAt7WSGkoXOYQlk2sAFArWGkzPfVQ/n/sAdyibGEzLGUQPiuiA9IehGUMdxTQM21TAZxhdG0sMCUQ48yjAZ9+qGk4kMTQs/Z/AJV8bGE0EhWQrV6pAlV9lGEjGaWQ1QNzA9dvQG0K7kVQMfJlApm2SGkvyqVQCPqzAxeTgGEZUuTQJ02sANs2TGURNlTQmymaAlJRvG0UY9SQLrFrARB4tGEfAATQ S_5
LipyhAxxNfG0FMOYQOUWXA9IoaGk7axYQBkhIAZKyRG0yvhYQK2Lq/keTSG0T1nYQ70zRA1cqJG0+hNYQC4eFAlymAG0VC7XQWRpKApATjG0nSIZQx8JfA9BYmGkFHCYQPYOhAZVCXG0+KIZQGqmBAFQvfGUQgiZQzOlVANZTpGEF/UZQO7R//YRDnGUy1xYQ S_5
L0LC8/4+TLGEWpHYQfloFABhlAG0u56XQmLC//sI06F0nBgWQHMSn/g8GDG0lx0VQxW1IAp+wRG0UnhYQ2Fd5/gKcwF0u6cYQ5bzj+AFRuF0hlXYQNtUCAp7d2F0OuKZQeHJo++jebFk/ZvYQt0Ug/875NGUlR1XQ/bDXAFIUAGkgu7XQz2mDARv3gFE5YVYQSyoL+OXD9FE3IjYQstuo9YvisFUL7qXQaQz3/QyeqFkBjgZQpSpTAN9N3FE2OOZQ6o22/8KBDGk/RSZQGIgs/OD/aFkJFqYQ16nC+ImqMF0H1jYQavQ79GZLdFkbgRZQ S_5
LeisHA50ioF0IZDWQuzN5/IUibFUntDVQvWQs/0bnFFEErkVQZ/qCAFOJ4EkHY9VQdffKAlMfYFUDMzTQapt+/YByJFUspzSQteZPARs+tFEk8JTQPMsVAl8fiFUb0WWQq4mU/4MdjFkbQ4UQNvxZA9+fRFE+1FUQYYZJARNzHF0sI7RQanP5/AmO6EEcORTQ1mKg/0OxQFEy6gSQSjOZAt9hrFENMRSQkUeAA5Jy1FkUy3SQTZAYAFYD4F0jU3TQ S_5
L4VkiAJEDuEEGXfXQc+ptAR+p0EE5jSXQQvfuAdnaMFEzfqXQ8IGnAhKHYF02iUXQ11PxAB/2wEE4K2VQqL8xA1UZZEkoqcVQ0ai1Ad28WE0OYBUQky/2AxW6mEUuaXTQans3ABvOFEUSsnTQu3laA9WP2E0MG8WQW89yAtfArEE9Q7XQ6hgrAt+/4Ekk8MVQ5tF5A9NS4EkKKvVQpAI3AxA/PE0nNGWQa9upAZEwTEUL3iVQ S_5
LwsI3Aty3RF0JwKYQ5Bs4A1W6mFkX5cYQy3PBBlKdzF0cSQYQjWkFBxDuqFkAqKYQRzk4AhX4kF0lsNZQLjmvAh0DXFUAweZQgbvvA5WCBFUiQZZQOmBnAVQFgF01W0ZQuLknABvV0EETwoZQ9andAJ8iTFEqAEaQrmNeAB4q9EUPJ+ZQ6C5NAh4GxEktsNaQ51O9ABx2HFEIEQYQP46xAJbSwFUveQYQ1/HAB9PEeFUtNXZQWh13AVW/0FkYsaZQDwc2AB5x5EETVIZQ1Z1mAhyXxFEo34ZQG2xnAF2DjEkaMkZQxgQQAJl8aFEC4UaQyK+CAN/M5E0MBcaQ S_5
LnsdABhkYEG02jOYQHpwEBJa8LGktdGYQnlDHBFHFMGUOz0WQvrHFB9XQHGUJF2VQqqx5AFO0HG0GuSYQWsTDBN1BUGExeMYQRTFIBxTNKGU36bYQ S_5
L+fqLBpb9RG0ovvWQu7cOBVteTGkgVeVQ7GPQB1O1IGUMy2UQeyWQBBS3HGEkCnTQ3XSTB5I3aGk9KrVQkL5WBJ2OcGk+fcUQWvqTBlBsgGEx6RTQy6hbBVrnjGU3gyUQE3ZNB5xhVG0syhXQtktLB19+WGUY6uUQyyMRBtDUiGEP14VQKvpVB9khYGkRtiWQIIjYBN3YUGELUNUQjuQWBNeohG0JWaSQ9dbQB50LbGUTTCTQoMASBBxboGUIkjTQc3FeBpOlkGkaj6TQu1+ZBJyZrGkX9FVQTN2dBVALgGUIymVQ S_5
LAOpRBBwgBG0aRuVQpVuTBV05tFkhATVQ6PVPBd9UdFU77HVQNIQQBlSjLFEMclUQL/1XBRcnlFEvXTWQKm0cBVIBzFkGaYWQ7kYdBZTQBGUyUXXQQaegBtHLwFE+PeVQ/y+gBNObHG02AcXQbCxiBNEe8F0x0iVQzKBjBlm6FGk5yhWQ5IbRBBteCG0jstWQXcdVB5TkvFUCsSUQdTIWBJoWlFk9cTXQtbHZBdXiVFUp0BWQWeKaBtTcCGUQtCYQNoRgBhsCkFUQfsUQ4OLhBRAfNGEo4GYQC+XkBZPE6FUXv0UQfm0kBN5xKGkpZlWQ S_5
LEqmKBlV6iFkU3kVQGaxFB5mFVFE0LdVQwkYHBF8T/EE4jCWQkI7GBlEvuEEenXVQf15DBpouSFEIWAUQ7RxBBhsPnF0z8YTQBQ04AltwtFUGL+TQaqPyA9KLgF0cAVUQBA+2AhNUBGEFREUQQH6JBRR3wFkSLCWQ89TCBB68bF0T2+VQmPVHBRnCNFUiubTQzSyAB5kiGFk/GAUQ5VMEBd1o1FUzHSTQ8uFBBt3MgF0XBaSQZ2BwAVn8DGUQUcUQiwg8A9RjGGkG4wTQ S_5
LqMTJBxMf/EkouRXQWX6KBh7TrEUGt4XQIm5FBNfrhEUPeRYQZyBDBFgWsE0A/pYQJRZPBBXMuE05odYQx2bUBFaK3E0CYIYQZcmQBlzDZEkRwzYQrDrYBhyV+EUYwnYQeYwJBJvgMFUWN2XQtnaMBJFFgE0OIIXQlEIOBVo75EEUV1YQomDWBNYoqE0uznXQmLNTBlStEFkvapXQc4xTBxPYbE0TKLZQ+GBNBZzTTEkm5DZQL/3RBhIUNE0/DcYQHuHcB5VgEFUuTWYQPlDXB105KFE4O8YQ+N6ZBxA1wE0Pa7YQ S_5
L6gLFBlGbNEE9RFYQRHlABN59/DEwJRYQ/AhABxXSwD0xK/YQTisEB5jFlDUAURZQV9v4AdtmuDkwgSZQL3UABZdsZD07ymXQgLY4A1ih9CU118XQLtzHBlmwFEE7PlXQh4Q6Ah9pKEkveMYQngW/AprIlDkhvlWQ34HEBpnrIDkR9pXQtOV4AJc0lCUuvVXQ S_5
