core.init: Mini-Rosetta version 40577 from https://svn.rosettacommons.org/source/branches/releases/rosetta-3.2/rosetta_source
core.init: command: /netapp/home/colin/rosetta/rosetta-3.2/rosetta_source/bin/sequence_tolerance.linuxgccrelease -database /netapp/home/colin/rosetta/rosetta-3.2/rosetta_database -s 1N7T_0012_low.pdb -ex1 -ex2 -extrachi_cutoff 0 -seq_tol:fitness_master_weights 1 1 1 2 -ms:generations 5 -ms:pop_size 2000 -ms:pop_from_ss 1 -ms:checkpoint:prefix 1N7T_0012 -ms:checkpoint:interval 200 -ms:checkpoint:gz -ms:numresults 0 -out:prefix 1N7T_0012 -score:weights standard -score:patch score12 -score:ref_offsets HIS 1.2 -resfile /netapp/home/colin/backrub_seqtol/input_files/1N7T/1N7T_seqtol.resfile
core.init: 'RNG device' seed mode, using '/dev/urandom', seed=760937417 seed_offset=0 real_seed=760937417
core.init.random: RandomGenerator:init: Normal mode, seed=760937417 RG_type=mt19937
core.pack.task: Packer task: initialize from command line() 
core.pack.task: Packer task: initialize from command line() 
core.scoring.ScoreFunctionFactory: SCOREFUNCTION: standard
core.scoring.ScoreFunctionFactory: SCOREFUNCTION PATCH: score12
core.scoring.etable: Starting energy table calculation
core.scoring.etable: smooth_etable: changing atr/rep split to bottom of energy well
core.scoring.etable: smooth_etable: spline smoothing lj etables (maxdis = 6)
core.scoring.etable: smooth_etable: spline smoothing solvation etables (max_dis = 6)
core.scoring.etable: Finished calculating energy tables.
core.io.database: Database file opened: /netapp/home/colin/rosetta/rosetta-3.2/rosetta_database/pdb_pair_stats_fine
core.io.database: Database file opened: /netapp/home/colin/rosetta/rosetta-3.2/rosetta_database/scoring/score_functions/hbonds/standard_params/HBPoly1D.csv
core.io.database: Database file opened: /netapp/home/colin/rosetta/rosetta-3.2/rosetta_database/scoring/score_functions/hbonds/standard_params/HBFadeIntervals.csv
core.io.database: Database file opened: /netapp/home/colin/rosetta/rosetta-3.2/rosetta_database/scoring/score_functions/hbonds/standard_params/HBEval.csv
core.io.database: Database file opened: /netapp/home/colin/rosetta/rosetta-3.2/rosetta_database/P_AA
core.io.database: Database file opened: /netapp/home/colin/rosetta/rosetta-3.2/rosetta_database/P_AA_n
core.io.database: Database file opened: /netapp/home/colin/rosetta/rosetta-3.2/rosetta_database/P_AA_pp
core.io.database: Database file opened: /netapp/home/colin/rosetta/rosetta-3.2/rosetta_database/Rama_smooth_dyn.dat_ss_6.4
core.scoring.dunbrack: Dunbrack library took 0.02 seconds to load from binary
app.sequence_tolerance: Residue Decomposition: [Set 1 (A): [1, 2, 3, 4, 5, 6, 7, 8, 9, 10, 11, 12, 13, 14, 15, 16, 17, 18, 19, 20, 21, 22, 23, 24, 25, 26, 27, 28, 29, 30, 31, 32, 33, 34, 35, 36, 37, 38, 39, 40, 41, 42, 43, 44, 45, 46, 47, 48, 49, 50, 51, 52, 53, 54, 55, 56, 57, 58, 59, 60, 61, 62, 63, 64, 65, 66, 67, 68, 69, 70, 71, 72, 73, 74, 75, 76, 77, 78, 79, 80, 81, 82, 83, 84, 85, 86, 87, 88, 89, 90, 91, 92, 93, 94, 95, 96, 97, 98, 99, 100, 101, 102, 103], Set 2 (B): [104, 105, 106, 107, 108, 109, 110]]
app.sequence_tolerance: Fitness Function Master Weights: [1, 1, 1, 2]
app.sequence_tolerance: Fitness of Starting Structure: 
---------------------------------------------------------------------
Score Type                  Other        A        B      A-B    Total
---------------------------------------------------------------------
fa_atr                      0.000 -263.360   -8.073  -50.888 -322.320
fa_rep                      0.000   41.489    0.813   10.594   52.897
fa_sol                      0.000  126.697    4.909   26.054  157.660
fa_intra_rep                0.000    0.975    0.095    0.000    1.070
pro_close                   0.000    2.284    0.000    0.000    2.284
fa_pair                     0.000   -5.839   -0.054   -0.759   -6.651
hbond_sr_bb                -7.815    0.000    0.000    0.000   -7.815
hbond_lr_bb               -15.153    0.000    0.000    0.000  -15.153
hbond_bb_sc                 0.000   -2.704    0.000   -0.092   -2.795
hbond_sc                    0.000   -0.929   -0.427   -2.233   -3.589
dslf_ss_dst                 0.000    0.000    0.000    0.000    0.000
dslf_cs_ang                 0.000    0.000    0.000    0.000    0.000
dslf_ss_dih                 0.000    0.000    0.000    0.000    0.000
dslf_ca_dih                 0.000    0.000    0.000    0.000    0.000
rama                        0.000   14.776    2.598    0.000   17.373
omega                       0.000    0.251    0.003    0.000    0.254
fa_dun                      0.000  101.189    2.958    0.000  104.147
p_aa_pp                     0.000  -11.150    0.176    0.000  -10.974
ref                         0.000  -20.890    0.590    0.000  -20.300
---------------------------------------------------------------------
Total                     -22.968  -17.209    3.588  -17.324  -53.913

core.pack.interaction_graph.interaction_graph_factory: Instantiating PDInteractionGraph
core.pack.pack_rotamers: built 7658 rotamers at 33 positions.
core.pack.pack_rotamers: IG: 78720380 bytes
app.sequence_tolerance: There are 1 positive states and 0 negative states
protocols.multistate_design.MultiStatePacker: Best single-state design score:   -64.57
app.sequence_tolerance: Adding single-state design entities:
app.sequence_tolerance: AA:106:F AA:107:S AA:108:T AA:109:F AA:110:V 
app.sequence_tolerance: Generation 1:
app.sequence_tolerance: Distinct new entities: 1997
app.sequence_tolerance: Duplicate new entities: 3
app.sequence_tolerance: Entities from previous generation: 0
app.sequence_tolerance: Entities resurrected from earlier generations: 0
app.sequence_tolerance: Fitness Percentiles: 0%=-64.5706 25%=-50.4102 50%=-39.4491 75%=103.512 100%=3613.94
app.sequence_tolerance: Best new entity:
MultiStateEntity with traits: AA:106:F AA:107:S AA:108:T AA:109:F AA:110:V and fitness -64.571
 SingleState 1 with fitness: -64.5706
app.sequence_tolerance: Generation 2:
app.sequence_tolerance: Distinct new entities: 1921
app.sequence_tolerance: Duplicate new entities: 3
app.sequence_tolerance: Entities from previous generation: 76
app.sequence_tolerance: Entities resurrected from earlier generations: 0
app.sequence_tolerance: Fitness Percentiles: 0%=-64.5706 25%=-52.5822 50%=-48.2357 75%=-30.1233 100%=3247.44
app.sequence_tolerance: Best new entity:
MultiStateEntity with traits: AA:106:W AA:107:S AA:108:Q AA:109:Y AA:110:V and fitness -63.364
 SingleState 1 with fitness: -63.3639
app.sequence_tolerance: Generation 3:
app.sequence_tolerance: Distinct new entities: 1925
app.sequence_tolerance: Duplicate new entities: 2
app.sequence_tolerance: Entities from previous generation: 66
app.sequence_tolerance: Entities resurrected from earlier generations: 7
app.sequence_tolerance: Fitness Percentiles: 0%=-64.5706 25%=-53.684 50%=-50.8006 75%=-42.4602 100%=3348.57
app.sequence_tolerance: Best new entity:
MultiStateEntity with traits: AA:106:Y AA:107:G AA:108:T AA:109:F AA:110:V and fitness -64.145
 SingleState 1 with fitness: -64.1452
app.sequence_tolerance: Generation 4:
app.sequence_tolerance: Distinct new entities: 1909
app.sequence_tolerance: Duplicate new entities: 4
app.sequence_tolerance: Entities from previous generation: 81
app.sequence_tolerance: Entities resurrected from earlier generations: 6
app.sequence_tolerance: Fitness Percentiles: 0%=-64.5706 25%=-54.3939 50%=-51.5957 75%=-46.2341 100%=3370.83
app.sequence_tolerance: Best new entity:
MultiStateEntity with traits: AA:106:T AA:107:E AA:108:T AA:109:F AA:110:V and fitness -64.074
 SingleState 1 with fitness: -64.0737
app.sequence_tolerance: Generation 5:
app.sequence_tolerance: Distinct new entities: 1903
app.sequence_tolerance: Duplicate new entities: 3
app.sequence_tolerance: Entities from previous generation: 77
app.sequence_tolerance: Entities resurrected from earlier generations: 17
app.sequence_tolerance: Fitness Percentiles: 0%=-64.5706 25%=-55.3397 50%=-52.5434 75%=-48.3697 100%=3101.14
app.sequence_tolerance: Best new entity:
MultiStateEntity with traits: AA:106:M AA:107:S AA:108:T AA:109:F AA:110:V and fitness -63.865
 SingleState 1 with fitness: -63.8652
app.sequence_tolerance: Evaluated 9655 sequences out of 2476099 possible.
Best sequences:
