core.init: Mini-Rosetta version 40577 from https://svn.rosettacommons.org/source/branches/releases/rosetta-3.2/rosetta_source
core.init: command: /netapp/home/colin/rosetta/rosetta-3.2/rosetta_source/bin/sequence_tolerance.linuxgccrelease -database /netapp/home/colin/rosetta/rosetta-3.2/rosetta_database -s 1N7T_0003_low.pdb -ex1 -ex2 -extrachi_cutoff 0 -seq_tol:fitness_master_weights 1 1 1 2 -ms:generations 5 -ms:pop_size 2000 -ms:pop_from_ss 1 -ms:checkpoint:prefix 1N7T_0003 -ms:checkpoint:interval 200 -ms:checkpoint:gz -ms:numresults 0 -out:prefix 1N7T_0003 -score:weights standard -score:patch score12 -score:ref_offsets HIS 1.2 -resfile /netapp/home/colin/backrub_seqtol/input_files/1N7T/1N7T_seqtol.resfile
core.init: 'RNG device' seed mode, using '/dev/urandom', seed=1321761487 seed_offset=0 real_seed=1321761487
core.init.random: RandomGenerator:init: Normal mode, seed=1321761487 RG_type=mt19937
core.pack.task: Packer task: initialize from command line() 
core.pack.task: Packer task: initialize from command line() 
core.scoring.ScoreFunctionFactory: SCOREFUNCTION: standard
core.scoring.ScoreFunctionFactory: SCOREFUNCTION PATCH: score12
core.scoring.etable: Starting energy table calculation
core.scoring.etable: smooth_etable: changing atr/rep split to bottom of energy well
core.scoring.etable: smooth_etable: spline smoothing lj etables (maxdis = 6)
core.scoring.etable: smooth_etable: spline smoothing solvation etables (max_dis = 6)
core.scoring.etable: Finished calculating energy tables.
core.io.database: Database file opened: /netapp/home/colin/rosetta/rosetta-3.2/rosetta_database/pdb_pair_stats_fine
core.io.database: Database file opened: /netapp/home/colin/rosetta/rosetta-3.2/rosetta_database/scoring/score_functions/hbonds/standard_params/HBPoly1D.csv
core.io.database: Database file opened: /netapp/home/colin/rosetta/rosetta-3.2/rosetta_database/scoring/score_functions/hbonds/standard_params/HBFadeIntervals.csv
core.io.database: Database file opened: /netapp/home/colin/rosetta/rosetta-3.2/rosetta_database/scoring/score_functions/hbonds/standard_params/HBEval.csv
core.io.database: Database file opened: /netapp/home/colin/rosetta/rosetta-3.2/rosetta_database/P_AA
core.io.database: Database file opened: /netapp/home/colin/rosetta/rosetta-3.2/rosetta_database/P_AA_n
core.io.database: Database file opened: /netapp/home/colin/rosetta/rosetta-3.2/rosetta_database/P_AA_pp
core.io.database: Database file opened: /netapp/home/colin/rosetta/rosetta-3.2/rosetta_database/Rama_smooth_dyn.dat_ss_6.4
core.scoring.dunbrack: Dunbrack library took 0.02 seconds to load from binary
app.sequence_tolerance: Residue Decomposition: [Set 1 (A): [1, 2, 3, 4, 5, 6, 7, 8, 9, 10, 11, 12, 13, 14, 15, 16, 17, 18, 19, 20, 21, 22, 23, 24, 25, 26, 27, 28, 29, 30, 31, 32, 33, 34, 35, 36, 37, 38, 39, 40, 41, 42, 43, 44, 45, 46, 47, 48, 49, 50, 51, 52, 53, 54, 55, 56, 57, 58, 59, 60, 61, 62, 63, 64, 65, 66, 67, 68, 69, 70, 71, 72, 73, 74, 75, 76, 77, 78, 79, 80, 81, 82, 83, 84, 85, 86, 87, 88, 89, 90, 91, 92, 93, 94, 95, 96, 97, 98, 99, 100, 101, 102, 103], Set 2 (B): [104, 105, 106, 107, 108, 109, 110]]
app.sequence_tolerance: Fitness Function Master Weights: [1, 1, 1, 2]
app.sequence_tolerance: Fitness of Starting Structure: 
---------------------------------------------------------------------
Score Type                  Other        A        B      A-B    Total
---------------------------------------------------------------------
fa_atr                      0.000 -254.680   -8.730  -39.282 -302.692
fa_rep                      0.000   40.932    0.232    2.822   43.986
fa_sol                      0.000  122.135    5.378   19.320  146.833
fa_intra_rep                0.000    0.930    0.093    0.000    1.024
pro_close                   0.000    1.841    0.000    0.000    1.841
fa_pair                     0.000   -5.779    0.019   -0.021   -5.781
hbond_sr_bb                -7.096    0.000    0.000    0.000   -7.096
hbond_lr_bb               -21.039    0.000    0.000    0.000  -21.039
hbond_bb_sc                 0.000   -3.425   -0.184   -0.159   -3.768
hbond_sc                    0.000   -1.592    0.000   -0.270   -1.862
dslf_ss_dst                 0.000    0.000    0.000    0.000    0.000
dslf_cs_ang                 0.000    0.000    0.000    0.000    0.000
dslf_ss_dih                 0.000    0.000    0.000    0.000    0.000
dslf_ca_dih                 0.000    0.000    0.000    0.000    0.000
rama                        0.000   11.521    0.772    0.000   12.293
omega                       0.000    0.270    0.002    0.000    0.271
fa_dun                      0.000   88.826    6.249    0.000   95.074
p_aa_pp                     0.000   -9.452    0.688    0.000   -8.764
ref                         0.000  -20.890    0.590    0.000  -20.300
---------------------------------------------------------------------
Total                     -28.134  -29.365    5.109  -17.590  -69.979

core.pack.interaction_graph.interaction_graph_factory: Instantiating PDInteractionGraph
core.pack.pack_rotamers: built 8613 rotamers at 33 positions.
core.pack.pack_rotamers: IG: 98330656 bytes
app.sequence_tolerance: There are 1 positive states and 0 negative states
protocols.multistate_design.MultiStatePacker: Best single-state design score:   -81.37
app.sequence_tolerance: Adding single-state design entities:
app.sequence_tolerance: AA:106:W AA:107:T AA:108:D AA:109:W AA:110:V 
app.sequence_tolerance: Generation 1:
app.sequence_tolerance: Distinct new entities: 2000
app.sequence_tolerance: Duplicate new entities: 0
app.sequence_tolerance: Entities from previous generation: 0
app.sequence_tolerance: Entities resurrected from earlier generations: 0
app.sequence_tolerance: Fitness Percentiles: 0%=-81.2528 25%=-68.1247 50%=-64.3522 75%=-37.2247 100%=327.673
app.sequence_tolerance: Best new entity:
MultiStateEntity with traits: AA:106:W AA:107:T AA:108:D AA:109:W AA:110:V and fitness -81.253
 SingleState 1 with fitness: -81.2528
app.sequence_tolerance: Generation 2:
app.sequence_tolerance: Distinct new entities: 1926
app.sequence_tolerance: Duplicate new entities: 6
app.sequence_tolerance: Entities from previous generation: 68
app.sequence_tolerance: Entities resurrected from earlier generations: 0
app.sequence_tolerance: Fitness Percentiles: 0%=-81.2528 25%=-69.6128 50%=-67.1374 75%=-62.0265 100%=240.411
app.sequence_tolerance: Best new entity:
MultiStateEntity with traits: AA:106:W AA:107:E AA:108:E AA:109:L AA:110:I and fitness -79.050
 SingleState 1 with fitness: -79.0496
app.sequence_tolerance: Generation 3:
app.sequence_tolerance: Distinct new entities: 1900
app.sequence_tolerance: Duplicate new entities: 4
app.sequence_tolerance: Entities from previous generation: 90
app.sequence_tolerance: Entities resurrected from earlier generations: 6
app.sequence_tolerance: Fitness Percentiles: 0%=-81.2528 25%=-70.7036 50%=-68.2673 75%=-65.1964 100%=292.886
app.sequence_tolerance: Best new entity:
MultiStateEntity with traits: AA:106:W AA:107:T AA:108:E AA:109:W AA:110:I and fitness -80.907
 SingleState 1 with fitness: -80.907
app.sequence_tolerance: Generation 4:
app.sequence_tolerance: Distinct new entities: 1908
app.sequence_tolerance: Duplicate new entities: 6
app.sequence_tolerance: Entities from previous generation: 77
app.sequence_tolerance: Entities resurrected from earlier generations: 9
app.sequence_tolerance: Fitness Percentiles: 0%=-81.2528 25%=-71.5335 50%=-69.1378 75%=-66.0773 100%=325.753
app.sequence_tolerance: Best new entity:
MultiStateEntity with traits: AA:106:W AA:107:Y AA:108:I AA:109:W AA:110:V and fitness -79.814
 SingleState 1 with fitness: -79.8143
app.sequence_tolerance: Generation 5:
app.sequence_tolerance: Distinct new entities: 1907
app.sequence_tolerance: Duplicate new entities: 3
app.sequence_tolerance: Entities from previous generation: 81
app.sequence_tolerance: Entities resurrected from earlier generations: 9
app.sequence_tolerance: Fitness Percentiles: 0%=-81.95 25%=-72.3946 50%=-69.899 75%=-67.2861 100%=325.156
app.sequence_tolerance: Best new entity:
MultiStateEntity with traits: AA:106:W AA:107:T AA:108:E AA:109:W AA:110:V and fitness -81.950
 SingleState 1 with fitness: -81.95
app.sequence_tolerance: Evaluated 9641 sequences out of 2476099 possible.
Best sequences:
