core.init: Mini-Rosetta version 40577 from https://svn.rosettacommons.org/source/branches/releases/rosetta-3.2/rosetta_source
core.init: command: /netapp/home/colin/rosetta/rosetta-3.2/rosetta_source/bin/sequence_tolerance.linuxgccrelease -database /netapp/home/colin/rosetta/rosetta-3.2/rosetta_database -s 1N7T_0019_low.pdb -ex1 -ex2 -extrachi_cutoff 0 -seq_tol:fitness_master_weights 1 1 1 2 -ms:generations 5 -ms:pop_size 2000 -ms:pop_from_ss 1 -ms:checkpoint:prefix 1N7T_0019 -ms:checkpoint:interval 200 -ms:checkpoint:gz -ms:numresults 0 -out:prefix 1N7T_0019 -score:weights standard -score:patch score12 -score:ref_offsets HIS 1.2 -resfile /netapp/home/colin/backrub_seqtol/input_files/1N7T/1N7T_seqtol.resfile
core.init: 'RNG device' seed mode, using '/dev/urandom', seed=1627628259 seed_offset=0 real_seed=1627628259
core.init.random: RandomGenerator:init: Normal mode, seed=1627628259 RG_type=mt19937
core.pack.task: Packer task: initialize from command line() 
core.pack.task: Packer task: initialize from command line() 
core.scoring.ScoreFunctionFactory: SCOREFUNCTION: standard
core.scoring.ScoreFunctionFactory: SCOREFUNCTION PATCH: score12
core.scoring.etable: Starting energy table calculation
core.scoring.etable: smooth_etable: changing atr/rep split to bottom of energy well
core.scoring.etable: smooth_etable: spline smoothing lj etables (maxdis = 6)
core.scoring.etable: smooth_etable: spline smoothing solvation etables (max_dis = 6)
core.scoring.etable: Finished calculating energy tables.
core.io.database: Database file opened: /netapp/home/colin/rosetta/rosetta-3.2/rosetta_database/pdb_pair_stats_fine
core.io.database: Database file opened: /netapp/home/colin/rosetta/rosetta-3.2/rosetta_database/scoring/score_functions/hbonds/standard_params/HBPoly1D.csv
core.io.database: Database file opened: /netapp/home/colin/rosetta/rosetta-3.2/rosetta_database/scoring/score_functions/hbonds/standard_params/HBFadeIntervals.csv
core.io.database: Database file opened: /netapp/home/colin/rosetta/rosetta-3.2/rosetta_database/scoring/score_functions/hbonds/standard_params/HBEval.csv
core.io.database: Database file opened: /netapp/home/colin/rosetta/rosetta-3.2/rosetta_database/P_AA
core.io.database: Database file opened: /netapp/home/colin/rosetta/rosetta-3.2/rosetta_database/P_AA_n
core.io.database: Database file opened: /netapp/home/colin/rosetta/rosetta-3.2/rosetta_database/P_AA_pp
core.io.database: Database file opened: /netapp/home/colin/rosetta/rosetta-3.2/rosetta_database/Rama_smooth_dyn.dat_ss_6.4
core.scoring.dunbrack: Dunbrack library took 0.02 seconds to load from binary
app.sequence_tolerance: Residue Decomposition: [Set 1 (A): [1, 2, 3, 4, 5, 6, 7, 8, 9, 10, 11, 12, 13, 14, 15, 16, 17, 18, 19, 20, 21, 22, 23, 24, 25, 26, 27, 28, 29, 30, 31, 32, 33, 34, 35, 36, 37, 38, 39, 40, 41, 42, 43, 44, 45, 46, 47, 48, 49, 50, 51, 52, 53, 54, 55, 56, 57, 58, 59, 60, 61, 62, 63, 64, 65, 66, 67, 68, 69, 70, 71, 72, 73, 74, 75, 76, 77, 78, 79, 80, 81, 82, 83, 84, 85, 86, 87, 88, 89, 90, 91, 92, 93, 94, 95, 96, 97, 98, 99, 100, 101, 102, 103], Set 2 (B): [104, 105, 106, 107, 108, 109, 110]]
app.sequence_tolerance: Fitness Function Master Weights: [1, 1, 1, 2]
app.sequence_tolerance: Fitness of Starting Structure: 
---------------------------------------------------------------------
Score Type                  Other        A        B      A-B    Total
---------------------------------------------------------------------
fa_atr                      0.000 -252.552   -9.984  -46.308 -308.845
fa_rep                      0.000   46.037    0.797    9.623   56.457
fa_sol                      0.000  118.457    6.676   19.261  144.394
fa_intra_rep                0.000    0.893    0.105    0.000    0.998
pro_close                   0.000    1.876    0.000    0.000    1.876
fa_pair                     0.000   -4.802   -0.137   -1.154   -6.093
hbond_sr_bb                -5.236    0.000    0.000    0.000   -5.236
hbond_lr_bb               -18.346    0.000    0.000    0.000  -18.346
hbond_bb_sc                 0.000   -2.395   -0.211    0.000   -2.605
hbond_sc                    0.000   -0.726   -0.126   -1.931   -2.783
dslf_ss_dst                 0.000    0.000    0.000    0.000    0.000
dslf_cs_ang                 0.000    0.000    0.000    0.000    0.000
dslf_ss_dih                 0.000    0.000    0.000    0.000    0.000
dslf_ca_dih                 0.000    0.000    0.000    0.000    0.000
rama                        0.000   15.537    4.174    0.000   19.711
omega                       0.000    0.304    0.001    0.000    0.305
fa_dun                      0.000  118.297   12.838    0.000  131.135
p_aa_pp                     0.000   -9.746   -1.226    0.000  -10.971
ref                         0.000  -20.890    0.590    0.000  -20.300
---------------------------------------------------------------------
Total                     -23.582   10.292   13.496  -20.509  -20.303

core.pack.interaction_graph.interaction_graph_factory: Instantiating PDInteractionGraph
core.pack.pack_rotamers: built 8117 rotamers at 33 positions.
core.pack.pack_rotamers: IG: 85533232 bytes
app.sequence_tolerance: There are 1 positive states and 0 negative states
protocols.multistate_design.MultiStatePacker: Best single-state design score:   -36.80
app.sequence_tolerance: Adding single-state design entities:
app.sequence_tolerance: AA:106:H AA:107:D AA:108:T AA:109:R AA:110:A 
app.sequence_tolerance: Generation 1:
app.sequence_tolerance: Distinct new entities: 1999
app.sequence_tolerance: Duplicate new entities: 1
app.sequence_tolerance: Entities from previous generation: 0
app.sequence_tolerance: Entities resurrected from earlier generations: 0
app.sequence_tolerance: Fitness Percentiles: 0%=-36.9869 25%=-20.3546 50%=33.8387 75%=210 100%=1496.88
app.sequence_tolerance: Best new entity:
MultiStateEntity with traits: AA:106:H AA:107:D AA:108:T AA:109:R AA:110:A and fitness -36.987
 SingleState 1 with fitness: -36.9869
app.sequence_tolerance: Generation 2:
app.sequence_tolerance: Distinct new entities: 1932
app.sequence_tolerance: Duplicate new entities: 4
app.sequence_tolerance: Entities from previous generation: 64
app.sequence_tolerance: Entities resurrected from earlier generations: 0
app.sequence_tolerance: Fitness Percentiles: 0%=-36.9869 25%=-23.7072 50%=-15.6612 75%=49.5601 100%=1281.9
app.sequence_tolerance: Best new entity:
MultiStateEntity with traits: AA:106:H AA:107:H AA:108:S AA:109:W AA:110:E and fitness -36.634
 SingleState 1 with fitness: -36.6344
app.sequence_tolerance: Generation 3:
app.sequence_tolerance: Distinct new entities: 1916
app.sequence_tolerance: Duplicate new entities: 2
app.sequence_tolerance: Entities from previous generation: 79
app.sequence_tolerance: Entities resurrected from earlier generations: 3
app.sequence_tolerance: Fitness Percentiles: 0%=-37.8989 25%=-25.032 50%=-20.3731 75%=6.3419 100%=1394.02
app.sequence_tolerance: Best new entity:
MultiStateEntity with traits: AA:106:E AA:107:N AA:108:F AA:109:W AA:110:T and fitness -37.899
 SingleState 1 with fitness: -37.8989
app.sequence_tolerance: Generation 4:
app.sequence_tolerance: Distinct new entities: 1914
app.sequence_tolerance: Duplicate new entities: 1
app.sequence_tolerance: Entities from previous generation: 75
app.sequence_tolerance: Entities resurrected from earlier generations: 10
app.sequence_tolerance: Fitness Percentiles: 0%=-37.8989 25%=-26.219 50%=-22.7019 75%=-14.0628 100%=1382.69
app.sequence_tolerance: Best new entity:
MultiStateEntity with traits: AA:106:H AA:107:R AA:108:H AA:109:W AA:110:T and fitness -36.082
 SingleState 1 with fitness: -36.082
app.sequence_tolerance: Generation 5:
app.sequence_tolerance: Distinct new entities: 1886
app.sequence_tolerance: Duplicate new entities: 10
app.sequence_tolerance: Entities from previous generation: 88
app.sequence_tolerance: Entities resurrected from earlier generations: 16
app.sequence_tolerance: Fitness Percentiles: 0%=-38.7242 25%=-27.0028 50%=-24.1614 75%=-18.0957 100%=1387.67
app.sequence_tolerance: Best new entity:
MultiStateEntity with traits: AA:106:H AA:107:H AA:108:V AA:109:W AA:110:A and fitness -38.724
 SingleState 1 with fitness: -38.7242
app.sequence_tolerance: Evaluated 9647 sequences out of 2476099 possible.
Best sequences:
