core.init: Mini-Rosetta version 40577 from https://svn.rosettacommons.org/source/branches/releases/rosetta-3.2/rosetta_source
core.init: command: /netapp/home/colin/rosetta/rosetta-3.2/rosetta_source/bin/sequence_tolerance.linuxgccrelease -database /netapp/home/colin/rosetta/rosetta-3.2/rosetta_database -s 1N7T_0004_low.pdb -ex1 -ex2 -extrachi_cutoff 0 -seq_tol:fitness_master_weights 1 1 1 2 -ms:generations 5 -ms:pop_size 2000 -ms:pop_from_ss 1 -ms:checkpoint:prefix 1N7T_0004 -ms:checkpoint:interval 200 -ms:checkpoint:gz -ms:numresults 0 -out:prefix 1N7T_0004 -score:weights standard -score:patch score12 -score:ref_offsets HIS 1.2 -resfile /netapp/home/colin/backrub_seqtol/input_files/1N7T/1N7T_seqtol.resfile
core.init: 'RNG device' seed mode, using '/dev/urandom', seed=-724686730 seed_offset=0 real_seed=-724686730
core.init.random: RandomGenerator:init: Normal mode, seed=-724686730 RG_type=mt19937
core.pack.task: Packer task: initialize from command line() 
core.pack.task: Packer task: initialize from command line() 
core.scoring.ScoreFunctionFactory: SCOREFUNCTION: standard
core.scoring.ScoreFunctionFactory: SCOREFUNCTION PATCH: score12
core.scoring.etable: Starting energy table calculation
core.scoring.etable: smooth_etable: changing atr/rep split to bottom of energy well
core.scoring.etable: smooth_etable: spline smoothing lj etables (maxdis = 6)
core.scoring.etable: smooth_etable: spline smoothing solvation etables (max_dis = 6)
core.scoring.etable: Finished calculating energy tables.
core.io.database: Database file opened: /netapp/home/colin/rosetta/rosetta-3.2/rosetta_database/pdb_pair_stats_fine
core.io.database: Database file opened: /netapp/home/colin/rosetta/rosetta-3.2/rosetta_database/scoring/score_functions/hbonds/standard_params/HBPoly1D.csv
core.io.database: Database file opened: /netapp/home/colin/rosetta/rosetta-3.2/rosetta_database/scoring/score_functions/hbonds/standard_params/HBFadeIntervals.csv
core.io.database: Database file opened: /netapp/home/colin/rosetta/rosetta-3.2/rosetta_database/scoring/score_functions/hbonds/standard_params/HBEval.csv
core.io.database: Database file opened: /netapp/home/colin/rosetta/rosetta-3.2/rosetta_database/P_AA
core.io.database: Database file opened: /netapp/home/colin/rosetta/rosetta-3.2/rosetta_database/P_AA_n
core.io.database: Database file opened: /netapp/home/colin/rosetta/rosetta-3.2/rosetta_database/P_AA_pp
core.io.database: Database file opened: /netapp/home/colin/rosetta/rosetta-3.2/rosetta_database/Rama_smooth_dyn.dat_ss_6.4
core.scoring.dunbrack: Dunbrack library took 0.03 seconds to load from binary
app.sequence_tolerance: Residue Decomposition: [Set 1 (A): [1, 2, 3, 4, 5, 6, 7, 8, 9, 10, 11, 12, 13, 14, 15, 16, 17, 18, 19, 20, 21, 22, 23, 24, 25, 26, 27, 28, 29, 30, 31, 32, 33, 34, 35, 36, 37, 38, 39, 40, 41, 42, 43, 44, 45, 46, 47, 48, 49, 50, 51, 52, 53, 54, 55, 56, 57, 58, 59, 60, 61, 62, 63, 64, 65, 66, 67, 68, 69, 70, 71, 72, 73, 74, 75, 76, 77, 78, 79, 80, 81, 82, 83, 84, 85, 86, 87, 88, 89, 90, 91, 92, 93, 94, 95, 96, 97, 98, 99, 100, 101, 102, 103], Set 2 (B): [104, 105, 106, 107, 108, 109, 110]]
app.sequence_tolerance: Fitness Function Master Weights: [1, 1, 1, 2]
app.sequence_tolerance: Fitness of Starting Structure: 
---------------------------------------------------------------------
Score Type                  Other        A        B      A-B    Total
---------------------------------------------------------------------
fa_atr                      0.000 -257.598   -6.843  -36.446 -300.887
fa_rep                      0.000   38.911    1.170    4.561   44.641
fa_sol                      0.000  120.342    4.024   17.290  141.656
fa_intra_rep                0.000    0.932    0.092    0.000    1.024
pro_close                   0.000    1.937    0.000    0.000    1.937
fa_pair                     0.000   -5.050    0.000   -0.705   -5.756
hbond_sr_bb                -5.746    0.000    0.000    0.000   -5.746
hbond_lr_bb               -18.045    0.000    0.000    0.000  -18.045
hbond_bb_sc                 0.000   -2.459    0.000   -0.067   -2.526
hbond_sc                    0.000    0.000    0.000   -0.257   -0.257
dslf_ss_dst                 0.000    0.000    0.000    0.000    0.000
dslf_cs_ang                 0.000    0.000    0.000    0.000    0.000
dslf_ss_dih                 0.000    0.000    0.000    0.000    0.000
dslf_ca_dih                 0.000    0.000    0.000    0.000    0.000
rama                        0.000   16.397    2.127    0.000   18.523
omega                       0.000    0.223    0.001    0.000    0.225
fa_dun                      0.000  103.548    3.590    0.000  107.138
p_aa_pp                     0.000  -10.405   -0.553    0.000  -10.958
ref                         0.000  -20.890    0.590    0.000  -20.300
---------------------------------------------------------------------
Total                     -23.791  -14.113    4.198  -15.625  -49.331

core.pack.interaction_graph.interaction_graph_factory: Instantiating PDInteractionGraph
core.pack.pack_rotamers: built 8710 rotamers at 33 positions.
core.pack.pack_rotamers: IG: 100396860 bytes
app.sequence_tolerance: There are 1 positive states and 0 negative states
protocols.multistate_design.MultiStatePacker: Best single-state design score:   -59.86
app.sequence_tolerance: Adding single-state design entities:
app.sequence_tolerance: AA:106:T AA:107:E AA:108:F AA:109:W AA:110:A 
app.sequence_tolerance: Generation 1:
app.sequence_tolerance: Distinct new entities: 1998
app.sequence_tolerance: Duplicate new entities: 2
app.sequence_tolerance: Entities from previous generation: 0
app.sequence_tolerance: Entities resurrected from earlier generations: 0
app.sequence_tolerance: Fitness Percentiles: 0%=-59.3846 25%=-50.8947 50%=-47.7486 75%=-37.9772 100%=460.311
app.sequence_tolerance: Best new entity:
MultiStateEntity with traits: AA:106:T AA:107:E AA:108:F AA:109:W AA:110:A and fitness -59.385
 SingleState 1 with fitness: -59.3846
app.sequence_tolerance: Generation 2:
app.sequence_tolerance: Distinct new entities: 1938
app.sequence_tolerance: Duplicate new entities: 3
app.sequence_tolerance: Entities from previous generation: 59
app.sequence_tolerance: Entities resurrected from earlier generations: 0
app.sequence_tolerance: Fitness Percentiles: 0%=-60.1283 25%=-51.9153 50%=-49.6901 75%=-46.6747 100%=455.176
app.sequence_tolerance: Best new entity:
MultiStateEntity with traits: AA:106:R AA:107:E AA:108:N AA:109:W AA:110:I and fitness -60.128
 SingleState 1 with fitness: -60.1283
app.sequence_tolerance: Generation 3:
app.sequence_tolerance: Distinct new entities: 1934
app.sequence_tolerance: Duplicate new entities: 1
app.sequence_tolerance: Entities from previous generation: 60
app.sequence_tolerance: Entities resurrected from earlier generations: 5
app.sequence_tolerance: Fitness Percentiles: 0%=-60.1283 25%=-52.8558 50%=-50.7592 75%=-48.3299 100%=384.704
app.sequence_tolerance: Best new entity:
MultiStateEntity with traits: AA:106:Q AA:107:L AA:108:D AA:109:W AA:110:V and fitness -59.997
 SingleState 1 with fitness: -59.9971
app.sequence_tolerance: Generation 4:
app.sequence_tolerance: Distinct new entities: 1896
app.sequence_tolerance: Duplicate new entities: 5
app.sequence_tolerance: Entities from previous generation: 92
app.sequence_tolerance: Entities resurrected from earlier generations: 7
app.sequence_tolerance: Fitness Percentiles: 0%=-60.1283 25%=-53.7219 50%=-51.6407 75%=-49.2 100%=459.468
app.sequence_tolerance: Best new entity:
MultiStateEntity with traits: AA:106:E AA:107:Q AA:108:V AA:109:W AA:110:V and fitness -59.716
 SingleState 1 with fitness: -59.7156
app.sequence_tolerance: Generation 5:
app.sequence_tolerance: Distinct new entities: 1895
app.sequence_tolerance: Duplicate new entities: 4
app.sequence_tolerance: Entities from previous generation: 88
app.sequence_tolerance: Entities resurrected from earlier generations: 13
app.sequence_tolerance: Fitness Percentiles: 0%=-60.6903 25%=-54.4906 50%=-52.3887 75%=-49.8549 100%=458.469
app.sequence_tolerance: Best new entity:
MultiStateEntity with traits: AA:106:I AA:107:E AA:108:Y AA:109:W AA:110:V and fitness -60.690
 SingleState 1 with fitness: -60.6903
app.sequence_tolerance: Evaluated 9661 sequences out of 2476099 possible.
Best sequences:
