core.init: Mini-Rosetta version 40577 from https://svn.rosettacommons.org/source/branches/releases/rosetta-3.2/rosetta_source
core.init: command: /netapp/home/colin/rosetta/rosetta-3.2/rosetta_source/bin/sequence_tolerance.linuxgccrelease -database /netapp/home/colin/rosetta/rosetta-3.2/rosetta_database -s 1N7T_0015_low.pdb -ex1 -ex2 -extrachi_cutoff 0 -seq_tol:fitness_master_weights 1 1 1 2 -ms:generations 5 -ms:pop_size 2000 -ms:pop_from_ss 1 -ms:checkpoint:prefix 1N7T_0015 -ms:checkpoint:interval 200 -ms:checkpoint:gz -ms:numresults 0 -out:prefix 1N7T_0015 -score:weights standard -score:patch score12 -score:ref_offsets HIS 1.2 -resfile /netapp/home/colin/backrub_seqtol/input_files/1N7T/1N7T_seqtol.resfile
core.init: 'RNG device' seed mode, using '/dev/urandom', seed=-375105252 seed_offset=0 real_seed=-375105252
core.init.random: RandomGenerator:init: Normal mode, seed=-375105252 RG_type=mt19937
core.pack.task: Packer task: initialize from command line() 
core.pack.task: Packer task: initialize from command line() 
core.scoring.ScoreFunctionFactory: SCOREFUNCTION: standard
core.scoring.ScoreFunctionFactory: SCOREFUNCTION PATCH: score12
core.scoring.etable: Starting energy table calculation
core.scoring.etable: smooth_etable: changing atr/rep split to bottom of energy well
core.scoring.etable: smooth_etable: spline smoothing lj etables (maxdis = 6)
core.scoring.etable: smooth_etable: spline smoothing solvation etables (max_dis = 6)
core.scoring.etable: Finished calculating energy tables.
core.io.database: Database file opened: /netapp/home/colin/rosetta/rosetta-3.2/rosetta_database/pdb_pair_stats_fine
core.io.database: Database file opened: /netapp/home/colin/rosetta/rosetta-3.2/rosetta_database/scoring/score_functions/hbonds/standard_params/HBPoly1D.csv
core.io.database: Database file opened: /netapp/home/colin/rosetta/rosetta-3.2/rosetta_database/scoring/score_functions/hbonds/standard_params/HBFadeIntervals.csv
core.io.database: Database file opened: /netapp/home/colin/rosetta/rosetta-3.2/rosetta_database/scoring/score_functions/hbonds/standard_params/HBEval.csv
core.io.database: Database file opened: /netapp/home/colin/rosetta/rosetta-3.2/rosetta_database/P_AA
core.io.database: Database file opened: /netapp/home/colin/rosetta/rosetta-3.2/rosetta_database/P_AA_n
core.io.database: Database file opened: /netapp/home/colin/rosetta/rosetta-3.2/rosetta_database/P_AA_pp
core.io.database: Database file opened: /netapp/home/colin/rosetta/rosetta-3.2/rosetta_database/Rama_smooth_dyn.dat_ss_6.4
core.scoring.dunbrack: Dunbrack library took 0.02 seconds to load from binary
app.sequence_tolerance: Residue Decomposition: [Set 1 (A): [1, 2, 3, 4, 5, 6, 7, 8, 9, 10, 11, 12, 13, 14, 15, 16, 17, 18, 19, 20, 21, 22, 23, 24, 25, 26, 27, 28, 29, 30, 31, 32, 33, 34, 35, 36, 37, 38, 39, 40, 41, 42, 43, 44, 45, 46, 47, 48, 49, 50, 51, 52, 53, 54, 55, 56, 57, 58, 59, 60, 61, 62, 63, 64, 65, 66, 67, 68, 69, 70, 71, 72, 73, 74, 75, 76, 77, 78, 79, 80, 81, 82, 83, 84, 85, 86, 87, 88, 89, 90, 91, 92, 93, 94, 95, 96, 97, 98, 99, 100, 101, 102, 103], Set 2 (B): [104, 105, 106, 107, 108, 109, 110]]
app.sequence_tolerance: Fitness Function Master Weights: [1, 1, 1, 2]
app.sequence_tolerance: Fitness of Starting Structure: 
---------------------------------------------------------------------
Score Type                  Other        A        B      A-B    Total
---------------------------------------------------------------------
fa_atr                      0.000 -255.642   -7.065  -43.492 -306.199
fa_rep                      0.000   39.003    0.699    9.952   49.655
fa_sol                      0.000  119.337    4.354   18.979  142.670
fa_intra_rep                0.000    0.858    0.117    0.000    0.976
pro_close                   0.000    1.814    0.000    0.000    1.814
fa_pair                     0.000   -4.670    0.015   -1.152   -5.807
hbond_sr_bb                -5.765    0.000    0.000    0.000   -5.765
hbond_lr_bb               -20.210    0.000    0.000    0.000  -20.210
hbond_bb_sc                 0.000   -2.878   -0.019    0.000   -2.897
hbond_sc                    0.000   -0.318   -0.034    0.000   -0.352
dslf_ss_dst                 0.000    0.000    0.000    0.000    0.000
dslf_cs_ang                 0.000    0.000    0.000    0.000    0.000
dslf_ss_dih                 0.000    0.000    0.000    0.000    0.000
dslf_ca_dih                 0.000    0.000    0.000    0.000    0.000
rama                        0.000   13.651    0.434    0.000   14.085
omega                       0.000    0.219    0.001    0.000    0.220
fa_dun                      0.000  115.743    5.750    0.000  121.493
p_aa_pp                     0.000  -10.972   -0.610    0.000  -11.581
ref                         0.000  -20.890    0.590    0.000  -20.300
---------------------------------------------------------------------
Total                     -25.975   -4.745    4.233  -15.713  -42.200

core.pack.interaction_graph.interaction_graph_factory: Instantiating PDInteractionGraph
core.pack.pack_rotamers: built 8127 rotamers at 33 positions.
core.pack.pack_rotamers: IG: 85497484 bytes
app.sequence_tolerance: There are 1 positive states and 0 negative states
protocols.multistate_design.MultiStatePacker: Best single-state design score:   -57.70
app.sequence_tolerance: Adding single-state design entities:
app.sequence_tolerance: AA:106:N AA:107:T AA:108:F AA:109:W AA:110:V 
app.sequence_tolerance: Generation 1:
app.sequence_tolerance: Distinct new entities: 1998
app.sequence_tolerance: Duplicate new entities: 2
app.sequence_tolerance: Entities from previous generation: 0
app.sequence_tolerance: Entities resurrected from earlier generations: 0
app.sequence_tolerance: Fitness Percentiles: 0%=-57.6986 25%=-46.9043 50%=-27.3802 75%=130.413 100%=1740.18
app.sequence_tolerance: Best new entity:
MultiStateEntity with traits: AA:106:N AA:107:T AA:108:F AA:109:W AA:110:V and fitness -57.699
 SingleState 1 with fitness: -57.6986
app.sequence_tolerance: Generation 2:
app.sequence_tolerance: Distinct new entities: 1927
app.sequence_tolerance: Duplicate new entities: 2
app.sequence_tolerance: Entities from previous generation: 71
app.sequence_tolerance: Entities resurrected from earlier generations: 0
app.sequence_tolerance: Fitness Percentiles: 0%=-58.6131 25%=-48.1 50%=-45.0909 75%=-23.1808 100%=1572.69
app.sequence_tolerance: Best new entity:
MultiStateEntity with traits: AA:106:Y AA:107:T AA:108:F AA:109:W AA:110:V and fitness -58.613
 SingleState 1 with fitness: -58.6131
app.sequence_tolerance: Generation 3:
app.sequence_tolerance: Distinct new entities: 1913
app.sequence_tolerance: Duplicate new entities: 4
app.sequence_tolerance: Entities from previous generation: 76
app.sequence_tolerance: Entities resurrected from earlier generations: 7
app.sequence_tolerance: Fitness Percentiles: 0%=-58.6131 25%=-49.077 50%=-46.9812 75%=-41.1283 100%=1576.89
app.sequence_tolerance: Best new entity:
MultiStateEntity with traits: AA:106:M AA:107:T AA:108:F AA:109:W AA:110:V and fitness -58.474
 SingleState 1 with fitness: -58.4738
app.sequence_tolerance: Generation 4:
app.sequence_tolerance: Distinct new entities: 1891
app.sequence_tolerance: Duplicate new entities: 9
app.sequence_tolerance: Entities from previous generation: 93
app.sequence_tolerance: Entities resurrected from earlier generations: 7
app.sequence_tolerance: Fitness Percentiles: 0%=-58.6131 25%=-49.6769 50%=-47.8108 75%=-44.5837 100%=1525.01
app.sequence_tolerance: Best new entity:
MultiStateEntity with traits: AA:106:H AA:107:E AA:108:F AA:109:W AA:110:V and fitness -56.082
 SingleState 1 with fitness: -56.0822
app.sequence_tolerance: Generation 5:
app.sequence_tolerance: Distinct new entities: 1902
app.sequence_tolerance: Duplicate new entities: 5
app.sequence_tolerance: Entities from previous generation: 86
app.sequence_tolerance: Entities resurrected from earlier generations: 7
app.sequence_tolerance: Fitness Percentiles: 0%=-58.6131 25%=-50.039 50%=-48.2306 75%=-45.7293 100%=1577.64
app.sequence_tolerance: Best new entity:
MultiStateEntity with traits: AA:106:Q AA:107:T AA:108:F AA:109:W AA:110:V and fitness -58.442
 SingleState 1 with fitness: -58.4422
app.sequence_tolerance: Evaluated 9631 sequences out of 2476099 possible.
Best sequences:
