core.init: Mini-Rosetta version 40577 from https://svn.rosettacommons.org/source/branches/releases/rosetta-3.2/rosetta_source
core.init: command: /netapp/home/colin/rosetta/rosetta-3.2/rosetta_source/bin/sequence_tolerance.linuxgccrelease -database /netapp/home/colin/rosetta/rosetta-3.2/rosetta_database -s 1N7T_0002_low.pdb -ex1 -ex2 -extrachi_cutoff 0 -seq_tol:fitness_master_weights 1 1 1 2 -ms:generations 5 -ms:pop_size 2000 -ms:pop_from_ss 1 -ms:checkpoint:prefix 1N7T_0002 -ms:checkpoint:interval 200 -ms:checkpoint:gz -ms:numresults 0 -out:prefix 1N7T_0002 -score:weights standard -score:patch score12 -score:ref_offsets HIS 1.2 -resfile /netapp/home/colin/backrub_seqtol/input_files/1N7T/1N7T_seqtol.resfile
core.init: 'RNG device' seed mode, using '/dev/urandom', seed=-1634541008 seed_offset=0 real_seed=-1634541008
core.init.random: RandomGenerator:init: Normal mode, seed=-1634541008 RG_type=mt19937
core.pack.task: Packer task: initialize from command line() 
core.pack.task: Packer task: initialize from command line() 
core.scoring.ScoreFunctionFactory: SCOREFUNCTION: standard
core.scoring.ScoreFunctionFactory: SCOREFUNCTION PATCH: score12
core.scoring.etable: Starting energy table calculation
core.scoring.etable: smooth_etable: changing atr/rep split to bottom of energy well
core.scoring.etable: smooth_etable: spline smoothing lj etables (maxdis = 6)
core.scoring.etable: smooth_etable: spline smoothing solvation etables (max_dis = 6)
core.scoring.etable: Finished calculating energy tables.
core.io.database: Database file opened: /netapp/home/colin/rosetta/rosetta-3.2/rosetta_database/pdb_pair_stats_fine
core.io.database: Database file opened: /netapp/home/colin/rosetta/rosetta-3.2/rosetta_database/scoring/score_functions/hbonds/standard_params/HBPoly1D.csv
core.io.database: Database file opened: /netapp/home/colin/rosetta/rosetta-3.2/rosetta_database/scoring/score_functions/hbonds/standard_params/HBFadeIntervals.csv
core.io.database: Database file opened: /netapp/home/colin/rosetta/rosetta-3.2/rosetta_database/scoring/score_functions/hbonds/standard_params/HBEval.csv
core.io.database: Database file opened: /netapp/home/colin/rosetta/rosetta-3.2/rosetta_database/P_AA
core.io.database: Database file opened: /netapp/home/colin/rosetta/rosetta-3.2/rosetta_database/P_AA_n
core.io.database: Database file opened: /netapp/home/colin/rosetta/rosetta-3.2/rosetta_database/P_AA_pp
core.io.database: Database file opened: /netapp/home/colin/rosetta/rosetta-3.2/rosetta_database/Rama_smooth_dyn.dat_ss_6.4
core.scoring.dunbrack: Dunbrack library took 0.02 seconds to load from binary
app.sequence_tolerance: Residue Decomposition: [Set 1 (A): [1, 2, 3, 4, 5, 6, 7, 8, 9, 10, 11, 12, 13, 14, 15, 16, 17, 18, 19, 20, 21, 22, 23, 24, 25, 26, 27, 28, 29, 30, 31, 32, 33, 34, 35, 36, 37, 38, 39, 40, 41, 42, 43, 44, 45, 46, 47, 48, 49, 50, 51, 52, 53, 54, 55, 56, 57, 58, 59, 60, 61, 62, 63, 64, 65, 66, 67, 68, 69, 70, 71, 72, 73, 74, 75, 76, 77, 78, 79, 80, 81, 82, 83, 84, 85, 86, 87, 88, 89, 90, 91, 92, 93, 94, 95, 96, 97, 98, 99, 100, 101, 102, 103], Set 2 (B): [104, 105, 106, 107, 108, 109, 110]]
app.sequence_tolerance: Fitness Function Master Weights: [1, 1, 1, 2]
app.sequence_tolerance: Fitness of Starting Structure: 
---------------------------------------------------------------------
Score Type                  Other        A        B      A-B    Total
---------------------------------------------------------------------
fa_atr                      0.000 -258.481   -6.880  -45.102 -310.462
fa_rep                      0.000   45.156    0.259    8.831   54.246
fa_sol                      0.000  124.565    4.244   20.453  149.262
fa_intra_rep                0.000    0.931    0.128    0.000    1.060
pro_close                   0.000    1.732    0.000    0.000    1.732
fa_pair                     0.000   -5.345    0.009   -0.488   -5.824
hbond_sr_bb                -5.575    0.000    0.000    0.000   -5.575
hbond_lr_bb               -21.936    0.000    0.000    0.000  -21.936
hbond_bb_sc                 0.000   -3.829    0.000    0.000   -3.829
hbond_sc                    0.000   -0.642    0.000    0.000   -0.642
dslf_ss_dst                 0.000    0.000    0.000    0.000    0.000
dslf_cs_ang                 0.000    0.000    0.000    0.000    0.000
dslf_ss_dih                 0.000    0.000    0.000    0.000    0.000
dslf_ca_dih                 0.000    0.000    0.000    0.000    0.000
rama                        0.000   19.125    0.031    0.000   19.156
omega                       0.000    0.227    0.001    0.000    0.228
fa_dun                      0.000  115.143    5.102    0.000  120.244
p_aa_pp                     0.000  -11.671    0.287    0.000  -11.384
ref                         0.000  -20.890    0.590    0.000  -20.300
---------------------------------------------------------------------
Total                     -27.511    6.021    3.770  -16.306  -34.027

core.pack.interaction_graph.interaction_graph_factory: Instantiating PDInteractionGraph
core.pack.pack_rotamers: built 8610 rotamers at 33 positions.
core.pack.pack_rotamers: IG: 95610692 bytes
app.sequence_tolerance: There are 1 positive states and 0 negative states
protocols.multistate_design.MultiStatePacker: Best single-state design score:   -47.08
app.sequence_tolerance: Adding single-state design entities:
app.sequence_tolerance: AA:106:D AA:107:S AA:108:I AA:109:F AA:110:T 
app.sequence_tolerance: Generation 1:
app.sequence_tolerance: Distinct new entities: 1999
app.sequence_tolerance: Duplicate new entities: 1
app.sequence_tolerance: Entities from previous generation: 0
app.sequence_tolerance: Entities resurrected from earlier generations: 0
app.sequence_tolerance: Fitness Percentiles: 0%=-47.9266 25%=-37.939 50%=-34.6034 75%=57.2137 100%=773.765
app.sequence_tolerance: Best new entity:
MultiStateEntity with traits: AA:106:D AA:107:S AA:108:I AA:109:F AA:110:T and fitness -47.927
 SingleState 1 with fitness: -47.9266
app.sequence_tolerance: Generation 2:
app.sequence_tolerance: Distinct new entities: 1935
app.sequence_tolerance: Duplicate new entities: 4
app.sequence_tolerance: Entities from previous generation: 61
app.sequence_tolerance: Entities resurrected from earlier generations: 0
app.sequence_tolerance: Fitness Percentiles: 0%=-47.9266 25%=-39.1965 50%=-36.7897 75%=-33.0354 100%=755.985
app.sequence_tolerance: Best new entity:
MultiStateEntity with traits: AA:106:D AA:107:S AA:108:R AA:109:F AA:110:T and fitness -46.721
 SingleState 1 with fitness: -46.7208
app.sequence_tolerance: Generation 3:
app.sequence_tolerance: Distinct new entities: 1918
app.sequence_tolerance: Duplicate new entities: 2
app.sequence_tolerance: Entities from previous generation: 73
app.sequence_tolerance: Entities resurrected from earlier generations: 7
app.sequence_tolerance: Fitness Percentiles: 0%=-47.9266 25%=-39.9461 50%=-37.8992 75%=-35.2067 100%=768.386
app.sequence_tolerance: Best new entity:
MultiStateEntity with traits: AA:106:S AA:107:S AA:108:E AA:109:F AA:110:V and fitness -46.616
 SingleState 1 with fitness: -46.6158
app.sequence_tolerance: Generation 4:
app.sequence_tolerance: Distinct new entities: 1902
app.sequence_tolerance: Duplicate new entities: 1
app.sequence_tolerance: Entities from previous generation: 90
app.sequence_tolerance: Entities resurrected from earlier generations: 7
app.sequence_tolerance: Fitness Percentiles: 0%=-47.9266 25%=-40.6002 50%=-38.738 75%=-36.095 100%=768.795
app.sequence_tolerance: Best new entity:
MultiStateEntity with traits: AA:106:W AA:107:S AA:108:F AA:109:F AA:110:A and fitness -47.667
 SingleState 1 with fitness: -47.6668
app.sequence_tolerance: Generation 5:
app.sequence_tolerance: Distinct new entities: 1892
app.sequence_tolerance: Duplicate new entities: 4
app.sequence_tolerance: Entities from previous generation: 90
app.sequence_tolerance: Entities resurrected from earlier generations: 14
app.sequence_tolerance: Fitness Percentiles: 0%=-48.1245 25%=-41.2374 50%=-39.119 75%=-36.7791 100%=726.549
app.sequence_tolerance: Best new entity:
MultiStateEntity with traits: AA:106:W AA:107:S AA:108:F AA:109:F AA:110:T and fitness -48.125
 SingleState 1 with fitness: -48.1245
app.sequence_tolerance: Evaluated 9646 sequences out of 2476099 possible.
Best sequences:
