core.init: Mini-Rosetta version 40577 from https://svn.rosettacommons.org/source/branches/releases/rosetta-3.2/rosetta_source
core.init: command: /netapp/home/colin/rosetta/rosetta-3.2/rosetta_source/bin/backrub.linuxgccrelease -database /netapp/home/colin/rosetta/rosetta-3.2/rosetta_database -s /netapp/home/colin/backrub_seqtol/input_files/1N7T/1N7T_11.pdb -ignore_unrecognized_res -ex1 -ex2 -extrachi_cutoff 0 -out:prefix 1N7T_0011 -mute core.io.pdb.file_data -backrub:ntrials 10000 -score:weights standard -score:patch score12
core.init: 'RNG device' seed mode, using '/dev/urandom', seed=-658376620 seed_offset=0 real_seed=-658376620
core.init.random: RandomGenerator:init: Normal mode, seed=-658376620 RG_type=mt19937
core.scoring.ScoreFunctionFactory: SCOREFUNCTION: standard
core.scoring.ScoreFunctionFactory: SCOREFUNCTION PATCH: score12
core.scoring.etable: Starting energy table calculation
core.scoring.etable: smooth_etable: changing atr/rep split to bottom of energy well
core.scoring.etable: smooth_etable: spline smoothing lj etables (maxdis = 6)
core.scoring.etable: smooth_etable: spline smoothing solvation etables (max_dis = 6)
core.scoring.etable: Finished calculating energy tables.
core.io.database: Database file opened: /netapp/home/colin/rosetta/rosetta-3.2/rosetta_database/pdb_pair_stats_fine
core.io.database: Database file opened: /netapp/home/colin/rosetta/rosetta-3.2/rosetta_database/scoring/score_functions/hbonds/standard_params/HBPoly1D.csv
core.io.database: Database file opened: /netapp/home/colin/rosetta/rosetta-3.2/rosetta_database/scoring/score_functions/hbonds/standard_params/HBFadeIntervals.csv
core.io.database: Database file opened: /netapp/home/colin/rosetta/rosetta-3.2/rosetta_database/scoring/score_functions/hbonds/standard_params/HBEval.csv
core.io.database: Database file opened: /netapp/home/colin/rosetta/rosetta-3.2/rosetta_database/P_AA
core.io.database: Database file opened: /netapp/home/colin/rosetta/rosetta-3.2/rosetta_database/P_AA_n
core.io.database: Database file opened: /netapp/home/colin/rosetta/rosetta-3.2/rosetta_database/P_AA_pp
core.io.database: Database file opened: /netapp/home/colin/rosetta/rosetta-3.2/rosetta_database/Rama_smooth_dyn.dat_ss_6.4
core.mm.MMBondAngleLibrary: MM bond angle sets added fully assigned: 474; wildcard: 0 and 1 virtual parameter.
core.io.database: Database file opened: /netapp/home/colin/rosetta/rosetta-3.2/rosetta_database/branch_angle/branch_angle_1.txt
core.io.database: Database file opened: /netapp/home/colin/rosetta/rosetta-3.2/rosetta_database/branch_angle/branch_angle_2.txt
core.scoring.dunbrack: Dunbrack library took 0.02 seconds to load from binary
apps.backrub: Processing /netapp/home/colin/backrub_seqtol/input_files/1N7T/1N7T_11.pdb...
core.pack.task: Packer task: initialize from command line() 
protocols.moves.BackrubMover: Segment lengths: 3-34 atoms
protocols.moves.BackrubMover: Main chain pivot atoms: CA
protocols.moves.BackrubMover: Adding backrub segments for residues 1-110
protocols.moves.BackrubMover: Total Segments Added: 960
apps.backrub: Score After PDB Load:
apps.backrub: ------------------------------------------------------------
 Scores                       Weight   Raw Score Wghtd.Score
------------------------------------------------------------
 fa_atr                       0.800    -396.527    -317.222
 fa_rep                       0.440     185.194      81.485
 fa_sol                       0.650     244.533     158.947
 fa_intra_rep                 0.004     236.306       0.945
 mm_bend                      1.000      85.239      85.239
 pro_close                    1.000       1.642       1.642
 fa_pair                      0.490     -12.979      -6.360
 hbond_sr_bb                  0.585     -10.859      -6.352
 hbond_lr_bb                  1.170     -19.535     -22.856
 hbond_bb_sc                  1.170      -1.890      -2.211
 hbond_sc                     1.100       0.000       0.000
 dslf_ss_dst                  0.500       0.000       0.000
 dslf_cs_ang                  2.000       0.000       0.000
 dslf_ss_dih                  5.000       0.000       0.000
 dslf_ca_dih                  5.000       0.000       0.000
 rama                         0.200     124.429      24.886
 omega                        0.500       0.629       0.314
 fa_dun                       0.560     513.713     287.679
 p_aa_pp                      0.320     -23.784      -7.611
 ref                          1.000     -23.900     -23.900
---------------------------------------------------
 Total weighted score:                      254.626
core.pack.task: Packer task: initialize from command line() 
apps.backrub: Score After Branch Angle Optimization/Side Chain Idealization:
apps.backrub: ------------------------------------------------------------
 Scores                       Weight   Raw Score Wghtd.Score
------------------------------------------------------------
 fa_atr                       0.800    -394.745    -315.796
 fa_rep                       0.440     222.661      97.971
 fa_sol                       0.650     241.081     156.703
 fa_intra_rep                 0.004     256.987       1.028
 mm_bend                      1.000      56.070      56.070
 pro_close                    1.000       1.642       1.642
 fa_pair                      0.490     -12.999      -6.370
 hbond_sr_bb                  0.585     -10.859      -6.352
 hbond_lr_bb                  1.170     -19.535     -22.856
 hbond_bb_sc                  1.170      -2.006      -2.347
 hbond_sc                     1.100       0.000       0.000
 dslf_ss_dst                  0.500       0.000       0.000
 dslf_cs_ang                  2.000       0.000       0.000
 dslf_ss_dih                  5.000       0.000       0.000
 dslf_ca_dih                  5.000       0.000       0.000
 rama                         0.200     124.429      24.886
 omega                        0.500       0.629       0.314
 fa_dun                       0.560     513.795     287.725
 p_aa_pp                      0.320     -23.784      -7.611
 ref                          1.000     -23.900     -23.900
---------------------------------------------------
 Total weighted score:                      241.107
core.pack.task: Packer task: initialize from command line() 
apps.backrub: Running 10000 trials...
protocols.moves.MonteCarlo:      br_CA_CA_04 trials=    788;  accepts= 0.3807;  energy_drop/trial=  -0.01976
protocols.moves.MonteCarlo:      br_CA_CA_07 trials=    728;  accepts= 0.3613;  energy_drop/trial=  -0.00678
protocols.moves.MonteCarlo:      br_CA_CA_10 trials=    750;  accepts= 0.3413;  energy_drop/trial=   0.01278
protocols.moves.MonteCarlo:      br_CA_CA_13 trials=    720;  accepts= 0.2792;  energy_drop/trial=  -0.00773
protocols.moves.MonteCarlo:      br_CA_CA_16 trials=    674;  accepts= 0.2596;  energy_drop/trial=   0.00478
protocols.moves.MonteCarlo:      br_CA_CA_19 trials=    662;  accepts= 0.2447;  energy_drop/trial=  -0.01761
protocols.moves.MonteCarlo:      br_CA_CA_22 trials=    640;  accepts= 0.2062;  energy_drop/trial=  -0.03469
protocols.moves.MonteCarlo:      br_CA_CA_25 trials=    598;  accepts= 0.2057;  energy_drop/trial=  -0.00785
protocols.moves.MonteCarlo:      br_CA_CA_28 trials=    639;  accepts= 0.1753;  energy_drop/trial=   0.01153
protocols.moves.MonteCarlo:      br_CA_CA_31 trials=    645;  accepts= 0.1736;  energy_drop/trial=  -0.01149
protocols.moves.MonteCarlo:      br_CA_CA_34 trials=    664;  accepts= 0.1762;  energy_drop/trial=  -0.00086
protocols.moves.MonteCarlo:       sc_chi_rot trials=   2240;  accepts= 0.3839;  energy_drop/trial=  -0.08048
protocols.moves.MonteCarlo:      sc_chi_unif trials=    252;  accepts= 0.0476;  energy_drop/trial=   0.02066
apps.backrub: Last Score:
apps.backrub: ------------------------------------------------------------
 Scores                       Weight   Raw Score Wghtd.Score
------------------------------------------------------------
 fa_atr                       0.800    -353.373    -282.698
 fa_rep                       0.440     121.846      53.612
 fa_sol                       0.650     205.228     133.398
 fa_intra_rep                 0.004     255.371       1.021
 mm_bend                      1.000      48.028      48.028
 pro_close                    1.000       1.642       1.642
 fa_pair                      0.490      -9.498      -4.654
 hbond_sr_bb                  0.585     -10.646      -6.228
 hbond_lr_bb                  1.170     -18.852     -22.057
 hbond_bb_sc                  1.170      -4.840      -5.663
 hbond_sc                     1.100      -0.407      -0.448
 dslf_ss_dst                  0.500       0.000       0.000
 dslf_cs_ang                  2.000       0.000       0.000
 dslf_ss_dih                  5.000       0.000       0.000
 dslf_ca_dih                  5.000       0.000       0.000
 rama                         0.200     100.422      20.084
 omega                        0.500       0.629       0.314
 fa_dun                       0.560     196.590     110.090
 p_aa_pp                      0.320     -27.977      -8.952
 ref                          1.000     -23.900     -23.900
---------------------------------------------------
 Total weighted score:                       13.590
apps.backrub: Low Score:
apps.backrub: ------------------------------------------------------------
 Scores                       Weight   Raw Score Wghtd.Score
------------------------------------------------------------
 fa_atr                       0.800    -356.169    -284.935
 fa_rep                       0.440     100.303      44.133
 fa_sol                       0.650     208.891     135.779
 fa_intra_rep                 0.004     235.007       0.940
 mm_bend                      1.000      45.818      45.818
 pro_close                    1.000       1.642       1.642
 fa_pair                      0.490     -10.232      -5.013
 hbond_sr_bb                  0.585      -9.914      -5.800
 hbond_lr_bb                  1.170     -19.214     -22.480
 hbond_bb_sc                  1.170      -5.882      -6.882
 hbond_sc                     1.100      -1.480      -1.628
 dslf_ss_dst                  0.500       0.000       0.000
 dslf_cs_ang                  2.000       0.000       0.000
 dslf_ss_dih                  5.000       0.000       0.000
 dslf_ca_dih                  5.000       0.000       0.000
 rama                         0.200      96.125      19.225
 omega                        0.500       0.629       0.314
 fa_dun                       0.560     201.543     112.864
 p_aa_pp                      0.320     -28.909      -9.251
 ref                          1.000     -23.900     -23.900
---------------------------------------------------
 Total weighted score:                        0.826
