core.init: Mini-Rosetta version 40577 from https://svn.rosettacommons.org/source/branches/releases/rosetta-3.2/rosetta_source
core.init: command: /netapp/home/colin/rosetta/rosetta-3.2/rosetta_source/bin/backrub.linuxgccrelease -database /netapp/home/colin/rosetta/rosetta-3.2/rosetta_database -s /netapp/home/colin/backrub_seqtol/input_files/1N7T/1N7T_13.pdb -ignore_unrecognized_res -ex1 -ex2 -extrachi_cutoff 0 -out:prefix 1N7T_0013 -mute core.io.pdb.file_data -backrub:ntrials 10000 -score:weights standard -score:patch score12
core.init: 'RNG device' seed mode, using '/dev/urandom', seed=-1003782971 seed_offset=0 real_seed=-1003782971
core.init.random: RandomGenerator:init: Normal mode, seed=-1003782971 RG_type=mt19937
core.scoring.ScoreFunctionFactory: SCOREFUNCTION: standard
core.scoring.ScoreFunctionFactory: SCOREFUNCTION PATCH: score12
core.scoring.etable: Starting energy table calculation
core.scoring.etable: smooth_etable: changing atr/rep split to bottom of energy well
core.scoring.etable: smooth_etable: spline smoothing lj etables (maxdis = 6)
core.scoring.etable: smooth_etable: spline smoothing solvation etables (max_dis = 6)
core.scoring.etable: Finished calculating energy tables.
core.io.database: Database file opened: /netapp/home/colin/rosetta/rosetta-3.2/rosetta_database/pdb_pair_stats_fine
core.io.database: Database file opened: /netapp/home/colin/rosetta/rosetta-3.2/rosetta_database/scoring/score_functions/hbonds/standard_params/HBPoly1D.csv
core.io.database: Database file opened: /netapp/home/colin/rosetta/rosetta-3.2/rosetta_database/scoring/score_functions/hbonds/standard_params/HBFadeIntervals.csv
core.io.database: Database file opened: /netapp/home/colin/rosetta/rosetta-3.2/rosetta_database/scoring/score_functions/hbonds/standard_params/HBEval.csv
core.io.database: Database file opened: /netapp/home/colin/rosetta/rosetta-3.2/rosetta_database/P_AA
core.io.database: Database file opened: /netapp/home/colin/rosetta/rosetta-3.2/rosetta_database/P_AA_n
core.io.database: Database file opened: /netapp/home/colin/rosetta/rosetta-3.2/rosetta_database/P_AA_pp
core.io.database: Database file opened: /netapp/home/colin/rosetta/rosetta-3.2/rosetta_database/Rama_smooth_dyn.dat_ss_6.4
core.mm.MMBondAngleLibrary: MM bond angle sets added fully assigned: 474; wildcard: 0 and 1 virtual parameter.
core.io.database: Database file opened: /netapp/home/colin/rosetta/rosetta-3.2/rosetta_database/branch_angle/branch_angle_1.txt
core.io.database: Database file opened: /netapp/home/colin/rosetta/rosetta-3.2/rosetta_database/branch_angle/branch_angle_2.txt
core.scoring.dunbrack: Dunbrack library took 0.03 seconds to load from binary
apps.backrub: Processing /netapp/home/colin/backrub_seqtol/input_files/1N7T/1N7T_13.pdb...
core.pack.task: Packer task: initialize from command line() 
protocols.moves.BackrubMover: Segment lengths: 3-34 atoms
protocols.moves.BackrubMover: Main chain pivot atoms: CA
protocols.moves.BackrubMover: Adding backrub segments for residues 1-110
protocols.moves.BackrubMover: Total Segments Added: 960
apps.backrub: Score After PDB Load:
apps.backrub: ------------------------------------------------------------
 Scores                       Weight   Raw Score Wghtd.Score
------------------------------------------------------------
 fa_atr                       0.800    -374.809    -299.847
 fa_rep                       0.440     174.144      76.623
 fa_sol                       0.650     218.041     141.727
 fa_intra_rep                 0.004     236.847       0.947
 mm_bend                      1.000      85.729      85.729
 pro_close                    1.000       1.903       1.903
 fa_pair                      0.490     -13.159      -6.448
 hbond_sr_bb                  0.585     -12.096      -7.076
 hbond_lr_bb                  1.170     -16.812     -19.670
 hbond_bb_sc                  1.170      -2.293      -2.682
 hbond_sc                     1.100      -0.507      -0.558
 dslf_ss_dst                  0.500       0.000       0.000
 dslf_cs_ang                  2.000       0.000       0.000
 dslf_ss_dih                  5.000       0.000       0.000
 dslf_ca_dih                  5.000       0.000       0.000
 rama                         0.200     168.797      33.759
 omega                        0.500       0.392       0.196
 fa_dun                       0.560     523.318     293.058
 p_aa_pp                      0.320     -20.013      -6.404
 ref                          1.000     -23.900     -23.900
---------------------------------------------------
 Total weighted score:                      267.357
core.pack.task: Packer task: initialize from command line() 
apps.backrub: Score After Branch Angle Optimization/Side Chain Idealization:
apps.backrub: ------------------------------------------------------------
 Scores                       Weight   Raw Score Wghtd.Score
------------------------------------------------------------
 fa_atr                       0.800    -373.986    -299.188
 fa_rep                       0.440     219.973      96.788
 fa_sol                       0.650     215.746     140.235
 fa_intra_rep                 0.004     271.096       1.084
 mm_bend                      1.000      55.747      55.747
 pro_close                    1.000       1.903       1.903
 fa_pair                      0.490     -12.958      -6.349
 hbond_sr_bb                  0.585     -12.096      -7.076
 hbond_lr_bb                  1.170     -16.812     -19.670
 hbond_bb_sc                  1.170      -2.219      -2.597
 hbond_sc                     1.100      -0.560      -0.616
 dslf_ss_dst                  0.500       0.000       0.000
 dslf_cs_ang                  2.000       0.000       0.000
 dslf_ss_dih                  5.000       0.000       0.000
 dslf_ca_dih                  5.000       0.000       0.000
 rama                         0.200     168.797      33.759
 omega                        0.500       0.392       0.196
 fa_dun                       0.560     523.331     293.066
 p_aa_pp                      0.320     -20.013      -6.404
 ref                          1.000     -23.900     -23.900
---------------------------------------------------
 Total weighted score:                      256.979
core.pack.task: Packer task: initialize from command line() 
apps.backrub: Running 10000 trials...
protocols.moves.MonteCarlo:      br_CA_CA_04 trials=    725;  accepts= 0.3890;  energy_drop/trial=  -0.01674
protocols.moves.MonteCarlo:      br_CA_CA_07 trials=    779;  accepts= 0.3582;  energy_drop/trial=  -0.02480
protocols.moves.MonteCarlo:      br_CA_CA_10 trials=    756;  accepts= 0.3532;  energy_drop/trial=   0.00367
protocols.moves.MonteCarlo:      br_CA_CA_13 trials=    736;  accepts= 0.2636;  energy_drop/trial=  -0.02124
protocols.moves.MonteCarlo:      br_CA_CA_16 trials=    689;  accepts= 0.2743;  energy_drop/trial=  -0.01288
protocols.moves.MonteCarlo:      br_CA_CA_19 trials=    660;  accepts= 0.2485;  energy_drop/trial=   0.00212
protocols.moves.MonteCarlo:      br_CA_CA_22 trials=    678;  accepts= 0.2404;  energy_drop/trial=  -0.00713
protocols.moves.MonteCarlo:      br_CA_CA_25 trials=    687;  accepts= 0.2169;  energy_drop/trial=  -0.00948
protocols.moves.MonteCarlo:      br_CA_CA_28 trials=    630;  accepts= 0.2159;  energy_drop/trial=   0.01124
protocols.moves.MonteCarlo:      br_CA_CA_31 trials=    642;  accepts= 0.2040;  energy_drop/trial=  -0.01251
protocols.moves.MonteCarlo:      br_CA_CA_34 trials=    566;  accepts= 0.1961;  energy_drop/trial=   0.01429
protocols.moves.MonteCarlo:       sc_chi_rot trials=   2208;  accepts= 0.3773;  energy_drop/trial=  -0.08802
protocols.moves.MonteCarlo:      sc_chi_unif trials=    244;  accepts= 0.0615;  energy_drop/trial=  -0.01126
apps.backrub: Last Score:
apps.backrub: ------------------------------------------------------------
 Scores                       Weight   Raw Score Wghtd.Score
------------------------------------------------------------
 fa_atr                       0.800    -359.843    -287.875
 fa_rep                       0.440     105.155      46.268
 fa_sol                       0.650     204.361     132.835
 fa_intra_rep                 0.004     250.440       1.002
 mm_bend                      1.000      41.668      41.668
 pro_close                    1.000       1.903       1.903
 fa_pair                      0.490     -11.613      -5.690
 hbond_sr_bb                  0.585     -12.222      -7.150
 hbond_lr_bb                  1.170     -16.076     -18.809
 hbond_bb_sc                  1.170      -3.571      -4.178
 hbond_sc                     1.100      -1.494      -1.643
 dslf_ss_dst                  0.500       0.000       0.000
 dslf_cs_ang                  2.000       0.000       0.000
 dslf_ss_dih                  5.000       0.000       0.000
 dslf_ca_dih                  5.000       0.000       0.000
 rama                         0.200      87.832      17.566
 omega                        0.500       0.392       0.196
 fa_dun                       0.560     216.334     121.147
 p_aa_pp                      0.320     -29.605      -9.474
 ref                          1.000     -23.900     -23.900
---------------------------------------------------
 Total weighted score:                        3.867
apps.backrub: Low Score:
apps.backrub: ------------------------------------------------------------
 Scores                       Weight   Raw Score Wghtd.Score
------------------------------------------------------------
 fa_atr                       0.800    -356.662    -285.329
 fa_rep                       0.440      90.737      39.924
 fa_sol                       0.650     203.769     132.450
 fa_intra_rep                 0.004     235.204       0.941
 mm_bend                      1.000      46.634      46.634
 pro_close                    1.000       1.903       1.903
 fa_pair                      0.490     -12.367      -6.060
 hbond_sr_bb                  0.585     -11.577      -6.772
 hbond_lr_bb                  1.170     -19.175     -22.435
 hbond_bb_sc                  1.170      -4.567      -5.344
 hbond_sc                     1.100      -1.194      -1.313
 dslf_ss_dst                  0.500       0.000       0.000
 dslf_cs_ang                  2.000       0.000       0.000
 dslf_ss_dih                  5.000       0.000       0.000
 dslf_ca_dih                  5.000       0.000       0.000
 rama                         0.200      82.600      16.520
 omega                        0.500       0.392       0.196
 fa_dun                       0.560     209.873     117.529
 p_aa_pp                      0.320     -30.442      -9.741
 ref                          1.000     -23.900     -23.900
---------------------------------------------------
 Total weighted score:                       -4.798
