core.init: Mini-Rosetta version 40577 from https://svn.rosettacommons.org/source/branches/releases/rosetta-3.2/rosetta_source
core.init: command: /netapp/home/colin/rosetta/rosetta-3.2/rosetta_source/bin/sequence_tolerance.linuxgccrelease -database /netapp/home/colin/rosetta/rosetta-3.2/rosetta_database -s 1N7T_0020_low.pdb -ex1 -ex2 -extrachi_cutoff 0 -seq_tol:fitness_master_weights 1 1 1 2 -ms:generations 5 -ms:pop_size 2000 -ms:pop_from_ss 1 -ms:checkpoint:prefix 1N7T_0020 -ms:checkpoint:interval 200 -ms:checkpoint:gz -ms:numresults 0 -out:prefix 1N7T_0020 -score:weights standard -score:patch score12 -score:ref_offsets HIS 1.2 -resfile /netapp/home/colin/backrub_seqtol/input_files/1N7T/1N7T_seqtol.resfile
core.init: 'RNG device' seed mode, using '/dev/urandom', seed=-1100815394 seed_offset=0 real_seed=-1100815394
core.init.random: RandomGenerator:init: Normal mode, seed=-1100815394 RG_type=mt19937
core.pack.task: Packer task: initialize from command line() 
core.pack.task: Packer task: initialize from command line() 
core.scoring.ScoreFunctionFactory: SCOREFUNCTION: standard
core.scoring.ScoreFunctionFactory: SCOREFUNCTION PATCH: score12
core.scoring.etable: Starting energy table calculation
core.scoring.etable: smooth_etable: changing atr/rep split to bottom of energy well
core.scoring.etable: smooth_etable: spline smoothing lj etables (maxdis = 6)
core.scoring.etable: smooth_etable: spline smoothing solvation etables (max_dis = 6)
core.scoring.etable: Finished calculating energy tables.
core.io.database: Database file opened: /netapp/home/colin/rosetta/rosetta-3.2/rosetta_database/pdb_pair_stats_fine
core.io.database: Database file opened: /netapp/home/colin/rosetta/rosetta-3.2/rosetta_database/scoring/score_functions/hbonds/standard_params/HBPoly1D.csv
core.io.database: Database file opened: /netapp/home/colin/rosetta/rosetta-3.2/rosetta_database/scoring/score_functions/hbonds/standard_params/HBFadeIntervals.csv
core.io.database: Database file opened: /netapp/home/colin/rosetta/rosetta-3.2/rosetta_database/scoring/score_functions/hbonds/standard_params/HBEval.csv
core.io.database: Database file opened: /netapp/home/colin/rosetta/rosetta-3.2/rosetta_database/P_AA
core.io.database: Database file opened: /netapp/home/colin/rosetta/rosetta-3.2/rosetta_database/P_AA_n
core.io.database: Database file opened: /netapp/home/colin/rosetta/rosetta-3.2/rosetta_database/P_AA_pp
core.io.database: Database file opened: /netapp/home/colin/rosetta/rosetta-3.2/rosetta_database/Rama_smooth_dyn.dat_ss_6.4
core.scoring.dunbrack: Dunbrack library took 0.03 seconds to load from binary
app.sequence_tolerance: Residue Decomposition: [Set 1 (A): [1, 2, 3, 4, 5, 6, 7, 8, 9, 10, 11, 12, 13, 14, 15, 16, 17, 18, 19, 20, 21, 22, 23, 24, 25, 26, 27, 28, 29, 30, 31, 32, 33, 34, 35, 36, 37, 38, 39, 40, 41, 42, 43, 44, 45, 46, 47, 48, 49, 50, 51, 52, 53, 54, 55, 56, 57, 58, 59, 60, 61, 62, 63, 64, 65, 66, 67, 68, 69, 70, 71, 72, 73, 74, 75, 76, 77, 78, 79, 80, 81, 82, 83, 84, 85, 86, 87, 88, 89, 90, 91, 92, 93, 94, 95, 96, 97, 98, 99, 100, 101, 102, 103], Set 2 (B): [104, 105, 106, 107, 108, 109, 110]]
app.sequence_tolerance: Fitness Function Master Weights: [1, 1, 1, 2]
app.sequence_tolerance: Fitness of Starting Structure: 
---------------------------------------------------------------------
Score Type                  Other        A        B      A-B    Total
---------------------------------------------------------------------
fa_atr                      0.000 -263.008   -9.884  -36.029 -308.922
fa_rep                      0.000   49.976    0.702    4.656   55.334
fa_sol                      0.000  123.124    6.223   14.676  144.023
fa_intra_rep                0.000    0.878    0.098    0.000    0.976
pro_close                   0.000    1.854    0.000    0.000    1.854
fa_pair                     0.000   -4.835   -0.015   -1.452   -6.301
hbond_sr_bb                -5.473    0.000    0.000    0.000   -5.473
hbond_lr_bb               -24.479    0.000    0.000    0.000  -24.479
hbond_bb_sc                 0.000   -4.626    0.000    0.000   -4.626
hbond_sc                    0.000   -1.109    0.000   -2.373   -3.482
dslf_ss_dst                 0.000    0.000    0.000    0.000    0.000
dslf_cs_ang                 0.000    0.000    0.000    0.000    0.000
dslf_ss_dih                 0.000    0.000    0.000    0.000    0.000
dslf_ca_dih                 0.000    0.000    0.000    0.000    0.000
rama                        0.000   16.432    1.199    0.000   17.631
omega                       0.000    0.234    0.001    0.000    0.235
fa_dun                      0.000  112.163    7.488    0.000  119.650
p_aa_pp                     0.000   -9.970   -0.011    0.000   -9.981
ref                         0.000  -20.890    0.590    0.000  -20.300
---------------------------------------------------------------------
Total                     -29.952    0.223    6.391  -20.522  -43.859

core.pack.interaction_graph.interaction_graph_factory: Instantiating PDInteractionGraph
core.pack.pack_rotamers: built 8188 rotamers at 33 positions.
core.pack.pack_rotamers: IG: 89755692 bytes
app.sequence_tolerance: There are 1 positive states and 0 negative states
protocols.multistate_design.MultiStatePacker: Best single-state design score:   -53.80
app.sequence_tolerance: Adding single-state design entities:
app.sequence_tolerance: AA:106:Y AA:107:E AA:108:T AA:109:F AA:110:A 
app.sequence_tolerance: Generation 1:
app.sequence_tolerance: Distinct new entities: 1998
app.sequence_tolerance: Duplicate new entities: 2
app.sequence_tolerance: Entities from previous generation: 0
app.sequence_tolerance: Entities resurrected from earlier generations: 0
app.sequence_tolerance: Fitness Percentiles: 0%=-53.4604 25%=-38.216 50%=-26.2491 75%=94.9755 100%=2579.32
app.sequence_tolerance: Best new entity:
MultiStateEntity with traits: AA:106:Y AA:107:E AA:108:T AA:109:F AA:110:A and fitness -53.460
 SingleState 1 with fitness: -53.4604
app.sequence_tolerance: Generation 2:
app.sequence_tolerance: Distinct new entities: 1917
app.sequence_tolerance: Duplicate new entities: 3
app.sequence_tolerance: Entities from previous generation: 80
app.sequence_tolerance: Entities resurrected from earlier generations: 0
app.sequence_tolerance: Fitness Percentiles: 0%=-53.4604 25%=-41.754 50%=-32.9936 75%=-15.3672 100%=2532.12
app.sequence_tolerance: Best new entity:
MultiStateEntity with traits: AA:106:H AA:107:E AA:108:V AA:109:F AA:110:A and fitness -51.085
 SingleState 1 with fitness: -51.0846
app.sequence_tolerance: Generation 3:
app.sequence_tolerance: Distinct new entities: 1917
app.sequence_tolerance: Duplicate new entities: 5
app.sequence_tolerance: Entities from previous generation: 77
app.sequence_tolerance: Entities resurrected from earlier generations: 1
app.sequence_tolerance: Fitness Percentiles: 0%=-53.4604 25%=-43.1527 50%=-37.9054 75%=-27.3144 100%=2420.32
app.sequence_tolerance: Best new entity:
MultiStateEntity with traits: AA:106:W AA:107:E AA:108:T AA:109:Y AA:110:A and fitness -53.234
 SingleState 1 with fitness: -53.2344
app.sequence_tolerance: Generation 4:
app.sequence_tolerance: Distinct new entities: 1902
app.sequence_tolerance: Duplicate new entities: 1
app.sequence_tolerance: Entities from previous generation: 91
app.sequence_tolerance: Entities resurrected from earlier generations: 6
app.sequence_tolerance: Fitness Percentiles: 0%=-53.4604 25%=-44.0475 50%=-40.9043 75%=-31.9613 100%=2314.45
app.sequence_tolerance: Best new entity:
MultiStateEntity with traits: AA:106:Y AA:107:E AA:108:E AA:109:F AA:110:A and fitness -53.273
 SingleState 1 with fitness: -53.2735
app.sequence_tolerance: Generation 5:
app.sequence_tolerance: Distinct new entities: 1897
app.sequence_tolerance: Duplicate new entities: 5
app.sequence_tolerance: Entities from previous generation: 86
app.sequence_tolerance: Entities resurrected from earlier generations: 12
app.sequence_tolerance: Fitness Percentiles: 0%=-53.4604 25%=-44.8738 50%=-42.3765 75%=-34.4539 100%=2324.78
app.sequence_tolerance: Best new entity:
MultiStateEntity with traits: AA:106:K AA:107:E AA:108:T AA:109:F AA:110:A and fitness -53.254
 SingleState 1 with fitness: -53.2542
app.sequence_tolerance: Evaluated 9631 sequences out of 2476099 possible.
Best sequences:
