core.init: Mini-Rosetta version 40577 from https://svn.rosettacommons.org/source/branches/releases/rosetta-3.2/rosetta_source
core.init: command: /netapp/home/colin/rosetta/rosetta-3.2/rosetta_source/bin/backrub.linuxgccrelease -database /netapp/home/colin/rosetta/rosetta-3.2/rosetta_database -s /netapp/home/colin/backrub_seqtol/input_files/1N7T/1N7T_14.pdb -ignore_unrecognized_res -ex1 -ex2 -extrachi_cutoff 0 -out:prefix 1N7T_0014 -mute core.io.pdb.file_data -backrub:ntrials 10000 -score:weights standard -score:patch score12
core.init: 'RNG device' seed mode, using '/dev/urandom', seed=1890468004 seed_offset=0 real_seed=1890468004
core.init.random: RandomGenerator:init: Normal mode, seed=1890468004 RG_type=mt19937
core.scoring.ScoreFunctionFactory: SCOREFUNCTION: standard
core.scoring.ScoreFunctionFactory: SCOREFUNCTION PATCH: score12
core.scoring.etable: Starting energy table calculation
core.scoring.etable: smooth_etable: changing atr/rep split to bottom of energy well
core.scoring.etable: smooth_etable: spline smoothing lj etables (maxdis = 6)
core.scoring.etable: smooth_etable: spline smoothing solvation etables (max_dis = 6)
core.scoring.etable: Finished calculating energy tables.
core.io.database: Database file opened: /netapp/home/colin/rosetta/rosetta-3.2/rosetta_database/pdb_pair_stats_fine
core.io.database: Database file opened: /netapp/home/colin/rosetta/rosetta-3.2/rosetta_database/scoring/score_functions/hbonds/standard_params/HBPoly1D.csv
core.io.database: Database file opened: /netapp/home/colin/rosetta/rosetta-3.2/rosetta_database/scoring/score_functions/hbonds/standard_params/HBFadeIntervals.csv
core.io.database: Database file opened: /netapp/home/colin/rosetta/rosetta-3.2/rosetta_database/scoring/score_functions/hbonds/standard_params/HBEval.csv
core.io.database: Database file opened: /netapp/home/colin/rosetta/rosetta-3.2/rosetta_database/P_AA
core.io.database: Database file opened: /netapp/home/colin/rosetta/rosetta-3.2/rosetta_database/P_AA_n
core.io.database: Database file opened: /netapp/home/colin/rosetta/rosetta-3.2/rosetta_database/P_AA_pp
core.io.database: Database file opened: /netapp/home/colin/rosetta/rosetta-3.2/rosetta_database/Rama_smooth_dyn.dat_ss_6.4
core.mm.MMBondAngleLibrary: MM bond angle sets added fully assigned: 474; wildcard: 0 and 1 virtual parameter.
core.io.database: Database file opened: /netapp/home/colin/rosetta/rosetta-3.2/rosetta_database/branch_angle/branch_angle_1.txt
core.io.database: Database file opened: /netapp/home/colin/rosetta/rosetta-3.2/rosetta_database/branch_angle/branch_angle_2.txt
core.scoring.dunbrack: Dunbrack library took 0.02 seconds to load from binary
apps.backrub: Processing /netapp/home/colin/backrub_seqtol/input_files/1N7T/1N7T_14.pdb...
core.pack.task: Packer task: initialize from command line() 
protocols.moves.BackrubMover: Segment lengths: 3-34 atoms
protocols.moves.BackrubMover: Main chain pivot atoms: CA
protocols.moves.BackrubMover: Adding backrub segments for residues 1-110
protocols.moves.BackrubMover: Total Segments Added: 960
apps.backrub: Score After PDB Load:
apps.backrub: ------------------------------------------------------------
 Scores                       Weight   Raw Score Wghtd.Score
------------------------------------------------------------
 fa_atr                       0.800    -398.453    -318.762
 fa_rep                       0.440     177.586      78.138
 fa_sol                       0.650     242.239     157.455
 fa_intra_rep                 0.004     238.306       0.953
 mm_bend                      1.000      86.091      86.091
 pro_close                    1.000       1.772       1.772
 fa_pair                      0.490     -16.178      -7.927
 hbond_sr_bb                  0.585     -12.562      -7.349
 hbond_lr_bb                  1.170     -17.116     -20.026
 hbond_bb_sc                  1.170      -1.712      -2.003
 hbond_sc                     1.100      -0.545      -0.599
 dslf_ss_dst                  0.500       0.000       0.000
 dslf_cs_ang                  2.000       0.000       0.000
 dslf_ss_dih                  5.000       0.000       0.000
 dslf_ca_dih                  5.000       0.000       0.000
 rama                         0.200     198.646      39.729
 omega                        0.500       0.539       0.269
 fa_dun                       0.560     539.920     302.355
 p_aa_pp                      0.320     -16.073      -5.143
 ref                          1.000     -23.900     -23.900
---------------------------------------------------
 Total weighted score:                      281.053
core.pack.task: Packer task: initialize from command line() 
apps.backrub: Score After Branch Angle Optimization/Side Chain Idealization:
apps.backrub: ------------------------------------------------------------
 Scores                       Weight   Raw Score Wghtd.Score
------------------------------------------------------------
 fa_atr                       0.800    -398.059    -318.447
 fa_rep                       0.440     239.519     105.389
 fa_sol                       0.650     240.834     156.542
 fa_intra_rep                 0.004     271.591       1.086
 mm_bend                      1.000      56.448      56.448
 pro_close                    1.000       1.772       1.772
 fa_pair                      0.490     -15.616      -7.652
 hbond_sr_bb                  0.585     -12.562      -7.349
 hbond_lr_bb                  1.170     -17.116     -20.026
 hbond_bb_sc                  1.170      -1.874      -2.192
 hbond_sc                     1.100      -0.855      -0.941
 dslf_ss_dst                  0.500       0.000       0.000
 dslf_cs_ang                  2.000       0.000       0.000
 dslf_ss_dih                  5.000       0.000       0.000
 dslf_ca_dih                  5.000       0.000       0.000
 rama                         0.200     198.646      39.729
 omega                        0.500       0.539       0.269
 fa_dun                       0.560     540.038     302.421
 p_aa_pp                      0.320     -16.073      -5.143
 ref                          1.000     -23.900     -23.900
---------------------------------------------------
 Total weighted score:                      278.008
core.pack.task: Packer task: initialize from command line() 
apps.backrub: Running 10000 trials...
protocols.moves.MonteCarlo:      br_CA_CA_04 trials=    756;  accepts= 0.3981;  energy_drop/trial=  -0.02539
protocols.moves.MonteCarlo:      br_CA_CA_07 trials=    717;  accepts= 0.3640;  energy_drop/trial=  -0.03002
protocols.moves.MonteCarlo:      br_CA_CA_10 trials=    690;  accepts= 0.3232;  energy_drop/trial=  -0.01494
protocols.moves.MonteCarlo:      br_CA_CA_13 trials=    700;  accepts= 0.2857;  energy_drop/trial=  -0.00011
protocols.moves.MonteCarlo:      br_CA_CA_16 trials=    670;  accepts= 0.2597;  energy_drop/trial=  -0.00202
protocols.moves.MonteCarlo:      br_CA_CA_19 trials=    681;  accepts= 0.2261;  energy_drop/trial=  -0.02266
protocols.moves.MonteCarlo:      br_CA_CA_22 trials=    643;  accepts= 0.2006;  energy_drop/trial=  -0.00486
protocols.moves.MonteCarlo:      br_CA_CA_25 trials=    637;  accepts= 0.2245;  energy_drop/trial=  -0.00001
protocols.moves.MonteCarlo:      br_CA_CA_28 trials=    672;  accepts= 0.1994;  energy_drop/trial=  -0.00927
protocols.moves.MonteCarlo:      br_CA_CA_31 trials=    660;  accepts= 0.1833;  energy_drop/trial=  -0.00839
protocols.moves.MonteCarlo:      br_CA_CA_34 trials=    620;  accepts= 0.2306;  energy_drop/trial=  -0.00255
protocols.moves.MonteCarlo:       sc_chi_rot trials=   2281;  accepts= 0.3968;  energy_drop/trial=  -0.07082
protocols.moves.MonteCarlo:      sc_chi_unif trials=    273;  accepts= 0.0366;  energy_drop/trial=   0.00175
apps.backrub: Last Score:
apps.backrub: ------------------------------------------------------------
 Scores                       Weight   Raw Score Wghtd.Score
------------------------------------------------------------
 fa_atr                       0.800    -368.696    -294.957
 fa_rep                       0.440     125.670      55.295
 fa_sol                       0.650     221.552     144.009
 fa_intra_rep                 0.004     271.496       1.086
 mm_bend                      1.000      44.697      44.697
 pro_close                    1.000       1.772       1.772
 fa_pair                      0.490     -14.088      -6.903
 hbond_sr_bb                  0.585      -9.180      -5.370
 hbond_lr_bb                  1.170     -16.472     -19.272
 hbond_bb_sc                  1.170      -3.866      -4.523
 hbond_sc                     1.100      -2.331      -2.565
 dslf_ss_dst                  0.500       0.000       0.000
 dslf_cs_ang                  2.000       0.000       0.000
 dslf_ss_dih                  5.000       0.000       0.000
 dslf_ca_dih                  5.000       0.000       0.000
 rama                         0.200     141.300      28.260
 omega                        0.500       0.539       0.269
 fa_dun                       0.560     220.500     123.480
 p_aa_pp                      0.320     -27.574      -8.824
 ref                          1.000     -23.900     -23.900
---------------------------------------------------
 Total weighted score:                       32.555
apps.backrub: Low Score:
apps.backrub: ------------------------------------------------------------
 Scores                       Weight   Raw Score Wghtd.Score
------------------------------------------------------------
 fa_atr                       0.800    -368.696    -294.957
 fa_rep                       0.440     125.670      55.295
 fa_sol                       0.650     221.552     144.009
 fa_intra_rep                 0.004     271.496       1.086
 mm_bend                      1.000      44.697      44.697
 pro_close                    1.000       1.772       1.772
 fa_pair                      0.490     -14.088      -6.903
 hbond_sr_bb                  0.585      -9.180      -5.370
 hbond_lr_bb                  1.170     -16.472     -19.272
 hbond_bb_sc                  1.170      -3.866      -4.523
 hbond_sc                     1.100      -2.331      -2.565
 dslf_ss_dst                  0.500       0.000       0.000
 dslf_cs_ang                  2.000       0.000       0.000
 dslf_ss_dih                  5.000       0.000       0.000
 dslf_ca_dih                  5.000       0.000       0.000
 rama                         0.200     141.300      28.260
 omega                        0.500       0.539       0.269
 fa_dun                       0.560     220.500     123.480
 p_aa_pp                      0.320     -27.574      -8.824
 ref                          1.000     -23.900     -23.900
---------------------------------------------------
 Total weighted score:                       32.555
