core.init: Mini-Rosetta version 40577 from https://svn.rosettacommons.org/source/branches/releases/rosetta-3.2/rosetta_source
core.init: command: /netapp/home/colin/rosetta/rosetta-3.2/rosetta_source/bin/backrub.linuxgccrelease -database /netapp/home/colin/rosetta/rosetta-3.2/rosetta_database -s /netapp/home/colin/backrub_seqtol/input_files/1N7T/1N7T_17.pdb -ignore_unrecognized_res -ex1 -ex2 -extrachi_cutoff 0 -out:prefix 1N7T_0017 -mute core.io.pdb.file_data -backrub:ntrials 10000 -score:weights standard -score:patch score12
core.init: 'RNG device' seed mode, using '/dev/urandom', seed=-1868056252 seed_offset=0 real_seed=-1868056252
core.init.random: RandomGenerator:init: Normal mode, seed=-1868056252 RG_type=mt19937
core.scoring.ScoreFunctionFactory: SCOREFUNCTION: standard
core.scoring.ScoreFunctionFactory: SCOREFUNCTION PATCH: score12
core.scoring.etable: Starting energy table calculation
core.scoring.etable: smooth_etable: changing atr/rep split to bottom of energy well
core.scoring.etable: smooth_etable: spline smoothing lj etables (maxdis = 6)
core.scoring.etable: smooth_etable: spline smoothing solvation etables (max_dis = 6)
core.scoring.etable: Finished calculating energy tables.
core.io.database: Database file opened: /netapp/home/colin/rosetta/rosetta-3.2/rosetta_database/pdb_pair_stats_fine
core.io.database: Database file opened: /netapp/home/colin/rosetta/rosetta-3.2/rosetta_database/scoring/score_functions/hbonds/standard_params/HBPoly1D.csv
core.io.database: Database file opened: /netapp/home/colin/rosetta/rosetta-3.2/rosetta_database/scoring/score_functions/hbonds/standard_params/HBFadeIntervals.csv
core.io.database: Database file opened: /netapp/home/colin/rosetta/rosetta-3.2/rosetta_database/scoring/score_functions/hbonds/standard_params/HBEval.csv
core.io.database: Database file opened: /netapp/home/colin/rosetta/rosetta-3.2/rosetta_database/P_AA
core.io.database: Database file opened: /netapp/home/colin/rosetta/rosetta-3.2/rosetta_database/P_AA_n
core.io.database: Database file opened: /netapp/home/colin/rosetta/rosetta-3.2/rosetta_database/P_AA_pp
core.io.database: Database file opened: /netapp/home/colin/rosetta/rosetta-3.2/rosetta_database/Rama_smooth_dyn.dat_ss_6.4
core.mm.MMBondAngleLibrary: MM bond angle sets added fully assigned: 474; wildcard: 0 and 1 virtual parameter.
core.io.database: Database file opened: /netapp/home/colin/rosetta/rosetta-3.2/rosetta_database/branch_angle/branch_angle_1.txt
core.io.database: Database file opened: /netapp/home/colin/rosetta/rosetta-3.2/rosetta_database/branch_angle/branch_angle_2.txt
core.scoring.dunbrack: Dunbrack library took 0.04 seconds to load from binary
apps.backrub: Processing /netapp/home/colin/backrub_seqtol/input_files/1N7T/1N7T_17.pdb...
core.pack.task: Packer task: initialize from command line() 
protocols.moves.BackrubMover: Segment lengths: 3-34 atoms
protocols.moves.BackrubMover: Main chain pivot atoms: CA
protocols.moves.BackrubMover: Adding backrub segments for residues 1-110
protocols.moves.BackrubMover: Total Segments Added: 960
apps.backrub: Score After PDB Load:
apps.backrub: ------------------------------------------------------------
 Scores                       Weight   Raw Score Wghtd.Score
------------------------------------------------------------
 fa_atr                       0.800    -388.635    -310.908
 fa_rep                       0.440     192.045      84.500
 fa_sol                       0.650     234.735     152.578
 fa_intra_rep                 0.004     238.053       0.952
 mm_bend                      1.000      84.865      84.865
 pro_close                    1.000       1.797       1.797
 fa_pair                      0.490     -12.926      -6.334
 hbond_sr_bb                  0.585     -13.339      -7.803
 hbond_lr_bb                  1.170     -17.151     -20.067
 hbond_bb_sc                  1.170      -1.202      -1.407
 hbond_sc                     1.100      -0.505      -0.555
 dslf_ss_dst                  0.500       0.000       0.000
 dslf_cs_ang                  2.000       0.000       0.000
 dslf_ss_dih                  5.000       0.000       0.000
 dslf_ca_dih                  5.000       0.000       0.000
 rama                         0.200     134.695      26.939
 omega                        0.500       0.548       0.274
 fa_dun                       0.560     518.012     290.087
 p_aa_pp                      0.320     -20.810      -6.659
 ref                          1.000     -23.900     -23.900
---------------------------------------------------
 Total weighted score:                      264.358
core.pack.task: Packer task: initialize from command line() 
apps.backrub: Score After Branch Angle Optimization/Side Chain Idealization:
apps.backrub: ------------------------------------------------------------
 Scores                       Weight   Raw Score Wghtd.Score
------------------------------------------------------------
 fa_atr                       0.800    -387.104    -309.683
 fa_rep                       0.440     227.617     100.152
 fa_sol                       0.650     232.091     150.859
 fa_intra_rep                 0.004     264.352       1.057
 mm_bend                      1.000      55.089      55.089
 pro_close                    1.000       1.797       1.797
 fa_pair                      0.490     -13.140      -6.439
 hbond_sr_bb                  0.585     -13.339      -7.803
 hbond_lr_bb                  1.170     -17.151     -20.067
 hbond_bb_sc                  1.170      -0.726      -0.849
 hbond_sc                     1.100      -0.291      -0.320
 dslf_ss_dst                  0.500       0.000       0.000
 dslf_cs_ang                  2.000       0.000       0.000
 dslf_ss_dih                  5.000       0.000       0.000
 dslf_ca_dih                  5.000       0.000       0.000
 rama                         0.200     134.695      26.939
 omega                        0.500       0.548       0.274
 fa_dun                       0.560     518.058     290.112
 p_aa_pp                      0.320     -20.810      -6.659
 ref                          1.000     -23.900     -23.900
---------------------------------------------------
 Total weighted score:                      250.558
core.pack.task: Packer task: initialize from command line() 
apps.backrub: Running 10000 trials...
protocols.moves.MonteCarlo:      br_CA_CA_04 trials=    807;  accepts= 0.4002;  energy_drop/trial=  -0.02994
protocols.moves.MonteCarlo:      br_CA_CA_07 trials=    716;  accepts= 0.3394;  energy_drop/trial=  -0.00580
protocols.moves.MonteCarlo:      br_CA_CA_10 trials=    735;  accepts= 0.3333;  energy_drop/trial=  -0.00158
protocols.moves.MonteCarlo:      br_CA_CA_13 trials=    700;  accepts= 0.3000;  energy_drop/trial=   0.00888
protocols.moves.MonteCarlo:      br_CA_CA_16 trials=    672;  accepts= 0.2426;  energy_drop/trial=   0.00032
protocols.moves.MonteCarlo:      br_CA_CA_19 trials=    666;  accepts= 0.2192;  energy_drop/trial=  -0.02086
protocols.moves.MonteCarlo:      br_CA_CA_22 trials=    655;  accepts= 0.2214;  energy_drop/trial=   0.00693
protocols.moves.MonteCarlo:      br_CA_CA_25 trials=    650;  accepts= 0.2246;  energy_drop/trial=  -0.00764
protocols.moves.MonteCarlo:      br_CA_CA_28 trials=    629;  accepts= 0.2067;  energy_drop/trial=  -0.00696
protocols.moves.MonteCarlo:      br_CA_CA_31 trials=    617;  accepts= 0.2253;  energy_drop/trial=  -0.00776
protocols.moves.MonteCarlo:      br_CA_CA_34 trials=    611;  accepts= 0.1882;  energy_drop/trial=  -0.02423
protocols.moves.MonteCarlo:       sc_chi_rot trials=   2303;  accepts= 0.3804;  energy_drop/trial=  -0.07281
protocols.moves.MonteCarlo:      sc_chi_unif trials=    239;  accepts= 0.0460;  energy_drop/trial=   0.01135
apps.backrub: Last Score:
apps.backrub: ------------------------------------------------------------
 Scores                       Weight   Raw Score Wghtd.Score
------------------------------------------------------------
 fa_atr                       0.800    -364.223    -291.379
 fa_rep                       0.440     130.036      57.216
 fa_sol                       0.650     211.884     137.725
 fa_intra_rep                 0.004     277.847       1.111
 mm_bend                      1.000      50.040      50.040
 pro_close                    1.000       1.797       1.797
 fa_pair                      0.490     -12.086      -5.922
 hbond_sr_bb                  0.585      -9.852      -5.763
 hbond_lr_bb                  1.170     -17.503     -20.478
 hbond_bb_sc                  1.170      -2.039      -2.386
 hbond_sc                     1.100      -0.100      -0.110
 dslf_ss_dst                  0.500       0.000       0.000
 dslf_cs_ang                  2.000       0.000       0.000
 dslf_ss_dih                  5.000       0.000       0.000
 dslf_ca_dih                  5.000       0.000       0.000
 rama                         0.200      87.540      17.508
 omega                        0.500       0.548       0.274
 fa_dun                       0.560     213.944     119.809
 p_aa_pp                      0.320     -35.313     -11.300
 ref                          1.000     -23.900     -23.900
---------------------------------------------------
 Total weighted score:                       24.241
apps.backrub: Low Score:
apps.backrub: ------------------------------------------------------------
 Scores                       Weight   Raw Score Wghtd.Score
------------------------------------------------------------
 fa_atr                       0.800    -363.914    -291.131
 fa_rep                       0.440     103.537      45.556
 fa_sol                       0.650     214.756     139.591
 fa_intra_rep                 0.004     274.974       1.100
 mm_bend                      1.000      49.273      49.273
 pro_close                    1.000       1.797       1.797
 fa_pair                      0.490     -12.392      -6.072
 hbond_sr_bb                  0.585     -12.142      -7.103
 hbond_lr_bb                  1.170     -20.033     -23.439
 hbond_bb_sc                  1.170      -1.334      -1.560
 hbond_sc                     1.100      -0.211      -0.232
 dslf_ss_dst                  0.500       0.000       0.000
 dslf_cs_ang                  2.000       0.000       0.000
 dslf_ss_dih                  5.000       0.000       0.000
 dslf_ca_dih                  5.000       0.000       0.000
 rama                         0.200      88.527      17.705
 omega                        0.500       0.548       0.274
 fa_dun                       0.560     200.954     112.534
 p_aa_pp                      0.320     -35.302     -11.297
 ref                          1.000     -23.900     -23.900
---------------------------------------------------
 Total weighted score:                        3.096
