core.init: Mini-Rosetta version 40577 from https://svn.rosettacommons.org/source/branches/releases/rosetta-3.2/rosetta_source
core.init: command: /netapp/home/colin/rosetta/rosetta-3.2/rosetta_source/bin/backrub.linuxgccrelease -database /netapp/home/colin/rosetta/rosetta-3.2/rosetta_database -s /netapp/home/colin/backrub_seqtol/input_files/1N7T/1N7T_15.pdb -ignore_unrecognized_res -ex1 -ex2 -extrachi_cutoff 0 -out:prefix 1N7T_0015 -mute core.io.pdb.file_data -backrub:ntrials 10000 -score:weights standard -score:patch score12
core.init: 'RNG device' seed mode, using '/dev/urandom', seed=1293107666 seed_offset=0 real_seed=1293107666
core.init.random: RandomGenerator:init: Normal mode, seed=1293107666 RG_type=mt19937
core.scoring.ScoreFunctionFactory: SCOREFUNCTION: standard
core.scoring.ScoreFunctionFactory: SCOREFUNCTION PATCH: score12
core.scoring.etable: Starting energy table calculation
core.scoring.etable: smooth_etable: changing atr/rep split to bottom of energy well
core.scoring.etable: smooth_etable: spline smoothing lj etables (maxdis = 6)
core.scoring.etable: smooth_etable: spline smoothing solvation etables (max_dis = 6)
core.scoring.etable: Finished calculating energy tables.
core.io.database: Database file opened: /netapp/home/colin/rosetta/rosetta-3.2/rosetta_database/pdb_pair_stats_fine
core.io.database: Database file opened: /netapp/home/colin/rosetta/rosetta-3.2/rosetta_database/scoring/score_functions/hbonds/standard_params/HBPoly1D.csv
core.io.database: Database file opened: /netapp/home/colin/rosetta/rosetta-3.2/rosetta_database/scoring/score_functions/hbonds/standard_params/HBFadeIntervals.csv
core.io.database: Database file opened: /netapp/home/colin/rosetta/rosetta-3.2/rosetta_database/scoring/score_functions/hbonds/standard_params/HBEval.csv
core.io.database: Database file opened: /netapp/home/colin/rosetta/rosetta-3.2/rosetta_database/P_AA
core.io.database: Database file opened: /netapp/home/colin/rosetta/rosetta-3.2/rosetta_database/P_AA_n
core.io.database: Database file opened: /netapp/home/colin/rosetta/rosetta-3.2/rosetta_database/P_AA_pp
core.io.database: Database file opened: /netapp/home/colin/rosetta/rosetta-3.2/rosetta_database/Rama_smooth_dyn.dat_ss_6.4
core.mm.MMBondAngleLibrary: MM bond angle sets added fully assigned: 474; wildcard: 0 and 1 virtual parameter.
core.io.database: Database file opened: /netapp/home/colin/rosetta/rosetta-3.2/rosetta_database/branch_angle/branch_angle_1.txt
core.io.database: Database file opened: /netapp/home/colin/rosetta/rosetta-3.2/rosetta_database/branch_angle/branch_angle_2.txt
core.scoring.dunbrack: Dunbrack library took 0.02 seconds to load from binary
apps.backrub: Processing /netapp/home/colin/backrub_seqtol/input_files/1N7T/1N7T_15.pdb...
core.pack.task: Packer task: initialize from command line() 
protocols.moves.BackrubMover: Segment lengths: 3-34 atoms
protocols.moves.BackrubMover: Main chain pivot atoms: CA
protocols.moves.BackrubMover: Adding backrub segments for residues 1-110
protocols.moves.BackrubMover: Total Segments Added: 960
apps.backrub: Score After PDB Load:
apps.backrub: ------------------------------------------------------------
 Scores                       Weight   Raw Score Wghtd.Score
------------------------------------------------------------
 fa_atr                       0.800    -381.171    -304.937
 fa_rep                       0.440     184.600      81.224
 fa_sol                       0.650     231.067     150.194
 fa_intra_rep                 0.004     228.899       0.916
 mm_bend                      1.000      85.251      85.251
 pro_close                    1.000       1.817       1.817
 fa_pair                      0.490     -14.711      -7.208
 hbond_sr_bb                  0.585     -12.211      -7.144
 hbond_lr_bb                  1.170     -16.634     -19.461
 hbond_bb_sc                  1.170      -1.416      -1.657
 hbond_sc                     1.100      -0.872      -0.960
 dslf_ss_dst                  0.500       0.000       0.000
 dslf_cs_ang                  2.000       0.000       0.000
 dslf_ss_dih                  5.000       0.000       0.000
 dslf_ca_dih                  5.000       0.000       0.000
 rama                         0.200     130.559      26.112
 omega                        0.500       0.438       0.219
 fa_dun                       0.560     468.196     262.190
 p_aa_pp                      0.320     -18.350      -5.872
 ref                          1.000     -23.900     -23.900
---------------------------------------------------
 Total weighted score:                      236.783
core.pack.task: Packer task: initialize from command line() 
apps.backrub: Score After Branch Angle Optimization/Side Chain Idealization:
apps.backrub: ------------------------------------------------------------
 Scores                       Weight   Raw Score Wghtd.Score
------------------------------------------------------------
 fa_atr                       0.800    -379.296    -303.437
 fa_rep                       0.440     208.268      91.638
 fa_sol                       0.650     228.678     148.641
 fa_intra_rep                 0.004     253.006       1.012
 mm_bend                      1.000      55.295      55.295
 pro_close                    1.000       1.817       1.817
 fa_pair                      0.490     -14.284      -6.999
 hbond_sr_bb                  0.585     -12.211      -7.144
 hbond_lr_bb                  1.170     -16.634     -19.461
 hbond_bb_sc                  1.170      -1.290      -1.509
 hbond_sc                     1.100      -0.302      -0.332
 dslf_ss_dst                  0.500       0.000       0.000
 dslf_cs_ang                  2.000       0.000       0.000
 dslf_ss_dih                  5.000       0.000       0.000
 dslf_ca_dih                  5.000       0.000       0.000
 rama                         0.200     130.559      26.112
 omega                        0.500       0.438       0.219
 fa_dun                       0.560     468.244     262.217
 p_aa_pp                      0.320     -18.350      -5.872
 ref                          1.000     -23.900     -23.900
---------------------------------------------------
 Total weighted score:                      218.295
core.pack.task: Packer task: initialize from command line() 
apps.backrub: Running 10000 trials...
protocols.moves.MonteCarlo:      br_CA_CA_04 trials=    719;  accepts= 0.4159;  energy_drop/trial=  -0.05060
protocols.moves.MonteCarlo:      br_CA_CA_07 trials=    721;  accepts= 0.3370;  energy_drop/trial=  -0.01777
protocols.moves.MonteCarlo:      br_CA_CA_10 trials=    754;  accepts= 0.3515;  energy_drop/trial=  -0.00153
protocols.moves.MonteCarlo:      br_CA_CA_13 trials=    699;  accepts= 0.2561;  energy_drop/trial=  -0.00424
protocols.moves.MonteCarlo:      br_CA_CA_16 trials=    723;  accepts= 0.2310;  energy_drop/trial=  -0.01509
protocols.moves.MonteCarlo:      br_CA_CA_19 trials=    686;  accepts= 0.2376;  energy_drop/trial=  -0.00307
protocols.moves.MonteCarlo:      br_CA_CA_22 trials=    715;  accepts= 0.2224;  energy_drop/trial=  -0.02248
protocols.moves.MonteCarlo:      br_CA_CA_25 trials=    614;  accepts= 0.2052;  energy_drop/trial=  -0.00070
protocols.moves.MonteCarlo:      br_CA_CA_28 trials=    641;  accepts= 0.2387;  energy_drop/trial=  -0.00350
protocols.moves.MonteCarlo:      br_CA_CA_31 trials=    650;  accepts= 0.1662;  energy_drop/trial=   0.01205
protocols.moves.MonteCarlo:      br_CA_CA_34 trials=    640;  accepts= 0.1797;  energy_drop/trial=  -0.00764
protocols.moves.MonteCarlo:       sc_chi_rot trials=   2219;  accepts= 0.3610;  energy_drop/trial=  -0.05935
protocols.moves.MonteCarlo:      sc_chi_unif trials=    219;  accepts= 0.0320;  energy_drop/trial=   0.03136
apps.backrub: Last Score:
apps.backrub: ------------------------------------------------------------
 Scores                       Weight   Raw Score Wghtd.Score
------------------------------------------------------------
 fa_atr                       0.800    -347.282    -277.826
 fa_rep                       0.440      96.334      42.387
 fa_sol                       0.650     202.212     131.438
 fa_intra_rep                 0.004     232.918       0.932
 mm_bend                      1.000      46.927      46.927
 pro_close                    1.000       1.817       1.817
 fa_pair                      0.490     -11.703      -5.735
 hbond_sr_bb                  0.585     -10.390      -6.078
 hbond_lr_bb                  1.170     -17.330     -20.276
 hbond_bb_sc                  1.170      -2.409      -2.818
 hbond_sc                     1.100      -0.098      -0.108
 dslf_ss_dst                  0.500       0.000       0.000
 dslf_cs_ang                  2.000       0.000       0.000
 dslf_ss_dih                  5.000       0.000       0.000
 dslf_ca_dih                  5.000       0.000       0.000
 rama                         0.200      74.125      14.825
 omega                        0.500       0.438       0.219
 fa_dun                       0.560     217.300     121.688
 p_aa_pp                      0.320     -37.982     -12.154
 ref                          1.000     -23.900     -23.900
---------------------------------------------------
 Total weighted score:                       11.337
apps.backrub: Low Score:
apps.backrub: ------------------------------------------------------------
 Scores                       Weight   Raw Score Wghtd.Score
------------------------------------------------------------
 fa_atr                       0.800    -355.567    -284.453
 fa_rep                       0.440     101.534      44.675
 fa_sol                       0.650     204.892     133.180
 fa_intra_rep                 0.004     243.854       0.975
 mm_bend                      1.000      44.213      44.213
 pro_close                    1.000       1.817       1.817
 fa_pair                      0.490     -10.676      -5.231
 hbond_sr_bb                  0.585      -9.858      -5.767
 hbond_lr_bb                  1.170     -17.274     -20.210
 hbond_bb_sc                  1.170      -2.477      -2.898
 hbond_sc                     1.100      -0.319      -0.351
 dslf_ss_dst                  0.500       0.000       0.000
 dslf_cs_ang                  2.000       0.000       0.000
 dslf_ss_dih                  5.000       0.000       0.000
 dslf_ca_dih                  5.000       0.000       0.000
 rama                         0.200      70.379      14.076
 omega                        0.500       0.438       0.219
 fa_dun                       0.560     216.929     121.480
 p_aa_pp                      0.320     -36.195     -11.582
 ref                          1.000     -23.900     -23.900
---------------------------------------------------
 Total weighted score:                        6.242
