core.init: Mini-Rosetta version 40577 from https://svn.rosettacommons.org/source/branches/releases/rosetta-3.2/rosetta_source
core.init: command: /netapp/home/colin/rosetta/rosetta-3.2/rosetta_source/bin/backrub.linuxgccrelease -database /netapp/home/colin/rosetta/rosetta-3.2/rosetta_database -s /netapp/home/colin/backrub_seqtol/input_files/1N7T/1N7T_18.pdb -ignore_unrecognized_res -ex1 -ex2 -extrachi_cutoff 0 -out:prefix 1N7T_0018 -mute core.io.pdb.file_data -backrub:ntrials 10000 -score:weights standard -score:patch score12
core.init: 'RNG device' seed mode, using '/dev/urandom', seed=1996503578 seed_offset=0 real_seed=1996503578
core.init.random: RandomGenerator:init: Normal mode, seed=1996503578 RG_type=mt19937
core.scoring.ScoreFunctionFactory: SCOREFUNCTION: standard
core.scoring.ScoreFunctionFactory: SCOREFUNCTION PATCH: score12
core.scoring.etable: Starting energy table calculation
core.scoring.etable: smooth_etable: changing atr/rep split to bottom of energy well
core.scoring.etable: smooth_etable: spline smoothing lj etables (maxdis = 6)
core.scoring.etable: smooth_etable: spline smoothing solvation etables (max_dis = 6)
core.scoring.etable: Finished calculating energy tables.
core.io.database: Database file opened: /netapp/home/colin/rosetta/rosetta-3.2/rosetta_database/pdb_pair_stats_fine
core.io.database: Database file opened: /netapp/home/colin/rosetta/rosetta-3.2/rosetta_database/scoring/score_functions/hbonds/standard_params/HBPoly1D.csv
core.io.database: Database file opened: /netapp/home/colin/rosetta/rosetta-3.2/rosetta_database/scoring/score_functions/hbonds/standard_params/HBFadeIntervals.csv
core.io.database: Database file opened: /netapp/home/colin/rosetta/rosetta-3.2/rosetta_database/scoring/score_functions/hbonds/standard_params/HBEval.csv
core.io.database: Database file opened: /netapp/home/colin/rosetta/rosetta-3.2/rosetta_database/P_AA
core.io.database: Database file opened: /netapp/home/colin/rosetta/rosetta-3.2/rosetta_database/P_AA_n
core.io.database: Database file opened: /netapp/home/colin/rosetta/rosetta-3.2/rosetta_database/P_AA_pp
core.io.database: Database file opened: /netapp/home/colin/rosetta/rosetta-3.2/rosetta_database/Rama_smooth_dyn.dat_ss_6.4
core.mm.MMBondAngleLibrary: MM bond angle sets added fully assigned: 474; wildcard: 0 and 1 virtual parameter.
core.io.database: Database file opened: /netapp/home/colin/rosetta/rosetta-3.2/rosetta_database/branch_angle/branch_angle_1.txt
core.io.database: Database file opened: /netapp/home/colin/rosetta/rosetta-3.2/rosetta_database/branch_angle/branch_angle_2.txt
core.scoring.dunbrack: Dunbrack library took 0.05 seconds to load from binary
apps.backrub: Processing /netapp/home/colin/backrub_seqtol/input_files/1N7T/1N7T_18.pdb...
core.pack.task: Packer task: initialize from command line() 
protocols.moves.BackrubMover: Segment lengths: 3-34 atoms
protocols.moves.BackrubMover: Main chain pivot atoms: CA
protocols.moves.BackrubMover: Adding backrub segments for residues 1-110
protocols.moves.BackrubMover: Total Segments Added: 960
apps.backrub: Score After PDB Load:
apps.backrub: ------------------------------------------------------------
 Scores                       Weight   Raw Score Wghtd.Score
------------------------------------------------------------
 fa_atr                       0.800    -404.677    -323.741
 fa_rep                       0.440     208.513      91.746
 fa_sol                       0.650     249.158     161.953
 fa_intra_rep                 0.004     236.391       0.946
 mm_bend                      1.000      84.835      84.835
 pro_close                    1.000       1.782       1.782
 fa_pair                      0.490     -14.198      -6.957
 hbond_sr_bb                  0.585     -11.916      -6.971
 hbond_lr_bb                  1.170     -18.796     -21.991
 hbond_bb_sc                  1.170      -0.728      -0.852
 hbond_sc                     1.100      -1.487      -1.636
 dslf_ss_dst                  0.500       0.000       0.000
 dslf_cs_ang                  2.000       0.000       0.000
 dslf_ss_dih                  5.000       0.000       0.000
 dslf_ca_dih                  5.000       0.000       0.000
 rama                         0.200     162.498      32.500
 omega                        0.500       0.497       0.249
 fa_dun                       0.560     515.372     288.608
 p_aa_pp                      0.320     -23.023      -7.367
 ref                          1.000     -23.900     -23.900
---------------------------------------------------
 Total weighted score:                      269.203
core.pack.task: Packer task: initialize from command line() 
apps.backrub: Score After Branch Angle Optimization/Side Chain Idealization:
apps.backrub: ------------------------------------------------------------
 Scores                       Weight   Raw Score Wghtd.Score
------------------------------------------------------------
 fa_atr                       0.800    -402.506    -322.004
 fa_rep                       0.440     248.393     109.293
 fa_sol                       0.650     246.320     160.108
 fa_intra_rep                 0.004     270.365       1.081
 mm_bend                      1.000      55.318      55.318
 pro_close                    1.000       1.782       1.782
 fa_pair                      0.490     -13.999      -6.859
 hbond_sr_bb                  0.585     -11.916      -6.971
 hbond_lr_bb                  1.170     -18.796     -21.991
 hbond_bb_sc                  1.170      -0.735      -0.859
 hbond_sc                     1.100      -1.383      -1.521
 dslf_ss_dst                  0.500       0.000       0.000
 dslf_cs_ang                  2.000       0.000       0.000
 dslf_ss_dih                  5.000       0.000       0.000
 dslf_ca_dih                  5.000       0.000       0.000
 rama                         0.200     162.498      32.500
 omega                        0.500       0.497       0.249
 fa_dun                       0.560     515.358     288.601
 p_aa_pp                      0.320     -23.023      -7.367
 ref                          1.000     -23.900     -23.900
---------------------------------------------------
 Total weighted score:                      257.458
core.pack.task: Packer task: initialize from command line() 
apps.backrub: Running 10000 trials...
protocols.moves.MonteCarlo:      br_CA_CA_04 trials=    716;  accepts= 0.4134;  energy_drop/trial=  -0.03759
protocols.moves.MonteCarlo:      br_CA_CA_07 trials=    736;  accepts= 0.3601;  energy_drop/trial=  -0.00317
protocols.moves.MonteCarlo:      br_CA_CA_10 trials=    727;  accepts= 0.3329;  energy_drop/trial=  -0.00464
protocols.moves.MonteCarlo:      br_CA_CA_13 trials=    662;  accepts= 0.2568;  energy_drop/trial=  -0.00155
protocols.moves.MonteCarlo:      br_CA_CA_16 trials=    658;  accepts= 0.2401;  energy_drop/trial=  -0.01205
protocols.moves.MonteCarlo:      br_CA_CA_19 trials=    682;  accepts= 0.2581;  energy_drop/trial=   0.00120
protocols.moves.MonteCarlo:      br_CA_CA_22 trials=    659;  accepts= 0.2155;  energy_drop/trial=   0.00373
protocols.moves.MonteCarlo:      br_CA_CA_25 trials=    648;  accepts= 0.2222;  energy_drop/trial=   0.00368
protocols.moves.MonteCarlo:      br_CA_CA_28 trials=    667;  accepts= 0.1949;  energy_drop/trial=  -0.02027
protocols.moves.MonteCarlo:      br_CA_CA_31 trials=    662;  accepts= 0.1707;  energy_drop/trial=  -0.00355
protocols.moves.MonteCarlo:      br_CA_CA_34 trials=    649;  accepts= 0.2157;  energy_drop/trial=  -0.00482
protocols.moves.MonteCarlo:       sc_chi_rot trials=   2276;  accepts= 0.3805;  energy_drop/trial=  -0.07357
protocols.moves.MonteCarlo:      sc_chi_unif trials=    258;  accepts= 0.0543;  energy_drop/trial=   0.01037
apps.backrub: Last Score:
apps.backrub: ------------------------------------------------------------
 Scores                       Weight   Raw Score Wghtd.Score
------------------------------------------------------------
 fa_atr                       0.800    -335.630    -268.504
 fa_rep                       0.440     114.106      50.207
 fa_sol                       0.650     199.980     129.987
 fa_intra_rep                 0.004     238.573       0.954
 mm_bend                      1.000      55.197      55.197
 pro_close                    1.000       1.782       1.782
 fa_pair                      0.490      -8.558      -4.193
 hbond_sr_bb                  0.585      -9.323      -5.454
 hbond_lr_bb                  1.170     -18.715     -21.896
 hbond_bb_sc                  1.170      -0.818      -0.958
 hbond_sc                     1.100      -1.066      -1.173
 dslf_ss_dst                  0.500       0.000       0.000
 dslf_cs_ang                  2.000       0.000       0.000
 dslf_ss_dih                  5.000       0.000       0.000
 dslf_ca_dih                  5.000       0.000       0.000
 rama                         0.200      84.186      16.837
 omega                        0.500       0.497       0.249
 fa_dun                       0.560     215.730     120.809
 p_aa_pp                      0.320     -37.985     -12.155
 ref                          1.000     -23.900     -23.900
---------------------------------------------------
 Total weighted score:                       37.789
apps.backrub: Low Score:
apps.backrub: ------------------------------------------------------------
 Scores                       Weight   Raw Score Wghtd.Score
------------------------------------------------------------
 fa_atr                       0.800    -340.823    -272.658
 fa_rep                       0.440     100.449      44.197
 fa_sol                       0.650     204.632     133.011
 fa_intra_rep                 0.004     251.483       1.006
 mm_bend                      1.000      49.628      49.628
 pro_close                    1.000       1.782       1.782
 fa_pair                      0.490     -12.326      -6.040
 hbond_sr_bb                  0.585     -10.147      -5.936
 hbond_lr_bb                  1.170     -17.836     -20.868
 hbond_bb_sc                  1.170      -1.424      -1.666
 hbond_sc                     1.100      -1.531      -1.684
 dslf_ss_dst                  0.500       0.000       0.000
 dslf_cs_ang                  2.000       0.000       0.000
 dslf_ss_dih                  5.000       0.000       0.000
 dslf_ca_dih                  5.000       0.000       0.000
 rama                         0.200      73.435      14.687
 omega                        0.500       0.497       0.249
 fa_dun                       0.560     223.600     125.216
 p_aa_pp                      0.320     -39.332     -12.586
 ref                          1.000     -23.900     -23.900
---------------------------------------------------
 Total weighted score:                       24.436
