core.init: Mini-Rosetta version 40577 from https://svn.rosettacommons.org/source/branches/releases/rosetta-3.2/rosetta_source
core.init: command: /netapp/home/colin/rosetta/rosetta-3.2/rosetta_source/bin/sequence_tolerance.linuxgccrelease -database /netapp/home/colin/rosetta/rosetta-3.2/rosetta_database -s 1N7T_0005_low.pdb -ex1 -ex2 -extrachi_cutoff 0 -seq_tol:fitness_master_weights 1 1 1 2 -ms:generations 5 -ms:pop_size 2000 -ms:pop_from_ss 1 -ms:checkpoint:prefix 1N7T_0005 -ms:checkpoint:interval 200 -ms:checkpoint:gz -ms:numresults 0 -out:prefix 1N7T_0005 -score:weights standard -score:patch score12 -score:ref_offsets HIS 1.2 -resfile /netapp/home/colin/backrub_seqtol/input_files/1N7T/1N7T_seqtol.resfile
core.init: 'RNG device' seed mode, using '/dev/urandom', seed=220590617 seed_offset=0 real_seed=220590617
core.init.random: RandomGenerator:init: Normal mode, seed=220590617 RG_type=mt19937
core.pack.task: Packer task: initialize from command line() 
core.pack.task: Packer task: initialize from command line() 
core.scoring.ScoreFunctionFactory: SCOREFUNCTION: standard
core.scoring.ScoreFunctionFactory: SCOREFUNCTION PATCH: score12
core.scoring.etable: Starting energy table calculation
core.scoring.etable: smooth_etable: changing atr/rep split to bottom of energy well
core.scoring.etable: smooth_etable: spline smoothing lj etables (maxdis = 6)
core.scoring.etable: smooth_etable: spline smoothing solvation etables (max_dis = 6)
core.scoring.etable: Finished calculating energy tables.
core.io.database: Database file opened: /netapp/home/colin/rosetta/rosetta-3.2/rosetta_database/pdb_pair_stats_fine
core.io.database: Database file opened: /netapp/home/colin/rosetta/rosetta-3.2/rosetta_database/scoring/score_functions/hbonds/standard_params/HBPoly1D.csv
core.io.database: Database file opened: /netapp/home/colin/rosetta/rosetta-3.2/rosetta_database/scoring/score_functions/hbonds/standard_params/HBFadeIntervals.csv
core.io.database: Database file opened: /netapp/home/colin/rosetta/rosetta-3.2/rosetta_database/scoring/score_functions/hbonds/standard_params/HBEval.csv
core.io.database: Database file opened: /netapp/home/colin/rosetta/rosetta-3.2/rosetta_database/P_AA
core.io.database: Database file opened: /netapp/home/colin/rosetta/rosetta-3.2/rosetta_database/P_AA_n
core.io.database: Database file opened: /netapp/home/colin/rosetta/rosetta-3.2/rosetta_database/P_AA_pp
core.io.database: Database file opened: /netapp/home/colin/rosetta/rosetta-3.2/rosetta_database/Rama_smooth_dyn.dat_ss_6.4
core.scoring.dunbrack: Dunbrack library took 0.02 seconds to load from binary
app.sequence_tolerance: Residue Decomposition: [Set 1 (A): [1, 2, 3, 4, 5, 6, 7, 8, 9, 10, 11, 12, 13, 14, 15, 16, 17, 18, 19, 20, 21, 22, 23, 24, 25, 26, 27, 28, 29, 30, 31, 32, 33, 34, 35, 36, 37, 38, 39, 40, 41, 42, 43, 44, 45, 46, 47, 48, 49, 50, 51, 52, 53, 54, 55, 56, 57, 58, 59, 60, 61, 62, 63, 64, 65, 66, 67, 68, 69, 70, 71, 72, 73, 74, 75, 76, 77, 78, 79, 80, 81, 82, 83, 84, 85, 86, 87, 88, 89, 90, 91, 92, 93, 94, 95, 96, 97, 98, 99, 100, 101, 102, 103], Set 2 (B): [104, 105, 106, 107, 108, 109, 110]]
app.sequence_tolerance: Fitness Function Master Weights: [1, 1, 1, 2]
app.sequence_tolerance: Fitness of Starting Structure: 
---------------------------------------------------------------------
Score Type                  Other        A        B      A-B    Total
---------------------------------------------------------------------
fa_atr                      0.000 -259.933   -7.531  -37.928 -305.392
fa_rep                      0.000   40.397    2.390    4.958   47.745
fa_sol                      0.000  126.936    4.124   14.018  145.078
fa_intra_rep                0.000    0.970    0.077    0.000    1.047
pro_close                   0.000    2.138    0.000    0.000    2.138
fa_pair                     0.000   -5.470    0.000    0.249   -5.221
hbond_sr_bb               -10.352    0.000    0.000    0.000  -10.352
hbond_lr_bb               -18.672    0.000    0.000    0.000  -18.672
hbond_bb_sc                 0.000   -5.588    0.000   -0.242   -5.830
hbond_sc                    0.000   -0.557    0.000    0.000   -0.557
dslf_ss_dst                 0.000    0.000    0.000    0.000    0.000
dslf_cs_ang                 0.000    0.000    0.000    0.000    0.000
dslf_ss_dih                 0.000    0.000    0.000    0.000    0.000
dslf_ca_dih                 0.000    0.000    0.000    0.000    0.000
rama                        0.000   24.229    1.843    0.000   26.072
omega                       0.000    0.230    0.003    0.000    0.233
fa_dun                      0.000  117.812    5.118    0.000  122.930
p_aa_pp                     0.000  -11.282   -0.662    0.000  -11.944
ref                         0.000  -20.890    0.590    0.000  -20.300
---------------------------------------------------------------------
Total                     -29.024    8.993    5.952  -18.946  -33.025

core.pack.interaction_graph.interaction_graph_factory: Instantiating PDInteractionGraph
core.pack.pack_rotamers: built 8961 rotamers at 33 positions.
core.pack.pack_rotamers: IG: 101194468 bytes
app.sequence_tolerance: There are 1 positive states and 0 negative states
protocols.multistate_design.MultiStatePacker: Best single-state design score:   -49.35
app.sequence_tolerance: Adding single-state design entities:
app.sequence_tolerance: AA:106:F AA:107:T AA:108:F AA:109:W AA:110:V 
app.sequence_tolerance: Generation 1:
app.sequence_tolerance: Distinct new entities: 1999
app.sequence_tolerance: Duplicate new entities: 1
app.sequence_tolerance: Entities from previous generation: 0
app.sequence_tolerance: Entities resurrected from earlier generations: 0
app.sequence_tolerance: Fitness Percentiles: 0%=-48.105 25%=-34.2853 50%=-25.0385 75%=57.1279 100%=984.09
app.sequence_tolerance: Best new entity:
MultiStateEntity with traits: AA:106:F AA:107:T AA:108:F AA:109:W AA:110:V and fitness -48.105
 SingleState 1 with fitness: -48.105
app.sequence_tolerance: Generation 2:
app.sequence_tolerance: Distinct new entities: 1924
app.sequence_tolerance: Duplicate new entities: 3
app.sequence_tolerance: Entities from previous generation: 73
app.sequence_tolerance: Entities resurrected from earlier generations: 0
app.sequence_tolerance: Fitness Percentiles: 0%=-48.105 25%=-35.7853 50%=-32.249 75%=-6.78903 100%=891.735
app.sequence_tolerance: Best new entity:
MultiStateEntity with traits: AA:106:F AA:107:T AA:108:N AA:109:W AA:110:V and fitness -46.800
 SingleState 1 with fitness: -46.7999
app.sequence_tolerance: Generation 3:
app.sequence_tolerance: Distinct new entities: 1905
app.sequence_tolerance: Duplicate new entities: 3
app.sequence_tolerance: Entities from previous generation: 83
app.sequence_tolerance: Entities resurrected from earlier generations: 9
app.sequence_tolerance: Fitness Percentiles: 0%=-48.2311 25%=-36.9852 50%=-34.3285 75%=-29.7206 100%=885.363
app.sequence_tolerance: Best new entity:
MultiStateEntity with traits: AA:106:F AA:107:T AA:108:Y AA:109:W AA:110:V and fitness -48.231
 SingleState 1 with fitness: -48.2311
app.sequence_tolerance: Generation 4:
app.sequence_tolerance: Distinct new entities: 1896
app.sequence_tolerance: Duplicate new entities: 4
app.sequence_tolerance: Entities from previous generation: 92
app.sequence_tolerance: Entities resurrected from earlier generations: 8
app.sequence_tolerance: Fitness Percentiles: 0%=-48.2311 25%=-38.0022 50%=-35.5986 75%=-32.0088 100%=895.556
app.sequence_tolerance: Best new entity:
MultiStateEntity with traits: AA:106:F AA:107:I AA:108:Y AA:109:W AA:110:V and fitness -47.993
 SingleState 1 with fitness: -47.9933
app.sequence_tolerance: Generation 5:
app.sequence_tolerance: Distinct new entities: 1901
app.sequence_tolerance: Duplicate new entities: 7
app.sequence_tolerance: Entities from previous generation: 87
app.sequence_tolerance: Entities resurrected from earlier generations: 5
app.sequence_tolerance: Fitness Percentiles: 0%=-48.2311 25%=-38.4767 50%=-36.0085 75%=-32.5256 100%=764.283
app.sequence_tolerance: Best new entity:
MultiStateEntity with traits: AA:106:M AA:107:T AA:108:Y AA:109:W AA:110:V and fitness -48.182
 SingleState 1 with fitness: -48.1819
app.sequence_tolerance: Evaluated 9625 sequences out of 2476099 possible.
Best sequences:
