core.init: Mini-Rosetta version 40577 from https://svn.rosettacommons.org/source/branches/releases/rosetta-3.2/rosetta_source
core.init: command: /netapp/home/colin/rosetta/rosetta-3.2/rosetta_source/bin/sequence_tolerance.linuxgccrelease -database /netapp/home/colin/rosetta/rosetta-3.2/rosetta_database -s 1N7T_0018_low.pdb -ex1 -ex2 -extrachi_cutoff 0 -seq_tol:fitness_master_weights 1 1 1 2 -ms:generations 5 -ms:pop_size 2000 -ms:pop_from_ss 1 -ms:checkpoint:prefix 1N7T_0018 -ms:checkpoint:interval 200 -ms:checkpoint:gz -ms:numresults 0 -out:prefix 1N7T_0018 -score:weights standard -score:patch score12 -score:ref_offsets HIS 1.2 -resfile /netapp/home/colin/backrub_seqtol/input_files/1N7T/1N7T_seqtol.resfile
core.init: 'RNG device' seed mode, using '/dev/urandom', seed=329645171 seed_offset=0 real_seed=329645171
core.init.random: RandomGenerator:init: Normal mode, seed=329645171 RG_type=mt19937
core.pack.task: Packer task: initialize from command line() 
core.pack.task: Packer task: initialize from command line() 
core.scoring.ScoreFunctionFactory: SCOREFUNCTION: standard
core.scoring.ScoreFunctionFactory: SCOREFUNCTION PATCH: score12
core.scoring.etable: Starting energy table calculation
core.scoring.etable: smooth_etable: changing atr/rep split to bottom of energy well
core.scoring.etable: smooth_etable: spline smoothing lj etables (maxdis = 6)
core.scoring.etable: smooth_etable: spline smoothing solvation etables (max_dis = 6)
core.scoring.etable: Finished calculating energy tables.
core.io.database: Database file opened: /netapp/home/colin/rosetta/rosetta-3.2/rosetta_database/pdb_pair_stats_fine
core.io.database: Database file opened: /netapp/home/colin/rosetta/rosetta-3.2/rosetta_database/scoring/score_functions/hbonds/standard_params/HBPoly1D.csv
core.io.database: Database file opened: /netapp/home/colin/rosetta/rosetta-3.2/rosetta_database/scoring/score_functions/hbonds/standard_params/HBFadeIntervals.csv
core.io.database: Database file opened: /netapp/home/colin/rosetta/rosetta-3.2/rosetta_database/scoring/score_functions/hbonds/standard_params/HBEval.csv
core.io.database: Database file opened: /netapp/home/colin/rosetta/rosetta-3.2/rosetta_database/P_AA
core.io.database: Database file opened: /netapp/home/colin/rosetta/rosetta-3.2/rosetta_database/P_AA_n
core.io.database: Database file opened: /netapp/home/colin/rosetta/rosetta-3.2/rosetta_database/P_AA_pp
core.io.database: Database file opened: /netapp/home/colin/rosetta/rosetta-3.2/rosetta_database/Rama_smooth_dyn.dat_ss_6.4
core.scoring.dunbrack: Dunbrack library took 0.05 seconds to load from binary
app.sequence_tolerance: Residue Decomposition: [Set 1 (A): [1, 2, 3, 4, 5, 6, 7, 8, 9, 10, 11, 12, 13, 14, 15, 16, 17, 18, 19, 20, 21, 22, 23, 24, 25, 26, 27, 28, 29, 30, 31, 32, 33, 34, 35, 36, 37, 38, 39, 40, 41, 42, 43, 44, 45, 46, 47, 48, 49, 50, 51, 52, 53, 54, 55, 56, 57, 58, 59, 60, 61, 62, 63, 64, 65, 66, 67, 68, 69, 70, 71, 72, 73, 74, 75, 76, 77, 78, 79, 80, 81, 82, 83, 84, 85, 86, 87, 88, 89, 90, 91, 92, 93, 94, 95, 96, 97, 98, 99, 100, 101, 102, 103], Set 2 (B): [104, 105, 106, 107, 108, 109, 110]]
app.sequence_tolerance: Fitness Function Master Weights: [1, 1, 1, 2]
app.sequence_tolerance: Fitness of Starting Structure: 
---------------------------------------------------------------------
Score Type                  Other        A        B      A-B    Total
---------------------------------------------------------------------
fa_atr                      0.000 -245.922   -7.864  -37.738 -291.524
fa_rep                      0.000   40.218    0.444    7.061   47.724
fa_sol                      0.000  119.960    4.036   18.032  142.028
fa_intra_rep                0.000    0.931    0.075    0.000    1.006
pro_close                   0.000    1.767    0.000    0.000    1.767
fa_pair                     0.000   -5.335    0.000   -1.410   -6.745
hbond_sr_bb                -5.936    0.000    0.000    0.000   -5.936
hbond_lr_bb               -20.869    0.000    0.000    0.000  -20.869
hbond_bb_sc                 0.000   -1.666    0.000    0.000   -1.666
hbond_sc                    0.000   -1.479   -0.205    0.000   -1.684
dslf_ss_dst                 0.000    0.000    0.000    0.000    0.000
dslf_cs_ang                 0.000    0.000    0.000    0.000    0.000
dslf_ss_dih                 0.000    0.000    0.000    0.000    0.000
dslf_ca_dih                 0.000    0.000    0.000    0.000    0.000
rama                        0.000   13.746    0.933    0.000   14.678
omega                       0.000    0.245    0.002    0.000    0.247
fa_dun                      0.000  119.323    5.916    0.000  125.240
p_aa_pp                     0.000  -11.509   -1.080    0.000  -12.590
ref                         0.000  -20.890    0.590    0.000  -20.300
---------------------------------------------------------------------
Total                     -26.805    9.389    2.846  -14.055  -28.625

core.pack.interaction_graph.interaction_graph_factory: Instantiating PDInteractionGraph
core.pack.pack_rotamers: built 8377 rotamers at 33 positions.
core.pack.pack_rotamers: IG: 91684488 bytes
app.sequence_tolerance: There are 1 positive states and 0 negative states
protocols.multistate_design.MultiStatePacker: Best single-state design score:   -53.41
app.sequence_tolerance: Adding single-state design entities:
app.sequence_tolerance: AA:106:T AA:107:E AA:108:T AA:109:F AA:110:I 
app.sequence_tolerance: Generation 1:
app.sequence_tolerance: Distinct new entities: 1999
app.sequence_tolerance: Duplicate new entities: 1
app.sequence_tolerance: Entities from previous generation: 0
app.sequence_tolerance: Entities resurrected from earlier generations: 0
app.sequence_tolerance: Fitness Percentiles: 0%=-53.3641 25%=-39.3809 50%=-32.0204 75%=103.998 100%=1482.85
app.sequence_tolerance: Best new entity:
MultiStateEntity with traits: AA:106:T AA:107:E AA:108:T AA:109:F AA:110:I and fitness -53.364
 SingleState 1 with fitness: -53.3641
app.sequence_tolerance: Generation 2:
app.sequence_tolerance: Distinct new entities: 1923
app.sequence_tolerance: Duplicate new entities: 3
app.sequence_tolerance: Entities from previous generation: 74
app.sequence_tolerance: Entities resurrected from earlier generations: 0
app.sequence_tolerance: Fitness Percentiles: 0%=-53.3641 25%=-41.1666 50%=-37.6311 75%=-22.6003 100%=1450.22
app.sequence_tolerance: Best new entity:
MultiStateEntity with traits: AA:106:T AA:107:E AA:108:T AA:109:L AA:110:I and fitness -51.160
 SingleState 1 with fitness: -51.1596
app.sequence_tolerance: Generation 3:
app.sequence_tolerance: Distinct new entities: 1924
app.sequence_tolerance: Duplicate new entities: 1
app.sequence_tolerance: Entities from previous generation: 70
app.sequence_tolerance: Entities resurrected from earlier generations: 5
app.sequence_tolerance: Fitness Percentiles: 0%=-53.3641 25%=-42.5357 50%=-39.709 75%=-34.0005 100%=1437.51
app.sequence_tolerance: Best new entity:
MultiStateEntity with traits: AA:106:R AA:107:E AA:108:T AA:109:F AA:110:I and fitness -51.790
 SingleState 1 with fitness: -51.7903
app.sequence_tolerance: Generation 4:
app.sequence_tolerance: Distinct new entities: 1895
app.sequence_tolerance: Duplicate new entities: 3
app.sequence_tolerance: Entities from previous generation: 89
app.sequence_tolerance: Entities resurrected from earlier generations: 13
app.sequence_tolerance: Fitness Percentiles: 0%=-53.3641 25%=-43.4477 50%=-40.6544 75%=-36.3381 100%=1438.65
app.sequence_tolerance: Best new entity:
MultiStateEntity with traits: AA:106:L AA:107:E AA:108:S AA:109:W AA:110:V and fitness -52.343
 SingleState 1 with fitness: -52.3429
app.sequence_tolerance: Generation 5:
app.sequence_tolerance: Distinct new entities: 1894
app.sequence_tolerance: Duplicate new entities: 8
app.sequence_tolerance: Entities from previous generation: 88
app.sequence_tolerance: Entities resurrected from earlier generations: 10
app.sequence_tolerance: Fitness Percentiles: 0%=-53.3641 25%=-44.0084 50%=-41.1901 75%=-37.6233 100%=1437.26
app.sequence_tolerance: Best new entity:
MultiStateEntity with traits: AA:106:S AA:107:E AA:108:T AA:109:F AA:110:V and fitness -52.602
 SingleState 1 with fitness: -52.6017
app.sequence_tolerance: Evaluated 9635 sequences out of 2476099 possible.
Best sequences:
