core.init: Mini-Rosetta version 40577 from https://svn.rosettacommons.org/source/branches/releases/rosetta-3.2/rosetta_source
core.init: command: /netapp/home/colin/rosetta/rosetta-3.2/rosetta_source/bin/sequence_tolerance.linuxgccrelease -database /netapp/home/colin/rosetta/rosetta-3.2/rosetta_database -s 1N7T_0013_low.pdb -ex1 -ex2 -extrachi_cutoff 0 -seq_tol:fitness_master_weights 1 1 1 2 -ms:generations 5 -ms:pop_size 2000 -ms:pop_from_ss 1 -ms:checkpoint:prefix 1N7T_0013 -ms:checkpoint:interval 200 -ms:checkpoint:gz -ms:numresults 0 -out:prefix 1N7T_0013 -score:weights standard -score:patch score12 -score:ref_offsets HIS 1.2 -resfile /netapp/home/colin/backrub_seqtol/input_files/1N7T/1N7T_seqtol.resfile
core.init: 'RNG device' seed mode, using '/dev/urandom', seed=-267740917 seed_offset=0 real_seed=-267740917
core.init.random: RandomGenerator:init: Normal mode, seed=-267740917 RG_type=mt19937
core.pack.task: Packer task: initialize from command line() 
core.pack.task: Packer task: initialize from command line() 
core.scoring.ScoreFunctionFactory: SCOREFUNCTION: standard
core.scoring.ScoreFunctionFactory: SCOREFUNCTION PATCH: score12
core.scoring.etable: Starting energy table calculation
core.scoring.etable: smooth_etable: changing atr/rep split to bottom of energy well
core.scoring.etable: smooth_etable: spline smoothing lj etables (maxdis = 6)
core.scoring.etable: smooth_etable: spline smoothing solvation etables (max_dis = 6)
core.scoring.etable: Finished calculating energy tables.
core.io.database: Database file opened: /netapp/home/colin/rosetta/rosetta-3.2/rosetta_database/pdb_pair_stats_fine
core.io.database: Database file opened: /netapp/home/colin/rosetta/rosetta-3.2/rosetta_database/scoring/score_functions/hbonds/standard_params/HBPoly1D.csv
core.io.database: Database file opened: /netapp/home/colin/rosetta/rosetta-3.2/rosetta_database/scoring/score_functions/hbonds/standard_params/HBFadeIntervals.csv
core.io.database: Database file opened: /netapp/home/colin/rosetta/rosetta-3.2/rosetta_database/scoring/score_functions/hbonds/standard_params/HBEval.csv
core.io.database: Database file opened: /netapp/home/colin/rosetta/rosetta-3.2/rosetta_database/P_AA
core.io.database: Database file opened: /netapp/home/colin/rosetta/rosetta-3.2/rosetta_database/P_AA_n
core.io.database: Database file opened: /netapp/home/colin/rosetta/rosetta-3.2/rosetta_database/P_AA_pp
core.io.database: Database file opened: /netapp/home/colin/rosetta/rosetta-3.2/rosetta_database/Rama_smooth_dyn.dat_ss_6.4
core.scoring.dunbrack: Dunbrack library took 0.02 seconds to load from binary
app.sequence_tolerance: Residue Decomposition: [Set 1 (A): [1, 2, 3, 4, 5, 6, 7, 8, 9, 10, 11, 12, 13, 14, 15, 16, 17, 18, 19, 20, 21, 22, 23, 24, 25, 26, 27, 28, 29, 30, 31, 32, 33, 34, 35, 36, 37, 38, 39, 40, 41, 42, 43, 44, 45, 46, 47, 48, 49, 50, 51, 52, 53, 54, 55, 56, 57, 58, 59, 60, 61, 62, 63, 64, 65, 66, 67, 68, 69, 70, 71, 72, 73, 74, 75, 76, 77, 78, 79, 80, 81, 82, 83, 84, 85, 86, 87, 88, 89, 90, 91, 92, 93, 94, 95, 96, 97, 98, 99, 100, 101, 102, 103], Set 2 (B): [104, 105, 106, 107, 108, 109, 110]]
app.sequence_tolerance: Fitness Function Master Weights: [1, 1, 1, 2]
app.sequence_tolerance: Fitness of Starting Structure: 
---------------------------------------------------------------------
Score Type                  Other        A        B      A-B    Total
---------------------------------------------------------------------
fa_atr                      0.000 -259.402   -7.020  -37.815 -304.237
fa_rep                      0.000   37.197    0.727    4.009   41.933
fa_sol                      0.000  118.711    4.199   19.079  141.989
fa_intra_rep                0.000    0.850    0.090    0.000    0.941
pro_close                   0.000    1.885    0.000    0.000    1.885
fa_pair                     0.000   -5.269   -0.029   -1.524   -6.822
hbond_sr_bb                -6.773    0.000    0.000    0.000   -6.773
hbond_lr_bb               -22.440    0.000    0.000    0.000  -22.440
hbond_bb_sc                 0.000   -5.342    0.000    0.000   -5.342
hbond_sc                    0.000   -0.460    0.000   -1.705   -2.164
dslf_ss_dst                 0.000    0.000    0.000    0.000    0.000
dslf_cs_ang                 0.000    0.000    0.000    0.000    0.000
dslf_ss_dih                 0.000    0.000    0.000    0.000    0.000
dslf_ca_dih                 0.000    0.000    0.000    0.000    0.000
rama                        0.000   12.610    3.923    0.000   16.533
omega                       0.000    0.193    0.002    0.000    0.195
fa_dun                      0.000  113.683    3.949    0.000  117.633
p_aa_pp                     0.000   -9.584   -0.158    0.000   -9.742
ref                         0.000  -20.890    0.590    0.000  -20.300
---------------------------------------------------------------------
Total                     -29.214  -15.816    6.273  -17.955  -56.713

core.pack.interaction_graph.interaction_graph_factory: Instantiating PDInteractionGraph
core.pack.pack_rotamers: built 9063 rotamers at 33 positions.
core.pack.pack_rotamers: IG: 107244296 bytes
app.sequence_tolerance: There are 1 positive states and 0 negative states
protocols.multistate_design.MultiStatePacker: Best single-state design score:   -64.85
app.sequence_tolerance: Adding single-state design entities:
app.sequence_tolerance: AA:106:F AA:107:E AA:108:Y AA:109:D AA:110:V 
app.sequence_tolerance: Generation 1:
app.sequence_tolerance: Distinct new entities: 2000
app.sequence_tolerance: Duplicate new entities: 0
app.sequence_tolerance: Entities from previous generation: 0
app.sequence_tolerance: Entities resurrected from earlier generations: 0
app.sequence_tolerance: Fitness Percentiles: 0%=-64.6831 25%=-51.8787 50%=-40.6229 75%=34.3482 100%=1116
app.sequence_tolerance: Best new entity:
MultiStateEntity with traits: AA:106:F AA:107:D AA:108:S AA:109:W AA:110:V and fitness -64.683
 SingleState 1 with fitness: -64.6831
app.sequence_tolerance: Generation 2:
app.sequence_tolerance: Distinct new entities: 1915
app.sequence_tolerance: Duplicate new entities: 1
app.sequence_tolerance: Entities from previous generation: 84
app.sequence_tolerance: Entities resurrected from earlier generations: 0
app.sequence_tolerance: Fitness Percentiles: 0%=-67.776 25%=-53.9012 50%=-49.4967 75%=-30.2312 100%=952.766
app.sequence_tolerance: Best new entity:
MultiStateEntity with traits: AA:106:F AA:107:R AA:108:F AA:109:W AA:110:V and fitness -67.776
 SingleState 1 with fitness: -67.776
app.sequence_tolerance: Generation 3:
app.sequence_tolerance: Distinct new entities: 1916
app.sequence_tolerance: Duplicate new entities: 1
app.sequence_tolerance: Entities from previous generation: 78
app.sequence_tolerance: Entities resurrected from earlier generations: 5
app.sequence_tolerance: Fitness Percentiles: 0%=-67.776 25%=-55.2195 50%=-51.9786 75%=-44.1336 100%=1068.94
app.sequence_tolerance: Best new entity:
MultiStateEntity with traits: AA:106:F AA:107:W AA:108:R AA:109:W AA:110:V and fitness -66.856
 SingleState 1 with fitness: -66.8561
app.sequence_tolerance: Generation 4:
app.sequence_tolerance: Distinct new entities: 1908
app.sequence_tolerance: Duplicate new entities: 8
app.sequence_tolerance: Entities from previous generation: 75
app.sequence_tolerance: Entities resurrected from earlier generations: 9
app.sequence_tolerance: Fitness Percentiles: 0%=-67.776 25%=-56.0294 50%=-53.4331 75%=-48.3101 100%=1070.73
app.sequence_tolerance: Best new entity:
MultiStateEntity with traits: AA:106:Y AA:107:I AA:108:Y AA:109:W AA:110:V and fitness -65.700
 SingleState 1 with fitness: -65.6999
app.sequence_tolerance: Generation 5:
app.sequence_tolerance: Distinct new entities: 1888
app.sequence_tolerance: Duplicate new entities: 3
app.sequence_tolerance: Entities from previous generation: 97
app.sequence_tolerance: Entities resurrected from earlier generations: 12
app.sequence_tolerance: Fitness Percentiles: 0%=-67.776 25%=-56.7945 50%=-53.9637 75%=-49.3522 100%=1033.11
app.sequence_tolerance: Best new entity:
MultiStateEntity with traits: AA:106:F AA:107:I AA:108:F AA:109:W AA:110:V and fitness -67.027
 SingleState 1 with fitness: -67.0274
app.sequence_tolerance: Evaluated 9627 sequences out of 2476099 possible.
Best sequences:
