core.init: Mini-Rosetta version 40577 from https://svn.rosettacommons.org/source/branches/releases/rosetta-3.2/rosetta_source
core.init: command: /netapp/home/colin/rosetta/rosetta-3.2/rosetta_source/bin/backrub.linuxgccrelease -database /netapp/home/colin/rosetta/rosetta-3.2/rosetta_database -s /netapp/home/colin/backrub_seqtol/input_files/1N7T/1N7T_10.pdb -ignore_unrecognized_res -ex1 -ex2 -extrachi_cutoff 0 -out:prefix 1N7T_0010 -mute core.io.pdb.file_data -backrub:ntrials 10000 -score:weights standard -score:patch score12
core.init: 'RNG device' seed mode, using '/dev/urandom', seed=-996824237 seed_offset=0 real_seed=-996824237
core.init.random: RandomGenerator:init: Normal mode, seed=-996824237 RG_type=mt19937
core.scoring.ScoreFunctionFactory: SCOREFUNCTION: standard
core.scoring.ScoreFunctionFactory: SCOREFUNCTION PATCH: score12
core.scoring.etable: Starting energy table calculation
core.scoring.etable: smooth_etable: changing atr/rep split to bottom of energy well
core.scoring.etable: smooth_etable: spline smoothing lj etables (maxdis = 6)
core.scoring.etable: smooth_etable: spline smoothing solvation etables (max_dis = 6)
core.scoring.etable: Finished calculating energy tables.
core.io.database: Database file opened: /netapp/home/colin/rosetta/rosetta-3.2/rosetta_database/pdb_pair_stats_fine
core.io.database: Database file opened: /netapp/home/colin/rosetta/rosetta-3.2/rosetta_database/scoring/score_functions/hbonds/standard_params/HBPoly1D.csv
core.io.database: Database file opened: /netapp/home/colin/rosetta/rosetta-3.2/rosetta_database/scoring/score_functions/hbonds/standard_params/HBFadeIntervals.csv
core.io.database: Database file opened: /netapp/home/colin/rosetta/rosetta-3.2/rosetta_database/scoring/score_functions/hbonds/standard_params/HBEval.csv
core.io.database: Database file opened: /netapp/home/colin/rosetta/rosetta-3.2/rosetta_database/P_AA
core.io.database: Database file opened: /netapp/home/colin/rosetta/rosetta-3.2/rosetta_database/P_AA_n
core.io.database: Database file opened: /netapp/home/colin/rosetta/rosetta-3.2/rosetta_database/P_AA_pp
core.io.database: Database file opened: /netapp/home/colin/rosetta/rosetta-3.2/rosetta_database/Rama_smooth_dyn.dat_ss_6.4
core.mm.MMBondAngleLibrary: MM bond angle sets added fully assigned: 474; wildcard: 0 and 1 virtual parameter.
core.io.database: Database file opened: /netapp/home/colin/rosetta/rosetta-3.2/rosetta_database/branch_angle/branch_angle_1.txt
core.io.database: Database file opened: /netapp/home/colin/rosetta/rosetta-3.2/rosetta_database/branch_angle/branch_angle_2.txt
core.scoring.dunbrack: Dunbrack library took 0.02 seconds to load from binary
apps.backrub: Processing /netapp/home/colin/backrub_seqtol/input_files/1N7T/1N7T_10.pdb...
core.pack.task: Packer task: initialize from command line() 
protocols.moves.BackrubMover: Segment lengths: 3-34 atoms
protocols.moves.BackrubMover: Main chain pivot atoms: CA
protocols.moves.BackrubMover: Adding backrub segments for residues 1-110
protocols.moves.BackrubMover: Total Segments Added: 960
apps.backrub: Score After PDB Load:
apps.backrub: ------------------------------------------------------------
 Scores                       Weight   Raw Score Wghtd.Score
------------------------------------------------------------
 fa_atr                       0.800    -393.961    -315.169
 fa_rep                       0.440     207.255      91.192
 fa_sol                       0.650     235.066     152.793
 fa_intra_rep                 0.004     224.898       0.900
 mm_bend                      1.000      85.554      85.554
 pro_close                    1.000       1.968       1.968
 fa_pair                      0.490     -14.831      -7.267
 hbond_sr_bb                  0.585     -13.557      -7.931
 hbond_lr_bb                  1.170     -19.425     -22.727
 hbond_bb_sc                  1.170      -2.234      -2.613
 hbond_sc                     1.100      -2.165      -2.382
 dslf_ss_dst                  0.500       0.000       0.000
 dslf_cs_ang                  2.000       0.000       0.000
 dslf_ss_dih                  5.000       0.000       0.000
 dslf_ca_dih                  5.000       0.000       0.000
 rama                         0.200     167.178      33.436
 omega                        0.500       0.368       0.184
 fa_dun                       0.560     482.194     270.028
 p_aa_pp                      0.320     -19.463      -6.228
 ref                          1.000     -23.900     -23.900
---------------------------------------------------
 Total weighted score:                      247.838
core.pack.task: Packer task: initialize from command line() 
apps.backrub: Score After Branch Angle Optimization/Side Chain Idealization:
apps.backrub: ------------------------------------------------------------
 Scores                       Weight   Raw Score Wghtd.Score
------------------------------------------------------------
 fa_atr                       0.800    -392.785    -314.228
 fa_rep                       0.440     246.504     108.462
 fa_sol                       0.650     232.626     151.207
 fa_intra_rep                 0.004     244.447       0.978
 mm_bend                      1.000      55.950      55.950
 pro_close                    1.000       1.968       1.968
 fa_pair                      0.490     -14.778      -7.241
 hbond_sr_bb                  0.585     -13.557      -7.931
 hbond_lr_bb                  1.170     -19.425     -22.727
 hbond_bb_sc                  1.170      -2.343      -2.741
 hbond_sc                     1.100      -1.925      -2.117
 dslf_ss_dst                  0.500       0.000       0.000
 dslf_cs_ang                  2.000       0.000       0.000
 dslf_ss_dih                  5.000       0.000       0.000
 dslf_ca_dih                  5.000       0.000       0.000
 rama                         0.200     167.178      33.436
 omega                        0.500       0.368       0.184
 fa_dun                       0.560     482.429     270.160
 p_aa_pp                      0.320     -19.463      -6.228
 ref                          1.000     -23.900     -23.900
---------------------------------------------------
 Total weighted score:                      235.231
core.pack.task: Packer task: initialize from command line() 
apps.backrub: Running 10000 trials...
protocols.moves.MonteCarlo:      br_CA_CA_04 trials=    742;  accepts= 0.3976;  energy_drop/trial=  -0.03138
protocols.moves.MonteCarlo:      br_CA_CA_07 trials=    688;  accepts= 0.3401;  energy_drop/trial=  -0.03097
protocols.moves.MonteCarlo:      br_CA_CA_10 trials=    694;  accepts= 0.3026;  energy_drop/trial=  -0.00477
protocols.moves.MonteCarlo:      br_CA_CA_13 trials=    710;  accepts= 0.2620;  energy_drop/trial=  -0.00695
protocols.moves.MonteCarlo:      br_CA_CA_16 trials=    727;  accepts= 0.2490;  energy_drop/trial=   0.00601
protocols.moves.MonteCarlo:      br_CA_CA_19 trials=    678;  accepts= 0.2286;  energy_drop/trial=  -0.00475
protocols.moves.MonteCarlo:      br_CA_CA_22 trials=    679;  accepts= 0.2430;  energy_drop/trial=  -0.00471
protocols.moves.MonteCarlo:      br_CA_CA_25 trials=    694;  accepts= 0.2190;  energy_drop/trial=   0.00127
protocols.moves.MonteCarlo:      br_CA_CA_28 trials=    642;  accepts= 0.1916;  energy_drop/trial=  -0.01747
protocols.moves.MonteCarlo:      br_CA_CA_31 trials=    654;  accepts= 0.1743;  energy_drop/trial=  -0.01105
protocols.moves.MonteCarlo:      br_CA_CA_34 trials=    640;  accepts= 0.1969;  energy_drop/trial=   0.00901
protocols.moves.MonteCarlo:       sc_chi_rot trials=   2233;  accepts= 0.3833;  energy_drop/trial=  -0.06957
protocols.moves.MonteCarlo:      sc_chi_unif trials=    219;  accepts= 0.0320;  energy_drop/trial=   0.00211
apps.backrub: Last Score:
apps.backrub: ------------------------------------------------------------
 Scores                       Weight   Raw Score Wghtd.Score
------------------------------------------------------------
 fa_atr                       0.800    -366.336    -293.068
 fa_rep                       0.440     121.083      53.277
 fa_sol                       0.650     208.223     135.345
 fa_intra_rep                 0.004     285.246       1.141
 mm_bend                      1.000      55.064      55.064
 pro_close                    1.000       1.968       1.968
 fa_pair                      0.490     -12.918      -6.330
 hbond_sr_bb                  0.585     -10.652      -6.232
 hbond_lr_bb                  1.170     -20.889     -24.440
 hbond_bb_sc                  1.170      -4.141      -4.845
 hbond_sc                     1.100      -0.700      -0.770
 dslf_ss_dst                  0.500       0.000       0.000
 dslf_cs_ang                  2.000       0.000       0.000
 dslf_ss_dih                  5.000       0.000       0.000
 dslf_ca_dih                  5.000       0.000       0.000
 rama                         0.200      85.295      17.059
 omega                        0.500       0.368       0.184
 fa_dun                       0.560     216.268     121.110
 p_aa_pp                      0.320     -37.232     -11.914
 ref                          1.000     -23.900     -23.900
---------------------------------------------------
 Total weighted score:                       13.650
apps.backrub: Low Score:
apps.backrub: ------------------------------------------------------------
 Scores                       Weight   Raw Score Wghtd.Score
------------------------------------------------------------
 fa_atr                       0.800    -367.247    -293.797
 fa_rep                       0.440     118.508      52.144
 fa_sol                       0.650     208.515     135.535
 fa_intra_rep                 0.004     262.523       1.050
 mm_bend                      1.000      52.300      52.300
 pro_close                    1.000       1.968       1.968
 fa_pair                      0.490     -12.857      -6.300
 hbond_sr_bb                  0.585     -10.982      -6.424
 hbond_lr_bb                  1.170     -21.052     -24.631
 hbond_bb_sc                  1.170      -3.552      -4.156
 hbond_sc                     1.100      -0.686      -0.754
 dslf_ss_dst                  0.500       0.000       0.000
 dslf_cs_ang                  2.000       0.000       0.000
 dslf_ss_dih                  5.000       0.000       0.000
 dslf_ca_dih                  5.000       0.000       0.000
 rama                         0.200      89.621      17.924
 omega                        0.500       0.368       0.184
 fa_dun                       0.560     210.059     117.633
 p_aa_pp                      0.320     -35.333     -11.307
 ref                          1.000     -23.900     -23.900
---------------------------------------------------
 Total weighted score:                        7.469
