core.init: Mini-Rosetta version 40577 from https://svn.rosettacommons.org/source/branches/releases/rosetta-3.2/rosetta_source
core.init: command: /netapp/home/colin/rosetta/rosetta-3.2/rosetta_source/bin/sequence_tolerance.linuxgccrelease -database /netapp/home/colin/rosetta/rosetta-3.2/rosetta_database -s 1N7T_0017_low.pdb -ex1 -ex2 -extrachi_cutoff 0 -seq_tol:fitness_master_weights 1 1 1 2 -ms:generations 5 -ms:pop_size 2000 -ms:pop_from_ss 1 -ms:checkpoint:prefix 1N7T_0017 -ms:checkpoint:interval 200 -ms:checkpoint:gz -ms:numresults 0 -out:prefix 1N7T_0017 -score:weights standard -score:patch score12 -score:ref_offsets HIS 1.2 -resfile /netapp/home/colin/backrub_seqtol/input_files/1N7T/1N7T_seqtol.resfile
core.init: 'RNG device' seed mode, using '/dev/urandom', seed=-840109090 seed_offset=0 real_seed=-840109090
core.init.random: RandomGenerator:init: Normal mode, seed=-840109090 RG_type=mt19937
core.pack.task: Packer task: initialize from command line() 
core.pack.task: Packer task: initialize from command line() 
core.scoring.ScoreFunctionFactory: SCOREFUNCTION: standard
core.scoring.ScoreFunctionFactory: SCOREFUNCTION PATCH: score12
core.scoring.etable: Starting energy table calculation
core.scoring.etable: smooth_etable: changing atr/rep split to bottom of energy well
core.scoring.etable: smooth_etable: spline smoothing lj etables (maxdis = 6)
core.scoring.etable: smooth_etable: spline smoothing solvation etables (max_dis = 6)
core.scoring.etable: Finished calculating energy tables.
core.io.database: Database file opened: /netapp/home/colin/rosetta/rosetta-3.2/rosetta_database/pdb_pair_stats_fine
core.io.database: Database file opened: /netapp/home/colin/rosetta/rosetta-3.2/rosetta_database/scoring/score_functions/hbonds/standard_params/HBPoly1D.csv
core.io.database: Database file opened: /netapp/home/colin/rosetta/rosetta-3.2/rosetta_database/scoring/score_functions/hbonds/standard_params/HBFadeIntervals.csv
core.io.database: Database file opened: /netapp/home/colin/rosetta/rosetta-3.2/rosetta_database/scoring/score_functions/hbonds/standard_params/HBEval.csv
core.io.database: Database file opened: /netapp/home/colin/rosetta/rosetta-3.2/rosetta_database/P_AA
core.io.database: Database file opened: /netapp/home/colin/rosetta/rosetta-3.2/rosetta_database/P_AA_n
core.io.database: Database file opened: /netapp/home/colin/rosetta/rosetta-3.2/rosetta_database/P_AA_pp
core.io.database: Database file opened: /netapp/home/colin/rosetta/rosetta-3.2/rosetta_database/Rama_smooth_dyn.dat_ss_6.4
core.scoring.dunbrack: Dunbrack library took 0.04 seconds to load from binary
app.sequence_tolerance: Residue Decomposition: [Set 1 (A): [1, 2, 3, 4, 5, 6, 7, 8, 9, 10, 11, 12, 13, 14, 15, 16, 17, 18, 19, 20, 21, 22, 23, 24, 25, 26, 27, 28, 29, 30, 31, 32, 33, 34, 35, 36, 37, 38, 39, 40, 41, 42, 43, 44, 45, 46, 47, 48, 49, 50, 51, 52, 53, 54, 55, 56, 57, 58, 59, 60, 61, 62, 63, 64, 65, 66, 67, 68, 69, 70, 71, 72, 73, 74, 75, 76, 77, 78, 79, 80, 81, 82, 83, 84, 85, 86, 87, 88, 89, 90, 91, 92, 93, 94, 95, 96, 97, 98, 99, 100, 101, 102, 103], Set 2 (B): [104, 105, 106, 107, 108, 109, 110]]
app.sequence_tolerance: Fitness Function Master Weights: [1, 1, 1, 2]
app.sequence_tolerance: Fitness of Starting Structure: 
---------------------------------------------------------------------
Score Type                  Other        A        B      A-B    Total
---------------------------------------------------------------------
fa_atr                      0.000 -263.005   -7.849  -40.553 -311.407
fa_rep                      0.000   41.748    0.305    7.022   49.075
fa_sol                      0.000  124.289    5.887   18.830  149.006
fa_intra_rep                0.000    1.005    0.094    0.000    1.099
pro_close                   0.000    1.800    0.000    0.000    1.800
fa_pair                     0.000   -5.395    0.005   -1.366   -6.755
hbond_sr_bb                -7.102    0.000    0.000    0.000   -7.102
hbond_lr_bb               -23.445    0.000    0.000    0.000  -23.445
hbond_bb_sc                 0.000   -1.562    0.000    0.000   -1.562
hbond_sc                    0.000   -0.231    0.000    0.000   -0.231
dslf_ss_dst                 0.000    0.000    0.000    0.000    0.000
dslf_cs_ang                 0.000    0.000    0.000    0.000    0.000
dslf_ss_dih                 0.000    0.000    0.000    0.000    0.000
dslf_ca_dih                 0.000    0.000    0.000    0.000    0.000
rama                        0.000   18.273   -0.537    0.000   17.736
omega                       0.000    0.270    0.002    0.000    0.272
fa_dun                      0.000  105.310    7.107    0.000  112.416
p_aa_pp                     0.000  -10.596   -0.693    0.000  -11.288
ref                         0.000  -20.890    0.590    0.000  -20.300
---------------------------------------------------------------------
Total                     -30.547   -8.983    4.912  -16.067  -50.685

core.pack.interaction_graph.interaction_graph_factory: Instantiating PDInteractionGraph
core.pack.pack_rotamers: built 8005 rotamers at 33 positions.
core.pack.pack_rotamers: IG: 82210164 bytes
app.sequence_tolerance: There are 1 positive states and 0 negative states
protocols.multistate_design.MultiStatePacker: Best single-state design score:   -69.37
app.sequence_tolerance: Adding single-state design entities:
app.sequence_tolerance: AA:106:R AA:107:S AA:108:E AA:109:W AA:110:A 
app.sequence_tolerance: Generation 1:
app.sequence_tolerance: Distinct new entities: 1999
app.sequence_tolerance: Duplicate new entities: 1
app.sequence_tolerance: Entities from previous generation: 0
app.sequence_tolerance: Entities resurrected from earlier generations: 0
app.sequence_tolerance: Fitness Percentiles: 0%=-69.3157 25%=-55.7415 50%=-48.4154 75%=-0.979447 100%=885.355
app.sequence_tolerance: Best new entity:
MultiStateEntity with traits: AA:106:R AA:107:S AA:108:E AA:109:W AA:110:A and fitness -69.316
 SingleState 1 with fitness: -69.3157
app.sequence_tolerance: Generation 2:
app.sequence_tolerance: Distinct new entities: 1924
app.sequence_tolerance: Duplicate new entities: 4
app.sequence_tolerance: Entities from previous generation: 72
app.sequence_tolerance: Entities resurrected from earlier generations: 0
app.sequence_tolerance: Fitness Percentiles: 0%=-69.3157 25%=-57.7976 50%=-53.6152 75%=-38.4666 100%=883.682
app.sequence_tolerance: Best new entity:
MultiStateEntity with traits: AA:106:L AA:107:N AA:108:V AA:109:W AA:110:A and fitness -66.548
 SingleState 1 with fitness: -66.5477
app.sequence_tolerance: Generation 3:
app.sequence_tolerance: Distinct new entities: 1913
app.sequence_tolerance: Duplicate new entities: 2
app.sequence_tolerance: Entities from previous generation: 80
app.sequence_tolerance: Entities resurrected from earlier generations: 5
app.sequence_tolerance: Fitness Percentiles: 0%=-69.3157 25%=-58.9818 50%=-55.7825 75%=-49.8191 100%=680.835
app.sequence_tolerance: Best new entity:
MultiStateEntity with traits: AA:106:N AA:107:D AA:108:D AA:109:W AA:110:A and fitness -67.153
 SingleState 1 with fitness: -67.1529
app.sequence_tolerance: Generation 4:
app.sequence_tolerance: Distinct new entities: 1915
app.sequence_tolerance: Duplicate new entities: 2
app.sequence_tolerance: Entities from previous generation: 76
app.sequence_tolerance: Entities resurrected from earlier generations: 7
app.sequence_tolerance: Fitness Percentiles: 0%=-69.7088 25%=-59.9986 50%=-57.1298 75%=-52.3028 100%=880.171
app.sequence_tolerance: Best new entity:
MultiStateEntity with traits: AA:106:R AA:107:E AA:108:E AA:109:W AA:110:A and fitness -69.709
 SingleState 1 with fitness: -69.7088
app.sequence_tolerance: Generation 5:
app.sequence_tolerance: Distinct new entities: 1904
app.sequence_tolerance: Duplicate new entities: 4
app.sequence_tolerance: Entities from previous generation: 83
app.sequence_tolerance: Entities resurrected from earlier generations: 9
app.sequence_tolerance: Fitness Percentiles: 0%=-69.7088 25%=-60.831 50%=-58.2552 75%=-53.592 100%=888.61
app.sequence_tolerance: Best new entity:
MultiStateEntity with traits: AA:106:R AA:107:D AA:108:Y AA:109:W AA:110:T and fitness -69.250
 SingleState 1 with fitness: -69.2502
app.sequence_tolerance: Evaluated 9655 sequences out of 2476099 possible.
Best sequences:
