core.init: Mini-Rosetta version 40577 from https://svn.rosettacommons.org/source/branches/releases/rosetta-3.2/rosetta_source
core.init: command: /netapp/home/colin/rosetta/rosetta-3.2/rosetta_source/bin/backrub.linuxgccrelease -database /netapp/home/colin/rosetta/rosetta-3.2/rosetta_database -s /netapp/home/colin/backrub_seqtol/input_files/1N7T/1N7T_12.pdb -ignore_unrecognized_res -ex1 -ex2 -extrachi_cutoff 0 -out:prefix 1N7T_0012 -mute core.io.pdb.file_data -backrub:ntrials 10000 -score:weights standard -score:patch score12
core.init: 'RNG device' seed mode, using '/dev/urandom', seed=395169678 seed_offset=0 real_seed=395169678
core.init.random: RandomGenerator:init: Normal mode, seed=395169678 RG_type=mt19937
core.scoring.ScoreFunctionFactory: SCOREFUNCTION: standard
core.scoring.ScoreFunctionFactory: SCOREFUNCTION PATCH: score12
core.scoring.etable: Starting energy table calculation
core.scoring.etable: smooth_etable: changing atr/rep split to bottom of energy well
core.scoring.etable: smooth_etable: spline smoothing lj etables (maxdis = 6)
core.scoring.etable: smooth_etable: spline smoothing solvation etables (max_dis = 6)
core.scoring.etable: Finished calculating energy tables.
core.io.database: Database file opened: /netapp/home/colin/rosetta/rosetta-3.2/rosetta_database/pdb_pair_stats_fine
core.io.database: Database file opened: /netapp/home/colin/rosetta/rosetta-3.2/rosetta_database/scoring/score_functions/hbonds/standard_params/HBPoly1D.csv
core.io.database: Database file opened: /netapp/home/colin/rosetta/rosetta-3.2/rosetta_database/scoring/score_functions/hbonds/standard_params/HBFadeIntervals.csv
core.io.database: Database file opened: /netapp/home/colin/rosetta/rosetta-3.2/rosetta_database/scoring/score_functions/hbonds/standard_params/HBEval.csv
core.io.database: Database file opened: /netapp/home/colin/rosetta/rosetta-3.2/rosetta_database/P_AA
core.io.database: Database file opened: /netapp/home/colin/rosetta/rosetta-3.2/rosetta_database/P_AA_n
core.io.database: Database file opened: /netapp/home/colin/rosetta/rosetta-3.2/rosetta_database/P_AA_pp
core.io.database: Database file opened: /netapp/home/colin/rosetta/rosetta-3.2/rosetta_database/Rama_smooth_dyn.dat_ss_6.4
core.mm.MMBondAngleLibrary: MM bond angle sets added fully assigned: 474; wildcard: 0 and 1 virtual parameter.
core.io.database: Database file opened: /netapp/home/colin/rosetta/rosetta-3.2/rosetta_database/branch_angle/branch_angle_1.txt
core.io.database: Database file opened: /netapp/home/colin/rosetta/rosetta-3.2/rosetta_database/branch_angle/branch_angle_2.txt
core.scoring.dunbrack: Dunbrack library took 0.02 seconds to load from binary
apps.backrub: Processing /netapp/home/colin/backrub_seqtol/input_files/1N7T/1N7T_12.pdb...
core.pack.task: Packer task: initialize from command line() 
protocols.moves.BackrubMover: Segment lengths: 3-34 atoms
protocols.moves.BackrubMover: Main chain pivot atoms: CA
protocols.moves.BackrubMover: Adding backrub segments for residues 1-110
protocols.moves.BackrubMover: Total Segments Added: 960
apps.backrub: Score After PDB Load:
apps.backrub: ------------------------------------------------------------
 Scores                       Weight   Raw Score Wghtd.Score
------------------------------------------------------------
 fa_atr                       0.800    -408.085    -326.468
 fa_rep                       0.440     181.508      79.863
 fa_sol                       0.650     248.913     161.793
 fa_intra_rep                 0.004     227.979       0.912
 mm_bend                      1.000      86.042      86.042
 pro_close                    1.000       2.277       2.277
 fa_pair                      0.490     -13.144      -6.441
 hbond_sr_bb                  0.585     -13.195      -7.719
 hbond_lr_bb                  1.170     -18.758     -21.946
 hbond_bb_sc                  1.170      -2.403      -2.812
 hbond_sc                     1.100      -1.199      -1.319
 dslf_ss_dst                  0.500       0.000       0.000
 dslf_cs_ang                  2.000       0.000       0.000
 dslf_ss_dih                  5.000       0.000       0.000
 dslf_ca_dih                  5.000       0.000       0.000
 rama                         0.200     158.665      31.733
 omega                        0.500       0.509       0.255
 fa_dun                       0.560     456.566     255.677
 p_aa_pp                      0.320     -15.784      -5.051
 ref                          1.000     -23.900     -23.900
---------------------------------------------------
 Total weighted score:                      222.896
core.pack.task: Packer task: initialize from command line() 
apps.backrub: Score After Branch Angle Optimization/Side Chain Idealization:
apps.backrub: ------------------------------------------------------------
 Scores                       Weight   Raw Score Wghtd.Score
------------------------------------------------------------
 fa_atr                       0.800    -405.769    -324.615
 fa_rep                       0.440     224.374      98.725
 fa_sol                       0.650     245.693     159.701
 fa_intra_rep                 0.004     248.749       0.995
 mm_bend                      1.000      56.413      56.413
 pro_close                    1.000       2.277       2.277
 fa_pair                      0.490     -13.812      -6.768
 hbond_sr_bb                  0.585     -13.195      -7.719
 hbond_lr_bb                  1.170     -18.758     -21.946
 hbond_bb_sc                  1.170      -1.667      -1.951
 hbond_sc                     1.100      -0.787      -0.866
 dslf_ss_dst                  0.500       0.000       0.000
 dslf_cs_ang                  2.000       0.000       0.000
 dslf_ss_dih                  5.000       0.000       0.000
 dslf_ca_dih                  5.000       0.000       0.000
 rama                         0.200     158.665      31.733
 omega                        0.500       0.509       0.255
 fa_dun                       0.560     456.647     255.722
 p_aa_pp                      0.320     -15.784      -5.051
 ref                          1.000     -23.900     -23.900
---------------------------------------------------
 Total weighted score:                      213.004
core.pack.task: Packer task: initialize from command line() 
apps.backrub: Running 10000 trials...
protocols.moves.MonteCarlo:      br_CA_CA_04 trials=    737;  accepts= 0.4071;  energy_drop/trial=  -0.00588
protocols.moves.MonteCarlo:      br_CA_CA_07 trials=    740;  accepts= 0.3270;  energy_drop/trial=  -0.01313
protocols.moves.MonteCarlo:      br_CA_CA_10 trials=    716;  accepts= 0.3198;  energy_drop/trial=  -0.00958
protocols.moves.MonteCarlo:      br_CA_CA_13 trials=    705;  accepts= 0.2809;  energy_drop/trial=  -0.02352
protocols.moves.MonteCarlo:      br_CA_CA_16 trials=    705;  accepts= 0.2525;  energy_drop/trial=   0.00199
protocols.moves.MonteCarlo:      br_CA_CA_19 trials=    646;  accepts= 0.2724;  energy_drop/trial=  -0.00668
protocols.moves.MonteCarlo:      br_CA_CA_22 trials=    678;  accepts= 0.1991;  energy_drop/trial=   0.00578
protocols.moves.MonteCarlo:      br_CA_CA_25 trials=    625;  accepts= 0.2016;  energy_drop/trial=   0.00285
protocols.moves.MonteCarlo:      br_CA_CA_28 trials=    629;  accepts= 0.2051;  energy_drop/trial=   0.00057
protocols.moves.MonteCarlo:      br_CA_CA_31 trials=    677;  accepts= 0.1728;  energy_drop/trial=  -0.01157
protocols.moves.MonteCarlo:      br_CA_CA_34 trials=    607;  accepts= 0.1993;  energy_drop/trial=  -0.00656
protocols.moves.MonteCarlo:       sc_chi_rot trials=   2286;  accepts= 0.3841;  energy_drop/trial=  -0.06907
protocols.moves.MonteCarlo:      sc_chi_unif trials=    249;  accepts= 0.0442;  energy_drop/trial=  -0.00054
apps.backrub: Last Score:
apps.backrub: ------------------------------------------------------------
 Scores                       Weight   Raw Score Wghtd.Score
------------------------------------------------------------
 fa_atr                       0.800    -345.783    -276.626
 fa_rep                       0.440     101.315      44.579
 fa_sol                       0.650     200.076     130.049
 fa_intra_rep                 0.004     286.350       1.145
 mm_bend                      1.000      51.120      51.120
 pro_close                    1.000       2.277       2.277
 fa_pair                      0.490      -7.297      -3.576
 hbond_sr_bb                  0.585     -13.163      -7.701
 hbond_lr_bb                  1.170     -10.595     -12.397
 hbond_bb_sc                  1.170      -2.034      -2.380
 hbond_sc                     1.100      -1.378      -1.516
 dslf_ss_dst                  0.500       0.000       0.000
 dslf_cs_ang                  2.000       0.000       0.000
 dslf_ss_dih                  5.000       0.000       0.000
 dslf_ca_dih                  5.000       0.000       0.000
 rama                         0.200      78.295      15.659
 omega                        0.500       0.509       0.255
 fa_dun                       0.560     183.378     102.692
 p_aa_pp                      0.320     -34.003     -10.881
 ref                          1.000     -23.900     -23.900
---------------------------------------------------
 Total weighted score:                        8.800
apps.backrub: Low Score:
apps.backrub: ------------------------------------------------------------
 Scores                       Weight   Raw Score Wghtd.Score
------------------------------------------------------------
 fa_atr                       0.800    -371.093    -296.875
 fa_rep                       0.440     108.212      47.613
 fa_sol                       0.650     222.510     144.632
 fa_intra_rep                 0.004     267.428       1.070
 mm_bend                      1.000      45.275      45.275
 pro_close                    1.000       2.277       2.277
 fa_pair                      0.490     -12.800      -6.272
 hbond_sr_bb                  0.585     -13.368      -7.821
 hbond_lr_bb                  1.170     -12.952     -15.154
 hbond_bb_sc                  1.170      -2.350      -2.749
 hbond_sc                     1.100      -2.248      -2.473
 dslf_ss_dst                  0.500       0.000       0.000
 dslf_cs_ang                  2.000       0.000       0.000
 dslf_ss_dih                  5.000       0.000       0.000
 dslf_ca_dih                  5.000       0.000       0.000
 rama                         0.200      86.758      17.352
 omega                        0.500       0.509       0.255
 fa_dun                       0.560     185.928     104.120
 p_aa_pp                      0.320     -34.299     -10.976
 ref                          1.000     -23.900     -23.900
---------------------------------------------------
 Total weighted score:                       -3.626
