core.init: Mini-Rosetta version 40577 from https://svn.rosettacommons.org/source/branches/releases/rosetta-3.2/rosetta_source
core.init: command: /netapp/home/colin/rosetta/rosetta-3.2/rosetta_source/bin/backrub.linuxgccrelease -database /netapp/home/colin/rosetta/rosetta-3.2/rosetta_database -s /netapp/home/colin/backrub_seqtol/input_files/1N7T/1N7T_07.pdb -ignore_unrecognized_res -ex1 -ex2 -extrachi_cutoff 0 -out:prefix 1N7T_0007 -mute core.io.pdb.file_data -backrub:ntrials 10000 -score:weights standard -score:patch score12
core.init: 'RNG device' seed mode, using '/dev/urandom', seed=419102493 seed_offset=0 real_seed=419102493
core.init.random: RandomGenerator:init: Normal mode, seed=419102493 RG_type=mt19937
core.scoring.ScoreFunctionFactory: SCOREFUNCTION: standard
core.scoring.ScoreFunctionFactory: SCOREFUNCTION PATCH: score12
core.scoring.etable: Starting energy table calculation
core.scoring.etable: smooth_etable: changing atr/rep split to bottom of energy well
core.scoring.etable: smooth_etable: spline smoothing lj etables (maxdis = 6)
core.scoring.etable: smooth_etable: spline smoothing solvation etables (max_dis = 6)
core.scoring.etable: Finished calculating energy tables.
core.io.database: Database file opened: /netapp/home/colin/rosetta/rosetta-3.2/rosetta_database/pdb_pair_stats_fine
core.io.database: Database file opened: /netapp/home/colin/rosetta/rosetta-3.2/rosetta_database/scoring/score_functions/hbonds/standard_params/HBPoly1D.csv
core.io.database: Database file opened: /netapp/home/colin/rosetta/rosetta-3.2/rosetta_database/scoring/score_functions/hbonds/standard_params/HBFadeIntervals.csv
core.io.database: Database file opened: /netapp/home/colin/rosetta/rosetta-3.2/rosetta_database/scoring/score_functions/hbonds/standard_params/HBEval.csv
core.io.database: Database file opened: /netapp/home/colin/rosetta/rosetta-3.2/rosetta_database/P_AA
core.io.database: Database file opened: /netapp/home/colin/rosetta/rosetta-3.2/rosetta_database/P_AA_n
core.io.database: Database file opened: /netapp/home/colin/rosetta/rosetta-3.2/rosetta_database/P_AA_pp
core.io.database: Database file opened: /netapp/home/colin/rosetta/rosetta-3.2/rosetta_database/Rama_smooth_dyn.dat_ss_6.4
core.mm.MMBondAngleLibrary: MM bond angle sets added fully assigned: 474; wildcard: 0 and 1 virtual parameter.
core.io.database: Database file opened: /netapp/home/colin/rosetta/rosetta-3.2/rosetta_database/branch_angle/branch_angle_1.txt
core.io.database: Database file opened: /netapp/home/colin/rosetta/rosetta-3.2/rosetta_database/branch_angle/branch_angle_2.txt
core.scoring.dunbrack: Dunbrack library took 0.06 seconds to load from binary
apps.backrub: Processing /netapp/home/colin/backrub_seqtol/input_files/1N7T/1N7T_07.pdb...
core.pack.task: Packer task: initialize from command line() 
protocols.moves.BackrubMover: Segment lengths: 3-34 atoms
protocols.moves.BackrubMover: Main chain pivot atoms: CA
protocols.moves.BackrubMover: Adding backrub segments for residues 1-110
protocols.moves.BackrubMover: Total Segments Added: 960
apps.backrub: Score After PDB Load:
apps.backrub: ------------------------------------------------------------
 Scores                       Weight   Raw Score Wghtd.Score
------------------------------------------------------------
 fa_atr                       0.800    -404.004    -323.203
 fa_rep                       0.440     206.906      91.039
 fa_sol                       0.650     244.477     158.910
 fa_intra_rep                 0.004     223.077       0.892
 mm_bend                      1.000      84.951      84.951
 pro_close                    1.000       2.097       2.097
 fa_pair                      0.490     -15.468      -7.580
 hbond_sr_bb                  0.585     -13.331      -7.799
 hbond_lr_bb                  1.170     -16.591     -19.411
 hbond_bb_sc                  1.170      -2.179      -2.550
 hbond_sc                     1.100      -0.645      -0.710
 dslf_ss_dst                  0.500       0.000       0.000
 dslf_cs_ang                  2.000       0.000       0.000
 dslf_ss_dih                  5.000       0.000       0.000
 dslf_ca_dih                  5.000       0.000       0.000
 rama                         0.200     156.347      31.269
 omega                        0.500       0.382       0.191
 fa_dun                       0.560     536.981     300.710
 p_aa_pp                      0.320     -16.237      -5.196
 ref                          1.000     -23.900     -23.900
---------------------------------------------------
 Total weighted score:                      279.711
core.pack.task: Packer task: initialize from command line() 
apps.backrub: Score After Branch Angle Optimization/Side Chain Idealization:
apps.backrub: ------------------------------------------------------------
 Scores                       Weight   Raw Score Wghtd.Score
------------------------------------------------------------
 fa_atr                       0.800    -404.811    -323.849
 fa_rep                       0.440     271.307     119.375
 fa_sol                       0.650     244.506     158.929
 fa_intra_rep                 0.004     253.406       1.014
 mm_bend                      1.000      55.056      55.056
 pro_close                    1.000       2.097       2.097
 fa_pair                      0.490     -15.285      -7.490
 hbond_sr_bb                  0.585     -13.331      -7.799
 hbond_lr_bb                  1.170     -16.591     -19.411
 hbond_bb_sc                  1.170      -1.738      -2.034
 hbond_sc                     1.100      -0.917      -1.008
 dslf_ss_dst                  0.500       0.000       0.000
 dslf_cs_ang                  2.000       0.000       0.000
 dslf_ss_dih                  5.000       0.000       0.000
 dslf_ca_dih                  5.000       0.000       0.000
 rama                         0.200     156.347      31.269
 omega                        0.500       0.382       0.191
 fa_dun                       0.560     536.665     300.533
 p_aa_pp                      0.320     -16.237      -5.196
 ref                          1.000     -23.900     -23.900
---------------------------------------------------
 Total weighted score:                      277.776
core.pack.task: Packer task: initialize from command line() 
apps.backrub: Running 10000 trials...
protocols.moves.MonteCarlo:      br_CA_CA_04 trials=    712;  accepts= 0.4171;  energy_drop/trial=  -0.05052
protocols.moves.MonteCarlo:      br_CA_CA_07 trials=    746;  accepts= 0.3727;  energy_drop/trial=  -0.03244
protocols.moves.MonteCarlo:      br_CA_CA_10 trials=    759;  accepts= 0.3531;  energy_drop/trial=  -0.01879
protocols.moves.MonteCarlo:      br_CA_CA_13 trials=    739;  accepts= 0.2733;  energy_drop/trial=   0.00046
protocols.moves.MonteCarlo:      br_CA_CA_16 trials=    660;  accepts= 0.2379;  energy_drop/trial=   0.01250
protocols.moves.MonteCarlo:      br_CA_CA_19 trials=    642;  accepts= 0.2305;  energy_drop/trial=   0.00679
protocols.moves.MonteCarlo:      br_CA_CA_22 trials=    643;  accepts= 0.2146;  energy_drop/trial=  -0.00806
protocols.moves.MonteCarlo:      br_CA_CA_25 trials=    641;  accepts= 0.2309;  energy_drop/trial=  -0.00133
protocols.moves.MonteCarlo:      br_CA_CA_28 trials=    701;  accepts= 0.2054;  energy_drop/trial=  -0.02525
protocols.moves.MonteCarlo:      br_CA_CA_31 trials=    676;  accepts= 0.2160;  energy_drop/trial=  -0.03588
protocols.moves.MonteCarlo:      br_CA_CA_34 trials=    586;  accepts= 0.2014;  energy_drop/trial=  -0.00862
protocols.moves.MonteCarlo:       sc_chi_rot trials=   2246;  accepts= 0.3985;  energy_drop/trial=  -0.06752
protocols.moves.MonteCarlo:      sc_chi_unif trials=    249;  accepts= 0.0120;  energy_drop/trial=   0.00105
apps.backrub: Last Score:
apps.backrub: ------------------------------------------------------------
 Scores                       Weight   Raw Score Wghtd.Score
------------------------------------------------------------
 fa_atr                       0.800    -380.850    -304.680
 fa_rep                       0.440     120.006      52.803
 fa_sol                       0.650     221.183     143.769
 fa_intra_rep                 0.004     345.532       1.382
 mm_bend                      1.000      46.423      46.423
 pro_close                    1.000       2.097       2.097
 fa_pair                      0.490     -13.416      -6.574
 hbond_sr_bb                  0.585     -13.167      -7.703
 hbond_lr_bb                  1.170     -22.783     -26.656
 hbond_bb_sc                  1.170      -2.856      -3.341
 hbond_sc                     1.100      -0.007      -0.007
 dslf_ss_dst                  0.500       0.000       0.000
 dslf_cs_ang                  2.000       0.000       0.000
 dslf_ss_dih                  5.000       0.000       0.000
 dslf_ca_dih                  5.000       0.000       0.000
 rama                         0.200      93.970      18.794
 omega                        0.500       0.382       0.191
 fa_dun                       0.560     229.220     128.363
 p_aa_pp                      0.320     -28.472      -9.111
 ref                          1.000     -23.900     -23.900
---------------------------------------------------
 Total weighted score:                       11.850
apps.backrub: Low Score:
apps.backrub: ------------------------------------------------------------
 Scores                       Weight   Raw Score Wghtd.Score
------------------------------------------------------------
 fa_atr                       0.800    -380.850    -304.680
 fa_rep                       0.440     120.006      52.803
 fa_sol                       0.650     221.183     143.769
 fa_intra_rep                 0.004     345.532       1.382
 mm_bend                      1.000      46.423      46.423
 pro_close                    1.000       2.097       2.097
 fa_pair                      0.490     -13.416      -6.574
 hbond_sr_bb                  0.585     -13.167      -7.703
 hbond_lr_bb                  1.170     -22.783     -26.656
 hbond_bb_sc                  1.170      -2.856      -3.341
 hbond_sc                     1.100      -0.007      -0.007
 dslf_ss_dst                  0.500       0.000       0.000
 dslf_cs_ang                  2.000       0.000       0.000
 dslf_ss_dih                  5.000       0.000       0.000
 dslf_ca_dih                  5.000       0.000       0.000
 rama                         0.200      93.970      18.794
 omega                        0.500       0.382       0.191
 fa_dun                       0.560     229.220     128.363
 p_aa_pp                      0.320     -28.472      -9.111
 ref                          1.000     -23.900     -23.900
---------------------------------------------------
 Total weighted score:                       11.850
