core.init: Mini-Rosetta version 40577 from https://svn.rosettacommons.org/source/branches/releases/rosetta-3.2/rosetta_source
core.init: command: /netapp/home/colin/rosetta/rosetta-3.2/rosetta_source/bin/sequence_tolerance.linuxgccrelease -database /netapp/home/colin/rosetta/rosetta-3.2/rosetta_database -s 1N7T_0008_low.pdb -ex1 -ex2 -extrachi_cutoff 0 -seq_tol:fitness_master_weights 1 1 1 2 -ms:generations 5 -ms:pop_size 2000 -ms:pop_from_ss 1 -ms:checkpoint:prefix 1N7T_0008 -ms:checkpoint:interval 200 -ms:checkpoint:gz -ms:numresults 0 -out:prefix 1N7T_0008 -score:weights standard -score:patch score12 -score:ref_offsets HIS 1.2 -resfile /netapp/home/colin/backrub_seqtol/input_files/1N7T/1N7T_seqtol.resfile
core.init: 'RNG device' seed mode, using '/dev/urandom', seed=2028966403 seed_offset=0 real_seed=2028966403
core.init.random: RandomGenerator:init: Normal mode, seed=2028966403 RG_type=mt19937
core.pack.task: Packer task: initialize from command line() 
core.pack.task: Packer task: initialize from command line() 
core.scoring.ScoreFunctionFactory: SCOREFUNCTION: standard
core.scoring.ScoreFunctionFactory: SCOREFUNCTION PATCH: score12
core.scoring.etable: Starting energy table calculation
core.scoring.etable: smooth_etable: changing atr/rep split to bottom of energy well
core.scoring.etable: smooth_etable: spline smoothing lj etables (maxdis = 6)
core.scoring.etable: smooth_etable: spline smoothing solvation etables (max_dis = 6)
core.scoring.etable: Finished calculating energy tables.
core.io.database: Database file opened: /netapp/home/colin/rosetta/rosetta-3.2/rosetta_database/pdb_pair_stats_fine
core.io.database: Database file opened: /netapp/home/colin/rosetta/rosetta-3.2/rosetta_database/scoring/score_functions/hbonds/standard_params/HBPoly1D.csv
core.io.database: Database file opened: /netapp/home/colin/rosetta/rosetta-3.2/rosetta_database/scoring/score_functions/hbonds/standard_params/HBFadeIntervals.csv
core.io.database: Database file opened: /netapp/home/colin/rosetta/rosetta-3.2/rosetta_database/scoring/score_functions/hbonds/standard_params/HBEval.csv
core.io.database: Database file opened: /netapp/home/colin/rosetta/rosetta-3.2/rosetta_database/P_AA
core.io.database: Database file opened: /netapp/home/colin/rosetta/rosetta-3.2/rosetta_database/P_AA_n
core.io.database: Database file opened: /netapp/home/colin/rosetta/rosetta-3.2/rosetta_database/P_AA_pp
core.io.database: Database file opened: /netapp/home/colin/rosetta/rosetta-3.2/rosetta_database/Rama_smooth_dyn.dat_ss_6.4
core.scoring.dunbrack: Dunbrack library took 0.03 seconds to load from binary
app.sequence_tolerance: Residue Decomposition: [Set 1 (A): [1, 2, 3, 4, 5, 6, 7, 8, 9, 10, 11, 12, 13, 14, 15, 16, 17, 18, 19, 20, 21, 22, 23, 24, 25, 26, 27, 28, 29, 30, 31, 32, 33, 34, 35, 36, 37, 38, 39, 40, 41, 42, 43, 44, 45, 46, 47, 48, 49, 50, 51, 52, 53, 54, 55, 56, 57, 58, 59, 60, 61, 62, 63, 64, 65, 66, 67, 68, 69, 70, 71, 72, 73, 74, 75, 76, 77, 78, 79, 80, 81, 82, 83, 84, 85, 86, 87, 88, 89, 90, 91, 92, 93, 94, 95, 96, 97, 98, 99, 100, 101, 102, 103], Set 2 (B): [104, 105, 106, 107, 108, 109, 110]]
app.sequence_tolerance: Fitness Function Master Weights: [1, 1, 1, 2]
app.sequence_tolerance: Fitness of Starting Structure: 
---------------------------------------------------------------------
Score Type                  Other        A        B      A-B    Total
---------------------------------------------------------------------
fa_atr                      0.000 -254.881  -10.729  -42.255 -307.865
fa_rep                      0.000   47.780    2.531    4.098   54.410
fa_sol                      0.000  117.440    7.102   21.161  145.703
fa_intra_rep                0.000    0.891    0.093    0.000    0.984
pro_close                   0.000    1.926    0.000    0.000    1.926
fa_pair                     0.000   -4.531   -0.330   -1.673   -6.534
hbond_sr_bb                -7.956    0.000    0.000    0.000   -7.956
hbond_lr_bb               -23.777    0.000    0.000    0.000  -23.777
hbond_bb_sc                 0.000   -4.951    0.000    0.000   -4.951
hbond_sc                    0.000   -0.437   -0.122   -2.810   -3.370
dslf_ss_dst                 0.000    0.000    0.000    0.000    0.000
dslf_cs_ang                 0.000    0.000    0.000    0.000    0.000
dslf_ss_dih                 0.000    0.000    0.000    0.000    0.000
dslf_ca_dih                 0.000    0.000    0.000    0.000    0.000
rama                        0.000   17.212    1.141    0.000   18.353
omega                       0.000    0.227    0.003    0.000    0.230
fa_dun                      0.000  108.877    5.981    0.000  114.858
p_aa_pp                     0.000   -7.709   -0.866    0.000   -8.576
ref                         0.000  -20.890    0.590    0.000  -20.300
---------------------------------------------------------------------
Total                     -31.733    0.952    5.394  -21.478  -46.866

core.pack.interaction_graph.interaction_graph_factory: Instantiating PDInteractionGraph
core.pack.pack_rotamers: built 7687 rotamers at 33 positions.
core.pack.pack_rotamers: IG: 77975760 bytes
app.sequence_tolerance: There are 1 positive states and 0 negative states
protocols.multistate_design.MultiStatePacker: Best single-state design score:   -52.47
app.sequence_tolerance: Adding single-state design entities:
app.sequence_tolerance: AA:106:T AA:107:E AA:108:I AA:109:W AA:110:V 
app.sequence_tolerance: Generation 1:
app.sequence_tolerance: Distinct new entities: 1998
app.sequence_tolerance: Duplicate new entities: 2
app.sequence_tolerance: Entities from previous generation: 0
app.sequence_tolerance: Entities resurrected from earlier generations: 0
app.sequence_tolerance: Fitness Percentiles: 0%=-52.4748 25%=-35.4389 50%=58.2594 75%=164.307 100%=1699.81
app.sequence_tolerance: Best new entity:
MultiStateEntity with traits: AA:106:T AA:107:E AA:108:I AA:109:W AA:110:V and fitness -52.475
 SingleState 1 with fitness: -52.4748
app.sequence_tolerance: Generation 2:
app.sequence_tolerance: Distinct new entities: 1922
app.sequence_tolerance: Duplicate new entities: 4
app.sequence_tolerance: Entities from previous generation: 74
app.sequence_tolerance: Entities resurrected from earlier generations: 0
app.sequence_tolerance: Fitness Percentiles: 0%=-52.4748 25%=-38.6472 50%=2.81134 75%=83.6481 100%=1697.81
app.sequence_tolerance: Best new entity:
MultiStateEntity with traits: AA:106:T AA:107:A AA:108:I AA:109:W AA:110:V and fitness -50.933
 SingleState 1 with fitness: -50.9335
app.sequence_tolerance: Generation 3:
app.sequence_tolerance: Distinct new entities: 1907
app.sequence_tolerance: Duplicate new entities: 5
app.sequence_tolerance: Entities from previous generation: 82
app.sequence_tolerance: Entities resurrected from earlier generations: 6
app.sequence_tolerance: Fitness Percentiles: 0%=-52.4748 25%=-40.1123 50%=-36.3987 75%=34.1522 100%=1702.34
app.sequence_tolerance: Best new entity:
MultiStateEntity with traits: AA:106:S AA:107:S AA:108:R AA:109:W AA:110:V and fitness -49.987
 SingleState 1 with fitness: -49.9865
app.sequence_tolerance: Generation 4:
app.sequence_tolerance: Distinct new entities: 1890
app.sequence_tolerance: Duplicate new entities: 7
app.sequence_tolerance: Entities from previous generation: 89
app.sequence_tolerance: Entities resurrected from earlier generations: 14
app.sequence_tolerance: Fitness Percentiles: 0%=-52.4748 25%=-41.1228 50%=-38.1196 75%=5.46466 100%=1563.83
app.sequence_tolerance: Best new entity:
MultiStateEntity with traits: AA:106:T AA:107:E AA:108:R AA:109:W AA:110:V and fitness -51.495
 SingleState 1 with fitness: -51.4949
app.sequence_tolerance: Generation 5:
app.sequence_tolerance: Distinct new entities: 1907
app.sequence_tolerance: Duplicate new entities: 4
app.sequence_tolerance: Entities from previous generation: 78
app.sequence_tolerance: Entities resurrected from earlier generations: 11
app.sequence_tolerance: Fitness Percentiles: 0%=-52.4748 25%=-41.7997 50%=-39.013 75%=-17.0201 100%=1694.39
app.sequence_tolerance: Best new entity:
MultiStateEntity with traits: AA:106:Y AA:107:E AA:108:I AA:109:F AA:110:V and fitness -50.470
 SingleState 1 with fitness: -50.4697
app.sequence_tolerance: Evaluated 9624 sequences out of 2476099 possible.
Best sequences:
