core.init: Mini-Rosetta version 40577 from https://svn.rosettacommons.org/source/branches/releases/rosetta-3.2/rosetta_source
core.init: command: /netapp/home/colin/rosetta/rosetta-3.2/rosetta_source/bin/backrub.linuxgccrelease -database /netapp/home/colin/rosetta/rosetta-3.2/rosetta_database -s /netapp/home/colin/backrub_seqtol/input_files/1N7T/1N7T_03.pdb -ignore_unrecognized_res -ex1 -ex2 -extrachi_cutoff 0 -out:prefix 1N7T_0003 -mute core.io.pdb.file_data -backrub:ntrials 10000 -score:weights standard -score:patch score12
core.init: 'RNG device' seed mode, using '/dev/urandom', seed=-1665835309 seed_offset=0 real_seed=-1665835309
core.init.random: RandomGenerator:init: Normal mode, seed=-1665835309 RG_type=mt19937
core.scoring.ScoreFunctionFactory: SCOREFUNCTION: standard
core.scoring.ScoreFunctionFactory: SCOREFUNCTION PATCH: score12
core.scoring.etable: Starting energy table calculation
core.scoring.etable: smooth_etable: changing atr/rep split to bottom of energy well
core.scoring.etable: smooth_etable: spline smoothing lj etables (maxdis = 6)
core.scoring.etable: smooth_etable: spline smoothing solvation etables (max_dis = 6)
core.scoring.etable: Finished calculating energy tables.
core.io.database: Database file opened: /netapp/home/colin/rosetta/rosetta-3.2/rosetta_database/pdb_pair_stats_fine
core.io.database: Database file opened: /netapp/home/colin/rosetta/rosetta-3.2/rosetta_database/scoring/score_functions/hbonds/standard_params/HBPoly1D.csv
core.io.database: Database file opened: /netapp/home/colin/rosetta/rosetta-3.2/rosetta_database/scoring/score_functions/hbonds/standard_params/HBFadeIntervals.csv
core.io.database: Database file opened: /netapp/home/colin/rosetta/rosetta-3.2/rosetta_database/scoring/score_functions/hbonds/standard_params/HBEval.csv
core.io.database: Database file opened: /netapp/home/colin/rosetta/rosetta-3.2/rosetta_database/P_AA
core.io.database: Database file opened: /netapp/home/colin/rosetta/rosetta-3.2/rosetta_database/P_AA_n
core.io.database: Database file opened: /netapp/home/colin/rosetta/rosetta-3.2/rosetta_database/P_AA_pp
core.io.database: Database file opened: /netapp/home/colin/rosetta/rosetta-3.2/rosetta_database/Rama_smooth_dyn.dat_ss_6.4
core.mm.MMBondAngleLibrary: MM bond angle sets added fully assigned: 474; wildcard: 0 and 1 virtual parameter.
core.io.database: Database file opened: /netapp/home/colin/rosetta/rosetta-3.2/rosetta_database/branch_angle/branch_angle_1.txt
core.io.database: Database file opened: /netapp/home/colin/rosetta/rosetta-3.2/rosetta_database/branch_angle/branch_angle_2.txt
core.scoring.dunbrack: Dunbrack library took 0.02 seconds to load from binary
apps.backrub: Processing /netapp/home/colin/backrub_seqtol/input_files/1N7T/1N7T_03.pdb...
core.pack.task: Packer task: initialize from command line() 
protocols.moves.BackrubMover: Segment lengths: 3-34 atoms
protocols.moves.BackrubMover: Main chain pivot atoms: CA
protocols.moves.BackrubMover: Adding backrub segments for residues 1-110
protocols.moves.BackrubMover: Total Segments Added: 960
apps.backrub: Score After PDB Load:
apps.backrub: ------------------------------------------------------------
 Scores                       Weight   Raw Score Wghtd.Score
------------------------------------------------------------
 fa_atr                       0.800    -395.224    -316.179
 fa_rep                       0.440     194.560      85.606
 fa_sol                       0.650     239.540     155.701
 fa_intra_rep                 0.004     218.891       0.876
 mm_bend                      1.000      87.359      87.359
 pro_close                    1.000       1.840       1.840
 fa_pair                      0.490     -13.279      -6.507
 hbond_sr_bb                  0.585     -13.418      -7.849
 hbond_lr_bb                  1.170     -20.105     -23.523
 hbond_bb_sc                  1.170      -2.534      -2.964
 hbond_sc                     1.100      -0.828      -0.911
 dslf_ss_dst                  0.500       0.000       0.000
 dslf_cs_ang                  2.000       0.000       0.000
 dslf_ss_dih                  5.000       0.000       0.000
 dslf_ca_dih                  5.000       0.000       0.000
 rama                         0.200     126.100      25.220
 omega                        0.500       0.543       0.271
 fa_dun                       0.560     495.695     277.589
 p_aa_pp                      0.320     -24.134      -7.723
 ref                          1.000     -23.900     -23.900
---------------------------------------------------
 Total weighted score:                      244.907
core.pack.task: Packer task: initialize from command line() 
apps.backrub: Score After Branch Angle Optimization/Side Chain Idealization:
apps.backrub: ------------------------------------------------------------
 Scores                       Weight   Raw Score Wghtd.Score
------------------------------------------------------------
 fa_atr                       0.800    -395.103    -316.082
 fa_rep                       0.440     215.978      95.030
 fa_sol                       0.650     238.129     154.784
 fa_intra_rep                 0.004     240.375       0.962
 mm_bend                      1.000      57.474      57.474
 pro_close                    1.000       1.840       1.840
 fa_pair                      0.490     -13.189      -6.463
 hbond_sr_bb                  0.585     -13.418      -7.849
 hbond_lr_bb                  1.170     -20.105     -23.523
 hbond_bb_sc                  1.170      -2.157      -2.524
 hbond_sc                     1.100      -0.943      -1.037
 dslf_ss_dst                  0.500       0.000       0.000
 dslf_cs_ang                  2.000       0.000       0.000
 dslf_ss_dih                  5.000       0.000       0.000
 dslf_ca_dih                  5.000       0.000       0.000
 rama                         0.200     126.100      25.220
 omega                        0.500       0.543       0.271
 fa_dun                       0.560     495.745     277.617
 p_aa_pp                      0.320     -24.134      -7.723
 ref                          1.000     -23.900     -23.900
---------------------------------------------------
 Total weighted score:                      224.097
core.pack.task: Packer task: initialize from command line() 
apps.backrub: Running 10000 trials...
protocols.moves.MonteCarlo:      br_CA_CA_04 trials=    751;  accepts= 0.3782;  energy_drop/trial=  -0.01652
protocols.moves.MonteCarlo:      br_CA_CA_07 trials=    753;  accepts= 0.3413;  energy_drop/trial=  -0.00979
protocols.moves.MonteCarlo:      br_CA_CA_10 trials=    747;  accepts= 0.3213;  energy_drop/trial=  -0.01266
protocols.moves.MonteCarlo:      br_CA_CA_13 trials=    722;  accepts= 0.2590;  energy_drop/trial=  -0.00141
protocols.moves.MonteCarlo:      br_CA_CA_16 trials=    682;  accepts= 0.2537;  energy_drop/trial=   0.00343
protocols.moves.MonteCarlo:      br_CA_CA_19 trials=    681;  accepts= 0.2511;  energy_drop/trial=  -0.02693
protocols.moves.MonteCarlo:      br_CA_CA_22 trials=    674;  accepts= 0.2404;  energy_drop/trial=  -0.00192
protocols.moves.MonteCarlo:      br_CA_CA_25 trials=    623;  accepts= 0.2199;  energy_drop/trial=   0.00639
protocols.moves.MonteCarlo:      br_CA_CA_28 trials=    610;  accepts= 0.2082;  energy_drop/trial=   0.01059
protocols.moves.MonteCarlo:      br_CA_CA_31 trials=    640;  accepts= 0.2031;  energy_drop/trial=  -0.01881
protocols.moves.MonteCarlo:      br_CA_CA_34 trials=    650;  accepts= 0.1754;  energy_drop/trial=  -0.01641
protocols.moves.MonteCarlo:       sc_chi_rot trials=   2226;  accepts= 0.3796;  energy_drop/trial=  -0.07892
protocols.moves.MonteCarlo:      sc_chi_unif trials=    241;  accepts= 0.0415;  energy_drop/trial=  -0.03816
apps.backrub: Last Score:
apps.backrub: ------------------------------------------------------------
 Scores                       Weight   Raw Score Wghtd.Score
------------------------------------------------------------
 fa_atr                       0.800    -353.811    -283.049
 fa_rep                       0.440      96.755      42.572
 fa_sol                       0.650     211.037     137.174
 fa_intra_rep                 0.004     255.946       1.024
 mm_bend                      1.000      44.246      44.246
 pro_close                    1.000       1.840       1.840
 fa_pair                      0.490     -11.776      -5.770
 hbond_sr_bb                  0.585     -12.130      -7.096
 hbond_lr_bb                  1.170     -17.978     -21.034
 hbond_bb_sc                  1.170      -3.152      -3.688
 hbond_sc                     1.100      -1.571      -1.728
 dslf_ss_dst                  0.500       0.000       0.000
 dslf_cs_ang                  2.000       0.000       0.000
 dslf_ss_dih                  5.000       0.000       0.000
 dslf_ca_dih                  5.000       0.000       0.000
 rama                         0.200      61.410      12.282
 omega                        0.500       0.543       0.271
 fa_dun                       0.560     169.709      95.037
 p_aa_pp                      0.320     -27.369      -8.758
 ref                          1.000     -23.900     -23.900
---------------------------------------------------
 Total weighted score:                      -20.576
apps.backrub: Low Score:
apps.backrub: ------------------------------------------------------------
 Scores                       Weight   Raw Score Wghtd.Score
------------------------------------------------------------
 fa_atr                       0.800    -353.811    -283.049
 fa_rep                       0.440      96.755      42.572
 fa_sol                       0.650     211.037     137.174
 fa_intra_rep                 0.004     255.946       1.024
 mm_bend                      1.000      44.246      44.246
 pro_close                    1.000       1.840       1.840
 fa_pair                      0.490     -11.776      -5.770
 hbond_sr_bb                  0.585     -12.130      -7.096
 hbond_lr_bb                  1.170     -17.978     -21.034
 hbond_bb_sc                  1.170      -3.152      -3.688
 hbond_sc                     1.100      -1.571      -1.728
 dslf_ss_dst                  0.500       0.000       0.000
 dslf_cs_ang                  2.000       0.000       0.000
 dslf_ss_dih                  5.000       0.000       0.000
 dslf_ca_dih                  5.000       0.000       0.000
 rama                         0.200      61.410      12.282
 omega                        0.500       0.543       0.271
 fa_dun                       0.560     169.709      95.037
 p_aa_pp                      0.320     -27.369      -8.758
 ref                          1.000     -23.900     -23.900
---------------------------------------------------
 Total weighted score:                      -20.576
