core.init: Mini-Rosetta version 40577 from https://svn.rosettacommons.org/source/branches/releases/rosetta-3.2/rosetta_source
core.init: command: /netapp/home/colin/rosetta/rosetta-3.2/rosetta_source/bin/backrub.linuxgccrelease -database /netapp/home/colin/rosetta/rosetta-3.2/rosetta_database -s /netapp/home/colin/backrub_seqtol/input_files/1N7T/1N7T_20.pdb -ignore_unrecognized_res -ex1 -ex2 -extrachi_cutoff 0 -out:prefix 1N7T_0020 -mute core.io.pdb.file_data -backrub:ntrials 10000 -score:weights standard -score:patch score12
core.init: 'RNG device' seed mode, using '/dev/urandom', seed=-1456928761 seed_offset=0 real_seed=-1456928761
core.init.random: RandomGenerator:init: Normal mode, seed=-1456928761 RG_type=mt19937
core.scoring.ScoreFunctionFactory: SCOREFUNCTION: standard
core.scoring.ScoreFunctionFactory: SCOREFUNCTION PATCH: score12
core.scoring.etable: Starting energy table calculation
core.scoring.etable: smooth_etable: changing atr/rep split to bottom of energy well
core.scoring.etable: smooth_etable: spline smoothing lj etables (maxdis = 6)
core.scoring.etable: smooth_etable: spline smoothing solvation etables (max_dis = 6)
core.scoring.etable: Finished calculating energy tables.
core.io.database: Database file opened: /netapp/home/colin/rosetta/rosetta-3.2/rosetta_database/pdb_pair_stats_fine
core.io.database: Database file opened: /netapp/home/colin/rosetta/rosetta-3.2/rosetta_database/scoring/score_functions/hbonds/standard_params/HBPoly1D.csv
core.io.database: Database file opened: /netapp/home/colin/rosetta/rosetta-3.2/rosetta_database/scoring/score_functions/hbonds/standard_params/HBFadeIntervals.csv
core.io.database: Database file opened: /netapp/home/colin/rosetta/rosetta-3.2/rosetta_database/scoring/score_functions/hbonds/standard_params/HBEval.csv
core.io.database: Database file opened: /netapp/home/colin/rosetta/rosetta-3.2/rosetta_database/P_AA
core.io.database: Database file opened: /netapp/home/colin/rosetta/rosetta-3.2/rosetta_database/P_AA_n
core.io.database: Database file opened: /netapp/home/colin/rosetta/rosetta-3.2/rosetta_database/P_AA_pp
core.io.database: Database file opened: /netapp/home/colin/rosetta/rosetta-3.2/rosetta_database/Rama_smooth_dyn.dat_ss_6.4
core.mm.MMBondAngleLibrary: MM bond angle sets added fully assigned: 474; wildcard: 0 and 1 virtual parameter.
core.io.database: Database file opened: /netapp/home/colin/rosetta/rosetta-3.2/rosetta_database/branch_angle/branch_angle_1.txt
core.io.database: Database file opened: /netapp/home/colin/rosetta/rosetta-3.2/rosetta_database/branch_angle/branch_angle_2.txt
core.scoring.dunbrack: Dunbrack library took 0.03 seconds to load from binary
apps.backrub: Processing /netapp/home/colin/backrub_seqtol/input_files/1N7T/1N7T_20.pdb...
core.pack.task: Packer task: initialize from command line() 
protocols.moves.BackrubMover: Segment lengths: 3-34 atoms
protocols.moves.BackrubMover: Main chain pivot atoms: CA
protocols.moves.BackrubMover: Adding backrub segments for residues 1-110
protocols.moves.BackrubMover: Total Segments Added: 960
apps.backrub: Score After PDB Load:
apps.backrub: ------------------------------------------------------------
 Scores                       Weight   Raw Score Wghtd.Score
------------------------------------------------------------
 fa_atr                       0.800    -390.424    -312.339
 fa_rep                       0.440     184.104      81.006
 fa_sol                       0.650     235.255     152.916
 fa_intra_rep                 0.004     225.512       0.902
 mm_bend                      1.000      85.018      85.018
 pro_close                    1.000       1.856       1.856
 fa_pair                      0.490     -11.192      -5.484
 hbond_sr_bb                  0.585     -12.649      -7.400
 hbond_lr_bb                  1.170     -20.616     -24.121
 hbond_bb_sc                  1.170      -1.930      -2.258
 hbond_sc                     1.100      -0.637      -0.701
 dslf_ss_dst                  0.500       0.000       0.000
 dslf_cs_ang                  2.000       0.000       0.000
 dslf_ss_dih                  5.000       0.000       0.000
 dslf_ca_dih                  5.000       0.000       0.000
 rama                         0.200     126.159      25.232
 omega                        0.500       0.467       0.234
 fa_dun                       0.560     503.665     282.053
 p_aa_pp                      0.320     -18.904      -6.049
 ref                          1.000     -23.900     -23.900
---------------------------------------------------
 Total weighted score:                      246.963
core.pack.task: Packer task: initialize from command line() 
apps.backrub: Score After Branch Angle Optimization/Side Chain Idealization:
apps.backrub: ------------------------------------------------------------
 Scores                       Weight   Raw Score Wghtd.Score
------------------------------------------------------------
 fa_atr                       0.800    -388.363    -310.690
 fa_rep                       0.440     210.230      92.501
 fa_sol                       0.650     232.704     151.258
 fa_intra_rep                 0.004     258.427       1.034
 mm_bend                      1.000      54.927      54.927
 pro_close                    1.000       1.856       1.856
 fa_pair                      0.490     -11.295      -5.535
 hbond_sr_bb                  0.585     -12.649      -7.400
 hbond_lr_bb                  1.170     -20.616     -24.121
 hbond_bb_sc                  1.170      -2.130      -2.492
 hbond_sc                     1.100      -0.519      -0.571
 dslf_ss_dst                  0.500       0.000       0.000
 dslf_cs_ang                  2.000       0.000       0.000
 dslf_ss_dih                  5.000       0.000       0.000
 dslf_ca_dih                  5.000       0.000       0.000
 rama                         0.200     126.159      25.232
 omega                        0.500       0.467       0.234
 fa_dun                       0.560     503.594     282.013
 p_aa_pp                      0.320     -18.904      -6.049
 ref                          1.000     -23.900     -23.900
---------------------------------------------------
 Total weighted score:                      228.295
core.pack.task: Packer task: initialize from command line() 
apps.backrub: Running 10000 trials...
protocols.moves.MonteCarlo:      br_CA_CA_04 trials=    732;  accepts= 0.4085;  energy_drop/trial=  -0.00554
protocols.moves.MonteCarlo:      br_CA_CA_07 trials=    780;  accepts= 0.3115;  energy_drop/trial=  -0.00376
protocols.moves.MonteCarlo:      br_CA_CA_10 trials=    746;  accepts= 0.3097;  energy_drop/trial=  -0.02138
protocols.moves.MonteCarlo:      br_CA_CA_13 trials=    714;  accepts= 0.2661;  energy_drop/trial=  -0.00800
protocols.moves.MonteCarlo:      br_CA_CA_16 trials=    685;  accepts= 0.2321;  energy_drop/trial=  -0.01401
protocols.moves.MonteCarlo:      br_CA_CA_19 trials=    693;  accepts= 0.2468;  energy_drop/trial=  -0.00520
protocols.moves.MonteCarlo:      br_CA_CA_22 trials=    650;  accepts= 0.2077;  energy_drop/trial=   0.01596
protocols.moves.MonteCarlo:      br_CA_CA_25 trials=    649;  accepts= 0.1972;  energy_drop/trial=  -0.02353
protocols.moves.MonteCarlo:      br_CA_CA_28 trials=    652;  accepts= 0.1887;  energy_drop/trial=  -0.01261
protocols.moves.MonteCarlo:      br_CA_CA_31 trials=    617;  accepts= 0.1734;  energy_drop/trial=  -0.00843
protocols.moves.MonteCarlo:      br_CA_CA_34 trials=    593;  accepts= 0.1771;  energy_drop/trial=   0.00659
protocols.moves.MonteCarlo:       sc_chi_rot trials=   2237;  accepts= 0.3844;  energy_drop/trial=  -0.06841
protocols.moves.MonteCarlo:      sc_chi_unif trials=    252;  accepts= 0.0437;  energy_drop/trial=   0.01246
apps.backrub: Last Score:
apps.backrub: ------------------------------------------------------------
 Scores                       Weight   Raw Score Wghtd.Score
------------------------------------------------------------
 fa_atr                       0.800    -368.829    -295.063
 fa_rep                       0.440     116.105      51.086
 fa_sol                       0.650     216.939     141.010
 fa_intra_rep                 0.004     252.134       1.009
 mm_bend                      1.000      54.353      54.353
 pro_close                    1.000       1.856       1.856
 fa_pair                      0.490     -11.087      -5.433
 hbond_sr_bb                  0.585     -10.539      -6.165
 hbond_lr_bb                  1.170     -18.539     -21.691
 hbond_bb_sc                  1.170      -5.098      -5.965
 hbond_sc                     1.100      -1.168      -1.285
 dslf_ss_dst                  0.500       0.000       0.000
 dslf_cs_ang                  2.000       0.000       0.000
 dslf_ss_dih                  5.000       0.000       0.000
 dslf_ca_dih                  5.000       0.000       0.000
 rama                         0.200     102.709      20.542
 omega                        0.500       0.467       0.234
 fa_dun                       0.560     215.997     120.958
 p_aa_pp                      0.320     -29.358      -9.395
 ref                          1.000     -23.900     -23.900
---------------------------------------------------
 Total weighted score:                       22.152
apps.backrub: Low Score:
apps.backrub: ------------------------------------------------------------
 Scores                       Weight   Raw Score Wghtd.Score
------------------------------------------------------------
 fa_atr                       0.800    -363.632    -290.906
 fa_rep                       0.440     120.452      52.999
 fa_sol                       0.650     210.282     136.684
 fa_intra_rep                 0.004     244.036       0.976
 mm_bend                      1.000      50.259      50.259
 pro_close                    1.000       1.856       1.856
 fa_pair                      0.490     -11.378      -5.575
 hbond_sr_bb                  0.585      -9.355      -5.473
 hbond_lr_bb                  1.170     -20.919     -24.475
 hbond_bb_sc                  1.170      -3.953      -4.625
 hbond_sc                     1.100      -2.086      -2.295
 dslf_ss_dst                  0.500       0.000       0.000
 dslf_cs_ang                  2.000       0.000       0.000
 dslf_ss_dih                  5.000       0.000       0.000
 dslf_ca_dih                  5.000       0.000       0.000
 rama                         0.200      88.206      17.641
 omega                        0.500       0.467       0.234
 fa_dun                       0.560     213.757     119.704
 p_aa_pp                      0.320     -31.198      -9.983
 ref                          1.000     -23.900     -23.900
---------------------------------------------------
 Total weighted score:                       13.121
