core.init: Mini-Rosetta version 40577 from https://svn.rosettacommons.org/source/branches/releases/rosetta-3.2/rosetta_source
core.init: command: /netapp/home/colin/rosetta/rosetta-3.2/rosetta_source/bin/sequence_tolerance.linuxgccrelease -database /netapp/home/colin/rosetta/rosetta-3.2/rosetta_database -s 1N7T_0001_low.pdb -ex1 -ex2 -extrachi_cutoff 0 -seq_tol:fitness_master_weights 1 1 1 2 -ms:generations 5 -ms:pop_size 2000 -ms:pop_from_ss 1 -ms:checkpoint:prefix 1N7T_0001 -ms:checkpoint:interval 200 -ms:checkpoint:gz -ms:numresults 0 -out:prefix 1N7T_0001 -score:weights standard -score:patch score12 -score:ref_offsets HIS 1.2 -resfile /netapp/home/colin/backrub_seqtol/input_files/1N7T/1N7T_seqtol.resfile
core.init: 'RNG device' seed mode, using '/dev/urandom', seed=1008455116 seed_offset=0 real_seed=1008455116
core.init.random: RandomGenerator:init: Normal mode, seed=1008455116 RG_type=mt19937
core.pack.task: Packer task: initialize from command line() 
core.pack.task: Packer task: initialize from command line() 
core.scoring.ScoreFunctionFactory: SCOREFUNCTION: standard
core.scoring.ScoreFunctionFactory: SCOREFUNCTION PATCH: score12
core.scoring.etable: Starting energy table calculation
core.scoring.etable: smooth_etable: changing atr/rep split to bottom of energy well
core.scoring.etable: smooth_etable: spline smoothing lj etables (maxdis = 6)
core.scoring.etable: smooth_etable: spline smoothing solvation etables (max_dis = 6)
core.scoring.etable: Finished calculating energy tables.
core.io.database: Database file opened: /netapp/home/colin/rosetta/rosetta-3.2/rosetta_database/pdb_pair_stats_fine
core.io.database: Database file opened: /netapp/home/colin/rosetta/rosetta-3.2/rosetta_database/scoring/score_functions/hbonds/standard_params/HBPoly1D.csv
core.io.database: Database file opened: /netapp/home/colin/rosetta/rosetta-3.2/rosetta_database/scoring/score_functions/hbonds/standard_params/HBFadeIntervals.csv
core.io.database: Database file opened: /netapp/home/colin/rosetta/rosetta-3.2/rosetta_database/scoring/score_functions/hbonds/standard_params/HBEval.csv
core.io.database: Database file opened: /netapp/home/colin/rosetta/rosetta-3.2/rosetta_database/P_AA
core.io.database: Database file opened: /netapp/home/colin/rosetta/rosetta-3.2/rosetta_database/P_AA_n
core.io.database: Database file opened: /netapp/home/colin/rosetta/rosetta-3.2/rosetta_database/P_AA_pp
core.io.database: Database file opened: /netapp/home/colin/rosetta/rosetta-3.2/rosetta_database/Rama_smooth_dyn.dat_ss_6.4
core.scoring.dunbrack: Dunbrack library took 0.03 seconds to load from binary
app.sequence_tolerance: Residue Decomposition: [Set 1 (A): [1, 2, 3, 4, 5, 6, 7, 8, 9, 10, 11, 12, 13, 14, 15, 16, 17, 18, 19, 20, 21, 22, 23, 24, 25, 26, 27, 28, 29, 30, 31, 32, 33, 34, 35, 36, 37, 38, 39, 40, 41, 42, 43, 44, 45, 46, 47, 48, 49, 50, 51, 52, 53, 54, 55, 56, 57, 58, 59, 60, 61, 62, 63, 64, 65, 66, 67, 68, 69, 70, 71, 72, 73, 74, 75, 76, 77, 78, 79, 80, 81, 82, 83, 84, 85, 86, 87, 88, 89, 90, 91, 92, 93, 94, 95, 96, 97, 98, 99, 100, 101, 102, 103], Set 2 (B): [104, 105, 106, 107, 108, 109, 110]]
app.sequence_tolerance: Fitness Function Master Weights: [1, 1, 1, 2]
app.sequence_tolerance: Fitness of Starting Structure: 
---------------------------------------------------------------------
Score Type                  Other        A        B      A-B    Total
---------------------------------------------------------------------
fa_atr                      0.000 -265.847   -8.864  -45.738 -320.448
fa_rep                      0.000   45.818    2.697    8.512   57.028
fa_sol                      0.000  126.570    4.952   18.444  149.966
fa_intra_rep                0.000    0.836    0.088    0.000    0.924
pro_close                   0.000    2.084    0.000    0.000    2.084
fa_pair                     0.000   -4.607   -0.001   -0.697   -5.305
hbond_sr_bb                -5.914    0.000    0.000    0.000   -5.914
hbond_lr_bb               -25.953    0.000    0.000    0.000  -25.953
hbond_bb_sc                 0.000   -4.285    0.000    0.000   -4.285
hbond_sc                    0.000   -1.352    0.000   -0.901   -2.254
dslf_ss_dst                 0.000    0.000    0.000    0.000    0.000
dslf_cs_ang                 0.000    0.000    0.000    0.000    0.000
dslf_ss_dih                 0.000    0.000    0.000    0.000    0.000
dslf_ca_dih                 0.000    0.000    0.000    0.000    0.000
rama                        0.000   18.106    4.382    0.000   22.488
omega                       0.000    0.177    0.001    0.000    0.178
fa_dun                      0.000   83.864    3.713    0.000   87.577
p_aa_pp                     0.000   -9.432    0.147    0.000   -9.285
ref                         0.000  -20.890    0.590    0.000  -20.300
---------------------------------------------------------------------
Total                     -31.866  -28.958    7.705  -20.380  -73.499

core.pack.interaction_graph.interaction_graph_factory: Instantiating PDInteractionGraph
core.pack.pack_rotamers: built 7995 rotamers at 33 positions.
core.pack.pack_rotamers: IG: 85496224 bytes
app.sequence_tolerance: There are 1 positive states and 0 negative states
protocols.multistate_design.MultiStatePacker: Best single-state design score:   -85.87
app.sequence_tolerance: Adding single-state design entities:
app.sequence_tolerance: AA:106:F AA:107:I AA:108:T AA:109:W AA:110:I 
app.sequence_tolerance: Generation 1:
app.sequence_tolerance: Distinct new entities: 1999
app.sequence_tolerance: Duplicate new entities: 1
app.sequence_tolerance: Entities from previous generation: 0
app.sequence_tolerance: Entities resurrected from earlier generations: 0
app.sequence_tolerance: Fitness Percentiles: 0%=-85.8718 25%=-71.0553 50%=-63.0081 75%=107.233 100%=1265.9
app.sequence_tolerance: Best new entity:
MultiStateEntity with traits: AA:106:F AA:107:I AA:108:T AA:109:W AA:110:I and fitness -85.872
 SingleState 1 with fitness: -85.8718
app.sequence_tolerance: Generation 2:
app.sequence_tolerance: Distinct new entities: 1928
app.sequence_tolerance: Duplicate new entities: 3
app.sequence_tolerance: Entities from previous generation: 69
app.sequence_tolerance: Entities resurrected from earlier generations: 0
app.sequence_tolerance: Fitness Percentiles: 0%=-85.8718 25%=-72.6586 50%=-68.8188 75%=-24.7035 100%=1083.64
app.sequence_tolerance: Best new entity:
MultiStateEntity with traits: AA:106:F AA:107:I AA:108:M AA:109:W AA:110:I and fitness -83.909
 SingleState 1 with fitness: -83.9092
app.sequence_tolerance: Generation 3:
app.sequence_tolerance: Distinct new entities: 1909
app.sequence_tolerance: Duplicate new entities: 9
app.sequence_tolerance: Entities from previous generation: 80
app.sequence_tolerance: Entities resurrected from earlier generations: 2
app.sequence_tolerance: Fitness Percentiles: 0%=-85.8718 25%=-73.6512 50%=-70.7781 75%=-65.8734 100%=1083.39
app.sequence_tolerance: Best new entity:
MultiStateEntity with traits: AA:106:F AA:107:V AA:108:T AA:109:W AA:110:I and fitness -85.561
 SingleState 1 with fitness: -85.5608
app.sequence_tolerance: Generation 4:
app.sequence_tolerance: Distinct new entities: 1902
app.sequence_tolerance: Duplicate new entities: 4
app.sequence_tolerance: Entities from previous generation: 87
app.sequence_tolerance: Entities resurrected from earlier generations: 7
app.sequence_tolerance: Fitness Percentiles: 0%=-85.8718 25%=-74.7858 50%=-71.9698 75%=-67.8362 100%=1039.96
app.sequence_tolerance: Best new entity:
MultiStateEntity with traits: AA:106:F AA:107:E AA:108:T AA:109:Y AA:110:I and fitness -84.776
 SingleState 1 with fitness: -84.7765
app.sequence_tolerance: Generation 5:
app.sequence_tolerance: Distinct new entities: 1908
app.sequence_tolerance: Duplicate new entities: 6
app.sequence_tolerance: Entities from previous generation: 81
app.sequence_tolerance: Entities resurrected from earlier generations: 5
app.sequence_tolerance: Fitness Percentiles: 0%=-85.8718 25%=-75.5222 50%=-72.7687 75%=-68.6515 100%=1158.52
app.sequence_tolerance: Best new entity:
MultiStateEntity with traits: AA:106:F AA:107:I AA:108:H AA:109:W AA:110:V and fitness -84.513
 SingleState 1 with fitness: -84.5133
app.sequence_tolerance: Evaluated 9646 sequences out of 2476099 possible.
Best sequences:
