core.init: Mini-Rosetta version 40577 from https://svn.rosettacommons.org/source/branches/releases/rosetta-3.2/rosetta_source
core.init: command: /netapp/home/colin/rosetta/rosetta-3.2/rosetta_source/bin/sequence_tolerance.linuxgccrelease -database /netapp/home/colin/rosetta/rosetta-3.2/rosetta_database -s 1N7T_0006_low.pdb -ex1 -ex2 -extrachi_cutoff 0 -seq_tol:fitness_master_weights 1 1 1 2 -ms:generations 5 -ms:pop_size 2000 -ms:pop_from_ss 1 -ms:checkpoint:prefix 1N7T_0006 -ms:checkpoint:interval 200 -ms:checkpoint:gz -ms:numresults 0 -out:prefix 1N7T_0006 -score:weights standard -score:patch score12 -score:ref_offsets HIS 1.2 -resfile /netapp/home/colin/backrub_seqtol/input_files/1N7T/1N7T_seqtol.resfile
core.init: 'RNG device' seed mode, using '/dev/urandom', seed=-669579850 seed_offset=0 real_seed=-669579850
core.init.random: RandomGenerator:init: Normal mode, seed=-669579850 RG_type=mt19937
core.pack.task: Packer task: initialize from command line() 
core.pack.task: Packer task: initialize from command line() 
core.scoring.ScoreFunctionFactory: SCOREFUNCTION: standard
core.scoring.ScoreFunctionFactory: SCOREFUNCTION PATCH: score12
core.scoring.etable: Starting energy table calculation
core.scoring.etable: smooth_etable: changing atr/rep split to bottom of energy well
core.scoring.etable: smooth_etable: spline smoothing lj etables (maxdis = 6)
core.scoring.etable: smooth_etable: spline smoothing solvation etables (max_dis = 6)
core.scoring.etable: Finished calculating energy tables.
core.io.database: Database file opened: /netapp/home/colin/rosetta/rosetta-3.2/rosetta_database/pdb_pair_stats_fine
core.io.database: Database file opened: /netapp/home/colin/rosetta/rosetta-3.2/rosetta_database/scoring/score_functions/hbonds/standard_params/HBPoly1D.csv
core.io.database: Database file opened: /netapp/home/colin/rosetta/rosetta-3.2/rosetta_database/scoring/score_functions/hbonds/standard_params/HBFadeIntervals.csv
core.io.database: Database file opened: /netapp/home/colin/rosetta/rosetta-3.2/rosetta_database/scoring/score_functions/hbonds/standard_params/HBEval.csv
core.io.database: Database file opened: /netapp/home/colin/rosetta/rosetta-3.2/rosetta_database/P_AA
core.io.database: Database file opened: /netapp/home/colin/rosetta/rosetta-3.2/rosetta_database/P_AA_n
core.io.database: Database file opened: /netapp/home/colin/rosetta/rosetta-3.2/rosetta_database/P_AA_pp
core.io.database: Database file opened: /netapp/home/colin/rosetta/rosetta-3.2/rosetta_database/Rama_smooth_dyn.dat_ss_6.4
core.scoring.dunbrack: Dunbrack library took 0.02 seconds to load from binary
app.sequence_tolerance: Residue Decomposition: [Set 1 (A): [1, 2, 3, 4, 5, 6, 7, 8, 9, 10, 11, 12, 13, 14, 15, 16, 17, 18, 19, 20, 21, 22, 23, 24, 25, 26, 27, 28, 29, 30, 31, 32, 33, 34, 35, 36, 37, 38, 39, 40, 41, 42, 43, 44, 45, 46, 47, 48, 49, 50, 51, 52, 53, 54, 55, 56, 57, 58, 59, 60, 61, 62, 63, 64, 65, 66, 67, 68, 69, 70, 71, 72, 73, 74, 75, 76, 77, 78, 79, 80, 81, 82, 83, 84, 85, 86, 87, 88, 89, 90, 91, 92, 93, 94, 95, 96, 97, 98, 99, 100, 101, 102, 103], Set 2 (B): [104, 105, 106, 107, 108, 109, 110]]
app.sequence_tolerance: Fitness Function Master Weights: [1, 1, 1, 2]
app.sequence_tolerance: Fitness of Starting Structure: 
---------------------------------------------------------------------
Score Type                  Other        A        B      A-B    Total
---------------------------------------------------------------------
fa_atr                      0.000 -262.383   -9.271  -50.354 -322.008
fa_rep                      0.000   48.966    2.025   11.970   62.961
fa_sol                      0.000  122.177    6.042   25.692  153.911
fa_intra_rep                0.000    0.967    0.095    0.000    1.062
pro_close                   0.000    1.675    0.000    0.000    1.675
fa_pair                     0.000   -5.634    0.001   -1.882   -7.516
hbond_sr_bb                -6.105    0.000    0.000    0.000   -6.105
hbond_lr_bb               -22.857    0.000    0.000    0.000  -22.857
hbond_bb_sc                 0.000   -2.715    0.000    0.000   -2.715
hbond_sc                    0.000   -0.401    0.000   -1.555   -1.956
dslf_ss_dst                 0.000    0.000    0.000    0.000    0.000
dslf_cs_ang                 0.000    0.000    0.000    0.000    0.000
dslf_ss_dih                 0.000    0.000    0.000    0.000    0.000
dslf_ca_dih                 0.000    0.000    0.000    0.000    0.000
rama                        0.000   18.470    3.657    0.000   22.127
omega                       0.000    0.230    0.006    0.000    0.235
fa_dun                      0.000  121.446    4.854    0.000  126.301
p_aa_pp                     0.000  -10.400   -0.009    0.000  -10.408
ref                         0.000  -20.890    0.590    0.000  -20.300
---------------------------------------------------------------------
Total                     -28.962   11.509    7.991  -16.130  -25.592

core.pack.interaction_graph.interaction_graph_factory: Instantiating PDInteractionGraph
core.pack.pack_rotamers: built 8262 rotamers at 33 positions.
core.pack.pack_rotamers: IG: 93850880 bytes
app.sequence_tolerance: There are 1 positive states and 0 negative states
protocols.multistate_design.MultiStatePacker: Best single-state design score:   -48.91
app.sequence_tolerance: Adding single-state design entities:
app.sequence_tolerance: AA:106:Y AA:107:A AA:108:F AA:109:W AA:110:V 
app.sequence_tolerance: Generation 1:
app.sequence_tolerance: Distinct new entities: 1999
app.sequence_tolerance: Duplicate new entities: 1
app.sequence_tolerance: Entities from previous generation: 0
app.sequence_tolerance: Entities resurrected from earlier generations: 0
app.sequence_tolerance: Fitness Percentiles: 0%=-48.9055 25%=-30.6997 50%=-13.4855 75%=143.71 100%=1433.42
app.sequence_tolerance: Best new entity:
MultiStateEntity with traits: AA:106:Y AA:107:A AA:108:F AA:109:W AA:110:V and fitness -48.906
 SingleState 1 with fitness: -48.9055
app.sequence_tolerance: Generation 2:
app.sequence_tolerance: Distinct new entities: 1917
app.sequence_tolerance: Duplicate new entities: 3
app.sequence_tolerance: Entities from previous generation: 80
app.sequence_tolerance: Entities resurrected from earlier generations: 0
app.sequence_tolerance: Fitness Percentiles: 0%=-48.9055 25%=-32.7751 50%=-26.5724 75%=23.0402 100%=1808.39
app.sequence_tolerance: Best new entity:
MultiStateEntity with traits: AA:106:Q AA:107:D AA:108:K AA:109:W AA:110:I and fitness -46.298
 SingleState 1 with fitness: -46.2976
app.sequence_tolerance: Generation 3:
app.sequence_tolerance: Distinct new entities: 1910
app.sequence_tolerance: Duplicate new entities: 3
app.sequence_tolerance: Entities from previous generation: 82
app.sequence_tolerance: Entities resurrected from earlier generations: 5
app.sequence_tolerance: Fitness Percentiles: 0%=-48.9055 25%=-34.5293 50%=-30.3408 75%=-18.0288 100%=1328.05
app.sequence_tolerance: Best new entity:
MultiStateEntity with traits: AA:106:T AA:107:D AA:108:Y AA:109:W AA:110:V and fitness -47.154
 SingleState 1 with fitness: -47.1537
app.sequence_tolerance: Generation 4:
app.sequence_tolerance: Distinct new entities: 1907
app.sequence_tolerance: Duplicate new entities: 8
app.sequence_tolerance: Entities from previous generation: 78
app.sequence_tolerance: Entities resurrected from earlier generations: 7
app.sequence_tolerance: Fitness Percentiles: 0%=-48.9055 25%=-35.5484 50%=-32.0478 75%=-25.5717 100%=1815.81
app.sequence_tolerance: Best new entity:
MultiStateEntity with traits: AA:106:Y AA:107:E AA:108:T AA:109:W AA:110:V and fitness -47.520
 SingleState 1 with fitness: -47.52
app.sequence_tolerance: Generation 5:
app.sequence_tolerance: Distinct new entities: 1897
app.sequence_tolerance: Duplicate new entities: 1
app.sequence_tolerance: Entities from previous generation: 86
app.sequence_tolerance: Entities resurrected from earlier generations: 16
app.sequence_tolerance: Fitness Percentiles: 0%=-48.9055 25%=-36.3942 50%=-33.0936 75%=-26.9628 100%=1322.77
app.sequence_tolerance: Best new entity:
MultiStateEntity with traits: AA:106:T AA:107:N AA:108:F AA:109:W AA:110:V and fitness -47.243
 SingleState 1 with fitness: -47.2432
app.sequence_tolerance: Evaluated 9630 sequences out of 2476099 possible.
Best sequences:
