core.init: Mini-Rosetta version 40577 from https://svn.rosettacommons.org/source/branches/releases/rosetta-3.2/rosetta_source
core.init: command: /netapp/home/colin/rosetta/rosetta-3.2/rosetta_source/bin/sequence_tolerance.linuxgccrelease -database /netapp/home/colin/rosetta/rosetta-3.2/rosetta_database -s 1N7T_0007_low.pdb -ex1 -ex2 -extrachi_cutoff 0 -seq_tol:fitness_master_weights 1 1 1 2 -ms:generations 5 -ms:pop_size 2000 -ms:pop_from_ss 1 -ms:checkpoint:prefix 1N7T_0007 -ms:checkpoint:interval 200 -ms:checkpoint:gz -ms:numresults 0 -out:prefix 1N7T_0007 -score:weights standard -score:patch score12 -score:ref_offsets HIS 1.2 -resfile /netapp/home/colin/backrub_seqtol/input_files/1N7T/1N7T_seqtol.resfile
core.init: 'RNG device' seed mode, using '/dev/urandom', seed=-433070081 seed_offset=0 real_seed=-433070081
core.init.random: RandomGenerator:init: Normal mode, seed=-433070081 RG_type=mt19937
core.pack.task: Packer task: initialize from command line() 
core.pack.task: Packer task: initialize from command line() 
core.scoring.ScoreFunctionFactory: SCOREFUNCTION: standard
core.scoring.ScoreFunctionFactory: SCOREFUNCTION PATCH: score12
core.scoring.etable: Starting energy table calculation
core.scoring.etable: smooth_etable: changing atr/rep split to bottom of energy well
core.scoring.etable: smooth_etable: spline smoothing lj etables (maxdis = 6)
core.scoring.etable: smooth_etable: spline smoothing solvation etables (max_dis = 6)
core.scoring.etable: Finished calculating energy tables.
core.io.database: Database file opened: /netapp/home/colin/rosetta/rosetta-3.2/rosetta_database/pdb_pair_stats_fine
core.io.database: Database file opened: /netapp/home/colin/rosetta/rosetta-3.2/rosetta_database/scoring/score_functions/hbonds/standard_params/HBPoly1D.csv
core.io.database: Database file opened: /netapp/home/colin/rosetta/rosetta-3.2/rosetta_database/scoring/score_functions/hbonds/standard_params/HBFadeIntervals.csv
core.io.database: Database file opened: /netapp/home/colin/rosetta/rosetta-3.2/rosetta_database/scoring/score_functions/hbonds/standard_params/HBEval.csv
core.io.database: Database file opened: /netapp/home/colin/rosetta/rosetta-3.2/rosetta_database/P_AA
core.io.database: Database file opened: /netapp/home/colin/rosetta/rosetta-3.2/rosetta_database/P_AA_n
core.io.database: Database file opened: /netapp/home/colin/rosetta/rosetta-3.2/rosetta_database/P_AA_pp
core.io.database: Database file opened: /netapp/home/colin/rosetta/rosetta-3.2/rosetta_database/Rama_smooth_dyn.dat_ss_6.4
core.scoring.dunbrack: Dunbrack library took 0.05 seconds to load from binary
app.sequence_tolerance: Residue Decomposition: [Set 1 (A): [1, 2, 3, 4, 5, 6, 7, 8, 9, 10, 11, 12, 13, 14, 15, 16, 17, 18, 19, 20, 21, 22, 23, 24, 25, 26, 27, 28, 29, 30, 31, 32, 33, 34, 35, 36, 37, 38, 39, 40, 41, 42, 43, 44, 45, 46, 47, 48, 49, 50, 51, 52, 53, 54, 55, 56, 57, 58, 59, 60, 61, 62, 63, 64, 65, 66, 67, 68, 69, 70, 71, 72, 73, 74, 75, 76, 77, 78, 79, 80, 81, 82, 83, 84, 85, 86, 87, 88, 89, 90, 91, 92, 93, 94, 95, 96, 97, 98, 99, 100, 101, 102, 103], Set 2 (B): [104, 105, 106, 107, 108, 109, 110]]
app.sequence_tolerance: Fitness Function Master Weights: [1, 1, 1, 2]
app.sequence_tolerance: Fitness of Starting Structure: 
---------------------------------------------------------------------
Score Type                  Other        A        B      A-B    Total
---------------------------------------------------------------------
fa_atr                      0.000 -274.446   -9.363  -41.732 -325.541
fa_rep                      0.000   46.492    2.475    7.645   56.612
fa_sol                      0.000  126.187    5.982   23.198  155.368
fa_intra_rep                0.000    0.904    0.477    0.000    1.381
pro_close                   0.000    2.080    0.000    0.000    2.080
fa_pair                     0.000   -5.717    0.012   -1.738   -7.442
hbond_sr_bb                -7.703    0.000    0.000    0.000   -7.703
hbond_lr_bb               -26.662    0.000    0.000    0.000  -26.662
hbond_bb_sc                 0.000   -3.288    0.000   -0.107   -3.396
hbond_sc                    0.000   -0.007    0.000    0.000   -0.007
dslf_ss_dst                 0.000    0.000    0.000    0.000    0.000
dslf_cs_ang                 0.000    0.000    0.000    0.000    0.000
dslf_ss_dih                 0.000    0.000    0.000    0.000    0.000
dslf_ca_dih                 0.000    0.000    0.000    0.000    0.000
rama                        0.000   16.923    1.871    0.000   18.795
omega                       0.000    0.158    0.032    0.000    0.190
fa_dun                      0.000  119.636    8.790    0.000  128.426
p_aa_pp                     0.000  -10.049    0.944    0.000   -9.105
ref                         0.000  -20.890    0.590    0.000  -20.300
---------------------------------------------------------------------
Total                     -34.365   -2.016   11.810  -12.734  -37.306

core.pack.interaction_graph.interaction_graph_factory: Instantiating PDInteractionGraph
core.pack.pack_rotamers: built 7539 rotamers at 33 positions.
core.pack.pack_rotamers: IG: 79886508 bytes
app.sequence_tolerance: There are 1 positive states and 0 negative states
protocols.multistate_design.MultiStatePacker: Best single-state design score:   -64.44
app.sequence_tolerance: Adding single-state design entities:
app.sequence_tolerance: AA:106:T AA:107:S AA:108:T AA:109:F AA:110:V 
app.sequence_tolerance: Generation 1:
app.sequence_tolerance: Distinct new entities: 1999
app.sequence_tolerance: Duplicate new entities: 1
app.sequence_tolerance: Entities from previous generation: 0
app.sequence_tolerance: Entities resurrected from earlier generations: 0
app.sequence_tolerance: Fitness Percentiles: 0%=-64.4352 25%=-49.5808 50%=-28.0458 75%=288.678 100%=4567.4
app.sequence_tolerance: Best new entity:
MultiStateEntity with traits: AA:106:T AA:107:S AA:108:T AA:109:F AA:110:V and fitness -64.435
 SingleState 1 with fitness: -64.4352
app.sequence_tolerance: Generation 2:
app.sequence_tolerance: Distinct new entities: 1919
app.sequence_tolerance: Duplicate new entities: 6
app.sequence_tolerance: Entities from previous generation: 75
app.sequence_tolerance: Entities resurrected from earlier generations: 0
app.sequence_tolerance: Fitness Percentiles: 0%=-64.4352 25%=-52.7151 50%=-44.73 75%=-16.9315 100%=4223.97
app.sequence_tolerance: Best new entity:
MultiStateEntity with traits: AA:106:D AA:107:Y AA:108:E AA:109:A AA:110:V and fitness -62.791
 SingleState 1 with fitness: -62.791
app.sequence_tolerance: Generation 3:
app.sequence_tolerance: Distinct new entities: 1932
app.sequence_tolerance: Duplicate new entities: 2
app.sequence_tolerance: Entities from previous generation: 63
app.sequence_tolerance: Entities resurrected from earlier generations: 3
app.sequence_tolerance: Fitness Percentiles: 0%=-64.4352 25%=-54.2923 50%=-50.1554 75%=-32.7395 100%=2693.15
app.sequence_tolerance: Best new entity:
MultiStateEntity with traits: AA:106:K AA:107:Y AA:108:E AA:109:F AA:110:V and fitness -64.293
 SingleState 1 with fitness: -64.2929
app.sequence_tolerance: Generation 4:
app.sequence_tolerance: Distinct new entities: 1908
app.sequence_tolerance: Duplicate new entities: 3
app.sequence_tolerance: Entities from previous generation: 81
app.sequence_tolerance: Entities resurrected from earlier generations: 8
app.sequence_tolerance: Fitness Percentiles: 0%=-64.5872 25%=-55.2444 50%=-51.8091 75%=-40.3197 100%=2894.18
app.sequence_tolerance: Best new entity:
MultiStateEntity with traits: AA:106:E AA:107:Y AA:108:I AA:109:F AA:110:V and fitness -64.587
 SingleState 1 with fitness: -64.5872
app.sequence_tolerance: Generation 5:
app.sequence_tolerance: Distinct new entities: 1899
app.sequence_tolerance: Duplicate new entities: 2
app.sequence_tolerance: Entities from previous generation: 84
app.sequence_tolerance: Entities resurrected from earlier generations: 15
app.sequence_tolerance: Fitness Percentiles: 0%=-65.3649 25%=-55.7611 50%=-52.8204 75%=-45.1922 100%=2898.12
app.sequence_tolerance: Best new entity:
MultiStateEntity with traits: AA:106:N AA:107:Y AA:108:T AA:109:F AA:110:V and fitness -65.365
 SingleState 1 with fitness: -65.3649
app.sequence_tolerance: Evaluated 9657 sequences out of 2476099 possible.
Best sequences:
