core.init: Mini-Rosetta version 40577 from https://svn.rosettacommons.org/source/branches/releases/rosetta-3.2/rosetta_source
core.init: command: /netapp/home/colin/rosetta/rosetta-3.2/rosetta_source/bin/sequence_tolerance.linuxgccrelease -database /netapp/home/colin/rosetta/rosetta-3.2/rosetta_database -s 1N7T_0016_low.pdb -ex1 -ex2 -extrachi_cutoff 0 -seq_tol:fitness_master_weights 1 1 1 2 -ms:generations 5 -ms:pop_size 2000 -ms:pop_from_ss 1 -ms:checkpoint:prefix 1N7T_0016 -ms:checkpoint:interval 200 -ms:checkpoint:gz -ms:numresults 0 -out:prefix 1N7T_0016 -score:weights standard -score:patch score12 -score:ref_offsets HIS 1.2 -resfile /netapp/home/colin/backrub_seqtol/input_files/1N7T/1N7T_seqtol.resfile
core.init: 'RNG device' seed mode, using '/dev/urandom', seed=1749687581 seed_offset=0 real_seed=1749687581
core.init.random: RandomGenerator:init: Normal mode, seed=1749687581 RG_type=mt19937
core.pack.task: Packer task: initialize from command line() 
core.pack.task: Packer task: initialize from command line() 
core.scoring.ScoreFunctionFactory: SCOREFUNCTION: standard
core.scoring.ScoreFunctionFactory: SCOREFUNCTION PATCH: score12
core.scoring.etable: Starting energy table calculation
core.scoring.etable: smooth_etable: changing atr/rep split to bottom of energy well
core.scoring.etable: smooth_etable: spline smoothing lj etables (maxdis = 6)
core.scoring.etable: smooth_etable: spline smoothing solvation etables (max_dis = 6)
core.scoring.etable: Finished calculating energy tables.
core.io.database: Database file opened: /netapp/home/colin/rosetta/rosetta-3.2/rosetta_database/pdb_pair_stats_fine
core.io.database: Database file opened: /netapp/home/colin/rosetta/rosetta-3.2/rosetta_database/scoring/score_functions/hbonds/standard_params/HBPoly1D.csv
core.io.database: Database file opened: /netapp/home/colin/rosetta/rosetta-3.2/rosetta_database/scoring/score_functions/hbonds/standard_params/HBFadeIntervals.csv
core.io.database: Database file opened: /netapp/home/colin/rosetta/rosetta-3.2/rosetta_database/scoring/score_functions/hbonds/standard_params/HBEval.csv
core.io.database: Database file opened: /netapp/home/colin/rosetta/rosetta-3.2/rosetta_database/P_AA
core.io.database: Database file opened: /netapp/home/colin/rosetta/rosetta-3.2/rosetta_database/P_AA_n
core.io.database: Database file opened: /netapp/home/colin/rosetta/rosetta-3.2/rosetta_database/P_AA_pp
core.io.database: Database file opened: /netapp/home/colin/rosetta/rosetta-3.2/rosetta_database/Rama_smooth_dyn.dat_ss_6.4
core.scoring.dunbrack: Dunbrack library took 0.02 seconds to load from binary
app.sequence_tolerance: Residue Decomposition: [Set 1 (A): [1, 2, 3, 4, 5, 6, 7, 8, 9, 10, 11, 12, 13, 14, 15, 16, 17, 18, 19, 20, 21, 22, 23, 24, 25, 26, 27, 28, 29, 30, 31, 32, 33, 34, 35, 36, 37, 38, 39, 40, 41, 42, 43, 44, 45, 46, 47, 48, 49, 50, 51, 52, 53, 54, 55, 56, 57, 58, 59, 60, 61, 62, 63, 64, 65, 66, 67, 68, 69, 70, 71, 72, 73, 74, 75, 76, 77, 78, 79, 80, 81, 82, 83, 84, 85, 86, 87, 88, 89, 90, 91, 92, 93, 94, 95, 96, 97, 98, 99, 100, 101, 102, 103], Set 2 (B): [104, 105, 106, 107, 108, 109, 110]]
app.sequence_tolerance: Fitness Function Master Weights: [1, 1, 1, 2]
app.sequence_tolerance: Fitness of Starting Structure: 
---------------------------------------------------------------------
Score Type                  Other        A        B      A-B    Total
---------------------------------------------------------------------
fa_atr                      0.000 -258.148   -7.895  -50.355 -316.398
fa_rep                      0.000   43.968    0.671    8.440   53.079
fa_sol                      0.000  122.483    5.185   25.671  153.339
fa_intra_rep                0.000    0.815    0.103    0.000    0.918
pro_close                   0.000    1.548    0.000    0.000    1.548
fa_pair                     0.000   -5.439    0.010   -2.084   -7.513
hbond_sr_bb                -6.629    0.000    0.000    0.000   -6.629
hbond_lr_bb               -21.302    0.000    0.000    0.000  -21.302
hbond_bb_sc                 0.000   -3.962    0.000    0.000   -3.962
hbond_sc                    0.000   -0.088   -0.138   -3.646   -3.873
dslf_ss_dst                 0.000    0.000    0.000    0.000    0.000
dslf_cs_ang                 0.000    0.000    0.000    0.000    0.000
dslf_ss_dih                 0.000    0.000    0.000    0.000    0.000
dslf_ca_dih                 0.000    0.000    0.000    0.000    0.000
rama                        0.000   12.634    0.895    0.000   13.528
omega                       0.000    0.249    0.001    0.000    0.250
fa_dun                      0.000  109.347    6.396    0.000  115.743
p_aa_pp                     0.000  -10.541    0.334    0.000  -10.207
ref                         0.000  -20.890    0.590    0.000  -20.300
---------------------------------------------------------------------
Total                     -27.931   -8.026    6.151  -21.975  -51.781

core.pack.interaction_graph.interaction_graph_factory: Instantiating PDInteractionGraph
core.pack.pack_rotamers: built 7782 rotamers at 33 positions.
core.pack.pack_rotamers: IG: 76645716 bytes
app.sequence_tolerance: There are 1 positive states and 0 negative states
protocols.multistate_design.MultiStatePacker: Best single-state design score:   -62.88
app.sequence_tolerance: Adding single-state design entities:
app.sequence_tolerance: AA:106:T AA:107:E AA:108:D AA:109:W AA:110:V 
app.sequence_tolerance: Generation 1:
app.sequence_tolerance: Distinct new entities: 2000
app.sequence_tolerance: Duplicate new entities: 0
app.sequence_tolerance: Entities from previous generation: 0
app.sequence_tolerance: Entities resurrected from earlier generations: 0
app.sequence_tolerance: Fitness Percentiles: 0%=-62.8962 25%=-47.189 50%=-36.1269 75%=68.55 100%=1099.71
app.sequence_tolerance: Best new entity:
MultiStateEntity with traits: AA:106:T AA:107:E AA:108:D AA:109:W AA:110:V and fitness -62.896
 SingleState 1 with fitness: -62.8962
app.sequence_tolerance: Generation 2:
app.sequence_tolerance: Distinct new entities: 1933
app.sequence_tolerance: Duplicate new entities: 0
app.sequence_tolerance: Entities from previous generation: 67
app.sequence_tolerance: Entities resurrected from earlier generations: 0
app.sequence_tolerance: Fitness Percentiles: 0%=-62.8962 25%=-48.9642 50%=-44.702 75%=-26.1606 100%=1101.72
app.sequence_tolerance: Best new entity:
MultiStateEntity with traits: AA:106:Q AA:107:E AA:108:E AA:109:W AA:110:V and fitness -60.893
 SingleState 1 with fitness: -60.8934
app.sequence_tolerance: Generation 3:
app.sequence_tolerance: Distinct new entities: 1913
app.sequence_tolerance: Duplicate new entities: 3
app.sequence_tolerance: Entities from previous generation: 77
app.sequence_tolerance: Entities resurrected from earlier generations: 7
app.sequence_tolerance: Fitness Percentiles: 0%=-62.8962 25%=-50.2101 50%=-46.9376 75%=-39.6612 100%=1098.95
app.sequence_tolerance: Best new entity:
MultiStateEntity with traits: AA:106:T AA:107:E AA:108:Q AA:109:W AA:110:V and fitness -62.027
 SingleState 1 with fitness: -62.027
app.sequence_tolerance: Generation 4:
app.sequence_tolerance: Distinct new entities: 1894
app.sequence_tolerance: Duplicate new entities: 4
app.sequence_tolerance: Entities from previous generation: 97
app.sequence_tolerance: Entities resurrected from earlier generations: 5
app.sequence_tolerance: Fitness Percentiles: 0%=-62.8962 25%=-51.2554 50%=-48.356 75%=-43.7039 100%=1099.7
app.sequence_tolerance: Best new entity:
MultiStateEntity with traits: AA:106:T AA:107:E AA:108:T AA:109:W AA:110:V and fitness -62.375
 SingleState 1 with fitness: -62.3746
app.sequence_tolerance: Generation 5:
app.sequence_tolerance: Distinct new entities: 1912
app.sequence_tolerance: Duplicate new entities: 3
app.sequence_tolerance: Entities from previous generation: 75
app.sequence_tolerance: Entities resurrected from earlier generations: 10
app.sequence_tolerance: Fitness Percentiles: 0%=-62.8962 25%=-52.1455 50%=-49.3022 75%=-45.0612 100%=1101.03
app.sequence_tolerance: Best new entity:
MultiStateEntity with traits: AA:106:E AA:107:E AA:108:Q AA:109:W AA:110:V and fitness -61.475
 SingleState 1 with fitness: -61.4747
app.sequence_tolerance: Evaluated 9652 sequences out of 2476099 possible.
Best sequences:
