Residue_number	Residue_type	Prediction	Order_score	Average_raw_score
1		ALA		O		-0.852347	0.555865
2		LYS		O		-0.772521	0.0960796
3		LEU		O		-0.90116	-1.25303
4		ASN		O		-1.07841	-1.09288
5		GLU		O		-1.02359	-2.44033
6		SER		O		-1.0717	-0.979781
7		HIS		O		-1.18631	-0.293565
8		ARG		O		-1.30082	-1.80164
9		LEU		O		-1.29743	-2.49642
10		HIS		O		-1.37632	-0.530222
11		GLN		O		-1.33657	-1.55277
12		PHE		O		-1.34652	-0.704913
13		PHE		O		-1.48129	-1.16342
14		ARG		O		-1.43439	-1.21582
15		ASP		O		-1.36608	-1.96069
16		MET		O		-1.38105	-2.00308
17		ASP		O		-1.23779	-1.0892
18		ASP		O		-1.37179	-1.77605
19		GLU		O		-1.47603	-1.28569
20		GLU		O		-1.47141	-1.74505
21		SER		O		-1.49373	-0.694904
22		TRP		O		-1.36865	0.0231109
23		ILE		O		-1.31591	-2.17885
24		LYS		O		-1.1785	-2.3101
25		GLU		O		-1.13326	-1.16496
26		LYS		O		-1.04531	-2.20624
27		LYS		O		-1.0569	-0.627179
28		LEU		O		-1.16901	-0.50911
29		LEU		O		-1.08452	-0.264477
30		VAL		D		-0.885677	-0.788097
31		SER		D		-0.909165	-0.777604
32		SER		D		-0.677972	-0.822395
33		GLU		D		-0.731754	-1.21012
34		ASP		D		-0.629937	-1.24942
35		TYR		D		-0.627423	-0.122842
36		GLY		D		-0.625362	-1.42333
37		ARG		D		-0.682786	0.336892
38		ASP		D		-0.774937	-1.21879
39		LEU		D		-0.808377	0.610879
40		ARG		D		-0.877786	-0.23682
41		GLY		O		-1.04401	-0.765431
42		VAL		O		-1.05587	-1.40926
43		GLN		O		-1.24295	-1.83606
44		ASN		O		-1.21974	-1.57796
45		LEU		O		-1.38228	-2.01293
46		ARG		O		-1.41926	-1.95127
47		LYS		O		-1.54587	-1.55381
48		LYS		O		-1.58624	-1.721
49		HIS		O		-1.53966	-0.963479
50		LYS		O		-1.61147	-1.17712
51		ARG		O		-1.59354	-0.643508
52		LEU		O		-1.49507	-2.15814
53		GLU		O		-1.43472	-1.85333
54		ALA		O		-1.38557	-1.32374
55		GLU		O		-1.27556	-2.36782
56		LEU		O		-1.1993	-1.81568
57		ALA		O		-1.20514	-0.868171
58		ALA		O		-1.12458	-0.889931
59		HIS		O		-1.06076	-1.18032
60		GLU		D		-0.978159	0.246658
61		PRO		D		-0.894593	-0.338302
62		ALA		D		-0.844851	-0.707722
63		ILE		D		-0.918291	-1.27199
64		GLN		O		-1.00802	-1.1513
65		GLY		D		-0.986923	-0.415175
66		VAL		O		-1.10468	-1.4486
67		LEU		O		-1.19646	-1.26852
68		ASP		O		-1.36685	-1.67601
69		ARG		O		-1.32831	-1.8769
70		GLY		O		-1.30497	-0.948294
71		LYS		O		-1.40645	-1.04863
72		LYS		O		-1.33103	-1.34792
73		LEU		O		-1.20321	-2.58203
74		SER		D		-0.933005	-0.847988
75		ASP		D		-0.760627	-0.894539
76		ASP		D		-0.751944	-1.53148
77		ASN		D		-0.7079	-0.619031
78		ARG		D		-0.744127	0.137498
79		ILE		D		-0.682443	1.29627
80		GLY		D		-0.754727	0.019257
81		LYS		D		-0.772842	-0.852791
82		GLU		D		-0.876679	-0.564137
83		GLU		D		-0.9996	-1.74642
84		ILE		O		-1.10279	-1.90352
85		GLN		O		-1.38654	-1.64311
86		GLN		O		-1.54686	-1.0938
87		ARG		O		-1.55719	-2.67369
88		LEU		O		-1.66634	-1.97116
89		ALA		O		-1.61111	-0.997619
90		GLN		O		-1.54122	-1.82493
91		PHE		O		-1.5581	-1.74433
92		VAL		O		-1.65318	-0.966396
93		ASP		O		-1.61454	-1.76476
94		HIS		O		-1.59583	-1.1389
95		TRP		O		-1.61086	-1.13476
96		LYS		O		-1.6238	-1.82872
97		GLU		O		-1.63275	-2.13967
98		LEU		O		-1.6027	-2.24865
99		LYS		O		-1.49512	-1.76536
100		GLN		O		-1.52381	-1.16301
101		LEU		O		-1.4995	-1.96718
102		ALA		O		-1.37515	-1.84286
103		ALA		O		-1.1931	-0.635786
104		ALA		O		-1.09322	-0.581427
105		ARG		O		-0.970067	-1.45446
106		GLY		O		-0.950773	-0.86736
107		GLN		O		-0.837839	-0.460919
108		ARG		O		-0.712211	-0.137088
109		LEU		O		-0.723128	-1.14995
110		GLU		O		-0.746745	-0.410692
