core.init: Mini-Rosetta version 40577 from https://svn.rosettacommons.org/source/branches/releases/rosetta-3.2/rosetta_source
core.init: command: /netapp/home/colin/rosetta/rosetta-3.2/rosetta_source/bin/sequence_tolerance.linuxgccrelease -database /netapp/home/colin/rosetta/rosetta-3.2/rosetta_database -s 1A22_3_0012_low.pdb -ex1 -ex2 -extrachi_cutoff 0 -seq_tol:fitness_master_weights 1 1 1 2 -ms:generations 5 -ms:pop_size 2000 -ms:pop_from_ss 1 -ms:checkpoint:prefix 1A22_3_0012 -ms:checkpoint:interval 200 -ms:checkpoint:gz -ms:numresults 0 -out:prefix 1A22_3_0012 -score:weights standard -score:patch score12 -score:ref_offsets HIS 1.2 -resfile /netapp/home/colin/backrub_seqtol/input_files/1A22_3/1A22_3_seqtol.resfile
core.init: 'RNG device' seed mode, using '/dev/urandom', seed=-408945734 seed_offset=0 real_seed=-408945734
core.init.random: RandomGenerator:init: Normal mode, seed=-408945734 RG_type=mt19937
core.conformation.Conformation: Found disulfide between residues 53 154
core.conformation.Conformation: current variant for 53 CYS
core.conformation.Conformation: current variant for 154 CYS
core.conformation.Conformation: current variant for 53 CYD
core.conformation.Conformation: current variant for 154 CYD
core.conformation.Conformation: Found disulfide between residues 171 178
core.conformation.Conformation: current variant for 171 CYS
core.conformation.Conformation: current variant for 178 CYS
core.conformation.Conformation: current variant for 171 CYD
core.conformation.Conformation: current variant for 178 CYD
core.conformation.Conformation: Found disulfide between residues 186 196
core.conformation.Conformation: current variant for 186 CYS
core.conformation.Conformation: current variant for 196 CYS
core.conformation.Conformation: current variant for 186 CYD
core.conformation.Conformation: current variant for 196 CYD
core.conformation.Conformation: Found disulfide between residues 222 233
core.conformation.Conformation: current variant for 222 CYS
core.conformation.Conformation: current variant for 233 CYS
core.conformation.Conformation: current variant for 222 CYD
core.conformation.Conformation: current variant for 233 CYD
core.conformation.Conformation: Found disulfide between residues 247 261
core.conformation.Conformation: current variant for 247 CYS
core.conformation.Conformation: current variant for 261 CYS
core.conformation.Conformation: current variant for 247 CYD
core.conformation.Conformation: current variant for 261 CYD
core.pack.task: Packer task: initialize from command line() 
core.pack.task: Packer task: initialize from command line() 
core.scoring.ScoreFunctionFactory: SCOREFUNCTION: standard
core.scoring.ScoreFunctionFactory: SCOREFUNCTION PATCH: score12
core.scoring.etable: Starting energy table calculation
core.scoring.etable: smooth_etable: changing atr/rep split to bottom of energy well
core.scoring.etable: smooth_etable: spline smoothing lj etables (maxdis = 6)
core.scoring.etable: smooth_etable: spline smoothing solvation etables (max_dis = 6)
core.scoring.etable: Finished calculating energy tables.
core.io.database: Database file opened: /netapp/home/colin/rosetta/rosetta-3.2/rosetta_database/pdb_pair_stats_fine
core.io.database: Database file opened: /netapp/home/colin/rosetta/rosetta-3.2/rosetta_database/scoring/score_functions/hbonds/standard_params/HBPoly1D.csv
core.io.database: Database file opened: /netapp/home/colin/rosetta/rosetta-3.2/rosetta_database/scoring/score_functions/hbonds/standard_params/HBFadeIntervals.csv
core.io.database: Database file opened: /netapp/home/colin/rosetta/rosetta-3.2/rosetta_database/scoring/score_functions/hbonds/standard_params/HBEval.csv
core.io.database: Database file opened: /netapp/home/colin/rosetta/rosetta-3.2/rosetta_database/P_AA
core.io.database: Database file opened: /netapp/home/colin/rosetta/rosetta-3.2/rosetta_database/P_AA_n
core.io.database: Database file opened: /netapp/home/colin/rosetta/rosetta-3.2/rosetta_database/P_AA_pp
core.io.database: Database file opened: /netapp/home/colin/rosetta/rosetta-3.2/rosetta_database/Rama_smooth_dyn.dat_ss_6.4
core.io.database: Database file opened: /netapp/home/colin/rosetta/rosetta-3.2/rosetta_database/scoring/score_functions/disulfides/fa_SS_distance_score
core.scoring.dunbrack: Dunbrack library took 0.01 seconds to load from binary
app.sequence_tolerance: Residue Decomposition: [Set 1 (A): [1, 2, 3, 4, 5, 6, 7, 8, 9, 10, 11, 12, 13, 14, 15, 16, 17, 18, 19, 20, 21, 22, 23, 24, 25, 26, 27, 28, 29, 30, 31, 32, 33, 34, 35, 36, 37, 38, 39, 40, 41, 42, 43, 44, 45, 46, 47, 48, 49, 50, 51, 52, 53, 54, 55, 56, 57, 58, 59, 60, 61, 62, 63, 64, 65, 66, 67, 68, 69, 70, 71, 72, 73, 74, 75, 76, 77, 78, 79, 80, 81, 82, 83, 84, 85, 86, 87, 88, 89, 90, 91, 92, 93, 94, 95, 96, 97, 98, 99, 100, 101, 102, 103, 104, 105, 106, 107, 108, 109, 110, 111, 112, 113, 114, 115, 116, 117, 118, 119, 120, 121, 122, 123, 124, 125, 126, 127, 128, 129, 130, 131, 132, 133, 134, 135, 136, 137, 138, 139, 140, 141, 142, 143, 144, 145, 146, 147, 148, 149, 150, 151, 152, 153, 154, 155, 156, 157, 158, 159, 160, 161, 162, 163, 164, 165, 166, 167, 168, 169, 170, 171, 172, 173, 174, 175, 176, 177, 178, 179, 180], Set 2 (B): [181, 182, 183, 184, 185, 186, 187, 188, 189, 190, 191, 192, 193, 194, 195, 196, 197, 198, 199, 200, 201, 202, 203, 204, 205, 206, 207, 208, 209, 210, 211, 212, 213, 214, 215, 216, 217, 218, 219, 220, 221, 222, 223, 224, 225, 226, 227, 228, 229, 230, 231, 232, 233, 234, 235, 236, 237, 238, 239, 240, 241, 242, 243, 244, 245, 246, 247, 248, 249, 250, 251, 252, 253, 254, 255, 256, 257, 258, 259, 260, 261, 262, 263, 264, 265, 266, 267, 268, 269, 270, 271, 272, 273, 274, 275, 276, 277, 278, 279, 280, 281, 282, 283, 284, 285, 286, 287, 288, 289, 290, 291, 292, 293, 294, 295, 296, 297, 298, 299, 300, 301, 302, 303, 304, 305, 306, 307, 308, 309, 310, 311, 312, 313, 314, 315, 316, 317, 318, 319, 320, 321, 322, 323, 324, 325, 326, 327, 328, 329, 330, 331, 332, 333, 334, 335, 336, 337, 338, 339, 340, 341, 342, 343, 344, 345, 346, 347, 348, 349, 350, 351, 352, 353, 354, 355, 356, 357, 358, 359, 360, 361, 362, 363, 364, 365, 366, 367, 368, 369, 370, 371, 372]]
app.sequence_tolerance: Fitness Function Master Weights: [1, 1, 1, 2]
app.sequence_tolerance: Fitness of Starting Structure: 
---------------------------------------------------------------------
Score Type                  Other        A        B      A-B    Total
---------------------------------------------------------------------
fa_atr                      0.000 -669.022 -650.188 -110.631-1429.840
fa_rep                      0.000  122.848  135.395   10.234  268.477
fa_sol                      0.000  326.087  325.316   70.619  722.022
fa_intra_rep                0.000    2.241    2.073    0.000    4.314
pro_close                   0.000    8.014   44.856    0.000   52.870
fa_pair                     0.000  -12.952  -11.769  -11.105  -35.826
hbond_sr_bb               -77.877    0.000    0.000    0.000  -77.877
hbond_lr_bb               -77.756    0.000    0.000    0.000  -77.756
hbond_bb_sc                 0.000   -4.000  -17.006   -3.170  -24.176
hbond_sc                    0.000   -4.782   -4.007   -5.681  -14.469
dslf_ss_dst                 0.000   -3.342   -4.227    0.000   -7.569
dslf_cs_ang                 0.000    3.799    7.501    0.000   11.300
dslf_ss_dih                 0.000    0.940    0.933    0.000    1.872
dslf_ca_dih                 0.000    0.260    0.148    0.000    0.408
rama                        0.000    3.319   16.042    0.000   19.361
omega                       0.000   40.281   39.611    0.000   79.893
fa_dun                      0.000  210.643  227.715    0.000  438.359
p_aa_pp                     0.000   -9.193   -8.681    0.000  -17.875
ref                         0.000  -37.120  -28.620    0.000  -65.740
---------------------------------------------------------------------
Total                    -155.633  -21.980   75.093  -49.734 -152.254

core.pack.interaction_graph.interaction_graph_factory: Instantiating PDInteractionGraph
core.pack.pack_rotamers: built 11973 rotamers at 104 positions.
core.pack.pack_rotamers: IG: 61516608 bytes
app.sequence_tolerance: There are 1 positive states and 0 negative states
protocols.multistate_design.MultiStatePacker: Best single-state design score:  -204.74
app.sequence_tolerance: Adding single-state design entities:
app.sequence_tolerance: AA:21:S AA:29:K AA:45:L AA:60:T AA:67:A AA:167:A 
app.sequence_tolerance: Generation 1:
app.sequence_tolerance: Distinct new entities: 2000
app.sequence_tolerance: Duplicate new entities: 0
app.sequence_tolerance: Entities from previous generation: 0
app.sequence_tolerance: Entities resurrected from earlier generations: 0
app.sequence_tolerance: Fitness Percentiles: 0%=-206.005 25%=-179.164 50%=-142.681 75%=156.117 100%=1941.34
app.sequence_tolerance: Best new entity:
MultiStateEntity with traits: AA:21:D AA:29:A AA:45:L AA:60:T AA:67:T AA:167:Q and fitness -206.005
 SingleState 1 with fitness: -206.005
app.sequence_tolerance: Generation 2:
app.sequence_tolerance: Distinct new entities: 1951
app.sequence_tolerance: Duplicate new entities: 0
app.sequence_tolerance: Entities from previous generation: 49
app.sequence_tolerance: Entities resurrected from earlier generations: 0
app.sequence_tolerance: Fitness Percentiles: 0%=-206.005 25%=-186.696 50%=-168.909 75%=-103.242 100%=1776.59
app.sequence_tolerance: Best new entity:
MultiStateEntity with traits: AA:21:S AA:29:K AA:45:L AA:60:T AA:67:S AA:167:A and fitness -203.841
 SingleState 1 with fitness: -203.841
app.sequence_tolerance: Generation 3:
app.sequence_tolerance: Distinct new entities: 1954
app.sequence_tolerance: Duplicate new entities: 2
app.sequence_tolerance: Entities from previous generation: 43
app.sequence_tolerance: Entities resurrected from earlier generations: 1
app.sequence_tolerance: Fitness Percentiles: 0%=-207.681 25%=-189.967 50%=-179.369 75%=-151.53 100%=1753.17
app.sequence_tolerance: Best new entity:
MultiStateEntity with traits: AA:21:A AA:29:Q AA:45:L AA:60:T AA:67:A AA:167:S and fitness -207.681
 SingleState 1 with fitness: -207.681
app.sequence_tolerance: Generation 4:
app.sequence_tolerance: Distinct new entities: 1941
app.sequence_tolerance: Duplicate new entities: 3
app.sequence_tolerance: Entities from previous generation: 53
app.sequence_tolerance: Entities resurrected from earlier generations: 3
app.sequence_tolerance: Fitness Percentiles: 0%=-207.681 25%=-191.726 50%=-184.257 75%=-162.246 100%=1798.47
app.sequence_tolerance: Best new entity:
MultiStateEntity with traits: AA:21:Q AA:29:K AA:45:F AA:60:V AA:67:G AA:167:R and fitness -204.562
 SingleState 1 with fitness: -204.562
app.sequence_tolerance: Generation 5:
app.sequence_tolerance: Distinct new entities: 1957
app.sequence_tolerance: Duplicate new entities: 3
app.sequence_tolerance: Entities from previous generation: 39
app.sequence_tolerance: Entities resurrected from earlier generations: 1
app.sequence_tolerance: Fitness Percentiles: 0%=-207.681 25%=-193.027 50%=-186.899 75%=-169.419 100%=1598.59
app.sequence_tolerance: Best new entity:
MultiStateEntity with traits: AA:21:S AA:29:R AA:45:F AA:60:M AA:67:A AA:167:A and fitness -204.762
 SingleState 1 with fitness: -204.762
app.sequence_tolerance: Evaluated 9803 sequences out of 47045881 possible.
Best sequences:
