core.init: Mini-Rosetta version 40577 from https://svn.rosettacommons.org/source/branches/releases/rosetta-3.2/rosetta_source
core.init: command: /netapp/home/colin/rosetta/rosetta-3.2/rosetta_source/bin/sequence_tolerance.linuxgccrelease -database /netapp/home/colin/rosetta/rosetta-3.2/rosetta_database -s 1A22_3_0006_low.pdb -ex1 -ex2 -extrachi_cutoff 0 -seq_tol:fitness_master_weights 1 1 1 2 -ms:generations 5 -ms:pop_size 2000 -ms:pop_from_ss 1 -ms:checkpoint:prefix 1A22_3_0006 -ms:checkpoint:interval 200 -ms:checkpoint:gz -ms:numresults 0 -out:prefix 1A22_3_0006 -score:weights standard -score:patch score12 -score:ref_offsets HIS 1.2 -resfile /netapp/home/colin/backrub_seqtol/input_files/1A22_3/1A22_3_seqtol.resfile
core.init: 'RNG device' seed mode, using '/dev/urandom', seed=-2097742657 seed_offset=0 real_seed=-2097742657
core.init.random: RandomGenerator:init: Normal mode, seed=-2097742657 RG_type=mt19937
core.conformation.Conformation: Found disulfide between residues 53 154
core.conformation.Conformation: current variant for 53 CYS
core.conformation.Conformation: current variant for 154 CYS
core.conformation.Conformation: current variant for 53 CYD
core.conformation.Conformation: current variant for 154 CYD
core.conformation.Conformation: Found disulfide between residues 171 178
core.conformation.Conformation: current variant for 171 CYS
core.conformation.Conformation: current variant for 178 CYS
core.conformation.Conformation: current variant for 171 CYD
core.conformation.Conformation: current variant for 178 CYD
core.conformation.Conformation: Found disulfide between residues 186 196
core.conformation.Conformation: current variant for 186 CYS
core.conformation.Conformation: current variant for 196 CYS
core.conformation.Conformation: current variant for 186 CYD
core.conformation.Conformation: current variant for 196 CYD
core.conformation.Conformation: Found disulfide between residues 222 233
core.conformation.Conformation: current variant for 222 CYS
core.conformation.Conformation: current variant for 233 CYS
core.conformation.Conformation: current variant for 222 CYD
core.conformation.Conformation: current variant for 233 CYD
core.conformation.Conformation: Found disulfide between residues 247 261
core.conformation.Conformation: current variant for 247 CYS
core.conformation.Conformation: current variant for 261 CYS
core.conformation.Conformation: current variant for 247 CYD
core.conformation.Conformation: current variant for 261 CYD
core.pack.task: Packer task: initialize from command line() 
core.pack.task: Packer task: initialize from command line() 
core.scoring.ScoreFunctionFactory: SCOREFUNCTION: standard
core.scoring.ScoreFunctionFactory: SCOREFUNCTION PATCH: score12
core.scoring.etable: Starting energy table calculation
core.scoring.etable: smooth_etable: changing atr/rep split to bottom of energy well
core.scoring.etable: smooth_etable: spline smoothing lj etables (maxdis = 6)
core.scoring.etable: smooth_etable: spline smoothing solvation etables (max_dis = 6)
core.scoring.etable: Finished calculating energy tables.
core.io.database: Database file opened: /netapp/home/colin/rosetta/rosetta-3.2/rosetta_database/pdb_pair_stats_fine
core.io.database: Database file opened: /netapp/home/colin/rosetta/rosetta-3.2/rosetta_database/scoring/score_functions/hbonds/standard_params/HBPoly1D.csv
core.io.database: Database file opened: /netapp/home/colin/rosetta/rosetta-3.2/rosetta_database/scoring/score_functions/hbonds/standard_params/HBFadeIntervals.csv
core.io.database: Database file opened: /netapp/home/colin/rosetta/rosetta-3.2/rosetta_database/scoring/score_functions/hbonds/standard_params/HBEval.csv
core.io.database: Database file opened: /netapp/home/colin/rosetta/rosetta-3.2/rosetta_database/P_AA
core.io.database: Database file opened: /netapp/home/colin/rosetta/rosetta-3.2/rosetta_database/P_AA_n
core.io.database: Database file opened: /netapp/home/colin/rosetta/rosetta-3.2/rosetta_database/P_AA_pp
core.io.database: Database file opened: /netapp/home/colin/rosetta/rosetta-3.2/rosetta_database/Rama_smooth_dyn.dat_ss_6.4
core.io.database: Database file opened: /netapp/home/colin/rosetta/rosetta-3.2/rosetta_database/scoring/score_functions/disulfides/fa_SS_distance_score
core.scoring.dunbrack: Dunbrack library took 0.03 seconds to load from binary
app.sequence_tolerance: Residue Decomposition: [Set 1 (A): [1, 2, 3, 4, 5, 6, 7, 8, 9, 10, 11, 12, 13, 14, 15, 16, 17, 18, 19, 20, 21, 22, 23, 24, 25, 26, 27, 28, 29, 30, 31, 32, 33, 34, 35, 36, 37, 38, 39, 40, 41, 42, 43, 44, 45, 46, 47, 48, 49, 50, 51, 52, 53, 54, 55, 56, 57, 58, 59, 60, 61, 62, 63, 64, 65, 66, 67, 68, 69, 70, 71, 72, 73, 74, 75, 76, 77, 78, 79, 80, 81, 82, 83, 84, 85, 86, 87, 88, 89, 90, 91, 92, 93, 94, 95, 96, 97, 98, 99, 100, 101, 102, 103, 104, 105, 106, 107, 108, 109, 110, 111, 112, 113, 114, 115, 116, 117, 118, 119, 120, 121, 122, 123, 124, 125, 126, 127, 128, 129, 130, 131, 132, 133, 134, 135, 136, 137, 138, 139, 140, 141, 142, 143, 144, 145, 146, 147, 148, 149, 150, 151, 152, 153, 154, 155, 156, 157, 158, 159, 160, 161, 162, 163, 164, 165, 166, 167, 168, 169, 170, 171, 172, 173, 174, 175, 176, 177, 178, 179, 180], Set 2 (B): [181, 182, 183, 184, 185, 186, 187, 188, 189, 190, 191, 192, 193, 194, 195, 196, 197, 198, 199, 200, 201, 202, 203, 204, 205, 206, 207, 208, 209, 210, 211, 212, 213, 214, 215, 216, 217, 218, 219, 220, 221, 222, 223, 224, 225, 226, 227, 228, 229, 230, 231, 232, 233, 234, 235, 236, 237, 238, 239, 240, 241, 242, 243, 244, 245, 246, 247, 248, 249, 250, 251, 252, 253, 254, 255, 256, 257, 258, 259, 260, 261, 262, 263, 264, 265, 266, 267, 268, 269, 270, 271, 272, 273, 274, 275, 276, 277, 278, 279, 280, 281, 282, 283, 284, 285, 286, 287, 288, 289, 290, 291, 292, 293, 294, 295, 296, 297, 298, 299, 300, 301, 302, 303, 304, 305, 306, 307, 308, 309, 310, 311, 312, 313, 314, 315, 316, 317, 318, 319, 320, 321, 322, 323, 324, 325, 326, 327, 328, 329, 330, 331, 332, 333, 334, 335, 336, 337, 338, 339, 340, 341, 342, 343, 344, 345, 346, 347, 348, 349, 350, 351, 352, 353, 354, 355, 356, 357, 358, 359, 360, 361, 362, 363, 364, 365, 366, 367, 368, 369, 370, 371, 372]]
app.sequence_tolerance: Fitness Function Master Weights: [1, 1, 1, 2]
app.sequence_tolerance: Fitness of Starting Structure: 
---------------------------------------------------------------------
Score Type                  Other        A        B      A-B    Total
---------------------------------------------------------------------
fa_atr                      0.000 -685.556 -655.943 -115.658-1457.157
fa_rep                      0.000  134.000  148.230   17.629  299.859
fa_sol                      0.000  333.976  323.460   72.359  729.796
fa_intra_rep                0.000    2.143    2.274    0.000    4.417
pro_close                   0.000    8.083   44.914    0.000   52.997
fa_pair                     0.000  -13.526   -8.996  -11.202  -33.724
hbond_sr_bb               -76.378    0.000    0.000    0.000  -76.378
hbond_lr_bb               -78.982    0.000    0.000    0.000  -78.982
hbond_bb_sc                 0.000   -4.505  -14.397   -3.043  -21.945
hbond_sc                    0.000   -4.099   -3.451   -2.525  -10.075
dslf_ss_dst                 0.000   -3.474   -1.781    0.000   -5.254
dslf_cs_ang                 0.000    6.107    4.409    0.000   10.516
dslf_ss_dih                 0.000    0.292    2.444    0.000    2.736
dslf_ca_dih                 0.000    0.257    0.075    0.000    0.332
rama                        0.000    5.795   18.383    0.000   24.178
omega                       0.000   40.304   39.631    0.000   79.935
fa_dun                      0.000  206.816  246.779    0.000  453.594
p_aa_pp                     0.000   -9.020   -8.100    0.000  -17.120
ref                         0.000  -37.120  -28.620    0.000  -65.740
---------------------------------------------------------------------
Total                    -155.360  -19.528  109.311  -42.440 -108.017

core.pack.interaction_graph.interaction_graph_factory: Instantiating PDInteractionGraph
core.pack.pack_rotamers: built 12231 rotamers at 104 positions.
core.pack.pack_rotamers: IG: 64043064 bytes
app.sequence_tolerance: There are 1 positive states and 0 negative states
protocols.multistate_design.MultiStatePacker: Best single-state design score:  -172.74
app.sequence_tolerance: Adding single-state design entities:
app.sequence_tolerance: AA:21:L AA:29:K AA:45:L AA:60:T AA:67:A AA:167:A 
app.sequence_tolerance: Generation 1:
app.sequence_tolerance: Distinct new entities: 1999
app.sequence_tolerance: Duplicate new entities: 1
app.sequence_tolerance: Entities from previous generation: 0
app.sequence_tolerance: Entities resurrected from earlier generations: 0
app.sequence_tolerance: Fitness Percentiles: 0%=-175.033 25%=-139.478 50%=-81.8644 75%=159.223 100%=1664.06
app.sequence_tolerance: Best new entity:
MultiStateEntity with traits: AA:21:L AA:29:K AA:45:L AA:60:T AA:67:A AA:167:A and fitness -175.033
 SingleState 1 with fitness: -175.033
app.sequence_tolerance: Generation 2:
app.sequence_tolerance: Distinct new entities: 1941
app.sequence_tolerance: Duplicate new entities: 1
app.sequence_tolerance: Entities from previous generation: 58
app.sequence_tolerance: Entities resurrected from earlier generations: 0
app.sequence_tolerance: Fitness Percentiles: 0%=-175.033 25%=-151.991 50%=-129.445 75%=-0.364367 100%=1309.17
app.sequence_tolerance: Best new entity:
MultiStateEntity with traits: AA:21:E AA:29:K AA:45:L AA:60:T AA:67:A AA:167:A and fitness -174.590
 SingleState 1 with fitness: -174.59
app.sequence_tolerance: Generation 3:
app.sequence_tolerance: Distinct new entities: 1953
app.sequence_tolerance: Duplicate new entities: 1
app.sequence_tolerance: Entities from previous generation: 45
app.sequence_tolerance: Entities resurrected from earlier generations: 1
app.sequence_tolerance: Fitness Percentiles: 0%=-175.033 25%=-156.839 50%=-141.186 75%=-105.432 100%=1406.51
app.sequence_tolerance: Best new entity:
MultiStateEntity with traits: AA:21:L AA:29:K AA:45:L AA:60:T AA:67:A AA:167:M and fitness -173.094
 SingleState 1 with fitness: -173.094
app.sequence_tolerance: Generation 4:
app.sequence_tolerance: Distinct new entities: 1960
app.sequence_tolerance: Duplicate new entities: 1
app.sequence_tolerance: Entities from previous generation: 37
app.sequence_tolerance: Entities resurrected from earlier generations: 2
app.sequence_tolerance: Fitness Percentiles: 0%=-175.059 25%=-158.658 50%=-148.66 75%=-123.204 100%=1444.24
app.sequence_tolerance: Best new entity:
MultiStateEntity with traits: AA:21:L AA:29:K AA:45:L AA:60:T AA:67:T AA:167:A and fitness -175.059
 SingleState 1 with fitness: -175.059
app.sequence_tolerance: Generation 5:
app.sequence_tolerance: Distinct new entities: 1948
app.sequence_tolerance: Duplicate new entities: 2
app.sequence_tolerance: Entities from previous generation: 49
app.sequence_tolerance: Entities resurrected from earlier generations: 1
app.sequence_tolerance: Fitness Percentiles: 0%=-175.059 25%=-160.36 50%=-152.029 75%=-127.662 100%=1336.05
app.sequence_tolerance: Best new entity:
MultiStateEntity with traits: AA:21:Q AA:29:K AA:45:L AA:60:T AA:67:A AA:167:A and fitness -171.479
 SingleState 1 with fitness: -171.479
app.sequence_tolerance: Evaluated 9801 sequences out of 47045881 possible.
Best sequences:
