+ NSLOTS=96
+ module load openmpi/gcc
++ /cm/local/apps/environment-modules/3.2.6//Modules/3.2.6/bin/modulecmd bash load openmpi/gcc
+ eval
++ echo 18208
++ awk -v FS=. '{print $1}'
+ LOGS=logs_18208
+ mkdir -p logs_18208
++ echo 96
++ awk '{print $1-3}'
+ NSTRUCT=93
+ echo 'running on 96 cpus ...'
running on 96 cpus ...
+ EXE=/home/zhezhang/rosetta_vanilla/rosetta_source/bin/docking_protocol.mpi.linuxgccrelease
+ CMDLINE='-out:file:silent dummy.out -out:level 300 -mute all_high_mpi_rank_filebuf -out:mpi_tracer_to_file logs_18208/log -database /home/zhezhang/rosetta_vanilla/rosetta_database  @flags_docking_centroid @flags_rosetta_dock'
+ /cm/shared/apps/openmpi/gcc/64/1.4.4/bin/mpirun -n 96 /home/zhezhang/rosetta_vanilla/rosetta_source/bin/docking_protocol.mpi.linuxgccrelease -out:file:silent dummy.out -out:level 300 -mute all_high_mpi_rank_filebuf -out:mpi_tracer_to_file logs_18208/log -database /home/zhezhang/rosetta_vanilla/rosetta_database @flags_docking_centroid @flags_rosetta_dock
core.init: (0) Mini-Rosetta version 51211M from https://svn.rosettacommons.org/source/trunk/rosetta/rosetta_source
core.init: (0) command: /home/zhezhang/rosetta_vanilla/rosetta_source/bin/docking_protocol.mpi.linuxgccrelease -out:file:silent dummy.out -out:level 300 -mute all_high_mpi_rank_filebuf -out:mpi_tracer_to_file logs_18208/log -database /home/zhezhang/rosetta_vanilla/rosetta_database @flags_docking_centroid @flags_rosetta_dock
core.init: (2) Mini-Rosetta version 51211M from https://svn.rosettacommons.org/source/trunk/rosetta/rosetta_source
core.init: (2) command: /home/zhezhang/rosetta_vanilla/rosetta_source/bin/docking_protocol.mpi.linuxgccrelease -out:file:silent dummy.out -out:level 300 -mute all_high_mpi_rank_filebuf -out:mpi_tracer_to_file logs_18208/log -database /home/zhezhang/rosetta_vanilla/rosetta_database @flags_docking_centroid @flags_rosetta_dock
core.init: (3) Mini-Rosetta version 51211M from https://svn.rosettacommons.org/source/trunk/rosetta/rosetta_source
core.init: (3) command: /home/zhezhang/rosetta_vanilla/rosetta_source/bin/docking_protocol.mpi.linuxgccrelease -out:file:silent dummy.out -out:level 300 -mute all_high_mpi_rank_filebuf -out:mpi_tracer_to_file logs_18208/log -database /home/zhezhang/rosetta_vanilla/rosetta_database @flags_docking_centroid @flags_rosetta_dock
core.init: (1) Mini-Rosetta version 51211M from https://svn.rosettacommons.org/source/trunk/rosetta/rosetta_source
core.init: (1) command: /home/zhezhang/rosetta_vanilla/rosetta_source/bin/docking_protocol.mpi.linuxgccrelease -out:file:silent dummy.out -out:level 300 -mute all_high_mpi_rank_filebuf -out:mpi_tracer_to_file logs_18208/log -database /home/zhezhang/rosetta_vanilla/rosetta_database @flags_docking_centroid @flags_rosetta_dock
WARNING: Override of option -out:file:silent sets a different value
